Mplus VERSION 8.3
MUTHEN & MUTHEN
12/02/2020   6:46 PM

INPUT INSTRUCTIONS

  TITLE:
      Financial literacy single-level only


  DATA:
      file = "C:\Users\Tony\implist.dat";

      type = imputation;


  VARIABLE:
      names =
          FKI CNTRYID CNTSCHID CNTSTUID W_STU
          MATH READ FLIT              ! Financial literacy
          MALE IMMI1GEN IMMI2GEN ESCS ! Control variables
          FCFMLRTY FLCONFIN           ! Mediators
          PERFEED TEACHINT FLSCHOOL   ! Lat var "Academic"
          BELONG BULLY                ! Lat var "Safety"
          FLFAMILY                    ! Lat var "Community"
          W_SCH PRIVATE STRATIO       ! School character
          EDUST STAFFST               ! School resource shortage
          ;

      usev =
          FLIT                        ! Regressant
          PERFEED TEACHINT FLSCHOOL   !   Lat var "Academic"
          BELONG BULLY                !   Lat var "Safety"
          FLFAMILY                    !   Financial socialisation
          FCFMLRTY FLCONFIN           !   Mediators
          MALE IMMI1GEN IMMI2GEN ESCS !   Control: demographic
          ;

      missing = all (-99);

      weight = W_STU;


  ANALYSIS:
      process = 8;

      estimator = MLR;

  MODEL:

      ! Lat var ACADEMIC
      ACADEMIC by PERFEED TEACHINT FLSCHOOL;
      ! Lat var SAFTY
      SAFETY by BELONG BULLY;

      ! Covariances
      ACADEMIC with SAFETY;
      ACADEMIC with FLFAMILY;
      SAFETY with FLFAMILY;
      FCFMLRTY with FLCONFIN;

      ! Total effect
      FLIT on
          ACADEMIC SAFETY FLFAMILY        ! Input variables
          FCFMLRTY FLCONFIN               ! Mediators
          MALE IMMI1GEN IMMI2GEN ESCS     ! Control: demographic
          ;

      ! Onto mediator FAMILIARITY
      FCFMLRTY on ACADEMIC SAFETY FLFAMILY;

      ! Onto mediator CONFIDENCE
      FLCONFIN on ACADEMIC SAFETY FLFAMILY;

  MODEL INDIRECT:

      ! Indirect effects
      FLIT ind ACADEMIC;
      FLIT ind SAFETY;
      FLIT ind FLFAMILY;


  OUTPUT:
      sampstat stdyx;



INPUT READING TERMINATED NORMALLY




Financial literacy single-level only

SUMMARY OF ANALYSIS

Number of groups                                                 1
Average number of observations                               68949

Number of replications
    Requested                                                   10
    Completed                                                   10

Number of dependent variables                                    8
Number of independent variables                                  5
Number of continuous latent variables                            2

Observed dependent variables

  Continuous
   FLIT        PERFEED     TEACHINT    FLSCHOOL    BELONG      BULLY
   FCFMLRTY    FLCONFIN

Observed independent variables
   FLFAMILY    MALE        IMMI1GEN    IMMI2GEN    ESCS

Continuous latent variables
   ACADEMIC    SAFETY

Variables with special functions

  Weight variable       W_STU

Estimator                                                      MLR
Information matrix                                        OBSERVED
Maximum number of iterations                                  1000
Convergence criterion                                    0.500D-04
Maximum number of steepest descent iterations                   20
Maximum number of iterations for H1                           2000
Convergence criterion for H1                             0.100D-03

Input data file(s)
  Multiple data files from
    C:\Users\Tony\implist.dat

Input data format  FREE


SUMMARY OF DATA FOR THE FIRST DATA SET

     Number of missing data patterns           213


SUMMARY OF MISSING DATA PATTERNS FOR THE FIRST DATA SET


     MISSING DATA PATTERNS (x = not missing)

           1  2  3  4  5  6  7  8  9 10 11 12 13 14 15 16 17 18 19 20
 FLIT      x  x  x  x  x  x  x  x  x  x  x  x  x  x  x  x  x  x  x  x
 PERFEED   x  x  x  x  x  x  x  x  x  x  x  x  x  x  x  x  x  x  x  x
 TEACHINT  x  x  x  x  x  x  x  x  x  x  x  x  x  x  x  x  x  x  x  x
 FLSCHOOL  x  x  x  x  x  x  x  x  x  x  x  x  x  x  x  x  x  x  x  x
 BELONG    x  x  x  x  x  x  x  x  x  x  x  x  x  x  x  x
 BULLY     x  x  x  x  x  x  x  x                          x  x  x  x
 FCFMLRTY  x  x  x  x              x  x  x  x              x  x  x  x
 FLCONFIN  x  x        x  x        x  x        x  x        x  x
 FLFAMILY  x     x     x     x     x     x     x     x     x     x
 MALE      x  x  x  x  x  x  x  x  x  x  x  x  x  x  x  x  x  x  x  x
 IMMI1GEN  x  x  x  x  x  x  x  x  x  x  x  x  x  x  x  x  x  x  x  x
 IMMI2GEN  x  x  x  x  x  x  x  x  x  x  x  x  x  x  x  x  x  x  x  x
 ESCS      x  x  x  x  x  x  x  x  x  x  x  x  x  x  x  x  x  x  x  x

          21 22 23 24 25 26 27 28 29 30 31 32 33 34 35 36 37 38 39 40
 FLIT      x  x  x  x  x  x  x  x  x  x  x  x  x  x  x  x  x  x  x  x
 PERFEED   x  x  x  x  x  x  x  x  x  x  x  x  x  x  x  x  x  x  x  x
 TEACHINT  x  x  x  x  x  x  x  x  x  x  x  x  x  x  x  x  x  x  x  x
 FLSCHOOL  x  x  x  x  x  x  x  x  x  x  x  x
 BELONG                                        x  x  x  x  x  x  x  x
 BULLY     x  x  x  x                          x  x  x  x  x  x  x  x
 FCFMLRTY              x  x  x  x              x  x  x  x
 FLCONFIN  x  x        x  x        x  x        x  x        x  x
 FLFAMILY  x     x     x     x     x     x     x     x     x     x
 MALE      x  x  x  x  x  x  x  x  x  x  x  x  x  x  x  x  x  x  x  x
 IMMI1GEN  x  x  x  x  x  x  x  x  x  x  x  x  x  x  x  x  x  x  x  x
 IMMI2GEN  x  x  x  x  x  x  x  x  x  x  x  x  x  x  x  x  x  x  x  x
 ESCS      x  x  x  x  x  x  x  x  x  x  x  x  x  x  x  x  x  x  x  x

          41 42 43 44 45 46 47 48 49 50 51 52 53 54 55 56 57 58 59 60
 FLIT      x  x  x  x  x  x  x  x  x  x  x  x  x  x  x  x  x  x  x  x
 PERFEED   x  x  x  x  x  x  x  x  x  x  x  x  x  x  x  x  x  x  x  x
 TEACHINT  x  x  x  x  x  x  x  x  x  x  x  x  x  x  x  x  x  x  x  x
 FLSCHOOL
 BELONG    x  x  x  x  x  x  x  x
 BULLY                             x  x  x  x  x  x  x  x
 FCFMLRTY  x  x  x  x              x  x  x  x              x  x  x  x
 FLCONFIN  x  x        x  x        x  x        x  x        x  x
 FLFAMILY  x     x     x     x     x     x     x     x     x     x
 MALE      x  x  x  x  x  x  x  x  x  x  x  x  x  x  x  x  x  x  x  x
 IMMI1GEN  x  x  x  x  x  x  x  x  x  x  x  x  x  x  x  x  x  x  x  x
 IMMI2GEN  x  x  x  x  x  x  x  x  x  x  x  x  x  x  x  x  x  x  x  x
 ESCS      x  x  x  x  x  x  x  x  x  x  x  x  x  x  x  x  x  x  x  x

          61 62 63 64 65 66 67 68 69 70 71 72 73 74 75 76 77 78 79 80
 FLIT      x  x  x  x  x  x  x  x  x  x  x  x  x  x  x  x  x  x  x  x
 PERFEED   x  x  x  x  x  x  x  x  x  x  x  x  x  x  x  x  x  x  x  x
 TEACHINT  x  x  x  x
 FLSCHOOL              x  x  x  x  x  x  x  x  x  x  x  x  x  x  x  x
 BELONG                x  x  x  x  x  x  x  x  x  x  x
 BULLY                 x  x  x  x  x                    x  x  x  x
 FCFMLRTY              x  x  x  x     x  x  x  x        x  x  x     x
 FLCONFIN  x  x        x  x        x  x  x              x           x
 FLFAMILY  x     x     x     x        x     x     x        x        x
 MALE      x  x  x  x  x  x  x  x  x  x  x  x  x  x  x  x  x  x  x  x
 IMMI1GEN  x  x  x  x  x  x  x  x  x  x  x  x  x  x  x  x  x  x  x  x
 IMMI2GEN  x  x  x  x  x  x  x  x  x  x  x  x  x  x  x  x  x  x  x  x
 ESCS      x  x  x  x  x  x  x  x  x  x  x  x  x  x  x  x  x  x  x  x

          81 82 83 84 85 86 87 88 89 90 91 92 93 94 95 96 97 98 99 100
 FLIT      x  x  x  x  x  x  x  x  x  x  x  x  x  x  x  x  x  x  x   x
 PERFEED   x  x  x  x  x  x  x  x  x  x  x  x  x  x  x  x  x  x  x   x
 TEACHINT
 FLSCHOOL  x  x
 BELONG          x  x  x  x  x  x  x  x  x  x  x  x  x
 BULLY           x  x  x  x  x  x                       x
 FCFMLRTY  x  x  x  x  x           x  x  x  x              x  x  x   x
 FLCONFIN        x        x        x  x        x           x  x
 FLFAMILY  x        x     x  x     x     x        x        x     x
 MALE      x  x  x  x  x  x  x  x  x  x  x  x  x  x  x  x  x  x  x   x
 IMMI1GEN  x  x  x  x  x  x  x  x  x  x  x  x  x  x  x  x  x  x  x   x
 IMMI2GEN  x  x  x  x  x  x  x  x  x  x  x  x  x  x  x  x  x  x  x   x
 ESCS      x  x  x  x  x  x  x  x  x  x  x  x  x  x  x  x  x  x  x   x

          101 102 103 104 105 106 107 108 109 110 111 112 113 114 115
 FLIT       x   x   x   x   x   x   x   x   x   x   x   x   x   x   x
 PERFEED    x   x   x
 TEACHINT               x   x   x   x   x   x   x   x   x   x   x   x
 FLSCHOOL               x   x   x   x   x   x   x   x   x   x   x   x
 BELONG                 x   x   x   x   x   x   x   x   x   x   x   x
 BULLY                  x   x   x   x   x   x   x   x
 FCFMLRTY               x   x   x   x                   x   x   x   x
 FLCONFIN   x           x   x           x   x           x   x
 FLFAMILY       x       x       x       x       x       x       x
 MALE       x   x   x   x   x   x   x   x   x   x   x   x   x   x   x
 IMMI1GEN   x   x   x   x   x   x   x   x   x   x   x   x   x   x   x
 IMMI2GEN   x   x   x   x   x   x   x   x   x   x   x   x   x   x   x
 ESCS       x   x   x   x   x   x   x   x   x   x   x   x   x   x   x

          116 117 118 119 120 121 122 123 124 125 126 127 128 129 130
 FLIT       x   x   x   x   x   x   x   x   x   x   x   x   x   x   x
 PERFEED
 TEACHINT   x   x   x   x   x   x   x   x   x   x   x   x   x   x   x
 FLSCHOOL   x   x   x   x   x   x   x   x   x   x   x   x   x   x   x
 BELONG     x   x   x
 BULLY                  x   x   x   x   x   x   x
 FCFMLRTY               x   x   x   x               x   x   x   x
 FLCONFIN   x           x   x           x           x   x           x
 FLFAMILY   x   x       x       x       x   x       x       x       x
 MALE       x   x   x   x   x   x   x   x   x   x   x   x   x   x   x
 IMMI1GEN   x   x   x   x   x   x   x   x   x   x   x   x   x   x   x
 IMMI2GEN   x   x   x   x   x   x   x   x   x   x   x   x   x   x   x
 ESCS       x   x   x   x   x   x   x   x   x   x   x   x   x   x   x

          131 132 133 134 135 136 137 138 139 140 141 142 143 144 145
 FLIT       x   x   x   x   x   x   x   x   x   x   x   x   x   x   x
 PERFEED
 TEACHINT   x   x   x   x   x   x   x   x   x   x   x   x   x   x   x
 FLSCHOOL   x   x   x
 BELONG                 x   x   x   x   x   x   x   x   x   x   x   x
 BULLY                  x   x   x   x   x   x   x
 FCFMLRTY               x   x   x   x               x   x   x   x
 FLCONFIN   x           x   x           x           x   x
 FLFAMILY       x       x       x           x       x       x       x
 MALE       x   x   x   x   x   x   x   x   x   x   x   x   x   x   x
 IMMI1GEN   x   x   x   x   x   x   x   x   x   x   x   x   x   x   x
 IMMI2GEN   x   x   x   x   x   x   x   x   x   x   x   x   x   x   x
 ESCS       x   x   x   x   x   x   x   x   x   x   x   x   x   x   x

          146 147 148 149 150 151 152 153 154 155 156 157 158 159 160
 FLIT       x   x   x   x   x   x   x   x   x   x   x   x   x   x   x
 PERFEED
 TEACHINT   x   x   x   x   x   x   x   x   x   x   x   x   x
 FLSCHOOL                                                       x   x
 BELONG     x                                                   x   x
 BULLY          x   x   x   x   x                               x   x
 FCFMLRTY       x   x   x           x   x   x   x               x   x
 FLCONFIN       x           x       x   x           x           x   x
 FLFAMILY       x   x               x       x       x   x       x
 MALE       x   x   x   x   x   x   x   x   x   x   x   x   x   x   x
 IMMI1GEN   x   x   x   x   x   x   x   x   x   x   x   x   x   x   x
 IMMI2GEN   x   x   x   x   x   x   x   x   x   x   x   x   x   x   x
 ESCS       x   x   x   x   x   x   x   x   x   x   x   x   x   x   x

          161 162 163 164 165 166 167 168 169 170 171 172 173 174 175
 FLIT       x   x   x   x   x   x   x   x   x   x   x   x   x   x   x
 PERFEED
 TEACHINT
 FLSCHOOL   x   x   x   x   x   x   x   x   x   x   x   x   x   x   x
 BELONG     x   x   x   x   x   x   x   x   x   x   x
 BULLY      x   x   x   x   x                           x   x   x   x
 FCFMLRTY   x   x               x   x   x   x           x   x   x   x
 FLCONFIN           x   x       x   x           x       x   x
 FLFAMILY   x       x       x   x       x       x       x       x
 MALE       x   x   x   x   x   x   x   x   x   x   x   x   x   x   x
 IMMI1GEN   x   x   x   x   x   x   x   x   x   x   x   x   x   x   x
 IMMI2GEN   x   x   x   x   x   x   x   x   x   x   x   x   x   x   x
 ESCS       x   x   x   x   x   x   x   x   x   x   x   x   x   x   x

          176 177 178 179 180 181 182 183 184 185 186 187 188 189 190
 FLIT       x   x   x   x   x   x   x   x   x   x   x   x   x   x   x
 PERFEED
 TEACHINT
 FLSCHOOL   x   x   x   x   x   x   x   x   x   x
 BELONG                                             x   x   x   x   x
 BULLY      x   x                                   x   x   x   x   x
 FCFMLRTY           x   x   x   x                   x   x   x   x
 FLCONFIN           x   x           x   x           x   x           x
 FLFAMILY   x       x       x       x       x       x       x       x
 MALE       x   x   x   x   x   x   x   x   x   x   x   x   x   x   x
 IMMI1GEN   x   x   x   x   x   x   x   x   x   x   x   x   x   x   x
 IMMI2GEN   x   x   x   x   x   x   x   x   x   x   x   x   x   x   x
 ESCS       x   x   x   x   x   x   x   x   x   x   x   x   x   x   x

          191 192 193 194 195 196 197 198 199 200 201 202 203 204 205
 FLIT       x   x   x   x   x   x   x   x   x   x   x   x   x   x   x
 PERFEED
 TEACHINT
 FLSCHOOL
 BELONG     x   x   x   x   x   x   x   x   x   x
 BULLY      x   x                                   x   x   x   x   x
 FCFMLRTY           x   x   x   x                   x   x   x   x
 FLCONFIN           x   x           x   x           x   x           x
 FLFAMILY   x       x       x       x       x       x       x
 MALE       x   x   x   x   x   x   x   x   x   x   x   x   x   x   x
 IMMI1GEN   x   x   x   x   x   x   x   x   x   x   x   x   x   x   x
 IMMI2GEN   x   x   x   x   x   x   x   x   x   x   x   x   x   x   x
 ESCS       x   x   x   x   x   x   x   x   x   x   x   x   x   x   x

          206 207 208 209 210 211 212 213
 FLIT       x   x   x   x   x   x   x   x
 PERFEED
 TEACHINT
 FLSCHOOL
 BELONG
 BULLY      x
 FCFMLRTY       x   x   x   x
 FLCONFIN       x   x           x
 FLFAMILY       x       x       x   x
 MALE       x   x   x   x   x   x   x   x
 IMMI1GEN   x   x   x   x   x   x   x   x
 IMMI2GEN   x   x   x   x   x   x   x   x
 ESCS       x   x   x   x   x   x   x   x


     MISSING DATA PATTERN FREQUENCIES

    Pattern   Frequency     Pattern   Frequency     Pattern   Frequency
          1       48169          72           6         143           3
          2         177          73           6         144          23
          3        1280          74           1         145           3
          4         294          75           1         146          27
          5         115          76           1         147           1
          6          13          77           2         148           3
          7          41          78           2         149           2
          8          25          79           2         150           1
          9        6224          80          28         151           2
         10          79          81          14         152           2
         11        1636          82          11         153           1
         12         339          83           2         154           4
         13          42          84           1         155          32
         14          12          85          10         156           1
         15          26          86           1         157           2
         16          33          87           1         158          28
         17         157          88           7         159          93
         18          11          89           1         160          10
         19          26          90           2         161           9
         20          16          91           5         162           6
         21           2          92           8         163           4
         22           2          93           1         164           1
         23           6          94           1         165           1
         24           4          95          13         166          18
         25        2449          96           1         167           2
         26          30          97           4         168           4
         27         972          98           3         169          12
         28         393          99           4         170           1
         29          12         100          28         171           5
         30           5         101           1         172          13
         31          15         102           2         173           5
         32          21         103          39         174           5
         33         115         104         346         175           2
         34          61         105          11         176           1
         35          81         106          25         177           1
         36         492         107           3         178         117
         37          18         108           2         179          12
         38          15         109           1         180          63
         39          28         110           2         181          38
         40         972         111           2         182           3
         41          63         112          61         183           1
         42          35         113           5         184           3
         43          68         114          18         185           8
         44         425         115          10         186           1
         45          14         116           1         187           3
         46          17         117           1         188           4
         47          35         118           3         189          10
         48         600         119           7         190           2
         49           8         120           3         191           2
         50          12         121           1         192          10
         51           7         122           1         193           3
         52          30         123           1         194           5
         53           2         124           2         195           3
         54           5         125           1         196          21
         55           4         126          41         197           1
         56          36         127           4         198           2
         57          16         128          21         199           2
         58          28         129          13         200          27
         59          33         130           1         201           1
         60         477         131           1         202           3
         61           8         132           2         203           4
         62          13         133           1         204           9
         63          15         134          10         205           1
         64         459         135           1         206          10
         65          83         136           7         207           4
         66           5         137          10         208          10
         67           8         138           3         209           8
         68           4         139           1         210         218
         69           1         140          13         211           2
         70          23         141           6         212           8
         71           5         142           3         213         201


COVARIANCE COVERAGE OF DATA FOR THE FIRST DATA SET

Minimum covariance coverage value   0.100


     PROPORTION OF DATA PRESENT


           Covariance Coverage
              FLIT          PERFEED       TEACHINT      FLSCHOOL      BELONG
              ________      ________      ________      ________      ________
 FLIT           1.000
 PERFEED        0.974         0.974
 TEACHINT       0.980         0.969         0.980
 FLSCHOOL       0.926         0.911         0.917         0.926
 BELONG         0.908         0.895         0.901         0.860         0.908
 BULLY          0.769         0.759         0.764         0.740         0.763
 FCFMLRTY       0.955         0.935         0.941         0.920         0.877
 FLCONFIN       0.855         0.843         0.848         0.847         0.811
 FLFAMILY       0.911         0.897         0.903         0.902         0.852
 MALE           1.000         0.974         0.980         0.926         0.908
 IMMI1GEN       1.000         0.974         0.980         0.926         0.908
 IMMI2GEN       1.000         0.974         0.980         0.926         0.908
 ESCS           1.000         0.974         0.980         0.926         0.908


           Covariance Coverage
              BULLY         FCFMLRTY      FLCONFIN      FLFAMILY      MALE
              ________      ________      ________      ________      ________
 BULLY          0.769
 FCFMLRTY       0.749         0.955
 FLCONFIN       0.718         0.850         0.855
 FLFAMILY       0.735         0.905         0.846         0.911
 MALE           0.769         0.955         0.855         0.911         1.000
 IMMI1GEN       0.769         0.955         0.855         0.911         1.000
 IMMI2GEN       0.769         0.955         0.855         0.911         1.000
 ESCS           0.769         0.955         0.855         0.911         1.000


           Covariance Coverage
              IMMI1GEN      IMMI2GEN      ESCS
              ________      ________      ________
 IMMI1GEN       1.000
 IMMI2GEN       1.000         1.000
 ESCS           1.000         1.000         1.000


SAMPLE STATISTICS

NOTE:  These are average results over 10 data sets.


     ESTIMATED SAMPLE STATISTICS


           Means
              FLIT          PERFEED       TEACHINT      FLSCHOOL      BELONG
              ________      ________      ________      ________      ________
              448.121         0.214         0.260         0.087        -0.146


           Means
              BULLY         FCFMLRTY      FLCONFIN      FLFAMILY      MALE
              ________      ________      ________      ________      ________
               -0.206         6.237        -0.166         0.118         0.495


           Means
              IMMI1GEN      IMMI2GEN      ESCS
              ________      ________      ________
                0.026         0.062        -0.754


           Covariances
              FLIT          PERFEED       TEACHINT      FLSCHOOL      BELONG
              ________      ________      ________      ________      ________
 FLIT       11148.452
 PERFEED       -6.586         1.009
 TEACHINT       0.761         0.380         0.858
 FLSCHOOL     -16.556         0.183         0.134         1.112
 BELONG         7.123         0.103         0.150         0.064         0.862
 BULLY         15.997         0.022         0.068        -0.091         0.276
 FCFMLRTY     163.934         0.217         0.283         1.356         0.581
 FLCONFIN       4.650         0.088         0.061         0.246         0.085
 FLFAMILY       2.934         0.124         0.080         0.270         0.112
 MALE          -0.328         0.019        -0.004         0.029         0.020
 IMMI1GEN       0.471         0.002         0.000        -0.006        -0.003
 IMMI2GEN       3.174         0.000        -0.010        -0.015        -0.007
 ESCS          70.873        -0.039        -0.031        -0.113         0.072


           Covariances
              BULLY         FCFMLRTY      FLCONFIN      FLFAMILY      MALE
              ________      ________      ________      ________      ________
 BULLY          1.191
 FCFMLRTY       0.302        27.518
 FLCONFIN      -0.047         1.283         1.014
 FLFAMILY      -0.066         1.086         0.238         1.134
 MALE          -0.048         0.071         0.066        -0.019         0.250
 IMMI1GEN       0.003        -0.011         0.001        -0.002         0.000
 IMMI2GEN       0.011        -0.013        -0.007        -0.001        -0.001
 ESCS           0.088         1.646         0.082         0.100         0.017


           Covariances
              IMMI1GEN      IMMI2GEN      ESCS
              ________      ________      ________
 IMMI1GEN       0.025
 IMMI2GEN      -0.002         0.058
 ESCS           0.010         0.021         1.706


           Correlations
              FLIT          PERFEED       TEACHINT      FLSCHOOL      BELONG
              ________      ________      ________      ________      ________
 FLIT           1.000
 PERFEED       -0.062         1.000
 TEACHINT       0.008         0.408         1.000
 FLSCHOOL      -0.149         0.173         0.137         1.000
 BELONG         0.073         0.111         0.175         0.065         1.000
 BULLY          0.139         0.020         0.067        -0.079         0.272
 FCFMLRTY       0.296         0.041         0.058         0.245         0.119
 FLCONFIN       0.044         0.087         0.066         0.232         0.091
 FLFAMILY       0.026         0.116         0.081         0.241         0.113
 MALE          -0.006         0.037        -0.009         0.055         0.043
 IMMI1GEN       0.028         0.010         0.003        -0.035        -0.023
 IMMI2GEN       0.125        -0.002        -0.044        -0.060        -0.029
 ESCS           0.514        -0.029        -0.026        -0.082         0.059


           Correlations
              BULLY         FCFMLRTY      FLCONFIN      FLFAMILY      MALE
              ________      ________      ________      ________      ________
 BULLY          1.000
 FCFMLRTY       0.053         1.000
 FLCONFIN      -0.043         0.243         1.000
 FLFAMILY      -0.057         0.194         0.222         1.000
 MALE          -0.087         0.027         0.131        -0.035         1.000
 IMMI1GEN       0.016        -0.014         0.008        -0.012         0.000
 IMMI2GEN       0.043        -0.011        -0.029        -0.004        -0.009
 ESCS           0.061         0.240         0.062         0.072         0.026


           Correlations
              IMMI1GEN      IMMI2GEN      ESCS
              ________      ________      ________
 IMMI1GEN       1.000
 IMMI2GEN      -0.042         1.000
 ESCS           0.047         0.066         1.000


MODEL FIT INFORMATION

Number of Free Parameters                       42

Loglikelihood

    H0 Value

        Mean                          -1226216.649
        Std Dev                            331.574
        Number of successful computations       10

             Proportions                   Percentiles
        Expected    Observed         Expected       Observed
           0.990       1.000     -1226987.991   -1226760.176
           0.980       1.000     -1226897.604   -1226760.176
           0.950       1.000     -1226762.056   -1226760.176
           0.900       0.900     -1226641.595   -1226760.176
           0.800       0.900     -1226495.702   -1226760.176
           0.700       0.800     -1226390.527   -1226370.624
           0.500       0.300     -1226216.649   -1226335.807
           0.300       0.200     -1226042.772   -1226228.844
           0.200       0.200     -1225937.596   -1226101.776
           0.100       0.100     -1225791.704   -1225916.866
           0.050       0.100     -1225671.243   -1225916.866
           0.020       0.100     -1225535.695   -1225916.866
           0.010       0.100     -1225445.308   -1225916.866

    H1 Value

        Mean                          -1216495.249
        Std Dev                            347.920
        Number of successful computations       10

             Proportions                   Percentiles
        Expected    Observed         Expected       Observed
           0.990       1.000     -1217304.615   -1217043.755
           0.980       1.000     -1217209.772   -1217043.755
           0.950       1.000     -1217067.542   -1217043.755
           0.900       0.900     -1216941.143   -1217043.755
           0.800       0.900     -1216788.058   -1217043.755
           0.700       0.800     -1216677.698   -1216666.029
           0.500       0.300     -1216495.249   -1216559.683
           0.300       0.200     -1216312.799   -1216532.758
           0.200       0.200     -1216202.439   -1216408.407
           0.100       0.100     -1216049.354   -1216176.923
           0.050       0.100     -1215922.955   -1216176.923
           0.020       0.100     -1215780.725   -1216176.923
           0.010       0.100     -1215685.883   -1216176.923

Information Criteria

    Akaike (AIC)

        Mean                           2452517.299
        Std Dev                            663.149
        Number of successful computations       10

             Proportions                   Percentiles
        Expected    Observed         Expected       Observed
           0.990       0.900      2450974.616    2450955.763
           0.980       0.900      2451155.390    2450955.763
           0.950       0.900      2451426.485    2450955.763
           0.900       0.900      2451667.407    2450955.763
           0.800       0.800      2451959.193    2450955.763
           0.700       0.800      2452169.543    2452287.552
           0.500       0.700      2452517.299    2452625.387
           0.300       0.200      2452865.054    2452774.745
           0.200       0.100      2453075.405    2452825.248
           0.100       0.100      2453367.190    2452884.906
           0.050       0.000      2453608.112    2452884.906
           0.020       0.000      2453879.207    2452884.906
           0.010       0.000      2454059.982    2452884.906

    Bayesian (BIC)

        Mean                           2452901.226
        Std Dev                            663.149
        Number of successful computations       10

             Proportions                   Percentiles
        Expected    Observed         Expected       Observed
           0.990       0.900      2451358.543    2451339.690
           0.980       0.900      2451539.317    2451339.690
           0.950       0.900      2451810.412    2451339.690
           0.900       0.900      2452051.334    2451339.690
           0.800       0.800      2452343.120    2451339.690
           0.700       0.800      2452553.471    2452671.479
           0.500       0.700      2452901.226    2453009.315
           0.300       0.200      2453248.981    2453158.672
           0.200       0.100      2453459.332    2453209.175
           0.100       0.100      2453751.117    2453268.833
           0.050       0.000      2453992.039    2453268.833
           0.020       0.000      2454263.134    2453268.833
           0.010       0.000      2454443.909    2453268.833

    Sample-Size Adjusted BIC (n* = (n + 2) / 24)

        Mean                           2452767.749
        Std Dev                            663.149
        Number of successful computations       10

             Proportions                   Percentiles
        Expected    Observed         Expected       Observed
           0.990       0.900      2451225.066    2451206.213
           0.980       0.900      2451405.840    2451206.213
           0.950       0.900      2451676.935    2451206.213
           0.900       0.900      2451917.857    2451206.213
           0.800       0.800      2452209.643    2451206.213
           0.700       0.800      2452419.994    2452538.002
           0.500       0.700      2452767.749    2452875.838
           0.300       0.200      2453115.504    2453025.195
           0.200       0.100      2453325.855    2453075.698
           0.100       0.100      2453617.640    2453135.356
           0.050       0.000      2453858.562    2453135.356
           0.020       0.000      2454129.657    2453135.356
           0.010       0.000      2454310.432    2453135.356

Chi-Square Test of Model Fit

        Degrees of freedom                      48

        Mean                              3338.863
        Std Dev                             25.705
        Number of successful computations       10

             Proportions                   Percentiles
        Expected    Observed         Expected       Observed
           0.990       1.000           28.177       3307.359
           0.980       1.000           30.080       3307.359
           0.950       1.000           33.098       3307.359
           0.900       1.000           35.949       3307.359
           0.800       1.000           39.621       3307.359
           0.700       1.000           42.420       3315.454
           0.500       1.000           47.335       3331.538
           0.300       1.000           52.616       3351.562
           0.200       1.000           55.993       3357.255
           0.100       1.000           60.907       3374.468
           0.050       1.000           65.171       3374.468
           0.020       1.000           70.197       3374.468
           0.010       1.000           73.683       3374.468

RMSEA (Root Mean Square Error Of Approximation)

        Mean                                 0.032
        Std Dev                              0.000
        Number of successful computations       10

             Proportions                   Percentiles
        Expected    Observed         Expected       Observed
           0.990       1.000            0.031          0.031
           0.980       1.000            0.031          0.031
           0.950       1.000            0.031          0.031
           0.900       1.000            0.031          0.031
           0.800       0.700            0.031          0.031
           0.700       0.600            0.031          0.031
           0.500       0.400            0.032          0.031
           0.300       0.300            0.032          0.032
           0.200       0.200            0.032          0.032
           0.100       0.200            0.032          0.032
           0.050       0.100            0.032          0.032
           0.020       0.000            0.032          0.032
           0.010       0.000            0.032          0.032

CFI/TLI

    CFI

        Mean                                 0.734
        Std Dev                              0.002
        Number of successful computations       10

             Proportions                   Percentiles
        Expected    Observed         Expected       Observed
           0.990       1.000            0.730          0.731
           0.980       1.000            0.731          0.731
           0.950       0.900            0.731          0.731
           0.900       0.800            0.732          0.731
           0.800       0.800            0.733          0.731
           0.700       0.800            0.733          0.734
           0.500       0.500            0.734          0.734
           0.300       0.200            0.735          0.735
           0.200       0.200            0.735          0.735
           0.100       0.200            0.736          0.736
           0.050       0.000            0.737          0.736
           0.020       0.000            0.737          0.736
           0.010       0.000            0.738          0.736

    TLI

        Mean                                 0.623
        Std Dev                              0.002
        Number of successful computations       10

             Proportions                   Percentiles
        Expected    Observed         Expected       Observed
           0.990       1.000            0.618          0.619
           0.980       1.000            0.618          0.619
           0.950       0.900            0.619          0.619
           0.900       0.800            0.620          0.619
           0.800       0.800            0.621          0.619
           0.700       0.800            0.622          0.623
           0.500       0.500            0.623          0.623
           0.300       0.200            0.625          0.624
           0.200       0.200            0.625          0.624
           0.100       0.200            0.626          0.627
           0.050       0.000            0.627          0.627
           0.020       0.000            0.628          0.627
           0.010       0.000            0.629          0.627

SRMR (Standardized Root Mean Square Residual)

        Mean                                 0.060
        Std Dev                              0.000
        Number of successful computations       10

             Proportions                   Percentiles
        Expected    Observed         Expected       Observed
           0.990       1.000            0.060          0.060
           0.980       1.000            0.060          0.060
           0.950       0.900            0.060          0.060
           0.900       0.900            0.060          0.060
           0.800       0.900            0.060          0.060
           0.700       0.700            0.060          0.060
           0.500       0.400            0.060          0.060
           0.300       0.200            0.060          0.060
           0.200       0.200            0.060          0.060
           0.100       0.200            0.060          0.061
           0.050       0.100            0.061          0.061
           0.020       0.000            0.061          0.061
           0.010       0.000            0.061          0.061


MODEL RESULTS

                                                    Two-Tailed   Rate of
                    Estimate       S.E.  Est./S.E.    P-Value    Missing

 ACADEMIC BY
    PERFEED            1.000      0.000    999.000    999.000      0.000
    TEACHINT           0.861      0.029     30.114      0.000      0.006
    FLSCHOOL           0.520      0.037     14.241      0.000      0.005

 SAFETY   BY
    BELONG             1.000      0.000    999.000    999.000      0.000
    BULLY              0.143      0.116      1.231      0.218      0.030

 FLIT     ON
    ACADEMIC         -11.597      2.340     -4.956      0.000      0.205
    SAFETY             1.760      2.132      0.826      0.409      0.093

 FCFMLRTY ON
    ACADEMIC           0.758      0.143      5.314      0.000      0.005
    SAFETY             0.182      0.170      1.071      0.284      0.030

 FLCONFIN ON
    ACADEMIC           0.202      0.027      7.353      0.000      0.002
    SAFETY             0.023      0.017      1.350      0.177      0.030

 FLIT     ON
    FLFAMILY          -3.121      0.923     -3.382      0.001      0.168
    FCFMLRTY           4.111      0.182     22.582      0.000      0.110
    FLCONFIN          -1.073      1.038     -1.033      0.302      0.211
    MALE              -4.630      1.921     -2.410      0.016      0.341
    IMMI1GEN           9.066      6.210      1.460      0.144      0.157
    IMMI2GEN          41.566      4.252      9.775      0.000      0.219
    ESCS              37.261      0.763     48.847      0.000      0.335

 FCFMLRTY ON
    FLFAMILY           0.843      0.051     16.453      0.000      0.001

 FLCONFIN ON
    FLFAMILY           0.182      0.010     18.119      0.000      0.000

 ACADEMIC WITH
    SAFETY             0.133      0.009     15.004      0.000      0.002
    FLFAMILY           0.144      0.010     13.952      0.000      0.001

 SAFETY   WITH
    FLFAMILY           0.122      0.012     10.205      0.000      0.005

 FCFMLRTY WITH
    FLCONFIN           0.985      0.052     19.033      0.000      0.001

 Means
    FLFAMILY           0.120      0.010     12.195      0.000      0.000

 Intercepts
    FLIT             450.188      2.120    212.390      0.000      0.323
    PERFEED            0.213      0.009     23.608      0.000      0.000
    TEACHINT           0.261      0.008     32.025      0.000      0.000
    FLSCHOOL           0.085      0.010      8.656      0.000      0.000
    BELONG            -0.146      0.008    -17.324      0.000      0.001
    BULLY             -0.197      0.011    -17.872      0.000      0.000
    FCFMLRTY           6.153      0.047    131.854      0.000      0.000
    FLCONFIN          -0.187      0.010    -19.287      0.000      0.001

 Variances
    FLFAMILY           1.134      0.015     77.100      0.000      0.000
    ACADEMIC           0.413      0.019     22.115      0.000      0.002
    SAFETY             1.946      1.643      1.184      0.236      0.020

 Residual Variances
    FLIT            7659.652    128.986     59.383      0.000      0.426
    PERFEED            0.596      0.018     33.941      0.000      0.003
    TEACHINT           0.552      0.014     38.469      0.000      0.007
    FLSCHOOL           1.002      0.017     60.520      0.000      0.004
    BELONG            -1.084      1.643     -0.660      0.509      0.020
    BULLY              1.151      0.038     30.520      0.000      0.021
    FCFMLRTY          26.160      0.265     98.613      0.000      0.002
    FLCONFIN           0.946      0.014     67.926      0.000      0.000


STANDARDIZED MODEL RESULTS


STDYX Standardization

                                                    Two-Tailed   Rate of
                    Estimate       S.E.  Est./S.E.    P-Value    Missing

 ACADEMIC BY
    PERFEED            0.640      0.014     47.283      0.000      0.003
    TEACHINT           0.597      0.013     44.453      0.000      0.008
    FLSCHOOL           0.317      0.019     17.037      0.000      0.006

 SAFETY   BY
    BELONG             1.500      0.626      2.399      0.016      0.022
    BULLY              0.181      0.075      2.415      0.016      0.027

 FLIT     ON
    ACADEMIC          -0.072      0.014     -4.996      0.000      0.216
    SAFETY             0.023      0.019      1.207      0.227      0.113

 FCFMLRTY ON
    ACADEMIC           0.093      0.017      5.581      0.000      0.005
    SAFETY             0.048      0.026      1.847      0.065      0.026

 FLCONFIN ON
    ACADEMIC           0.129      0.017      7.719      0.000      0.002
    SAFETY             0.031      0.012      2.625      0.009      0.022

 FLIT     ON
    FLFAMILY          -0.032      0.010     -3.384      0.001      0.168
    FCFMLRTY           0.209      0.009     23.374      0.000      0.088
    FLCONFIN          -0.010      0.010     -1.034      0.301      0.210
    MALE              -0.022      0.009     -2.408      0.016      0.344
    IMMI1GEN           0.014      0.009      1.459      0.144      0.156
    IMMI2GEN           0.097      0.010      9.778      0.000      0.202
    ESCS               0.471      0.009     55.193      0.000      0.308

 FCFMLRTY ON
    FLFAMILY           0.171      0.010     16.505      0.000      0.001

 FLCONFIN ON
    FLFAMILY           0.193      0.010     18.441      0.000      0.000

 ACADEMIC WITH
    SAFETY             0.149      0.064      2.313      0.021      0.027
    FLFAMILY           0.210      0.015     13.635      0.000      0.001

 SAFETY   WITH
    FLFAMILY           0.082      0.030      2.787      0.005      0.028

 FCFMLRTY WITH
    FLCONFIN           0.198      0.010     20.145      0.000      0.001

 Means
    FLFAMILY           0.112      0.009     12.213      0.000      0.000

 Intercepts
    FLIT               4.358      0.040    107.950      0.000      0.450
    PERFEED            0.212      0.009     24.118      0.000      0.000
    TEACHINT           0.281      0.009     31.498      0.000      0.000
    FLSCHOOL           0.080      0.009      8.744      0.000      0.000
    BELONG            -0.157      0.010    -15.835      0.000      0.001
    BULLY             -0.181      0.009    -19.242      0.000      0.000
    FCFMLRTY           1.173      0.009    130.098      0.000      0.001
    FLCONFIN          -0.185      0.010    -19.335      0.000      0.001

 Variances
    FLFAMILY           1.000      0.000  *********      0.000      0.000
    ACADEMIC           1.000      0.000  *********      0.000      0.000
    SAFETY             1.000      0.000  *********      0.000      0.000

 Residual Variances
    FLIT               0.718      0.007    101.310      0.000      0.194
    PERFEED            0.591      0.017     34.146      0.000      0.003
    TEACHINT           0.644      0.016     40.145      0.000      0.008
    FLSCHOOL           0.900      0.012     76.375      0.000      0.006
    BELONG            -1.258    999.000    999.000    999.000      0.000
    BULLY              0.967      0.027     35.950      0.000      0.030
    FCFMLRTY           0.950      0.005    187.941      0.000      0.007
    FLCONFIN           0.933      0.006    159.890      0.000      0.000


R-SQUARE

    Observed                                        Two-Tailed   Rate of
    Variable        Estimate       S.E.  Est./S.E.    P-Value    Missing

    FLIT               0.282      0.007     39.871      0.000      0.194
    PERFEED            0.409      0.017     23.642      0.000      0.003
    TEACHINT           0.356      0.016     22.226      0.000      0.008
    FLSCHOOL           0.100      0.012      8.518      0.000      0.006
    BELONG             0.000    999.000    999.000    999.000      0.000
    BULLY              0.033      0.027      1.219      0.223      0.030
    FCFMLRTY           0.050      0.005      9.805      0.000      0.007
    FLCONFIN           0.067      0.006     11.540      0.000      0.000


QUALITY OF NUMERICAL RESULTS

     Average Condition Number for the Information Matrix      0.351E-05
       (ratio of smallest to largest eigenvalue)


TOTAL, TOTAL INDIRECT, SPECIFIC INDIRECT, AND DIRECT EFFECTS


                                                    Two-Tailed   Rate of
                    Estimate       S.E.  Est./S.E.    P-Value    Missing

Effects from ACADEMIC to FLIT

  Total               -8.698      2.307     -3.770      0.000      0.232
  Total indirect       2.899      0.643      4.507      0.000      0.036

  Specific indirect 1
    FLIT
    FCFMLRTY
    ACADEMIC           3.116      0.615      5.068      0.000      0.013

  Specific indirect 2
    FLIT
    FLCONFIN
    ACADEMIC          -0.217      0.210     -1.032      0.302      0.210

  Direct
    FLIT
    ACADEMIC         -11.597      2.340     -4.956      0.000      0.205


Effects from SAFETY to FLIT

  Total                2.485      2.782      0.893      0.372      0.074
  Total indirect       0.724      0.677      1.070      0.284      0.026

  Specific indirect 1
    FLIT
    FCFMLRTY
    SAFETY             0.749      0.695      1.078      0.281      0.029

  Specific indirect 2
    FLIT
    FLCONFIN
    SAFETY            -0.025      0.032     -0.777      0.437      0.154

  Direct
    FLIT
    SAFETY             1.760      2.132      0.826      0.409      0.093


Effects from FLFAMILY to FLIT

  Total                0.150      0.926      0.162      0.871      0.137
  Total indirect       3.271      0.297     11.027      0.000      0.121

  Specific indirect 1
    FLIT
    FCFMLRTY
    FLFAMILY           3.466      0.259     13.383      0.000      0.042

  Specific indirect 2
    FLIT
    FLCONFIN
    FLFAMILY          -0.195      0.189     -1.032      0.302      0.210

  Direct
    FLIT
    FLFAMILY          -3.121      0.923     -3.382      0.001      0.168



STANDARDIZED TOTAL, TOTAL INDIRECT, SPECIFIC INDIRECT, AND DIRECT EFFECTS


STDYX Standardization

                                                    Two-Tailed   Rate of
                    Estimate       S.E.  Est./S.E.    P-Value    Missing

Effects from ACADEMIC to FLIT

  Total               -0.054      0.014     -3.763      0.000      0.236
  Total indirect       0.018      0.004      4.680      0.000      0.039

  Specific indirect 1
    FLIT
    FCFMLRTY
    ACADEMIC           0.019      0.004      5.303      0.000      0.013

  Specific indirect 2
    FLIT
    FLCONFIN
    ACADEMIC          -0.001      0.001     -1.033      0.302      0.208

  Direct
    FLIT
    ACADEMIC          -0.072      0.014     -4.996      0.000      0.216


Effects from SAFETY to FLIT

  Total                0.033      0.024      1.366      0.172      0.090
  Total indirect       0.010      0.005      1.839      0.066      0.021

  Specific indirect 1
    FLIT
    FCFMLRTY
    SAFETY             0.010      0.005      1.862      0.063      0.024

  Specific indirect 2
    FLIT
    FLCONFIN
    SAFETY             0.000      0.000     -0.928      0.354      0.185

  Direct
    FLIT
    SAFETY             0.023      0.019      1.207      0.227      0.113


Effects from FLFAMILY to FLIT

  Total                0.002      0.010      0.162      0.871      0.137
  Total indirect       0.034      0.003     11.029      0.000      0.119

  Specific indirect 1
    FLIT
    FCFMLRTY
    FLFAMILY           0.036      0.003     13.488      0.000      0.031

  Specific indirect 2
    FLIT
    FLCONFIN
    FLFAMILY          -0.002      0.002     -1.033      0.302      0.209

  Direct
    FLIT
    FLFAMILY          -0.032      0.010     -3.384      0.001      0.168




TECHNICAL 1 OUTPUT


     PARAMETER SPECIFICATION


           NU
              FLIT          PERFEED       TEACHINT      FLSCHOOL      BELONG
              ________      ________      ________      ________      ________
                  0             1             2             3             4


           NU
              BULLY         FCFMLRTY      FLCONFIN      FLFAMILY      MALE
              ________      ________      ________      ________      ________
                  5             0             0             0             0


           NU
              IMMI1GEN      IMMI2GEN      ESCS
              ________      ________      ________
                  0             0             0


           LAMBDA
              ACADEMIC      SAFETY        FLIT          FCFMLRTY      FLCONFIN
              ________      ________      ________      ________      ________
 FLIT               0             0             0             0             0
 PERFEED            0             0             0             0             0
 TEACHINT           6             0             0             0             0
 FLSCHOOL           7             0             0             0             0
 BELONG             0             0             0             0             0
 BULLY              0             8             0             0             0
 FCFMLRTY           0             0             0             0             0
 FLCONFIN           0             0             0             0             0
 FLFAMILY           0             0             0             0             0
 MALE               0             0             0             0             0
 IMMI1GEN           0             0             0             0             0
 IMMI2GEN           0             0             0             0             0
 ESCS               0             0             0             0             0


           LAMBDA
              FLFAMILY      MALE          IMMI1GEN      IMMI2GEN      ESCS
              ________      ________      ________      ________      ________
 FLIT               0             0             0             0             0
 PERFEED            0             0             0             0             0
 TEACHINT           0             0             0             0             0
 FLSCHOOL           0             0             0             0             0
 BELONG             0             0             0             0             0
 BULLY              0             0             0             0             0
 FCFMLRTY           0             0             0             0             0
 FLCONFIN           0             0             0             0             0
 FLFAMILY           0             0             0             0             0
 MALE               0             0             0             0             0
 IMMI1GEN           0             0             0             0             0
 IMMI2GEN           0             0             0             0             0
 ESCS               0             0             0             0             0


           THETA
              FLIT          PERFEED       TEACHINT      FLSCHOOL      BELONG
              ________      ________      ________      ________      ________
 FLIT               0
 PERFEED            0             9
 TEACHINT           0             0            10
 FLSCHOOL           0             0             0            11
 BELONG             0             0             0             0            12
 BULLY              0             0             0             0             0
 FCFMLRTY           0             0             0             0             0
 FLCONFIN           0             0             0             0             0
 FLFAMILY           0             0             0             0             0
 MALE               0             0             0             0             0
 IMMI1GEN           0             0             0             0             0
 IMMI2GEN           0             0             0             0             0
 ESCS               0             0             0             0             0


           THETA
              BULLY         FCFMLRTY      FLCONFIN      FLFAMILY      MALE
              ________      ________      ________      ________      ________
 BULLY             13
 FCFMLRTY           0             0
 FLCONFIN           0             0             0
 FLFAMILY           0             0             0             0
 MALE               0             0             0             0             0
 IMMI1GEN           0             0             0             0             0
 IMMI2GEN           0             0             0             0             0
 ESCS               0             0             0             0             0


           THETA
              IMMI1GEN      IMMI2GEN      ESCS
              ________      ________      ________
 IMMI1GEN           0
 IMMI2GEN           0             0
 ESCS               0             0             0


           ALPHA
              ACADEMIC      SAFETY        FLIT          FCFMLRTY      FLCONFIN
              ________      ________      ________      ________      ________
                  0             0            14            15            16


           ALPHA
              FLFAMILY      MALE          IMMI1GEN      IMMI2GEN      ESCS
              ________      ________      ________      ________      ________
                 17             0             0             0             0


           BETA
              ACADEMIC      SAFETY        FLIT          FCFMLRTY      FLCONFIN
              ________      ________      ________      ________      ________
 ACADEMIC           0             0             0             0             0
 SAFETY             0             0             0             0             0
 FLIT              18            19             0            20            21
 FCFMLRTY          27            28             0             0             0
 FLCONFIN          30            31             0             0             0
 FLFAMILY           0             0             0             0             0
 MALE               0             0             0             0             0
 IMMI1GEN           0             0             0             0             0
 IMMI2GEN           0             0             0             0             0
 ESCS               0             0             0             0             0


           BETA
              FLFAMILY      MALE          IMMI1GEN      IMMI2GEN      ESCS
              ________      ________      ________      ________      ________
 ACADEMIC           0             0             0             0             0
 SAFETY             0             0             0             0             0
 FLIT              22            23            24            25            26
 FCFMLRTY          29             0             0             0             0
 FLCONFIN          32             0             0             0             0
 FLFAMILY           0             0             0             0             0
 MALE               0             0             0             0             0
 IMMI1GEN           0             0             0             0             0
 IMMI2GEN           0             0             0             0             0
 ESCS               0             0             0             0             0


           PSI
              ACADEMIC      SAFETY        FLIT          FCFMLRTY      FLCONFIN
              ________      ________      ________      ________      ________
 ACADEMIC          33
 SAFETY            34            35
 FLIT               0             0            36
 FCFMLRTY           0             0             0            37
 FLCONFIN           0             0             0            38            39
 FLFAMILY          40            41             0             0             0
 MALE               0             0             0             0             0
 IMMI1GEN           0             0             0             0             0
 IMMI2GEN           0             0             0             0             0
 ESCS               0             0             0             0             0


           PSI
              FLFAMILY      MALE          IMMI1GEN      IMMI2GEN      ESCS
              ________      ________      ________      ________      ________
 FLFAMILY          42
 MALE               0             0
 IMMI1GEN           0             0             0
 IMMI2GEN           0             0             0             0
 ESCS               0             0             0             0             0


     STARTING VALUES


           NU
              FLIT          PERFEED       TEACHINT      FLSCHOOL      BELONG
              ________      ________      ________      ________      ________
                0.000         0.213         0.261         0.087        -0.141


           NU
              BULLY         FCFMLRTY      FLCONFIN      FLFAMILY      MALE
              ________      ________      ________      ________      ________
               -0.196         0.000         0.000         0.000         0.000


           NU
              IMMI1GEN      IMMI2GEN      ESCS
              ________      ________      ________
                0.000         0.000         0.000


           LAMBDA
              ACADEMIC      SAFETY        FLIT          FCFMLRTY      FLCONFIN
              ________      ________      ________      ________      ________
 FLIT           0.000         0.000         1.000         0.000         0.000
 PERFEED        1.000         0.000         0.000         0.000         0.000
 TEACHINT       1.000         0.000         0.000         0.000         0.000
 FLSCHOOL       1.000         0.000         0.000         0.000         0.000
 BELONG         0.000         1.000         0.000         0.000         0.000
 BULLY          0.000         0.585         0.000         0.000         0.000
 FCFMLRTY       0.000         0.000         0.000         1.000         0.000
 FLCONFIN       0.000         0.000         0.000         0.000         1.000
 FLFAMILY       0.000         0.000         0.000         0.000         0.000
 MALE           0.000         0.000         0.000         0.000         0.000
 IMMI1GEN       0.000         0.000         0.000         0.000         0.000
 IMMI2GEN       0.000         0.000         0.000         0.000         0.000
 ESCS           0.000         0.000         0.000         0.000         0.000


           LAMBDA
              FLFAMILY      MALE          IMMI1GEN      IMMI2GEN      ESCS
              ________      ________      ________      ________      ________
 FLIT           0.000         0.000         0.000         0.000         0.000
 PERFEED        0.000         0.000         0.000         0.000         0.000
 TEACHINT       0.000         0.000         0.000         0.000         0.000
 FLSCHOOL       0.000         0.000         0.000         0.000         0.000
 BELONG         0.000         0.000         0.000         0.000         0.000
 BULLY          0.000         0.000         0.000         0.000         0.000
 FCFMLRTY       0.000         0.000         0.000         0.000         0.000
 FLCONFIN       0.000         0.000         0.000         0.000         0.000
 FLFAMILY       1.000         0.000         0.000         0.000         0.000
 MALE           0.000         1.000         0.000         0.000         0.000
 IMMI1GEN       0.000         0.000         1.000         0.000         0.000
 IMMI2GEN       0.000         0.000         0.000         1.000         0.000
 ESCS           0.000         0.000         0.000         0.000         1.000


           THETA
              FLIT          PERFEED       TEACHINT      FLSCHOOL      BELONG
              ________      ________      ________      ________      ________
 FLIT           0.000
 PERFEED        0.000         0.504
 TEACHINT       0.000         0.000         0.429
 FLSCHOOL       0.000         0.000         0.000         0.557
 BELONG         0.000         0.000         0.000         0.000         0.431
 BULLY          0.000         0.000         0.000         0.000         0.000
 FCFMLRTY       0.000         0.000         0.000         0.000         0.000
 FLCONFIN       0.000         0.000         0.000         0.000         0.000
 FLFAMILY       0.000         0.000         0.000         0.000         0.000
 MALE           0.000         0.000         0.000         0.000         0.000
 IMMI1GEN       0.000         0.000         0.000         0.000         0.000
 IMMI2GEN       0.000         0.000         0.000         0.000         0.000
 ESCS           0.000         0.000         0.000         0.000         0.000


           THETA
              BULLY         FCFMLRTY      FLCONFIN      FLFAMILY      MALE
              ________      ________      ________      ________      ________
 BULLY          0.595
 FCFMLRTY       0.000         0.000
 FLCONFIN       0.000         0.000         0.000
 FLFAMILY       0.000         0.000         0.000         0.000
 MALE           0.000         0.000         0.000         0.000         0.000
 IMMI1GEN       0.000         0.000         0.000         0.000         0.000
 IMMI2GEN       0.000         0.000         0.000         0.000         0.000
 ESCS           0.000         0.000         0.000         0.000         0.000


           THETA
              IMMI1GEN      IMMI2GEN      ESCS
              ________      ________      ________
 IMMI1GEN       0.000
 IMMI2GEN       0.000         0.000
 ESCS           0.000         0.000         0.000


           ALPHA
              ACADEMIC      SAFETY        FLIT          FCFMLRTY      FLCONFIN
              ________      ________      ________      ________      ________
                0.000         0.000       447.743         6.282        -0.158


           ALPHA
              FLFAMILY      MALE          IMMI1GEN      IMMI2GEN      ESCS
              ________      ________      ________      ________      ________
                0.125         0.495         0.026         0.062        -0.754


           BETA
              ACADEMIC      SAFETY        FLIT          FCFMLRTY      FLCONFIN
              ________      ________      ________      ________      ________
 ACADEMIC       0.000         0.000         0.000         0.000         0.000
 SAFETY         0.000         0.000         0.000         0.000         0.000
 FLIT           0.000         0.000         0.000         0.000         0.000
 FCFMLRTY       0.000         0.000         0.000         0.000         0.000
 FLCONFIN       0.000         0.000         0.000         0.000         0.000
 FLFAMILY       0.000         0.000         0.000         0.000         0.000
 MALE           0.000         0.000         0.000         0.000         0.000
 IMMI1GEN       0.000         0.000         0.000         0.000         0.000
 IMMI2GEN       0.000         0.000         0.000         0.000         0.000
 ESCS           0.000         0.000         0.000         0.000         0.000


           BETA
              FLFAMILY      MALE          IMMI1GEN      IMMI2GEN      ESCS
              ________      ________      ________      ________      ________
 ACADEMIC       0.000         0.000         0.000         0.000         0.000
 SAFETY         0.000         0.000         0.000         0.000         0.000
 FLIT           0.000         0.000         0.000         0.000         0.000
 FCFMLRTY       0.000         0.000         0.000         0.000         0.000
 FLCONFIN       0.000         0.000         0.000         0.000         0.000
 FLFAMILY       0.000         0.000         0.000         0.000         0.000
 MALE           0.000         0.000         0.000         0.000         0.000
 IMMI1GEN       0.000         0.000         0.000         0.000         0.000
 IMMI2GEN       0.000         0.000         0.000         0.000         0.000
 ESCS           0.000         0.000         0.000         0.000         0.000


           PSI
              ACADEMIC      SAFETY        FLIT          FCFMLRTY      FLCONFIN
              ________      ________      ________      ________      ________
 ACADEMIC       0.050
 SAFETY         0.000         0.050
 FLIT           0.000         0.000      5563.453
 FCFMLRTY       0.000         0.000         0.000        13.752
 FLCONFIN       0.000         0.000         0.000         0.000         0.507
 FLFAMILY       0.000         0.000         0.000         0.000         0.000
 MALE           0.000         0.000         0.000         0.000         0.000
 IMMI1GEN       0.000         0.000         0.000         0.000         0.000
 IMMI2GEN       0.000         0.000         0.000         0.000         0.000
 ESCS           0.000         0.000         0.000         0.000         0.000


           PSI
              FLFAMILY      MALE          IMMI1GEN      IMMI2GEN      ESCS
              ________      ________      ________      ________      ________
 FLFAMILY       0.567
 MALE           0.000         0.250
 IMMI1GEN       0.000         0.000         0.025
 IMMI2GEN       0.000        -0.001        -0.002         0.058
 ESCS           0.000         0.017         0.010         0.021         1.706


DIAGRAM INFORMATION

  Use View Diagram under the Diagram menu in the Mplus Editor to view the diagram.
  If running Mplus from the Mplus Diagrammer, the diagram opens automatically.

  Diagram output
    m:\pc\dokumenter\msc\thesis\mplus\m1.5\l1_only_no_num_lit.dgm

     Beginning Time:  18:46:49
        Ending Time:  18:47:52
       Elapsed Time:  00:01:03



MUTHEN & MUTHEN
3463 Stoner Ave.
Los Angeles, CA  90066

Tel: (310) 391-9971
Fax: (310) 391-8971
Web: www.StatModel.com
Support: Support@StatModel.com

Copyright (c) 1998-2019 Muthen & Muthen
