Mplus VERSION 8.3
MUTHEN & MUTHEN
12/17/2020   4:07 PM

INPUT INSTRUCTIONS

  TITLE:
      M2: Financial literacy 2-level saturated model


  DATA:
      file = "C:\Users\tctan\implist.dat";

      type = imputation;


  VARIABLE:
      names =
          FKI CNTRYID CNTSCHID CNTSTUID W_STU
          MATH READ FLIT              ! Financial literacy
          MALE IMMI1GEN IMMI2GEN ESCS ! Control variables
          FCFMLRTY FLCONFIN           ! Mediators
          PERFEED TEACHINT FLSCHOOL   ! Lat var "Academic"
          BELONG NOBULLY              ! Lat var "Safety"
          FLFAMILY                    ! Lat var "Community"
          W_SCH STRATIO               ! School character
          EDUSHTG STAFFSHT             ! School resource shortage
          ;

      usev =
          FLIT                        ! Regressant
          FLSCHOOL                    !   "Academic"
          NOBULLY                     !   "Safety"
          FLFAMILY                    !   "Community" (Financial socialisation)
          EDUSHTG STRATIO               !   "Institutional environment"
          FCFMLRTY FLCONFIN           !   Mediators
          MALE IMMI1GEN IMMI2GEN ESCS !   Control: demographic

          ;

      ! Nested by schools
      cluster = CNTSCHID;

      ! Only list vars that are used EXCLUSIVELY on L1
      within =
          FCFMLRTY FLCONFIN
          MALE IMMI1GEN IMMI2GEN ESCS
          ;

      between =
          EDUSHTG STRATIO
          ;

      missing = all (-99);

      ! Student weights
      weight = W_STU;
      ! Schoo weights
      bweight = W_SCH;


  ANALYSIS:
      type = twolevel;

      estimator = MLR;

      processors = 8;



  MODEL:

  %Within% ! L1: Student-level

      ! Indirect pathways: school climate vars onto mediators
          ! Onto mediator FAMILIARITY
      FCFMLRTY on FLSCHOOL NOBULLY FLFAMILY;
          ! Onto mediator CONFIDENCE
      FLCONFIN on FLSCHOOL NOBULLY FLFAMILY;

      ! Covariances between school climate vars
      FLSCHOOL with NOBULLY;
      FLSCHOOL with FLFAMILY;
      NOBULLY with FLFAMILY;
      ! Covariance between mediators
      FCFMLRTY with FLCONFIN;

      ! Total effect
      FLIT on
          FLSCHOOL NOBULLY FLFAMILY  ! Input variables
          FCFMLRTY FLCONFIN               ! Mediators
          MALE IMMI1GEN IMMI2GEN ESCS     ! Control: demographic
          ;

  %Between% ! L2: School-level (Saturated model)

      FLIT-STRATIO WITH FLIT-STRATIO;


  MODEL INDIRECT:

      ! Indirect effects
      FLIT ind FLSCHOOL;
      FLIT ind NOBULLY;
      FLIT ind FLFAMILY;

  OUTPUT:
      sampstat stdyx;



*** WARNING in MODEL command
  In the MODEL command, the following variable is a y-variable on the BETWEEN
  level and an x-variable on the WITHIN level.  This variable will be treated
  as a y-variable on both levels:  FLSCHOOL
*** WARNING in MODEL command
  In the MODEL command, the following variable is a y-variable on the BETWEEN
  level and an x-variable on the WITHIN level.  This variable will be treated
  as a y-variable on both levels:  NOBULLY
*** WARNING in MODEL command
  In the MODEL command, the following variable is a y-variable on the BETWEEN
  level and an x-variable on the WITHIN level.  This variable will be treated
  as a y-variable on both levels:  FLFAMILY
   3 WARNING(S) FOUND IN THE INPUT INSTRUCTIONS




M2: Financial literacy 2-level saturated model

SUMMARY OF ANALYSIS

Number of groups                                                 1
Average number of observations                               91131

Number of replications
    Requested                                                   10
    Completed                                                   10

Number of dependent variables                                    8
Number of independent variables                                  4
Number of continuous latent variables                            0

Observed dependent variables

  Continuous
   EDUSHTG     STRATIO     FLIT        FLSCHOOL    NOBULLY     FLFAMILY
   FCFMLRTY    FLCONFIN

Observed independent variables
   MALE        IMMI1GEN    IMMI2GEN    ESCS

Variables with special functions

  Cluster variable      CNTSCHID
  Weight variable (cluster-size scaling)
    W_STU
  Between weight variable (sample-size scaling)
    W_SCH

  Within variables
   FCFMLRTY    FLCONFIN    MALE        IMMI1GEN    IMMI2GEN    ESCS

  Between variables
   EDUSHTG     STRATIO


Estimator                                                      MLR
Information matrix                                        OBSERVED
Maximum number of iterations                                   100
Convergence criterion                                    0.100D-05
Maximum number of EM iterations                                500
Convergence criteria for the EM algorithm
  Loglikelihood change                                   0.100D-02
  Relative loglikelihood change                          0.100D-05
  Derivative                                             0.100D-03
Minimum variance                                         0.100D-03
Maximum number of steepest descent iterations                   20
Maximum number of iterations for H1                           2000
Convergence criterion for H1                             0.100D-03
Optimization algorithm                                         EMA

Input data file(s)
  Multiple data files from
    C:\Users\tctan\implist.dat
Input data format  FREE


SUMMARY OF DATA FOR THE FIRST DATA SET

     Number of missing data patterns           112
     Number of clusters                       5830

     Average cluster size       15.631

     Estimated Intraclass Correlations for the Y Variables

                Intraclass              Intraclass              Intraclass
     Variable  Correlation   Variable  Correlation   Variable  Correlation

     FLIT         0.322      FLSCHOOL     0.117      NOBULLY      0.047
     FLFAMILY     0.030      FCFMLRTY     0.000      FLCONFIN     0.000



SUMMARY OF MISSING DATA PATTERNS FOR THE FIRST DATA SET


     MISSING DATA PATTERNS (x = not missing)

           1  2  3  4  5  6  7  8  9 10 11 12 13 14 15 16 17 18 19 20
 EDUSHTG   x  x     x  x  x        x  x     x  x     x  x  x  x  x
 STRATIO   x  x  x     x  x        x  x     x  x  x        x  x  x
 FLIT      x  x  x  x  x  x  x  x  x  x  x  x  x  x  x  x  x  x  x  x
 FLSCHOOL  x  x  x  x     x  x  x        x  x  x     x  x  x
 NOBULLY   x                 x     x     x  x  x        x     x  x  x
 FLFAMILY  x  x  x  x     x     x        x     x        x        x
 FCFMLRTY  x  x  x  x  x  x  x  x        x  x  x  x  x  x  x  x  x  x
 FLCONFIN  x  x  x                       x              x     x  x  x
 MALE      x  x  x  x  x  x  x  x  x  x  x  x  x  x  x  x  x  x  x  x
 IMMI1GEN  x  x  x  x  x  x  x  x  x  x  x  x  x  x  x  x  x  x  x  x
 IMMI2GEN  x  x  x  x  x  x  x  x  x  x  x  x  x  x  x  x  x  x  x  x
 ESCS      x  x  x  x  x  x  x  x  x  x  x  x  x  x  x  x  x  x  x  x

          21 22 23 24 25 26 27 28 29 30 31 32 33 34 35 36 37 38 39 40
 EDUSHTG   x  x  x  x  x  x     x  x  x  x  x                       x
 STRATIO   x     x  x  x  x  x  x  x        x  x  x  x        x  x  x
 FLIT      x  x  x  x  x  x  x  x  x  x  x  x  x  x  x  x  x  x  x  x
 FLSCHOOL     x     x  x     x                 x  x  x  x     x
 NOBULLY   x     x  x        x  x  x                          x  x  x
 FLFAMILY     x           x  x  x  x              x     x           x
 FCFMLRTY  x  x     x  x  x  x     x  x     x  x  x  x  x  x  x  x
 FLCONFIN     x  x  x  x  x  x              x        x  x           x
 MALE      x  x  x  x  x  x  x  x  x  x  x  x  x  x  x  x  x  x  x  x
 IMMI1GEN  x  x  x  x  x  x  x  x  x  x  x  x  x  x  x  x  x  x  x  x
 IMMI2GEN  x  x  x  x  x  x  x  x  x  x  x  x  x  x  x  x  x  x  x  x
 ESCS      x  x  x  x  x  x  x  x  x  x  x  x  x  x  x  x  x  x  x  x

          41 42 43 44 45 46 47 48 49 50 51 52 53 54 55 56 57 58 59 60
 EDUSHTG         x  x        x  x  x  x  x  x  x     x  x        x  x
 STRATIO         x  x  x  x  x  x  x  x  x           x              x
 FLIT      x  x  x  x  x  x  x  x  x  x  x  x  x  x  x  x  x  x  x  x
 FLSCHOOL     x  x        x     x        x           x     x        x
 NOBULLY      x  x        x                    x        x           x
 FLFAMILY  x  x  x  x     x  x  x  x     x  x                 x  x  x
 FCFMLRTY  x  x           x  x              x           x  x  x
 FLCONFIN        x  x                 x  x                    x
 MALE      x  x  x  x  x  x  x  x  x  x  x  x  x  x  x  x  x  x  x  x
 IMMI1GEN  x  x  x  x  x  x  x  x  x  x  x  x  x  x  x  x  x  x  x  x
 IMMI2GEN  x  x  x  x  x  x  x  x  x  x  x  x  x  x  x  x  x  x  x  x
 ESCS      x  x  x  x  x  x  x  x  x  x  x  x  x  x  x  x  x  x  x  x

          61 62 63 64 65 66 67 68 69 70 71 72 73 74 75 76 77 78 79 80
 EDUSHTG            x  x  x           x  x     x  x     x
 STRATIO                              x                 x
 FLIT      x  x  x  x  x  x  x  x  x  x  x  x  x  x  x  x  x  x  x  x
 FLSCHOOL        x  x  x  x  x  x     x     x     x     x     x     x
 NOBULLY   x  x     x  x           x  x  x  x  x  x  x        x  x
 FLFAMILY     x        x     x  x        x  x  x  x  x           x
 FCFMLRTY        x  x  x  x        x     x     x     x     x  x
 FLCONFIN     x  x        x     x        x  x     x     x  x  x
 MALE      x  x  x  x  x  x  x  x  x  x  x  x  x  x  x  x  x  x  x  x
 IMMI1GEN  x  x  x  x  x  x  x  x  x  x  x  x  x  x  x  x  x  x  x  x
 IMMI2GEN  x  x  x  x  x  x  x  x  x  x  x  x  x  x  x  x  x  x  x  x
 ESCS      x  x  x  x  x  x  x  x  x  x  x  x  x  x  x  x  x  x  x  x

          81 82 83 84 85 86 87 88 89 90 91 92 93 94 95 96 97 98 99 100
 EDUSHTG      x  x           x  x  x        x  x     x  x  x         x
 STRATIO      x     x     x              x        x           x
 FLIT      x  x  x  x  x  x  x  x  x  x  x  x  x  x  x  x  x  x  x   x
 FLSCHOOL     x  x                    x  x     x        x  x     x   x
 NOBULLY      x  x  x  x  x        x  x  x        x  x  x
 FLFAMILY  x        x  x        x  x  x     x  x                     x
 FCFMLRTY        x  x  x     x           x  x     x  x        x
 FLCONFIN     x  x  x  x     x  x        x  x     x  x        x  x   x
 MALE      x  x  x  x  x  x  x  x  x  x  x  x  x  x  x  x  x  x  x   x
 IMMI1GEN  x  x  x  x  x  x  x  x  x  x  x  x  x  x  x  x  x  x  x   x
 IMMI2GEN  x  x  x  x  x  x  x  x  x  x  x  x  x  x  x  x  x  x  x   x
 ESCS      x  x  x  x  x  x  x  x  x  x  x  x  x  x  x  x  x  x  x   x

          101 102 103 104 105 106 107 108 109 110 111 112
 EDUSHTG    x       x       x                       x   x
 STRATIO                x       x   x   x   x
 FLIT       x   x   x   x   x   x   x   x   x   x   x   x
 FLSCHOOL   x               x   x               x   x
 NOBULLY    x               x   x       x       x       x
 FLFAMILY       x       x   x       x   x   x           x
 FCFMLRTY               x           x   x
 FLCONFIN   x   x   x               x               x   x
 MALE       x   x   x   x   x   x   x   x   x   x   x   x
 IMMI1GEN   x   x   x   x   x   x   x   x   x   x   x   x
 IMMI2GEN   x   x   x   x   x   x   x   x   x   x   x   x
 ESCS       x   x   x   x   x   x   x   x   x   x   x   x


     MISSING DATA PATTERN FREQUENCIES

    Pattern   Frequency     Pattern   Frequency     Pattern   Frequency
          1       59429          39           9          77           6
          2        9670          40          42          78           5
          3          89          41           8          79           2
          4         223          42          51          80           2
          5        1578          43         176          81           7
          6        2827          44          37          82          20
          7          19          45          18          83          20
          8         103          46          15          84           2
          9        1204          47         167          85           6
         10        1747          48          75          86           8
         11        2422          49          92          87           6
         12         377          50          49          88           2
         13        1612          51          74          89           5
         14          22          52           9          90           6
         15          52          53          79          91           5
         16        3389          54          83          92           8
         17         865          55         106          93           2
         18         113          56          33          94           5
         19         210          57          34          95           6
         20           8          58           8          96           4
         21         690          59           7          97           4
         22         523          60          74          98           1
         23          36          61          77          99           2
         24         296          62           1         100           3
         25         181          63           3         101           3
         26         125          64          21         102           1
         27         652          65          94         103           1
         28          54          66           9         104           1
         29         131          67           5         105           1
         30          88          68           9         106           1
         31         109          69          41         107           2
         32         113          70          39         108           2
         33          11          71          10         109           1
         34          39          72           8         110           1
         35           6          73           5         111           3
         36         267          74           3         112           2
         37          80          75           7
         38           5          76          32


COVARIANCE COVERAGE OF DATA FOR THE FIRST DATA SET

Minimum covariance coverage value   0.100


     PROPORTION OF DATA PRESENT


           Covariance Coverage
              EDUSHTG       STRATIO       FLIT          FLSCHOOL      NOBULLY
              ________      ________      ________      ________      ________
 EDUSHTG        0.954
 STRATIO        0.902         0.912
 FLIT           0.954         0.912         1.000
 FLSCHOOL       0.880         0.841         0.921         0.921
 NOBULLY        0.748         0.716         0.785         0.754         0.785
 FLFAMILY       0.868         0.830         0.909         0.898         0.751
 FCFMLRTY       0.909         0.870         0.953         0.914         0.765
 FLCONFIN       0.819         0.783         0.857         0.848         0.734
 MALE           0.954         0.912         1.000         0.921         0.785
 IMMI1GEN       0.954         0.912         1.000         0.921         0.785
 IMMI2GEN       0.954         0.912         1.000         0.921         0.785
 ESCS           0.954         0.912         1.000         0.921         0.785


           Covariance Coverage
              FLFAMILY      FCFMLRTY      FLCONFIN      MALE          IMMI1GEN
              ________      ________      ________      ________      ________
 FLFAMILY       0.909
 FCFMLRTY       0.901         0.953
 FLCONFIN       0.847         0.851         0.857
 MALE           0.909         0.953         0.857         1.000
 IMMI1GEN       0.909         0.953         0.857         1.000         1.000
 IMMI2GEN       0.909         0.953         0.857         1.000         1.000
 ESCS           0.909         0.953         0.857         1.000         1.000


           Covariance Coverage
              IMMI2GEN      ESCS
              ________      ________
 IMMI2GEN       1.000
 ESCS           1.000         1.000


SAMPLE STATISTICS

NOTE:  The sample statistics for within and between refer to the
       maximum-likelihood estimated within and between covariance
       matrices, respectively.

NOTE:  These are average results over 10 data sets.


     ESTIMATED SAMPLE STATISTICS FOR WITHIN


           Means
              EDUSHTG       STRATIO       FLIT          FLSCHOOL      NOBULLY
              ________      ________      ________      ________      ________
                0.000         0.000         0.000         0.000         0.000


           Means
              FLFAMILY      FCFMLRTY      FLCONFIN      MALE          IMMI1GEN
              ________      ________      ________      ________      ________
                0.000         6.676        -0.115         0.492         0.026


           Means
              IMMI2GEN      ESCS
              ________      ________
                0.068        -0.552


           Covariances
              EDUSHTG       STRATIO       FLIT          FLSCHOOL      NOBULLY
              ________      ________      ________      ________      ________
 EDUSHTG        0.000
 STRATIO        0.000         0.000
 FLIT           0.000         0.000      6522.201
 FLSCHOOL       0.000         0.000        -1.483         0.996
 NOBULLY        0.000         0.000        -5.712         0.039         1.111
 FLFAMILY       0.000         0.000         2.438         0.269         0.061
 FCFMLRTY       0.000         0.000       106.834         1.643        -0.168
 FLCONFIN       0.000         0.000         6.439         0.231         0.025
 MALE           0.000         0.000         0.872         0.028         0.047
 IMMI1GEN       0.000         0.000        -0.483        -0.001        -0.001
 IMMI2GEN       0.000         0.000         0.444        -0.002        -0.006
 ESCS           0.000         0.000        30.960         0.080         0.009


           Covariances
              FLFAMILY      FCFMLRTY      FLCONFIN      MALE          IMMI1GEN
              ________      ________      ________      ________      ________
 FLFAMILY       1.100
 FCFMLRTY       1.107        28.721
 FLCONFIN       0.233         1.408         1.007
 MALE          -0.022         0.090         0.066         0.250
 IMMI1GEN      -0.001        -0.015         0.000         0.000         0.025
 IMMI2GEN       0.001        -0.028        -0.009        -0.001        -0.002
 ESCS           0.140         1.695         0.103         0.016         0.006


           Covariances
              IMMI2GEN      ESCS
              ________      ________
 IMMI2GEN       0.063
 ESCS           0.011         1.596


           Correlations
              EDUSHTG       STRATIO       FLIT          FLSCHOOL      NOBULLY
              ________      ________      ________      ________      ________
 EDUSHTG        0.000
 STRATIO        0.000         0.000
 FLIT           0.000         0.000         1.000
 FLSCHOOL       0.000         0.000        -0.018         1.000
 NOBULLY        0.000         0.000        -0.067         0.037         1.000
 FLFAMILY       0.000         0.000         0.029         0.257         0.055
 FCFMLRTY       0.000         0.000         0.247         0.307        -0.030
 FLCONFIN       0.000         0.000         0.079         0.231         0.024
 MALE           0.000         0.000         0.022         0.056         0.089
 IMMI1GEN       0.000         0.000        -0.038        -0.007        -0.006
 IMMI2GEN       0.000         0.000         0.022        -0.006        -0.022
 ESCS           0.000         0.000         0.303         0.063         0.007


           Correlations
              FLFAMILY      FCFMLRTY      FLCONFIN      MALE          IMMI1GEN
              ________      ________      ________      ________      ________
 FLFAMILY       1.000
 FCFMLRTY       0.197         1.000
 FLCONFIN       0.221         0.262         1.000
 MALE          -0.041         0.034         0.131         1.000
 IMMI1GEN      -0.004        -0.017         0.001        -0.005         1.000
 IMMI2GEN       0.003        -0.021        -0.034        -0.007        -0.044
 ESCS           0.106         0.250         0.081         0.025         0.031


           Correlations
              IMMI2GEN      ESCS
              ________      ________
 IMMI2GEN       1.000
 ESCS           0.036         1.000


     ESTIMATED SAMPLE STATISTICS FOR BETWEEN


           Means
              EDUSHTG       STRATIO       FLIT          FLSCHOOL      NOBULLY
              ________      ________      ________      ________      ________
                0.206        18.452       456.449         0.126         0.201


           Means
              FLFAMILY      FCFMLRTY      FLCONFIN      MALE          IMMI1GEN
              ________      ________      ________      ________      ________
                0.130         0.000         0.000         0.000         0.000


           Means
              IMMI2GEN      ESCS
              ________      ________
                0.000         0.000


           Covariances
              EDUSHTG       STRATIO       FLIT          FLSCHOOL      NOBULLY
              ________      ________      ________      ________      ________
 EDUSHTG        1.547
 STRATIO       -0.871       134.446
 FLIT         -33.125       -63.392      3086.977
 FLSCHOOL       0.158        -0.323       -11.545         0.132
 NOBULLY        0.067         0.028        -6.393         0.041         0.055
 FLFAMILY       0.012         0.410        -3.868         0.014         0.004
 FCFMLRTY       0.000         0.000         0.000         0.000         0.000
 FLCONFIN       0.000         0.000         0.000         0.000         0.000
 MALE           0.000         0.000         0.000         0.000         0.000
 IMMI1GEN       0.000         0.000         0.000         0.000         0.000
 IMMI2GEN       0.000         0.000         0.000         0.000         0.000
 ESCS           0.000         0.000         0.000         0.000         0.000


           Covariances
              FLFAMILY      FCFMLRTY      FLCONFIN      MALE          IMMI1GEN
              ________      ________      ________      ________      ________
 FLFAMILY       0.034
 FCFMLRTY       0.000         0.000
 FLCONFIN       0.000         0.000         0.000
 MALE           0.000         0.000         0.000         0.000
 IMMI1GEN       0.000         0.000         0.000         0.000         0.000
 IMMI2GEN       0.000         0.000         0.000         0.000         0.000
 ESCS           0.000         0.000         0.000         0.000         0.000


           Covariances
              IMMI2GEN      ESCS
              ________      ________
 IMMI2GEN       0.000
 ESCS           0.000         0.000


           Correlations
              EDUSHTG       STRATIO       FLIT          FLSCHOOL      NOBULLY
              ________      ________      ________      ________      ________
 EDUSHTG        1.000
 STRATIO       -0.060         1.000
 FLIT          -0.479        -0.098         1.000
 FLSCHOOL       0.350        -0.077        -0.572         1.000
 NOBULLY        0.228         0.010        -0.491         0.479         1.000
 FLFAMILY       0.054         0.192        -0.379         0.216         0.089
 FCFMLRTY       0.000         0.000         0.000         0.000         0.000
 FLCONFIN       0.000         0.000         0.000         0.000         0.000
 MALE           0.000         0.000         0.000         0.000         0.000
 IMMI1GEN       0.000         0.000         0.000         0.000         0.000
 IMMI2GEN       0.000         0.000         0.000         0.000         0.000
 ESCS           0.000         0.000         0.000         0.000         0.000


           Correlations
              FLFAMILY      FCFMLRTY      FLCONFIN      MALE          IMMI1GEN
              ________      ________      ________      ________      ________
 FLFAMILY       1.000
 FCFMLRTY       0.000         0.000
 FLCONFIN       0.000         0.000         0.000
 MALE           0.000         0.000         0.000         0.000
 IMMI1GEN       0.000         0.000         0.000         0.000         0.000
 IMMI2GEN       0.000         0.000         0.000         0.000         0.000
 ESCS           0.000         0.000         0.000         0.000         0.000


           Correlations
              IMMI2GEN      ESCS
              ________      ________
 IMMI2GEN       0.000
 ESCS           0.000         0.000




MODEL FIT INFORMATION

Number of Free Parameters                       54

Loglikelihood

    H0 Value

        Mean                          -1288726.709
        Std Dev                            551.290
        Number of successful computations       10

             Proportions                   Percentiles
        Expected    Observed         Expected       Observed
           0.990       1.000     -1290009.174   -1289438.122
           0.980       1.000     -1289858.892   -1289438.122
           0.950       1.000     -1289633.525   -1289438.122
           0.900       0.900     -1289433.242   -1289438.122
           0.800       0.700     -1289190.674   -1289438.122
           0.700       0.700     -1289015.805   -1289363.094
           0.500       0.600     -1288726.709   -1288627.485
           0.300       0.200     -1288437.612   -1288517.350
           0.200       0.100     -1288262.743   -1288487.126
           0.100       0.100     -1288020.176   -1288336.521
           0.050       0.100     -1287819.892   -1288336.521
           0.020       0.100     -1287594.525   -1288336.521
           0.010       0.000     -1287444.243   -1288336.521

    H1 Value

        Mean                          -1284363.281
        Std Dev                            551.757
        Number of successful computations       10

             Proportions                   Percentiles
        Expected    Observed         Expected       Observed
           0.990       1.000     -1285646.833   -1285072.931
           0.980       1.000     -1285496.424   -1285072.931
           0.950       1.000     -1285270.866   -1285072.931
           0.900       0.900     -1285070.413   -1285072.931
           0.800       0.700     -1284827.640   -1285072.931
           0.700       0.700     -1284652.622   -1284996.675
           0.500       0.600     -1284363.281   -1284265.237
           0.300       0.200     -1284073.940   -1284150.888
           0.200       0.100     -1283898.922   -1284123.997
           0.100       0.100     -1283656.149   -1283972.986
           0.050       0.100     -1283455.696   -1283972.986
           0.020       0.100     -1283230.138   -1283972.986
           0.010       0.000     -1283079.729   -1283972.986

Information Criteria

    Akaike (AIC)

        Mean                           2577561.417
        Std Dev                           1102.579
        Number of successful computations       10

             Proportions                   Percentiles
        Expected    Observed         Expected       Observed
           0.990       1.000      2574996.486    2575241.168
           0.980       0.900      2575297.050    2575241.168
           0.950       0.900      2575747.784    2575241.168
           0.900       0.900      2576148.351    2575241.168
           0.800       0.900      2576633.486    2575241.168
           0.700       0.800      2576983.224    2577082.252
           0.500       0.400      2577561.417    2577260.916
           0.300       0.300      2578139.610    2578036.937
           0.200       0.300      2578489.348    2578834.189
           0.100       0.100      2578974.483    2578887.753
           0.050       0.000      2579375.050    2578887.753
           0.020       0.000      2579825.785    2578887.753
           0.010       0.000      2580126.348    2578887.753

    Bayesian (BIC)

        Mean                           2578070.100
        Std Dev                           1102.579
        Number of successful computations       10

             Proportions                   Percentiles
        Expected    Observed         Expected       Observed
           0.990       1.000      2575505.169    2575749.851
           0.980       0.900      2575805.732    2575749.851
           0.950       0.900      2576256.467    2575749.851
           0.900       0.900      2576657.034    2575749.851
           0.800       0.900      2577142.169    2575749.851
           0.700       0.800      2577491.907    2577590.935
           0.500       0.400      2578070.100    2577769.598
           0.300       0.300      2578648.293    2578545.620
           0.200       0.300      2578998.031    2579342.871
           0.100       0.100      2579483.166    2579396.435
           0.050       0.000      2579883.733    2579396.435
           0.020       0.000      2580334.468    2579396.435
           0.010       0.000      2580635.031    2579396.435

    Sample-Size Adjusted BIC (n* = (n + 2) / 24)

        Mean                           2577898.486
        Std Dev                           1102.579
        Number of successful computations       10

             Proportions                   Percentiles
        Expected    Observed         Expected       Observed
           0.990       1.000      2575333.556    2575578.237
           0.980       0.900      2575634.119    2575578.237
           0.950       0.900      2576084.853    2575578.237
           0.900       0.900      2576485.420    2575578.237
           0.800       0.900      2576970.555    2575578.237
           0.700       0.800      2577320.294    2577419.321
           0.500       0.400      2577898.486    2577597.985
           0.300       0.300      2578476.679    2578374.006
           0.200       0.300      2578826.417    2579171.258
           0.100       0.100      2579311.552    2579224.822
           0.050       0.000      2579712.119    2579224.822
           0.020       0.000      2580162.854    2579224.822
           0.010       0.000      2580463.417    2579224.822

Chi-Square Test of Model Fit

        Degrees of freedom                      20

        Mean                              1124.631
        Std Dev                              1.700
        Number of successful computations       10

             Proportions                   Percentiles
        Expected    Observed         Expected       Observed
           0.990       1.000            8.260       1121.325
           0.980       1.000            9.237       1121.325
           0.950       1.000           10.851       1121.325
           0.900       1.000           12.443       1121.325
           0.800       1.000           14.578       1121.325
           0.700       1.000           16.266       1123.879
           0.500       1.000           19.337       1124.310
           0.300       1.000           22.775       1125.256
           0.200       1.000           25.038       1126.218
           0.100       1.000           28.412       1126.809
           0.050       1.000           31.410       1126.809
           0.020       1.000           35.020       1126.809
           0.010       1.000           37.566       1126.809

RMSEA (Root Mean Square Error Of Approximation)

        Mean                                 0.025
        Std Dev                              0.000
        Number of successful computations       10

             Proportions                   Percentiles
        Expected    Observed         Expected       Observed
           0.990       1.000            0.025          0.025
           0.980       1.000            0.025          0.025
           0.950       0.900            0.025          0.025
           0.900       0.900            0.025          0.025
           0.800       0.800            0.025          0.025
           0.700       0.800            0.025          0.025
           0.500       0.500            0.025          0.025
           0.300       0.300            0.025          0.025
           0.200       0.300            0.025          0.025
           0.100       0.100            0.025          0.025
           0.050       0.000            0.025          0.025
           0.020       0.000            0.025          0.025
           0.010       0.000            0.025          0.025

CFI/TLI

    CFI

        Mean                                 0.816
        Std Dev                              0.001
        Number of successful computations       10

             Proportions                   Percentiles
        Expected    Observed         Expected       Observed
           0.990       1.000            0.813          0.815
           0.980       1.000            0.813          0.815
           0.950       1.000            0.814          0.815
           0.900       1.000            0.815          0.815
           0.800       0.700            0.815          0.815
           0.700       0.700            0.816          0.815
           0.500       0.500            0.816          0.816
           0.300       0.300            0.817          0.817
           0.200       0.300            0.818          0.818
           0.100       0.200            0.818          0.818
           0.050       0.000            0.819          0.818
           0.020       0.000            0.819          0.818
           0.010       0.000            0.820          0.818

    TLI

        Mean                                 0.504
        Std Dev                              0.004
        Number of successful computations       10

             Proportions                   Percentiles
        Expected    Observed         Expected       Observed
           0.990       1.000            0.495          0.499
           0.980       1.000            0.496          0.499
           0.950       1.000            0.498          0.499
           0.900       1.000            0.499          0.499
           0.800       0.700            0.501          0.499
           0.700       0.700            0.502          0.500
           0.500       0.500            0.504          0.503
           0.300       0.300            0.506          0.505
           0.200       0.300            0.508          0.509
           0.100       0.200            0.509          0.510
           0.050       0.000            0.511          0.510
           0.020       0.000            0.513          0.510
           0.010       0.000            0.514          0.510

SRMR (Standardized Root Mean Square Residual) for the WITHIN level

        Mean                                 0.052
        Std Dev                              0.000
        Number of successful computations       10

             Proportions                   Percentiles
        Expected    Observed         Expected       Observed
           0.990       1.000            0.052          0.052
           0.980       1.000            0.052          0.052
           0.950       1.000            0.052          0.052
           0.900       0.900            0.052          0.052
           0.800       0.700            0.052          0.052
           0.700       0.600            0.052          0.052
           0.500       0.500            0.052          0.052
           0.300       0.500            0.052          0.052
           0.200       0.300            0.052          0.052
           0.100       0.100            0.052          0.052
           0.050       0.000            0.052          0.052
           0.020       0.000            0.052          0.052
           0.010       0.000            0.052          0.052

SRMR (Standardized Root Mean Square Residual) for the BETWEEN level

        Mean                                 0.064
        Std Dev                              0.001
        Number of successful computations       10

             Proportions                   Percentiles
        Expected    Observed         Expected       Observed
           0.990       1.000            0.062          0.062
           0.980       0.900            0.062          0.062
           0.950       0.900            0.062          0.062
           0.900       0.900            0.063          0.062
           0.800       0.900            0.063          0.062
           0.700       0.700            0.063          0.063
           0.500       0.600            0.064          0.064
           0.300       0.400            0.064          0.064
           0.200       0.200            0.064          0.064
           0.100       0.000            0.065          0.064
           0.050       0.000            0.065          0.064
           0.020       0.000            0.065          0.064
           0.010       0.000            0.065          0.064



MODEL RESULTS

                                                    Two-Tailed   Rate of
                    Estimate       S.E.  Est./S.E.    P-Value    Missing

Within Level

 FCFMLRTY   ON
    FLSCHOOL           1.509      0.053     28.507      0.000      0.000
    NOBULLY           -0.237      0.054     -4.427      0.000      0.001
    FLFAMILY           0.611      0.052     11.819      0.000      0.000

 FLCONFIN   ON
    FLSCHOOL           0.188      0.010     18.832      0.000      0.000
    NOBULLY            0.007      0.010      0.653      0.514      0.000
    FLFAMILY           0.166      0.010     16.136      0.000      0.000

 FLIT       ON
    FLSCHOOL          -7.941      0.918     -8.654      0.000      0.200
    NOBULLY           -4.541      0.756     -6.008      0.000      0.087
    FLFAMILY          -1.504      0.758     -1.984      0.047      0.145
    FCFMLRTY           3.082      0.157     19.688      0.000      0.106
    FLCONFIN           2.674      0.888      3.012      0.003      0.199
    MALE               2.242      1.660      1.351      0.177      0.406
    IMMI1GEN         -21.791      6.311     -3.453      0.001      0.133
    IMMI2GEN           4.399      3.898      1.129      0.259      0.180
    ESCS              16.737      1.076     15.548      0.000      0.156

 FLSCHOOL WITH
    NOBULLY            0.039      0.010      3.762      0.000      0.000
    FLFAMILY           0.268      0.012     22.257      0.000      0.000

 NOBULLY  WITH
    FLFAMILY           0.062      0.010      5.908      0.000      0.000

 FCFMLRTY WITH
    FLCONFIN           0.924      0.049     18.883      0.000      0.000

 Intercepts
    FCFMLRTY           6.695      0.079     84.970      0.000      0.000
    FLCONFIN          -0.115      0.011    -10.835      0.000      0.000

 Variances
    FLSCHOOL           0.997      0.015     68.435      0.000      0.000
    NOBULLY            1.110      0.017     64.076      0.000      0.000
    FLFAMILY           1.096      0.017     64.192      0.000      0.000

 Residual Variances
    FLIT            5614.169    131.802     42.595      0.000      0.381
    FCFMLRTY          25.521      0.332     76.905      0.000      0.000
    FLCONFIN           0.925      0.014     65.349      0.000      0.000

Between Level

 FLIT     WITH
    FLSCHOOL         -12.118      0.949    -12.764      0.000      0.035
    NOBULLY           -6.403      0.851     -7.525      0.000      0.031
    FLFAMILY          -1.758      0.626     -2.808      0.005      0.016
    EDUSHTG          -33.123      3.196    -10.365      0.000      0.040
    STRATIO          -63.912     23.492     -2.721      0.007      0.007

 FLSCHOOL WITH
    NOBULLY            0.042      0.005      7.908      0.000      0.000
    FLFAMILY           0.005      0.004      1.248      0.212      0.000
    EDUSHTG            0.165      0.021      8.005      0.000      0.000
    STRATIO           -0.297      0.190     -1.562      0.118      0.001

 NOBULLY  WITH
    FLFAMILY          -0.001      0.004     -0.347      0.729      0.000
    EDUSHTG            0.068      0.017      3.952      0.000      0.000
    STRATIO           -0.012      0.126     -0.091      0.927      0.001

 FLFAMILY WITH
    EDUSHTG           -0.015      0.014     -1.130      0.258      0.000
    STRATIO            0.332      0.100      3.318      0.001      0.001

 EDUSHTG  WITH
    STRATIO           -0.870      0.495     -1.756      0.079      0.000

 Means
    EDUSHTG            0.206      0.049      4.209      0.000      0.000
    STRATIO           18.452      0.370     49.912      0.000      0.000
    FLIT             444.523      2.670    166.496      0.000      0.138
    FLSCHOOL           0.128      0.016      8.020      0.000      0.000
    NOBULLY            0.200      0.013     15.104      0.000      0.001
    FLFAMILY           0.127      0.011     12.014      0.000      0.001

 Variances
    EDUSHTG            1.547      0.070     22.066      0.000      0.000
    STRATIO          134.463     15.257      8.813      0.000      0.000
    FLIT            3086.381    193.367     15.961      0.000      0.062
    FLSCHOOL           0.137      0.009     16.077      0.000      0.000
    NOBULLY            0.056      0.006      9.050      0.000      0.000
    FLFAMILY           0.029      0.004      7.265      0.000      0.000


STANDARDIZED MODEL RESULTS


STDYX Standardization

                                                    Two-Tailed   Rate of
                    Estimate       S.E.  Est./S.E.    P-Value    Missing

Within Level

 FCFMLRTY   ON
    FLSCHOOL           0.281      0.010     28.840      0.000      0.000
    NOBULLY           -0.047      0.011     -4.415      0.000      0.001
    FLFAMILY           0.119      0.010     11.855      0.000      0.000

 FLCONFIN   ON
    FLSCHOOL           0.187      0.010     19.101      0.000      0.000
    NOBULLY            0.007      0.011      0.653      0.514      0.000
    FLFAMILY           0.173      0.010     16.474      0.000      0.000

 FLIT       ON
    FLSCHOOL          -0.099      0.011     -8.647      0.000      0.230
    NOBULLY           -0.060      0.010     -5.996      0.000      0.090
    FLFAMILY          -0.020      0.010     -1.983      0.047      0.146
    FCFMLRTY           0.207      0.010     21.153      0.000      0.099
    FLCONFIN           0.034      0.011      3.005      0.003      0.201
    MALE               0.014      0.010      1.354      0.176      0.407
    IMMI1GEN          -0.043      0.013     -3.447      0.001      0.134
    IMMI2GEN           0.014      0.012      1.131      0.258      0.178
    ESCS               0.265      0.015     17.704      0.000      0.173

 FLSCHOOL WITH
    NOBULLY            0.037      0.010      3.765      0.000      0.000
    FLFAMILY           0.256      0.010     24.475      0.000      0.000

 NOBULLY  WITH
    FLFAMILY           0.056      0.009      5.984      0.000      0.000

 FCFMLRTY WITH
    FLCONFIN           0.190      0.009     20.274      0.000      0.000

 Intercepts
    FCFMLRTY           1.250      0.016     77.883      0.000      0.000
    FLCONFIN          -0.114      0.011    -10.867      0.000      0.000

 Variances
    FLSCHOOL           1.000      0.000  *********      0.000      0.000
    NOBULLY            1.000      0.000  *********      0.000      0.000
    FLFAMILY           1.000      0.000  *********      0.000      0.000

 Residual Variances
    FLIT               0.880      0.008    104.651      0.000      0.174
    FCFMLRTY           0.889      0.006    143.085      0.000      0.000
    FLCONFIN           0.918      0.006    158.530      0.000      0.000

Between Level

 FLIT     WITH
    FLSCHOOL          -0.589      0.030    -19.943      0.000      0.032
    NOBULLY           -0.486      0.053     -9.195      0.000      0.027
    FLFAMILY          -0.186      0.067     -2.768      0.006      0.018
    EDUSHTG           -0.479      0.032    -14.941      0.000      0.045
    STRATIO           -0.099      0.038     -2.596      0.009      0.007

 FLSCHOOL WITH
    NOBULLY            0.478      0.056      8.501      0.000      0.000
    FLFAMILY           0.086      0.067      1.282      0.200      0.000
    EDUSHTG            0.359      0.039      9.192      0.000      0.000
    STRATIO           -0.069      0.043     -1.597      0.110      0.001

 NOBULLY  WITH
    FLFAMILY          -0.031      0.089     -0.347      0.729      0.000
    EDUSHTG            0.229      0.055      4.167      0.000      0.000
    STRATIO           -0.004      0.046     -0.092      0.927      0.001

 FLFAMILY WITH
    EDUSHTG           -0.073      0.064     -1.133      0.257      0.000
    STRATIO            0.168      0.052      3.208      0.001      0.001

 EDUSHTG  WITH
    STRATIO           -0.060      0.033     -1.837      0.066      0.000

 Means
    EDUSHTG            0.166      0.038      4.347      0.000      0.000
    STRATIO            1.591      0.072     22.101      0.000      0.000
    FLIT               8.002      0.274     29.196      0.000      0.076
    FLSCHOOL           0.346      0.044      7.904      0.000      0.000
    NOBULLY            0.844      0.062     13.666      0.000      0.000
    FLFAMILY           0.747      0.072     10.307      0.000      0.001

 Variances
    EDUSHTG            1.000      0.000  *********      0.000      0.000
    STRATIO            1.000      0.000  *********      0.000      0.000
    FLIT               1.000      0.000  *********      0.000      0.000
    FLSCHOOL           1.000      0.000  *********      0.000      0.000
    NOBULLY            1.000      0.000  *********      0.000      0.000
    FLFAMILY           1.000      0.000  *********      0.000      0.000


R-SQUARE

Within Level

    Observed                                        Two-Tailed   Rate of
    Variable        Estimate       S.E.  Est./S.E.    P-Value    Missing

    FLIT               0.120      0.008     14.242      0.000      0.174
    FCFMLRTY           0.111      0.006     17.879      0.000      0.000
    FLCONFIN           0.082      0.006     14.075      0.000      0.000

Between Level


QUALITY OF NUMERICAL RESULTS

     Average Condition Number for the Information Matrix      0.611E-05
       (ratio of smallest to largest eigenvalue)


TOTAL, TOTAL INDIRECT, SPECIFIC INDIRECT, AND DIRECT EFFECTS


                                                    Two-Tailed   Rate of
                    Estimate       S.E.  Est./S.E.    P-Value    Missing

WITHIN

Effects from FLSCHOOL to FLIT

  Total               -2.791      0.926     -3.015      0.003      0.223
  Total indirect       5.151      0.313     16.439      0.000      0.124

  Specific indirect 1
    FLIT
    FCFMLRTY
    FLSCHOOL           4.649      0.275     16.923      0.000      0.078

  Specific indirect 2
    FLIT
    FLCONFIN
    FLSCHOOL           0.502      0.166      3.022      0.003      0.200

  Direct
    FLIT
    FLSCHOOL          -7.941      0.918     -8.654      0.000      0.200


Effects from NOBULLY to FLIT

  Total               -5.254      0.770     -6.824      0.000      0.083
  Total indirect      -0.713      0.175     -4.079      0.000      0.005

  Specific indirect 1
    FLIT
    FCFMLRTY
    NOBULLY           -0.732      0.169     -4.336      0.000      0.005

  Specific indirect 2
    FLIT
    FLCONFIN
    NOBULLY            0.018      0.029      0.641      0.522      0.009

  Direct
    FLIT
    NOBULLY           -4.541      0.756     -6.008      0.000      0.087


Effects from FLFAMILY to FLIT

  Total                0.822      0.774      1.061      0.289      0.117
  Total indirect       2.326      0.220     10.573      0.000      0.112

  Specific indirect 1
    FLIT
    FCFMLRTY
    FLFAMILY           1.883      0.182     10.349      0.000      0.027

  Specific indirect 2
    FLIT
    FLCONFIN
    FLFAMILY           0.443      0.148      2.991      0.003      0.196

  Direct
    FLIT
    FLFAMILY          -1.504      0.758     -1.984      0.047      0.145


BETWEEN

Effects from FLSCHOOL to FLIT

  Total                0.000      0.000    999.000      0.000      0.167
  Total indirect       0.000      0.000    999.000      0.000      0.167


Effects from NOBULLY to FLIT

  Total                0.000      0.000    999.000      0.000      0.167
  Total indirect       0.000      0.000    999.000      0.000      0.167


Effects from FLFAMILY to FLIT

  Total                0.000      0.000    999.000      0.000      0.167
  Total indirect       0.000      0.000    999.000      0.000      0.167



STANDARDIZED TOTAL, TOTAL INDIRECT, SPECIFIC INDIRECT, AND DIRECT EFFECTS


STDYX Standardization

                                                    Two-Tailed   Rate of
                    Estimate       S.E.  Est./S.E.    P-Value    Missing

WITHIN

Effects from FLSCHOOL to FLIT

  Total               -0.035      0.012     -3.013      0.003      0.232
  Total indirect       0.064      0.004     16.713      0.000      0.128

  Specific indirect 1
    FLIT
    FCFMLRTY
    FLSCHOOL           0.058      0.003     17.562      0.000      0.068

  Specific indirect 2
    FLIT
    FLCONFIN
    FLSCHOOL           0.006      0.002      3.009      0.003      0.201

  Direct
    FLIT
    FLSCHOOL          -0.099      0.011     -8.647      0.000      0.230


Effects from NOBULLY to FLIT

  Total               -0.069      0.010     -6.801      0.000      0.087
  Total indirect      -0.009      0.002     -4.068      0.000      0.004

  Specific indirect 1
    FLIT
    FCFMLRTY
    NOBULLY           -0.010      0.002     -4.314      0.000      0.005

  Specific indirect 2
    FLIT
    FLCONFIN
    NOBULLY            0.000      0.000      0.639      0.523      0.009

  Direct
    FLIT
    NOBULLY           -0.060      0.010     -5.996      0.000      0.090


Effects from FLFAMILY to FLIT

  Total                0.011      0.010      1.061      0.289      0.118
  Total indirect       0.030      0.003     10.478      0.000      0.113

  Specific indirect 1
    FLIT
    FCFMLRTY
    FLFAMILY           0.025      0.002     10.360      0.000      0.021

  Specific indirect 2
    FLIT
    FLCONFIN
    FLFAMILY           0.006      0.002      2.980      0.003      0.197

  Direct
    FLIT
    FLFAMILY          -0.020      0.010     -1.983      0.047      0.146


BETWEEN

Effects from FLSCHOOL to FLIT

  Total                0.000      0.000      0.000      1.000      0.167
  Total indirect       0.000      0.000      0.000      1.000      0.167


Effects from NOBULLY to FLIT

  Total                0.000      0.000      0.000      1.000      0.167
  Total indirect       0.000      0.000      0.000      1.000      0.167


Effects from FLFAMILY to FLIT

  Total                0.000      0.000      0.000      1.000      0.167
  Total indirect       0.000      0.000      0.000      1.000      0.167




TECHNICAL 1 OUTPUT


     PARAMETER SPECIFICATION FOR WITHIN


           NU
              FLIT          FLSCHOOL      NOBULLY       FLFAMILY      FCFMLRTY
              ________      ________      ________      ________      ________
                    0             0             0             0             0


           NU
              FLCONFIN      MALE          IMMI1GEN      IMMI2GEN      ESCS
              ________      ________      ________      ________      ________
                    0             0             0             0             0


           LAMBDA
              FLIT          FLSCHOOL      NOBULLY       FLFAMILY      FCFMLRTY
              ________      ________      ________      ________      ________
 FLIT               0             0             0             0             0
 FLSCHOOL           0             0             0             0             0
 NOBULLY            0             0             0             0             0
 FLFAMILY           0             0             0             0             0
 FCFMLRTY           0             0             0             0             0
 FLCONFIN           0             0             0             0             0
 MALE               0             0             0             0             0
 IMMI1GEN           0             0             0             0             0
 IMMI2GEN           0             0             0             0             0
 ESCS               0             0             0             0             0


           LAMBDA
              FLCONFIN      MALE          IMMI1GEN      IMMI2GEN      ESCS
              ________      ________      ________      ________      ________
 FLIT               0             0             0             0             0
 FLSCHOOL           0             0             0             0             0
 NOBULLY            0             0             0             0             0
 FLFAMILY           0             0             0             0             0
 FCFMLRTY           0             0             0             0             0
 FLCONFIN           0             0             0             0             0
 MALE               0             0             0             0             0
 IMMI1GEN           0             0             0             0             0
 IMMI2GEN           0             0             0             0             0
 ESCS               0             0             0             0             0


           THETA
              FLIT          FLSCHOOL      NOBULLY       FLFAMILY      FCFMLRTY
              ________      ________      ________      ________      ________
 FLIT               0
 FLSCHOOL           0             0
 NOBULLY            0             0             0
 FLFAMILY           0             0             0             0
 FCFMLRTY           0             0             0             0             0
 FLCONFIN           0             0             0             0             0
 MALE               0             0             0             0             0
 IMMI1GEN           0             0             0             0             0
 IMMI2GEN           0             0             0             0             0
 ESCS               0             0             0             0             0


           THETA
              FLCONFIN      MALE          IMMI1GEN      IMMI2GEN      ESCS
              ________      ________      ________      ________      ________
 FLCONFIN           0
 MALE               0             0
 IMMI1GEN           0             0             0
 IMMI2GEN           0             0             0             0
 ESCS               0             0             0             0             0


           ALPHA
              FLIT          FLSCHOOL      NOBULLY       FLFAMILY      FCFMLRTY
              ________      ________      ________      ________      ________
                    0             0             0             0             1


           ALPHA
              FLCONFIN      MALE          IMMI1GEN      IMMI2GEN      ESCS
              ________      ________      ________      ________      ________
                    2             0             0             0             0


           BETA
              FLIT          FLSCHOOL      NOBULLY       FLFAMILY      FCFMLRTY
              ________      ________      ________      ________      ________
 FLIT               0             3             4             5             6
 FLSCHOOL           0             0             0             0             0
 NOBULLY            0             0             0             0             0
 FLFAMILY           0             0             0             0             0
 FCFMLRTY           0            12            13            14             0
 FLCONFIN           0            15            16            17             0
 MALE               0             0             0             0             0
 IMMI1GEN           0             0             0             0             0
 IMMI2GEN           0             0             0             0             0
 ESCS               0             0             0             0             0


           BETA
              FLCONFIN      MALE          IMMI1GEN      IMMI2GEN      ESCS
              ________      ________      ________      ________      ________
 FLIT               7             8             9            10            11
 FLSCHOOL           0             0             0             0             0
 NOBULLY            0             0             0             0             0
 FLFAMILY           0             0             0             0             0
 FCFMLRTY           0             0             0             0             0
 FLCONFIN           0             0             0             0             0
 MALE               0             0             0             0             0
 IMMI1GEN           0             0             0             0             0
 IMMI2GEN           0             0             0             0             0
 ESCS               0             0             0             0             0


           PSI
              FLIT          FLSCHOOL      NOBULLY       FLFAMILY      FCFMLRTY
              ________      ________      ________      ________      ________
 FLIT              18
 FLSCHOOL           0            19
 NOBULLY            0            20            21
 FLFAMILY           0            22            23            24
 FCFMLRTY           0             0             0             0            25
 FLCONFIN           0             0             0             0            26
 MALE               0             0             0             0             0
 IMMI1GEN           0             0             0             0             0
 IMMI2GEN           0             0             0             0             0
 ESCS               0             0             0             0             0


           PSI
              FLCONFIN      MALE          IMMI1GEN      IMMI2GEN      ESCS
              ________      ________      ________      ________      ________
 FLCONFIN          27
 MALE               0             0
 IMMI1GEN           0             0             0
 IMMI2GEN           0             0             0             0
 ESCS               0             0             0             0             0


     PARAMETER SPECIFICATION FOR BETWEEN


           NU
              EDUSHTG       STRATIO       FLIT          FLSCHOOL      NOBULLY
              ________      ________      ________      ________      ________
                    0             0             0             0             0


           NU
              FLFAMILY
              ________
                    0


           LAMBDA
              EDUSHTG       STRATIO       FLIT          FLSCHOOL      NOBULLY
              ________      ________      ________      ________      ________
 EDUSHTG            0             0             0             0             0
 STRATIO            0             0             0             0             0
 FLIT               0             0             0             0             0
 FLSCHOOL           0             0             0             0             0
 NOBULLY            0             0             0             0             0
 FLFAMILY           0             0             0             0             0


           LAMBDA
              FLFAMILY
              ________
 EDUSHTG            0
 STRATIO            0
 FLIT               0
 FLSCHOOL           0
 NOBULLY            0
 FLFAMILY           0


           THETA
              EDUSHTG       STRATIO       FLIT          FLSCHOOL      NOBULLY
              ________      ________      ________      ________      ________
 EDUSHTG            0
 STRATIO            0             0
 FLIT               0             0             0
 FLSCHOOL           0             0             0             0
 NOBULLY            0             0             0             0             0
 FLFAMILY           0             0             0             0             0


           THETA
              FLFAMILY
              ________
 FLFAMILY           0


           ALPHA
              EDUSHTG       STRATIO       FLIT          FLSCHOOL      NOBULLY
              ________      ________      ________      ________      ________
                   28            29            30            31            32


           ALPHA
              FLFAMILY
              ________
                   33


           BETA
              EDUSHTG       STRATIO       FLIT          FLSCHOOL      NOBULLY
              ________      ________      ________      ________      ________
 EDUSHTG            0             0             0             0             0
 STRATIO            0             0             0             0             0
 FLIT               0             0             0             0             0
 FLSCHOOL           0             0             0             0             0
 NOBULLY            0             0             0             0             0
 FLFAMILY           0             0             0             0             0


           BETA
              FLFAMILY
              ________
 EDUSHTG            0
 STRATIO            0
 FLIT               0
 FLSCHOOL           0
 NOBULLY            0
 FLFAMILY           0


           PSI
              EDUSHTG       STRATIO       FLIT          FLSCHOOL      NOBULLY
              ________      ________      ________      ________      ________
 EDUSHTG           34
 STRATIO           35            36
 FLIT              37            38            39
 FLSCHOOL          40            41            42            43
 NOBULLY           44            45            46            47            48
 FLFAMILY          49            50            51            52            53


           PSI
              FLFAMILY
              ________
 FLFAMILY          54


     STARTING VALUES FOR WITHIN


           NU
              FLIT          FLSCHOOL      NOBULLY       FLFAMILY      FCFMLRTY
              ________      ________      ________      ________      ________
                0.000         0.000         0.000         0.000         0.000


           NU
              FLCONFIN      MALE          IMMI1GEN      IMMI2GEN      ESCS
              ________      ________      ________      ________      ________
                0.000         0.000         0.000         0.000         0.000


           LAMBDA
              FLIT          FLSCHOOL      NOBULLY       FLFAMILY      FCFMLRTY
              ________      ________      ________      ________      ________
 FLIT           1.000         0.000         0.000         0.000         0.000
 FLSCHOOL       0.000         1.000         0.000         0.000         0.000
 NOBULLY        0.000         0.000         1.000         0.000         0.000
 FLFAMILY       0.000         0.000         0.000         1.000         0.000
 FCFMLRTY       0.000         0.000         0.000         0.000         1.000
 FLCONFIN       0.000         0.000         0.000         0.000         0.000
 MALE           0.000         0.000         0.000         0.000         0.000
 IMMI1GEN       0.000         0.000         0.000         0.000         0.000
 IMMI2GEN       0.000         0.000         0.000         0.000         0.000
 ESCS           0.000         0.000         0.000         0.000         0.000


           LAMBDA
              FLCONFIN      MALE          IMMI1GEN      IMMI2GEN      ESCS
              ________      ________      ________      ________      ________
 FLIT           0.000         0.000         0.000         0.000         0.000
 FLSCHOOL       0.000         0.000         0.000         0.000         0.000
 NOBULLY        0.000         0.000         0.000         0.000         0.000
 FLFAMILY       0.000         0.000         0.000         0.000         0.000
 FCFMLRTY       0.000         0.000         0.000         0.000         0.000
 FLCONFIN       1.000         0.000         0.000         0.000         0.000
 MALE           0.000         1.000         0.000         0.000         0.000
 IMMI1GEN       0.000         0.000         1.000         0.000         0.000
 IMMI2GEN       0.000         0.000         0.000         1.000         0.000
 ESCS           0.000         0.000         0.000         0.000         1.000


           THETA
              FLIT          FLSCHOOL      NOBULLY       FLFAMILY      FCFMLRTY
              ________      ________      ________      ________      ________
 FLIT           0.000
 FLSCHOOL       0.000         0.000
 NOBULLY        0.000         0.000         0.000
 FLFAMILY       0.000         0.000         0.000         0.000
 FCFMLRTY       0.000         0.000         0.000         0.000         0.000
 FLCONFIN       0.000         0.000         0.000         0.000         0.000
 MALE           0.000         0.000         0.000         0.000         0.000
 IMMI1GEN       0.000         0.000         0.000         0.000         0.000
 IMMI2GEN       0.000         0.000         0.000         0.000         0.000
 ESCS           0.000         0.000         0.000         0.000         0.000


           THETA
              FLCONFIN      MALE          IMMI1GEN      IMMI2GEN      ESCS
              ________      ________      ________      ________      ________
 FLCONFIN       0.000
 MALE           0.000         0.000
 IMMI1GEN       0.000         0.000         0.000
 IMMI2GEN       0.000         0.000         0.000         0.000
 ESCS           0.000         0.000         0.000         0.000         0.000


           ALPHA
              FLIT          FLSCHOOL      NOBULLY       FLFAMILY      FCFMLRTY
              ________      ________      ________      ________      ________
                0.000         0.000         0.000         0.000         7.029


           ALPHA
              FLCONFIN      MALE          IMMI1GEN      IMMI2GEN      ESCS
              ________      ________      ________      ________      ________
               -0.085         0.000         0.000         0.000         0.000


           BETA
              FLIT          FLSCHOOL      NOBULLY       FLFAMILY      FCFMLRTY
              ________      ________      ________      ________      ________
 FLIT           0.000         0.000         0.000         0.000         0.000
 FLSCHOOL       0.000         0.000         0.000         0.000         0.000
 NOBULLY        0.000         0.000         0.000         0.000         0.000
 FLFAMILY       0.000         0.000         0.000         0.000         0.000
 FCFMLRTY       0.000         0.000         0.000         0.000         0.000
 FLCONFIN       0.000         0.000         0.000         0.000         0.000
 MALE           0.000         0.000         0.000         0.000         0.000
 IMMI1GEN       0.000         0.000         0.000         0.000         0.000
 IMMI2GEN       0.000         0.000         0.000         0.000         0.000
 ESCS           0.000         0.000         0.000         0.000         0.000


           BETA
              FLCONFIN      MALE          IMMI1GEN      IMMI2GEN      ESCS
              ________      ________      ________      ________      ________
 FLIT           0.000         0.000         0.000         0.000         0.000
 FLSCHOOL       0.000         0.000         0.000         0.000         0.000
 NOBULLY        0.000         0.000         0.000         0.000         0.000
 FLFAMILY       0.000         0.000         0.000         0.000         0.000
 FCFMLRTY       0.000         0.000         0.000         0.000         0.000
 FLCONFIN       0.000         0.000         0.000         0.000         0.000
 MALE           0.000         0.000         0.000         0.000         0.000
 IMMI1GEN       0.000         0.000         0.000         0.000         0.000
 IMMI2GEN       0.000         0.000         0.000         0.000         0.000
 ESCS           0.000         0.000         0.000         0.000         0.000


           PSI
              FLIT          FLSCHOOL      NOBULLY       FLFAMILY      FCFMLRTY
              ________      ________      ________      ________      ________
 FLIT        5164.254
 FLSCHOOL       0.000         0.513
 NOBULLY        0.000         0.000         0.540
 FLFAMILY       0.000         0.000         0.000         0.542
 FCFMLRTY       0.000         0.000         0.000         0.000        14.730
 FLCONFIN       0.000         0.000         0.000         0.000         0.000
 MALE           0.000         0.000         0.000         0.000         0.000
 IMMI1GEN       0.000         0.000         0.000         0.000         0.000
 IMMI2GEN       0.000         0.000         0.000         0.000         0.000
 ESCS           0.000         0.000         0.000         0.000         0.000


           PSI
              FLCONFIN      MALE          IMMI1GEN      IMMI2GEN      ESCS
              ________      ________      ________      ________      ________
 FLCONFIN       0.516
 MALE           0.000         0.125
 IMMI1GEN       0.000         0.000         0.011
 IMMI2GEN       0.000         0.000         0.000         0.017
 ESCS           0.000         0.000         0.000         0.000         0.602


     STARTING VALUES FOR BETWEEN


           NU
              EDUSHTG       STRATIO       FLIT          FLSCHOOL      NOBULLY
              ________      ________      ________      ________      ________
                0.000         0.000         0.000         0.000         0.000


           NU
              FLFAMILY
              ________
                0.000


           LAMBDA
              EDUSHTG       STRATIO       FLIT          FLSCHOOL      NOBULLY
              ________      ________      ________      ________      ________
 EDUSHTG        1.000         0.000         0.000         0.000         0.000
 STRATIO        0.000         1.000         0.000         0.000         0.000
 FLIT           0.000         0.000         1.000         0.000         0.000
 FLSCHOOL       0.000         0.000         0.000         1.000         0.000
 NOBULLY        0.000         0.000         0.000         0.000         1.000
 FLFAMILY       0.000         0.000         0.000         0.000         0.000


           LAMBDA
              FLFAMILY
              ________
 EDUSHTG        0.000
 STRATIO        0.000
 FLIT           0.000
 FLSCHOOL       0.000
 NOBULLY        0.000
 FLFAMILY       1.000


           THETA
              EDUSHTG       STRATIO       FLIT          FLSCHOOL      NOBULLY
              ________      ________      ________      ________      ________
 EDUSHTG        0.000
 STRATIO        0.000         0.000
 FLIT           0.000         0.000         0.000
 FLSCHOOL       0.000         0.000         0.000         0.000
 NOBULLY        0.000         0.000         0.000         0.000         0.000
 FLFAMILY       0.000         0.000         0.000         0.000         0.000


           THETA
              FLFAMILY
              ________
 FLFAMILY       0.000


           ALPHA
              EDUSHTG       STRATIO       FLIT          FLSCHOOL      NOBULLY
              ________      ________      ________      ________      ________
                0.123        14.560       476.893        -0.010         0.024


           ALPHA
              FLFAMILY
              ________
                0.069


           BETA
              EDUSHTG       STRATIO       FLIT          FLSCHOOL      NOBULLY
              ________      ________      ________      ________      ________
 EDUSHTG        0.000         0.000         0.000         0.000         0.000
 STRATIO        0.000         0.000         0.000         0.000         0.000
 FLIT           0.000         0.000         0.000         0.000         0.000
 FLSCHOOL       0.000         0.000         0.000         0.000         0.000
 NOBULLY        0.000         0.000         0.000         0.000         0.000
 FLFAMILY       0.000         0.000         0.000         0.000         0.000


           BETA
              FLFAMILY
              ________
 EDUSHTG        0.000
 STRATIO        0.000
 FLIT           0.000
 FLSCHOOL       0.000
 NOBULLY        0.000
 FLFAMILY       0.000


           PSI
              EDUSHTG       STRATIO       FLIT          FLSCHOOL      NOBULLY
              ________      ________      ________      ________      ________
 EDUSHTG        0.521
 STRATIO        0.000        47.892
 FLIT           0.000         0.000      5164.254
 FLSCHOOL       0.000         0.000         0.000         0.513
 NOBULLY        0.000         0.000         0.000         0.000         0.540
 FLFAMILY       0.000         0.000         0.000         0.000         0.000


           PSI
              FLFAMILY
              ________
 FLFAMILY       0.542


DIAGRAM INFORMATION

  Mplus diagrams are currently not available for multilevel analysis.
  No diagram output was produced.


     Beginning Time:  16:07:17
        Ending Time:  16:12:15
       Elapsed Time:  00:04:58



MUTHEN & MUTHEN
3463 Stoner Ave.
Los Angeles, CA  90066

Tel: (310) 391-9971
Fax: (310) 391-8971
Web: www.StatModel.com
Support: Support@StatModel.com

Copyright (c) 1998-2019 Muthen & Muthen
