 -1948662.240783870220184       76974          16
  -3.402823466385289E+038       76974          16
       11.830067228694881
      -51.358346706633021
    -1028.721714870740016
       30.820948950316378
      200.222999109733166
        1.365763530475251
      -21.428107726009344
        8.897244011200469
       16.974097767520725
    -1347.140227112775392
   1.682507261346602E-001
  -6.217430819400500E-001
   1.402432550607922E-001
   9.657260479645149E-001
       12.954261831711758
  -1.273066723209776E-002
   1.597761329565689E-001
        3.072126254736738
  -3.049524100486772E-004
  -7.641921894723357E-005
   4.059500292169592E-001
   7.117368316934343E-002
     2245.331331201236026
   9.388928373292242E-001
      436.570828040312335
   9.783434925658943E-001
   4.117241219147974E-001
   9.517559438981319E-001
        1.022231714760621
       13.067530628776225
       -1.637035694395982
   2.856335707622367E-001
      464.469398495919052
   2.130426688629805E-001
   2.206246088633268E-001
   1.204029052951714E-001
  -1.648871725338545E-001
   2.021479160325731E-001
   1.227860381799364E-001
        6.601736676420071
  -1.160979500974322E-001
     3268.380442779200621
       -5.036019892476154
   7.434850445767165E-002
       -3.936248693973052
   4.392826469803967E-002
   7.858550380718475E-002
       -8.357252055160602
   5.085206609899653E-002
   2.268399909689617E-002
   1.433408506963837E-001
        1.417943592370760
   3.168633151253727E-003
   2.173218897422888E-002
   4.086973338523257E-005
   3.787323596839289E-002
       -7.222336069993177
   1.694405298210330E-002
   1.082443026347565E-002
   3.936107419501438E-002
  -2.450095651368876E-002
   5.933919060864597E-002
  -3.093275561748393E-001
   5.022720228573929E-003
   9.606206182518253E-003
   1.853805922337987E-002
   5.805071627058890E-003
  -1.000816174287804E-003
   2.698549975666261E-002
        3.032516252754514
   3.537126281937092E-002
         126
           0
