 -1876575.646998309995979       27071          15
 -1614981.930386192165315       27071          15
   5.383458062481620E-002
        4.317821080260766
      -27.638420023607605
        3.163919155113741
        5.978556358728983
   8.539537463631809E-001
      -21.112957183085438
        8.622637093331139
       17.104302390054787
        1.004189161089155
   4.091641744404667E-001
  -4.848802487578998E-001
        1.095570189482807
   5.268132225085637E-001
        4.466251161094050
   1.579391631546945E-001
   1.024933363748728E-001
        1.092593303866405
   3.338189860595495E-001
   1.275453058470200E-001
   5.203034341625170E-001
   1.889549453785518E-001
     5677.631095703513893
   6.046886085593877E-001
   4.615583271129631E-001
   9.233375795912657E-001
   2.975435268252354E-001
   9.862358701291510E-001
   9.045615613737973E-001
       20.811171235669104
   2.015926413130185E-001
   7.197995578057009E-001
      464.852406199261111
   2.140408511402224E-001
   2.214775992853185E-001
   1.206751017004516E-001
  -1.645682600908953E-001
   2.019170775661636E-001
   1.228088815151187E-001
        6.600594320578161
  -1.165448334029898E-001
     3257.012735882950892
       -5.628157615893539
   7.521872524566504E-002
       -4.045286761181408
   4.460905234331572E-002
   7.927769815054642E-002
       -8.576090998122115
   4.139392957336287E-002
   1.684638359427250E-002
   1.410039620002553E-001
        1.420840153282714
  -3.917271677919312E-003
   2.033455463254799E-002
  -3.395758564833577E-003
   3.782399091581681E-002
       -7.296951206220220
   2.101775546043545E-002
   1.105383531724510E-002
   4.091424926782214E-002
  -2.468421199544833E-002
   5.963685391965755E-002
  -2.248425993447994E-001
   4.889669480073324E-003
   9.471670456729213E-003
   1.910207238064237E-002
   5.909095449039481E-003
  -1.159354771372089E-003
   2.687404211299507E-002
        3.065489365589780
   3.539828692369280E-002
          83
           0
