Mplus VERSION 8.5 (Linux)
MUTHEN & MUTHEN
03/11/2021   6:05 PM

INPUT INSTRUCTIONS


  TITLE:
      Two-level saturated model 380

  DATA:
      file = "~/implist.dat";

      type = imputation;


  VARIABLE:
      names =
          FKI CNTRYID CNTSCHID W_STU
          MATH READ FLIT                      ! PISA achievement variables
          MALE IMMI1GEN IMMI2GEN ESCS         ! Demographic info
          FCFMLRTY FLCONFIN                   ! Affect
          FLSCHOOL                            !   Lat var "Academic"
          NOBULLY                             !   Lat var "Safety"
          FLFAMILY                            !   Lat var "Community"
          W_SCH STRATIO                       ! School character
          EDUSHORT                            !   Lat var "inst. env."
          ;

      useobs = CNTRYID eq 380;          ! Pull out one country at a time

      usevar =
          FLIT                                ! PISA achievement variables
          FLSCHOOL                            !   Lat var "Academic"
          NOBULLY                             !   Lat var "Safety"
          FLFAMILY                            !   Lat var "Community"
          EDUSHORT STRATIO                    !   Lat var "Inst env"
          FCFMLRTY FLCONFIN                   ! Affect
          MALE IMMI1GEN IMMI2GEN ESCS         ! Demographic info
          ;

      ! Vars that ONLY appear in L1
      within =
          FCFMLRTY FLCONFIN                   ! Affective vars
          MALE IMMI1GEN IMMI2GEN ESCS         ! L1 control vars
          ;

      ! Vars that ONLY appear in L2
      between =
          EDUSHORT STRATIO                    ! L2: school
          ;

      weight = W_STU;                         ! Student weight
      wtscale = cluster;                      ! Scale L1 weight to cluster size
      bweight = W_SCH;                        ! School weight
      bwtscale = sample;                      ! Scale L2 weight to sample

      cluster = CNTSCHID;                     ! Cluster by school ID


  ANALYSIS:
      processors = 8;

      type = twolevel;


  MODEL:

  %Within%                                    ! === L1: Student-level ===

      ! Indirect pathways (1st half): school climate vars onto mediators
          ! Onto mediator FAMILIARITY
      FCFMLRTY on FLSCHOOL FLFAMILY NOBULLY ESCS IMMI2GEN MALE;
          ! Onto mediator CONFIDENCE
      FLCONFIN on FLSCHOOL FLFAMILY NOBULLY ESCS IMMI2GEN MALE;

      ! Total effect
      FLIT on
          ! Indirect pathways (2nd half): affective vars onto financial literacy
          FCFMLRTY FLCONFIN
          ! Direct pathways: school climate vars onto financial literacy
          FLSCHOOL FLFAMILY NOBULLY
          ! Dmographic vars
          ESCS IMMI1GEN
          ;

      ! Covariances
          ! Between school climate vars
      FLSCHOOL with FLFAMILY;
      FLFAMILY with NOBULLY;
      FLSCHOOL with NOBULLY;
          ! Between mediators
      FCFMLRTY with FLCONFIN;

          ! SES with school climate vars
      ESCS with FLSCHOOL FLFAMILY;
          ! SES with demographic vars
      ESCS with IMMI1GEN IMMI2GEN;

  %Between%                                   ! === L2: School-level ===

      FLIT-STRATIO WITH FLIT-STRATIO;


  MODEL INDIRECT:

      ! Indirect effects
      FLIT ind FLSCHOOL;
      FLIT ind FLFAMILY;
      FLIT ind NOBULLY;

      FLIT ind ESCS;
      FLIT ind IMMI2GEN;
      FLIT ind MALE;


  OUTPUT:
      stdyx                                   ! Fully standardised solution
      ;



*** WARNING in MODEL command
  In the MODEL command, the following variable is a y-variable on the BETWEEN
  level and an x-variable on the WITHIN level.  This variable will be treated
  as a y-variable on both levels:  FLSCHOOL
*** WARNING in MODEL command
  In the MODEL command, the following variable is a y-variable on the BETWEEN
  level and an x-variable on the WITHIN level.  This variable will be treated
  as a y-variable on both levels:  NOBULLY
*** WARNING in MODEL command
  In the MODEL command, the following variable is a y-variable on the BETWEEN
  level and an x-variable on the WITHIN level.  This variable will be treated
  as a y-variable on both levels:  FLFAMILY
   3 WARNING(S) FOUND IN THE INPUT INSTRUCTIONS




Two-level saturated model 380

SUMMARY OF ANALYSIS

Number of groups                                                 1
Average number of observations                                9182

Number of replications
    Requested                                                   10
    Completed                                                   10

Number of dependent variables                                    8
Number of independent variables                                  4
Number of continuous latent variables                            0

Observed dependent variables

  Continuous
   EDUSHORT    STRATIO     FLIT        FLSCHOOL    NOBULLY     FLFAMILY
   FCFMLRTY    FLCONFIN

Observed independent variables
   MALE        IMMI1GEN    IMMI2GEN    ESCS

Variables with special functions

  Cluster variable      CNTSCHID
  Weight variable (cluster-size scaling)
    W_STU
  Between weight variable (sample-size scaling)
    W_SCH

  Within variables
   FCFMLRTY    FLCONFIN    MALE        IMMI1GEN    IMMI2GEN    ESCS

  Between variables
   EDUSHORT    STRATIO


Estimator                                                      MLR
Information matrix                                        OBSERVED
Maximum number of iterations                                   100
Convergence criterion                                    0.100D-05
Maximum number of EM iterations                                500
Convergence criteria for the EM algorithm
  Loglikelihood change                                   0.100D-02
  Relative loglikelihood change                          0.100D-05
  Derivative                                             0.100D-03
Minimum variance                                         0.100D-03
Maximum number of steepest descent iterations                   20
Maximum number of iterations for H1                           2000
Convergence criterion for H1                             0.100D-03
Optimization algorithm                                         EMA

Input data file(s)
  Multiple data files from
    ~/implist.dat
Input data format  FREE


SUMMARY OF DATA FOR THE FIRST DATA SET

     Number of clusters                        539

     Average cluster size       17.035

     Estimated Intraclass Correlations for the Y Variables

                Intraclass              Intraclass              Intraclass
     Variable  Correlation   Variable  Correlation   Variable  Correlation

     FLIT         0.348      FLSCHOOL     0.091      NOBULLY      0.019
     FLFAMILY     0.016      FCFMLRTY     0.000      FLCONFIN     0.000
     IMMI1GEN     0.000      IMMI2GEN     0.000      ESCS         0.000



SAMPLE STATISTICS

NOTE:  The sample statistics for within and between refer to the
       maximum-likelihood estimated within and between covariance
       matrices, respectively.

NOTE:  These are average results over 10 data sets.


     ESTIMATED SAMPLE STATISTICS FOR WITHIN


           Means
              EDUSHORT      STRATIO       FLIT          FLSCHOOL      NOBULLY
              ________      ________      ________      ________      ________
                0.000         0.000         0.000         0.000         0.000


           Means
              FLFAMILY      FCFMLRTY      FLCONFIN      IMMI1GEN      IMMI2GEN
              ________      ________      ________      ________      ________
                0.000         6.496        -0.339         0.035         0.055


           Means
              ESCS          MALE
              ________      ________
               -0.168         0.507


           Covariances
              EDUSHORT      STRATIO       FLIT          FLSCHOOL      NOBULLY
              ________      ________      ________      ________      ________
 EDUSHORT       0.000
 STRATIO        0.000         0.000
 FLIT           0.000         0.000      5248.782
 FLSCHOOL       0.000         0.000        -3.169         0.849
 NOBULLY        0.000         0.000         3.854        -0.051         1.029
 FLFAMILY       0.000         0.000         5.940         0.172        -0.021
 FCFMLRTY       0.000         0.000        55.527         1.175         0.126
 FLCONFIN       0.000         0.000         6.532         0.155        -0.020
 IMMI1GEN       0.000         0.000        -1.231         0.004        -0.001
 IMMI2GEN       0.000         0.000        -0.627         0.007        -0.006
 ESCS           0.000         0.000         5.665        -0.023         0.006
 MALE           0.000         0.000         4.722         0.025        -0.042


           Covariances
              FLFAMILY      FCFMLRTY      FLCONFIN      IMMI1GEN      IMMI2GEN
              ________      ________      ________      ________      ________
 FLFAMILY       1.039
 FCFMLRTY       0.848        25.252
 FLCONFIN       0.177         1.119         1.015
 IMMI1GEN      -0.003        -0.003         0.006         0.034
 IMMI2GEN       0.002        -0.013         0.011        -0.002         0.052
 ESCS           0.037         0.231        -0.010        -0.021        -0.026
 MALE           0.009         0.177         0.087        -0.001         0.000


           Covariances
              ESCS          MALE
              ________      ________
 ESCS           0.810
 MALE           0.011         0.250


           Correlations
              EDUSHORT      STRATIO       FLIT          FLSCHOOL      NOBULLY
              ________      ________      ________      ________      ________
 EDUSHORT       0.000
 STRATIO        0.000         0.000
 FLIT           0.000         0.000         1.000
 FLSCHOOL       0.000         0.000        -0.047         1.000
 NOBULLY        0.000         0.000         0.052        -0.055         1.000
 FLFAMILY       0.000         0.000         0.080         0.183        -0.021
 FCFMLRTY       0.000         0.000         0.153         0.254         0.025
 FLCONFIN       0.000         0.000         0.089         0.167        -0.020
 IMMI1GEN       0.000         0.000        -0.092         0.023        -0.007
 IMMI2GEN       0.000         0.000        -0.038         0.034        -0.026
 ESCS           0.000         0.000         0.087        -0.027         0.006
 MALE           0.000         0.000         0.130         0.054        -0.083


           Correlations
              FLFAMILY      FCFMLRTY      FLCONFIN      IMMI1GEN      IMMI2GEN
              ________      ________      ________      ________      ________
 FLFAMILY       1.000
 FCFMLRTY       0.166         1.000
 FLCONFIN       0.172         0.221         1.000
 IMMI1GEN      -0.017        -0.004         0.031         1.000
 IMMI2GEN       0.007        -0.012         0.049        -0.046         1.000
 ESCS           0.040         0.051        -0.011        -0.126        -0.128
 MALE           0.018         0.071         0.173        -0.008         0.001


           Correlations
              ESCS          MALE
              ________      ________
 ESCS           1.000
 MALE           0.024         1.000


     ESTIMATED SAMPLE STATISTICS FOR BETWEEN


           Means
              EDUSHORT      STRATIO       FLIT          FLSCHOOL      NOBULLY
              ________      ________      ________      ________      ________
                0.323         9.929       477.740        -0.235         0.043


           Means
              FLFAMILY      FCFMLRTY      FLCONFIN      IMMI1GEN      IMMI2GEN
              ________      ________      ________      ________      ________
                0.062         0.000         0.000         0.000         0.000


           Means
              ESCS          MALE
              ________      ________
                0.000         0.000


           Covariances
              EDUSHORT      STRATIO       FLIT          FLSCHOOL      NOBULLY
              ________      ________      ________      ________      ________
 EDUSHORT       0.809
 STRATIO       -0.461        44.907
 FLIT          -8.586        56.874      2892.624
 FLSCHOOL       0.034        -0.183       -12.357         0.086
 NOBULLY       -0.009         0.098         5.406        -0.032         0.025
 FLFAMILY       0.009         0.012        -1.457        -0.002        -0.003
 FCFMLRTY       0.000         0.000         0.000         0.000         0.000
 FLCONFIN       0.000         0.000         0.000         0.000         0.000
 IMMI1GEN       0.000         0.000         0.000         0.000         0.000
 IMMI2GEN       0.000         0.000         0.000         0.000         0.000
 ESCS           0.000         0.000         0.000         0.000         0.000
 MALE           0.000         0.000         0.000         0.000         0.000


           Covariances
              FLFAMILY      FCFMLRTY      FLCONFIN      IMMI1GEN      IMMI2GEN
              ________      ________      ________      ________      ________
 FLFAMILY       0.011
 FCFMLRTY       0.000         0.000
 FLCONFIN       0.000         0.000         0.000
 IMMI1GEN       0.000         0.000         0.000         0.000
 IMMI2GEN       0.000         0.000         0.000         0.000         0.000
 ESCS           0.000         0.000         0.000         0.000         0.000
 MALE           0.000         0.000         0.000         0.000         0.000


           Covariances
              ESCS          MALE
              ________      ________
 ESCS           0.000
 MALE           0.000         0.000


           Correlations
              EDUSHORT      STRATIO       FLIT          FLSCHOOL      NOBULLY
              ________      ________      ________      ________      ________
 EDUSHORT       1.000
 STRATIO       -0.076         1.000
 FLIT          -0.177         0.158         1.000
 FLSCHOOL       0.127        -0.093        -0.781         1.000
 NOBULLY       -0.065         0.092         0.633        -0.687         1.000
 FLFAMILY       0.099         0.016        -0.254        -0.053        -0.160
 FCFMLRTY       0.000         0.000         0.000         0.000         0.000
 FLCONFIN       0.000         0.000         0.000         0.000         0.000
 IMMI1GEN       0.000         0.000         0.000         0.000         0.000
 IMMI2GEN       0.000         0.000         0.000         0.000         0.000
 ESCS           0.000         0.000         0.000         0.000         0.000
 MALE           0.000         0.000         0.000         0.000         0.000


           Correlations
              FLFAMILY      FCFMLRTY      FLCONFIN      IMMI1GEN      IMMI2GEN
              ________      ________      ________      ________      ________
 FLFAMILY       1.000
 FCFMLRTY       0.000         0.000
 FLCONFIN       0.000         0.000         0.000
 IMMI1GEN       0.000         0.000         0.000         0.000
 IMMI2GEN       0.000         0.000         0.000         0.000         0.000
 ESCS           0.000         0.000         0.000         0.000         0.000
 MALE           0.000         0.000         0.000         0.000         0.000


           Correlations
              ESCS          MALE
              ________      ________
 ESCS           0.000
 MALE           0.000         0.000




MODEL FIT INFORMATION

Number of Free Parameters                       68

Loglikelihood

    H0 Value

        Mean                           -142582.423
        Std Dev                            113.603
        Number of successful computations       10

             Proportions                   Percentiles
        Expected    Observed         Expected       Observed
           0.990       1.000      -142846.696    -142742.938
           0.980       1.000      -142815.728    -142742.938
           0.950       1.000      -142769.288    -142742.938
           0.900       0.900      -142728.016    -142742.938
           0.800       0.700      -142678.031    -142742.938
           0.700       0.600      -142641.996    -142705.817
           0.500       0.500      -142582.423    -142592.659
           0.300       0.300      -142522.850    -142533.500
           0.200       0.300      -142486.815    -142465.201
           0.100       0.100      -142436.830    -142444.867
           0.050       0.000      -142395.558    -142444.867
           0.020       0.000      -142349.117    -142444.867
           0.010       0.000      -142318.149    -142444.867

    H1 Value

        Mean                           -142449.429
        Std Dev                            111.501
        Number of successful computations       10

             Proportions                   Percentiles
        Expected    Observed         Expected       Observed
           0.990       1.000      -142708.813    -142614.307
           0.980       1.000      -142678.418    -142614.307
           0.950       1.000      -142632.837    -142614.307
           0.900       0.900      -142592.329    -142614.307
           0.800       0.700      -142543.268    -142614.307
           0.700       0.600      -142507.900    -142564.801
           0.500       0.600      -142449.429    -142442.188
           0.300       0.300      -142390.958    -142407.038
           0.200       0.300      -142355.590    -142345.676
           0.100       0.100      -142306.530    -142315.318
           0.050       0.000      -142266.021    -142315.318
           0.020       0.000      -142220.440    -142315.318
           0.010       0.000      -142190.045    -142315.318

Information Criteria

    Akaike (AIC)

        Mean                            285300.846
        Std Dev                            227.205
        Number of successful computations       10

             Proportions                   Percentiles
        Expected    Observed         Expected       Observed
           0.990       1.000       284772.299     284957.328
           0.980       1.000       284834.235     284957.328
           0.950       1.000       284927.116     284957.328
           0.900       0.900       285009.660     284957.328
           0.800       0.700       285109.630     284957.328
           0.700       0.700       285181.699     285066.401
           0.500       0.500       285300.846     285249.739
           0.300       0.400       285419.992     285455.707
           0.200       0.300       285492.061     285547.633
           0.100       0.100       285592.032     285559.719
           0.050       0.000       285674.575     285559.719
           0.020       0.000       285767.457     285559.719
           0.010       0.000       285829.393     285559.719

    Bayesian (BIC)

        Mean                            285785.346
        Std Dev                            227.205
        Number of successful computations       10

             Proportions                   Percentiles
        Expected    Observed         Expected       Observed
           0.990       1.000       285256.799     285441.828
           0.980       1.000       285318.735     285441.828
           0.950       1.000       285411.616     285441.828
           0.900       0.900       285494.160     285441.828
           0.800       0.700       285594.130     285441.828
           0.700       0.700       285666.199     285550.901
           0.500       0.500       285785.346     285734.239
           0.300       0.400       285904.492     285940.207
           0.200       0.300       285976.561     286032.133
           0.100       0.100       286076.532     286044.219
           0.050       0.000       286159.075     286044.219
           0.020       0.000       286251.957     286044.219
           0.010       0.000       286313.893     286044.219

    Sample-Size Adjusted BIC (n* = (n + 2) / 24)

        Mean                            285569.253
        Std Dev                            227.205
        Number of successful computations       10

             Proportions                   Percentiles
        Expected    Observed         Expected       Observed
           0.990       1.000       285040.706     285225.736
           0.980       1.000       285102.642     285225.736
           0.950       1.000       285195.523     285225.736
           0.900       0.900       285278.067     285225.736
           0.800       0.700       285378.037     285225.736
           0.700       0.700       285450.106     285334.808
           0.500       0.500       285569.253     285518.146
           0.300       0.400       285688.399     285724.114
           0.200       0.300       285760.469     285816.040
           0.100       0.100       285860.439     285828.126
           0.050       0.000       285942.982     285828.126
           0.020       0.000       286035.864     285828.126
           0.010       0.000       286097.800     285828.126

Chi-Square Test of Model Fit

        Degrees of freedom                      18

        Mean                               128.653
        Std Dev                              8.957
        Number of successful computations       10

             Proportions                   Percentiles
        Expected    Observed         Expected       Observed
           0.990       1.000            7.015        117.154
           0.980       1.000            7.906        117.154
           0.950       1.000            9.390        117.154
           0.900       1.000           10.865        117.154
           0.800       1.000           12.857        117.154
           0.700       1.000           14.440        122.190
           0.500       1.000           17.338        125.814
           0.300       1.000           20.601        129.613
           0.200       1.000           22.760        136.472
           0.100       1.000           25.989        140.028
           0.050       1.000           28.869        140.028
           0.020       1.000           32.346        140.028
           0.010       1.000           34.805        140.028

RMSEA (Root Mean Square Error Of Approximation)

        Mean                                 0.026
        Std Dev                              0.001
        Number of successful computations       10

        Cumulative Distribution Function
           Value    Function Value
           0.990       1.000
           0.980       1.000
           0.950       1.000
           0.900       1.000
           0.800       1.000
           0.700       1.000
           0.500       1.000
           0.300       1.000
           0.200       1.000
           0.100       1.000
           0.050       1.000
           0.020       0.000
           0.010       0.000

CFI/TLI

    CFI

        Mean                                 0.929
        Std Dev                              0.006
        Number of successful computations       10

        Cumulative Distribution Function
           Value    Function Value
           0.990       1.000
           0.980       1.000
           0.950       1.000
           0.900       0.000
           0.800       0.000
           0.700       0.000
           0.500       0.000
           0.300       0.000
           0.200       0.000
           0.100       0.000
           0.050       0.000
           0.020       0.000
           0.010       0.000

    TLI

        Mean                                 0.764
        Std Dev                              0.020
        Number of successful computations       10

        Cumulative Distribution Function
           Value    Function Value
           0.990       1.000
           0.980       1.000
           0.950       1.000
           0.900       1.000
           0.800       1.000
           0.700       0.000
           0.500       0.000
           0.300       0.000
           0.200       0.000
           0.100       0.000
           0.050       0.000
           0.020       0.000
           0.010       0.000

SRMR (Standardized Root Mean Square Residual) for the WITHIN level

        Mean                                 0.023
        Std Dev                              0.001
        Number of successful computations       10

        Cumulative Distribution Function
           Value    Function Value
           0.990       1.000
           0.980       1.000
           0.950       1.000
           0.900       1.000
           0.800       1.000
           0.700       1.000
           0.500       1.000
           0.300       1.000
           0.200       1.000
           0.100       1.000
           0.050       1.000
           0.020       0.000
           0.010       0.000

SRMR (Standardized Root Mean Square Residual) for the BETWEEN level

        Mean                                 0.048
        Std Dev                              0.008
        Number of successful computations       10

        Cumulative Distribution Function
           Value    Function Value
           0.990       1.000
           0.980       1.000
           0.950       1.000
           0.900       1.000
           0.800       1.000
           0.700       1.000
           0.500       1.000
           0.300       1.000
           0.200       1.000
           0.100       1.000
           0.050       0.600
           0.020       0.000
           0.010       0.000



MODEL RESULTS

                                                    Two-Tailed   Rate of
                    Estimate       S.E.  Est./S.E.    P-Value    Missing

Within Level

 FCFMLRTY   ON
    FLSCHOOL           1.265      0.097     13.105      0.000      0.064
    FLFAMILY           0.597      0.080      7.472      0.000      0.072
    NOBULLY            0.223      0.078      2.868      0.004      0.137
    ESCS               0.273      0.090      3.014      0.003      0.129
    IMMI2GEN          -0.267      0.243     -1.096      0.273      0.041
    MALE               0.595      0.171      3.490      0.000      0.049

 FLCONFIN   ON
    FLSCHOOL           0.142      0.020      7.149      0.000      0.106
    FLFAMILY           0.144      0.017      8.548      0.000      0.050
    NOBULLY            0.006      0.017      0.333      0.739      0.130
    ESCS              -0.013      0.017     -0.764      0.445      0.084
    IMMI2GEN           0.189      0.073      2.596      0.009      0.138
    MALE               0.331      0.033      9.976      0.000      0.282

 FLIT       ON
    FCFMLRTY           2.112      0.295      7.149      0.000      0.379
    FLCONFIN           4.681      1.460      3.207      0.001      0.355
    FLSCHOOL          -8.143      1.755     -4.641      0.000      0.319
    FLFAMILY           4.312      1.460      2.953      0.003      0.371
    NOBULLY            3.357      1.365      2.459      0.014      0.339
    ESCS               5.542      1.691      3.278      0.001      0.436
    IMMI1GEN         -32.160      8.096     -3.972      0.000      0.341

 FLSCHOOL WITH
    FLFAMILY           0.173      0.019      9.022      0.000      0.139
    NOBULLY           -0.048      0.017     -2.899      0.004      0.124
    ESCS              -0.015      0.015     -1.016      0.310      0.094

 FLFAMILY WITH
    NOBULLY           -0.022      0.022     -1.021      0.307      0.421
    ESCS               0.035      0.016      2.210      0.027      0.121

 FCFMLRTY WITH
    FLCONFIN           0.776      0.087      8.904      0.000      0.175

 ESCS     WITH
    IMMI1GEN          -0.022      0.003     -6.378      0.000      0.012
    IMMI2GEN          -0.027      0.004     -7.214      0.000      0.024

 Means
    IMMI1GEN           0.035      0.003     10.836      0.000      0.025
    IMMI2GEN           0.055      0.005     11.332      0.000      0.005
    ESCS              -0.168      0.028     -5.950      0.000      0.009

 Intercepts
    FCFMLRTY           6.255      0.128     49.017      0.000      0.035
    FLCONFIN          -0.520      0.027    -19.469      0.000      0.173

 Variances
    FLSCHOOL           0.846      0.022     38.060      0.000      0.121
    NOBULLY            1.026      0.034     30.332      0.000      0.165
    FLFAMILY           1.039      0.027     39.140      0.000      0.053
    IMMI1GEN           0.034      0.003     11.550      0.000      0.001
    IMMI2GEN           0.052      0.004     12.139      0.000      0.001
    ESCS               0.811      0.018     44.041      0.000      0.017

 Residual Variances
    FLIT            4950.186    166.290     29.768      0.000      0.380
    FCFMLRTY          23.062      0.536     43.006      0.000      0.053
    FLCONFIN           0.937      0.023     40.359      0.000      0.125

Between Level

 FLIT     WITH
    FLSCHOOL         -12.227      1.576     -7.760      0.000      0.055
    NOBULLY            5.437      1.241      4.382      0.000      0.100
    FLFAMILY          -1.466      1.121     -1.308      0.191      0.036
    EDUSHORT          -8.864      3.723     -2.381      0.017      0.102
    STRATIO           54.463     28.633      1.902      0.057      0.384

 FLSCHOOL WITH
    NOBULLY           -0.038      0.008     -4.907      0.000      0.130
    FLFAMILY          -0.003      0.007     -0.365      0.715      0.061
    EDUSHORT           0.034      0.023      1.478      0.139      0.090
    STRATIO           -0.208      0.175     -1.195      0.232      0.327

 NOBULLY  WITH
    FLFAMILY          -0.001      0.006     -0.270      0.787      0.169
    EDUSHORT          -0.008      0.020     -0.384      0.701      0.171
    STRATIO            0.134      0.127      1.055      0.291      0.232

 FLFAMILY WITH
    EDUSHORT           0.009      0.017      0.520      0.603      0.094
    STRATIO            0.010      0.118      0.087      0.931      0.552

 EDUSHORT WITH
    STRATIO           -0.461      0.327     -1.408      0.159      0.189

 Means
    EDUSHORT           0.323      0.059      5.447      0.000      0.047
    STRATIO            9.929      0.428     23.181      0.000      0.223
    FLIT             467.725      4.329    108.051      0.000      0.143
    FLSCHOOL          -0.235      0.026     -9.019      0.000      0.030
    NOBULLY            0.042      0.021      1.987      0.047      0.176
    FLFAMILY           0.062      0.018      3.444      0.001      0.092

 Variances
    EDUSHORT           0.809      0.086      9.424      0.000      0.031
    STRATIO           44.907     18.496      2.428      0.015      0.031
    FLIT            2855.881    294.251      9.706      0.000      0.040
    FLSCHOOL           0.092      0.012      7.999      0.000      0.047
    NOBULLY            0.030      0.009      3.406      0.001      0.203
    FLFAMILY           0.011      0.006      1.724      0.085      0.187


STANDARDIZED MODEL RESULTS


STDYX Standardization

                                                    Two-Tailed   Rate of
                    Estimate       S.E.  Est./S.E.    P-Value    Missing

Within Level

 FCFMLRTY   ON
    FLSCHOOL           0.232      0.017     13.282      0.000      0.062
    FLFAMILY           0.121      0.016      7.450      0.000      0.080
    NOBULLY            0.045      0.016      2.884      0.004      0.134
    ESCS               0.049      0.016      3.005      0.003      0.127
    IMMI2GEN          -0.012      0.011     -1.097      0.273      0.041
    MALE               0.059      0.017      3.512      0.000      0.049

 FLCONFIN   ON
    FLSCHOOL           0.130      0.018      7.131      0.000      0.105
    FLFAMILY           0.146      0.017      8.639      0.000      0.060
    NOBULLY            0.006      0.017      0.333      0.739      0.130
    ESCS              -0.012      0.015     -0.764      0.445      0.084
    IMMI2GEN           0.043      0.017      2.548      0.011      0.135
    MALE               0.165      0.016     10.133      0.000      0.254

 FLIT       ON
    FCFMLRTY           0.147      0.020      7.273      0.000      0.393
    FLCONFIN           0.065      0.021      3.164      0.002      0.363
    FLSCHOOL          -0.104      0.022     -4.649      0.000      0.320
    FLFAMILY           0.061      0.020      2.986      0.003      0.360
    NOBULLY            0.047      0.019      2.441      0.015      0.346
    ESCS               0.069      0.021      3.270      0.001      0.442
    IMMI1GEN          -0.082      0.021     -3.915      0.000      0.326

 FLSCHOOL WITH
    FLFAMILY           0.184      0.020      9.417      0.000      0.156
    NOBULLY           -0.052      0.018     -2.942      0.003      0.127
    ESCS              -0.018      0.018     -1.016      0.310      0.095

 FLFAMILY WITH
    NOBULLY           -0.021      0.021     -1.021      0.307      0.422
    ESCS               0.038      0.017      2.204      0.028      0.120

 FCFMLRTY WITH
    FLCONFIN           0.167      0.018      9.370      0.000      0.179

 ESCS     WITH
    IMMI1GEN          -0.130      0.018     -7.436      0.000      0.018
    IMMI2GEN          -0.133      0.016     -8.275      0.000      0.035

 Means
    IMMI1GEN           0.190      0.010     19.659      0.000      0.085
    IMMI2GEN           0.242      0.012     20.907      0.000      0.020
    ESCS              -0.187      0.031     -5.943      0.000      0.009

 Intercepts
    FCFMLRTY           1.245      0.028     44.113      0.000      0.029
    FLCONFIN          -0.517      0.026    -19.575      0.000      0.131

 Variances
    FLSCHOOL           1.000      0.000  *********      0.000      0.000
    NOBULLY            1.000      0.000    999.000    999.000      0.000
    FLFAMILY           1.000      0.000  *********      0.000      0.000
    IMMI1GEN           1.000      0.000  *********      0.000      0.000
    IMMI2GEN           1.000      0.000    999.000    999.000      0.000
    ESCS               1.000      0.000  *********      0.000      0.000

 Residual Variances
    FLIT               0.945      0.008    114.512      0.000      0.164
    FCFMLRTY           0.914      0.009    100.055      0.000      0.094
    FLCONFIN           0.926      0.009    100.075      0.000      0.139

Between Level

 FLIT     WITH
    FLSCHOOL          -0.754      0.051    -14.921      0.000      0.151
    NOBULLY            0.589      0.110      5.333      0.000      0.238
    FLFAMILY          -0.268      0.222     -1.208      0.227      0.060
    EDUSHORT          -0.184      0.073     -2.540      0.011      0.114
    STRATIO            0.153      0.089      1.724      0.085      0.347

 FLSCHOOL WITH
    NOBULLY           -0.725      0.124     -5.835      0.000      0.323
    FLFAMILY          -0.085      0.227     -0.376      0.707      0.068
    EDUSHORT           0.123      0.080      1.531      0.126      0.090
    STRATIO           -0.103      0.095     -1.084      0.278      0.263

 NOBULLY  WITH
    FLFAMILY          -0.076      0.304     -0.251      0.802      0.132
    EDUSHORT          -0.051      0.130     -0.391      0.696      0.189
    STRATIO            0.115      0.110      1.041      0.298      0.180

 FLFAMILY WITH
    EDUSHORT           0.098      0.185      0.527      0.598      0.138
    STRATIO            0.020      0.180      0.113      0.910      0.561

 EDUSHORT WITH
    STRATIO           -0.077      0.060     -1.280      0.201      0.166

 Means
    EDUSHORT           0.359      0.065      5.481      0.000      0.053
    STRATIO            1.483      0.272      5.450      0.000      0.022
    FLIT               8.753      0.474     18.476      0.000      0.041
    FLSCHOOL          -0.774      0.104     -7.442      0.000      0.054
    NOBULLY            0.244      0.133      1.831      0.067      0.155
    FLFAMILY           0.602      0.265      2.270      0.023      0.077

 Variances
    EDUSHORT           1.000      0.000  *********      0.000      0.000
    STRATIO            1.000      0.000    999.000    999.000      0.000
    FLIT               1.000      0.000  *********      0.000      0.000
    FLSCHOOL           1.000      0.000  *********      0.000      0.000
    NOBULLY            1.000      0.000  *********      0.000      0.000
    FLFAMILY           1.000      0.000  *********      0.000      0.000


R-SQUARE

Within Level

    Observed                                        Two-Tailed   Rate of
    Variable        Estimate       S.E.  Est./S.E.    P-Value    Missing

    FLIT               0.055      0.008      6.639      0.000      0.164
    FCFMLRTY           0.086      0.009      9.388      0.000      0.094
    FLCONFIN           0.074      0.009      8.049      0.000      0.139

Between Level


QUALITY OF NUMERICAL RESULTS

     Average Condition Number for the Information Matrix      0.103E-07
       (ratio of smallest to largest eigenvalue)


TOTAL, TOTAL INDIRECT, SPECIFIC INDIRECT, AND DIRECT EFFECTS


                                                    Two-Tailed   Rate of
                    Estimate       S.E.  Est./S.E.    P-Value    Missing

WITHIN

Effects from FLSCHOOL to FLIT

  Total               -4.803      1.699     -2.827      0.005      0.334
  Total indirect       3.340      0.425      7.849      0.000      0.134

  Specific indirect 1
    FLIT
    FCFMLRTY
    FLSCHOOL           2.672      0.423      6.311      0.000      0.331

  Specific indirect 2
    FLIT
    FLCONFIN
    FLSCHOOL           0.667      0.238      2.807      0.005      0.371

  Direct
    FLIT
    FLSCHOOL          -8.143      1.755     -4.641      0.000      0.319


Effects from FLFAMILY to FLIT

  Total                6.247      1.451      4.305      0.000      0.372
  Total indirect       1.935      0.304      6.357      0.000      0.072

  Specific indirect 1
    FLIT
    FCFMLRTY
    FLFAMILY           1.261      0.243      5.200      0.000      0.208

  Specific indirect 2
    FLIT
    FLCONFIN
    FLFAMILY           0.674      0.231      2.919      0.004      0.267

  Direct
    FLIT
    FLFAMILY           4.312      1.460      2.953      0.003      0.371


Effects from NOBULLY to FLIT

  Total                3.853      1.358      2.837      0.005      0.318
  Total indirect       0.496      0.202      2.450      0.014      0.118

  Specific indirect 1
    FLIT
    FCFMLRTY
    NOBULLY            0.470      0.179      2.625      0.009      0.153

  Specific indirect 2
    FLIT
    FLCONFIN
    NOBULLY            0.026      0.081      0.317      0.751      0.119

  Direct
    FLIT
    NOBULLY            3.357      1.365      2.459      0.014      0.339


Effects from ESCS to FLIT

  Total                6.054      1.676      3.612      0.000      0.418
  Total indirect       0.512      0.249      2.053      0.040      0.162

  Specific indirect 1
    FLIT
    FCFMLRTY
    ESCS               0.576      0.216      2.662      0.008      0.149

  Specific indirect 2
    FLIT
    FLCONFIN
    ESCS              -0.064      0.086     -0.743      0.457      0.156

  Direct
    FLIT
    ESCS               5.542      1.691      3.278      0.001      0.436


Effects from IMMI2GEN to FLIT

  Total                0.324      0.734      0.442      0.659      0.123
  Total indirect       0.324      0.734      0.442      0.659      0.123

  Specific indirect 1
    FLIT
    FCFMLRTY
    IMMI2GEN          -0.565      0.518     -1.091      0.275      0.057

  Specific indirect 2
    FLIT
    FLCONFIN
    IMMI2GEN           0.889      0.455      1.955      0.051      0.265


Effects from MALE to FLIT

  Total                2.809      0.614      4.573      0.000      0.129
  Total indirect       2.809      0.614      4.573      0.000      0.129

  Specific indirect 1
    FLIT
    FCFMLRTY
    MALE               1.258      0.397      3.167      0.002      0.123

  Specific indirect 2
    FLIT
    FLCONFIN
    MALE               1.551      0.523      2.966      0.003      0.338


BETWEEN

Effects from FLSCHOOL to FLIT

  Total                0.000      0.000    999.000      0.000      0.167
  Total indirect       0.000      0.000    999.000      0.000      0.167


Effects from FLFAMILY to FLIT

  Total                0.000      0.000    999.000      0.000      0.167
  Total indirect       0.000      0.000    999.000      0.000      0.167


Effects from NOBULLY to FLIT

  Total                0.000      0.000    999.000      0.000      0.167
  Total indirect       0.000      0.000    999.000      0.000      0.167


Effects from ESCS to FLIT

  Total                0.000      0.000    999.000      0.000      0.167
  Total indirect       0.000      0.000    999.000      0.000      0.167


Effects from IMMI2GEN to FLIT

  Total                0.000      0.000    999.000      0.000      0.167
  Total indirect       0.000      0.000    999.000      0.000      0.167


Effects from MALE to FLIT

  Total                0.000      0.000    999.000      0.000      0.167
  Total indirect       0.000      0.000    999.000      0.000      0.167



STANDARDIZED TOTAL, TOTAL INDIRECT, SPECIFIC INDIRECT, AND DIRECT EFFECTS


STDYX Standardization

                                                    Two-Tailed   Rate of
                    Estimate       S.E.  Est./S.E.    P-Value    Missing

WITHIN

Effects from FLSCHOOL to FLIT

  Total               -0.061      0.022     -2.833      0.005      0.334
  Total indirect       0.042      0.005      7.789      0.000      0.147

  Specific indirect 1
    FLIT
    FCFMLRTY
    FLSCHOOL           0.034      0.005      6.330      0.000      0.336

  Specific indirect 2
    FLIT
    FLCONFIN
    FLSCHOOL           0.008      0.003      2.782      0.005      0.375

  Direct
    FLIT
    FLSCHOOL          -0.104      0.022     -4.649      0.000      0.320


Effects from FLFAMILY to FLIT

  Total                0.088      0.020      4.379      0.000      0.358
  Total indirect       0.027      0.004      6.346      0.000      0.086

  Specific indirect 1
    FLIT
    FCFMLRTY
    FLFAMILY           0.018      0.003      5.265      0.000      0.215

  Specific indirect 2
    FLIT
    FLCONFIN
    FLFAMILY           0.009      0.003      2.893      0.004      0.272

  Direct
    FLIT
    FLFAMILY           0.061      0.020      2.986      0.003      0.360


Effects from NOBULLY to FLIT

  Total                0.054      0.019      2.816      0.005      0.325
  Total indirect       0.007      0.003      2.469      0.014      0.112

  Specific indirect 1
    FLIT
    FCFMLRTY
    NOBULLY            0.007      0.002      2.647      0.008      0.148

  Specific indirect 2
    FLIT
    FLCONFIN
    NOBULLY            0.000      0.001      0.315      0.752      0.118

  Direct
    FLIT
    NOBULLY            0.047      0.019      2.441      0.015      0.346


Effects from ESCS to FLIT

  Total                0.075      0.021      3.602      0.000      0.426
  Total indirect       0.006      0.003      2.055      0.040      0.164

  Specific indirect 1
    FLIT
    FCFMLRTY
    ESCS               0.007      0.003      2.655      0.008      0.154

  Specific indirect 2
    FLIT
    FLCONFIN
    ESCS              -0.001      0.001     -0.741      0.459      0.158

  Direct
    FLIT
    ESCS               0.069      0.021      3.270      0.001      0.442


Effects from IMMI2GEN to FLIT

  Total                0.001      0.002      0.441      0.659      0.123
  Total indirect       0.001      0.002      0.441      0.659      0.123

  Specific indirect 1
    FLIT
    FCFMLRTY
    IMMI2GEN          -0.002      0.002     -1.090      0.276      0.058

  Specific indirect 2
    FLIT
    FLCONFIN
    IMMI2GEN           0.003      0.001      1.918      0.055      0.262


Effects from MALE to FLIT

  Total                0.019      0.004      4.529      0.000      0.138
  Total indirect       0.019      0.004      4.529      0.000      0.138

  Specific indirect 1
    FLIT
    FCFMLRTY
    MALE               0.009      0.003      3.178      0.001      0.121

  Specific indirect 2
    FLIT
    FLCONFIN
    MALE               0.011      0.004      2.936      0.003      0.343


BETWEEN

Effects from FLSCHOOL to FLIT

  Total                0.000      0.000      0.000      1.000      0.167
  Total indirect       0.000      0.000      0.000      1.000      0.167


Effects from FLFAMILY to FLIT

  Total                0.000      0.000      0.000      1.000      0.167
  Total indirect       0.000      0.000      0.000      1.000      0.167


Effects from NOBULLY to FLIT

  Total                0.000      0.000      0.000      1.000      0.167
  Total indirect       0.000      0.000      0.000      1.000      0.167


Effects from ESCS to FLIT

  Total                0.000      0.000      0.000      1.000      0.167
  Total indirect       0.000      0.000      0.000      1.000      0.167


Effects from IMMI2GEN to FLIT

  Total                0.000      0.000      0.000      1.000      0.167
  Total indirect       0.000      0.000      0.000      1.000      0.167


Effects from MALE to FLIT

  Total                0.000      0.000      0.000      1.000      0.167
  Total indirect       0.000      0.000      0.000      1.000      0.167




TECHNICAL 1 OUTPUT


     PARAMETER SPECIFICATION FOR WITHIN


           NU
              FLIT          FLSCHOOL      NOBULLY       FLFAMILY      FCFMLRTY
              ________      ________      ________      ________      ________
                    0             0             0             0             0


           NU
              FLCONFIN      IMMI1GEN      IMMI2GEN      ESCS          MALE
              ________      ________      ________      ________      ________
                    0             0             0             0             0


           LAMBDA
              FLIT          FLSCHOOL      NOBULLY       FLFAMILY      FCFMLRTY
              ________      ________      ________      ________      ________
 FLIT               0             0             0             0             0
 FLSCHOOL           0             0             0             0             0
 NOBULLY            0             0             0             0             0
 FLFAMILY           0             0             0             0             0
 FCFMLRTY           0             0             0             0             0
 FLCONFIN           0             0             0             0             0
 IMMI1GEN           0             0             0             0             0
 IMMI2GEN           0             0             0             0             0
 ESCS               0             0             0             0             0
 MALE               0             0             0             0             0


           LAMBDA
              FLCONFIN      IMMI1GEN      IMMI2GEN      ESCS          MALE
              ________      ________      ________      ________      ________
 FLIT               0             0             0             0             0
 FLSCHOOL           0             0             0             0             0
 NOBULLY            0             0             0             0             0
 FLFAMILY           0             0             0             0             0
 FCFMLRTY           0             0             0             0             0
 FLCONFIN           0             0             0             0             0
 IMMI1GEN           0             0             0             0             0
 IMMI2GEN           0             0             0             0             0
 ESCS               0             0             0             0             0
 MALE               0             0             0             0             0


           THETA
              FLIT          FLSCHOOL      NOBULLY       FLFAMILY      FCFMLRTY
              ________      ________      ________      ________      ________
 FLIT               0
 FLSCHOOL           0             0
 NOBULLY            0             0             0
 FLFAMILY           0             0             0             0
 FCFMLRTY           0             0             0             0             0
 FLCONFIN           0             0             0             0             0
 IMMI1GEN           0             0             0             0             0
 IMMI2GEN           0             0             0             0             0
 ESCS               0             0             0             0             0
 MALE               0             0             0             0             0


           THETA
              FLCONFIN      IMMI1GEN      IMMI2GEN      ESCS          MALE
              ________      ________      ________      ________      ________
 FLCONFIN           0
 IMMI1GEN           0             0
 IMMI2GEN           0             0             0
 ESCS               0             0             0             0
 MALE               0             0             0             0             0


           ALPHA
              FLIT          FLSCHOOL      NOBULLY       FLFAMILY      FCFMLRTY
              ________      ________      ________      ________      ________
                    0             0             0             0             1


           ALPHA
              FLCONFIN      IMMI1GEN      IMMI2GEN      ESCS          MALE
              ________      ________      ________      ________      ________
                    2             3             4             5             0


           BETA
              FLIT          FLSCHOOL      NOBULLY       FLFAMILY      FCFMLRTY
              ________      ________      ________      ________      ________
 FLIT               0             6             7             8             9
 FLSCHOOL           0             0             0             0             0
 NOBULLY            0             0             0             0             0
 FLFAMILY           0             0             0             0             0
 FCFMLRTY           0            13            14            15             0
 FLCONFIN           0            19            20            21             0
 IMMI1GEN           0             0             0             0             0
 IMMI2GEN           0             0             0             0             0
 ESCS               0             0             0             0             0
 MALE               0             0             0             0             0


           BETA
              FLCONFIN      IMMI1GEN      IMMI2GEN      ESCS          MALE
              ________      ________      ________      ________      ________
 FLIT              10            11             0            12             0
 FLSCHOOL           0             0             0             0             0
 NOBULLY            0             0             0             0             0
 FLFAMILY           0             0             0             0             0
 FCFMLRTY           0             0            16            17            18
 FLCONFIN           0             0            22            23            24
 IMMI1GEN           0             0             0             0             0
 IMMI2GEN           0             0             0             0             0
 ESCS               0             0             0             0             0
 MALE               0             0             0             0             0


           PSI
              FLIT          FLSCHOOL      NOBULLY       FLFAMILY      FCFMLRTY
              ________      ________      ________      ________      ________
 FLIT              25
 FLSCHOOL           0            26
 NOBULLY            0            27            28
 FLFAMILY           0            29            30            31
 FCFMLRTY           0             0             0             0            32
 FLCONFIN           0             0             0             0            33
 IMMI1GEN           0             0             0             0             0
 IMMI2GEN           0             0             0             0             0
 ESCS               0            37             0            38             0
 MALE               0             0             0             0             0


           PSI
              FLCONFIN      IMMI1GEN      IMMI2GEN      ESCS          MALE
              ________      ________      ________      ________      ________
 FLCONFIN          34
 IMMI1GEN           0            35
 IMMI2GEN           0             0            36
 ESCS               0            39            40            41
 MALE               0             0             0             0             0


     PARAMETER SPECIFICATION FOR BETWEEN


           NU
              EDUSHORT      STRATIO       FLIT          FLSCHOOL      NOBULLY
              ________      ________      ________      ________      ________
                    0             0             0             0             0


           NU
              FLFAMILY
              ________
                    0


           LAMBDA
              EDUSHORT      STRATIO       FLIT          FLSCHOOL      NOBULLY
              ________      ________      ________      ________      ________
 EDUSHORT           0             0             0             0             0
 STRATIO            0             0             0             0             0
 FLIT               0             0             0             0             0
 FLSCHOOL           0             0             0             0             0
 NOBULLY            0             0             0             0             0
 FLFAMILY           0             0             0             0             0


           LAMBDA
              FLFAMILY
              ________
 EDUSHORT           0
 STRATIO            0
 FLIT               0
 FLSCHOOL           0
 NOBULLY            0
 FLFAMILY           0


           THETA
              EDUSHORT      STRATIO       FLIT          FLSCHOOL      NOBULLY
              ________      ________      ________      ________      ________
 EDUSHORT           0
 STRATIO            0             0
 FLIT               0             0             0
 FLSCHOOL           0             0             0             0
 NOBULLY            0             0             0             0             0
 FLFAMILY           0             0             0             0             0


           THETA
              FLFAMILY
              ________
 FLFAMILY           0


           ALPHA
              EDUSHORT      STRATIO       FLIT          FLSCHOOL      NOBULLY
              ________      ________      ________      ________      ________
                   42            43            44            45            46


           ALPHA
              FLFAMILY
              ________
                   47


           BETA
              EDUSHORT      STRATIO       FLIT          FLSCHOOL      NOBULLY
              ________      ________      ________      ________      ________
 EDUSHORT           0             0             0             0             0
 STRATIO            0             0             0             0             0
 FLIT               0             0             0             0             0
 FLSCHOOL           0             0             0             0             0
 NOBULLY            0             0             0             0             0
 FLFAMILY           0             0             0             0             0


           BETA
              FLFAMILY
              ________
 EDUSHORT           0
 STRATIO            0
 FLIT               0
 FLSCHOOL           0
 NOBULLY            0
 FLFAMILY           0


           PSI
              EDUSHORT      STRATIO       FLIT          FLSCHOOL      NOBULLY
              ________      ________      ________      ________      ________
 EDUSHORT          48
 STRATIO           49            50
 FLIT              51            52            53
 FLSCHOOL          54            55            56            57
 NOBULLY           58            59            60            61            62
 FLFAMILY          63            64            65            66            67


           PSI
              FLFAMILY
              ________
 FLFAMILY          68


     STARTING VALUES FOR WITHIN


           NU
              FLIT          FLSCHOOL      NOBULLY       FLFAMILY      FCFMLRTY
              ________      ________      ________      ________      ________
                0.000         0.000         0.000         0.000         0.000


           NU
              FLCONFIN      IMMI1GEN      IMMI2GEN      ESCS          MALE
              ________      ________      ________      ________      ________
                0.000         0.000         0.000         0.000         0.000


           LAMBDA
              FLIT          FLSCHOOL      NOBULLY       FLFAMILY      FCFMLRTY
              ________      ________      ________      ________      ________
 FLIT           1.000         0.000         0.000         0.000         0.000
 FLSCHOOL       0.000         1.000         0.000         0.000         0.000
 NOBULLY        0.000         0.000         1.000         0.000         0.000
 FLFAMILY       0.000         0.000         0.000         1.000         0.000
 FCFMLRTY       0.000         0.000         0.000         0.000         1.000
 FLCONFIN       0.000         0.000         0.000         0.000         0.000
 IMMI1GEN       0.000         0.000         0.000         0.000         0.000
 IMMI2GEN       0.000         0.000         0.000         0.000         0.000
 ESCS           0.000         0.000         0.000         0.000         0.000
 MALE           0.000         0.000         0.000         0.000         0.000


           LAMBDA
              FLCONFIN      IMMI1GEN      IMMI2GEN      ESCS          MALE
              ________      ________      ________      ________      ________
 FLIT           0.000         0.000         0.000         0.000         0.000
 FLSCHOOL       0.000         0.000         0.000         0.000         0.000
 NOBULLY        0.000         0.000         0.000         0.000         0.000
 FLFAMILY       0.000         0.000         0.000         0.000         0.000
 FCFMLRTY       0.000         0.000         0.000         0.000         0.000
 FLCONFIN       1.000         0.000         0.000         0.000         0.000
 IMMI1GEN       0.000         1.000         0.000         0.000         0.000
 IMMI2GEN       0.000         0.000         1.000         0.000         0.000
 ESCS           0.000         0.000         0.000         1.000         0.000
 MALE           0.000         0.000         0.000         0.000         1.000


           THETA
              FLIT          FLSCHOOL      NOBULLY       FLFAMILY      FCFMLRTY
              ________      ________      ________      ________      ________
 FLIT           0.000
 FLSCHOOL       0.000         0.000
 NOBULLY        0.000         0.000         0.000
 FLFAMILY       0.000         0.000         0.000         0.000
 FCFMLRTY       0.000         0.000         0.000         0.000         0.000
 FLCONFIN       0.000         0.000         0.000         0.000         0.000
 IMMI1GEN       0.000         0.000         0.000         0.000         0.000
 IMMI2GEN       0.000         0.000         0.000         0.000         0.000
 ESCS           0.000         0.000         0.000         0.000         0.000
 MALE           0.000         0.000         0.000         0.000         0.000


           THETA
              FLCONFIN      IMMI1GEN      IMMI2GEN      ESCS          MALE
              ________      ________      ________      ________      ________
 FLCONFIN       0.000
 IMMI1GEN       0.000         0.000
 IMMI2GEN       0.000         0.000         0.000
 ESCS           0.000         0.000         0.000         0.000
 MALE           0.000         0.000         0.000         0.000         0.000


           ALPHA
              FLIT          FLSCHOOL      NOBULLY       FLFAMILY      FCFMLRTY
              ________      ________      ________      ________      ________
                0.000         0.000         0.000         0.000         6.363


           ALPHA
              FLCONFIN      IMMI1GEN      IMMI2GEN      ESCS          MALE
              ________      ________      ________      ________      ________
               -0.324         0.046         0.054        -0.219         0.000


           BETA
              FLIT          FLSCHOOL      NOBULLY       FLFAMILY      FCFMLRTY
              ________      ________      ________      ________      ________
 FLIT           0.000         0.000         0.000         0.000         0.000
 FLSCHOOL       0.000         0.000         0.000         0.000         0.000
 NOBULLY        0.000         0.000         0.000         0.000         0.000
 FLFAMILY       0.000         0.000         0.000         0.000         0.000
 FCFMLRTY       0.000         0.000         0.000         0.000         0.000
 FLCONFIN       0.000         0.000         0.000         0.000         0.000
 IMMI1GEN       0.000         0.000         0.000         0.000         0.000
 IMMI2GEN       0.000         0.000         0.000         0.000         0.000
 ESCS           0.000         0.000         0.000         0.000         0.000
 MALE           0.000         0.000         0.000         0.000         0.000


           BETA
              FLCONFIN      IMMI1GEN      IMMI2GEN      ESCS          MALE
              ________      ________      ________      ________      ________
 FLIT           0.000         0.000         0.000         0.000         0.000
 FLSCHOOL       0.000         0.000         0.000         0.000         0.000
 NOBULLY        0.000         0.000         0.000         0.000         0.000
 FLFAMILY       0.000         0.000         0.000         0.000         0.000
 FCFMLRTY       0.000         0.000         0.000         0.000         0.000
 FLCONFIN       0.000         0.000         0.000         0.000         0.000
 IMMI1GEN       0.000         0.000         0.000         0.000         0.000
 IMMI2GEN       0.000         0.000         0.000         0.000         0.000
 ESCS           0.000         0.000         0.000         0.000         0.000
 MALE           0.000         0.000         0.000         0.000         0.000


           PSI
              FLIT          FLSCHOOL      NOBULLY       FLFAMILY      FCFMLRTY
              ________      ________      ________      ________      ________
 FLIT        3938.215
 FLSCHOOL       0.000         0.474
 NOBULLY        0.000         0.000         0.542
 FLFAMILY       0.000         0.000         0.000         0.502
 FCFMLRTY       0.000         0.000         0.000         0.000        12.538
 FLCONFIN       0.000         0.000         0.000         0.000         0.000
 IMMI1GEN       0.000         0.000         0.000         0.000         0.000
 IMMI2GEN       0.000         0.000         0.000         0.000         0.000
 ESCS           0.000         0.000         0.000         0.000         0.000
 MALE           0.000         0.000         0.000         0.000         0.000


           PSI
              FLCONFIN      IMMI1GEN      IMMI2GEN      ESCS          MALE
              ________      ________      ________      ________      ________
 FLCONFIN       0.508
 IMMI1GEN       0.000         0.022
 IMMI2GEN       0.000         0.000         0.025
 ESCS           0.000         0.000         0.000         0.394
 MALE           0.000         0.000         0.000         0.000         0.125


     STARTING VALUES FOR BETWEEN


           NU
              EDUSHORT      STRATIO       FLIT          FLSCHOOL      NOBULLY
              ________      ________      ________      ________      ________
                0.000         0.000         0.000         0.000         0.000


           NU
              FLFAMILY
              ________
                0.000


           LAMBDA
              EDUSHORT      STRATIO       FLIT          FLSCHOOL      NOBULLY
              ________      ________      ________      ________      ________
 EDUSHORT       1.000         0.000         0.000         0.000         0.000
 STRATIO        0.000         1.000         0.000         0.000         0.000
 FLIT           0.000         0.000         1.000         0.000         0.000
 FLSCHOOL       0.000         0.000         0.000         1.000         0.000
 NOBULLY        0.000         0.000         0.000         0.000         1.000
 FLFAMILY       0.000         0.000         0.000         0.000         0.000


           LAMBDA
              FLFAMILY
              ________
 EDUSHORT       0.000
 STRATIO        0.000
 FLIT           0.000
 FLSCHOOL       0.000
 NOBULLY        0.000
 FLFAMILY       1.000


           THETA
              EDUSHORT      STRATIO       FLIT          FLSCHOOL      NOBULLY
              ________      ________      ________      ________      ________
 EDUSHORT       0.000
 STRATIO        0.000         0.000
 FLIT           0.000         0.000         0.000
 FLSCHOOL       0.000         0.000         0.000         0.000
 NOBULLY        0.000         0.000         0.000         0.000         0.000
 FLFAMILY       0.000         0.000         0.000         0.000         0.000


           THETA
              FLFAMILY
              ________
 FLFAMILY       0.000


           ALPHA
              EDUSHORT      STRATIO       FLIT          FLSCHOOL      NOBULLY
              ________      ________      ________      ________      ________
                0.263         9.211       480.295        -0.253         0.048


           ALPHA
              FLFAMILY
              ________
                0.021


           BETA
              EDUSHORT      STRATIO       FLIT          FLSCHOOL      NOBULLY
              ________      ________      ________      ________      ________
 EDUSHORT       0.000         0.000         0.000         0.000         0.000
 STRATIO        0.000         0.000         0.000         0.000         0.000
 FLIT           0.000         0.000         0.000         0.000         0.000
 FLSCHOOL       0.000         0.000         0.000         0.000         0.000
 NOBULLY        0.000         0.000         0.000         0.000         0.000
 FLFAMILY       0.000         0.000         0.000         0.000         0.000


           BETA
              FLFAMILY
              ________
 EDUSHORT       0.000
 STRATIO        0.000
 FLIT           0.000
 FLSCHOOL       0.000
 NOBULLY        0.000
 FLFAMILY       0.000


           PSI
              EDUSHORT      STRATIO       FLIT          FLSCHOOL      NOBULLY
              ________      ________      ________      ________      ________
 EDUSHORT       0.444
 STRATIO        0.000        27.381
 FLIT           0.000         0.000      3938.215
 FLSCHOOL       0.000         0.000         0.000         0.474
 NOBULLY        0.000         0.000         0.000         0.000         0.542
 FLFAMILY       0.000         0.000         0.000         0.000         0.000


           PSI
              FLFAMILY
              ________
 FLFAMILY       0.502


     Beginning Time:  18:05:25
        Ending Time:  18:07:53
       Elapsed Time:  00:02:28



MUTHEN & MUTHEN
3463 Stoner Ave.
Los Angeles, CA  90066

Tel: (310) 391-9971
Fax: (310) 391-8971
Web: www.StatModel.com
Support: Support@StatModel.com

Copyright (c) 1998-2020 Muthen & Muthen
