Mplus VERSION 8.3
MUTHEN & MUTHEN
01/22/2021   8:00 PM

INPUT INSTRUCTIONS


  TITLE:
      Two-level saturated model 428

  DATA:
      file = "C:\Users\tctan\implist.dat";

      type = imputation;


  VARIABLE:
      names =
          FKI CNTRYID CNTSCHID CNTSTUID W_STU
          MATH READ FLIT                      ! PISA achievement variables
          MALE IMMI1GEN IMMI2GEN ESCS         ! Demographic info
          FCFMLRTY FLCONFIN                   ! Affect
          FLSCHOOL                            !   Lat var "Academic"
          NOBULLY                             !   Lat var "Safety"
          FLFAMILY                            !   Lat var "Community"
          W_SCH STRATIO                       ! School character
          EDUSHORT                            !   Lat var "inst. env."
          ;

      useobs = CNTRYID eq 428;          ! Pull out one country at a time

      usevar =
          FLIT                                ! PISA achievement variables
          FLSCHOOL                            !   Lat var "Academic"
          NOBULLY                             !   Lat var "Safety"
          FLFAMILY                            !   Lat var "Community"
          EDUSHORT STRATIO                    !   Lat var "Inst env"
          FCFMLRTY FLCONFIN                   ! Affect
          MALE IMMI1GEN IMMI2GEN ESCS         ! Demographic info
          ;

      ! Vars that ONLY appear in L1
      within =
          FCFMLRTY FLCONFIN                   ! Affective vars
          MALE IMMI1GEN IMMI2GEN ESCS         ! L1 control vars
          ;

      ! Vars that ONLY appear in L2
      between =
          EDUSHORT STRATIO                    ! L2: school
          ;

      missing = all (-99);

      weight = W_STU;                         ! Student weight
      wtscale = cluster;                      ! Scale L1 weight to cluster size
      bweight = W_SCH;                        ! School weight
      bwtscale = sample;                      ! Scale L2 weight to sample

      cluster = CNTSCHID;                     ! Cluster by school ID


  ANALYSIS:
      processors = 4;

      type = twolevel;


  MODEL:

  %Within%                                    ! === L1: Student-level ===

      ! Indirect pathways (1st half): school climate vars onto mediators
          ! Onto mediator FAMILIARITY
      FCFMLRTY on FLSCHOOL NOBULLY FLFAMILY;
          ! Onto mediator CONFIDENCE
      FLCONFIN on FLSCHOOL NOBULLY FLFAMILY;

      ! Total effect
      FLIT on
          ! Direct pathways: school climate vars onto financial literacy
          FLSCHOOL NOBULLY FLFAMILY
          ! Indirect pathways (2nd half): affective vars onto financial literacy
          FCFMLRTY FLCONFIN
          ! Control vars (demographic info)
          MALE IMMI1GEN IMMI2GEN ESCS
          ;

      ! Covariances
          ! Between school climate vars
      FLSCHOOL with NOBULLY;
      FLSCHOOL with FLFAMILY;
      NOBULLY with FLFAMILY;
          ! Between mediators
      FCFMLRTY with FLCONFIN;
          ! ESCS with FLFAMILY
      ESCS with FLFAMILY

  %Between%                                   ! === L2: School-level ===

      FLIT-STRATIO WITH FLIT-STRATIO;


  MODEL INDIRECT:

      ! Indirect effects
      FLIT ind FLSCHOOL;
      FLIT ind NOBULLY;
      FLIT ind FLFAMILY;


  OUTPUT:
      stdyx                                   ! Fully standardised solution
      mod(all)                                ! Mod indices (all)
      ;



*** WARNING in MODEL command
  In the MODEL command, the following variable is a y-variable on the BETWEEN
  level and an x-variable on the WITHIN level.  This variable will be treated
  as a y-variable on both levels:  FLSCHOOL
*** WARNING in MODEL command
  In the MODEL command, the following variable is a y-variable on the BETWEEN
  level and an x-variable on the WITHIN level.  This variable will be treated
  as a y-variable on both levels:  NOBULLY
*** WARNING in MODEL command
  In the MODEL command, the following variable is a y-variable on the BETWEEN
  level and an x-variable on the WITHIN level.  This variable will be treated
  as a y-variable on both levels:  FLFAMILY
*** WARNING in OUTPUT command
  MODINDICES option is not available for multiple imputation.
  Request for MODINDICES is ignored.
   4 WARNING(S) FOUND IN THE INPUT INSTRUCTIONS




Two-level saturated model 428

SUMMARY OF ANALYSIS

Number of groups                                                 1
Average number of observations                                3082

Number of replications
    Requested                                                   10
    Completed                                                   10

Number of dependent variables                                    8
Number of independent variables                                  4
Number of continuous latent variables                            0

Observed dependent variables

  Continuous
   EDUSHORT    STRATIO     FLIT        FLSCHOOL    NOBULLY     FLFAMILY
   FCFMLRTY    FLCONFIN

Observed independent variables
   MALE        IMMI1GEN    IMMI2GEN    ESCS

Variables with special functions

  Cluster variable      CNTSCHID
  Weight variable (cluster-size scaling)
    W_STU
  Between weight variable (sample-size scaling)
    W_SCH

  Within variables
   FCFMLRTY    FLCONFIN    MALE        IMMI1GEN    IMMI2GEN    ESCS

  Between variables
   EDUSHORT    STRATIO


Estimator                                                      MLR
Information matrix                                        OBSERVED
Maximum number of iterations                                   100
Convergence criterion                                    0.100D-05
Maximum number of EM iterations                                500
Convergence criteria for the EM algorithm
  Loglikelihood change                                   0.100D-02
  Relative loglikelihood change                          0.100D-05
  Derivative                                             0.100D-03
Minimum variance                                         0.100D-03
Maximum number of steepest descent iterations                   20
Maximum number of iterations for H1                           2000
Convergence criterion for H1                             0.100D-03
Optimization algorithm                                         EMA

Input data file(s)
  Multiple data files from
    C:\Users\tctan\implist.dat
Input data format  FREE


SUMMARY OF DATA FOR THE FIRST DATA SET

     Number of missing data patterns            52
     Number of clusters                        307

     Average cluster size       10.039

     Estimated Intraclass Correlations for the Y Variables

                Intraclass              Intraclass              Intraclass
     Variable  Correlation   Variable  Correlation   Variable  Correlation

     FLIT         0.123      FLSCHOOL     0.065      NOBULLY      0.032
     FLFAMILY     0.004      FCFMLRTY     0.000      FLCONFIN     0.000
     ESCS         0.000



SUMMARY OF MISSING DATA PATTERNS FOR THE FIRST DATA SET


     MISSING DATA PATTERNS (x = not missing)

           1  2  3  4  5  6  7  8  9 10 11 12 13 14 15 16 17 18 19 20
 EDUSHORT  x  x  x  x  x  x  x  x  x     x  x  x     x  x  x  x  x  x
 STRATIO   x  x  x  x  x  x  x  x  x     x  x  x     x  x        x  x
 FLIT      x  x  x  x  x  x  x  x  x  x  x  x  x  x  x  x  x  x  x  x
 FLSCHOOL  x  x  x  x              x  x  x  x     x  x        x
 NOBULLY   x           x  x     x     x  x  x           x  x  x  x
 FLFAMILY  x  x     x     x        x  x  x  x        x     x  x  x  x
 FCFMLRTY  x  x  x  x     x     x     x  x     x  x     x  x  x  x
 FLCONFIN  x  x           x           x     x     x  x  x  x  x
 ESCS      x  x  x  x  x  x  x  x  x  x  x  x  x  x  x  x  x  x  x  x
 MALE      x  x  x  x  x  x  x  x  x  x  x  x  x  x  x  x  x  x  x  x
 IMMI1GEN  x  x  x  x  x  x  x  x  x  x  x  x  x  x  x  x  x  x  x  x
 IMMI2GEN  x  x  x  x  x  x  x  x  x  x  x  x  x  x  x  x  x  x  x  x

          21 22 23 24 25 26 27 28 29 30 31 32 33 34 35 36 37 38 39 40
 EDUSHORT  x  x  x  x  x  x        x  x  x  x  x  x  x  x  x  x
 STRATIO   x  x  x     x  x        x  x  x        x  x        x  x  x
 FLIT      x  x  x  x  x  x  x  x  x  x  x  x  x  x  x  x  x  x  x  x
 FLSCHOOL  x           x  x  x  x  x  x  x     x              x  x  x
 NOBULLY   x  x              x        x     x     x     x        x
 FLFAMILY        x           x  x     x  x     x  x  x        x  x  x
 FCFMLRTY  x     x        x  x  x     x  x     x        x  x  x  x  x
 FLCONFIN  x              x     x  x  x  x     x  x  x           x  x
 ESCS      x     x  x  x  x  x  x  x        x  x  x  x  x  x     x  x
 MALE      x  x  x  x  x  x  x  x  x  x  x  x  x  x  x  x  x  x  x  x
 IMMI1GEN  x  x  x  x  x  x  x  x  x  x  x  x  x  x  x  x  x  x  x  x
 IMMI2GEN  x  x  x  x  x  x  x  x  x  x  x  x  x  x  x  x  x  x  x  x

          41 42 43 44 45 46 47 48 49 50 51 52
 EDUSHORT  x  x  x  x  x     x  x     x  x  x
 STRATIO   x  x  x  x  x        x        x  x
 FLIT      x  x  x  x  x  x  x  x  x  x  x  x
 FLSCHOOL        x     x     x  x  x  x     x
 NOBULLY         x     x  x  x  x     x  x  x
 FLFAMILY  x           x     x  x  x     x
 FCFMLRTY  x     x     x     x     x  x  x  x
 FLCONFIN  x        x
 ESCS      x     x  x     x  x  x  x  x
 MALE      x  x  x  x  x  x  x  x  x  x  x  x
 IMMI1GEN  x  x  x  x  x  x  x  x  x  x  x  x
 IMMI2GEN  x  x  x  x  x  x  x  x  x  x  x  x


     MISSING DATA PATTERN FREQUENCIES

    Pattern   Frequency     Pattern   Frequency     Pattern   Frequency
          1        2306          19           3          37           1
          2         278          20           4          38           2
          3          11          21           8          39          13
          4          27          22           1          40           1
          5          44          23           1          41           2
          6          10          24           2          42           1
          7          33          25           4          43           3
          8          18          26           5          44           1
          9           2          27           2          45           1
         10          78          28           5          46           3
         11          52          29           3          47           2
         12           9          30           4          48           2
         13          18          31           3          49           2
         14           1          32           4          50           1
         15           4          33          12          51           1
         16           5          34           1          52           1
         17           2          35           1
         18          82          36           2


COVARIANCE COVERAGE OF DATA FOR THE FIRST DATA SET

Minimum covariance coverage value   0.100


     PROPORTION OF DATA PRESENT


           Covariance Coverage
              EDUSHORT      STRATIO       FLIT          FLSCHOOL      NOBULLY
              ________      ________      ________      ________      ________
 EDUSHORT       0.966
 STRATIO        0.931         0.935
 FLIT           0.966         0.935         1.000
 FLSCHOOL       0.916         0.889         0.949         0.949
 NOBULLY        0.831         0.805         0.862         0.832         0.862
 FLFAMILY       0.912         0.885         0.945         0.937         0.833
 FCFMLRTY       0.928         0.900         0.961         0.941         0.842
 FLCONFIN       0.888         0.861         0.920         0.912         0.817
 ESCS           0.961         0.931         0.995         0.945         0.860
 MALE           0.966         0.935         1.000         0.949         0.862
 IMMI1GEN       0.966         0.935         1.000         0.949         0.862
 IMMI2GEN       0.966         0.935         1.000         0.949         0.862


           Covariance Coverage
              FLFAMILY      FCFMLRTY      FLCONFIN      ESCS          MALE
              ________      ________      ________      ________      ________
 FLFAMILY       0.945
 FCFMLRTY       0.937         0.961
 FLCONFIN       0.912         0.913         0.920
 ESCS           0.941         0.957         0.917         0.995
 MALE           0.945         0.961         0.920         0.995         1.000
 IMMI1GEN       0.945         0.961         0.920         0.995         1.000
 IMMI2GEN       0.945         0.961         0.920         0.995         1.000


           Covariance Coverage
              IMMI1GEN      IMMI2GEN
              ________      ________
 IMMI1GEN       1.000
 IMMI2GEN       1.000         1.000


SAMPLE STATISTICS

NOTE:  The sample statistics for within and between refer to the
       maximum-likelihood estimated within and between covariance
       matrices, respectively.

NOTE:  These are average results over 10 data sets.


     ESTIMATED SAMPLE STATISTICS FOR WITHIN


           Means
              EDUSHORT      STRATIO       FLIT          FLSCHOOL      NOBULLY
              ________      ________      ________      ________      ________
                0.000         0.000         0.000         0.000         0.000


           Means
              FLFAMILY      FCFMLRTY      FLCONFIN      ESCS          MALE
              ________      ________      ________      ________      ________
                0.000         7.240         0.080         0.050         0.488


           Means
              IMMI1GEN      IMMI2GEN
              ________      ________
                0.007         0.041


           Covariances
              EDUSHORT      STRATIO       FLIT          FLSCHOOL      NOBULLY
              ________      ________      ________      ________      ________
 EDUSHORT       0.000
 STRATIO        0.000         0.000
 FLIT           0.000         0.000      5210.335
 FLSCHOOL       0.000         0.000        -1.924         0.685
 NOBULLY        0.000         0.000         9.017        -0.065         1.028
 FLFAMILY       0.000         0.000        -0.617         0.182        -0.009
 FCFMLRTY       0.000         0.000        89.736         1.119         0.264
 FLCONFIN       0.000         0.000        11.973         0.093         0.035
 ESCS           0.000         0.000        11.372         0.053         0.056
 MALE           0.000         0.000        -0.347         0.045        -0.074
 IMMI1GEN       0.000         0.000         0.099        -0.001        -0.007
 IMMI2GEN       0.000         0.000        -0.172         0.004        -0.003


           Covariances
              FLFAMILY      FCFMLRTY      FLCONFIN      ESCS          MALE
              ________      ________      ________      ________      ________
 FLFAMILY       0.879
 FCFMLRTY       0.684        26.862
 FLCONFIN       0.107         1.196         0.848
 ESCS           0.105         0.538         0.078         0.694
 MALE          -0.014         0.117         0.067         0.004         0.250
 IMMI1GEN      -0.005        -0.003        -0.002         0.001         0.002
 IMMI2GEN       0.003         0.009         0.000         0.001         0.004


           Covariances
              IMMI1GEN      IMMI2GEN
              ________      ________
 IMMI1GEN       0.007
 IMMI2GEN       0.000         0.039


           Correlations
              EDUSHORT      STRATIO       FLIT          FLSCHOOL      NOBULLY
              ________      ________      ________      ________      ________
 EDUSHORT       0.000
 STRATIO        0.000         0.000
 FLIT           0.000         0.000         1.000
 FLSCHOOL       0.000         0.000        -0.032         1.000
 NOBULLY        0.000         0.000         0.123        -0.078         1.000
 FLFAMILY       0.000         0.000        -0.009         0.234        -0.009
 FCFMLRTY       0.000         0.000         0.240         0.261         0.050
 FLCONFIN       0.000         0.000         0.180         0.123         0.037
 ESCS           0.000         0.000         0.189         0.077         0.066
 MALE           0.000         0.000        -0.010         0.108        -0.145
 IMMI1GEN       0.000         0.000         0.016        -0.014        -0.083
 IMMI2GEN       0.000         0.000        -0.012         0.024        -0.015


           Correlations
              FLFAMILY      FCFMLRTY      FLCONFIN      ESCS          MALE
              ________      ________      ________      ________      ________
 FLFAMILY       1.000
 FCFMLRTY       0.141         1.000
 FLCONFIN       0.124         0.251         1.000
 ESCS           0.134         0.125         0.101         1.000
 MALE          -0.030         0.045         0.146         0.010         1.000
 IMMI1GEN      -0.065        -0.008        -0.024         0.008         0.050
 IMMI2GEN       0.018         0.008        -0.002         0.008         0.040


           Correlations
              IMMI1GEN      IMMI2GEN
              ________      ________
 IMMI1GEN       1.000
 IMMI2GEN      -0.017         1.000


     ESTIMATED SAMPLE STATISTICS FOR BETWEEN


           Means
              EDUSHORT      STRATIO       FLIT          FLSCHOOL      NOBULLY
              ________      ________      ________      ________      ________
               -0.147        10.994       504.432         0.007        -0.355


           Means
              FLFAMILY      FCFMLRTY      FLCONFIN      ESCS          MALE
              ________      ________      ________      ________      ________
                0.040         0.000         0.000         0.000         0.000


           Means
              IMMI1GEN      IMMI2GEN
              ________      ________
                0.000         0.000


           Covariances
              EDUSHORT      STRATIO       FLIT          FLSCHOOL      NOBULLY
              ________      ________      ________      ________      ________
 EDUSHORT       0.638
 STRATIO       -0.078        37.629
 FLIT          -0.352        13.938       787.868
 FLSCHOOL       0.010        -0.005        -3.682         0.047
 NOBULLY        0.016         0.157         2.738        -0.008         0.033
 FLFAMILY      -0.017        -0.041        -0.336         0.004         0.004
 FCFMLRTY       0.000         0.000         0.000         0.000         0.000
 FLCONFIN       0.000         0.000         0.000         0.000         0.000
 ESCS           0.000         0.000         0.000         0.000         0.000
 MALE           0.000         0.000         0.000         0.000         0.000
 IMMI1GEN       0.000         0.000         0.000         0.000         0.000
 IMMI2GEN       0.000         0.000         0.000         0.000         0.000


           Covariances
              FLFAMILY      FCFMLRTY      FLCONFIN      ESCS          MALE
              ________      ________      ________      ________      ________
 FLFAMILY       0.003
 FCFMLRTY       0.000         0.000
 FLCONFIN       0.000         0.000         0.000
 ESCS           0.000         0.000         0.000         0.000
 MALE           0.000         0.000         0.000         0.000         0.000
 IMMI1GEN       0.000         0.000         0.000         0.000         0.000
 IMMI2GEN       0.000         0.000         0.000         0.000         0.000


           Covariances
              IMMI1GEN      IMMI2GEN
              ________      ________
 IMMI1GEN       0.000
 IMMI2GEN       0.000         0.000


           Correlations
              EDUSHORT      STRATIO       FLIT          FLSCHOOL      NOBULLY
              ________      ________      ________      ________      ________
 EDUSHORT       1.000
 STRATIO       -0.016         1.000
 FLIT          -0.016         0.081         1.000
 FLSCHOOL       0.058        -0.004        -0.604         1.000
 NOBULLY        0.110         0.140         0.533        -0.202         1.000
 FLFAMILY      -0.367        -0.115        -0.205         0.354         0.342
 FCFMLRTY       0.000         0.000         0.000         0.000         0.000
 FLCONFIN       0.000         0.000         0.000         0.000         0.000
 ESCS           0.000         0.000         0.000         0.000         0.000
 MALE           0.000         0.000         0.000         0.000         0.000
 IMMI1GEN       0.000         0.000         0.000         0.000         0.000
 IMMI2GEN       0.000         0.000         0.000         0.000         0.000


           Correlations
              FLFAMILY      FCFMLRTY      FLCONFIN      ESCS          MALE
              ________      ________      ________      ________      ________
 FLFAMILY       1.000
 FCFMLRTY       0.000         0.000
 FLCONFIN       0.000         0.000         0.000
 ESCS           0.000         0.000         0.000         0.000
 MALE           0.000         0.000         0.000         0.000         0.000
 IMMI1GEN       0.000         0.000         0.000         0.000         0.000
 IMMI2GEN       0.000         0.000         0.000         0.000         0.000


           Correlations
              IMMI1GEN      IMMI2GEN
              ________      ________
 IMMI1GEN       0.000
 IMMI2GEN       0.000         0.000




MODEL FIT INFORMATION

Number of Free Parameters                       57

Loglikelihood

    H0 Value

        Mean                            -46516.026
        Std Dev                             29.327
        Number of successful computations       10

             Proportions                   Percentiles
        Expected    Observed         Expected       Observed
           0.990       1.000       -46584.250     -46559.216
           0.980       1.000       -46576.256     -46559.216
           0.950       1.000       -46564.267     -46559.216
           0.900       0.900       -46553.612     -46559.216
           0.800       0.700       -46540.708     -46559.216
           0.700       0.600       -46531.405     -46541.651
           0.500       0.500       -46516.026     -46517.438
           0.300       0.400       -46500.647     -46495.782
           0.200       0.300       -46491.344     -46487.775
           0.100       0.100       -46478.440     -46485.907
           0.050       0.000       -46467.786     -46485.907
           0.020       0.000       -46455.797     -46485.907
           0.010       0.000       -46447.802     -46485.907

    H1 Value

        Mean                            -46387.799
        Std Dev                             29.248
        Number of successful computations       10

             Proportions                   Percentiles
        Expected    Observed         Expected       Observed
           0.990       1.000       -46455.839     -46430.980
           0.980       1.000       -46447.866     -46430.980
           0.950       1.000       -46435.909     -46430.980
           0.900       0.900       -46425.283     -46430.980
           0.800       0.700       -46412.414     -46430.980
           0.700       0.600       -46403.137     -46413.227
           0.500       0.500       -46387.799     -46388.801
           0.300       0.400       -46372.461     -46367.421
           0.200       0.300       -46363.184     -46360.283
           0.100       0.100       -46350.314     -46357.683
           0.050       0.000       -46339.689     -46357.683
           0.020       0.000       -46327.732     -46357.683
           0.010       0.000       -46319.759     -46357.683

Information Criteria

    Akaike (AIC)

        Mean                             93146.052
        Std Dev                             58.655
        Number of successful computations       10

             Proportions                   Percentiles
        Expected    Observed         Expected       Observed
           0.990       1.000        93009.604      93052.405
           0.980       1.000        93025.593      93052.405
           0.950       1.000        93049.571      93052.405
           0.900       0.900        93070.880      93052.405
           0.800       0.700        93096.689      93052.405
           0.700       0.600        93115.294      93089.551
           0.500       0.500        93146.052      93142.235
           0.300       0.400        93176.811      93186.774
           0.200       0.300        93195.416      93197.302
           0.100       0.100        93221.224      93219.569
           0.050       0.000        93242.534      93219.569
           0.020       0.000        93266.512      93219.569
           0.010       0.000        93282.501      93219.569

    Bayesian (BIC)

        Mean                             93489.952
        Std Dev                             58.655
        Number of successful computations       10

             Proportions                   Percentiles
        Expected    Observed         Expected       Observed
           0.990       1.000        93353.504      93396.305
           0.980       1.000        93369.493      93396.305
           0.950       1.000        93393.471      93396.305
           0.900       0.900        93414.780      93396.305
           0.800       0.700        93440.589      93396.305
           0.700       0.600        93459.194      93433.451
           0.500       0.500        93489.952      93486.135
           0.300       0.400        93520.711      93530.674
           0.200       0.300        93539.316      93541.203
           0.100       0.100        93565.124      93563.469
           0.050       0.000        93586.434      93563.469
           0.020       0.000        93610.412      93563.469
           0.010       0.000        93626.401      93563.469

    Sample-Size Adjusted BIC (n* = (n + 2) / 24)

        Mean                             93308.840
        Std Dev                             58.655
        Number of successful computations       10

             Proportions                   Percentiles
        Expected    Observed         Expected       Observed
           0.990       1.000        93172.392      93215.193
           0.980       1.000        93188.381      93215.193
           0.950       1.000        93212.359      93215.193
           0.900       0.900        93233.668      93215.193
           0.800       0.700        93259.476      93215.193
           0.700       0.600        93278.082      93252.339
           0.500       0.500        93308.840      93305.023
           0.300       0.400        93339.599      93349.562
           0.200       0.300        93358.204      93360.090
           0.100       0.100        93384.012      93382.357
           0.050       0.000        93405.322      93382.357
           0.020       0.000        93429.300      93382.357
           0.010       0.000        93445.289      93382.357

Chi-Square Test of Model Fit

        Degrees of freedom                      22

        Mean                               200.661
        Std Dev                              0.403
        Number of successful computations       10

             Proportions                   Percentiles
        Expected    Observed         Expected       Observed
           0.990       1.000            9.542        199.945
           0.980       1.000           10.600        199.945
           0.950       1.000           12.338        199.945
           0.900       1.000           14.041        199.945
           0.800       1.000           16.314        199.945
           0.700       1.000           18.101        200.499
           0.500       1.000           21.337        200.597
           0.300       1.000           24.939        200.773
           0.200       1.000           27.301        200.804
           0.100       1.000           30.813        201.021
           0.050       1.000           33.924        201.021
           0.020       1.000           37.659        201.021
           0.010       1.000           40.289        201.021

RMSEA (Root Mean Square Error Of Approximation)

        Mean                                 0.051
        Std Dev                              0.000
        Number of successful computations       10

             Proportions                   Percentiles
        Expected    Observed         Expected       Observed
           0.990       1.000            0.051          0.051
           0.980       1.000            0.051          0.051
           0.950       0.900            0.051          0.051
           0.900       0.900            0.051          0.051
           0.800       0.800            0.051          0.051
           0.700       0.800            0.051          0.051
           0.500       0.500            0.051          0.051
           0.300       0.200            0.051          0.051
           0.200       0.200            0.051          0.051
           0.100       0.100            0.051          0.051
           0.050       0.100            0.051          0.051
           0.020       0.000            0.051          0.051
           0.010       0.000            0.051          0.051

CFI/TLI

    CFI

        Mean                                 0.823
        Std Dev                              0.003
        Number of successful computations       10

             Proportions                   Percentiles
        Expected    Observed         Expected       Observed
           0.990       1.000            0.816          0.819
           0.980       1.000            0.817          0.819
           0.950       1.000            0.818          0.819
           0.900       1.000            0.819          0.819
           0.800       0.900            0.821          0.819
           0.700       0.500            0.822          0.821
           0.500       0.400            0.823          0.821
           0.300       0.300            0.825          0.824
           0.200       0.300            0.826          0.827
           0.100       0.200            0.828          0.828
           0.050       0.100            0.829          0.828
           0.020       0.000            0.830          0.828
           0.010       0.000            0.831          0.828

    TLI

        Mean                                 0.543
        Std Dev                              0.008
        Number of successful computations       10

             Proportions                   Percentiles
        Expected    Observed         Expected       Observed
           0.990       1.000            0.523          0.532
           0.980       1.000            0.526          0.532
           0.950       1.000            0.529          0.532
           0.900       1.000            0.532          0.532
           0.800       0.900            0.536          0.532
           0.700       0.500            0.538          0.536
           0.500       0.400            0.543          0.537
           0.300       0.300            0.547          0.544
           0.200       0.300            0.549          0.551
           0.100       0.200            0.553          0.555
           0.050       0.100            0.556          0.555
           0.020       0.000            0.559          0.555
           0.010       0.000            0.562          0.555

SRMR (Standardized Root Mean Square Residual) for the WITHIN level

        Mean                                 0.045
        Std Dev                              0.000
        Number of successful computations       10

             Proportions                   Percentiles
        Expected    Observed         Expected       Observed
           0.990       1.000            0.045          0.045
           0.980       1.000            0.045          0.045
           0.950       0.900            0.045          0.045
           0.900       0.900            0.045          0.045
           0.800       0.800            0.045          0.045
           0.700       0.700            0.045          0.045
           0.500       0.500            0.045          0.045
           0.300       0.400            0.045          0.045
           0.200       0.300            0.045          0.045
           0.100       0.000            0.045          0.045
           0.050       0.000            0.045          0.045
           0.020       0.000            0.045          0.045
           0.010       0.000            0.045          0.045

SRMR (Standardized Root Mean Square Residual) for the BETWEEN level

        Mean                                 0.071
        Std Dev                              0.002
        Number of successful computations       10

             Proportions                   Percentiles
        Expected    Observed         Expected       Observed
           0.990       1.000            0.067          0.068
           0.980       1.000            0.067          0.068
           0.950       1.000            0.068          0.068
           0.900       0.900            0.069          0.068
           0.800       0.700            0.069          0.068
           0.700       0.700            0.070          0.069
           0.500       0.500            0.071          0.071
           0.300       0.300            0.072          0.071
           0.200       0.100            0.072          0.072
           0.100       0.100            0.073          0.072
           0.050       0.100            0.074          0.072
           0.020       0.100            0.074          0.072
           0.010       0.000            0.075          0.072



MODEL RESULTS

                                                    Two-Tailed   Rate of
                    Estimate       S.E.  Est./S.E.    P-Value    Missing

Within Level

 FCFMLRTY   ON
    FLSCHOOL           1.543      0.139     11.127      0.000      0.000
    NOBULLY            0.352      0.107      3.284      0.001      0.001
    FLFAMILY           0.468      0.116      4.030      0.000      0.000

 FLCONFIN   ON
    FLSCHOOL           0.114      0.028      4.043      0.000      0.001
    NOBULLY            0.041      0.022      1.866      0.062      0.000
    FLFAMILY           0.099      0.022      4.434      0.000      0.000

 FLIT       ON
    FLSCHOOL          -8.479      2.112     -4.015      0.000      0.241
    NOBULLY            6.105      1.669      3.658      0.000      0.238
    FLFAMILY          -4.047      1.765     -2.293      0.022      0.110
    FCFMLRTY           3.020      0.362      8.349      0.000      0.311
    FLCONFIN          10.039      1.923      5.220      0.000      0.340
    MALE              -2.535      3.356     -0.756      0.450      0.271
    IMMI1GEN          19.839     16.928      1.172      0.241      0.127
    IMMI2GEN          -3.317      9.100     -0.364      0.716      0.356
    ESCS              13.842      2.186      6.332      0.000      0.248

 FLSCHOOL WITH
    NOBULLY           -0.065      0.021     -3.110      0.002      0.000
    FLFAMILY           0.174      0.019      8.942      0.000      0.000

 NOBULLY  WITH
    FLFAMILY          -0.014      0.023     -0.639      0.523      0.000

 FCFMLRTY WITH
    FLCONFIN           0.986      0.101      9.793      0.000      0.000

 ESCS     WITH
    FLFAMILY           0.093      0.015      6.030      0.000      0.002

 Means
    ESCS               0.050      0.032      1.584      0.113      0.000

 Intercepts
    FCFMLRTY           7.242      0.122     59.237      0.000      0.000
    FLCONFIN           0.082      0.020      4.067      0.000      0.000

 Variances
    FLSCHOOL           0.684      0.022     31.377      0.000      0.000
    NOBULLY            1.022      0.031     33.250      0.000      0.000
    FLFAMILY           0.875      0.028     31.587      0.000      0.000
    ESCS               0.694      0.028     25.167      0.000      0.000

 Residual Variances
    FLIT            4578.975    170.555     26.847      0.000      0.362
    FCFMLRTY          24.722      0.646     38.243      0.000      0.000
    FLCONFIN           0.825      0.027     31.017      0.000      0.000

Between Level

 FLIT     WITH
    FLSCHOOL          -3.442      1.347     -2.555      0.011      0.039
    NOBULLY            3.468      1.179      2.940      0.003      0.015
    FLFAMILY          -0.395      0.646     -0.612      0.541      0.048
    EDUSHORT          -0.298      2.105     -0.141      0.887      0.100
    STRATIO           14.168     10.266      1.380      0.168      0.159

 FLSCHOOL WITH
    NOBULLY           -0.011      0.010     -1.126      0.260      0.001
    FLFAMILY           0.005      0.006      0.777      0.437      0.002
    EDUSHORT           0.010      0.018      0.541      0.589      0.001
    STRATIO            0.002      0.078      0.021      0.983      0.001

 NOBULLY  WITH
    FLFAMILY           0.003      0.008      0.391      0.696      0.003
    EDUSHORT           0.016      0.020      0.787      0.432      0.001
    STRATIO            0.197      0.109      1.816      0.069      0.001

 FLFAMILY WITH
    EDUSHORT          -0.019      0.015     -1.239      0.215      0.000
    STRATIO           -0.042      0.058     -0.730      0.465      0.001

 EDUSHORT WITH
    STRATIO           -0.079      0.236     -0.335      0.738      0.000

 Means
    EDUSHORT          -0.147      0.052     -2.809      0.005      0.000
    STRATIO           10.997      0.368     29.850      0.000      0.000
    FLIT             482.245      3.886    124.097      0.000      0.249
    FLSCHOOL           0.006      0.021      0.260      0.795      0.001
    NOBULLY           -0.358      0.026    -13.855      0.000      0.001
    FLFAMILY           0.039      0.019      2.053      0.040      0.000

 Variances
    EDUSHORT           0.638      0.059     10.876      0.000      0.000
    STRATIO           37.628     28.256      1.332      0.183      0.000
    FLIT             793.289    202.137      3.925      0.000      0.017
    FLSCHOOL           0.046      0.011      4.220      0.000      0.000
    NOBULLY            0.043      0.013      3.261      0.001      0.001
    FLFAMILY           0.005      0.009      0.524      0.600      0.000


STANDARDIZED MODEL RESULTS


STDYX Standardization

                                                    Two-Tailed   Rate of
                    Estimate       S.E.  Est./S.E.    P-Value    Missing

Within Level

 FCFMLRTY   ON
    FLSCHOOL           0.246      0.022     11.275      0.000      0.000
    NOBULLY            0.069      0.021      3.281      0.001      0.001
    FLFAMILY           0.085      0.021      3.991      0.000      0.000

 FLCONFIN   ON
    FLSCHOOL           0.102      0.025      4.081      0.000      0.001
    NOBULLY            0.045      0.024      1.869      0.062      0.000
    FLFAMILY           0.101      0.023      4.470      0.000      0.000

 FLIT       ON
    FLSCHOOL          -0.098      0.024     -3.999      0.000      0.241
    NOBULLY            0.086      0.024      3.656      0.000      0.244
    FLFAMILY          -0.053      0.023     -2.282      0.022      0.113
    FCFMLRTY           0.218      0.025      8.597      0.000      0.313
    FLCONFIN           0.129      0.024      5.320      0.000      0.328
    MALE              -0.018      0.023     -0.755      0.450      0.269
    IMMI1GEN           0.023      0.020      1.173      0.241      0.130
    IMMI2GEN          -0.009      0.025     -0.364      0.716      0.354
    ESCS               0.161      0.024      6.594      0.000      0.244

 FLSCHOOL WITH
    NOBULLY           -0.078      0.025     -3.112      0.002      0.000
    FLFAMILY           0.225      0.023      9.644      0.000      0.000

 NOBULLY  WITH
    FLFAMILY          -0.015      0.024     -0.639      0.523      0.000

 FCFMLRTY WITH
    FLCONFIN           0.218      0.021     10.453      0.000      0.000

 ESCS     WITH
    FLFAMILY           0.119      0.019      6.204      0.000      0.002

 Means
    ESCS               0.060      0.038      1.575      0.115      0.000

 Intercepts
    FCFMLRTY           1.398      0.030     46.604      0.000      0.000
    FLCONFIN           0.089      0.022      4.047      0.000      0.000

 Variances
    FLSCHOOL           1.000      0.000    999.000    999.000      0.000
    NOBULLY            1.000      0.000  *********      0.000      0.000
    FLFAMILY           1.000      0.000  *********      0.000      0.000
    ESCS               1.000      0.000  *********      0.000      0.000

 Residual Variances
    FLIT               0.888      0.013     67.039      0.000      0.281
    FCFMLRTY           0.921      0.011     83.000      0.000      0.000
    FLCONFIN           0.974      0.008    127.233      0.000      0.000

Between Level

 FLIT     WITH
    FLSCHOOL          -0.567      0.144     -3.930      0.000      0.086
    NOBULLY            0.592      0.156      3.793      0.000      0.026
    FLFAMILY          -0.203      0.382     -0.531      0.596      0.035
    EDUSHORT          -0.013      0.094     -0.142      0.887      0.099
    STRATIO            0.082      0.080      1.024      0.306      0.088

 FLSCHOOL WITH
    NOBULLY           -0.250      0.203     -1.231      0.218      0.001
    FLFAMILY           0.324      0.469      0.691      0.489      0.001
    EDUSHORT           0.055      0.102      0.545      0.586      0.001
    STRATIO            0.001      0.059      0.021      0.983      0.001

 NOBULLY  WITH
    FLFAMILY           0.207      0.494      0.420      0.675      0.004
    EDUSHORT           0.094      0.118      0.802      0.422      0.001
    STRATIO            0.155      0.051      3.029      0.002      0.004

 FLFAMILY WITH
    EDUSHORT          -0.342      0.425     -0.805      0.421      0.000
    STRATIO           -0.099      0.175     -0.566      0.571      0.000

 EDUSHORT WITH
    STRATIO           -0.016      0.044     -0.368      0.713      0.000

 Means
    EDUSHORT          -0.184      0.068     -2.711      0.007      0.000
    STRATIO            1.793      0.622      2.881      0.004      0.000
    FLIT              17.128      2.150      7.966      0.000      0.019
    FLSCHOOL           0.026      0.099      0.257      0.797      0.001
    NOBULLY           -1.722      0.272     -6.331      0.000      0.001
    FLFAMILY           0.567      0.621      0.914      0.361      0.000

 Variances
    EDUSHORT           1.000      0.000  *********      0.000      0.000
    STRATIO            1.000      0.000  *********      0.000      0.000
    FLIT               1.000      0.000  *********      0.000      0.000
    FLSCHOOL           1.000      0.000  *********      0.000      0.000
    NOBULLY            1.000      0.000    999.000    999.000      0.000
    FLFAMILY           1.000      0.000  *********      0.000      0.000


R-SQUARE

Within Level

    Observed                                        Two-Tailed   Rate of
    Variable        Estimate       S.E.  Est./S.E.    P-Value    Missing

    FLIT               0.112      0.013      8.456      0.000      0.281
    FCFMLRTY           0.079      0.011      7.126      0.000      0.000
    FLCONFIN           0.026      0.008      3.448      0.001      0.000

Between Level


QUALITY OF NUMERICAL RESULTS

     Average Condition Number for the Information Matrix      0.498E-06
       (ratio of smallest to largest eigenvalue)


TOTAL, TOTAL INDIRECT, SPECIFIC INDIRECT, AND DIRECT EFFECTS


                                                    Two-Tailed   Rate of
                    Estimate       S.E.  Est./S.E.    P-Value    Missing

WITHIN

Effects from FLSCHOOL to FLIT

  Total               -2.681      2.193     -1.223      0.221      0.289
  Total indirect       5.798      0.729      7.949      0.000      0.194

  Specific indirect 1
    FLIT
    FCFMLRTY
    FLSCHOOL           4.658      0.676      6.890      0.000      0.208

  Specific indirect 2
    FLIT
    FLCONFIN
    FLSCHOOL           1.140      0.351      3.246      0.001      0.120

  Direct
    FLIT
    FLSCHOOL          -8.479      2.112     -4.015      0.000      0.241


Effects from NOBULLY to FLIT

  Total                7.579      1.746      4.342      0.000      0.219
  Total indirect       1.473      0.459      3.207      0.001      0.031

  Specific indirect 1
    FLIT
    FCFMLRTY
    NOBULLY            1.062      0.352      3.013      0.003      0.037

  Specific indirect 2
    FLIT
    FLCONFIN
    NOBULLY            0.411      0.232      1.774      0.076      0.043

  Direct
    FLIT
    NOBULLY            6.105      1.669      3.658      0.000      0.238


Effects from FLFAMILY to FLIT

  Total               -1.636      1.813     -0.902      0.367      0.117
  Total indirect       2.411      0.502      4.802      0.000      0.078

  Specific indirect 1
    FLIT
    FCFMLRTY
    FLFAMILY           1.414      0.403      3.510      0.000      0.054

  Specific indirect 2
    FLIT
    FLCONFIN
    FLFAMILY           0.996      0.277      3.593      0.000      0.161

  Direct
    FLIT
    FLFAMILY          -4.047      1.765     -2.293      0.022      0.110


BETWEEN

Effects from FLSCHOOL to FLIT

  Total                0.000      0.000    999.000      0.000      0.167
  Total indirect       0.000      0.000    999.000      0.000      0.167


Effects from NOBULLY to FLIT

  Total                0.000      0.000    999.000      0.000      0.167
  Total indirect       0.000      0.000    999.000      0.000      0.167


Effects from FLFAMILY to FLIT

  Total                0.000      0.000    999.000      0.000      0.167
  Total indirect       0.000      0.000    999.000      0.000      0.167



STANDARDIZED TOTAL, TOTAL INDIRECT, SPECIFIC INDIRECT, AND DIRECT EFFECTS


STDYX Standardization

                                                    Two-Tailed   Rate of
                    Estimate       S.E.  Est./S.E.    P-Value    Missing

WITHIN

Effects from FLSCHOOL to FLIT

  Total               -0.031      0.025     -1.218      0.223      0.292
  Total indirect       0.067      0.008      8.159      0.000      0.182

  Specific indirect 1
    FLIT
    FCFMLRTY
    FLSCHOOL           0.054      0.008      6.975      0.000      0.202

  Specific indirect 2
    FLIT
    FLCONFIN
    FLSCHOOL           0.013      0.004      3.282      0.001      0.114

  Direct
    FLIT
    FLSCHOOL          -0.098      0.024     -3.999      0.000      0.241


Effects from NOBULLY to FLIT

  Total                0.107      0.025      4.353      0.000      0.225
  Total indirect       0.021      0.006      3.241      0.001      0.027

  Specific indirect 1
    FLIT
    FCFMLRTY
    NOBULLY            0.015      0.005      3.032      0.002      0.034

  Specific indirect 2
    FLIT
    FLCONFIN
    NOBULLY            0.006      0.003      1.785      0.074      0.040

  Direct
    FLIT
    NOBULLY            0.086      0.024      3.656      0.000      0.244


Effects from FLFAMILY to FLIT

  Total               -0.021      0.024     -0.901      0.368      0.119
  Total indirect       0.031      0.006      4.852      0.000      0.068

  Specific indirect 1
    FLIT
    FCFMLRTY
    FLFAMILY           0.018      0.005      3.530      0.000      0.052

  Specific indirect 2
    FLIT
    FLCONFIN
    FLFAMILY           0.013      0.004      3.616      0.000      0.151

  Direct
    FLIT
    FLFAMILY          -0.053      0.023     -2.282      0.022      0.113


BETWEEN

Effects from FLSCHOOL to FLIT

  Total                0.000      0.000      0.000      1.000      0.167
  Total indirect       0.000      0.000      0.000      1.000      0.167


Effects from NOBULLY to FLIT

  Total                0.000      0.000      0.000      1.000      0.167
  Total indirect       0.000      0.000      0.000      1.000      0.167


Effects from FLFAMILY to FLIT

  Total                0.000      0.000      0.000      1.000      0.167
  Total indirect       0.000      0.000      0.000      1.000      0.167




TECHNICAL 1 OUTPUT


     PARAMETER SPECIFICATION FOR WITHIN


           NU
              FLIT          FLSCHOOL      NOBULLY       FLFAMILY      FCFMLRTY
              ________      ________      ________      ________      ________
                    0             0             0             0             0


           NU
              FLCONFIN      ESCS          MALE          IMMI1GEN      IMMI2GEN
              ________      ________      ________      ________      ________
                    0             0             0             0             0


           LAMBDA
              FLIT          FLSCHOOL      NOBULLY       FLFAMILY      FCFMLRTY
              ________      ________      ________      ________      ________
 FLIT               0             0             0             0             0
 FLSCHOOL           0             0             0             0             0
 NOBULLY            0             0             0             0             0
 FLFAMILY           0             0             0             0             0
 FCFMLRTY           0             0             0             0             0
 FLCONFIN           0             0             0             0             0
 ESCS               0             0             0             0             0
 MALE               0             0             0             0             0
 IMMI1GEN           0             0             0             0             0
 IMMI2GEN           0             0             0             0             0


           LAMBDA
              FLCONFIN      ESCS          MALE          IMMI1GEN      IMMI2GEN
              ________      ________      ________      ________      ________
 FLIT               0             0             0             0             0
 FLSCHOOL           0             0             0             0             0
 NOBULLY            0             0             0             0             0
 FLFAMILY           0             0             0             0             0
 FCFMLRTY           0             0             0             0             0
 FLCONFIN           0             0             0             0             0
 ESCS               0             0             0             0             0
 MALE               0             0             0             0             0
 IMMI1GEN           0             0             0             0             0
 IMMI2GEN           0             0             0             0             0


           THETA
              FLIT          FLSCHOOL      NOBULLY       FLFAMILY      FCFMLRTY
              ________      ________      ________      ________      ________
 FLIT               0
 FLSCHOOL           0             0
 NOBULLY            0             0             0
 FLFAMILY           0             0             0             0
 FCFMLRTY           0             0             0             0             0
 FLCONFIN           0             0             0             0             0
 ESCS               0             0             0             0             0
 MALE               0             0             0             0             0
 IMMI1GEN           0             0             0             0             0
 IMMI2GEN           0             0             0             0             0


           THETA
              FLCONFIN      ESCS          MALE          IMMI1GEN      IMMI2GEN
              ________      ________      ________      ________      ________
 FLCONFIN           0
 ESCS               0             0
 MALE               0             0             0
 IMMI1GEN           0             0             0             0
 IMMI2GEN           0             0             0             0             0


           ALPHA
              FLIT          FLSCHOOL      NOBULLY       FLFAMILY      FCFMLRTY
              ________      ________      ________      ________      ________
                    0             0             0             0             1


           ALPHA
              FLCONFIN      ESCS          MALE          IMMI1GEN      IMMI2GEN
              ________      ________      ________      ________      ________
                    2             3             0             0             0


           BETA
              FLIT          FLSCHOOL      NOBULLY       FLFAMILY      FCFMLRTY
              ________      ________      ________      ________      ________
 FLIT               0             4             5             6             7
 FLSCHOOL           0             0             0             0             0
 NOBULLY            0             0             0             0             0
 FLFAMILY           0             0             0             0             0
 FCFMLRTY           0            13            14            15             0
 FLCONFIN           0            16            17            18             0
 ESCS               0             0             0             0             0
 MALE               0             0             0             0             0
 IMMI1GEN           0             0             0             0             0
 IMMI2GEN           0             0             0             0             0


           BETA
              FLCONFIN      ESCS          MALE          IMMI1GEN      IMMI2GEN
              ________      ________      ________      ________      ________
 FLIT               8             9            10            11            12
 FLSCHOOL           0             0             0             0             0
 NOBULLY            0             0             0             0             0
 FLFAMILY           0             0             0             0             0
 FCFMLRTY           0             0             0             0             0
 FLCONFIN           0             0             0             0             0
 ESCS               0             0             0             0             0
 MALE               0             0             0             0             0
 IMMI1GEN           0             0             0             0             0
 IMMI2GEN           0             0             0             0             0


           PSI
              FLIT          FLSCHOOL      NOBULLY       FLFAMILY      FCFMLRTY
              ________      ________      ________      ________      ________
 FLIT              19
 FLSCHOOL           0            20
 NOBULLY            0            21            22
 FLFAMILY           0            23            24            25
 FCFMLRTY           0             0             0             0            26
 FLCONFIN           0             0             0             0            27
 ESCS               0             0             0            29             0
 MALE               0             0             0             0             0
 IMMI1GEN           0             0             0             0             0
 IMMI2GEN           0             0             0             0             0


           PSI
              FLCONFIN      ESCS          MALE          IMMI1GEN      IMMI2GEN
              ________      ________      ________      ________      ________
 FLCONFIN          28
 ESCS               0            30
 MALE               0             0             0
 IMMI1GEN           0             0             0             0
 IMMI2GEN           0             0             0             0             0


     PARAMETER SPECIFICATION FOR BETWEEN


           NU
              EDUSHORT      STRATIO       FLIT          FLSCHOOL      NOBULLY
              ________      ________      ________      ________      ________
                    0             0             0             0             0


           NU
              FLFAMILY
              ________
                    0


           LAMBDA
              EDUSHORT      STRATIO       FLIT          FLSCHOOL      NOBULLY
              ________      ________      ________      ________      ________
 EDUSHORT           0             0             0             0             0
 STRATIO            0             0             0             0             0
 FLIT               0             0             0             0             0
 FLSCHOOL           0             0             0             0             0
 NOBULLY            0             0             0             0             0
 FLFAMILY           0             0             0             0             0


           LAMBDA
              FLFAMILY
              ________
 EDUSHORT           0
 STRATIO            0
 FLIT               0
 FLSCHOOL           0
 NOBULLY            0
 FLFAMILY           0


           THETA
              EDUSHORT      STRATIO       FLIT          FLSCHOOL      NOBULLY
              ________      ________      ________      ________      ________
 EDUSHORT           0
 STRATIO            0             0
 FLIT               0             0             0
 FLSCHOOL           0             0             0             0
 NOBULLY            0             0             0             0             0
 FLFAMILY           0             0             0             0             0


           THETA
              FLFAMILY
              ________
 FLFAMILY           0


           ALPHA
              EDUSHORT      STRATIO       FLIT          FLSCHOOL      NOBULLY
              ________      ________      ________      ________      ________
                   31            32            33            34            35


           ALPHA
              FLFAMILY
              ________
                   36


           BETA
              EDUSHORT      STRATIO       FLIT          FLSCHOOL      NOBULLY
              ________      ________      ________      ________      ________
 EDUSHORT           0             0             0             0             0
 STRATIO            0             0             0             0             0
 FLIT               0             0             0             0             0
 FLSCHOOL           0             0             0             0             0
 NOBULLY            0             0             0             0             0
 FLFAMILY           0             0             0             0             0


           BETA
              FLFAMILY
              ________
 EDUSHORT           0
 STRATIO            0
 FLIT               0
 FLSCHOOL           0
 NOBULLY            0
 FLFAMILY           0


           PSI
              EDUSHORT      STRATIO       FLIT          FLSCHOOL      NOBULLY
              ________      ________      ________      ________      ________
 EDUSHORT          37
 STRATIO           38            39
 FLIT              40            41            42
 FLSCHOOL          43            44            45            46
 NOBULLY           47            48            49            50            51
 FLFAMILY          52            53            54            55            56


           PSI
              FLFAMILY
              ________
 FLFAMILY          57


     STARTING VALUES FOR WITHIN


           NU
              FLIT          FLSCHOOL      NOBULLY       FLFAMILY      FCFMLRTY
              ________      ________      ________      ________      ________
                0.000         0.000         0.000         0.000         0.000


           NU
              FLCONFIN      ESCS          MALE          IMMI1GEN      IMMI2GEN
              ________      ________      ________      ________      ________
                0.000         0.000         0.000         0.000         0.000


           LAMBDA
              FLIT          FLSCHOOL      NOBULLY       FLFAMILY      FCFMLRTY
              ________      ________      ________      ________      ________
 FLIT           1.000         0.000         0.000         0.000         0.000
 FLSCHOOL       0.000         1.000         0.000         0.000         0.000
 NOBULLY        0.000         0.000         1.000         0.000         0.000
 FLFAMILY       0.000         0.000         0.000         1.000         0.000
 FCFMLRTY       0.000         0.000         0.000         0.000         1.000
 FLCONFIN       0.000         0.000         0.000         0.000         0.000
 ESCS           0.000         0.000         0.000         0.000         0.000
 MALE           0.000         0.000         0.000         0.000         0.000
 IMMI1GEN       0.000         0.000         0.000         0.000         0.000
 IMMI2GEN       0.000         0.000         0.000         0.000         0.000


           LAMBDA
              FLCONFIN      ESCS          MALE          IMMI1GEN      IMMI2GEN
              ________      ________      ________      ________      ________
 FLIT           0.000         0.000         0.000         0.000         0.000
 FLSCHOOL       0.000         0.000         0.000         0.000         0.000
 NOBULLY        0.000         0.000         0.000         0.000         0.000
 FLFAMILY       0.000         0.000         0.000         0.000         0.000
 FCFMLRTY       0.000         0.000         0.000         0.000         0.000
 FLCONFIN       1.000         0.000         0.000         0.000         0.000
 ESCS           0.000         1.000         0.000         0.000         0.000
 MALE           0.000         0.000         1.000         0.000         0.000
 IMMI1GEN       0.000         0.000         0.000         1.000         0.000
 IMMI2GEN       0.000         0.000         0.000         0.000         1.000


           THETA
              FLIT          FLSCHOOL      NOBULLY       FLFAMILY      FCFMLRTY
              ________      ________      ________      ________      ________
 FLIT           0.000
 FLSCHOOL       0.000         0.000
 NOBULLY        0.000         0.000         0.000
 FLFAMILY       0.000         0.000         0.000         0.000
 FCFMLRTY       0.000         0.000         0.000         0.000         0.000
 FLCONFIN       0.000         0.000         0.000         0.000         0.000
 ESCS           0.000         0.000         0.000         0.000         0.000
 MALE           0.000         0.000         0.000         0.000         0.000
 IMMI1GEN       0.000         0.000         0.000         0.000         0.000
 IMMI2GEN       0.000         0.000         0.000         0.000         0.000


           THETA
              FLCONFIN      ESCS          MALE          IMMI1GEN      IMMI2GEN
              ________      ________      ________      ________      ________
 FLCONFIN       0.000
 ESCS           0.000         0.000
 MALE           0.000         0.000         0.000
 IMMI1GEN       0.000         0.000         0.000         0.000
 IMMI2GEN       0.000         0.000         0.000         0.000         0.000


           ALPHA
              FLIT          FLSCHOOL      NOBULLY       FLFAMILY      FCFMLRTY
              ________      ________      ________      ________      ________
                0.000         0.000         0.000         0.000         7.151


           ALPHA
              FLCONFIN      ESCS          MALE          IMMI1GEN      IMMI2GEN
              ________      ________      ________      ________      ________
                0.074        -0.040         0.000         0.000         0.000


           BETA
              FLIT          FLSCHOOL      NOBULLY       FLFAMILY      FCFMLRTY
              ________      ________      ________      ________      ________
 FLIT           0.000         0.000         0.000         0.000         0.000
 FLSCHOOL       0.000         0.000         0.000         0.000         0.000
 NOBULLY        0.000         0.000         0.000         0.000         0.000
 FLFAMILY       0.000         0.000         0.000         0.000         0.000
 FCFMLRTY       0.000         0.000         0.000         0.000         0.000
 FLCONFIN       0.000         0.000         0.000         0.000         0.000
 ESCS           0.000         0.000         0.000         0.000         0.000
 MALE           0.000         0.000         0.000         0.000         0.000
 IMMI1GEN       0.000         0.000         0.000         0.000         0.000
 IMMI2GEN       0.000         0.000         0.000         0.000         0.000


           BETA
              FLCONFIN      ESCS          MALE          IMMI1GEN      IMMI2GEN
              ________      ________      ________      ________      ________
 FLIT           0.000         0.000         0.000         0.000         0.000
 FLSCHOOL       0.000         0.000         0.000         0.000         0.000
 NOBULLY        0.000         0.000         0.000         0.000         0.000
 FLFAMILY       0.000         0.000         0.000         0.000         0.000
 FCFMLRTY       0.000         0.000         0.000         0.000         0.000
 FLCONFIN       0.000         0.000         0.000         0.000         0.000
 ESCS           0.000         0.000         0.000         0.000         0.000
 MALE           0.000         0.000         0.000         0.000         0.000
 IMMI1GEN       0.000         0.000         0.000         0.000         0.000
 IMMI2GEN       0.000         0.000         0.000         0.000         0.000


           PSI
              FLIT          FLSCHOOL      NOBULLY       FLFAMILY      FCFMLRTY
              ________      ________      ________      ________      ________
 FLIT        3150.341
 FLSCHOOL       0.000         0.364
 NOBULLY        0.000         0.000         0.544
 FLFAMILY       0.000         0.000         0.000         0.434
 FCFMLRTY       0.000         0.000         0.000         0.000        13.497
 FLCONFIN       0.000         0.000         0.000         0.000         0.000
 ESCS           0.000         0.000         0.000         0.000         0.000
 MALE           0.000         0.000         0.000         0.000         0.000
 IMMI1GEN       0.000         0.000         0.000         0.000         0.000
 IMMI2GEN       0.000         0.000         0.000         0.000         0.000


           PSI
              FLCONFIN      ESCS          MALE          IMMI1GEN      IMMI2GEN
              ________      ________      ________      ________      ________
 FLCONFIN       0.423
 ESCS           0.000         0.357
 MALE           0.000         0.000         0.125
 IMMI1GEN       0.000         0.000         0.000         0.004
 IMMI2GEN       0.000         0.000         0.000         0.000         0.020


     STARTING VALUES FOR BETWEEN


           NU
              EDUSHORT      STRATIO       FLIT          FLSCHOOL      NOBULLY
              ________      ________      ________      ________      ________
                0.000         0.000         0.000         0.000         0.000


           NU
              FLFAMILY
              ________
                0.000


           LAMBDA
              EDUSHORT      STRATIO       FLIT          FLSCHOOL      NOBULLY
              ________      ________      ________      ________      ________
 EDUSHORT       1.000         0.000         0.000         0.000         0.000
 STRATIO        0.000         1.000         0.000         0.000         0.000
 FLIT           0.000         0.000         1.000         0.000         0.000
 FLSCHOOL       0.000         0.000         0.000         1.000         0.000
 NOBULLY        0.000         0.000         0.000         0.000         1.000
 FLFAMILY       0.000         0.000         0.000         0.000         0.000


           LAMBDA
              FLFAMILY
              ________
 EDUSHORT       0.000
 STRATIO        0.000
 FLIT           0.000
 FLSCHOOL       0.000
 NOBULLY        0.000
 FLFAMILY       1.000


           THETA
              EDUSHORT      STRATIO       FLIT          FLSCHOOL      NOBULLY
              ________      ________      ________      ________      ________
 EDUSHORT       0.000
 STRATIO        0.000         0.000
 FLIT           0.000         0.000         0.000
 FLSCHOOL       0.000         0.000         0.000         0.000
 NOBULLY        0.000         0.000         0.000         0.000         0.000
 FLFAMILY       0.000         0.000         0.000         0.000         0.000


           THETA
              FLFAMILY
              ________
 FLFAMILY       0.000


           ALPHA
              EDUSHORT      STRATIO       FLIT          FLSCHOOL      NOBULLY
              ________      ________      ________      ________      ________
               -0.141        11.169       499.804         0.006        -0.372


           ALPHA
              FLFAMILY
              ________
                0.011


           BETA
              EDUSHORT      STRATIO       FLIT          FLSCHOOL      NOBULLY
              ________      ________      ________      ________      ________
 EDUSHORT       0.000         0.000         0.000         0.000         0.000
 STRATIO        0.000         0.000         0.000         0.000         0.000
 FLIT           0.000         0.000         0.000         0.000         0.000
 FLSCHOOL       0.000         0.000         0.000         0.000         0.000
 NOBULLY        0.000         0.000         0.000         0.000         0.000
 FLFAMILY       0.000         0.000         0.000         0.000         0.000


           BETA
              FLFAMILY
              ________
 EDUSHORT       0.000
 STRATIO        0.000
 FLIT           0.000
 FLSCHOOL       0.000
 NOBULLY        0.000
 FLFAMILY       0.000


           PSI
              EDUSHORT      STRATIO       FLIT          FLSCHOOL      NOBULLY
              ________      ________      ________      ________      ________
 EDUSHORT       0.321
 STRATIO        0.000        22.096
 FLIT           0.000         0.000      3150.341
 FLSCHOOL       0.000         0.000         0.000         0.364
 NOBULLY        0.000         0.000         0.000         0.000         0.544
 FLFAMILY       0.000         0.000         0.000         0.000         0.000


           PSI
              FLFAMILY
              ________
 FLFAMILY       0.434


     Beginning Time:  20:00:42
        Ending Time:  20:07:28
       Elapsed Time:  00:06:46



MUTHEN & MUTHEN
3463 Stoner Ave.
Los Angeles, CA  90066

Tel: (310) 391-9971
Fax: (310) 391-8971
Web: www.StatModel.com
Support: Support@StatModel.com

Copyright (c) 1998-2019 Muthen & Muthen
