Mplus VERSION 8.3
MUTHEN & MUTHEN
02/26/2021   1:22 PM

INPUT INSTRUCTIONS


  TITLE:
      Two-level saturated model 76

  DATA:
      file = "C:\Users\tctan\implist.dat";

      type = imputation;


  VARIABLE:
      names =
          FKI CNTRYID CNTSCHID W_STU
          MATH READ FLIT                      ! PISA achievement variables
          MALE IMMI1GEN IMMI2GEN ESCS         ! Demographic info
          FCFMLRTY FLCONFIN                   ! Affect
          FLSCHOOL                            !   Lat var "Academic"
          NOBULLY                             !   Lat var "Safety"
          FLFAMILY                            !   Lat var "Community"
          W_SCH STRATIO                       ! School character
          EDUSHORT                            !   Lat var "inst. env."
          ;

      useobs = CNTRYID eq 76;          ! Pull out one country at a time

      usevar =
          FLIT                                ! PISA achievement variables
          FLSCHOOL                            !   Lat var "Academic"
          NOBULLY                             !   Lat var "Safety"
          FLFAMILY                            !   Lat var "Community"
          EDUSHORT STRATIO                    !   Lat var "Inst env"
          FCFMLRTY FLCONFIN                   ! Affect
          MALE IMMI1GEN IMMI2GEN ESCS         ! Demographic info
          ;

      ! Vars that ONLY appear in L1
      within =
          FCFMLRTY FLCONFIN                   ! Affective vars
          MALE IMMI1GEN IMMI2GEN ESCS         ! L1 control vars
          ;

      ! Vars that ONLY appear in L2
      between =
          EDUSHORT STRATIO                    ! L2: school
          ;

      weight = W_STU;                         ! Student weight
      wtscale = cluster;                      ! Scale L1 weight to cluster size
      bweight = W_SCH;                        ! School weight
      bwtscale = sample;                      ! Scale L2 weight to sample

      cluster = CNTSCHID;                     ! Cluster by school ID


  ANALYSIS:
      processors = 4;

      type = twolevel;


  MODEL:

  %Within%                                    ! === L1: Student-level ===

      ! Indirect pathways (1st half): school climate vars onto mediators
          ! Onto mediator FAMILIARITY
      FCFMLRTY on FLSCHOOL FLFAMILY NOBULLY ESCS IMMI2GEN MALE;
          ! Onto mediator CONFIDENCE
      FLCONFIN on FLSCHOOL FLFAMILY NOBULLY ESCS IMMI2GEN MALE;

      ! Total effect
      FLIT on
          ! Indirect pathways (2nd half): affective vars onto financial literacy
          FCFMLRTY FLCONFIN
          ! Direct pathways: school climate vars onto financial literacy
          FLSCHOOL FLFAMILY NOBULLY
          ! Dmographic vars
          ESCS IMMI1GEN
          ;

      ! Covariances
          ! Between school climate vars
      FLSCHOOL with FLFAMILY;
      FLFAMILY with NOBULLY;
      FLSCHOOL with NOBULLY;
          ! Between mediators
      FCFMLRTY with FLCONFIN;

          ! SES with school climate vars
      ESCS with FLSCHOOL FLFAMILY;
          ! SES with demographic vars
      ESCS with IMMI1GEN IMMI2GEN;

  %Between%                                   ! === L2: School-level ===

      FLIT-STRATIO WITH FLIT-STRATIO;


  MODEL INDIRECT:

      ! Indirect effects
      FLIT ind FLSCHOOL;
      FLIT ind FLFAMILY;
      FLIT ind NOBULLY;

      FLIT ind ESCS;
      FLIT ind IMMI2GEN;
      FLIT ind MALE;


  OUTPUT:
      stdyx                                   ! Fully standardised solution
      ;



*** WARNING in MODEL command
  In the MODEL command, the following variable is a y-variable on the BETWEEN
  level and an x-variable on the WITHIN level.  This variable will be treated
  as a y-variable on both levels:  FLSCHOOL
*** WARNING in MODEL command
  In the MODEL command, the following variable is a y-variable on the BETWEEN
  level and an x-variable on the WITHIN level.  This variable will be treated
  as a y-variable on both levels:  NOBULLY
*** WARNING in MODEL command
  In the MODEL command, the following variable is a y-variable on the BETWEEN
  level and an x-variable on the WITHIN level.  This variable will be treated
  as a y-variable on both levels:  FLFAMILY
   3 WARNING(S) FOUND IN THE INPUT INSTRUCTIONS




Two-level saturated model 76

SUMMARY OF ANALYSIS

Number of groups                                                 1
Average number of observations                                8310

Number of replications
    Requested                                                   10
    Completed                                                   10

Number of dependent variables                                    8
Number of independent variables                                  4
Number of continuous latent variables                            0

Observed dependent variables

  Continuous
   EDUSHORT    STRATIO     FLIT        FLSCHOOL    NOBULLY     FLFAMILY
   FCFMLRTY    FLCONFIN

Observed independent variables
   MALE        IMMI1GEN    IMMI2GEN    ESCS

Variables with special functions

  Cluster variable      CNTSCHID
  Weight variable (cluster-size scaling)
    W_STU
  Between weight variable (sample-size scaling)
    W_SCH

  Within variables
   FCFMLRTY    FLCONFIN    MALE        IMMI1GEN    IMMI2GEN    ESCS

  Between variables
   EDUSHORT    STRATIO


Estimator                                                      MLR
Information matrix                                        OBSERVED
Maximum number of iterations                                   100
Convergence criterion                                    0.100D-05
Maximum number of EM iterations                                500
Convergence criteria for the EM algorithm
  Loglikelihood change                                   0.100D-02
  Relative loglikelihood change                          0.100D-05
  Derivative                                             0.100D-03
Minimum variance                                         0.100D-03
Maximum number of steepest descent iterations                   20
Maximum number of iterations for H1                           2000
Convergence criterion for H1                             0.100D-03
Optimization algorithm                                         EMA

Input data file(s)
  Multiple data files from
    C:\Users\tctan\implist.dat
Input data format  FREE


SUMMARY OF DATA FOR THE FIRST DATA SET

     Number of clusters                        595

     Average cluster size       13.966

     Estimated Intraclass Correlations for the Y Variables

                Intraclass              Intraclass              Intraclass
     Variable  Correlation   Variable  Correlation   Variable  Correlation

     FLIT         0.314      FLSCHOOL     0.013      NOBULLY      0.011
     FLFAMILY     0.016      FCFMLRTY     0.000      FLCONFIN     0.000
     IMMI1GEN     0.000      IMMI2GEN     0.000      ESCS         0.000



SAMPLE STATISTICS

NOTE:  The sample statistics for within and between refer to the
       maximum-likelihood estimated within and between covariance
       matrices, respectively.

NOTE:  These are average results over 10 data sets.


     ESTIMATED SAMPLE STATISTICS FOR WITHIN


           Means
              EDUSHORT      STRATIO       FLIT          FLSCHOOL      NOBULLY
              ________      ________      ________      ________      ________
                0.000         0.000         0.000         0.000         0.000


           Means
              FLFAMILY      FCFMLRTY      FLCONFIN      IMMI1GEN      IMMI2GEN
              ________      ________      ________      ________      ________
                0.000         6.521        -0.217         0.003         0.007


           Means
              ESCS          MALE
              ________      ________
               -1.048         0.488


           Covariances
              EDUSHORT      STRATIO       FLIT          FLSCHOOL      NOBULLY
              ________      ________      ________      ________      ________
 EDUSHORT       0.000
 STRATIO        0.000         0.000
 FLIT           0.000         0.000      5704.886
 FLSCHOOL       0.000         0.000        -4.343         1.018
 NOBULLY        0.000         0.000         4.276        -0.093         1.167
 FLFAMILY       0.000         0.000         7.617         0.283        -0.057
 FCFMLRTY       0.000         0.000        97.983         1.417         0.040
 FLCONFIN       0.000         0.000         9.181         0.210        -0.041
 IMMI1GEN       0.000         0.000        -0.091         0.000        -0.001
 IMMI2GEN       0.000         0.000        -0.300         0.000         0.001
 ESCS           0.000         0.000        19.356         0.086        -0.004
 MALE           0.000         0.000         1.053         0.028        -0.052


           Covariances
              FLFAMILY      FCFMLRTY      FLCONFIN      IMMI1GEN      IMMI2GEN
              ________      ________      ________      ________      ________
 FLFAMILY       1.346
 FCFMLRTY       1.555        31.156
 FLCONFIN       0.264         1.549         1.116
 IMMI1GEN       0.000        -0.001         0.000         0.003
 IMMI2GEN      -0.001        -0.010        -0.001         0.000         0.007
 ESCS           0.183         1.729         0.180        -0.001         0.001
 MALE          -0.040        -0.011         0.055         0.000        -0.001


           Covariances
              ESCS          MALE
              ________      ________
 ESCS           1.486
 MALE           0.032         0.250


           Correlations
              EDUSHORT      STRATIO       FLIT          FLSCHOOL      NOBULLY
              ________      ________      ________      ________      ________
 EDUSHORT       0.000
 STRATIO        0.000         0.000
 FLIT           0.000         0.000         1.000
 FLSCHOOL       0.000         0.000        -0.057         1.000
 NOBULLY        0.000         0.000         0.052        -0.085         1.000
 FLFAMILY       0.000         0.000         0.087         0.242        -0.046
 FCFMLRTY       0.000         0.000         0.232         0.252         0.007
 FLCONFIN       0.000         0.000         0.115         0.197        -0.036
 IMMI1GEN       0.000         0.000        -0.023         0.006        -0.017
 IMMI2GEN       0.000         0.000        -0.049         0.005         0.013
 ESCS           0.000         0.000         0.210         0.070        -0.003
 MALE           0.000         0.000         0.028         0.055        -0.096


           Correlations
              FLFAMILY      FCFMLRTY      FLCONFIN      IMMI1GEN      IMMI2GEN
              ________      ________      ________      ________      ________
 FLFAMILY       1.000
 FCFMLRTY       0.240         1.000
 FLCONFIN       0.216         0.263         1.000
 IMMI1GEN      -0.006        -0.003         0.005         1.000
 IMMI2GEN      -0.008        -0.022        -0.010        -0.004         1.000
 ESCS           0.130         0.254         0.140        -0.010         0.007
 MALE          -0.068        -0.004         0.104         0.008        -0.016


           Correlations
              ESCS          MALE
              ________      ________
 ESCS           1.000
 MALE           0.052         1.000


     ESTIMATED SAMPLE STATISTICS FOR BETWEEN


           Means
              EDUSHORT      STRATIO       FLIT          FLSCHOOL      NOBULLY
              ________      ________      ________      ________      ________
                0.013        26.872       423.288        -0.137        -0.141


           Means
              FLFAMILY      FCFMLRTY      FLCONFIN      IMMI1GEN      IMMI2GEN
              ________      ________      ________      ________      ________
                0.226         0.000         0.000         0.000         0.000


           Means
              ESCS          MALE
              ________      ________
                0.000         0.000


           Covariances
              EDUSHORT      STRATIO       FLIT          FLSCHOOL      NOBULLY
              ________      ________      ________      ________      ________
 EDUSHORT       1.261
 STRATIO        0.835       275.698
 FLIT         -21.932      -221.414      2715.121
 FLSCHOOL       0.023         0.358        -2.981         0.017
 NOBULLY       -0.028         0.124         3.179        -0.007         0.012
 FLFAMILY       0.011        -0.313         1.307        -0.005         0.005
 FCFMLRTY       0.000         0.000         0.000         0.000         0.000
 FLCONFIN       0.000         0.000         0.000         0.000         0.000
 IMMI1GEN       0.000         0.000         0.000         0.000         0.000
 IMMI2GEN       0.000         0.000         0.000         0.000         0.000
 ESCS           0.000         0.000         0.000         0.000         0.000
 MALE           0.000         0.000         0.000         0.000         0.000


           Covariances
              FLFAMILY      FCFMLRTY      FLCONFIN      IMMI1GEN      IMMI2GEN
              ________      ________      ________      ________      ________
 FLFAMILY       0.018
 FCFMLRTY       0.000         0.000
 FLCONFIN       0.000         0.000         0.000
 IMMI1GEN       0.000         0.000         0.000         0.000
 IMMI2GEN       0.000         0.000         0.000         0.000         0.000
 ESCS           0.000         0.000         0.000         0.000         0.000
 MALE           0.000         0.000         0.000         0.000         0.000


           Covariances
              ESCS          MALE
              ________      ________
 ESCS           0.000
 MALE           0.000         0.000


           Correlations
              EDUSHORT      STRATIO       FLIT          FLSCHOOL      NOBULLY
              ________      ________      ________      ________      ________
 EDUSHORT       1.000
 STRATIO        0.045         1.000
 FLIT          -0.375        -0.256         1.000
 FLSCHOOL       0.155         0.166        -0.440         1.000
 NOBULLY       -0.228         0.067         0.551        -0.476         1.000
 FLFAMILY       0.074        -0.139         0.185        -0.259         0.345
 FCFMLRTY       0.000         0.000         0.000         0.000         0.000
 FLCONFIN       0.000         0.000         0.000         0.000         0.000
 IMMI1GEN       0.000         0.000         0.000         0.000         0.000
 IMMI2GEN       0.000         0.000         0.000         0.000         0.000
 ESCS           0.000         0.000         0.000         0.000         0.000
 MALE           0.000         0.000         0.000         0.000         0.000


           Correlations
              FLFAMILY      FCFMLRTY      FLCONFIN      IMMI1GEN      IMMI2GEN
              ________      ________      ________      ________      ________
 FLFAMILY       1.000
 FCFMLRTY       0.000         0.000
 FLCONFIN       0.000         0.000         0.000
 IMMI1GEN       0.000         0.000         0.000         0.000
 IMMI2GEN       0.000         0.000         0.000         0.000         0.000
 ESCS           0.000         0.000         0.000         0.000         0.000
 MALE           0.000         0.000         0.000         0.000         0.000


           Correlations
              ESCS          MALE
              ________      ________
 ESCS           0.000
 MALE           0.000         0.000




MODEL FIT INFORMATION

Number of Free Parameters                       68

Loglikelihood

    H0 Value

        Mean                           -116882.431
        Std Dev                            391.364
        Number of successful computations       10

             Proportions                   Percentiles
        Expected    Observed         Expected       Observed
           0.990       1.000      -117792.861    -117466.860
           0.980       1.000      -117686.175    -117466.860
           0.950       1.000      -117526.186    -117466.860
           0.900       0.800      -117384.003    -117466.860
           0.800       0.700      -117211.803    -117466.860
           0.700       0.700      -117087.662    -117320.376
           0.500       0.600      -116882.431    -116867.946
           0.300       0.400      -116677.200    -116663.483
           0.200       0.200      -116553.059    -116615.899
           0.100       0.100      -116380.859    -116467.494
           0.050       0.000      -116238.677    -116467.494
           0.020       0.000      -116078.687    -116467.494
           0.010       0.000      -115972.002    -116467.494

    H1 Value

        Mean                           -116767.507
        Std Dev                            393.001
        Number of successful computations       10

             Proportions                   Percentiles
        Expected    Observed         Expected       Observed
           0.990       1.000      -117681.745    -117358.521
           0.980       1.000      -117574.613    -117358.521
           0.950       1.000      -117413.954    -117358.521
           0.900       0.800      -117271.177    -117358.521
           0.800       0.700      -117098.256    -117358.521
           0.700       0.700      -116973.596    -117209.531
           0.500       0.600      -116767.507    -116738.605
           0.300       0.400      -116561.417    -116548.438
           0.200       0.200      -116436.757    -116492.108
           0.100       0.100      -116263.837    -116353.284
           0.050       0.000      -116121.060    -116353.284
           0.020       0.000      -115960.401    -116353.284
           0.010       0.000      -115853.269    -116353.284

Information Criteria

    Akaike (AIC)

        Mean                            233900.862
        Std Dev                            782.728
        Number of successful computations       10

             Proportions                   Percentiles
        Expected    Observed         Expected       Observed
           0.990       1.000       232080.003     232656.219
           0.980       1.000       232293.375     232656.219
           0.950       1.000       232613.354     232656.219
           0.900       0.900       232897.719     232656.219
           0.800       0.800       233242.119     232656.219
           0.700       0.600       233490.400     233367.798
           0.500       0.400       233900.862     233652.643
           0.300       0.300       234311.325     234092.340
           0.200       0.300       234559.606     234776.752
           0.100       0.200       234904.006     234987.306
           0.050       0.000       235188.371     234987.306
           0.020       0.000       235508.350     234987.306
           0.010       0.000       235721.722     234987.306

    Bayesian (BIC)

        Mean                            234378.577
        Std Dev                            782.728
        Number of successful computations       10

             Proportions                   Percentiles
        Expected    Observed         Expected       Observed
           0.990       1.000       232557.718     233133.934
           0.980       1.000       232771.089     233133.934
           0.950       1.000       233091.068     233133.934
           0.900       0.900       233375.433     233133.934
           0.800       0.800       233719.833     233133.934
           0.700       0.600       233968.115     233845.512
           0.500       0.400       234378.577     234130.358
           0.300       0.300       234789.039     234570.054
           0.200       0.300       235037.321     235254.466
           0.100       0.200       235381.721     235465.020
           0.050       0.000       235666.086     235465.020
           0.020       0.000       235986.065     235465.020
           0.010       0.000       236199.436     235465.020

    Sample-Size Adjusted BIC (n* = (n + 2) / 24)

        Mean                            234162.486
        Std Dev                            782.728
        Number of successful computations       10

             Proportions                   Percentiles
        Expected    Observed         Expected       Observed
           0.990       1.000       232341.626     232917.843
           0.980       1.000       232554.998     232917.843
           0.950       1.000       232874.977     232917.843
           0.900       0.900       233159.342     232917.843
           0.800       0.800       233503.742     232917.843
           0.700       0.600       233752.023     233629.421
           0.500       0.400       234162.486     233914.267
           0.300       0.300       234572.948     234353.963
           0.200       0.300       234821.229     235038.375
           0.100       0.200       235165.629     235248.929
           0.050       0.000       235449.994     235248.929
           0.020       0.000       235769.973     235248.929
           0.010       0.000       235983.345     235248.929

Chi-Square Test of Model Fit

        Degrees of freedom                      18

        Mean                               214.021
        Std Dev                             19.595
        Number of successful computations       10

             Proportions                   Percentiles
        Expected    Observed         Expected       Observed
           0.990       1.000            7.015        182.025
           0.980       1.000            7.906        182.025
           0.950       1.000            9.390        182.025
           0.900       1.000           10.865        182.025
           0.800       1.000           12.857        182.025
           0.700       1.000           14.440        197.124
           0.500       1.000           17.338        217.186
           0.300       1.000           20.601        223.215
           0.200       1.000           22.760        226.420
           0.100       1.000           25.989        232.390
           0.050       1.000           28.869        232.390
           0.020       1.000           32.346        232.390
           0.010       1.000           34.805        232.390

RMSEA (Root Mean Square Error Of Approximation)

        Mean                                 0.036
        Std Dev                              0.002
        Number of successful computations       10

             Proportions                   Percentiles
        Expected    Observed         Expected       Observed
           0.990       1.000            0.032          0.033
           0.980       1.000            0.032          0.033
           0.950       0.900            0.033          0.033
           0.900       0.900            0.034          0.033
           0.800       0.700            0.035          0.033
           0.700       0.600            0.035          0.035
           0.500       0.600            0.036          0.036
           0.300       0.300            0.037          0.037
           0.200       0.200            0.038          0.037
           0.100       0.100            0.038          0.038
           0.050       0.100            0.039          0.038
           0.020       0.000            0.040          0.038
           0.010       0.000            0.040          0.038

CFI/TLI

    CFI

        Mean                                 0.941
        Std Dev                              0.005
        Number of successful computations       10

             Proportions                   Percentiles
        Expected    Observed         Expected       Observed
           0.990       1.000            0.931          0.934
           0.980       1.000            0.932          0.934
           0.950       0.900            0.934          0.934
           0.900       0.800            0.936          0.934
           0.800       0.800            0.938          0.934
           0.700       0.700            0.939          0.938
           0.500       0.500            0.941          0.940
           0.300       0.400            0.944          0.944
           0.200       0.300            0.945          0.946
           0.100       0.100            0.947          0.947
           0.050       0.000            0.949          0.947
           0.020       0.000            0.951          0.947
           0.010       0.000            0.952          0.947

    TLI

        Mean                                 0.805
        Std Dev                              0.015
        Number of successful computations       10

             Proportions                   Percentiles
        Expected    Observed         Expected       Observed
           0.990       1.000            0.769          0.778
           0.980       1.000            0.773          0.778
           0.950       0.900            0.780          0.778
           0.900       0.800            0.785          0.778
           0.800       0.800            0.792          0.778
           0.700       0.700            0.797          0.795
           0.500       0.500            0.805          0.802
           0.300       0.400            0.813          0.813
           0.200       0.300            0.818          0.818
           0.100       0.100            0.824          0.822
           0.050       0.000            0.830          0.822
           0.020       0.000            0.836          0.822
           0.010       0.000            0.840          0.822

SRMR (Standardized Root Mean Square Residual) for the WITHIN level

        Mean                                 0.021
        Std Dev                              0.001
        Number of successful computations       10

             Proportions                   Percentiles
        Expected    Observed         Expected       Observed
           0.990       1.000            0.019          0.019
           0.980       1.000            0.019          0.019
           0.950       0.900            0.019          0.019
           0.900       0.900            0.020          0.019
           0.800       0.800            0.020          0.019
           0.700       0.800            0.020          0.020
           0.500       0.300            0.021          0.020
           0.300       0.300            0.021          0.020
           0.200       0.200            0.021          0.021
           0.100       0.100            0.021          0.021
           0.050       0.100            0.022          0.021
           0.020       0.000            0.022          0.021
           0.010       0.000            0.022          0.021

SRMR (Standardized Root Mean Square Residual) for the BETWEEN level

        Mean                                 0.041
        Std Dev                              0.007
        Number of successful computations       10

             Proportions                   Percentiles
        Expected    Observed         Expected       Observed
           0.990       1.000            0.025          0.032
           0.980       1.000            0.027          0.032
           0.950       1.000            0.030          0.032
           0.900       0.900            0.032          0.032
           0.800       0.800            0.035          0.032
           0.700       0.600            0.037          0.036
           0.500       0.500            0.041          0.038
           0.300       0.200            0.044          0.042
           0.200       0.200            0.046          0.042
           0.100       0.100            0.049          0.048
           0.050       0.100            0.052          0.048
           0.020       0.100            0.054          0.048
           0.010       0.000            0.056          0.048



MODEL RESULTS

                                                    Two-Tailed   Rate of
                    Estimate       S.E.  Est./S.E.    P-Value    Missing

Within Level

 FCFMLRTY   ON
    FLSCHOOL           1.114      0.075     14.811      0.000      0.121
    FLFAMILY           0.778      0.068     11.381      0.000      0.265
    NOBULLY            0.155      0.073      2.132      0.033      0.281
    ESCS               1.008      0.070     14.389      0.000      0.136
    IMMI2GEN          -1.664      0.925     -1.800      0.072      0.424
    MALE              -0.147      0.141     -1.043      0.297      0.120

 FLCONFIN   ON
    FLSCHOOL           0.148      0.017      8.686      0.000      0.360
    FLFAMILY           0.159      0.013     12.019      0.000      0.169
    NOBULLY           -0.006      0.014     -0.424      0.671      0.229
    ESCS               0.089      0.012      7.304      0.000      0.148
    IMMI2GEN          -0.108      0.198     -0.543      0.587      0.506
    MALE               0.215      0.030      7.198      0.000      0.305

 FLIT       ON
    FCFMLRTY           2.730      0.218     12.527      0.000      0.301
    FLCONFIN           4.343      1.117      3.889      0.000      0.345
    FLSCHOOL         -10.170      1.028     -9.890      0.000      0.147
    FLFAMILY           2.575      1.158      2.224      0.026      0.466
    NOBULLY            3.015      1.222      2.468      0.014      0.498
    ESCS               9.687      1.322      7.327      0.000      0.434
    IMMI1GEN         -27.312     21.981     -1.243      0.214      0.319

 FLSCHOOL WITH
    FLFAMILY           0.284      0.017     16.671      0.000      0.026
    NOBULLY           -0.092      0.019     -4.752      0.000      0.456
    ESCS               0.088      0.022      4.066      0.000      0.186

 FLFAMILY WITH
    NOBULLY           -0.058      0.018     -3.181      0.001      0.163
    ESCS               0.178      0.024      7.350      0.000      0.135

 FCFMLRTY WITH
    FLCONFIN           0.940      0.080     11.688      0.000      0.275

 ESCS     WITH
    IMMI1GEN          -0.001      0.001     -0.734      0.463      0.399
    IMMI2GEN           0.001      0.001      0.756      0.449      0.199

 Means
    IMMI1GEN           0.003      0.001      3.807      0.000      0.203
    IMMI2GEN           0.007      0.001      5.834      0.000      0.151
    ESCS              -1.048      0.042    -25.150      0.000      0.003

 Intercepts
    FCFMLRTY           7.660      0.143     53.597      0.000      0.093
    FLCONFIN          -0.228      0.025     -9.223      0.000      0.110

 Variances
    FLSCHOOL           1.018      0.020     51.666      0.000      0.209
    NOBULLY            1.167      0.026     45.021      0.000      0.247
    FLFAMILY           1.344      0.023     58.511      0.000      0.065
    IMMI1GEN           0.003      0.001      3.818      0.000      0.203
    IMMI2GEN           0.007      0.001      5.873      0.000      0.151
    ESCS               1.486      0.046     32.338      0.000      0.014

 Residual Variances
    FLIT            5131.206    135.220     37.947      0.000      0.417
    FCFMLRTY          26.598      0.452     58.807      0.000      0.104
    FLCONFIN           1.014      0.020     49.518      0.000      0.242

Between Level

 FLIT     WITH
    FLSCHOOL          -3.266      0.971     -3.363      0.001      0.212
    NOBULLY            3.559      0.941      3.782      0.000      0.191
    FLFAMILY           1.824      1.072      1.701      0.089      0.238
    EDUSHORT         -21.910      2.958     -7.408      0.000      0.061
    STRATIO         -221.412     47.077     -4.703      0.000      0.128

 FLSCHOOL WITH
    NOBULLY           -0.008      0.005     -1.620      0.105      0.262
    FLFAMILY          -0.006      0.005     -1.187      0.235      0.092
    EDUSHORT           0.024      0.019      1.276      0.202      0.261
    STRATIO            0.372      0.241      1.543      0.123      0.229

 NOBULLY  WITH
    FLFAMILY           0.007      0.006      1.205      0.228      0.376
    EDUSHORT          -0.029      0.021     -1.376      0.169      0.358
    STRATIO            0.110      0.280      0.393      0.695      0.245

 FLFAMILY WITH
    EDUSHORT           0.008      0.020      0.414      0.679      0.191
    STRATIO           -0.341      0.276     -1.233      0.218      0.181

 EDUSHORT WITH
    STRATIO            0.835      0.822      1.016      0.310      0.126

 Means
    EDUSHORT           0.013      0.055      0.241      0.809      0.047
    STRATIO           26.872      0.784     34.276      0.000      0.072
    FLIT             416.655      3.399    122.588      0.000      0.137
    FLSCHOOL          -0.137      0.015     -9.300      0.000      0.132
    NOBULLY           -0.142      0.017     -8.458      0.000      0.265
    FLFAMILY           0.225      0.019     11.957      0.000      0.162

 Variances
    EDUSHORT           1.261      0.073     17.333      0.000      0.043
    STRATIO          275.698     29.587      9.318      0.000      0.035
    FLIT            2709.824    243.232     11.141      0.000      0.170
    FLSCHOOL           0.018      0.006      2.908      0.004      0.183
    NOBULLY            0.013      0.007      1.984      0.047      0.258
    FLFAMILY           0.019      0.008      2.460      0.014      0.229


STANDARDIZED MODEL RESULTS


STDYX Standardization

                                                    Two-Tailed   Rate of
                    Estimate       S.E.  Est./S.E.    P-Value    Missing

Within Level

 FCFMLRTY   ON
    FLSCHOOL           0.201      0.013     14.969      0.000      0.092
    FLFAMILY           0.162      0.014     11.482      0.000      0.246
    NOBULLY            0.030      0.014      2.139      0.032      0.274
    ESCS               0.220      0.016     13.785      0.000      0.112
    IMMI2GEN          -0.024      0.014     -1.780      0.075      0.420
    MALE              -0.013      0.013     -1.042      0.297      0.119

 FLCONFIN   ON
    FLSCHOOL           0.142      0.016      8.918      0.000      0.338
    FLFAMILY           0.175      0.014     12.308      0.000      0.164
    NOBULLY           -0.006      0.014     -0.424      0.672      0.229
    ESCS               0.102      0.014      7.397      0.000      0.148
    IMMI2GEN          -0.008      0.015     -0.544      0.587      0.504
    MALE               0.102      0.014      7.237      0.000      0.311

 FLIT       ON
    FCFMLRTY           0.202      0.015     13.437      0.000      0.280
    FLCONFIN           0.061      0.016      3.909      0.000      0.336
    FLSCHOOL          -0.136      0.013    -10.135      0.000      0.150
    FLFAMILY           0.040      0.018      2.232      0.026      0.463
    NOBULLY            0.043      0.017      2.467      0.014      0.493
    ESCS               0.156      0.021      7.394      0.000      0.431
    IMMI1GEN          -0.019      0.015     -1.264      0.206      0.278

 FLSCHOOL WITH
    FLFAMILY           0.242      0.014     17.567      0.000      0.031
    NOBULLY           -0.085      0.018     -4.775      0.000      0.471
    ESCS               0.071      0.017      4.151      0.000      0.198

 FLFAMILY WITH
    NOBULLY           -0.046      0.014     -3.212      0.001      0.160
    ESCS               0.126      0.017      7.597      0.000      0.152

 FCFMLRTY WITH
    FLCONFIN           0.181      0.015     12.002      0.000      0.257

 ESCS     WITH
    IMMI1GEN          -0.010      0.013     -0.754      0.451      0.421
    IMMI2GEN           0.008      0.010      0.764      0.445      0.205

 Means
    IMMI1GEN           0.053      0.007      7.568      0.000      0.210
    IMMI2GEN           0.081      0.007     11.589      0.000      0.149
    ESCS              -0.860      0.038    -22.647      0.000      0.007

 Intercepts
    FCFMLRTY           1.372      0.025     53.977      0.000      0.097
    FLCONFIN          -0.216      0.023     -9.224      0.000      0.110

 Variances
    FLSCHOOL           1.000      0.000  *********      0.000      0.000
    NOBULLY            1.000      0.000  *********      0.000      0.000
    FLFAMILY           1.000      0.000  *********      0.000      0.000
    IMMI1GEN           1.000      0.000  *********      0.000      0.000
    IMMI2GEN           1.000      0.000  *********      0.000      0.000
    ESCS               1.000      0.000  *********      0.000      0.000

 Residual Variances
    FLIT               0.899      0.011     85.257      0.000      0.259
    FCFMLRTY           0.854      0.011     79.452      0.000      0.107
    FLCONFIN           0.909      0.008    116.992      0.000      0.099

Between Level

 FLIT     WITH
    FLSCHOOL          -0.470      0.129     -3.650      0.000      0.155
    NOBULLY            0.599      0.182      3.292      0.001      0.236
    FLFAMILY           0.252      0.142      1.775      0.076      0.188
    EDUSHORT          -0.375      0.043     -8.738      0.000      0.075
    STRATIO           -0.256      0.048     -5.372      0.000      0.107

 FLSCHOOL WITH
    NOBULLY           -0.531      0.305     -1.744      0.081      0.246
    FLFAMILY          -0.320      0.305     -1.048      0.295      0.094
    EDUSHORT           0.162      0.129      1.252      0.211      0.282
    STRATIO            0.167      0.106      1.575      0.115      0.204

 NOBULLY  WITH
    FLFAMILY           0.431      0.375      1.150      0.250      0.314
    EDUSHORT          -0.226      0.164     -1.383      0.167      0.333
    STRATIO            0.060      0.149      0.404      0.687      0.247

 FLFAMILY WITH
    EDUSHORT           0.056      0.132      0.422      0.673      0.193
    STRATIO           -0.146      0.117     -1.252      0.210      0.151

 EDUSHORT WITH
    STRATIO            0.045      0.044      1.013      0.311      0.128

 Means
    EDUSHORT           0.012      0.049      0.242      0.809      0.047
    STRATIO            1.619      0.072     22.520      0.000      0.162
    FLIT               8.007      0.358     22.387      0.000      0.178
    FLSCHOOL          -1.028      0.230     -4.469      0.000      0.194
    NOBULLY           -1.244      0.367     -3.393      0.001      0.230
    FLFAMILY           1.639      0.399      4.110      0.000      0.293

 Variances
    EDUSHORT           1.000      0.000  *********      0.000      0.000
    STRATIO            1.000      0.000  *********      0.000      0.000
    FLIT               1.000      0.000  *********      0.000      0.000
    FLSCHOOL           1.000      0.000  *********      0.000      0.000
    NOBULLY            1.000      0.000  *********      0.000      0.000
    FLFAMILY           1.000      0.000  *********      0.000      0.000


R-SQUARE

Within Level

    Observed                                        Two-Tailed   Rate of
    Variable        Estimate       S.E.  Est./S.E.    P-Value    Missing

    FLIT               0.101      0.011      9.594      0.000      0.259
    FCFMLRTY           0.146      0.011     13.637      0.000      0.107
    FLCONFIN           0.091      0.008     11.654      0.000      0.099

Between Level


QUALITY OF NUMERICAL RESULTS

     Average Condition Number for the Information Matrix     -0.178E-17
       (ratio of smallest to largest eigenvalue)


TOTAL, TOTAL INDIRECT, SPECIFIC INDIRECT, AND DIRECT EFFECTS


                                                    Two-Tailed   Rate of
                    Estimate       S.E.  Est./S.E.    P-Value    Missing

WITHIN

Effects from FLSCHOOL to FLIT

  Total               -6.485      1.060     -6.116      0.000      0.200
  Total indirect       3.685      0.372      9.904      0.000      0.340

  Specific indirect 1
    FLIT
    FCFMLRTY
    FLSCHOOL           3.041      0.317      9.586      0.000      0.254

  Specific indirect 2
    FLIT
    FLCONFIN
    FLSCHOOL           0.644      0.182      3.547      0.000      0.353

  Direct
    FLIT
    FLSCHOOL         -10.170      1.028     -9.890      0.000      0.147


Effects from FLFAMILY to FLIT

  Total                5.390      1.221      4.414      0.000      0.501
  Total indirect       2.815      0.307      9.176      0.000      0.320

  Specific indirect 1
    FLIT
    FCFMLRTY
    FLFAMILY           2.125      0.250      8.492      0.000      0.277

  Specific indirect 2
    FLIT
    FLCONFIN
    FLFAMILY           0.690      0.178      3.870      0.000      0.296

  Direct
    FLIT
    FLFAMILY           2.575      1.158      2.224      0.026      0.466


Effects from NOBULLY to FLIT

  Total                3.412      1.177      2.900      0.004      0.437
  Total indirect       0.397      0.222      1.788      0.074      0.279

  Specific indirect 1
    FLIT
    FCFMLRTY
    NOBULLY            0.425      0.204      2.078      0.038      0.316

  Specific indirect 2
    FLIT
    FLCONFIN
    NOBULLY           -0.028      0.062     -0.445      0.656      0.266

  Direct
    FLIT
    NOBULLY            3.015      1.222      2.468      0.014      0.498


Effects from ESCS to FLIT

  Total               12.825      1.335      9.603      0.000      0.399
  Total indirect       3.137      0.307     10.234      0.000      0.278

  Specific indirect 1
    FLIT
    FCFMLRTY
    ESCS               2.752      0.286      9.627      0.000      0.261

  Specific indirect 2
    FLIT
    FLCONFIN
    ESCS               0.385      0.112      3.436      0.001      0.247

  Direct
    FLIT
    ESCS               9.687      1.322      7.327      0.000      0.434


Effects from IMMI2GEN to FLIT

  Total               -5.031      3.065     -1.642      0.101      0.512
  Total indirect      -5.031      3.065     -1.642      0.101      0.512

  Specific indirect 1
    FLIT
    FCFMLRTY
    IMMI2GEN          -4.531      2.524     -1.795      0.073      0.398

  Specific indirect 2
    FLIT
    FLCONFIN
    IMMI2GEN          -0.500      0.934     -0.535      0.593      0.544


Effects from MALE to FLIT

  Total                0.529      0.473      1.119      0.263      0.119
  Total indirect       0.529      0.473      1.119      0.263      0.119

  Specific indirect 1
    FLIT
    FCFMLRTY
    MALE              -0.402      0.387     -1.039      0.299      0.137

  Specific indirect 2
    FLIT
    FLCONFIN
    MALE               0.932      0.271      3.439      0.001      0.329


BETWEEN

Effects from FLSCHOOL to FLIT

  Total                0.000      0.000    999.000      0.000      0.167
  Total indirect       0.000      0.000    999.000      0.000      0.167


Effects from FLFAMILY to FLIT

  Total                0.000      0.000    999.000      0.000      0.167
  Total indirect       0.000      0.000    999.000      0.000      0.167


Effects from NOBULLY to FLIT

  Total                0.000      0.000    999.000      0.000      0.167
  Total indirect       0.000      0.000    999.000      0.000      0.167


Effects from ESCS to FLIT

  Total                0.000      0.000    999.000      0.000      0.167
  Total indirect       0.000      0.000    999.000      0.000      0.167


Effects from IMMI2GEN to FLIT

  Total                0.000      0.000    999.000      0.000      0.167
  Total indirect       0.000      0.000    999.000      0.000      0.167


Effects from MALE to FLIT

  Total                0.000      0.000    999.000      0.000      0.167
  Total indirect       0.000      0.000    999.000      0.000      0.167



STANDARDIZED TOTAL, TOTAL INDIRECT, SPECIFIC INDIRECT, AND DIRECT EFFECTS


STDYX Standardization

                                                    Two-Tailed   Rate of
                    Estimate       S.E.  Est./S.E.    P-Value    Missing

WITHIN

Effects from FLSCHOOL to FLIT

  Total               -0.087      0.014     -6.138      0.000      0.215
  Total indirect       0.049      0.005     10.394      0.000      0.303

  Specific indirect 1
    FLIT
    FCFMLRTY
    FLSCHOOL           0.041      0.004     10.049      0.000      0.210

  Specific indirect 2
    FLIT
    FLCONFIN
    FLSCHOOL           0.009      0.002      3.558      0.000      0.352

  Direct
    FLIT
    FLSCHOOL          -0.136      0.013    -10.135      0.000      0.150


Effects from FLFAMILY to FLIT

  Total                0.083      0.019      4.457      0.000      0.494
  Total indirect       0.043      0.005      9.573      0.000      0.278

  Specific indirect 1
    FLIT
    FCFMLRTY
    FLFAMILY           0.033      0.004      8.805      0.000      0.241

  Specific indirect 2
    FLIT
    FLCONFIN
    FLFAMILY           0.011      0.003      3.894      0.000      0.288

  Direct
    FLIT
    FLFAMILY           0.040      0.018      2.232      0.026      0.463


Effects from NOBULLY to FLIT

  Total                0.049      0.017      2.901      0.004      0.430
  Total indirect       0.006      0.003      1.795      0.073      0.274

  Specific indirect 1
    FLIT
    FCFMLRTY
    NOBULLY            0.006      0.003      2.091      0.037      0.308

  Specific indirect 2
    FLIT
    FLCONFIN
    NOBULLY            0.000      0.001     -0.444      0.657      0.263

  Direct
    FLIT
    NOBULLY            0.043      0.017      2.467      0.014      0.493


Effects from ESCS to FLIT

  Total                0.207      0.021      9.733      0.000      0.390
  Total indirect       0.051      0.005     10.341      0.000      0.254

  Specific indirect 1
    FLIT
    FCFMLRTY
    ESCS               0.044      0.005      9.641      0.000      0.236

  Specific indirect 2
    FLIT
    FLCONFIN
    ESCS               0.006      0.002      3.460      0.001      0.250

  Direct
    FLIT
    ESCS               0.156      0.021      7.394      0.000      0.431


Effects from IMMI2GEN to FLIT

  Total               -0.005      0.003     -1.628      0.104      0.508
  Total indirect      -0.005      0.003     -1.628      0.104      0.508

  Specific indirect 1
    FLIT
    FCFMLRTY
    IMMI2GEN          -0.005      0.003     -1.772      0.076      0.402

  Specific indirect 2
    FLIT
    FLCONFIN
    IMMI2GEN          -0.001      0.001     -0.537      0.591      0.539


Effects from MALE to FLIT

  Total                0.004      0.003      1.120      0.263      0.124
  Total indirect       0.004      0.003      1.120      0.263      0.124

  Specific indirect 1
    FLIT
    FCFMLRTY
    MALE              -0.003      0.003     -1.039      0.299      0.134

  Specific indirect 2
    FLIT
    FLCONFIN
    MALE               0.006      0.002      3.446      0.001      0.332


BETWEEN

Effects from FLSCHOOL to FLIT

  Total                0.000      0.000      0.000      1.000      0.167
  Total indirect       0.000      0.000      0.000      1.000      0.167


Effects from FLFAMILY to FLIT

  Total                0.000      0.000      0.000      1.000      0.167
  Total indirect       0.000      0.000      0.000      1.000      0.167


Effects from NOBULLY to FLIT

  Total                0.000      0.000      0.000      1.000      0.167
  Total indirect       0.000      0.000      0.000      1.000      0.167


Effects from ESCS to FLIT

  Total                0.000      0.000      0.000      1.000      0.167
  Total indirect       0.000      0.000      0.000      1.000      0.167


Effects from IMMI2GEN to FLIT

  Total                0.000      0.000      0.000      1.000      0.167
  Total indirect       0.000      0.000      0.000      1.000      0.167


Effects from MALE to FLIT

  Total                0.000      0.000      0.000      1.000      0.167
  Total indirect       0.000      0.000      0.000      1.000      0.167




TECHNICAL 1 OUTPUT


     PARAMETER SPECIFICATION FOR WITHIN


           NU
              FLIT          FLSCHOOL      NOBULLY       FLFAMILY      FCFMLRTY
              ________      ________      ________      ________      ________
                    0             0             0             0             0


           NU
              FLCONFIN      IMMI1GEN      IMMI2GEN      ESCS          MALE
              ________      ________      ________      ________      ________
                    0             0             0             0             0


           LAMBDA
              FLIT          FLSCHOOL      NOBULLY       FLFAMILY      FCFMLRTY
              ________      ________      ________      ________      ________
 FLIT               0             0             0             0             0
 FLSCHOOL           0             0             0             0             0
 NOBULLY            0             0             0             0             0
 FLFAMILY           0             0             0             0             0
 FCFMLRTY           0             0             0             0             0
 FLCONFIN           0             0             0             0             0
 IMMI1GEN           0             0             0             0             0
 IMMI2GEN           0             0             0             0             0
 ESCS               0             0             0             0             0
 MALE               0             0             0             0             0


           LAMBDA
              FLCONFIN      IMMI1GEN      IMMI2GEN      ESCS          MALE
              ________      ________      ________      ________      ________
 FLIT               0             0             0             0             0
 FLSCHOOL           0             0             0             0             0
 NOBULLY            0             0             0             0             0
 FLFAMILY           0             0             0             0             0
 FCFMLRTY           0             0             0             0             0
 FLCONFIN           0             0             0             0             0
 IMMI1GEN           0             0             0             0             0
 IMMI2GEN           0             0             0             0             0
 ESCS               0             0             0             0             0
 MALE               0             0             0             0             0


           THETA
              FLIT          FLSCHOOL      NOBULLY       FLFAMILY      FCFMLRTY
              ________      ________      ________      ________      ________
 FLIT               0
 FLSCHOOL           0             0
 NOBULLY            0             0             0
 FLFAMILY           0             0             0             0
 FCFMLRTY           0             0             0             0             0
 FLCONFIN           0             0             0             0             0
 IMMI1GEN           0             0             0             0             0
 IMMI2GEN           0             0             0             0             0
 ESCS               0             0             0             0             0
 MALE               0             0             0             0             0


           THETA
              FLCONFIN      IMMI1GEN      IMMI2GEN      ESCS          MALE
              ________      ________      ________      ________      ________
 FLCONFIN           0
 IMMI1GEN           0             0
 IMMI2GEN           0             0             0
 ESCS               0             0             0             0
 MALE               0             0             0             0             0


           ALPHA
              FLIT          FLSCHOOL      NOBULLY       FLFAMILY      FCFMLRTY
              ________      ________      ________      ________      ________
                    0             0             0             0             1


           ALPHA
              FLCONFIN      IMMI1GEN      IMMI2GEN      ESCS          MALE
              ________      ________      ________      ________      ________
                    2             3             4             5             0


           BETA
              FLIT          FLSCHOOL      NOBULLY       FLFAMILY      FCFMLRTY
              ________      ________      ________      ________      ________
 FLIT               0             6             7             8             9
 FLSCHOOL           0             0             0             0             0
 NOBULLY            0             0             0             0             0
 FLFAMILY           0             0             0             0             0
 FCFMLRTY           0            13            14            15             0
 FLCONFIN           0            19            20            21             0
 IMMI1GEN           0             0             0             0             0
 IMMI2GEN           0             0             0             0             0
 ESCS               0             0             0             0             0
 MALE               0             0             0             0             0


           BETA
              FLCONFIN      IMMI1GEN      IMMI2GEN      ESCS          MALE
              ________      ________      ________      ________      ________
 FLIT              10            11             0            12             0
 FLSCHOOL           0             0             0             0             0
 NOBULLY            0             0             0             0             0
 FLFAMILY           0             0             0             0             0
 FCFMLRTY           0             0            16            17            18
 FLCONFIN           0             0            22            23            24
 IMMI1GEN           0             0             0             0             0
 IMMI2GEN           0             0             0             0             0
 ESCS               0             0             0             0             0
 MALE               0             0             0             0             0


           PSI
              FLIT          FLSCHOOL      NOBULLY       FLFAMILY      FCFMLRTY
              ________      ________      ________      ________      ________
 FLIT              25
 FLSCHOOL           0            26
 NOBULLY            0            27            28
 FLFAMILY           0            29            30            31
 FCFMLRTY           0             0             0             0            32
 FLCONFIN           0             0             0             0            33
 IMMI1GEN           0             0             0             0             0
 IMMI2GEN           0             0             0             0             0
 ESCS               0            37             0            38             0
 MALE               0             0             0             0             0


           PSI
              FLCONFIN      IMMI1GEN      IMMI2GEN      ESCS          MALE
              ________      ________      ________      ________      ________
 FLCONFIN          34
 IMMI1GEN           0            35
 IMMI2GEN           0             0            36
 ESCS               0            39            40            41
 MALE               0             0             0             0             0


     PARAMETER SPECIFICATION FOR BETWEEN


           NU
              EDUSHORT      STRATIO       FLIT          FLSCHOOL      NOBULLY
              ________      ________      ________      ________      ________
                    0             0             0             0             0


           NU
              FLFAMILY
              ________
                    0


           LAMBDA
              EDUSHORT      STRATIO       FLIT          FLSCHOOL      NOBULLY
              ________      ________      ________      ________      ________
 EDUSHORT           0             0             0             0             0
 STRATIO            0             0             0             0             0
 FLIT               0             0             0             0             0
 FLSCHOOL           0             0             0             0             0
 NOBULLY            0             0             0             0             0
 FLFAMILY           0             0             0             0             0


           LAMBDA
              FLFAMILY
              ________
 EDUSHORT           0
 STRATIO            0
 FLIT               0
 FLSCHOOL           0
 NOBULLY            0
 FLFAMILY           0


           THETA
              EDUSHORT      STRATIO       FLIT          FLSCHOOL      NOBULLY
              ________      ________      ________      ________      ________
 EDUSHORT           0
 STRATIO            0             0
 FLIT               0             0             0
 FLSCHOOL           0             0             0             0
 NOBULLY            0             0             0             0             0
 FLFAMILY           0             0             0             0             0


           THETA
              FLFAMILY
              ________
 FLFAMILY           0


           ALPHA
              EDUSHORT      STRATIO       FLIT          FLSCHOOL      NOBULLY
              ________      ________      ________      ________      ________
                   42            43            44            45            46


           ALPHA
              FLFAMILY
              ________
                   47


           BETA
              EDUSHORT      STRATIO       FLIT          FLSCHOOL      NOBULLY
              ________      ________      ________      ________      ________
 EDUSHORT           0             0             0             0             0
 STRATIO            0             0             0             0             0
 FLIT               0             0             0             0             0
 FLSCHOOL           0             0             0             0             0
 NOBULLY            0             0             0             0             0
 FLFAMILY           0             0             0             0             0


           BETA
              FLFAMILY
              ________
 EDUSHORT           0
 STRATIO            0
 FLIT               0
 FLSCHOOL           0
 NOBULLY            0
 FLFAMILY           0


           PSI
              EDUSHORT      STRATIO       FLIT          FLSCHOOL      NOBULLY
              ________      ________      ________      ________      ________
 EDUSHORT          48
 STRATIO           49            50
 FLIT              51            52            53
 FLSCHOOL          54            55            56            57
 NOBULLY           58            59            60            61            62
 FLFAMILY          63            64            65            66            67


           PSI
              FLFAMILY
              ________
 FLFAMILY          68


     STARTING VALUES FOR WITHIN


           NU
              FLIT          FLSCHOOL      NOBULLY       FLFAMILY      FCFMLRTY
              ________      ________      ________      ________      ________
                0.000         0.000         0.000         0.000         0.000


           NU
              FLCONFIN      IMMI1GEN      IMMI2GEN      ESCS          MALE
              ________      ________      ________      ________      ________
                0.000         0.000         0.000         0.000         0.000


           LAMBDA
              FLIT          FLSCHOOL      NOBULLY       FLFAMILY      FCFMLRTY
              ________      ________      ________      ________      ________
 FLIT           1.000         0.000         0.000         0.000         0.000
 FLSCHOOL       0.000         1.000         0.000         0.000         0.000
 NOBULLY        0.000         0.000         1.000         0.000         0.000
 FLFAMILY       0.000         0.000         0.000         1.000         0.000
 FCFMLRTY       0.000         0.000         0.000         0.000         1.000
 FLCONFIN       0.000         0.000         0.000         0.000         0.000
 IMMI1GEN       0.000         0.000         0.000         0.000         0.000
 IMMI2GEN       0.000         0.000         0.000         0.000         0.000
 ESCS           0.000         0.000         0.000         0.000         0.000
 MALE           0.000         0.000         0.000         0.000         0.000


           LAMBDA
              FLCONFIN      IMMI1GEN      IMMI2GEN      ESCS          MALE
              ________      ________      ________      ________      ________
 FLIT           0.000         0.000         0.000         0.000         0.000
 FLSCHOOL       0.000         0.000         0.000         0.000         0.000
 NOBULLY        0.000         0.000         0.000         0.000         0.000
 FLFAMILY       0.000         0.000         0.000         0.000         0.000
 FCFMLRTY       0.000         0.000         0.000         0.000         0.000
 FLCONFIN       1.000         0.000         0.000         0.000         0.000
 IMMI1GEN       0.000         1.000         0.000         0.000         0.000
 IMMI2GEN       0.000         0.000         1.000         0.000         0.000
 ESCS           0.000         0.000         0.000         1.000         0.000
 MALE           0.000         0.000         0.000         0.000         1.000


           THETA
              FLIT          FLSCHOOL      NOBULLY       FLFAMILY      FCFMLRTY
              ________      ________      ________      ________      ________
 FLIT           0.000
 FLSCHOOL       0.000         0.000
 NOBULLY        0.000         0.000         0.000
 FLFAMILY       0.000         0.000         0.000         0.000
 FCFMLRTY       0.000         0.000         0.000         0.000         0.000
 FLCONFIN       0.000         0.000         0.000         0.000         0.000
 IMMI1GEN       0.000         0.000         0.000         0.000         0.000
 IMMI2GEN       0.000         0.000         0.000         0.000         0.000
 ESCS           0.000         0.000         0.000         0.000         0.000
 MALE           0.000         0.000         0.000         0.000         0.000


           THETA
              FLCONFIN      IMMI1GEN      IMMI2GEN      ESCS          MALE
              ________      ________      ________      ________      ________
 FLCONFIN       0.000
 IMMI1GEN       0.000         0.000
 IMMI2GEN       0.000         0.000         0.000
 ESCS           0.000         0.000         0.000         0.000
 MALE           0.000         0.000         0.000         0.000         0.000


           ALPHA
              FLIT          FLSCHOOL      NOBULLY       FLFAMILY      FCFMLRTY
              ________      ________      ________      ________      ________
                0.000         0.000         0.000         0.000         6.321


           ALPHA
              FLCONFIN      IMMI1GEN      IMMI2GEN      ESCS          MALE
              ________      ________      ________      ________      ________
               -0.233         0.003         0.006        -1.116         0.000


           BETA
              FLIT          FLSCHOOL      NOBULLY       FLFAMILY      FCFMLRTY
              ________      ________      ________      ________      ________
 FLIT           0.000         0.000         0.000         0.000         0.000
 FLSCHOOL       0.000         0.000         0.000         0.000         0.000
 NOBULLY        0.000         0.000         0.000         0.000         0.000
 FLFAMILY       0.000         0.000         0.000         0.000         0.000
 FCFMLRTY       0.000         0.000         0.000         0.000         0.000
 FLCONFIN       0.000         0.000         0.000         0.000         0.000
 IMMI1GEN       0.000         0.000         0.000         0.000         0.000
 IMMI2GEN       0.000         0.000         0.000         0.000         0.000
 ESCS           0.000         0.000         0.000         0.000         0.000
 MALE           0.000         0.000         0.000         0.000         0.000


           BETA
              FLCONFIN      IMMI1GEN      IMMI2GEN      ESCS          MALE
              ________      ________      ________      ________      ________
 FLIT           0.000         0.000         0.000         0.000         0.000
 FLSCHOOL       0.000         0.000         0.000         0.000         0.000
 NOBULLY        0.000         0.000         0.000         0.000         0.000
 FLFAMILY       0.000         0.000         0.000         0.000         0.000
 FCFMLRTY       0.000         0.000         0.000         0.000         0.000
 FLCONFIN       0.000         0.000         0.000         0.000         0.000
 IMMI1GEN       0.000         0.000         0.000         0.000         0.000
 IMMI2GEN       0.000         0.000         0.000         0.000         0.000
 ESCS           0.000         0.000         0.000         0.000         0.000
 MALE           0.000         0.000         0.000         0.000         0.000


           PSI
              FLIT          FLSCHOOL      NOBULLY       FLFAMILY      FCFMLRTY
              ________      ________      ________      ________      ________
 FLIT        4401.411
 FLSCHOOL       0.000         0.516
 NOBULLY        0.000         0.000         0.590
 FLFAMILY       0.000         0.000         0.000         0.694
 FCFMLRTY       0.000         0.000         0.000         0.000        15.382
 FLCONFIN       0.000         0.000         0.000         0.000         0.000
 IMMI1GEN       0.000         0.000         0.000         0.000         0.000
 IMMI2GEN       0.000         0.000         0.000         0.000         0.000
 ESCS           0.000         0.000         0.000         0.000         0.000
 MALE           0.000         0.000         0.000         0.000         0.000


           PSI
              FLCONFIN      IMMI1GEN      IMMI2GEN      ESCS          MALE
              ________      ________      ________      ________      ________
 FLCONFIN       0.556
 IMMI1GEN       0.000         0.001
 IMMI2GEN       0.000         0.000         0.003
 ESCS           0.000         0.000         0.000         0.723
 MALE           0.000         0.000         0.000         0.000         0.125


     STARTING VALUES FOR BETWEEN


           NU
              EDUSHORT      STRATIO       FLIT          FLSCHOOL      NOBULLY
              ________      ________      ________      ________      ________
                0.000         0.000         0.000         0.000         0.000


           NU
              FLFAMILY
              ________
                0.000


           LAMBDA
              EDUSHORT      STRATIO       FLIT          FLSCHOOL      NOBULLY
              ________      ________      ________      ________      ________
 EDUSHORT       1.000         0.000         0.000         0.000         0.000
 STRATIO        0.000         1.000         0.000         0.000         0.000
 FLIT           0.000         0.000         1.000         0.000         0.000
 FLSCHOOL       0.000         0.000         0.000         1.000         0.000
 NOBULLY        0.000         0.000         0.000         0.000         1.000
 FLFAMILY       0.000         0.000         0.000         0.000         0.000


           LAMBDA
              FLFAMILY
              ________
 EDUSHORT       0.000
 STRATIO        0.000
 FLIT           0.000
 FLSCHOOL       0.000
 NOBULLY        0.000
 FLFAMILY       1.000


           THETA
              EDUSHORT      STRATIO       FLIT          FLSCHOOL      NOBULLY
              ________      ________      ________      ________      ________
 EDUSHORT       0.000
 STRATIO        0.000         0.000
 FLIT           0.000         0.000         0.000
 FLSCHOOL       0.000         0.000         0.000         0.000
 NOBULLY        0.000         0.000         0.000         0.000         0.000
 FLFAMILY       0.000         0.000         0.000         0.000         0.000


           THETA
              FLFAMILY
              ________
 FLFAMILY       0.000


           ALPHA
              EDUSHORT      STRATIO       FLIT          FLSCHOOL      NOBULLY
              ________      ________      ________      ________      ________
                0.027        27.293       421.817        -0.154        -0.146


           ALPHA
              FLFAMILY
              ________
                0.201


           BETA
              EDUSHORT      STRATIO       FLIT          FLSCHOOL      NOBULLY
              ________      ________      ________      ________      ________
 EDUSHORT       0.000         0.000         0.000         0.000         0.000
 STRATIO        0.000         0.000         0.000         0.000         0.000
 FLIT           0.000         0.000         0.000         0.000         0.000
 FLSCHOOL       0.000         0.000         0.000         0.000         0.000
 NOBULLY        0.000         0.000         0.000         0.000         0.000
 FLFAMILY       0.000         0.000         0.000         0.000         0.000


           BETA
              FLFAMILY
              ________
 EDUSHORT       0.000
 STRATIO        0.000
 FLIT           0.000
 FLSCHOOL       0.000
 NOBULLY        0.000
 FLFAMILY       0.000


           PSI
              EDUSHORT      STRATIO       FLIT          FLSCHOOL      NOBULLY
              ________      ________      ________      ________      ________
 EDUSHORT       0.593
 STRATIO        0.000       139.991
 FLIT           0.000         0.000      4401.411
 FLSCHOOL       0.000         0.000         0.000         0.516
 NOBULLY        0.000         0.000         0.000         0.000         0.590
 FLFAMILY       0.000         0.000         0.000         0.000         0.000


           PSI
              FLFAMILY
              ________
 FLFAMILY       0.694


     Beginning Time:  13:22:25
        Ending Time:  13:30:18
       Elapsed Time:  00:07:53



MUTHEN & MUTHEN
3463 Stoner Ave.
Los Angeles, CA  90066

Tel: (310) 391-9971
Fax: (310) 391-8971
Web: www.StatModel.com
Support: Support@StatModel.com

Copyright (c) 1998-2019 Muthen & Muthen
