Mplus VERSION 8.3
MUTHEN & MUTHEN
02/10/2021   7:20 PM

INPUT INSTRUCTIONS


  TITLE:
      Two-level saturated model 100

  DATA:
      file = "C:\Users\tctan\implist.dat";

      type = imputation;


  VARIABLE:
      names =
          FKI CNTRYID CNTSCHID W_STU
          MATH READ FLIT                      ! PISA achievement variables
          MALE IMMI1GEN IMMI2GEN ESCS         ! Demographic info
          FCFMLRTY FLCONFIN                   ! Affect
          FLSCHOOL                            !   Lat var "Academic"
          NOBULLY                             !   Lat var "Safety"
          FLFAMILY                            !   Lat var "Community"
          W_SCH STRATIO                       ! School character
          EDUSHORT                            !   Lat var "inst. env."
          ;

      useobs = CNTRYID eq 100;          ! Pull out one country at a time

      usevar =
          FLIT                                ! PISA achievement variables
          FLSCHOOL                            !   Lat var "Academic"
          NOBULLY                             !   Lat var "Safety"
          FLFAMILY                            !   Lat var "Community"
          EDUSHORT STRATIO                    !   Lat var "Inst env"
          FCFMLRTY FLCONFIN                   ! Affect
          MALE IMMI1GEN IMMI2GEN ESCS         ! Demographic info
          ;

      ! Vars that ONLY appear in L1
      within =
          FCFMLRTY FLCONFIN                   ! Affective vars
          MALE IMMI1GEN IMMI2GEN ESCS         ! L1 control vars
          ;

      ! Vars that ONLY appear in L2
      between =
          EDUSHORT STRATIO                    ! L2: school
          ;

      weight = W_STU;                         ! Student weight
      wtscale = cluster;                      ! Scale L1 weight to cluster size
      bweight = W_SCH;                        ! School weight
      bwtscale = sample;                      ! Scale L2 weight to sample

      cluster = CNTSCHID;                     ! Cluster by school ID


  ANALYSIS:
      processors = 4;

      type = twolevel;


  MODEL:

  %Within%                                    ! === L1: Student-level ===

      ! Indirect pathways (1st half): school climate vars onto mediators
          ! Onto mediator FAMILIARITY
      FCFMLRTY on FLSCHOOL NOBULLY FLFAMILY;
          ! Onto mediator CONFIDENCE
      FLCONFIN on FLSCHOOL NOBULLY FLFAMILY;

      ! Total effect
      FLIT on
          ! Direct pathways: school climate vars onto financial literacy
          FLSCHOOL NOBULLY FLFAMILY
          ! Indirect pathways (2nd half): affective vars onto financial literacy
          FCFMLRTY FLCONFIN
          ! Control vars (demographic info)
          MALE IMMI1GEN IMMI2GEN ESCS
          ;

      ! Covariances
          ! Between school climate vars
      FLSCHOOL with NOBULLY;
      FLSCHOOL with FLFAMILY;
      NOBULLY with FLFAMILY;
          ! Between mediators
      FCFMLRTY with FLCONFIN;
          ! ESCS with FLFAMILY
      ESCS with FLFAMILY

  %Between%                                   ! === L2: School-level ===

      FLIT-STRATIO WITH FLIT-STRATIO;


  MODEL INDIRECT:

      ! Indirect effects
      FLIT ind FLSCHOOL;
      FLIT ind NOBULLY;
      FLIT ind FLFAMILY;


  OUTPUT:
      stdyx                                   ! Fully standardised solution
      mod(all)                                ! Mod indices (all)
      ;



*** WARNING in MODEL command
  In the MODEL command, the following variable is a y-variable on the BETWEEN
  level and an x-variable on the WITHIN level.  This variable will be treated
  as a y-variable on both levels:  FLSCHOOL
*** WARNING in MODEL command
  In the MODEL command, the following variable is a y-variable on the BETWEEN
  level and an x-variable on the WITHIN level.  This variable will be treated
  as a y-variable on both levels:  NOBULLY
*** WARNING in MODEL command
  In the MODEL command, the following variable is a y-variable on the BETWEEN
  level and an x-variable on the WITHIN level.  This variable will be treated
  as a y-variable on both levels:  FLFAMILY
*** WARNING in OUTPUT command
  MODINDICES option is not available for multiple imputation.
  Request for MODINDICES is ignored.
   4 WARNING(S) FOUND IN THE INPUT INSTRUCTIONS




Two-level saturated model 100

SUMMARY OF ANALYSIS

Number of groups                                                 1
Average number of observations                                4110

Number of replications
    Requested                                                   10
    Completed                                                   10

Number of dependent variables                                    8
Number of independent variables                                  4
Number of continuous latent variables                            0

Observed dependent variables

  Continuous
   EDUSHORT    STRATIO     FLIT        FLSCHOOL    NOBULLY     FLFAMILY
   FCFMLRTY    FLCONFIN

Observed independent variables
   MALE        IMMI1GEN    IMMI2GEN    ESCS

Variables with special functions

  Cluster variable      CNTSCHID
  Weight variable (cluster-size scaling)
    W_STU
  Between weight variable (sample-size scaling)
    W_SCH

  Within variables
   FCFMLRTY    FLCONFIN    MALE        IMMI1GEN    IMMI2GEN    ESCS

  Between variables
   EDUSHORT    STRATIO


Estimator                                                      MLR
Information matrix                                        OBSERVED
Maximum number of iterations                                   100
Convergence criterion                                    0.100D-05
Maximum number of EM iterations                                500
Convergence criteria for the EM algorithm
  Loglikelihood change                                   0.100D-02
  Relative loglikelihood change                          0.100D-05
  Derivative                                             0.100D-03
Minimum variance                                         0.100D-03
Maximum number of steepest descent iterations                   20
Maximum number of iterations for H1                           2000
Convergence criterion for H1                             0.100D-03
Optimization algorithm                                         EMA

Input data file(s)
  Multiple data files from
    C:\Users\tctan\implist.dat
Input data format  FREE


SUMMARY OF DATA FOR THE FIRST DATA SET

     Number of clusters                        197

     Average cluster size       20.863

     Estimated Intraclass Correlations for the Y Variables

                Intraclass              Intraclass              Intraclass
     Variable  Correlation   Variable  Correlation   Variable  Correlation

     FLIT         0.380      FLSCHOOL     0.067      NOBULLY      0.019
     FLFAMILY     0.007      FCFMLRTY     0.000      FLCONFIN     0.000
     ESCS         0.000



SAMPLE STATISTICS

NOTE:  The sample statistics for within and between refer to the
       maximum-likelihood estimated within and between covariance
       matrices, respectively.

NOTE:  These are average results over 10 data sets.


     ESTIMATED SAMPLE STATISTICS FOR WITHIN


           Means
              EDUSHORT      STRATIO       FLIT          FLSCHOOL      NOBULLY
              ________      ________      ________      ________      ________
                0.000         0.000         0.000         0.000         0.000


           Means
              FLFAMILY      FCFMLRTY      FLCONFIN      ESCS          MALE
              ________      ________      ________      ________      ________
                0.000         5.198        -0.067        -0.192         0.528


           Means
              IMMI1GEN      IMMI2GEN
              ________      ________
                0.006         0.008


           Covariances
              EDUSHORT      STRATIO       FLIT          FLSCHOOL      NOBULLY
              ________      ________      ________      ________      ________
 EDUSHORT       0.000
 STRATIO        0.000         0.000
 FLIT           0.000         0.000      5676.938
 FLSCHOOL       0.000         0.000        -1.896         0.998
 NOBULLY        0.000         0.000         6.296        -0.116         1.275
 FLFAMILY       0.000         0.000         4.170         0.190         0.003
 FCFMLRTY       0.000         0.000        68.945         1.372         0.126
 FLCONFIN       0.000         0.000        10.038         0.206        -0.027
 ESCS           0.000         0.000        12.690        -0.006         0.003
 MALE           0.000         0.000        -1.128         0.022        -0.057
 IMMI1GEN       0.000         0.000        -0.139         0.001        -0.003
 IMMI2GEN       0.000         0.000        -0.131         0.002         0.000


           Covariances
              FLFAMILY      FCFMLRTY      FLCONFIN      ESCS          MALE
              ________      ________      ________      ________      ________
 FLFAMILY       1.230
 FCFMLRTY       0.968        34.124
 FLCONFIN       0.231         1.770         1.118
 ESCS           0.004         0.890         0.130         0.972
 MALE          -0.052        -0.103         0.053        -0.005         0.249
 IMMI1GEN       0.000        -0.002         0.000         0.002         0.002
 IMMI2GEN      -0.003        -0.004        -0.001         0.000         0.001


           Covariances
              IMMI1GEN      IMMI2GEN
              ________      ________
 IMMI1GEN       0.006
 IMMI2GEN       0.000         0.008


           Correlations
              EDUSHORT      STRATIO       FLIT          FLSCHOOL      NOBULLY
              ________      ________      ________      ________      ________
 EDUSHORT       0.000
 STRATIO        0.000         0.000
 FLIT           0.000         0.000         1.000
 FLSCHOOL       0.000         0.000        -0.025         1.000
 NOBULLY        0.000         0.000         0.074        -0.103         1.000
 FLFAMILY       0.000         0.000         0.050         0.171         0.002
 FCFMLRTY       0.000         0.000         0.157         0.235         0.019
 FLCONFIN       0.000         0.000         0.126         0.195        -0.022
 ESCS           0.000         0.000         0.171        -0.006         0.003
 MALE           0.000         0.000        -0.030         0.043        -0.102
 IMMI1GEN       0.000         0.000        -0.025         0.016        -0.035
 IMMI2GEN       0.000         0.000        -0.019         0.018         0.003


           Correlations
              FLFAMILY      FCFMLRTY      FLCONFIN      ESCS          MALE
              ________      ________      ________      ________      ________
 FLFAMILY       1.000
 FCFMLRTY       0.149         1.000
 FLCONFIN       0.197         0.287         1.000
 ESCS           0.004         0.155         0.124         1.000
 MALE          -0.093        -0.035         0.100        -0.010         1.000
 IMMI1GEN       0.003        -0.005         0.003         0.027         0.042
 IMMI2GEN      -0.028        -0.007        -0.011         0.001         0.016


           Correlations
              IMMI1GEN      IMMI2GEN
              ________      ________
 IMMI1GEN       1.000
 IMMI2GEN      -0.007         1.000


     ESTIMATED SAMPLE STATISTICS FOR BETWEEN


           Means
              EDUSHORT      STRATIO       FLIT          FLSCHOOL      NOBULLY
              ________      ________      ________      ________      ________
               -0.359        12.256       434.712        -0.191        -0.145


           Means
              FLFAMILY      FCFMLRTY      FLCONFIN      ESCS          MALE
              ________      ________      ________      ________      ________
                0.243         0.000         0.000         0.000         0.000


           Means
              IMMI1GEN      IMMI2GEN
              ________      ________
                0.000         0.000


           Covariances
              EDUSHORT      STRATIO       FLIT          FLSCHOOL      NOBULLY
              ________      ________      ________      ________      ________
 EDUSHORT       0.831
 STRATIO        0.026        17.434
 FLIT          -0.375        46.908      3559.212
 FLSCHOOL       0.020        -0.163       -10.030         0.076
 NOBULLY       -0.016         0.144         5.394        -0.022         0.022
 FLFAMILY       0.008         0.003         4.413        -0.012         0.004
 FCFMLRTY       0.000         0.000         0.000         0.000         0.000
 FLCONFIN       0.000         0.000         0.000         0.000         0.000
 ESCS           0.000         0.000         0.000         0.000         0.000
 MALE           0.000         0.000         0.000         0.000         0.000
 IMMI1GEN       0.000         0.000         0.000         0.000         0.000
 IMMI2GEN       0.000         0.000         0.000         0.000         0.000


           Covariances
              FLFAMILY      FCFMLRTY      FLCONFIN      ESCS          MALE
              ________      ________      ________      ________      ________
 FLFAMILY       0.013
 FCFMLRTY       0.000         0.000
 FLCONFIN       0.000         0.000         0.000
 ESCS           0.000         0.000         0.000         0.000
 MALE           0.000         0.000         0.000         0.000         0.000
 IMMI1GEN       0.000         0.000         0.000         0.000         0.000
 IMMI2GEN       0.000         0.000         0.000         0.000         0.000


           Covariances
              IMMI1GEN      IMMI2GEN
              ________      ________
 IMMI1GEN       0.000
 IMMI2GEN       0.000         0.000


           Correlations
              EDUSHORT      STRATIO       FLIT          FLSCHOOL      NOBULLY
              ________      ________      ________      ________      ________
 EDUSHORT       1.000
 STRATIO        0.007         1.000
 FLIT          -0.007         0.188         1.000
 FLSCHOOL       0.078        -0.141        -0.608         1.000
 NOBULLY       -0.120         0.233         0.613        -0.528         1.000
 FLFAMILY       0.073         0.006         0.650        -0.395         0.213
 FCFMLRTY       0.000         0.000         0.000         0.000         0.000
 FLCONFIN       0.000         0.000         0.000         0.000         0.000
 ESCS           0.000         0.000         0.000         0.000         0.000
 MALE           0.000         0.000         0.000         0.000         0.000
 IMMI1GEN       0.000         0.000         0.000         0.000         0.000
 IMMI2GEN       0.000         0.000         0.000         0.000         0.000


           Correlations
              FLFAMILY      FCFMLRTY      FLCONFIN      ESCS          MALE
              ________      ________      ________      ________      ________
 FLFAMILY       1.000
 FCFMLRTY       0.000         0.000
 FLCONFIN       0.000         0.000         0.000
 ESCS           0.000         0.000         0.000         0.000
 MALE           0.000         0.000         0.000         0.000         0.000
 IMMI1GEN       0.000         0.000         0.000         0.000         0.000
 IMMI2GEN       0.000         0.000         0.000         0.000         0.000


           Correlations
              IMMI1GEN      IMMI2GEN
              ________      ________
 IMMI1GEN       0.000
 IMMI2GEN       0.000         0.000




MODEL FIT INFORMATION

Number of Free Parameters                       57

Loglikelihood

    H0 Value

        Mean                            -67408.376
        Std Dev                             39.706
        Number of successful computations       10

             Proportions                   Percentiles
        Expected    Observed         Expected       Observed
           0.990       1.000       -67500.745     -67473.634
           0.980       1.000       -67489.921     -67473.634
           0.950       1.000       -67473.689     -67473.634
           0.900       0.900       -67459.264     -67473.634
           0.800       0.800       -67441.793     -67473.634
           0.700       0.700       -67429.198     -67435.402
           0.500       0.500       -67408.376     -67409.990
           0.300       0.300       -67387.554     -67403.462
           0.200       0.200       -67374.959     -67380.915
           0.100       0.100       -67357.488     -67361.183
           0.050       0.100       -67343.063     -67361.183
           0.020       0.000       -67326.831     -67361.183
           0.010       0.000       -67316.007     -67361.183

    H1 Value

        Mean                            -67251.375
        Std Dev                             41.988
        Number of successful computations       10

             Proportions                   Percentiles
        Expected    Observed         Expected       Observed
           0.990       1.000       -67349.052     -67324.743
           0.980       1.000       -67337.606     -67324.743
           0.950       0.900       -67320.441     -67324.743
           0.900       0.900       -67305.187     -67324.743
           0.800       0.700       -67286.712     -67324.743
           0.700       0.700       -67273.393     -67289.822
           0.500       0.600       -67251.375     -67250.203
           0.300       0.300       -67229.356     -67240.698
           0.200       0.300       -67216.037     -67214.182
           0.100       0.100       -67197.562     -67201.431
           0.050       0.000       -67182.308     -67201.431
           0.020       0.000       -67165.143     -67201.431
           0.010       0.000       -67153.697     -67201.431

Information Criteria

    Akaike (AIC)

        Mean                            134930.752
        Std Dev                             79.413
        Number of successful computations       10

             Proportions                   Percentiles
        Expected    Observed         Expected       Observed
           0.990       1.000       134746.014     134783.249
           0.980       1.000       134767.662     134783.249
           0.950       0.900       134800.126     134783.249
           0.900       0.900       134828.977     134783.249
           0.800       0.800       134863.918     134783.249
           0.700       0.700       134889.108     134875.829
           0.500       0.500       134930.752     134926.417
           0.300       0.300       134972.396     134963.074
           0.200       0.200       134997.586     134984.803
           0.100       0.100       135032.528     135021.613
           0.050       0.000       135061.379     135021.613
           0.020       0.000       135093.843     135021.613
           0.010       0.000       135115.491     135021.613

    Bayesian (BIC)

        Mean                            135291.059
        Std Dev                             79.413
        Number of successful computations       10

             Proportions                   Percentiles
        Expected    Observed         Expected       Observed
           0.990       1.000       135106.321     135143.557
           0.980       1.000       135127.969     135143.557
           0.950       0.900       135160.433     135143.557
           0.900       0.900       135189.284     135143.557
           0.800       0.800       135224.225     135143.557
           0.700       0.700       135249.415     135236.136
           0.500       0.500       135291.059     135286.724
           0.300       0.300       135332.704     135323.381
           0.200       0.200       135357.893     135345.110
           0.100       0.100       135392.835     135381.920
           0.050       0.000       135421.686     135381.920
           0.020       0.000       135454.150     135381.920
           0.010       0.000       135475.798     135381.920

    Sample-Size Adjusted BIC (n* = (n + 2) / 24)

        Mean                            135109.938
        Std Dev                             79.413
        Number of successful computations       10

             Proportions                   Percentiles
        Expected    Observed         Expected       Observed
           0.990       1.000       134925.200     134962.435
           0.980       1.000       134946.848     134962.435
           0.950       0.900       134979.312     134962.435
           0.900       0.900       135008.162     134962.435
           0.800       0.800       135043.104     134962.435
           0.700       0.700       135068.294     135055.015
           0.500       0.500       135109.938     135105.603
           0.300       0.300       135151.582     135142.260
           0.200       0.200       135176.772     135163.989
           0.100       0.100       135211.714     135200.799
           0.050       0.000       135240.564     135200.799
           0.020       0.000       135273.028     135200.799
           0.010       0.000       135294.676     135200.799

Chi-Square Test of Model Fit

        Degrees of freedom                      22

        Mean                               305.323
        Std Dev                             17.778
        Number of successful computations       10

             Proportions                   Percentiles
        Expected    Observed         Expected       Observed
           0.990       1.000            9.542        267.765
           0.980       1.000           10.600        267.765
           0.950       1.000           12.338        267.765
           0.900       1.000           14.041        267.765
           0.800       1.000           16.314        267.765
           0.700       1.000           18.101        292.242
           0.500       1.000           21.337        304.179
           0.300       1.000           24.939        315.047
           0.200       1.000           27.301        320.919
           0.100       1.000           30.813        324.828
           0.050       1.000           33.924        324.828
           0.020       1.000           37.659        324.828
           0.010       1.000           40.289        324.828

RMSEA (Root Mean Square Error Of Approximation)

        Mean                                 0.056
        Std Dev                              0.002
        Number of successful computations       10

             Proportions                   Percentiles
        Expected    Observed         Expected       Observed
           0.990       1.000            0.052          0.052
           0.980       0.900            0.052          0.052
           0.950       0.900            0.053          0.052
           0.900       0.900            0.054          0.052
           0.800       0.900            0.054          0.052
           0.700       0.700            0.055          0.055
           0.500       0.500            0.056          0.056
           0.300       0.400            0.057          0.057
           0.200       0.300            0.057          0.057
           0.100       0.100            0.058          0.058
           0.050       0.000            0.059          0.058
           0.020       0.000            0.060          0.058
           0.010       0.000            0.060          0.058

CFI/TLI

    CFI

        Mean                                 0.802
        Std Dev                              0.009
        Number of successful computations       10

             Proportions                   Percentiles
        Expected    Observed         Expected       Observed
           0.990       1.000            0.781          0.793
           0.980       1.000            0.783          0.793
           0.950       1.000            0.787          0.793
           0.900       1.000            0.790          0.793
           0.800       0.700            0.794          0.793
           0.700       0.600            0.797          0.794
           0.500       0.300            0.802          0.799
           0.300       0.300            0.807          0.802
           0.200       0.200            0.810          0.810
           0.100       0.100            0.814          0.813
           0.050       0.100            0.818          0.813
           0.020       0.100            0.821          0.813
           0.010       0.000            0.824          0.813

    TLI

        Mean                                 0.488
        Std Dev                              0.024
        Number of successful computations       10

             Proportions                   Percentiles
        Expected    Observed         Expected       Observed
           0.990       1.000            0.432          0.462
           0.980       1.000            0.438          0.462
           0.950       1.000            0.448          0.462
           0.900       1.000            0.457          0.462
           0.800       0.700            0.467          0.462
           0.700       0.600            0.475          0.467
           0.500       0.300            0.488          0.479
           0.300       0.300            0.500          0.487
           0.200       0.200            0.508          0.508
           0.100       0.100            0.519          0.516
           0.050       0.100            0.527          0.516
           0.020       0.100            0.537          0.516
           0.010       0.000            0.544          0.516

SRMR (Standardized Root Mean Square Residual) for the WITHIN level

        Mean                                 0.039
        Std Dev                              0.001
        Number of successful computations       10

             Proportions                   Percentiles
        Expected    Observed         Expected       Observed
           0.990       1.000            0.037          0.037
           0.980       1.000            0.037          0.037
           0.950       0.900            0.038          0.037
           0.900       0.800            0.038          0.037
           0.800       0.800            0.038          0.037
           0.700       0.700            0.038          0.038
           0.500       0.700            0.039          0.039
           0.300       0.500            0.039          0.039
           0.200       0.200            0.039          0.039
           0.100       0.000            0.040          0.039
           0.050       0.000            0.040          0.039
           0.020       0.000            0.040          0.039
           0.010       0.000            0.041          0.039

SRMR (Standardized Root Mean Square Residual) for the BETWEEN level

        Mean                                 0.088
        Std Dev                              0.010
        Number of successful computations       10

             Proportions                   Percentiles
        Expected    Observed         Expected       Observed
           0.990       1.000            0.065          0.074
           0.980       1.000            0.068          0.074
           0.950       1.000            0.072          0.074
           0.900       0.900            0.075          0.074
           0.800       0.800            0.080          0.074
           0.700       0.600            0.083          0.081
           0.500       0.400            0.088          0.084
           0.300       0.300            0.093          0.092
           0.200       0.200            0.096          0.094
           0.100       0.200            0.100          0.101
           0.050       0.100            0.103          0.101
           0.020       0.000            0.107          0.101
           0.010       0.000            0.110          0.101



MODEL RESULTS

                                                    Two-Tailed   Rate of
                    Estimate       S.E.  Est./S.E.    P-Value    Missing

Within Level

 FCFMLRTY   ON
    FLSCHOOL           1.314      0.116     11.320      0.000      0.189
    NOBULLY            0.211      0.110      1.916      0.055      0.380
    FLFAMILY           0.589      0.096      6.150      0.000      0.132

 FLCONFIN   ON
    FLSCHOOL           0.179      0.021      8.438      0.000      0.099
    NOBULLY           -0.006      0.019     -0.296      0.767      0.288
    FLFAMILY           0.161      0.018      9.154      0.000      0.197

 FLIT       ON
    FLSCHOOL          -4.817      1.759     -2.739      0.006      0.494
    NOBULLY            4.242      1.214      3.496      0.000      0.242
    FLFAMILY           1.619      1.359      1.192      0.233      0.350
    FCFMLRTY           1.549      0.302      5.126      0.000      0.469
    FLCONFIN           6.076      1.670      3.638      0.000      0.551
    MALE              -2.589      3.628     -0.714      0.475      0.371
    IMMI1GEN         -24.637     21.072     -1.169      0.242      0.445
    IMMI2GEN         -12.681     18.263     -0.694      0.487      0.603
    ESCS              10.678      1.918      5.567      0.000      0.253

 FLSCHOOL WITH
    NOBULLY           -0.116      0.024     -4.878      0.000      0.243
    FLFAMILY           0.190      0.023      8.307      0.000      0.240

 NOBULLY  WITH
    FLFAMILY          -0.001      0.025     -0.026      0.979      0.280

 FCFMLRTY WITH
    FLCONFIN           1.364      0.113     12.113      0.000      0.183

 ESCS     WITH
    FLFAMILY           0.005      0.020      0.275      0.783      0.164

 Means
    ESCS              -0.192      0.043     -4.451      0.000      0.001

 Intercepts
    FCFMLRTY           5.198      0.130     40.073      0.000      0.077
    FLCONFIN          -0.067      0.022     -3.107      0.002      0.165

 Variances
    FLSCHOOL           0.998      0.029     33.976      0.000      0.276
    NOBULLY            1.271      0.038     33.875      0.000      0.072
    FLFAMILY           1.228      0.030     40.527      0.000      0.161
    ESCS               0.972      0.050     19.421      0.000      0.007

 Residual Variances
    FLIT            5312.755    156.650     33.915      0.000      0.242
    FCFMLRTY          31.684      0.739     42.876      0.000      0.088
    FLCONFIN           1.043      0.025     42.008      0.000      0.089

Between Level

 FLIT     WITH
    FLSCHOOL         -11.837      1.866     -6.343      0.000      0.120
    NOBULLY            6.328      1.655      3.825      0.000      0.132
    FLFAMILY           4.221      1.354      3.117      0.002      0.213
    EDUSHORT          -0.375      4.290     -0.087      0.930      0.078
    STRATIO           47.445     25.695      1.846      0.065      0.307

 FLSCHOOL WITH
    NOBULLY           -0.027      0.009     -2.885      0.004      0.114
    FLFAMILY          -0.013      0.008     -1.659      0.097      0.166
    EDUSHORT           0.020      0.024      0.812      0.417      0.053
    STRATIO           -0.202      0.147     -1.375      0.169      0.482

 NOBULLY  WITH
    FLFAMILY           0.008      0.006      1.172      0.241      0.183
    EDUSHORT          -0.015      0.021     -0.715      0.475      0.184
    STRATIO            0.189      0.090      2.097      0.036      0.324

 FLFAMILY WITH
    EDUSHORT           0.008      0.018      0.438      0.661      0.196
    STRATIO            0.032      0.088      0.368      0.713      0.343

 EDUSHORT WITH
    STRATIO            0.026      0.458      0.058      0.954      0.547

 Means
    EDUSHORT          -0.359      0.068     -5.262      0.000      0.021
    STRATIO           12.256      0.390     31.395      0.000      0.441
    FLIT             430.692      4.958     86.871      0.000      0.179
    FLSCHOOL          -0.187      0.028     -6.596      0.000      0.148
    NOBULLY           -0.147      0.025     -5.940      0.000      0.174
    FLFAMILY           0.243      0.024     10.013      0.000      0.262

 Variances
    EDUSHORT           0.831      0.077     10.835      0.000      0.075
    STRATIO           17.434      4.997      3.489      0.000      0.349
    FLIT            3593.315    411.152      8.740      0.000      0.126
    FLSCHOOL           0.089      0.014      6.494      0.000      0.086
    NOBULLY            0.029      0.010      3.013      0.003      0.213
    FLFAMILY           0.014      0.008      1.840      0.066      0.183


STANDARDIZED MODEL RESULTS


STDYX Standardization

                                                    Two-Tailed   Rate of
                    Estimate       S.E.  Est./S.E.    P-Value    Missing

Within Level

 FCFMLRTY   ON
    FLSCHOOL           0.225      0.020     11.434      0.000      0.187
    NOBULLY            0.041      0.021      1.918      0.055      0.381
    FLFAMILY           0.112      0.018      6.161      0.000      0.134

 FLCONFIN   ON
    FLSCHOOL           0.169      0.020      8.515      0.000      0.096
    NOBULLY           -0.006      0.020     -0.295      0.768      0.287
    FLFAMILY           0.169      0.018      9.229      0.000      0.200

 FLIT       ON
    FLSCHOOL          -0.064      0.023     -2.754      0.006      0.492
    NOBULLY            0.064      0.018      3.499      0.000      0.246
    FLFAMILY           0.024      0.020      1.193      0.233      0.349
    FCFMLRTY           0.121      0.023      5.245      0.000      0.467
    FLCONFIN           0.086      0.023      3.656      0.000      0.560
    MALE              -0.017      0.024     -0.714      0.475      0.373
    IMMI1GEN          -0.025      0.021     -1.192      0.233      0.427
    IMMI2GEN          -0.016      0.022     -0.702      0.483      0.613
    ESCS               0.140      0.025      5.729      0.000      0.286

 FLSCHOOL WITH
    NOBULLY           -0.103      0.021     -4.932      0.000      0.252
    FLFAMILY           0.172      0.020      8.727      0.000      0.243

 NOBULLY  WITH
    FLFAMILY          -0.001      0.020     -0.025      0.980      0.279

 FCFMLRTY WITH
    FLCONFIN           0.237      0.018     12.918      0.000      0.187

 ESCS     WITH
    FLFAMILY           0.005      0.018      0.275      0.783      0.164

 Means
    ESCS              -0.194      0.041     -4.698      0.000      0.002

 Intercepts
    FCFMLRTY           0.890      0.018     49.109      0.000      0.127
    FLCONFIN          -0.064      0.021     -3.110      0.002      0.162

 Variances
    FLSCHOOL           1.000      0.000  *********      0.000      0.000
    NOBULLY            1.000      0.000  *********      0.000      0.000
    FLFAMILY           1.000      0.000  *********      0.000      0.000
    ESCS               1.000      0.000    999.000    999.000      0.000

 Residual Variances
    FLIT               0.945      0.010     99.211      0.000      0.226
    FCFMLRTY           0.929      0.010     90.313      0.000      0.278
    FLCONFIN           0.933      0.010     93.419      0.000      0.203

Between Level

 FLIT     WITH
    FLSCHOOL          -0.661      0.069     -9.567      0.000      0.120
    NOBULLY            0.624      0.154      4.063      0.000      0.195
    FLFAMILY           0.594      0.207      2.873      0.004      0.242
    EDUSHORT          -0.006      0.078     -0.082      0.935      0.072
    STRATIO            0.190      0.101      1.878      0.060      0.299

 FLSCHOOL WITH
    NOBULLY           -0.538      0.169     -3.190      0.001      0.124
    FLFAMILY          -0.360      0.231     -1.561      0.119      0.157
    EDUSHORT           0.072      0.089      0.813      0.416      0.055
    STRATIO           -0.162      0.115     -1.412      0.158      0.457

 NOBULLY  WITH
    FLFAMILY           0.380      0.333      1.142      0.253      0.200
    EDUSHORT          -0.097      0.137     -0.708      0.479      0.170
    STRATIO            0.271      0.136      1.987      0.047      0.368

 FLFAMILY WITH
    EDUSHORT           0.071      0.169      0.424      0.671      0.188
    STRATIO            0.070      0.180      0.389      0.697      0.388

 EDUSHORT WITH
    STRATIO            0.007      0.114      0.059      0.953      0.552

 Means
    EDUSHORT          -0.394      0.084     -4.702      0.000      0.030
    STRATIO            2.957      0.393      7.524      0.000      0.315
    FLIT               7.189      0.415     17.319      0.000      0.155
    FLSCHOOL          -0.626      0.105     -5.988      0.000      0.194
    NOBULLY           -0.867      0.188     -4.608      0.000      0.138
    FLFAMILY           2.063      0.645      3.197      0.001      0.195

 Variances
    EDUSHORT           1.000      0.000  *********      0.000      0.000
    STRATIO            1.000      0.000  *********      0.000      0.000
    FLIT               1.000      0.000    999.000    999.000      0.000
    FLSCHOOL           1.000      0.000  *********      0.000      0.000
    NOBULLY            1.000      0.000  *********      0.000      0.000
    FLFAMILY           1.000      0.000  *********      0.000      0.000


R-SQUARE

Within Level

    Observed                                        Two-Tailed   Rate of
    Variable        Estimate       S.E.  Est./S.E.    P-Value    Missing

    FLIT               0.055      0.010      5.780      0.000      0.226
    FCFMLRTY           0.071      0.010      6.953      0.000      0.278
    FLCONFIN           0.067      0.010      6.737      0.000      0.203

Between Level


QUALITY OF NUMERICAL RESULTS

     Average Condition Number for the Information Matrix      0.530E-06
       (ratio of smallest to largest eigenvalue)


TOTAL, TOTAL INDIRECT, SPECIFIC INDIRECT, AND DIRECT EFFECTS


                                                    Two-Tailed   Rate of
                    Estimate       S.E.  Est./S.E.    P-Value    Missing

WITHIN

Effects from FLSCHOOL to FLIT

  Total               -1.695      1.614     -1.050      0.294      0.378
  Total indirect       3.122      0.526      5.940      0.000      0.394

  Specific indirect 1
    FLIT
    FCFMLRTY
    FLSCHOOL           2.034      0.427      4.761      0.000      0.414

  Specific indirect 2
    FLIT
    FLCONFIN
    FLSCHOOL           1.088      0.348      3.125      0.002      0.483

  Direct
    FLIT
    FLSCHOOL          -4.817      1.759     -2.739      0.006      0.494


Effects from NOBULLY to FLIT

  Total                4.535      1.233      3.679      0.000      0.254
  Total indirect       0.293      0.226      1.296      0.195      0.228

  Specific indirect 1
    FLIT
    FCFMLRTY
    NOBULLY            0.322      0.173      1.856      0.063      0.295

  Specific indirect 2
    FLIT
    FLCONFIN
    NOBULLY           -0.029      0.119     -0.246      0.805      0.295

  Direct
    FLIT
    NOBULLY            4.242      1.214      3.496      0.000      0.242


Effects from FLFAMILY to FLIT

  Total                3.513      1.389      2.529      0.011      0.349
  Total indirect       1.893      0.365      5.193      0.000      0.464

  Specific indirect 1
    FLIT
    FCFMLRTY
    FLFAMILY           0.910      0.221      4.114      0.000      0.276

  Specific indirect 2
    FLIT
    FLCONFIN
    FLFAMILY           0.983      0.298      3.303      0.001      0.555

  Direct
    FLIT
    FLFAMILY           1.619      1.359      1.192      0.233      0.350


BETWEEN

Effects from FLSCHOOL to FLIT

  Total                0.000      0.000    999.000      0.000      0.167
  Total indirect       0.000      0.000    999.000      0.000      0.167


Effects from NOBULLY to FLIT

  Total                0.000      0.000    999.000      0.000      0.167
  Total indirect       0.000      0.000    999.000      0.000      0.167


Effects from FLFAMILY to FLIT

  Total                0.000      0.000    999.000      0.000      0.167
  Total indirect       0.000      0.000    999.000      0.000      0.167



STANDARDIZED TOTAL, TOTAL INDIRECT, SPECIFIC INDIRECT, AND DIRECT EFFECTS


STDYX Standardization

                                                    Two-Tailed   Rate of
                    Estimate       S.E.  Est./S.E.    P-Value    Missing

WITHIN

Effects from FLSCHOOL to FLIT

  Total               -0.023      0.021     -1.050      0.294      0.377
  Total indirect       0.042      0.007      6.044      0.000      0.395

  Specific indirect 1
    FLIT
    FCFMLRTY
    FLSCHOOL           0.027      0.006      4.825      0.000      0.406

  Specific indirect 2
    FLIT
    FLCONFIN
    FLSCHOOL           0.014      0.005      3.128      0.002      0.492

  Direct
    FLIT
    FLSCHOOL          -0.064      0.023     -2.754      0.006      0.492


Effects from NOBULLY to FLIT

  Total                0.068      0.019      3.682      0.000      0.260
  Total indirect       0.004      0.003      1.298      0.194      0.229

  Specific indirect 1
    FLIT
    FCFMLRTY
    NOBULLY            0.005      0.003      1.860      0.063      0.297

  Specific indirect 2
    FLIT
    FLCONFIN
    NOBULLY            0.000      0.002     -0.245      0.806      0.294

  Direct
    FLIT
    NOBULLY            0.064      0.018      3.499      0.000      0.246


Effects from FLFAMILY to FLIT

  Total                0.052      0.020      2.538      0.011      0.347
  Total indirect       0.028      0.005      5.271      0.000      0.468

  Specific indirect 1
    FLIT
    FCFMLRTY
    FLFAMILY           0.013      0.003      4.141      0.000      0.271

  Specific indirect 2
    FLIT
    FLCONFIN
    FLFAMILY           0.015      0.004      3.328      0.001      0.561

  Direct
    FLIT
    FLFAMILY           0.024      0.020      1.193      0.233      0.349


BETWEEN

Effects from FLSCHOOL to FLIT

  Total                0.000      0.000      0.000      1.000      0.167
  Total indirect       0.000      0.000      0.000      1.000      0.167


Effects from NOBULLY to FLIT

  Total                0.000      0.000      0.000      1.000      0.167
  Total indirect       0.000      0.000      0.000      1.000      0.167


Effects from FLFAMILY to FLIT

  Total                0.000      0.000      0.000      1.000      0.167
  Total indirect       0.000      0.000      0.000      1.000      0.167




TECHNICAL 1 OUTPUT


     PARAMETER SPECIFICATION FOR WITHIN


           NU
              FLIT          FLSCHOOL      NOBULLY       FLFAMILY      FCFMLRTY
              ________      ________      ________      ________      ________
                    0             0             0             0             0


           NU
              FLCONFIN      ESCS          MALE          IMMI1GEN      IMMI2GEN
              ________      ________      ________      ________      ________
                    0             0             0             0             0


           LAMBDA
              FLIT          FLSCHOOL      NOBULLY       FLFAMILY      FCFMLRTY
              ________      ________      ________      ________      ________
 FLIT               0             0             0             0             0
 FLSCHOOL           0             0             0             0             0
 NOBULLY            0             0             0             0             0
 FLFAMILY           0             0             0             0             0
 FCFMLRTY           0             0             0             0             0
 FLCONFIN           0             0             0             0             0
 ESCS               0             0             0             0             0
 MALE               0             0             0             0             0
 IMMI1GEN           0             0             0             0             0
 IMMI2GEN           0             0             0             0             0


           LAMBDA
              FLCONFIN      ESCS          MALE          IMMI1GEN      IMMI2GEN
              ________      ________      ________      ________      ________
 FLIT               0             0             0             0             0
 FLSCHOOL           0             0             0             0             0
 NOBULLY            0             0             0             0             0
 FLFAMILY           0             0             0             0             0
 FCFMLRTY           0             0             0             0             0
 FLCONFIN           0             0             0             0             0
 ESCS               0             0             0             0             0
 MALE               0             0             0             0             0
 IMMI1GEN           0             0             0             0             0
 IMMI2GEN           0             0             0             0             0


           THETA
              FLIT          FLSCHOOL      NOBULLY       FLFAMILY      FCFMLRTY
              ________      ________      ________      ________      ________
 FLIT               0
 FLSCHOOL           0             0
 NOBULLY            0             0             0
 FLFAMILY           0             0             0             0
 FCFMLRTY           0             0             0             0             0
 FLCONFIN           0             0             0             0             0
 ESCS               0             0             0             0             0
 MALE               0             0             0             0             0
 IMMI1GEN           0             0             0             0             0
 IMMI2GEN           0             0             0             0             0


           THETA
              FLCONFIN      ESCS          MALE          IMMI1GEN      IMMI2GEN
              ________      ________      ________      ________      ________
 FLCONFIN           0
 ESCS               0             0
 MALE               0             0             0
 IMMI1GEN           0             0             0             0
 IMMI2GEN           0             0             0             0             0


           ALPHA
              FLIT          FLSCHOOL      NOBULLY       FLFAMILY      FCFMLRTY
              ________      ________      ________      ________      ________
                    0             0             0             0             1


           ALPHA
              FLCONFIN      ESCS          MALE          IMMI1GEN      IMMI2GEN
              ________      ________      ________      ________      ________
                    2             3             0             0             0


           BETA
              FLIT          FLSCHOOL      NOBULLY       FLFAMILY      FCFMLRTY
              ________      ________      ________      ________      ________
 FLIT               0             4             5             6             7
 FLSCHOOL           0             0             0             0             0
 NOBULLY            0             0             0             0             0
 FLFAMILY           0             0             0             0             0
 FCFMLRTY           0            13            14            15             0
 FLCONFIN           0            16            17            18             0
 ESCS               0             0             0             0             0
 MALE               0             0             0             0             0
 IMMI1GEN           0             0             0             0             0
 IMMI2GEN           0             0             0             0             0


           BETA
              FLCONFIN      ESCS          MALE          IMMI1GEN      IMMI2GEN
              ________      ________      ________      ________      ________
 FLIT               8             9            10            11            12
 FLSCHOOL           0             0             0             0             0
 NOBULLY            0             0             0             0             0
 FLFAMILY           0             0             0             0             0
 FCFMLRTY           0             0             0             0             0
 FLCONFIN           0             0             0             0             0
 ESCS               0             0             0             0             0
 MALE               0             0             0             0             0
 IMMI1GEN           0             0             0             0             0
 IMMI2GEN           0             0             0             0             0


           PSI
              FLIT          FLSCHOOL      NOBULLY       FLFAMILY      FCFMLRTY
              ________      ________      ________      ________      ________
 FLIT              19
 FLSCHOOL           0            20
 NOBULLY            0            21            22
 FLFAMILY           0            23            24            25
 FCFMLRTY           0             0             0             0            26
 FLCONFIN           0             0             0             0            27
 ESCS               0             0             0            29             0
 MALE               0             0             0             0             0
 IMMI1GEN           0             0             0             0             0
 IMMI2GEN           0             0             0             0             0


           PSI
              FLCONFIN      ESCS          MALE          IMMI1GEN      IMMI2GEN
              ________      ________      ________      ________      ________
 FLCONFIN          28
 ESCS               0            30
 MALE               0             0             0
 IMMI1GEN           0             0             0             0
 IMMI2GEN           0             0             0             0             0


     PARAMETER SPECIFICATION FOR BETWEEN


           NU
              EDUSHORT      STRATIO       FLIT          FLSCHOOL      NOBULLY
              ________      ________      ________      ________      ________
                    0             0             0             0             0


           NU
              FLFAMILY
              ________
                    0


           LAMBDA
              EDUSHORT      STRATIO       FLIT          FLSCHOOL      NOBULLY
              ________      ________      ________      ________      ________
 EDUSHORT           0             0             0             0             0
 STRATIO            0             0             0             0             0
 FLIT               0             0             0             0             0
 FLSCHOOL           0             0             0             0             0
 NOBULLY            0             0             0             0             0
 FLFAMILY           0             0             0             0             0


           LAMBDA
              FLFAMILY
              ________
 EDUSHORT           0
 STRATIO            0
 FLIT               0
 FLSCHOOL           0
 NOBULLY            0
 FLFAMILY           0


           THETA
              EDUSHORT      STRATIO       FLIT          FLSCHOOL      NOBULLY
              ________      ________      ________      ________      ________
 EDUSHORT           0
 STRATIO            0             0
 FLIT               0             0             0
 FLSCHOOL           0             0             0             0
 NOBULLY            0             0             0             0             0
 FLFAMILY           0             0             0             0             0


           THETA
              FLFAMILY
              ________
 FLFAMILY           0


           ALPHA
              EDUSHORT      STRATIO       FLIT          FLSCHOOL      NOBULLY
              ________      ________      ________      ________      ________
                   31            32            33            34            35


           ALPHA
              FLFAMILY
              ________
                   36


           BETA
              EDUSHORT      STRATIO       FLIT          FLSCHOOL      NOBULLY
              ________      ________      ________      ________      ________
 EDUSHORT           0             0             0             0             0
 STRATIO            0             0             0             0             0
 FLIT               0             0             0             0             0
 FLSCHOOL           0             0             0             0             0
 NOBULLY            0             0             0             0             0
 FLFAMILY           0             0             0             0             0


           BETA
              FLFAMILY
              ________
 EDUSHORT           0
 STRATIO            0
 FLIT               0
 FLSCHOOL           0
 NOBULLY            0
 FLFAMILY           0


           PSI
              EDUSHORT      STRATIO       FLIT          FLSCHOOL      NOBULLY
              ________      ________      ________      ________      ________
 EDUSHORT          37
 STRATIO           38            39
 FLIT              40            41            42
 FLSCHOOL          43            44            45            46
 NOBULLY           47            48            49            50            51
 FLFAMILY          52            53            54            55            56


           PSI
              FLFAMILY
              ________
 FLFAMILY          57


     STARTING VALUES FOR WITHIN


           NU
              FLIT          FLSCHOOL      NOBULLY       FLFAMILY      FCFMLRTY
              ________      ________      ________      ________      ________
                0.000         0.000         0.000         0.000         0.000


           NU
              FLCONFIN      ESCS          MALE          IMMI1GEN      IMMI2GEN
              ________      ________      ________      ________      ________
                0.000         0.000         0.000         0.000         0.000


           LAMBDA
              FLIT          FLSCHOOL      NOBULLY       FLFAMILY      FCFMLRTY
              ________      ________      ________      ________      ________
 FLIT           1.000         0.000         0.000         0.000         0.000
 FLSCHOOL       0.000         1.000         0.000         0.000         0.000
 NOBULLY        0.000         0.000         1.000         0.000         0.000
 FLFAMILY       0.000         0.000         0.000         1.000         0.000
 FCFMLRTY       0.000         0.000         0.000         0.000         1.000
 FLCONFIN       0.000         0.000         0.000         0.000         0.000
 ESCS           0.000         0.000         0.000         0.000         0.000
 MALE           0.000         0.000         0.000         0.000         0.000
 IMMI1GEN       0.000         0.000         0.000         0.000         0.000
 IMMI2GEN       0.000         0.000         0.000         0.000         0.000


           LAMBDA
              FLCONFIN      ESCS          MALE          IMMI1GEN      IMMI2GEN
              ________      ________      ________      ________      ________
 FLIT           0.000         0.000         0.000         0.000         0.000
 FLSCHOOL       0.000         0.000         0.000         0.000         0.000
 NOBULLY        0.000         0.000         0.000         0.000         0.000
 FLFAMILY       0.000         0.000         0.000         0.000         0.000
 FCFMLRTY       0.000         0.000         0.000         0.000         0.000
 FLCONFIN       1.000         0.000         0.000         0.000         0.000
 ESCS           0.000         1.000         0.000         0.000         0.000
 MALE           0.000         0.000         1.000         0.000         0.000
 IMMI1GEN       0.000         0.000         0.000         1.000         0.000
 IMMI2GEN       0.000         0.000         0.000         0.000         1.000


           THETA
              FLIT          FLSCHOOL      NOBULLY       FLFAMILY      FCFMLRTY
              ________      ________      ________      ________      ________
 FLIT           0.000
 FLSCHOOL       0.000         0.000
 NOBULLY        0.000         0.000         0.000
 FLFAMILY       0.000         0.000         0.000         0.000
 FCFMLRTY       0.000         0.000         0.000         0.000         0.000
 FLCONFIN       0.000         0.000         0.000         0.000         0.000
 ESCS           0.000         0.000         0.000         0.000         0.000
 MALE           0.000         0.000         0.000         0.000         0.000
 IMMI1GEN       0.000         0.000         0.000         0.000         0.000
 IMMI2GEN       0.000         0.000         0.000         0.000         0.000


           THETA
              FLCONFIN      ESCS          MALE          IMMI1GEN      IMMI2GEN
              ________      ________      ________      ________      ________
 FLCONFIN       0.000
 ESCS           0.000         0.000
 MALE           0.000         0.000         0.000
 IMMI1GEN       0.000         0.000         0.000         0.000
 IMMI2GEN       0.000         0.000         0.000         0.000         0.000


           ALPHA
              FLIT          FLSCHOOL      NOBULLY       FLFAMILY      FCFMLRTY
              ________      ________      ________      ________      ________
                0.000         0.000         0.000         0.000         5.209


           ALPHA
              FLCONFIN      ESCS          MALE          IMMI1GEN      IMMI2GEN
              ________      ________      ________      ________      ________
               -0.085        -0.238         0.000         0.000         0.000


           BETA
              FLIT          FLSCHOOL      NOBULLY       FLFAMILY      FCFMLRTY
              ________      ________      ________      ________      ________
 FLIT           0.000         0.000         0.000         0.000         0.000
 FLSCHOOL       0.000         0.000         0.000         0.000         0.000
 NOBULLY        0.000         0.000         0.000         0.000         0.000
 FLFAMILY       0.000         0.000         0.000         0.000         0.000
 FCFMLRTY       0.000         0.000         0.000         0.000         0.000
 FLCONFIN       0.000         0.000         0.000         0.000         0.000
 ESCS           0.000         0.000         0.000         0.000         0.000
 MALE           0.000         0.000         0.000         0.000         0.000
 IMMI1GEN       0.000         0.000         0.000         0.000         0.000
 IMMI2GEN       0.000         0.000         0.000         0.000         0.000


           BETA
              FLCONFIN      ESCS          MALE          IMMI1GEN      IMMI2GEN
              ________      ________      ________      ________      ________
 FLIT           0.000         0.000         0.000         0.000         0.000
 FLSCHOOL       0.000         0.000         0.000         0.000         0.000
 NOBULLY        0.000         0.000         0.000         0.000         0.000
 FLFAMILY       0.000         0.000         0.000         0.000         0.000
 FCFMLRTY       0.000         0.000         0.000         0.000         0.000
 FLCONFIN       0.000         0.000         0.000         0.000         0.000
 ESCS           0.000         0.000         0.000         0.000         0.000
 MALE           0.000         0.000         0.000         0.000         0.000
 IMMI1GEN       0.000         0.000         0.000         0.000         0.000
 IMMI2GEN       0.000         0.000         0.000         0.000         0.000


           PSI
              FLIT          FLSCHOOL      NOBULLY       FLFAMILY      FCFMLRTY
              ________      ________      ________      ________      ________
 FLIT        5126.083
 FLSCHOOL       0.000         0.533
 NOBULLY        0.000         0.000         0.649
 FLFAMILY       0.000         0.000         0.000         0.625
 FCFMLRTY       0.000         0.000         0.000         0.000        16.900
 FLCONFIN       0.000         0.000         0.000         0.000         0.000
 ESCS           0.000         0.000         0.000         0.000         0.000
 MALE           0.000         0.000         0.000         0.000         0.000
 IMMI1GEN       0.000         0.000         0.000         0.000         0.000
 IMMI2GEN       0.000         0.000         0.000         0.000         0.000


           PSI
              FLCONFIN      ESCS          MALE          IMMI1GEN      IMMI2GEN
              ________      ________      ________      ________      ________
 FLCONFIN       0.560
 ESCS           0.000         0.507
 MALE           0.000         0.000         0.125
 IMMI1GEN       0.000         0.000         0.000         0.003
 IMMI2GEN       0.000         0.000         0.000         0.000         0.004


     STARTING VALUES FOR BETWEEN


           NU
              EDUSHORT      STRATIO       FLIT          FLSCHOOL      NOBULLY
              ________      ________      ________      ________      ________
                0.000         0.000         0.000         0.000         0.000


           NU
              FLFAMILY
              ________
                0.000


           LAMBDA
              EDUSHORT      STRATIO       FLIT          FLSCHOOL      NOBULLY
              ________      ________      ________      ________      ________
 EDUSHORT       1.000         0.000         0.000         0.000         0.000
 STRATIO        0.000         1.000         0.000         0.000         0.000
 FLIT           0.000         0.000         1.000         0.000         0.000
 FLSCHOOL       0.000         0.000         0.000         1.000         0.000
 NOBULLY        0.000         0.000         0.000         0.000         1.000
 FLFAMILY       0.000         0.000         0.000         0.000         0.000


           LAMBDA
              FLFAMILY
              ________
 EDUSHORT       0.000
 STRATIO        0.000
 FLIT           0.000
 FLSCHOOL       0.000
 NOBULLY        0.000
 FLFAMILY       1.000


           THETA
              EDUSHORT      STRATIO       FLIT          FLSCHOOL      NOBULLY
              ________      ________      ________      ________      ________
 EDUSHORT       0.000
 STRATIO        0.000         0.000
 FLIT           0.000         0.000         0.000
 FLSCHOOL       0.000         0.000         0.000         0.000
 NOBULLY        0.000         0.000         0.000         0.000         0.000
 FLFAMILY       0.000         0.000         0.000         0.000         0.000


           THETA
              FLFAMILY
              ________
 FLFAMILY       0.000


           ALPHA
              EDUSHORT      STRATIO       FLIT          FLSCHOOL      NOBULLY
              ________      ________      ________      ________      ________
               -0.341        12.595       433.164        -0.181        -0.155


           ALPHA
              FLFAMILY
              ________
                0.249


           BETA
              EDUSHORT      STRATIO       FLIT          FLSCHOOL      NOBULLY
              ________      ________      ________      ________      ________
 EDUSHORT       0.000         0.000         0.000         0.000         0.000
 STRATIO        0.000         0.000         0.000         0.000         0.000
 FLIT           0.000         0.000         0.000         0.000         0.000
 FLSCHOOL       0.000         0.000         0.000         0.000         0.000
 NOBULLY        0.000         0.000         0.000         0.000         0.000
 FLFAMILY       0.000         0.000         0.000         0.000         0.000


           BETA
              FLFAMILY
              ________
 EDUSHORT       0.000
 STRATIO        0.000
 FLIT           0.000
 FLSCHOOL       0.000
 NOBULLY        0.000
 FLFAMILY       0.000


           PSI
              EDUSHORT      STRATIO       FLIT          FLSCHOOL      NOBULLY
              ________      ________      ________      ________      ________
 EDUSHORT       0.410
 STRATIO        0.000         8.285
 FLIT           0.000         0.000      5126.083
 FLSCHOOL       0.000         0.000         0.000         0.533
 NOBULLY        0.000         0.000         0.000         0.000         0.649
 FLFAMILY       0.000         0.000         0.000         0.000         0.000


           PSI
              FLFAMILY
              ________
 FLFAMILY       0.625


     Beginning Time:  19:20:19
        Ending Time:  19:24:36
       Elapsed Time:  00:04:17



MUTHEN & MUTHEN
3463 Stoner Ave.
Los Angeles, CA  90066

Tel: (310) 391-9971
Fax: (310) 391-8971
Web: www.StatModel.com
Support: Support@StatModel.com

Copyright (c) 1998-2019 Muthen & Muthen
