Mplus VERSION 8.5 (Linux)
MUTHEN & MUTHEN
03/11/2021   6:05 PM

INPUT INSTRUCTIONS


  TITLE:
      Two-level saturated model 643

  DATA:
      file = "~/implist.dat";

      type = imputation;


  VARIABLE:
      names =
          FKI CNTRYID CNTSCHID W_STU
          MATH READ FLIT                      ! PISA achievement variables
          MALE IMMI1GEN IMMI2GEN ESCS         ! Demographic info
          FCFMLRTY FLCONFIN                   ! Affect
          FLSCHOOL                            !   Lat var "Academic"
          NOBULLY                             !   Lat var "Safety"
          FLFAMILY                            !   Lat var "Community"
          W_SCH STRATIO                       ! School character
          EDUSHORT                            !   Lat var "inst. env."
          ;

      useobs = CNTRYID eq 643;          ! Pull out one country at a time

      usevar =
          FLIT                                ! PISA achievement variables
          FLSCHOOL                            !   Lat var "Academic"
          NOBULLY                             !   Lat var "Safety"
          FLFAMILY                            !   Lat var "Community"
          EDUSHORT STRATIO                    !   Lat var "Inst env"
          FCFMLRTY FLCONFIN                   ! Affect
          MALE IMMI1GEN IMMI2GEN ESCS         ! Demographic info
          ;

      ! Vars that ONLY appear in L1
      within =
          FCFMLRTY FLCONFIN                   ! Affective vars
          MALE IMMI1GEN IMMI2GEN ESCS         ! L1 control vars
          ;

      ! Vars that ONLY appear in L2
      between =
          EDUSHORT STRATIO                    ! L2: school
          ;

      weight = W_STU;                         ! Student weight
      wtscale = cluster;                      ! Scale L1 weight to cluster size
      bweight = W_SCH;                        ! School weight
      bwtscale = sample;                      ! Scale L2 weight to sample

      cluster = CNTSCHID;                     ! Cluster by school ID


  ANALYSIS:
      processors = 8;

      type = twolevel;


  MODEL:

  %Within%                                    ! === L1: Student-level ===

      ! Indirect pathways (1st half): school climate vars onto mediators
          ! Onto mediator FAMILIARITY
      FCFMLRTY on FLSCHOOL FLFAMILY NOBULLY ESCS IMMI2GEN MALE;
          ! Onto mediator CONFIDENCE
      FLCONFIN on FLSCHOOL FLFAMILY NOBULLY ESCS IMMI2GEN MALE;

      ! Total effect
      FLIT on
          ! Indirect pathways (2nd half): affective vars onto financial literacy
          FCFMLRTY FLCONFIN
          ! Direct pathways: school climate vars onto financial literacy
          FLSCHOOL FLFAMILY NOBULLY
          ! Dmographic vars
          ESCS IMMI1GEN
          ;

      ! Covariances
          ! Between school climate vars
      FLSCHOOL with FLFAMILY;
      FLFAMILY with NOBULLY;
      FLSCHOOL with NOBULLY;
          ! Between mediators
      FCFMLRTY with FLCONFIN;

          ! SES with school climate vars
      ESCS with FLSCHOOL FLFAMILY;
          ! SES with demographic vars
      ESCS with IMMI1GEN IMMI2GEN;

  %Between%                                   ! === L2: School-level ===

      FLIT-STRATIO WITH FLIT-STRATIO;


  MODEL INDIRECT:

      ! Indirect effects
      FLIT ind FLSCHOOL;
      FLIT ind FLFAMILY;
      FLIT ind NOBULLY;

      FLIT ind ESCS;
      FLIT ind IMMI2GEN;
      FLIT ind MALE;


  OUTPUT:
      stdyx                                   ! Fully standardised solution
      ;



*** WARNING in MODEL command
  In the MODEL command, the following variable is a y-variable on the BETWEEN
  level and an x-variable on the WITHIN level.  This variable will be treated
  as a y-variable on both levels:  FLSCHOOL
*** WARNING in MODEL command
  In the MODEL command, the following variable is a y-variable on the BETWEEN
  level and an x-variable on the WITHIN level.  This variable will be treated
  as a y-variable on both levels:  NOBULLY
*** WARNING in MODEL command
  In the MODEL command, the following variable is a y-variable on the BETWEEN
  level and an x-variable on the WITHIN level.  This variable will be treated
  as a y-variable on both levels:  FLFAMILY
   3 WARNING(S) FOUND IN THE INPUT INSTRUCTIONS




Two-level saturated model 643

SUMMARY OF ANALYSIS

Number of groups                                                 1
Average number of observations                                9124

Number of replications
    Requested                                                   10
    Completed                                                   10

Number of dependent variables                                    8
Number of independent variables                                  4
Number of continuous latent variables                            0

Observed dependent variables

  Continuous
   EDUSHORT    STRATIO     FLIT        FLSCHOOL    NOBULLY     FLFAMILY
   FCFMLRTY    FLCONFIN

Observed independent variables
   MALE        IMMI1GEN    IMMI2GEN    ESCS

Variables with special functions

  Cluster variable      CNTSCHID
  Weight variable (cluster-size scaling)
    W_STU
  Between weight variable (sample-size scaling)
    W_SCH

  Within variables
   FCFMLRTY    FLCONFIN    MALE        IMMI1GEN    IMMI2GEN    ESCS

  Between variables
   EDUSHORT    STRATIO


Estimator                                                      MLR
Information matrix                                        OBSERVED
Maximum number of iterations                                   100
Convergence criterion                                    0.100D-05
Maximum number of EM iterations                                500
Convergence criteria for the EM algorithm
  Loglikelihood change                                   0.100D-02
  Relative loglikelihood change                          0.100D-05
  Derivative                                             0.100D-03
Minimum variance                                         0.100D-03
Maximum number of steepest descent iterations                   20
Maximum number of iterations for H1                           2000
Convergence criterion for H1                             0.100D-03
Optimization algorithm                                         EMA

Input data file(s)
  Multiple data files from
    ~/implist.dat
Input data format  FREE


SUMMARY OF DATA FOR THE FIRST DATA SET

     Number of clusters                        558

     Average cluster size       16.351

     Estimated Intraclass Correlations for the Y Variables

                Intraclass              Intraclass              Intraclass
     Variable  Correlation   Variable  Correlation   Variable  Correlation

     FLIT         0.191      FLSCHOOL     0.034      NOBULLY      0.012
     FLFAMILY     0.012      FCFMLRTY     0.000      FLCONFIN     0.000
     IMMI1GEN     0.000      IMMI2GEN     0.000      ESCS         0.000



SAMPLE STATISTICS

NOTE:  The sample statistics for within and between refer to the
       maximum-likelihood estimated within and between covariance
       matrices, respectively.

NOTE:  These are average results over 10 data sets.


     ESTIMATED SAMPLE STATISTICS FOR WITHIN


           Means
              EDUSHORT      STRATIO       FLIT          FLSCHOOL      NOBULLY
              ________      ________      ________      ________      ________
                0.000         0.000         0.000         0.000         0.000


           Means
              FLFAMILY      FCFMLRTY      FLCONFIN      IMMI1GEN      IMMI2GEN
              ________      ________      ________      ________      ________
                0.000         8.641         0.141         0.026         0.036


           Means
              ESCS          MALE
              ________      ________
                0.199         0.502


           Covariances
              EDUSHORT      STRATIO       FLIT          FLSCHOOL      NOBULLY
              ________      ________      ________      ________      ________
 EDUSHORT       0.000
 STRATIO        0.000         0.000
 FLIT           0.000         0.000      5701.552
 FLSCHOOL       0.000         0.000         5.333         1.015
 NOBULLY        0.000         0.000         3.195        -0.006         1.185
 FLFAMILY       0.000         0.000         0.709         0.244        -0.007
 FCFMLRTY       0.000         0.000        98.478         1.501         0.324
 FLCONFIN       0.000         0.000        12.013         0.173         0.045
 IMMI1GEN       0.000         0.000        -0.444        -0.001         0.001
 IMMI2GEN       0.000         0.000         0.491        -0.003         0.002
 ESCS           0.000         0.000        11.181         0.051         0.019
 MALE           0.000         0.000         1.305         0.018        -0.049


           Covariances
              FLFAMILY      FCFMLRTY      FLCONFIN      IMMI1GEN      IMMI2GEN
              ________      ________      ________      ________      ________
 FLFAMILY       1.140
 FCFMLRTY       0.954        34.468
 FLCONFIN       0.160         1.344         0.951
 IMMI1GEN       0.003        -0.016        -0.003         0.025
 IMMI2GEN       0.000        -0.005         0.003        -0.001         0.034
 ESCS           0.038         0.760         0.091        -0.006        -0.001
 MALE          -0.019         0.051         0.045        -0.002        -0.002


           Covariances
              ESCS          MALE
              ________      ________
 ESCS           0.530
 MALE           0.006         0.250


           Correlations
              EDUSHORT      STRATIO       FLIT          FLSCHOOL      NOBULLY
              ________      ________      ________      ________      ________
 EDUSHORT       0.000
 STRATIO        0.000         0.000
 FLIT           0.000         0.000         1.000
 FLSCHOOL       0.000         0.000         0.070         1.000
 NOBULLY        0.000         0.000         0.039        -0.005         1.000
 FLFAMILY       0.000         0.000         0.009         0.226        -0.006
 FCFMLRTY       0.000         0.000         0.222         0.254         0.051
 FLCONFIN       0.000         0.000         0.163         0.176         0.043
 IMMI1GEN       0.000         0.000        -0.037        -0.003         0.005
 IMMI2GEN       0.000         0.000         0.035        -0.016         0.008
 ESCS           0.000         0.000         0.203         0.069         0.024
 MALE           0.000         0.000         0.035         0.036        -0.090


           Correlations
              FLFAMILY      FCFMLRTY      FLCONFIN      IMMI1GEN      IMMI2GEN
              ________      ________      ________      ________      ________
 FLFAMILY       1.000
 FCFMLRTY       0.152         1.000
 FLCONFIN       0.154         0.235         1.000
 IMMI1GEN       0.015        -0.017        -0.019         1.000
 IMMI2GEN      -0.001        -0.004         0.017        -0.030         1.000
 ESCS           0.049         0.178         0.129        -0.050        -0.005
 MALE          -0.036         0.017         0.092        -0.021        -0.019


           Correlations
              ESCS          MALE
              ________      ________
 ESCS           1.000
 MALE           0.018         1.000


     ESTIMATED SAMPLE STATISTICS FOR BETWEEN


           Means
              EDUSHORT      STRATIO       FLIT          FLSCHOOL      NOBULLY
              ________      ________      ________      ________      ________
                0.300        15.858       496.955         0.366        -0.272


           Means
              FLFAMILY      FCFMLRTY      FLCONFIN      IMMI1GEN      IMMI2GEN
              ________      ________      ________      ________      ________
                0.111         0.000         0.000         0.000         0.000


           Means
              ESCS          MALE
              ________      ________
                0.000         0.000


           Covariances
              EDUSHORT      STRATIO       FLIT          FLSCHOOL      NOBULLY
              ________      ________      ________      ________      ________
 EDUSHORT       1.399
 STRATIO       -0.318        44.617
 FLIT         -11.993        -3.154      1427.260
 FLSCHOOL       0.019        -0.084        -2.174         0.032
 NOBULLY        0.009        -0.100         0.827         0.003         0.010
 FLFAMILY      -0.010        -0.065         0.032         0.013         0.003
 FCFMLRTY       0.000         0.000         0.000         0.000         0.000
 FLCONFIN       0.000         0.000         0.000         0.000         0.000
 IMMI1GEN       0.000         0.000         0.000         0.000         0.000
 IMMI2GEN       0.000         0.000         0.000         0.000         0.000
 ESCS           0.000         0.000         0.000         0.000         0.000
 MALE           0.000         0.000         0.000         0.000         0.000


           Covariances
              FLFAMILY      FCFMLRTY      FLCONFIN      IMMI1GEN      IMMI2GEN
              ________      ________      ________      ________      ________
 FLFAMILY       0.014
 FCFMLRTY       0.000         0.000
 FLCONFIN       0.000         0.000         0.000
 IMMI1GEN       0.000         0.000         0.000         0.000
 IMMI2GEN       0.000         0.000         0.000         0.000         0.000
 ESCS           0.000         0.000         0.000         0.000         0.000
 MALE           0.000         0.000         0.000         0.000         0.000


           Covariances
              ESCS          MALE
              ________      ________
 ESCS           0.000
 MALE           0.000         0.000


           Correlations
              EDUSHORT      STRATIO       FLIT          FLSCHOOL      NOBULLY
              ________      ________      ________      ________      ________
 EDUSHORT       1.000
 STRATIO       -0.040         1.000
 FLIT          -0.268        -0.013         1.000
 FLSCHOOL       0.090        -0.070        -0.321         1.000
 NOBULLY        0.078        -0.154         0.224         0.197         1.000
 FLFAMILY      -0.071        -0.081         0.007         0.610         0.245
 FCFMLRTY       0.000         0.000         0.000         0.000         0.000
 FLCONFIN       0.000         0.000         0.000         0.000         0.000
 IMMI1GEN       0.000         0.000         0.000         0.000         0.000
 IMMI2GEN       0.000         0.000         0.000         0.000         0.000
 ESCS           0.000         0.000         0.000         0.000         0.000
 MALE           0.000         0.000         0.000         0.000         0.000


           Correlations
              FLFAMILY      FCFMLRTY      FLCONFIN      IMMI1GEN      IMMI2GEN
              ________      ________      ________      ________      ________
 FLFAMILY       1.000
 FCFMLRTY       0.000         0.000
 FLCONFIN       0.000         0.000         0.000
 IMMI1GEN       0.000         0.000         0.000         0.000
 IMMI2GEN       0.000         0.000         0.000         0.000         0.000
 ESCS           0.000         0.000         0.000         0.000         0.000
 MALE           0.000         0.000         0.000         0.000         0.000


           Correlations
              ESCS          MALE
              ________      ________
 ESCS           0.000
 MALE           0.000         0.000




MODEL FIT INFORMATION

Number of Free Parameters                       68

Loglikelihood

    H0 Value

        Mean                           -139500.971
        Std Dev                            138.373
        Number of successful computations       10

             Proportions                   Percentiles
        Expected    Observed         Expected       Observed
           0.990       0.900      -139822.869    -139832.021
           0.980       0.900      -139785.148    -139832.021
           0.950       0.900      -139728.581    -139832.021
           0.900       0.900      -139678.310    -139832.021
           0.800       0.900      -139617.426    -139832.021
           0.700       0.800      -139573.534    -139521.955
           0.500       0.500      -139500.971    -139506.907
           0.300       0.200      -139428.408    -139443.699
           0.200       0.100      -139384.516    -139437.916
           0.100       0.100      -139323.632    -139399.658
           0.050       0.100      -139273.361    -139399.658
           0.020       0.000      -139216.794    -139399.658
           0.010       0.000      -139179.074    -139399.658

    H1 Value

        Mean                           -139424.920
        Std Dev                            137.076
        Number of successful computations       10

             Proportions                   Percentiles
        Expected    Observed         Expected       Observed
           0.990       0.900      -139743.801    -139748.185
           0.980       0.900      -139706.434    -139748.185
           0.950       0.900      -139650.397    -139748.185
           0.900       0.900      -139600.597    -139748.185
           0.800       0.900      -139540.283    -139748.185
           0.700       0.800      -139496.803    -139443.514
           0.500       0.500      -139424.920    -139432.995
           0.300       0.200      -139353.037    -139381.136
           0.200       0.100      -139309.557    -139354.694
           0.100       0.100      -139249.243    -139324.260
           0.050       0.100      -139199.443    -139324.260
           0.020       0.000      -139143.407    -139324.260
           0.010       0.000      -139106.040    -139324.260

Information Criteria

    Akaike (AIC)

        Mean                            279137.942
        Std Dev                            276.746
        Number of successful computations       10

             Proportions                   Percentiles
        Expected    Observed         Expected       Observed
           0.990       1.000       278494.148     278680.344
           0.980       1.000       278569.589     278680.344
           0.950       0.900       278682.723     278680.344
           0.900       0.900       278783.265     278680.344
           0.800       0.900       278905.033     278680.344
           0.700       0.800       278992.817     279011.833
           0.500       0.500       279137.942     279082.714
           0.300       0.200       279283.068     279173.654
           0.200       0.100       279370.852     279179.909
           0.100       0.100       279492.620     279342.401
           0.050       0.100       279593.162     279342.401
           0.020       0.100       279706.296     279342.401
           0.010       0.100       279781.737     279342.401

    Bayesian (BIC)

        Mean                            279622.012
        Std Dev                            276.746
        Number of successful computations       10

             Proportions                   Percentiles
        Expected    Observed         Expected       Observed
           0.990       1.000       278978.217     279164.413
           0.980       1.000       279053.658     279164.413
           0.950       0.900       279166.792     279164.413
           0.900       0.900       279267.334     279164.413
           0.800       0.900       279389.102     279164.413
           0.700       0.800       279476.886     279495.902
           0.500       0.500       279622.012     279566.783
           0.300       0.200       279767.137     279657.723
           0.200       0.100       279854.921     279663.979
           0.100       0.100       279976.689     279826.470
           0.050       0.100       280077.231     279826.470
           0.020       0.100       280190.365     279826.470
           0.010       0.100       280265.806     279826.470

    Sample-Size Adjusted BIC (n* = (n + 2) / 24)

        Mean                            279405.919
        Std Dev                            276.746
        Number of successful computations       10

             Proportions                   Percentiles
        Expected    Observed         Expected       Observed
           0.990       1.000       278762.124     278948.321
           0.980       1.000       278837.565     278948.321
           0.950       0.900       278950.699     278948.321
           0.900       0.900       279051.241     278948.321
           0.800       0.900       279173.009     278948.321
           0.700       0.800       279260.793     279279.809
           0.500       0.500       279405.919     279350.691
           0.300       0.200       279551.044     279441.630
           0.200       0.100       279638.828     279447.886
           0.100       0.100       279760.597     279610.377
           0.050       0.100       279861.139     279610.377
           0.020       0.100       279974.272     279610.377
           0.010       0.100       280049.713     279610.377

Chi-Square Test of Model Fit

        Degrees of freedom                      18

        Mean                                87.238
        Std Dev                              7.850
        Number of successful computations       10

             Proportions                   Percentiles
        Expected    Observed         Expected       Observed
           0.990       1.000            7.015         69.169
           0.980       1.000            7.906         69.169
           0.950       1.000            9.390         69.169
           0.900       1.000           10.865         69.169
           0.800       1.000           12.857         69.169
           0.700       1.000           14.440         84.494
           0.500       1.000           17.338         86.735
           0.300       1.000           20.601         90.154
           0.200       1.000           22.760         94.905
           0.100       1.000           25.989         95.923
           0.050       1.000           28.869         95.923
           0.020       1.000           32.346         95.923
           0.010       1.000           34.805         95.923

RMSEA (Root Mean Square Error Of Approximation)

        Mean                                 0.020
        Std Dev                              0.001
        Number of successful computations       10

        Cumulative Distribution Function
           Value    Function Value
           0.990       1.000
           0.980       1.000
           0.950       1.000
           0.900       1.000
           0.800       1.000
           0.700       1.000
           0.500       1.000
           0.300       1.000
           0.200       1.000
           0.100       1.000
           0.050       1.000
           0.020       0.200
           0.010       0.000

CFI/TLI

    CFI

        Mean                                 0.959
        Std Dev                              0.005
        Number of successful computations       10

        Cumulative Distribution Function
           Value    Function Value
           0.990       1.000
           0.980       1.000
           0.950       0.000
           0.900       0.000
           0.800       0.000
           0.700       0.000
           0.500       0.000
           0.300       0.000
           0.200       0.000
           0.100       0.000
           0.050       0.000
           0.020       0.000
           0.010       0.000

    TLI

        Mean                                 0.864
        Std Dev                              0.018
        Number of successful computations       10

        Cumulative Distribution Function
           Value    Function Value
           0.990       1.000
           0.980       1.000
           0.950       1.000
           0.900       0.900
           0.800       0.000
           0.700       0.000
           0.500       0.000
           0.300       0.000
           0.200       0.000
           0.100       0.000
           0.050       0.000
           0.020       0.000
           0.010       0.000

SRMR (Standardized Root Mean Square Residual) for the WITHIN level

        Mean                                 0.017
        Std Dev                              0.001
        Number of successful computations       10

        Cumulative Distribution Function
           Value    Function Value
           0.990       1.000
           0.980       1.000
           0.950       1.000
           0.900       1.000
           0.800       1.000
           0.700       1.000
           0.500       1.000
           0.300       1.000
           0.200       1.000
           0.100       1.000
           0.050       1.000
           0.020       1.000
           0.010       0.000

SRMR (Standardized Root Mean Square Residual) for the BETWEEN level

        Mean                                 0.034
        Std Dev                              0.011
        Number of successful computations       10

        Cumulative Distribution Function
           Value    Function Value
           0.990       1.000
           0.980       1.000
           0.950       1.000
           0.900       1.000
           0.800       1.000
           0.700       1.000
           0.500       1.000
           0.300       1.000
           0.200       1.000
           0.100       1.000
           0.050       0.900
           0.020       0.000
           0.010       0.000



MODEL RESULTS

                                                    Two-Tailed   Rate of
                    Estimate       S.E.  Est./S.E.    P-Value    Missing

Within Level

 FCFMLRTY   ON
    FLSCHOOL           1.289      0.092     14.030      0.000      0.083
    FLFAMILY           0.524      0.088      5.929      0.000      0.068
    NOBULLY            0.266      0.084      3.148      0.002      0.165
    ESCS               1.263      0.132      9.576      0.000      0.123
    IMMI2GEN          -0.002      0.434     -0.006      0.996      0.127
    MALE               0.169      0.169      1.004      0.316      0.071

 FLCONFIN   ON
    FLSCHOOL           0.134      0.017      7.772      0.000      0.152
    FLFAMILY           0.110      0.016      6.726      0.000      0.209
    NOBULLY            0.045      0.015      3.060      0.002      0.197
    ESCS               0.148      0.023      6.481      0.000      0.172
    IMMI2GEN           0.111      0.070      1.595      0.111      0.176
    MALE               0.184      0.030      6.195      0.000      0.133

 FLIT       ON
    FCFMLRTY           2.213      0.236      9.381      0.000      0.240
    FLCONFIN           8.228      1.534      5.364      0.000      0.445
    FLSCHOOL           0.489      1.374      0.356      0.722      0.248
    FLFAMILY          -3.017      1.104     -2.733      0.006      0.193
    NOBULLY            1.446      1.328      1.089      0.276      0.427
    ESCS              16.432      2.074      7.925      0.000      0.371
    IMMI1GEN         -11.484      7.540     -1.523      0.128      0.198

 FLSCHOOL WITH
    FLFAMILY           0.244      0.020     12.324      0.000      0.114
    NOBULLY           -0.008      0.018     -0.427      0.670      0.168
    ESCS               0.051      0.013      3.822      0.000      0.057

 FLFAMILY WITH
    NOBULLY           -0.009      0.021     -0.449      0.653      0.250
    ESCS               0.039      0.014      2.799      0.005      0.280

 FCFMLRTY WITH
    FLCONFIN           0.902      0.088     10.260      0.000      0.046

 ESCS     WITH
    IMMI1GEN          -0.006      0.002     -2.541      0.011      0.040
    IMMI2GEN          -0.001      0.003     -0.270      0.787      0.050

 Means
    IMMI1GEN           0.026      0.003      9.964      0.000      0.033
    IMMI2GEN           0.036      0.003     10.731      0.000      0.035
    ESCS               0.199      0.023      8.681      0.000      0.018

 Intercepts
    FCFMLRTY           8.305      0.146     56.877      0.000      0.039
    FLCONFIN           0.015      0.022      0.712      0.477      0.086

 Variances
    FLSCHOOL           1.015      0.024     42.650      0.000      0.130
    NOBULLY            1.186      0.029     41.072      0.000      0.121
    FLFAMILY           1.139      0.028     41.156      0.000      0.163
    IMMI1GEN           0.025      0.002     10.520      0.000      0.001
    IMMI2GEN           0.034      0.003     11.563      0.000      0.001
    ESCS               0.530      0.021     24.886      0.000      0.051

 Residual Variances
    FLIT            5186.715    146.795     35.333      0.000      0.416
    FCFMLRTY          30.975      0.638     48.567      0.000      0.138
    FLCONFIN           0.886      0.023     38.564      0.000      0.033

Between Level

 FLIT     WITH
    FLSCHOOL          -2.242      0.809     -2.770      0.006      0.101
    NOBULLY            1.249      0.824      1.517      0.129      0.243
    FLFAMILY           0.053      0.800      0.066      0.947      0.125
    EDUSHORT         -12.164      3.048     -3.991      0.000      0.029
    STRATIO           -2.904     18.202     -0.160      0.873      0.156

 FLSCHOOL WITH
    NOBULLY            0.003      0.005      0.594      0.552      0.130
    FLFAMILY           0.013      0.005      2.506      0.012      0.123
    EDUSHORT           0.019      0.020      0.967      0.333      0.077
    STRATIO           -0.083      0.109     -0.763      0.445      0.277

 NOBULLY  WITH
    FLFAMILY           0.004      0.005      0.673      0.501      0.068
    EDUSHORT           0.007      0.022      0.308      0.758      0.161
    STRATIO           -0.093      0.106     -0.878      0.380      0.177

 FLFAMILY WITH
    EDUSHORT          -0.009      0.022     -0.423      0.672      0.130
    STRATIO           -0.062      0.119     -0.519      0.604      0.195

 EDUSHORT WITH
    STRATIO           -0.318      0.454     -0.701      0.483      0.135

 Means
    EDUSHORT           0.300      0.075      3.988      0.000      0.028
    STRATIO           15.858      0.404     39.289      0.000      0.182
    FLIT             473.673      3.350    141.412      0.000      0.179
    FLSCHOOL           0.366      0.019     19.119      0.000      0.018
    NOBULLY           -0.273      0.020    -13.988      0.000      0.202
    FLFAMILY           0.111      0.019      5.843      0.000      0.115

 Variances
    EDUSHORT           1.399      0.102     13.672      0.000      0.051
    STRATIO           44.617      9.192      4.854      0.000      0.067
    FLIT            1430.805    196.579      7.279      0.000      0.144
    FLSCHOOL           0.032      0.009      3.750      0.000      0.085
    NOBULLY            0.009      0.007      1.288      0.198      0.214
    FLFAMILY           0.015      0.007      2.029      0.042      0.062


STANDARDIZED MODEL RESULTS


STDYX Standardization

                                                    Two-Tailed   Rate of
                    Estimate       S.E.  Est./S.E.    P-Value    Missing

Within Level

 FCFMLRTY   ON
    FLSCHOOL           0.221      0.016     14.066      0.000      0.087
    FLFAMILY           0.095      0.016      5.973      0.000      0.059
    NOBULLY            0.049      0.016      3.143      0.002      0.169
    ESCS               0.157      0.017      9.337      0.000      0.116
    IMMI2GEN           0.000      0.014     -0.006      0.996      0.126
    MALE               0.014      0.014      1.003      0.316      0.071

 FLCONFIN   ON
    FLSCHOOL           0.138      0.018      7.807      0.000      0.162
    FLFAMILY           0.121      0.018      6.797      0.000      0.196
    NOBULLY            0.050      0.016      3.086      0.002      0.198
    ESCS               0.111      0.017      6.405      0.000      0.176
    IMMI2GEN           0.021      0.013      1.588      0.112      0.174
    MALE               0.094      0.015      6.262      0.000      0.131

 FLIT       ON
    FCFMLRTY           0.172      0.018      9.702      0.000      0.243
    FLCONFIN           0.106      0.020      5.421      0.000      0.440
    FLSCHOOL           0.007      0.018      0.357      0.721      0.249
    FLFAMILY          -0.043      0.015     -2.774      0.006      0.177
    NOBULLY            0.021      0.019      1.089      0.276      0.426
    ESCS               0.158      0.019      8.493      0.000      0.369
    IMMI1GEN          -0.024      0.016     -1.527      0.127      0.204

 FLSCHOOL WITH
    FLFAMILY           0.227      0.018     12.670      0.000      0.153
    NOBULLY           -0.007      0.016     -0.427      0.670      0.168
    ESCS               0.070      0.018      3.838      0.000      0.062

 FLFAMILY WITH
    NOBULLY           -0.008      0.018     -0.449      0.653      0.250
    ESCS               0.050      0.018      2.816      0.005      0.284

 FCFMLRTY WITH
    FLCONFIN           0.172      0.016     10.507      0.000      0.052

 ESCS     WITH
    IMMI1GEN          -0.050      0.019     -2.590      0.010      0.042
    IMMI2GEN          -0.005      0.020     -0.269      0.788      0.050

 Means
    IMMI1GEN           0.164      0.009     18.129      0.000      0.106
    IMMI2GEN           0.192      0.010     19.014      0.000      0.124
    ESCS               0.273      0.034      8.149      0.000      0.020

 Intercepts
    FCFMLRTY           1.415      0.030     47.797      0.000      0.033
    FLCONFIN           0.016      0.022      0.710      0.477      0.087

 Variances
    FLSCHOOL           1.000      0.000  *********      0.000      0.000
    NOBULLY            1.000      0.000    999.000    999.000      0.000
    FLFAMILY           1.000      0.000  *********      0.000      0.000
    IMMI1GEN           1.000      0.000    999.000    999.000      0.000
    IMMI2GEN           1.000      0.000  *********      0.000      0.000
    ESCS               1.000      0.000  *********      0.000      0.000

 Residual Variances
    FLIT               0.911      0.011     83.869      0.000      0.359
    FCFMLRTY           0.899      0.009     96.547      0.000      0.140
    FLCONFIN           0.931      0.008    112.390      0.000      0.128

Between Level

 FLIT     WITH
    FLSCHOOL          -0.331      0.105     -3.160      0.002      0.082
    NOBULLY            0.360      0.260      1.383      0.167      0.160
    FLFAMILY           0.011      0.175      0.065      0.948      0.121
    EDUSHORT          -0.272      0.061     -4.430      0.000      0.038
    STRATIO           -0.011      0.072     -0.159      0.874      0.162

 FLSCHOOL WITH
    NOBULLY            0.180      0.309      0.583      0.560      0.102
    FLFAMILY           0.600      0.205      2.929      0.003      0.188
    EDUSHORT           0.092      0.094      0.980      0.327      0.077
    STRATIO           -0.070      0.089     -0.781      0.435      0.275

 NOBULLY  WITH
    FLFAMILY           0.328      0.488      0.673      0.501      0.101
    EDUSHORT           0.066      0.213      0.312      0.755      0.195
    STRATIO           -0.159      0.202     -0.788      0.431      0.208

 FLFAMILY WITH
    EDUSHORT          -0.065      0.153     -0.423      0.672      0.139
    STRATIO           -0.078      0.149     -0.522      0.601      0.194

 EDUSHORT WITH
    STRATIO           -0.040      0.057     -0.707      0.480      0.138

 Means
    EDUSHORT           0.254      0.063      4.034      0.000      0.033
    STRATIO            2.376      0.233     10.206      0.000      0.102
    FLIT              12.533      0.883     14.199      0.000      0.136
    FLSCHOOL           2.052      0.296      6.928      0.000      0.073
    NOBULLY           -3.032      1.557     -1.948      0.051      0.166
    FLFAMILY           0.922      0.277      3.333      0.001      0.094

 Variances
    EDUSHORT           1.000      0.000  *********      0.000      0.000
    STRATIO            1.000      0.000  *********      0.000      0.000
    FLIT               1.000      0.000  *********      0.000      0.000
    FLSCHOOL           1.000      0.000  *********      0.000      0.000
    NOBULLY            1.000      0.000  *********      0.000      0.000
    FLFAMILY           1.000      0.000  *********      0.000      0.000


R-SQUARE

Within Level

    Observed                                        Two-Tailed   Rate of
    Variable        Estimate       S.E.  Est./S.E.    P-Value    Missing

    FLIT               0.089      0.011      8.236      0.000      0.359
    FCFMLRTY           0.101      0.009     10.840      0.000      0.140
    FLCONFIN           0.069      0.008      8.298      0.000      0.128

Between Level


QUALITY OF NUMERICAL RESULTS

     Average Condition Number for the Information Matrix      0.191E-09
       (ratio of smallest to largest eigenvalue)


TOTAL, TOTAL INDIRECT, SPECIFIC INDIRECT, AND DIRECT EFFECTS


                                                    Two-Tailed   Rate of
                    Estimate       S.E.  Est./S.E.    P-Value    Missing

WITHIN

Effects from FLSCHOOL to FLIT

  Total                4.440      1.385      3.205      0.001      0.263
  Total indirect       3.951      0.453      8.728      0.000      0.254

  Specific indirect 1
    FLIT
    FCFMLRTY
    FLSCHOOL           2.853      0.365      7.809      0.000      0.212

  Specific indirect 2
    FLIT
    FLCONFIN
    FLSCHOOL           1.098      0.241      4.556      0.000      0.233

  Direct
    FLIT
    FLSCHOOL           0.489      1.374      0.356      0.722      0.248


Effects from FLFAMILY to FLIT

  Total               -0.949      1.069     -0.888      0.375      0.161
  Total indirect       2.068      0.340      6.085      0.000      0.257

  Specific indirect 1
    FLIT
    FCFMLRTY
    FLFAMILY           1.161      0.239      4.857      0.000      0.166

  Specific indirect 2
    FLIT
    FLCONFIN
    FLFAMILY           0.908      0.221      4.109      0.000      0.392

  Direct
    FLIT
    FLFAMILY          -3.017      1.104     -2.733      0.006      0.193


Effects from NOBULLY to FLIT

  Total                2.399      1.380      1.738      0.082      0.451
  Total indirect       0.953      0.260      3.662      0.000      0.226

  Specific indirect 1
    FLIT
    FCFMLRTY
    NOBULLY            0.587      0.192      3.051      0.002      0.143

  Specific indirect 2
    FLIT
    FLCONFIN
    NOBULLY            0.366      0.137      2.666      0.008      0.216

  Direct
    FLIT
    NOBULLY            1.446      1.328      1.089      0.276      0.427


Effects from ESCS to FLIT

  Total               20.450      2.098      9.749      0.000      0.369
  Total indirect       4.017      0.528      7.603      0.000      0.274

  Specific indirect 1
    FLIT
    FCFMLRTY
    ESCS               2.795      0.423      6.605      0.000      0.208

  Specific indirect 2
    FLIT
    FLCONFIN
    ESCS               1.222      0.294      4.153      0.000      0.363

  Direct
    FLIT
    ESCS              16.432      2.074      7.925      0.000      0.371


Effects from IMMI2GEN to FLIT

  Total                0.890      1.283      0.694      0.488      0.163
  Total indirect       0.890      1.283      0.694      0.488      0.163

  Specific indirect 1
    FLIT
    FCFMLRTY
    IMMI2GEN          -0.011      0.963     -0.012      0.990      0.131

  Specific indirect 2
    FLIT
    FLCONFIN
    IMMI2GEN           0.902      0.594      1.519      0.129      0.140


Effects from MALE to FLIT

  Total                1.889      0.562      3.358      0.001      0.179
  Total indirect       1.889      0.562      3.358      0.001      0.179

  Specific indirect 1
    FLIT
    FCFMLRTY
    MALE               0.375      0.381      0.985      0.325      0.070

  Specific indirect 2
    FLIT
    FLCONFIN
    MALE               1.513      0.373      4.056      0.000      0.327


BETWEEN

Effects from FLSCHOOL to FLIT

  Total                0.000      0.000    999.000      0.000      0.167
  Total indirect       0.000      0.000    999.000      0.000      0.167


Effects from FLFAMILY to FLIT

  Total                0.000      0.000    999.000      0.000      0.167
  Total indirect       0.000      0.000    999.000      0.000      0.167


Effects from NOBULLY to FLIT

  Total                0.000      0.000    999.000      0.000      0.167
  Total indirect       0.000      0.000    999.000      0.000      0.167


Effects from ESCS to FLIT

  Total                0.000      0.000    999.000      0.000      0.167
  Total indirect       0.000      0.000    999.000      0.000      0.167


Effects from IMMI2GEN to FLIT

  Total                0.000      0.000    999.000      0.000      0.167
  Total indirect       0.000      0.000    999.000      0.000      0.167


Effects from MALE to FLIT

  Total                0.000      0.000    999.000      0.000      0.167
  Total indirect       0.000      0.000    999.000      0.000      0.167



STANDARDIZED TOTAL, TOTAL INDIRECT, SPECIFIC INDIRECT, AND DIRECT EFFECTS


STDYX Standardization

                                                    Two-Tailed   Rate of
                    Estimate       S.E.  Est./S.E.    P-Value    Missing

WITHIN

Effects from FLSCHOOL to FLIT

  Total                0.059      0.018      3.212      0.001      0.272
  Total indirect       0.053      0.006      8.836      0.000      0.256

  Specific indirect 1
    FLIT
    FCFMLRTY
    FLSCHOOL           0.038      0.005      7.824      0.000      0.220

  Specific indirect 2
    FLIT
    FLCONFIN
    FLSCHOOL           0.015      0.003      4.602      0.000      0.228

  Direct
    FLIT
    FLSCHOOL           0.007      0.018      0.357      0.721      0.249


Effects from FLFAMILY to FLIT

  Total               -0.013      0.015     -0.888      0.375      0.158
  Total indirect       0.029      0.005      6.255      0.000      0.235

  Specific indirect 1
    FLIT
    FCFMLRTY
    FLFAMILY           0.016      0.003      4.925      0.000      0.155

  Specific indirect 2
    FLIT
    FLCONFIN
    FLFAMILY           0.013      0.003      4.169      0.000      0.383

  Direct
    FLIT
    FLFAMILY          -0.043      0.015     -2.774      0.006      0.177


Effects from NOBULLY to FLIT

  Total                0.035      0.020      1.744      0.081      0.449
  Total indirect       0.014      0.004      3.720      0.000      0.219

  Specific indirect 1
    FLIT
    FCFMLRTY
    NOBULLY            0.008      0.003      3.085      0.002      0.134

  Specific indirect 2
    FLIT
    FLCONFIN
    NOBULLY            0.005      0.002      2.685      0.007      0.216

  Direct
    FLIT
    NOBULLY            0.021      0.019      1.089      0.276      0.426


Effects from ESCS to FLIT

  Total                0.197      0.018     10.693      0.000      0.363
  Total indirect       0.039      0.005      7.732      0.000      0.264

  Specific indirect 1
    FLIT
    FCFMLRTY
    ESCS               0.027      0.004      6.649      0.000      0.206

  Specific indirect 2
    FLIT
    FLCONFIN
    ESCS               0.012      0.003      4.198      0.000      0.356

  Direct
    FLIT
    ESCS               0.158      0.019      8.493      0.000      0.369


Effects from IMMI2GEN to FLIT

  Total                0.002      0.003      0.694      0.488      0.164
  Total indirect       0.002      0.003      0.694      0.488      0.164

  Specific indirect 1
    FLIT
    FCFMLRTY
    IMMI2GEN           0.000      0.002     -0.010      0.992      0.130

  Specific indirect 2
    FLIT
    FLCONFIN
    IMMI2GEN           0.002      0.001      1.510      0.131      0.139


Effects from MALE to FLIT

  Total                0.013      0.004      3.383      0.001      0.176
  Total indirect       0.013      0.004      3.383      0.001      0.176

  Specific indirect 1
    FLIT
    FCFMLRTY
    MALE               0.002      0.003      0.986      0.324      0.070

  Specific indirect 2
    FLIT
    FLCONFIN
    MALE               0.010      0.002      4.094      0.000      0.323


BETWEEN

Effects from FLSCHOOL to FLIT

  Total                0.000      0.000      0.000      1.000      0.167
  Total indirect       0.000      0.000      0.000      1.000      0.167


Effects from FLFAMILY to FLIT

  Total                0.000      0.000      0.000      1.000      0.167
  Total indirect       0.000      0.000      0.000      1.000      0.167


Effects from NOBULLY to FLIT

  Total                0.000      0.000      0.000      1.000      0.167
  Total indirect       0.000      0.000      0.000      1.000      0.167


Effects from ESCS to FLIT

  Total                0.000      0.000      0.000      1.000      0.167
  Total indirect       0.000      0.000      0.000      1.000      0.167


Effects from IMMI2GEN to FLIT

  Total                0.000      0.000      0.000      1.000      0.167
  Total indirect       0.000      0.000      0.000      1.000      0.167


Effects from MALE to FLIT

  Total                0.000      0.000      0.000      1.000      0.167
  Total indirect       0.000      0.000      0.000      1.000      0.167




TECHNICAL 1 OUTPUT


     PARAMETER SPECIFICATION FOR WITHIN


           NU
              FLIT          FLSCHOOL      NOBULLY       FLFAMILY      FCFMLRTY
              ________      ________      ________      ________      ________
                    0             0             0             0             0


           NU
              FLCONFIN      IMMI1GEN      IMMI2GEN      ESCS          MALE
              ________      ________      ________      ________      ________
                    0             0             0             0             0


           LAMBDA
              FLIT          FLSCHOOL      NOBULLY       FLFAMILY      FCFMLRTY
              ________      ________      ________      ________      ________
 FLIT               0             0             0             0             0
 FLSCHOOL           0             0             0             0             0
 NOBULLY            0             0             0             0             0
 FLFAMILY           0             0             0             0             0
 FCFMLRTY           0             0             0             0             0
 FLCONFIN           0             0             0             0             0
 IMMI1GEN           0             0             0             0             0
 IMMI2GEN           0             0             0             0             0
 ESCS               0             0             0             0             0
 MALE               0             0             0             0             0


           LAMBDA
              FLCONFIN      IMMI1GEN      IMMI2GEN      ESCS          MALE
              ________      ________      ________      ________      ________
 FLIT               0             0             0             0             0
 FLSCHOOL           0             0             0             0             0
 NOBULLY            0             0             0             0             0
 FLFAMILY           0             0             0             0             0
 FCFMLRTY           0             0             0             0             0
 FLCONFIN           0             0             0             0             0
 IMMI1GEN           0             0             0             0             0
 IMMI2GEN           0             0             0             0             0
 ESCS               0             0             0             0             0
 MALE               0             0             0             0             0


           THETA
              FLIT          FLSCHOOL      NOBULLY       FLFAMILY      FCFMLRTY
              ________      ________      ________      ________      ________
 FLIT               0
 FLSCHOOL           0             0
 NOBULLY            0             0             0
 FLFAMILY           0             0             0             0
 FCFMLRTY           0             0             0             0             0
 FLCONFIN           0             0             0             0             0
 IMMI1GEN           0             0             0             0             0
 IMMI2GEN           0             0             0             0             0
 ESCS               0             0             0             0             0
 MALE               0             0             0             0             0


           THETA
              FLCONFIN      IMMI1GEN      IMMI2GEN      ESCS          MALE
              ________      ________      ________      ________      ________
 FLCONFIN           0
 IMMI1GEN           0             0
 IMMI2GEN           0             0             0
 ESCS               0             0             0             0
 MALE               0             0             0             0             0


           ALPHA
              FLIT          FLSCHOOL      NOBULLY       FLFAMILY      FCFMLRTY
              ________      ________      ________      ________      ________
                    0             0             0             0             1


           ALPHA
              FLCONFIN      IMMI1GEN      IMMI2GEN      ESCS          MALE
              ________      ________      ________      ________      ________
                    2             3             4             5             0


           BETA
              FLIT          FLSCHOOL      NOBULLY       FLFAMILY      FCFMLRTY
              ________      ________      ________      ________      ________
 FLIT               0             6             7             8             9
 FLSCHOOL           0             0             0             0             0
 NOBULLY            0             0             0             0             0
 FLFAMILY           0             0             0             0             0
 FCFMLRTY           0            13            14            15             0
 FLCONFIN           0            19            20            21             0
 IMMI1GEN           0             0             0             0             0
 IMMI2GEN           0             0             0             0             0
 ESCS               0             0             0             0             0
 MALE               0             0             0             0             0


           BETA
              FLCONFIN      IMMI1GEN      IMMI2GEN      ESCS          MALE
              ________      ________      ________      ________      ________
 FLIT              10            11             0            12             0
 FLSCHOOL           0             0             0             0             0
 NOBULLY            0             0             0             0             0
 FLFAMILY           0             0             0             0             0
 FCFMLRTY           0             0            16            17            18
 FLCONFIN           0             0            22            23            24
 IMMI1GEN           0             0             0             0             0
 IMMI2GEN           0             0             0             0             0
 ESCS               0             0             0             0             0
 MALE               0             0             0             0             0


           PSI
              FLIT          FLSCHOOL      NOBULLY       FLFAMILY      FCFMLRTY
              ________      ________      ________      ________      ________
 FLIT              25
 FLSCHOOL           0            26
 NOBULLY            0            27            28
 FLFAMILY           0            29            30            31
 FCFMLRTY           0             0             0             0            32
 FLCONFIN           0             0             0             0            33
 IMMI1GEN           0             0             0             0             0
 IMMI2GEN           0             0             0             0             0
 ESCS               0            37             0            38             0
 MALE               0             0             0             0             0


           PSI
              FLCONFIN      IMMI1GEN      IMMI2GEN      ESCS          MALE
              ________      ________      ________      ________      ________
 FLCONFIN          34
 IMMI1GEN           0            35
 IMMI2GEN           0             0            36
 ESCS               0            39            40            41
 MALE               0             0             0             0             0


     PARAMETER SPECIFICATION FOR BETWEEN


           NU
              EDUSHORT      STRATIO       FLIT          FLSCHOOL      NOBULLY
              ________      ________      ________      ________      ________
                    0             0             0             0             0


           NU
              FLFAMILY
              ________
                    0


           LAMBDA
              EDUSHORT      STRATIO       FLIT          FLSCHOOL      NOBULLY
              ________      ________      ________      ________      ________
 EDUSHORT           0             0             0             0             0
 STRATIO            0             0             0             0             0
 FLIT               0             0             0             0             0
 FLSCHOOL           0             0             0             0             0
 NOBULLY            0             0             0             0             0
 FLFAMILY           0             0             0             0             0


           LAMBDA
              FLFAMILY
              ________
 EDUSHORT           0
 STRATIO            0
 FLIT               0
 FLSCHOOL           0
 NOBULLY            0
 FLFAMILY           0


           THETA
              EDUSHORT      STRATIO       FLIT          FLSCHOOL      NOBULLY
              ________      ________      ________      ________      ________
 EDUSHORT           0
 STRATIO            0             0
 FLIT               0             0             0
 FLSCHOOL           0             0             0             0
 NOBULLY            0             0             0             0             0
 FLFAMILY           0             0             0             0             0


           THETA
              FLFAMILY
              ________
 FLFAMILY           0


           ALPHA
              EDUSHORT      STRATIO       FLIT          FLSCHOOL      NOBULLY
              ________      ________      ________      ________      ________
                   42            43            44            45            46


           ALPHA
              FLFAMILY
              ________
                   47


           BETA
              EDUSHORT      STRATIO       FLIT          FLSCHOOL      NOBULLY
              ________      ________      ________      ________      ________
 EDUSHORT           0             0             0             0             0
 STRATIO            0             0             0             0             0
 FLIT               0             0             0             0             0
 FLSCHOOL           0             0             0             0             0
 NOBULLY            0             0             0             0             0
 FLFAMILY           0             0             0             0             0


           BETA
              FLFAMILY
              ________
 EDUSHORT           0
 STRATIO            0
 FLIT               0
 FLSCHOOL           0
 NOBULLY            0
 FLFAMILY           0


           PSI
              EDUSHORT      STRATIO       FLIT          FLSCHOOL      NOBULLY
              ________      ________      ________      ________      ________
 EDUSHORT          48
 STRATIO           49            50
 FLIT              51            52            53
 FLSCHOOL          54            55            56            57
 NOBULLY           58            59            60            61            62
 FLFAMILY          63            64            65            66            67


           PSI
              FLFAMILY
              ________
 FLFAMILY          68


     STARTING VALUES FOR WITHIN


           NU
              FLIT          FLSCHOOL      NOBULLY       FLFAMILY      FCFMLRTY
              ________      ________      ________      ________      ________
                0.000         0.000         0.000         0.000         0.000


           NU
              FLCONFIN      IMMI1GEN      IMMI2GEN      ESCS          MALE
              ________      ________      ________      ________      ________
                0.000         0.000         0.000         0.000         0.000


           LAMBDA
              FLIT          FLSCHOOL      NOBULLY       FLFAMILY      FCFMLRTY
              ________      ________      ________      ________      ________
 FLIT           1.000         0.000         0.000         0.000         0.000
 FLSCHOOL       0.000         1.000         0.000         0.000         0.000
 NOBULLY        0.000         0.000         1.000         0.000         0.000
 FLFAMILY       0.000         0.000         0.000         1.000         0.000
 FCFMLRTY       0.000         0.000         0.000         0.000         1.000
 FLCONFIN       0.000         0.000         0.000         0.000         0.000
 IMMI1GEN       0.000         0.000         0.000         0.000         0.000
 IMMI2GEN       0.000         0.000         0.000         0.000         0.000
 ESCS           0.000         0.000         0.000         0.000         0.000
 MALE           0.000         0.000         0.000         0.000         0.000


           LAMBDA
              FLCONFIN      IMMI1GEN      IMMI2GEN      ESCS          MALE
              ________      ________      ________      ________      ________
 FLIT           0.000         0.000         0.000         0.000         0.000
 FLSCHOOL       0.000         0.000         0.000         0.000         0.000
 NOBULLY        0.000         0.000         0.000         0.000         0.000
 FLFAMILY       0.000         0.000         0.000         0.000         0.000
 FCFMLRTY       0.000         0.000         0.000         0.000         0.000
 FLCONFIN       1.000         0.000         0.000         0.000         0.000
 IMMI1GEN       0.000         1.000         0.000         0.000         0.000
 IMMI2GEN       0.000         0.000         1.000         0.000         0.000
 ESCS           0.000         0.000         0.000         1.000         0.000
 MALE           0.000         0.000         0.000         0.000         1.000


           THETA
              FLIT          FLSCHOOL      NOBULLY       FLFAMILY      FCFMLRTY
              ________      ________      ________      ________      ________
 FLIT           0.000
 FLSCHOOL       0.000         0.000
 NOBULLY        0.000         0.000         0.000
 FLFAMILY       0.000         0.000         0.000         0.000
 FCFMLRTY       0.000         0.000         0.000         0.000         0.000
 FLCONFIN       0.000         0.000         0.000         0.000         0.000
 IMMI1GEN       0.000         0.000         0.000         0.000         0.000
 IMMI2GEN       0.000         0.000         0.000         0.000         0.000
 ESCS           0.000         0.000         0.000         0.000         0.000
 MALE           0.000         0.000         0.000         0.000         0.000


           THETA
              FLCONFIN      IMMI1GEN      IMMI2GEN      ESCS          MALE
              ________      ________      ________      ________      ________
 FLCONFIN       0.000
 IMMI1GEN       0.000         0.000
 IMMI2GEN       0.000         0.000         0.000
 ESCS           0.000         0.000         0.000         0.000
 MALE           0.000         0.000         0.000         0.000         0.000


           ALPHA
              FLIT          FLSCHOOL      NOBULLY       FLFAMILY      FCFMLRTY
              ________      ________      ________      ________      ________
                0.000         0.000         0.000         0.000         8.147


           ALPHA
              FLCONFIN      IMMI1GEN      IMMI2GEN      ESCS          MALE
              ________      ________      ________      ________      ________
                0.120         0.025         0.032         0.177         0.000


           BETA
              FLIT          FLSCHOOL      NOBULLY       FLFAMILY      FCFMLRTY
              ________      ________      ________      ________      ________
 FLIT           0.000         0.000         0.000         0.000         0.000
 FLSCHOOL       0.000         0.000         0.000         0.000         0.000
 NOBULLY        0.000         0.000         0.000         0.000         0.000
 FLFAMILY       0.000         0.000         0.000         0.000         0.000
 FCFMLRTY       0.000         0.000         0.000         0.000         0.000
 FLCONFIN       0.000         0.000         0.000         0.000         0.000
 IMMI1GEN       0.000         0.000         0.000         0.000         0.000
 IMMI2GEN       0.000         0.000         0.000         0.000         0.000
 ESCS           0.000         0.000         0.000         0.000         0.000
 MALE           0.000         0.000         0.000         0.000         0.000


           BETA
              FLCONFIN      IMMI1GEN      IMMI2GEN      ESCS          MALE
              ________      ________      ________      ________      ________
 FLIT           0.000         0.000         0.000         0.000         0.000
 FLSCHOOL       0.000         0.000         0.000         0.000         0.000
 NOBULLY        0.000         0.000         0.000         0.000         0.000
 FLFAMILY       0.000         0.000         0.000         0.000         0.000
 FCFMLRTY       0.000         0.000         0.000         0.000         0.000
 FLCONFIN       0.000         0.000         0.000         0.000         0.000
 IMMI1GEN       0.000         0.000         0.000         0.000         0.000
 IMMI2GEN       0.000         0.000         0.000         0.000         0.000
 ESCS           0.000         0.000         0.000         0.000         0.000
 MALE           0.000         0.000         0.000         0.000         0.000


           PSI
              FLIT          FLSCHOOL      NOBULLY       FLFAMILY      FCFMLRTY
              ________      ________      ________      ________      ________
 FLIT        3754.712
 FLSCHOOL       0.000         0.505
 NOBULLY        0.000         0.000         0.605
 FLFAMILY       0.000         0.000         0.000         0.574
 FCFMLRTY       0.000         0.000         0.000         0.000        17.558
 FLCONFIN       0.000         0.000         0.000         0.000         0.000
 IMMI1GEN       0.000         0.000         0.000         0.000         0.000
 IMMI2GEN       0.000         0.000         0.000         0.000         0.000
 ESCS           0.000         0.000         0.000         0.000         0.000
 MALE           0.000         0.000         0.000         0.000         0.000


           PSI
              FLCONFIN      IMMI1GEN      IMMI2GEN      ESCS          MALE
              ________      ________      ________      ________      ________
 FLCONFIN       0.484
 IMMI1GEN       0.000         0.013
 IMMI2GEN       0.000         0.000         0.015
 ESCS           0.000         0.000         0.000         0.263
 MALE           0.000         0.000         0.000         0.000         0.125


     STARTING VALUES FOR BETWEEN


           NU
              EDUSHORT      STRATIO       FLIT          FLSCHOOL      NOBULLY
              ________      ________      ________      ________      ________
                0.000         0.000         0.000         0.000         0.000


           NU
              FLFAMILY
              ________
                0.000


           LAMBDA
              EDUSHORT      STRATIO       FLIT          FLSCHOOL      NOBULLY
              ________      ________      ________      ________      ________
 EDUSHORT       1.000         0.000         0.000         0.000         0.000
 STRATIO        0.000         1.000         0.000         0.000         0.000
 FLIT           0.000         0.000         1.000         0.000         0.000
 FLSCHOOL       0.000         0.000         0.000         1.000         0.000
 NOBULLY        0.000         0.000         0.000         0.000         1.000
 FLFAMILY       0.000         0.000         0.000         0.000         0.000


           LAMBDA
              FLFAMILY
              ________
 EDUSHORT       0.000
 STRATIO        0.000
 FLIT           0.000
 FLSCHOOL       0.000
 NOBULLY        0.000
 FLFAMILY       1.000


           THETA
              EDUSHORT      STRATIO       FLIT          FLSCHOOL      NOBULLY
              ________      ________      ________      ________      ________
 EDUSHORT       0.000
 STRATIO        0.000         0.000
 FLIT           0.000         0.000         0.000
 FLSCHOOL       0.000         0.000         0.000         0.000
 NOBULLY        0.000         0.000         0.000         0.000         0.000
 FLFAMILY       0.000         0.000         0.000         0.000         0.000


           THETA
              FLFAMILY
              ________
 FLFAMILY       0.000


           ALPHA
              EDUSHORT      STRATIO       FLIT          FLSCHOOL      NOBULLY
              ________      ________      ________      ________      ________
                0.318        16.177       490.984         0.338        -0.300


           ALPHA
              FLFAMILY
              ________
                0.062


           BETA
              EDUSHORT      STRATIO       FLIT          FLSCHOOL      NOBULLY
              ________      ________      ________      ________      ________
 EDUSHORT       0.000         0.000         0.000         0.000         0.000
 STRATIO        0.000         0.000         0.000         0.000         0.000
 FLIT           0.000         0.000         0.000         0.000         0.000
 FLSCHOOL       0.000         0.000         0.000         0.000         0.000
 NOBULLY        0.000         0.000         0.000         0.000         0.000
 FLFAMILY       0.000         0.000         0.000         0.000         0.000


           BETA
              FLFAMILY
              ________
 EDUSHORT       0.000
 STRATIO        0.000
 FLIT           0.000
 FLSCHOOL       0.000
 NOBULLY        0.000
 FLFAMILY       0.000


           PSI
              EDUSHORT      STRATIO       FLIT          FLSCHOOL      NOBULLY
              ________      ________      ________      ________      ________
 EDUSHORT       0.651
 STRATIO        0.000        34.526
 FLIT           0.000         0.000      3754.712
 FLSCHOOL       0.000         0.000         0.000         0.505
 NOBULLY        0.000         0.000         0.000         0.000         0.605
 FLFAMILY       0.000         0.000         0.000         0.000         0.000


           PSI
              FLFAMILY
              ________
 FLFAMILY       0.574


     Beginning Time:  18:05:25
        Ending Time:  18:07:54
       Elapsed Time:  00:02:29



MUTHEN & MUTHEN
3463 Stoner Ave.
Los Angeles, CA  90066

Tel: (310) 391-9971
Fax: (310) 391-8971
Web: www.StatModel.com
Support: Support@StatModel.com

Copyright (c) 1998-2020 Muthen & Muthen
