Mplus VERSION 8.5 (Linux)
MUTHEN & MUTHEN
03/11/2021   6:05 PM

INPUT INSTRUCTIONS


  TITLE:
      Two-level saturated model 152

  DATA:
      file = "~/implist.dat";

      type = imputation;


  VARIABLE:
      names =
          FKI CNTRYID CNTSCHID W_STU
          MATH READ FLIT                      ! PISA achievement variables
          MALE IMMI1GEN IMMI2GEN ESCS         ! Demographic info
          FCFMLRTY FLCONFIN                   ! Affect
          FLSCHOOL                            !   Lat var "Academic"
          NOBULLY                             !   Lat var "Safety"
          FLFAMILY                            !   Lat var "Community"
          W_SCH STRATIO                       ! School character
          EDUSHORT                            !   Lat var "inst. env."
          ;

      useobs = CNTRYID eq 152;          ! Pull out one country at a time

      usevar =
          FLIT                                ! PISA achievement variables
          FLSCHOOL                            !   Lat var "Academic"
          NOBULLY                             !   Lat var "Safety"
          FLFAMILY                            !   Lat var "Community"
          EDUSHORT STRATIO                    !   Lat var "Inst env"
          FCFMLRTY FLCONFIN                   ! Affect
          MALE IMMI1GEN IMMI2GEN ESCS         ! Demographic info
          ;

      ! Vars that ONLY appear in L1
      within =
          FCFMLRTY FLCONFIN                   ! Affective vars
          MALE IMMI1GEN IMMI2GEN ESCS         ! L1 control vars
          ;

      ! Vars that ONLY appear in L2
      between =
          EDUSHORT STRATIO                    ! L2: school
          ;

      weight = W_STU;                         ! Student weight
      wtscale = cluster;                      ! Scale L1 weight to cluster size
      bweight = W_SCH;                        ! School weight
      bwtscale = sample;                      ! Scale L2 weight to sample

      cluster = CNTSCHID;                     ! Cluster by school ID


  ANALYSIS:
      processors = 8;

      type = twolevel;


  MODEL:

  %Within%                                    ! === L1: Student-level ===

      ! Indirect pathways (1st half): school climate vars onto mediators
          ! Onto mediator FAMILIARITY
      FCFMLRTY on FLSCHOOL FLFAMILY NOBULLY ESCS IMMI2GEN MALE;
          ! Onto mediator CONFIDENCE
      FLCONFIN on FLSCHOOL FLFAMILY NOBULLY ESCS IMMI2GEN MALE;

      ! Total effect
      FLIT on
          ! Indirect pathways (2nd half): affective vars onto financial literacy
          FCFMLRTY FLCONFIN
          ! Direct pathways: school climate vars onto financial literacy
          FLSCHOOL FLFAMILY NOBULLY
          ! Dmographic vars
          ESCS IMMI1GEN
          ;

      ! Covariances
          ! Between school climate vars
      FLSCHOOL with FLFAMILY;
      FLFAMILY with NOBULLY;
      FLSCHOOL with NOBULLY;
          ! Between mediators
      FCFMLRTY with FLCONFIN;

          ! SES with school climate vars
      ESCS with FLSCHOOL FLFAMILY;
          ! SES with demographic vars
      ESCS with IMMI1GEN IMMI2GEN;

  %Between%                                   ! === L2: School-level ===

      FLIT-STRATIO WITH FLIT-STRATIO;


  MODEL INDIRECT:

      ! Indirect effects
      FLIT ind FLSCHOOL;
      FLIT ind FLFAMILY;
      FLIT ind NOBULLY;

      FLIT ind ESCS;
      FLIT ind IMMI2GEN;
      FLIT ind MALE;


  OUTPUT:
      stdyx                                   ! Fully standardised solution
      ;



*** WARNING in MODEL command
  In the MODEL command, the following variable is a y-variable on the BETWEEN
  level and an x-variable on the WITHIN level.  This variable will be treated
  as a y-variable on both levels:  FLSCHOOL
*** WARNING in MODEL command
  In the MODEL command, the following variable is a y-variable on the BETWEEN
  level and an x-variable on the WITHIN level.  This variable will be treated
  as a y-variable on both levels:  NOBULLY
*** WARNING in MODEL command
  In the MODEL command, the following variable is a y-variable on the BETWEEN
  level and an x-variable on the WITHIN level.  This variable will be treated
  as a y-variable on both levels:  FLFAMILY
   3 WARNING(S) FOUND IN THE INPUT INSTRUCTIONS




Two-level saturated model 152

SUMMARY OF ANALYSIS

Number of groups                                                 1
Average number of observations                                4482

Number of replications
    Requested                                                   10
    Completed                                                   10

Number of dependent variables                                    8
Number of independent variables                                  4
Number of continuous latent variables                            0

Observed dependent variables

  Continuous
   EDUSHORT    STRATIO     FLIT        FLSCHOOL    NOBULLY     FLFAMILY
   FCFMLRTY    FLCONFIN

Observed independent variables
   MALE        IMMI1GEN    IMMI2GEN    ESCS

Variables with special functions

  Cluster variable      CNTSCHID
  Weight variable (cluster-size scaling)
    W_STU
  Between weight variable (sample-size scaling)
    W_SCH

  Within variables
   FCFMLRTY    FLCONFIN    MALE        IMMI1GEN    IMMI2GEN    ESCS

  Between variables
   EDUSHORT    STRATIO


Estimator                                                      MLR
Information matrix                                        OBSERVED
Maximum number of iterations                                   100
Convergence criterion                                    0.100D-05
Maximum number of EM iterations                                500
Convergence criteria for the EM algorithm
  Loglikelihood change                                   0.100D-02
  Relative loglikelihood change                          0.100D-05
  Derivative                                             0.100D-03
Minimum variance                                         0.100D-03
Maximum number of steepest descent iterations                   20
Maximum number of iterations for H1                           2000
Convergence criterion for H1                             0.100D-03
Optimization algorithm                                         EMA

Input data file(s)
  Multiple data files from
    ~/implist.dat
Input data format  FREE


SUMMARY OF DATA FOR THE FIRST DATA SET

     Number of clusters                        251

     Average cluster size       17.857

     Estimated Intraclass Correlations for the Y Variables

                Intraclass              Intraclass              Intraclass
     Variable  Correlation   Variable  Correlation   Variable  Correlation

     FLIT         0.216      FLSCHOOL     0.033      NOBULLY      0.003
     FLFAMILY     0.001      FCFMLRTY     0.000      FLCONFIN     0.000
     IMMI1GEN     0.000      IMMI2GEN     0.000      ESCS         0.000



SAMPLE STATISTICS

NOTE:  The sample statistics for within and between refer to the
       maximum-likelihood estimated within and between covariance
       matrices, respectively.

NOTE:  These are average results over 10 data sets.


     ESTIMATED SAMPLE STATISTICS FOR WITHIN


           Means
              EDUSHORT      STRATIO       FLIT          FLSCHOOL      NOBULLY
              ________      ________      ________      ________      ________
                0.000         0.000         0.000         0.000         0.000


           Means
              FLFAMILY      FCFMLRTY      FLCONFIN      IMMI1GEN      IMMI2GEN
              ________      ________      ________      ________      ________
                0.000         6.399         0.026         0.026         0.009


           Means
              ESCS          MALE
              ________      ________
               -0.529         0.500


           Covariances
              EDUSHORT      STRATIO       FLIT          FLSCHOOL      NOBULLY
              ________      ________      ________      ________      ________
 EDUSHORT       0.000
 STRATIO        0.000         0.000
 FLIT           0.000         0.000      6433.583
 FLSCHOOL       0.000         0.000        -3.016         0.917
 NOBULLY        0.000         0.000         3.828        -0.053         1.009
 FLFAMILY       0.000         0.000         6.349         0.186        -0.027
 FCFMLRTY       0.000         0.000        54.626         1.338         0.083
 FLCONFIN       0.000         0.000        13.241         0.098         0.006
 IMMI1GEN       0.000         0.000        -0.364        -0.001        -0.002
 IMMI2GEN       0.000         0.000        -0.285         0.002         0.001
 ESCS           0.000         0.000        12.992         0.042         0.006
 MALE           0.000         0.000         2.756         0.029        -0.035


           Covariances
              FLFAMILY      FCFMLRTY      FLCONFIN      IMMI1GEN      IMMI2GEN
              ________      ________      ________      ________      ________
 FLFAMILY       1.177
 FCFMLRTY       1.078        27.820
 FLCONFIN       0.188         1.012         1.007
 IMMI1GEN       0.001        -0.010         0.000         0.026
 IMMI2GEN      -0.001         0.001         0.000         0.000         0.009
 ESCS           0.083         0.854         0.101        -0.010         0.002
 MALE          -0.008         0.146         0.047        -0.003         0.000


           Covariances
              ESCS          MALE
              ________      ________
 ESCS           1.015
 MALE           0.023         0.250


           Correlations
              EDUSHORT      STRATIO       FLIT          FLSCHOOL      NOBULLY
              ________      ________      ________      ________      ________
 EDUSHORT       0.000
 STRATIO        0.000         0.000
 FLIT           0.000         0.000         1.000
 FLSCHOOL       0.000         0.000        -0.039         1.000
 NOBULLY        0.000         0.000         0.048        -0.055         1.000
 FLFAMILY       0.000         0.000         0.073         0.179        -0.025
 FCFMLRTY       0.000         0.000         0.129         0.265         0.016
 FLCONFIN       0.000         0.000         0.165         0.102         0.006
 IMMI1GEN       0.000         0.000        -0.028        -0.005        -0.013
 IMMI2GEN       0.000         0.000        -0.037         0.019         0.011
 ESCS           0.000         0.000         0.161         0.043         0.006
 MALE           0.000         0.000         0.069         0.060        -0.070


           Correlations
              FLFAMILY      FCFMLRTY      FLCONFIN      IMMI1GEN      IMMI2GEN
              ________      ________      ________      ________      ________
 FLFAMILY       1.000
 FCFMLRTY       0.188         1.000
 FLCONFIN       0.173         0.191         1.000
 IMMI1GEN       0.003        -0.012        -0.001         1.000
 IMMI2GEN      -0.010         0.003        -0.002        -0.013         1.000
 ESCS           0.076         0.161         0.100        -0.062         0.020
 MALE          -0.014         0.055         0.093        -0.033         0.008


           Correlations
              ESCS          MALE
              ________      ________
 ESCS           1.000
 MALE           0.045         1.000


     ESTIMATED SAMPLE STATISTICS FOR BETWEEN


           Means
              EDUSHORT      STRATIO       FLIT          FLSCHOOL      NOBULLY
              ________      ________      ________      ________      ________
               -0.149        19.350       453.974        -0.172         0.012


           Means
              FLFAMILY      FCFMLRTY      FLCONFIN      IMMI1GEN      IMMI2GEN
              ________      ________      ________      ________      ________
               -0.003         0.000         0.000         0.000         0.000


           Means
              ESCS          MALE
              ________      ________
                0.000         0.000


           Covariances
              EDUSHORT      STRATIO       FLIT          FLSCHOOL      NOBULLY
              ________      ________      ________      ________      ________
 EDUSHORT       0.854
 STRATIO       -1.349       112.243
 FLIT         -11.730        67.767      1719.441
 FLSCHOOL       0.025        -0.147        -2.322         0.030
 NOBULLY        0.000        -0.155         0.497         0.005         0.003
 FLFAMILY       0.000         0.224        -0.014        -0.003         0.000
 FCFMLRTY       0.000         0.000         0.000         0.000         0.000
 FLCONFIN       0.000         0.000         0.000         0.000         0.000
 IMMI1GEN       0.000         0.000         0.000         0.000         0.000
 IMMI2GEN       0.000         0.000         0.000         0.000         0.000
 ESCS           0.000         0.000         0.000         0.000         0.000
 MALE           0.000         0.000         0.000         0.000         0.000


           Covariances
              FLFAMILY      FCFMLRTY      FLCONFIN      IMMI1GEN      IMMI2GEN
              ________      ________      ________      ________      ________
 FLFAMILY       0.002
 FCFMLRTY       0.000         0.000
 FLCONFIN       0.000         0.000         0.000
 IMMI1GEN       0.000         0.000         0.000         0.000
 IMMI2GEN       0.000         0.000         0.000         0.000         0.000
 ESCS           0.000         0.000         0.000         0.000         0.000
 MALE           0.000         0.000         0.000         0.000         0.000


           Covariances
              ESCS          MALE
              ________      ________
 ESCS           0.000
 MALE           0.000         0.000


           Correlations
              EDUSHORT      STRATIO       FLIT          FLSCHOOL      NOBULLY
              ________      ________      ________      ________      ________
 EDUSHORT       1.000
 STRATIO       -0.138         1.000
 FLIT          -0.306         0.154         1.000
 FLSCHOOL       0.155        -0.079        -0.321         1.000
 NOBULLY       -0.001        -0.256         0.209         0.507         1.000
 FLFAMILY       0.008         0.475        -0.008        -0.399        -0.093
 FCFMLRTY       0.000         0.000         0.000         0.000         0.000
 FLCONFIN       0.000         0.000         0.000         0.000         0.000
 IMMI1GEN       0.000         0.000         0.000         0.000         0.000
 IMMI2GEN       0.000         0.000         0.000         0.000         0.000
 ESCS           0.000         0.000         0.000         0.000         0.000
 MALE           0.000         0.000         0.000         0.000         0.000


           Correlations
              FLFAMILY      FCFMLRTY      FLCONFIN      IMMI1GEN      IMMI2GEN
              ________      ________      ________      ________      ________
 FLFAMILY       1.000
 FCFMLRTY       0.000         0.000
 FLCONFIN       0.000         0.000         0.000
 IMMI1GEN       0.000         0.000         0.000         0.000
 IMMI2GEN       0.000         0.000         0.000         0.000         0.000
 ESCS           0.000         0.000         0.000         0.000         0.000
 MALE           0.000         0.000         0.000         0.000         0.000


           Correlations
              ESCS          MALE
              ________      ________
 ESCS           0.000
 MALE           0.000         0.000




MODEL FIT INFORMATION

Number of Free Parameters                       68

Loglikelihood

    H0 Value

        Mean                            -66564.158
        Std Dev                            120.474
        Number of successful computations       10

             Proportions                   Percentiles
        Expected    Observed         Expected       Observed
           0.990       0.900       -66844.418     -66844.591
           0.980       0.900       -66811.577     -66844.591
           0.950       0.900       -66762.327     -66844.591
           0.900       0.900       -66718.558     -66844.591
           0.800       0.900       -66665.550     -66844.591
           0.700       0.900       -66627.335     -66624.037
           0.500       0.500       -66564.158     -66569.069
           0.300       0.200       -66500.982     -66534.706
           0.200       0.200       -66462.767     -66510.134
           0.100       0.100       -66409.758     -66416.656
           0.050       0.000       -66365.990     -66416.656
           0.020       0.000       -66316.740     -66416.656
           0.010       0.000       -66283.899     -66416.656

    H1 Value

        Mean                            -66523.196
        Std Dev                            119.632
        Number of successful computations       10

             Proportions                   Percentiles
        Expected    Observed         Expected       Observed
           0.990       1.000       -66801.496     -66799.745
           0.980       0.900       -66768.885     -66799.745
           0.950       0.900       -66719.979     -66799.745
           0.900       0.900       -66676.516     -66799.745
           0.800       0.900       -66623.878     -66799.745
           0.700       0.900       -66585.931     -66578.632
           0.500       0.500       -66523.196     -66533.940
           0.300       0.200       -66460.461     -66494.830
           0.200       0.200       -66422.513     -66474.284
           0.100       0.100       -66369.875     -66377.817
           0.050       0.000       -66326.413     -66377.817
           0.020       0.000       -66277.507     -66377.817
           0.010       0.000       -66244.895     -66377.817

Information Criteria

    Akaike (AIC)

        Mean                            133264.317
        Std Dev                            240.949
        Number of successful computations       10

             Proportions                   Percentiles
        Expected    Observed         Expected       Observed
           0.990       1.000       132703.798     132898.276
           0.980       1.000       132769.481     132898.276
           0.950       1.000       132867.980     132898.276
           0.900       0.900       132955.517     132898.276
           0.800       0.800       133061.534     132898.276
           0.700       0.800       133137.963     133156.267
           0.500       0.500       133264.317     133255.972
           0.300       0.100       133390.670     133288.875
           0.200       0.100       133467.099     133384.074
           0.100       0.100       133573.117     133385.661
           0.050       0.100       133660.653     133385.661
           0.020       0.100       133759.153     133385.661
           0.010       0.100       133824.836     133385.661

    Bayesian (BIC)

        Mean                            133700.049
        Std Dev                            240.949
        Number of successful computations       10

             Proportions                   Percentiles
        Expected    Observed         Expected       Observed
           0.990       1.000       133139.530     133334.008
           0.980       1.000       133205.213     133334.008
           0.950       1.000       133303.712     133334.008
           0.900       0.900       133391.249     133334.008
           0.800       0.800       133497.266     133334.008
           0.700       0.800       133573.695     133591.999
           0.500       0.500       133700.049     133691.704
           0.300       0.100       133826.402     133724.607
           0.200       0.100       133902.831     133819.807
           0.100       0.100       134008.849     133821.394
           0.050       0.100       134096.385     133821.394
           0.020       0.100       134194.885     133821.394
           0.010       0.100       134260.568     133821.394

    Sample-Size Adjusted BIC (n* = (n + 2) / 24)

        Mean                            133483.972
        Std Dev                            240.949
        Number of successful computations       10

             Proportions                   Percentiles
        Expected    Observed         Expected       Observed
           0.990       1.000       132923.453     133117.931
           0.980       1.000       132989.135     133117.931
           0.950       1.000       133087.635     133117.931
           0.900       0.900       133175.172     133117.931
           0.800       0.800       133281.189     133117.931
           0.700       0.800       133357.618     133375.922
           0.500       0.500       133483.972     133475.626
           0.300       0.100       133610.325     133508.530
           0.200       0.100       133686.754     133603.729
           0.100       0.100       133792.771     133605.316
           0.050       0.100       133880.308     133605.316
           0.020       0.100       133978.808     133605.316
           0.010       0.100       134044.490     133605.316

Chi-Square Test of Model Fit

        Degrees of freedom                      18

        Mean                                90.817
        Std Dev                             12.812
        Number of successful computations       10

             Proportions                   Percentiles
        Expected    Observed         Expected       Observed
           0.990       1.000            7.015         72.180
           0.980       1.000            7.906         72.180
           0.950       1.000            9.390         72.180
           0.900       1.000           10.865         72.180
           0.800       1.000           12.857         72.180
           0.700       1.000           14.440         80.728
           0.500       1.000           17.338         90.346
           0.300       1.000           20.601         97.453
           0.200       1.000           22.760        100.522
           0.100       1.000           25.989        101.586
           0.050       1.000           28.869        101.586
           0.020       1.000           32.346        101.586
           0.010       1.000           34.805        101.586

RMSEA (Root Mean Square Error Of Approximation)

        Mean                                 0.030
        Std Dev                              0.003
        Number of successful computations       10

        Cumulative Distribution Function
           Value    Function Value
           0.990       1.000
           0.980       1.000
           0.950       1.000
           0.900       1.000
           0.800       1.000
           0.700       1.000
           0.500       1.000
           0.300       1.000
           0.200       1.000
           0.100       1.000
           0.050       1.000
           0.020       0.000
           0.010       0.000

CFI/TLI

    CFI

        Mean                                 0.934
        Std Dev                              0.012
        Number of successful computations       10

        Cumulative Distribution Function
           Value    Function Value
           0.990       1.000
           0.980       1.000
           0.950       1.000
           0.900       0.000
           0.800       0.000
           0.700       0.000
           0.500       0.000
           0.300       0.000
           0.200       0.000
           0.100       0.000
           0.050       0.000
           0.020       0.000
           0.010       0.000

    TLI

        Mean                                 0.780
        Std Dev                              0.038
        Number of successful computations       10

        Cumulative Distribution Function
           Value    Function Value
           0.990       1.000
           0.980       1.000
           0.950       1.000
           0.900       1.000
           0.800       0.600
           0.700       0.000
           0.500       0.000
           0.300       0.000
           0.200       0.000
           0.100       0.000
           0.050       0.000
           0.020       0.000
           0.010       0.000

SRMR (Standardized Root Mean Square Residual) for the WITHIN level

        Mean                                 0.018
        Std Dev                              0.001
        Number of successful computations       10

        Cumulative Distribution Function
           Value    Function Value
           0.990       1.000
           0.980       1.000
           0.950       1.000
           0.900       1.000
           0.800       1.000
           0.700       1.000
           0.500       1.000
           0.300       1.000
           0.200       1.000
           0.100       1.000
           0.050       1.000
           0.020       1.000
           0.010       0.000

SRMR (Standardized Root Mean Square Residual) for the BETWEEN level

        Mean                                 0.059
        Std Dev                              0.020
        Number of successful computations       10

        Cumulative Distribution Function
           Value    Function Value
           0.990       1.000
           0.980       1.000
           0.950       1.000
           0.900       1.000
           0.800       1.000
           0.700       1.000
           0.500       1.000
           0.300       1.000
           0.200       1.000
           0.100       1.000
           0.050       0.500
           0.020       0.000
           0.010       0.000



MODEL RESULTS

                                                    Two-Tailed   Rate of
                    Estimate       S.E.  Est./S.E.    P-Value    Missing

Within Level

 FCFMLRTY   ON
    FLSCHOOL           1.290      0.118     10.889      0.000      0.299
    FLFAMILY           0.668      0.099      6.764      0.000      0.179
    NOBULLY            0.178      0.107      1.662      0.097      0.290
    ESCS               0.724      0.091      7.940      0.000      0.148
    IMMI2GEN          -0.203      0.958     -0.211      0.833      0.228
    MALE               0.421      0.203      2.073      0.038      0.164

 FLCONFIN   ON
    FLSCHOOL           0.069      0.024      2.888      0.004      0.296
    FLFAMILY           0.145      0.019      7.694      0.000      0.211
    NOBULLY            0.019      0.020      0.951      0.342      0.397
    ESCS               0.081      0.018      4.381      0.000      0.203
    IMMI2GEN          -0.043      0.181     -0.237      0.813      0.489
    MALE               0.179      0.035      5.073      0.000      0.129

 FLIT       ON
    FCFMLRTY           1.495      0.343      4.363      0.000      0.374
    FLCONFIN          10.767      1.865      5.773      0.000      0.415
    FLSCHOOL          -7.490      1.991     -3.761      0.000      0.424
    FLFAMILY           2.854      1.443      1.979      0.048      0.273
    NOBULLY            3.226      1.708      1.889      0.059      0.420
    ESCS              10.536      2.117      4.975      0.000      0.203
    IMMI1GEN          -9.181      9.121     -1.007      0.314      0.095

 FLSCHOOL WITH
    FLFAMILY           0.186      0.019     10.039      0.000      0.138
    NOBULLY           -0.053      0.020     -2.681      0.007      0.263
    ESCS               0.042      0.022      1.896      0.058      0.120

 FLFAMILY WITH
    NOBULLY           -0.028      0.021     -1.300      0.194      0.255
    ESCS               0.083      0.021      3.944      0.000      0.101

 FCFMLRTY WITH
    FLCONFIN           0.667      0.095      7.030      0.000      0.235

 ESCS     WITH
    IMMI1GEN          -0.010      0.004     -2.441      0.015      0.015
    IMMI2GEN           0.002      0.002      1.135      0.256      0.108

 Means
    IMMI1GEN           0.026      0.005      4.855      0.000      0.010
    IMMI2GEN           0.009      0.002      5.331      0.000      0.199
    ESCS              -0.529      0.044    -12.061      0.000      0.003

 Intercepts
    FCFMLRTY           6.573      0.157     41.913      0.000      0.106
    FLCONFIN          -0.020      0.027     -0.764      0.445      0.309

 Variances
    FLSCHOOL           0.917      0.024     37.433      0.000      0.212
    NOBULLY            1.008      0.030     33.706      0.000      0.102
    FLFAMILY           1.177      0.029     40.635      0.000      0.077
    IMMI1GEN           0.026      0.005      5.083      0.000      0.001
    IMMI2GEN           0.009      0.001      6.343      0.000      0.018
    ESCS               1.015      0.036     27.990      0.000      0.034

 Residual Variances
    FLIT            6012.714    231.235     26.003      0.000      0.540
    FCFMLRTY          24.669      0.644     38.280      0.000      0.158
    FLCONFIN           0.956      0.028     34.340      0.000      0.230

Between Level

 FLIT     WITH
    FLSCHOOL          -2.379      1.228     -1.937      0.053      0.195
    NOBULLY            0.697      0.928      0.751      0.453      0.318
    FLFAMILY           0.010      1.066      0.010      0.992      0.102
    EDUSHORT         -11.659      3.373     -3.457      0.001      0.235
    STRATIO           66.176     37.301      1.774      0.076      0.097

 FLSCHOOL WITH
    NOBULLY            0.004      0.005      0.782      0.434      0.151
    FLFAMILY          -0.004      0.006     -0.672      0.501      0.065
    EDUSHORT           0.026      0.023      1.171      0.242      0.195
    STRATIO           -0.162      0.219     -0.740      0.459      0.132

 NOBULLY  WITH
    FLFAMILY           0.000      0.005     -0.016      0.987      0.052
    EDUSHORT          -0.002      0.024     -0.070      0.944      0.483
    STRATIO           -0.126      0.254     -0.499      0.618      0.260

 FLFAMILY WITH
    EDUSHORT           0.000      0.022     -0.010      0.992      0.257
    STRATIO            0.240      0.270      0.887      0.375      0.199

 EDUSHORT WITH
    STRATIO           -1.349      0.931     -1.449      0.147      0.226

 Means
    EDUSHORT          -0.149      0.070     -2.134      0.033      0.087
    STRATIO           19.350      0.833     23.240      0.000      0.146
    FLIT             449.969      4.312    104.345      0.000      0.218
    FLSCHOOL          -0.172      0.022     -7.838      0.000      0.046
    NOBULLY            0.012      0.019      0.655      0.513      0.252
    FLFAMILY          -0.003      0.019     -0.175      0.861      0.145

 Variances
    EDUSHORT           0.854      0.092      9.314      0.000      0.106
    STRATIO          112.243     36.687      3.060      0.002      0.044
    FLIT            1706.171    214.717      7.946      0.000      0.090
    FLSCHOOL           0.031      0.010      3.188      0.001      0.239
    NOBULLY            0.004      0.006      0.632      0.527      0.048
    FLFAMILY           0.002      0.007      0.305      0.760      0.019


STANDARDIZED MODEL RESULTS


STDYX Standardization

                                                    Two-Tailed   Rate of
                    Estimate       S.E.  Est./S.E.    P-Value    Missing

Within Level

 FCFMLRTY   ON
    FLSCHOOL           0.234      0.021     11.005      0.000      0.274
    FLFAMILY           0.137      0.020      6.732      0.000      0.167
    NOBULLY            0.034      0.020      1.663      0.096      0.286
    ESCS               0.138      0.018      7.817      0.000      0.143
    IMMI2GEN          -0.004      0.017     -0.210      0.834      0.228
    MALE               0.040      0.019      2.074      0.038      0.169

 FLCONFIN   ON
    FLSCHOOL           0.066      0.023      2.887      0.004      0.301
    FLFAMILY           0.156      0.020      7.781      0.000      0.208
    NOBULLY            0.019      0.020      0.953      0.340      0.401
    ESCS               0.081      0.019      4.374      0.000      0.194
    IMMI2GEN          -0.004      0.017     -0.236      0.813      0.490
    MALE               0.089      0.018      5.096      0.000      0.133

 FLIT       ON
    FCFMLRTY           0.098      0.023      4.343      0.000      0.400
    FLCONFIN           0.135      0.023      5.900      0.000      0.417
    FLSCHOOL          -0.089      0.024     -3.735      0.000      0.447
    FLFAMILY           0.039      0.020      1.975      0.048      0.281
    NOBULLY            0.040      0.021      1.892      0.058      0.411
    ESCS               0.132      0.026      5.117      0.000      0.192
    IMMI1GEN          -0.018      0.018     -1.006      0.314      0.096

 FLSCHOOL WITH
    FLFAMILY           0.179      0.017     10.348      0.000      0.153
    NOBULLY           -0.055      0.020     -2.707      0.007      0.269
    ESCS               0.043      0.023      1.902      0.057      0.120

 FLFAMILY WITH
    NOBULLY           -0.025      0.020     -1.304      0.192      0.254
    ESCS               0.076      0.019      3.951      0.000      0.107

 FCFMLRTY WITH
    FLCONFIN           0.137      0.019      7.042      0.000      0.256

 ESCS     WITH
    IMMI1GEN          -0.062      0.021     -2.919      0.004      0.019
    IMMI2GEN           0.019      0.017      1.138      0.255      0.106

 Means
    IMMI1GEN           0.164      0.018      9.119      0.000      0.033
    IMMI2GEN           0.099      0.013      7.876      0.000      0.374
    ESCS              -0.525      0.046    -11.457      0.000      0.005

 Intercepts
    FCFMLRTY           1.247      0.031     39.663      0.000      0.088
    FLCONFIN          -0.020      0.027     -0.765      0.444      0.309

 Variances
    FLSCHOOL           1.000      0.000  *********      0.000      0.000
    NOBULLY            1.000      0.000  *********      0.000      0.000
    FLFAMILY           1.000      0.000    999.000    999.000      0.000
    IMMI1GEN           1.000      0.000    999.000    999.000      0.000
    IMMI2GEN           1.000      0.000  *********      0.000      0.000
    ESCS               1.000      0.000  *********      0.000      0.000

 Residual Variances
    FLIT               0.934      0.012     80.416      0.000      0.201
    FCFMLRTY           0.888      0.013     68.051      0.000      0.152
    FLCONFIN           0.950      0.009    102.936      0.000      0.200

Between Level

 FLIT     WITH
    FLSCHOOL          -0.329      0.167     -1.974      0.048      0.153
    NOBULLY            0.281      0.473      0.594      0.553      0.229
    FLFAMILY          -0.011      0.650     -0.017      0.986      0.071
    EDUSHORT          -0.305      0.083     -3.687      0.000      0.249
    STRATIO            0.151      0.098      1.537      0.124      0.060

 FLSCHOOL WITH
    NOBULLY            0.389      0.608      0.640      0.522      0.096
    FLFAMILY          -0.465      1.275     -0.365      0.715      0.008
    EDUSHORT           0.163      0.138      1.182      0.237      0.180
    STRATIO           -0.088      0.122     -0.724      0.469      0.131

 NOBULLY  WITH
    FLFAMILY          -0.094      1.882     -0.050      0.960      0.017
    EDUSHORT          -0.028      0.464     -0.061      0.951      0.400
    STRATIO           -0.199      0.440     -0.452      0.651      0.194

 FLFAMILY WITH
    EDUSHORT           0.017      0.661      0.026      0.980      0.157
    STRATIO            0.487      1.077      0.452      0.651      0.032

 EDUSHORT WITH
    STRATIO           -0.138      0.082     -1.674      0.094      0.281

 Means
    EDUSHORT          -0.162      0.078     -2.066      0.039      0.085
    STRATIO            1.829      0.271      6.743      0.000      0.088
    FLIT              10.899      0.707     15.423      0.000      0.109
    FLSCHOOL          -0.989      0.213     -4.639      0.000      0.128
    NOBULLY            0.199      0.383      0.519      0.604      0.160
    FLFAMILY          -0.073      0.499     -0.147      0.883      0.092

 Variances
    EDUSHORT           1.000      0.000  *********      0.000      0.000
    STRATIO            1.000      0.000  *********      0.000      0.000
    FLIT               1.000      0.000  *********      0.000      0.000
    FLSCHOOL           1.000      0.000    999.000    999.000      0.000
    NOBULLY            1.000      0.000  *********      0.000      0.000
    FLFAMILY           1.000      0.000  *********      0.000      0.000


R-SQUARE

Within Level

    Observed                                        Two-Tailed   Rate of
    Variable        Estimate       S.E.  Est./S.E.    P-Value    Missing

    FLIT               0.066      0.012      5.671      0.000      0.201
    FCFMLRTY           0.112      0.013      8.595      0.000      0.152
    FLCONFIN           0.050      0.009      5.429      0.000      0.200

Between Level


QUALITY OF NUMERICAL RESULTS

     Average Condition Number for the Information Matrix      0.720E-09
       (ratio of smallest to largest eigenvalue)


TOTAL, TOTAL INDIRECT, SPECIFIC INDIRECT, AND DIRECT EFFECTS


                                                    Two-Tailed   Rate of
                    Estimate       S.E.  Est./S.E.    P-Value    Missing

WITHIN

Effects from FLSCHOOL to FLIT

  Total               -4.813      1.911     -2.519      0.012      0.376
  Total indirect       2.678      0.539      4.972      0.000      0.198

  Specific indirect 1
    FLIT
    FCFMLRTY
    FLSCHOOL           1.926      0.467      4.127      0.000      0.322

  Specific indirect 2
    FLIT
    FLCONFIN
    FLSCHOOL           0.751      0.302      2.491      0.013      0.343

  Direct
    FLIT
    FLSCHOOL          -7.490      1.991     -3.761      0.000      0.424


Effects from FLFAMILY to FLIT

  Total                5.414      1.469      3.685      0.000      0.298
  Total indirect       2.560      0.437      5.854      0.000      0.347

  Specific indirect 1
    FLIT
    FCFMLRTY
    FLFAMILY           1.000      0.281      3.558      0.000      0.346

  Specific indirect 2
    FLIT
    FLCONFIN
    FLFAMILY           1.560      0.343      4.553      0.000      0.393

  Direct
    FLIT
    FLFAMILY           2.854      1.443      1.979      0.048      0.273


Effects from NOBULLY to FLIT

  Total                3.696      1.714      2.156      0.031      0.437
  Total indirect       0.469      0.292      1.607      0.108      0.315

  Specific indirect 1
    FLIT
    FCFMLRTY
    NOBULLY            0.270      0.180      1.502      0.133      0.343

  Specific indirect 2
    FLIT
    FLCONFIN
    NOBULLY            0.199      0.210      0.949      0.343      0.327

  Direct
    FLIT
    NOBULLY            3.226      1.708      1.889      0.059      0.420


Effects from ESCS to FLIT

  Total               12.490      2.138      5.843      0.000      0.207
  Total indirect       1.954      0.375      5.205      0.000      0.178

  Specific indirect 1
    FLIT
    FCFMLRTY
    ESCS               1.081      0.275      3.934      0.000      0.272

  Specific indirect 2
    FLIT
    FLCONFIN
    ESCS               0.873      0.272      3.210      0.001      0.370

  Direct
    FLIT
    ESCS              10.536      2.117      4.975      0.000      0.203


Effects from IMMI2GEN to FLIT

  Total               -0.785      2.460     -0.319      0.749      0.308
  Total indirect      -0.785      2.460     -0.319      0.749      0.308

  Specific indirect 1
    FLIT
    FCFMLRTY
    IMMI2GEN          -0.334      1.453     -0.230      0.818      0.243

  Specific indirect 2
    FLIT
    FLCONFIN
    IMMI2GEN          -0.451      2.021     -0.223      0.823      0.511


Effects from MALE to FLIT

  Total                2.560      0.612      4.180      0.000      0.116
  Total indirect       2.560      0.612      4.180      0.000      0.116

  Specific indirect 1
    FLIT
    FCFMLRTY
    MALE               0.633      0.355      1.783      0.075      0.248

  Specific indirect 2
    FLIT
    FLCONFIN
    MALE               1.927      0.503      3.832      0.000      0.182


BETWEEN

Effects from FLSCHOOL to FLIT

  Total                0.000      0.000    999.000      0.000      0.167
  Total indirect       0.000      0.000    999.000      0.000      0.167


Effects from FLFAMILY to FLIT

  Total                0.000      0.000    999.000      0.000      0.167
  Total indirect       0.000      0.000    999.000      0.000      0.167


Effects from NOBULLY to FLIT

  Total                0.000      0.000    999.000      0.000      0.167
  Total indirect       0.000      0.000    999.000      0.000      0.167


Effects from ESCS to FLIT

  Total                0.000      0.000    999.000      0.000      0.167
  Total indirect       0.000      0.000    999.000      0.000      0.167


Effects from IMMI2GEN to FLIT

  Total                0.000      0.000    999.000      0.000      0.167
  Total indirect       0.000      0.000    999.000      0.000      0.167


Effects from MALE to FLIT

  Total                0.000      0.000    999.000      0.000      0.167
  Total indirect       0.000      0.000    999.000      0.000      0.167



STANDARDIZED TOTAL, TOTAL INDIRECT, SPECIFIC INDIRECT, AND DIRECT EFFECTS


STDYX Standardization

                                                    Two-Tailed   Rate of
                    Estimate       S.E.  Est./S.E.    P-Value    Missing

WITHIN

Effects from FLSCHOOL to FLIT

  Total               -0.058      0.023     -2.511      0.012      0.390
  Total indirect       0.032      0.006      4.950      0.000      0.221

  Specific indirect 1
    FLIT
    FCFMLRTY
    FLSCHOOL           0.023      0.006      4.078      0.000      0.346

  Specific indirect 2
    FLIT
    FLCONFIN
    FLSCHOOL           0.009      0.004      2.505      0.012      0.344

  Direct
    FLIT
    FLSCHOOL          -0.089      0.024     -3.735      0.000      0.447


Effects from FLFAMILY to FLIT

  Total                0.073      0.020      3.663      0.000      0.318
  Total indirect       0.035      0.006      5.873      0.000      0.357

  Specific indirect 1
    FLIT
    FCFMLRTY
    FLFAMILY           0.014      0.004      3.529      0.000      0.362

  Specific indirect 2
    FLIT
    FLCONFIN
    FLFAMILY           0.021      0.005      4.600      0.000      0.390

  Direct
    FLIT
    FLFAMILY           0.039      0.020      1.975      0.048      0.281


Effects from NOBULLY to FLIT

  Total                0.046      0.021      2.164      0.030      0.427
  Total indirect       0.006      0.004      1.616      0.106      0.312

  Specific indirect 1
    FLIT
    FCFMLRTY
    NOBULLY            0.003      0.002      1.503      0.133      0.342

  Specific indirect 2
    FLIT
    FLCONFIN
    NOBULLY            0.002      0.003      0.952      0.341      0.324

  Direct
    FLIT
    NOBULLY            0.040      0.021      1.892      0.058      0.411


Effects from ESCS to FLIT

  Total                0.157      0.026      6.031      0.000      0.198
  Total indirect       0.025      0.005      5.175      0.000      0.200

  Specific indirect 1
    FLIT
    FCFMLRTY
    ESCS               0.014      0.004      3.881      0.000      0.296

  Specific indirect 2
    FLIT
    FLCONFIN
    ESCS               0.011      0.003      3.225      0.001      0.372

  Direct
    FLIT
    ESCS               0.132      0.026      5.117      0.000      0.192


Effects from IMMI2GEN to FLIT

  Total               -0.001      0.003     -0.321      0.748      0.309
  Total indirect      -0.001      0.003     -0.321      0.748      0.309

  Specific indirect 1
    FLIT
    FCFMLRTY
    IMMI2GEN           0.000      0.002     -0.231      0.818      0.243

  Specific indirect 2
    FLIT
    FLCONFIN
    IMMI2GEN          -0.001      0.002     -0.225      0.822      0.510


Effects from MALE to FLIT

  Total                0.016      0.004      4.218      0.000      0.120
  Total indirect       0.016      0.004      4.218      0.000      0.120

  Specific indirect 1
    FLIT
    FCFMLRTY
    MALE               0.004      0.002      1.771      0.076      0.265

  Specific indirect 2
    FLIT
    FLCONFIN
    MALE               0.012      0.003      3.903      0.000      0.165


BETWEEN

Effects from FLSCHOOL to FLIT

  Total                0.000      0.000      0.000      1.000      0.167
  Total indirect       0.000      0.000      0.000      1.000      0.167


Effects from FLFAMILY to FLIT

  Total                0.000      0.000      0.000      1.000      0.167
  Total indirect       0.000      0.000      0.000      1.000      0.167


Effects from NOBULLY to FLIT

  Total                0.000      0.000      0.000      1.000      0.167
  Total indirect       0.000      0.000      0.000      1.000      0.167


Effects from ESCS to FLIT

  Total                0.000      0.000      0.000      1.000      0.167
  Total indirect       0.000      0.000      0.000      1.000      0.167


Effects from IMMI2GEN to FLIT

  Total                0.000      0.000      0.000      1.000      0.167
  Total indirect       0.000      0.000      0.000      1.000      0.167


Effects from MALE to FLIT

  Total                0.000      0.000      0.000      1.000      0.167
  Total indirect       0.000      0.000      0.000      1.000      0.167




TECHNICAL 1 OUTPUT


     PARAMETER SPECIFICATION FOR WITHIN


           NU
              FLIT          FLSCHOOL      NOBULLY       FLFAMILY      FCFMLRTY
              ________      ________      ________      ________      ________
                    0             0             0             0             0


           NU
              FLCONFIN      IMMI1GEN      IMMI2GEN      ESCS          MALE
              ________      ________      ________      ________      ________
                    0             0             0             0             0


           LAMBDA
              FLIT          FLSCHOOL      NOBULLY       FLFAMILY      FCFMLRTY
              ________      ________      ________      ________      ________
 FLIT               0             0             0             0             0
 FLSCHOOL           0             0             0             0             0
 NOBULLY            0             0             0             0             0
 FLFAMILY           0             0             0             0             0
 FCFMLRTY           0             0             0             0             0
 FLCONFIN           0             0             0             0             0
 IMMI1GEN           0             0             0             0             0
 IMMI2GEN           0             0             0             0             0
 ESCS               0             0             0             0             0
 MALE               0             0             0             0             0


           LAMBDA
              FLCONFIN      IMMI1GEN      IMMI2GEN      ESCS          MALE
              ________      ________      ________      ________      ________
 FLIT               0             0             0             0             0
 FLSCHOOL           0             0             0             0             0
 NOBULLY            0             0             0             0             0
 FLFAMILY           0             0             0             0             0
 FCFMLRTY           0             0             0             0             0
 FLCONFIN           0             0             0             0             0
 IMMI1GEN           0             0             0             0             0
 IMMI2GEN           0             0             0             0             0
 ESCS               0             0             0             0             0
 MALE               0             0             0             0             0


           THETA
              FLIT          FLSCHOOL      NOBULLY       FLFAMILY      FCFMLRTY
              ________      ________      ________      ________      ________
 FLIT               0
 FLSCHOOL           0             0
 NOBULLY            0             0             0
 FLFAMILY           0             0             0             0
 FCFMLRTY           0             0             0             0             0
 FLCONFIN           0             0             0             0             0
 IMMI1GEN           0             0             0             0             0
 IMMI2GEN           0             0             0             0             0
 ESCS               0             0             0             0             0
 MALE               0             0             0             0             0


           THETA
              FLCONFIN      IMMI1GEN      IMMI2GEN      ESCS          MALE
              ________      ________      ________      ________      ________
 FLCONFIN           0
 IMMI1GEN           0             0
 IMMI2GEN           0             0             0
 ESCS               0             0             0             0
 MALE               0             0             0             0             0


           ALPHA
              FLIT          FLSCHOOL      NOBULLY       FLFAMILY      FCFMLRTY
              ________      ________      ________      ________      ________
                    0             0             0             0             1


           ALPHA
              FLCONFIN      IMMI1GEN      IMMI2GEN      ESCS          MALE
              ________      ________      ________      ________      ________
                    2             3             4             5             0


           BETA
              FLIT          FLSCHOOL      NOBULLY       FLFAMILY      FCFMLRTY
              ________      ________      ________      ________      ________
 FLIT               0             6             7             8             9
 FLSCHOOL           0             0             0             0             0
 NOBULLY            0             0             0             0             0
 FLFAMILY           0             0             0             0             0
 FCFMLRTY           0            13            14            15             0
 FLCONFIN           0            19            20            21             0
 IMMI1GEN           0             0             0             0             0
 IMMI2GEN           0             0             0             0             0
 ESCS               0             0             0             0             0
 MALE               0             0             0             0             0


           BETA
              FLCONFIN      IMMI1GEN      IMMI2GEN      ESCS          MALE
              ________      ________      ________      ________      ________
 FLIT              10            11             0            12             0
 FLSCHOOL           0             0             0             0             0
 NOBULLY            0             0             0             0             0
 FLFAMILY           0             0             0             0             0
 FCFMLRTY           0             0            16            17            18
 FLCONFIN           0             0            22            23            24
 IMMI1GEN           0             0             0             0             0
 IMMI2GEN           0             0             0             0             0
 ESCS               0             0             0             0             0
 MALE               0             0             0             0             0


           PSI
              FLIT          FLSCHOOL      NOBULLY       FLFAMILY      FCFMLRTY
              ________      ________      ________      ________      ________
 FLIT              25
 FLSCHOOL           0            26
 NOBULLY            0            27            28
 FLFAMILY           0            29            30            31
 FCFMLRTY           0             0             0             0            32
 FLCONFIN           0             0             0             0            33
 IMMI1GEN           0             0             0             0             0
 IMMI2GEN           0             0             0             0             0
 ESCS               0            37             0            38             0
 MALE               0             0             0             0             0


           PSI
              FLCONFIN      IMMI1GEN      IMMI2GEN      ESCS          MALE
              ________      ________      ________      ________      ________
 FLCONFIN          34
 IMMI1GEN           0            35
 IMMI2GEN           0             0            36
 ESCS               0            39            40            41
 MALE               0             0             0             0             0


     PARAMETER SPECIFICATION FOR BETWEEN


           NU
              EDUSHORT      STRATIO       FLIT          FLSCHOOL      NOBULLY
              ________      ________      ________      ________      ________
                    0             0             0             0             0


           NU
              FLFAMILY
              ________
                    0


           LAMBDA
              EDUSHORT      STRATIO       FLIT          FLSCHOOL      NOBULLY
              ________      ________      ________      ________      ________
 EDUSHORT           0             0             0             0             0
 STRATIO            0             0             0             0             0
 FLIT               0             0             0             0             0
 FLSCHOOL           0             0             0             0             0
 NOBULLY            0             0             0             0             0
 FLFAMILY           0             0             0             0             0


           LAMBDA
              FLFAMILY
              ________
 EDUSHORT           0
 STRATIO            0
 FLIT               0
 FLSCHOOL           0
 NOBULLY            0
 FLFAMILY           0


           THETA
              EDUSHORT      STRATIO       FLIT          FLSCHOOL      NOBULLY
              ________      ________      ________      ________      ________
 EDUSHORT           0
 STRATIO            0             0
 FLIT               0             0             0
 FLSCHOOL           0             0             0             0
 NOBULLY            0             0             0             0             0
 FLFAMILY           0             0             0             0             0


           THETA
              FLFAMILY
              ________
 FLFAMILY           0


           ALPHA
              EDUSHORT      STRATIO       FLIT          FLSCHOOL      NOBULLY
              ________      ________      ________      ________      ________
                   42            43            44            45            46


           ALPHA
              FLFAMILY
              ________
                   47


           BETA
              EDUSHORT      STRATIO       FLIT          FLSCHOOL      NOBULLY
              ________      ________      ________      ________      ________
 EDUSHORT           0             0             0             0             0
 STRATIO            0             0             0             0             0
 FLIT               0             0             0             0             0
 FLSCHOOL           0             0             0             0             0
 NOBULLY            0             0             0             0             0
 FLFAMILY           0             0             0             0             0


           BETA
              FLFAMILY
              ________
 EDUSHORT           0
 STRATIO            0
 FLIT               0
 FLSCHOOL           0
 NOBULLY            0
 FLFAMILY           0


           PSI
              EDUSHORT      STRATIO       FLIT          FLSCHOOL      NOBULLY
              ________      ________      ________      ________      ________
 EDUSHORT          48
 STRATIO           49            50
 FLIT              51            52            53
 FLSCHOOL          54            55            56            57
 NOBULLY           58            59            60            61            62
 FLFAMILY          63            64            65            66            67


           PSI
              FLFAMILY
              ________
 FLFAMILY          68


     STARTING VALUES FOR WITHIN


           NU
              FLIT          FLSCHOOL      NOBULLY       FLFAMILY      FCFMLRTY
              ________      ________      ________      ________      ________
                0.000         0.000         0.000         0.000         0.000


           NU
              FLCONFIN      IMMI1GEN      IMMI2GEN      ESCS          MALE
              ________      ________      ________      ________      ________
                0.000         0.000         0.000         0.000         0.000


           LAMBDA
              FLIT          FLSCHOOL      NOBULLY       FLFAMILY      FCFMLRTY
              ________      ________      ________      ________      ________
 FLIT           1.000         0.000         0.000         0.000         0.000
 FLSCHOOL       0.000         1.000         0.000         0.000         0.000
 NOBULLY        0.000         0.000         1.000         0.000         0.000
 FLFAMILY       0.000         0.000         0.000         1.000         0.000
 FCFMLRTY       0.000         0.000         0.000         0.000         1.000
 FLCONFIN       0.000         0.000         0.000         0.000         0.000
 IMMI1GEN       0.000         0.000         0.000         0.000         0.000
 IMMI2GEN       0.000         0.000         0.000         0.000         0.000
 ESCS           0.000         0.000         0.000         0.000         0.000
 MALE           0.000         0.000         0.000         0.000         0.000


           LAMBDA
              FLCONFIN      IMMI1GEN      IMMI2GEN      ESCS          MALE
              ________      ________      ________      ________      ________
 FLIT           0.000         0.000         0.000         0.000         0.000
 FLSCHOOL       0.000         0.000         0.000         0.000         0.000
 NOBULLY        0.000         0.000         0.000         0.000         0.000
 FLFAMILY       0.000         0.000         0.000         0.000         0.000
 FCFMLRTY       0.000         0.000         0.000         0.000         0.000
 FLCONFIN       1.000         0.000         0.000         0.000         0.000
 IMMI1GEN       0.000         1.000         0.000         0.000         0.000
 IMMI2GEN       0.000         0.000         1.000         0.000         0.000
 ESCS           0.000         0.000         0.000         1.000         0.000
 MALE           0.000         0.000         0.000         0.000         1.000


           THETA
              FLIT          FLSCHOOL      NOBULLY       FLFAMILY      FCFMLRTY
              ________      ________      ________      ________      ________
 FLIT           0.000
 FLSCHOOL       0.000         0.000
 NOBULLY        0.000         0.000         0.000
 FLFAMILY       0.000         0.000         0.000         0.000
 FCFMLRTY       0.000         0.000         0.000         0.000         0.000
 FLCONFIN       0.000         0.000         0.000         0.000         0.000
 IMMI1GEN       0.000         0.000         0.000         0.000         0.000
 IMMI2GEN       0.000         0.000         0.000         0.000         0.000
 ESCS           0.000         0.000         0.000         0.000         0.000
 MALE           0.000         0.000         0.000         0.000         0.000


           THETA
              FLCONFIN      IMMI1GEN      IMMI2GEN      ESCS          MALE
              ________      ________      ________      ________      ________
 FLCONFIN       0.000
 IMMI1GEN       0.000         0.000
 IMMI2GEN       0.000         0.000         0.000
 ESCS           0.000         0.000         0.000         0.000
 MALE           0.000         0.000         0.000         0.000         0.000


           ALPHA
              FLIT          FLSCHOOL      NOBULLY       FLFAMILY      FCFMLRTY
              ________      ________      ________      ________      ________
                0.000         0.000         0.000         0.000         6.645


           ALPHA
              FLCONFIN      IMMI1GEN      IMMI2GEN      ESCS          MALE
              ________      ________      ________      ________      ________
                0.041         0.026         0.010        -0.288         0.000


           BETA
              FLIT          FLSCHOOL      NOBULLY       FLFAMILY      FCFMLRTY
              ________      ________      ________      ________      ________
 FLIT           0.000         0.000         0.000         0.000         0.000
 FLSCHOOL       0.000         0.000         0.000         0.000         0.000
 NOBULLY        0.000         0.000         0.000         0.000         0.000
 FLFAMILY       0.000         0.000         0.000         0.000         0.000
 FCFMLRTY       0.000         0.000         0.000         0.000         0.000
 FLCONFIN       0.000         0.000         0.000         0.000         0.000
 IMMI1GEN       0.000         0.000         0.000         0.000         0.000
 IMMI2GEN       0.000         0.000         0.000         0.000         0.000
 ESCS           0.000         0.000         0.000         0.000         0.000
 MALE           0.000         0.000         0.000         0.000         0.000


           BETA
              FLCONFIN      IMMI1GEN      IMMI2GEN      ESCS          MALE
              ________      ________      ________      ________      ________
 FLIT           0.000         0.000         0.000         0.000         0.000
 FLSCHOOL       0.000         0.000         0.000         0.000         0.000
 NOBULLY        0.000         0.000         0.000         0.000         0.000
 FLFAMILY       0.000         0.000         0.000         0.000         0.000
 FCFMLRTY       0.000         0.000         0.000         0.000         0.000
 FLCONFIN       0.000         0.000         0.000         0.000         0.000
 IMMI1GEN       0.000         0.000         0.000         0.000         0.000
 IMMI2GEN       0.000         0.000         0.000         0.000         0.000
 ESCS           0.000         0.000         0.000         0.000         0.000
 MALE           0.000         0.000         0.000         0.000         0.000


           PSI
              FLIT          FLSCHOOL      NOBULLY       FLFAMILY      FCFMLRTY
              ________      ________      ________      ________      ________
 FLIT        4466.862
 FLSCHOOL       0.000         0.476
 NOBULLY        0.000         0.000         0.497
 FLFAMILY       0.000         0.000         0.000         0.571
 FCFMLRTY       0.000         0.000         0.000         0.000        13.581
 FLCONFIN       0.000         0.000         0.000         0.000         0.000
 IMMI1GEN       0.000         0.000         0.000         0.000         0.000
 IMMI2GEN       0.000         0.000         0.000         0.000         0.000
 ESCS           0.000         0.000         0.000         0.000         0.000
 MALE           0.000         0.000         0.000         0.000         0.000


           PSI
              FLCONFIN      IMMI1GEN      IMMI2GEN      ESCS          MALE
              ________      ________      ________      ________      ________
 FLCONFIN       0.517
 IMMI1GEN       0.000         0.012
 IMMI2GEN       0.000         0.000         0.005
 ESCS           0.000         0.000         0.000         0.592
 MALE           0.000         0.000         0.000         0.000         0.125


     STARTING VALUES FOR BETWEEN


           NU
              EDUSHORT      STRATIO       FLIT          FLSCHOOL      NOBULLY
              ________      ________      ________      ________      ________
                0.000         0.000         0.000         0.000         0.000


           NU
              FLFAMILY
              ________
                0.000


           LAMBDA
              EDUSHORT      STRATIO       FLIT          FLSCHOOL      NOBULLY
              ________      ________      ________      ________      ________
 EDUSHORT       1.000         0.000         0.000         0.000         0.000
 STRATIO        0.000         1.000         0.000         0.000         0.000
 FLIT           0.000         0.000         1.000         0.000         0.000
 FLSCHOOL       0.000         0.000         0.000         1.000         0.000
 NOBULLY        0.000         0.000         0.000         0.000         1.000
 FLFAMILY       0.000         0.000         0.000         0.000         0.000


           LAMBDA
              FLFAMILY
              ________
 EDUSHORT       0.000
 STRATIO        0.000
 FLIT           0.000
 FLSCHOOL       0.000
 NOBULLY        0.000
 FLFAMILY       1.000


           THETA
              EDUSHORT      STRATIO       FLIT          FLSCHOOL      NOBULLY
              ________      ________      ________      ________      ________
 EDUSHORT       0.000
 STRATIO        0.000         0.000
 FLIT           0.000         0.000         0.000
 FLSCHOOL       0.000         0.000         0.000         0.000
 NOBULLY        0.000         0.000         0.000         0.000         0.000
 FLFAMILY       0.000         0.000         0.000         0.000         0.000


           THETA
              FLFAMILY
              ________
 FLFAMILY       0.000


           ALPHA
              EDUSHORT      STRATIO       FLIT          FLSCHOOL      NOBULLY
              ________      ________      ________      ________      ________
               -0.238        18.629       466.183        -0.203         0.018


           ALPHA
              FLFAMILY
              ________
                0.007


           BETA
              EDUSHORT      STRATIO       FLIT          FLSCHOOL      NOBULLY
              ________      ________      ________      ________      ________
 EDUSHORT       0.000         0.000         0.000         0.000         0.000
 STRATIO        0.000         0.000         0.000         0.000         0.000
 FLIT           0.000         0.000         0.000         0.000         0.000
 FLSCHOOL       0.000         0.000         0.000         0.000         0.000
 NOBULLY        0.000         0.000         0.000         0.000         0.000
 FLFAMILY       0.000         0.000         0.000         0.000         0.000


           BETA
              FLFAMILY
              ________
 EDUSHORT       0.000
 STRATIO        0.000
 FLIT           0.000
 FLSCHOOL       0.000
 NOBULLY        0.000
 FLFAMILY       0.000


           PSI
              EDUSHORT      STRATIO       FLIT          FLSCHOOL      NOBULLY
              ________      ________      ________      ________      ________
 EDUSHORT       0.395
 STRATIO        0.000        52.756
 FLIT           0.000         0.000      4466.862
 FLSCHOOL       0.000         0.000         0.000         0.476
 NOBULLY        0.000         0.000         0.000         0.000         0.497
 FLFAMILY       0.000         0.000         0.000         0.000         0.000


           PSI
              FLFAMILY
              ________
 FLFAMILY       0.571


     Beginning Time:  18:05:25
        Ending Time:  18:08:24
       Elapsed Time:  00:02:59



MUTHEN & MUTHEN
3463 Stoner Ave.
Los Angeles, CA  90066

Tel: (310) 391-9971
Fax: (310) 391-8971
Web: www.StatModel.com
Support: Support@StatModel.com

Copyright (c) 1998-2020 Muthen & Muthen
