Mplus VERSION 8.3
MUTHEN & MUTHEN
02/10/2021   7:20 PM

INPUT INSTRUCTIONS


  TITLE:
      Two-level saturated model 604

  DATA:
      file = "C:\Users\tctan\implist.dat";

      type = imputation;


  VARIABLE:
      names =
          FKI CNTRYID CNTSCHID W_STU
          MATH READ FLIT                      ! PISA achievement variables
          MALE IMMI1GEN IMMI2GEN ESCS         ! Demographic info
          FCFMLRTY FLCONFIN                   ! Affect
          FLSCHOOL                            !   Lat var "Academic"
          NOBULLY                             !   Lat var "Safety"
          FLFAMILY                            !   Lat var "Community"
          W_SCH STRATIO                       ! School character
          EDUSHORT                            !   Lat var "inst. env."
          ;

      useobs = CNTRYID eq 604;          ! Pull out one country at a time

      usevar =
          FLIT                                ! PISA achievement variables
          FLSCHOOL                            !   Lat var "Academic"
          NOBULLY                             !   Lat var "Safety"
          FLFAMILY                            !   Lat var "Community"
          EDUSHORT STRATIO                    !   Lat var "Inst env"
          FCFMLRTY FLCONFIN                   ! Affect
          MALE IMMI1GEN IMMI2GEN ESCS         ! Demographic info
          ;

      ! Vars that ONLY appear in L1
      within =
          FCFMLRTY FLCONFIN                   ! Affective vars
          MALE IMMI1GEN IMMI2GEN ESCS         ! L1 control vars
          ;

      ! Vars that ONLY appear in L2
      between =
          EDUSHORT STRATIO                    ! L2: school
          ;

      weight = W_STU;                         ! Student weight
      wtscale = cluster;                      ! Scale L1 weight to cluster size
      bweight = W_SCH;                        ! School weight
      bwtscale = sample;                      ! Scale L2 weight to sample

      cluster = CNTSCHID;                     ! Cluster by school ID


  ANALYSIS:
      processors = 4;

      type = twolevel;


  MODEL:

  %Within%                                    ! === L1: Student-level ===

      ! Indirect pathways (1st half): school climate vars onto mediators
          ! Onto mediator FAMILIARITY
      FCFMLRTY on FLSCHOOL NOBULLY FLFAMILY;
          ! Onto mediator CONFIDENCE
      FLCONFIN on FLSCHOOL NOBULLY FLFAMILY;

      ! Total effect
      FLIT on
          ! Direct pathways: school climate vars onto financial literacy
          FLSCHOOL NOBULLY FLFAMILY
          ! Indirect pathways (2nd half): affective vars onto financial literacy
          FCFMLRTY FLCONFIN
          ! Control vars (demographic info)
          MALE IMMI1GEN IMMI2GEN ESCS
          ;

      ! Covariances
          ! Between school climate vars
      FLSCHOOL with NOBULLY;
      FLSCHOOL with FLFAMILY;
      NOBULLY with FLFAMILY;
          ! Between mediators
      FCFMLRTY with FLCONFIN;
          ! ESCS with FLFAMILY
      ESCS with FLFAMILY

  %Between%                                   ! === L2: School-level ===

      FLIT-STRATIO WITH FLIT-STRATIO;


  MODEL INDIRECT:

      ! Indirect effects
      FLIT ind FLSCHOOL;
      FLIT ind NOBULLY;
      FLIT ind FLFAMILY;


  OUTPUT:
      stdyx                                   ! Fully standardised solution
      mod(all)                                ! Mod indices (all)
      ;



*** WARNING in MODEL command
  In the MODEL command, the following variable is a y-variable on the BETWEEN
  level and an x-variable on the WITHIN level.  This variable will be treated
  as a y-variable on both levels:  FLSCHOOL
*** WARNING in MODEL command
  In the MODEL command, the following variable is a y-variable on the BETWEEN
  level and an x-variable on the WITHIN level.  This variable will be treated
  as a y-variable on both levels:  NOBULLY
*** WARNING in MODEL command
  In the MODEL command, the following variable is a y-variable on the BETWEEN
  level and an x-variable on the WITHIN level.  This variable will be treated
  as a y-variable on both levels:  FLFAMILY
*** WARNING in OUTPUT command
  MODINDICES option is not available for multiple imputation.
  Request for MODINDICES is ignored.
   4 WARNING(S) FOUND IN THE INPUT INSTRUCTIONS




Two-level saturated model 604

SUMMARY OF ANALYSIS

Number of groups                                                 1
Average number of observations                                4732

Number of replications
    Requested                                                   10
    Completed                                                   10

Number of dependent variables                                    8
Number of independent variables                                  4
Number of continuous latent variables                            0

Observed dependent variables

  Continuous
   EDUSHORT    STRATIO     FLIT        FLSCHOOL    NOBULLY     FLFAMILY
   FCFMLRTY    FLCONFIN

Observed independent variables
   MALE        IMMI1GEN    IMMI2GEN    ESCS

Variables with special functions

  Cluster variable      CNTSCHID
  Weight variable (cluster-size scaling)
    W_STU
  Between weight variable (sample-size scaling)
    W_SCH

  Within variables
   FCFMLRTY    FLCONFIN    MALE        IMMI1GEN    IMMI2GEN    ESCS

  Between variables
   EDUSHORT    STRATIO


Estimator                                                      MLR
Information matrix                                        OBSERVED
Maximum number of iterations                                   100
Convergence criterion                                    0.100D-05
Maximum number of EM iterations                                500
Convergence criteria for the EM algorithm
  Loglikelihood change                                   0.100D-02
  Relative loglikelihood change                          0.100D-05
  Derivative                                             0.100D-03
Minimum variance                                         0.100D-03
Maximum number of steepest descent iterations                   20
Maximum number of iterations for H1                           2000
Convergence criterion for H1                             0.100D-03
Optimization algorithm                                         EMA

Input data file(s)
  Multiple data files from
    C:\Users\tctan\implist.dat
Input data format  FREE


SUMMARY OF DATA FOR THE FIRST DATA SET

     Number of clusters                        337

     Average cluster size       14.042

     Estimated Intraclass Correlations for the Y Variables

                Intraclass              Intraclass              Intraclass
     Variable  Correlation   Variable  Correlation   Variable  Correlation

     FLIT         0.251      FLSCHOOL     0.031      NOBULLY      0.003
     FLFAMILY     0.005      FCFMLRTY     0.000      FLCONFIN     0.000
     ESCS         0.000



SAMPLE STATISTICS

NOTE:  The sample statistics for within and between refer to the
       maximum-likelihood estimated within and between covariance
       matrices, respectively.

NOTE:  These are average results over 10 data sets.


     ESTIMATED SAMPLE STATISTICS FOR WITHIN


           Means
              EDUSHORT      STRATIO       FLIT          FLSCHOOL      NOBULLY
              ________      ________      ________      ________      ________
                0.000         0.000         0.000         0.000         0.000


           Means
              FLFAMILY      FCFMLRTY      FLCONFIN      ESCS          MALE
              ________      ________      ________      ________      ________
                0.000         6.937        -0.299        -1.018         0.502


           Means
              IMMI1GEN      IMMI2GEN
              ________      ________
                0.002         0.003


           Covariances
              EDUSHORT      STRATIO       FLIT          FLSCHOOL      NOBULLY
              ________      ________      ________      ________      ________
 EDUSHORT       0.000
 STRATIO        0.000         0.000
 FLIT           0.000         0.000      6268.517
 FLSCHOOL       0.000         0.000         7.397         0.742
 NOBULLY        0.000         0.000         4.144        -0.016         1.046
 FLFAMILY       0.000         0.000         6.325         0.249        -0.005
 FCFMLRTY       0.000         0.000       110.712         1.747         0.292
 FLCONFIN       0.000         0.000        15.237         0.214        -0.010
 ESCS           0.000         0.000        22.895         0.144         0.064
 MALE           0.000         0.000         3.011        -0.001        -0.054
 IMMI1GEN       0.000         0.000        -0.015        -0.001         0.000
 IMMI2GEN       0.000         0.000        -0.205         0.000         0.000


           Covariances
              FLFAMILY      FCFMLRTY      FLCONFIN      ESCS          MALE
              ________      ________      ________      ________      ________
 FLFAMILY       1.048
 FCFMLRTY       1.121        25.455
 FLCONFIN       0.219         1.560         0.983
 ESCS           0.135         1.702         0.321         1.295
 MALE          -0.013         0.012         0.043         0.030         0.250
 IMMI1GEN      -0.001         0.004         0.001         0.000         0.000
 IMMI2GEN       0.000        -0.002         0.000         0.000        -0.001


           Covariances
              IMMI1GEN      IMMI2GEN
              ________      ________
 IMMI1GEN       0.002
 IMMI2GEN       0.000         0.003


           Correlations
              EDUSHORT      STRATIO       FLIT          FLSCHOOL      NOBULLY
              ________      ________      ________      ________      ________
 EDUSHORT       0.000
 STRATIO        0.000         0.000
 FLIT           0.000         0.000         1.000
 FLSCHOOL       0.000         0.000         0.108         1.000
 NOBULLY        0.000         0.000         0.051        -0.018         1.000
 FLFAMILY       0.000         0.000         0.078         0.282        -0.005
 FCFMLRTY       0.000         0.000         0.277         0.402         0.057
 FLCONFIN       0.000         0.000         0.194         0.251        -0.010
 ESCS           0.000         0.000         0.254         0.146         0.055
 MALE           0.000         0.000         0.076        -0.002        -0.106
 IMMI1GEN       0.000         0.000        -0.004        -0.025         0.008
 IMMI2GEN       0.000         0.000        -0.046        -0.002        -0.003


           Correlations
              FLFAMILY      FCFMLRTY      FLCONFIN      ESCS          MALE
              ________      ________      ________      ________      ________
 FLFAMILY       1.000
 FCFMLRTY       0.217         1.000
 FLCONFIN       0.216         0.312         1.000
 ESCS           0.116         0.296         0.284         1.000
 MALE          -0.026         0.005         0.088         0.052         1.000
 IMMI1GEN      -0.024         0.016         0.020         0.002        -0.010
 IMMI2GEN      -0.002        -0.007         0.001         0.001        -0.022


           Correlations
              IMMI1GEN      IMMI2GEN
              ________      ________
 IMMI1GEN       1.000
 IMMI2GEN      -0.002         1.000


     ESTIMATED SAMPLE STATISTICS FOR BETWEEN


           Means
              EDUSHORT      STRATIO       FLIT          FLSCHOOL      NOBULLY
              ________      ________      ________      ________      ________
                0.616        17.322       413.811         0.229        -0.047


           Means
              FLFAMILY      FCFMLRTY      FLCONFIN      ESCS          MALE
              ________      ________      ________      ________      ________
                0.178         0.000         0.000         0.000         0.000


           Means
              IMMI1GEN      IMMI2GEN
              ________      ________
                0.000         0.000


           Covariances
              EDUSHORT      STRATIO       FLIT          FLSCHOOL      NOBULLY
              ________      ________      ________      ________      ________
 EDUSHORT       1.325
 STRATIO        0.532       120.999
 FLIT         -24.599        13.762      1973.269
 FLSCHOOL       0.023         0.040        -0.839         0.024
 NOBULLY       -0.043        -0.015         1.734        -0.005         0.008
 FLFAMILY       0.014         0.116         1.000         0.002         0.000
 FCFMLRTY       0.000         0.000         0.000         0.000         0.000
 FLCONFIN       0.000         0.000         0.000         0.000         0.000
 ESCS           0.000         0.000         0.000         0.000         0.000
 MALE           0.000         0.000         0.000         0.000         0.000
 IMMI1GEN       0.000         0.000         0.000         0.000         0.000
 IMMI2GEN       0.000         0.000         0.000         0.000         0.000


           Covariances
              FLFAMILY      FCFMLRTY      FLCONFIN      ESCS          MALE
              ________      ________      ________      ________      ________
 FLFAMILY       0.006
 FCFMLRTY       0.000         0.000
 FLCONFIN       0.000         0.000         0.000
 ESCS           0.000         0.000         0.000         0.000
 MALE           0.000         0.000         0.000         0.000         0.000
 IMMI1GEN       0.000         0.000         0.000         0.000         0.000
 IMMI2GEN       0.000         0.000         0.000         0.000         0.000


           Covariances
              IMMI1GEN      IMMI2GEN
              ________      ________
 IMMI1GEN       0.000
 IMMI2GEN       0.000         0.000


           Correlations
              EDUSHORT      STRATIO       FLIT          FLSCHOOL      NOBULLY
              ________      ________      ________      ________      ________
 EDUSHORT       1.000
 STRATIO        0.042         1.000
 FLIT          -0.481         0.028         1.000
 FLSCHOOL       0.130         0.023        -0.121         1.000
 NOBULLY       -0.427        -0.015         0.444        -0.343         1.000
 FLFAMILY       0.151         0.133         0.284         0.147        -0.018
 FCFMLRTY       0.000         0.000         0.000         0.000         0.000
 FLCONFIN       0.000         0.000         0.000         0.000         0.000
 ESCS           0.000         0.000         0.000         0.000         0.000
 MALE           0.000         0.000         0.000         0.000         0.000
 IMMI1GEN       0.000         0.000         0.000         0.000         0.000
 IMMI2GEN       0.000         0.000         0.000         0.000         0.000


           Correlations
              FLFAMILY      FCFMLRTY      FLCONFIN      ESCS          MALE
              ________      ________      ________      ________      ________
 FLFAMILY       1.000
 FCFMLRTY       0.000         0.000
 FLCONFIN       0.000         0.000         0.000
 ESCS           0.000         0.000         0.000         0.000
 MALE           0.000         0.000         0.000         0.000         0.000
 IMMI1GEN       0.000         0.000         0.000         0.000         0.000
 IMMI2GEN       0.000         0.000         0.000         0.000         0.000


           Correlations
              IMMI1GEN      IMMI2GEN
              ________      ________
 IMMI1GEN       0.000
 IMMI2GEN       0.000         0.000




MODEL FIT INFORMATION

Number of Free Parameters                       57

Loglikelihood

    H0 Value

        Mean                            -76016.182
        Std Dev                             53.768
        Number of successful computations       10

             Proportions                   Percentiles
        Expected    Observed         Expected       Observed
           0.990       1.000       -76141.262     -76082.047
           0.980       1.000       -76126.605     -76082.047
           0.950       1.000       -76104.625     -76082.047
           0.900       1.000       -76085.091     -76082.047
           0.800       0.700       -76061.433     -76082.047
           0.700       0.500       -76044.378     -76071.227
           0.500       0.500       -76016.182     -76052.596
           0.300       0.400       -75987.986     -75986.855
           0.200       0.300       -75970.931     -75960.127
           0.100       0.200       -75947.273     -75944.461
           0.050       0.000       -75927.739     -75944.461
           0.020       0.000       -75905.758     -75944.461
           0.010       0.000       -75891.101     -75944.461

    H1 Value

        Mean                            -75640.186
        Std Dev                             56.735
        Number of successful computations       10

             Proportions                   Percentiles
        Expected    Observed         Expected       Observed
           0.990       1.000       -75772.170     -75705.062
           0.980       1.000       -75756.704     -75705.062
           0.950       1.000       -75733.510     -75705.062
           0.900       1.000       -75712.899     -75705.062
           0.800       0.700       -75687.935     -75705.062
           0.700       0.500       -75669.939     -75699.406
           0.500       0.500       -75640.186     -75680.953
           0.300       0.300       -75610.434     -75612.477
           0.200       0.300       -75592.438     -75576.342
           0.100       0.100       -75567.474     -75568.030
           0.050       0.000       -75546.863     -75568.030
           0.020       0.000       -75523.669     -75568.030
           0.010       0.000       -75508.203     -75568.030

Information Criteria

    Akaike (AIC)

        Mean                            152146.363
        Std Dev                            107.536
        Number of successful computations       10

             Proportions                   Percentiles
        Expected    Observed         Expected       Observed
           0.990       1.000       151896.202     151993.231
           0.980       1.000       151925.517     151993.231
           0.950       1.000       151969.477     151993.231
           0.900       0.800       152008.545     151993.231
           0.800       0.700       152055.861     151993.231
           0.700       0.600       152089.972     152034.254
           0.500       0.500       152146.363     152107.741
           0.300       0.500       152202.755     152219.246
           0.200       0.300       152236.866     152256.454
           0.100       0.000       152284.182     152264.792
           0.050       0.000       152323.250     152264.792
           0.020       0.000       152367.210     152264.792
           0.010       0.000       152396.525     152264.792

    Bayesian (BIC)

        Mean                            152514.703
        Std Dev                            107.536
        Number of successful computations       10

             Proportions                   Percentiles
        Expected    Observed         Expected       Observed
           0.990       1.000       152264.542     152361.571
           0.980       1.000       152293.857     152361.571
           0.950       1.000       152337.817     152361.571
           0.900       0.800       152376.885     152361.571
           0.800       0.700       152424.201     152361.571
           0.700       0.600       152458.311     152402.594
           0.500       0.500       152514.703     152476.080
           0.300       0.500       152571.095     152587.585
           0.200       0.300       152605.206     152624.794
           0.100       0.000       152652.522     152633.132
           0.050       0.000       152691.589     152633.132
           0.020       0.000       152735.550     152633.132
           0.010       0.000       152764.864     152633.132

    Sample-Size Adjusted BIC (n* = (n + 2) / 24)

        Mean                            152333.578
        Std Dev                            107.536
        Number of successful computations       10

             Proportions                   Percentiles
        Expected    Observed         Expected       Observed
           0.990       1.000       152083.417     152180.446
           0.980       1.000       152112.732     152180.446
           0.950       1.000       152156.692     152180.446
           0.900       0.800       152195.760     152180.446
           0.800       0.700       152243.076     152180.446
           0.700       0.600       152277.186     152221.469
           0.500       0.500       152333.578     152294.956
           0.300       0.500       152389.970     152406.460
           0.200       0.300       152424.081     152443.669
           0.100       0.000       152471.397     152452.007
           0.050       0.000       152510.464     152452.007
           0.020       0.000       152554.425     152452.007
           0.010       0.000       152583.739     152452.007

Chi-Square Test of Model Fit

        Degrees of freedom                      22

        Mean                               727.175
        Std Dev                             39.390
        Number of successful computations       10

             Proportions                   Percentiles
        Expected    Observed         Expected       Observed
           0.990       1.000            9.542        673.537
           0.980       1.000           10.600        673.537
           0.950       1.000           12.338        673.537
           0.900       1.000           14.041        673.537
           0.800       1.000           16.314        673.537
           0.700       1.000           18.101        675.225
           0.500       1.000           21.337        727.479
           0.300       1.000           24.939        745.137
           0.200       1.000           27.301        756.062
           0.100       1.000           30.813        771.345
           0.050       1.000           33.924        771.345
           0.020       1.000           37.659        771.345
           0.010       1.000           40.289        771.345

RMSEA (Root Mean Square Error Of Approximation)

        Mean                                 0.082
        Std Dev                              0.002
        Number of successful computations       10

             Proportions                   Percentiles
        Expected    Observed         Expected       Observed
           0.990       1.000            0.077          0.079
           0.980       1.000            0.078          0.079
           0.950       1.000            0.078          0.079
           0.900       0.700            0.079          0.079
           0.800       0.700            0.080          0.079
           0.700       0.700            0.081          0.079
           0.500       0.600            0.082          0.082
           0.300       0.300            0.083          0.083
           0.200       0.200            0.084          0.084
           0.100       0.100            0.085          0.085
           0.050       0.000            0.086          0.085
           0.020       0.000            0.087          0.085
           0.010       0.000            0.088          0.085

CFI/TLI

    CFI

        Mean                                 0.758
        Std Dev                              0.010
        Number of successful computations       10

             Proportions                   Percentiles
        Expected    Observed         Expected       Observed
           0.990       1.000            0.734          0.745
           0.980       1.000            0.737          0.745
           0.950       1.000            0.741          0.745
           0.900       1.000            0.745          0.745
           0.800       0.800            0.749          0.745
           0.700       0.600            0.753          0.750
           0.500       0.400            0.758          0.754
           0.300       0.300            0.763          0.760
           0.200       0.300            0.766          0.769
           0.100       0.200            0.771          0.773
           0.050       0.000            0.775          0.773
           0.020       0.000            0.779          0.773
           0.010       0.000            0.781          0.773

    TLI

        Mean                                 0.373
        Std Dev                              0.026
        Number of successful computations       10

             Proportions                   Percentiles
        Expected    Observed         Expected       Observed
           0.990       1.000            0.312          0.341
           0.980       1.000            0.319          0.341
           0.950       1.000            0.329          0.341
           0.900       1.000            0.339          0.341
           0.800       0.800            0.351          0.341
           0.700       0.600            0.359          0.351
           0.500       0.400            0.373          0.362
           0.300       0.300            0.386          0.379
           0.200       0.300            0.395          0.402
           0.100       0.200            0.406          0.413
           0.050       0.000            0.416          0.413
           0.020       0.000            0.427          0.413
           0.010       0.000            0.434          0.413

SRMR (Standardized Root Mean Square Residual) for the WITHIN level

        Mean                                 0.064
        Std Dev                              0.001
        Number of successful computations       10

             Proportions                   Percentiles
        Expected    Observed         Expected       Observed
           0.990       1.000            0.063          0.064
           0.980       1.000            0.063          0.064
           0.950       1.000            0.063          0.064
           0.900       0.900            0.064          0.064
           0.800       0.700            0.064          0.064
           0.700       0.600            0.064          0.064
           0.500       0.500            0.064          0.064
           0.300       0.200            0.065          0.064
           0.200       0.200            0.065          0.065
           0.100       0.200            0.065          0.065
           0.050       0.100            0.065          0.065
           0.020       0.000            0.065          0.065
           0.010       0.000            0.066          0.065

SRMR (Standardized Root Mean Square Residual) for the BETWEEN level

        Mean                                 0.192
        Std Dev                              0.011
        Number of successful computations       10

             Proportions                   Percentiles
        Expected    Observed         Expected       Observed
           0.990       1.000            0.165          0.177
           0.980       1.000            0.169          0.177
           0.950       1.000            0.173          0.177
           0.900       0.900            0.177          0.177
           0.800       0.800            0.182          0.177
           0.700       0.700            0.186          0.183
           0.500       0.300            0.192          0.189
           0.300       0.200            0.198          0.191
           0.200       0.200            0.202          0.194
           0.100       0.200            0.207          0.212
           0.050       0.200            0.211          0.212
           0.020       0.000            0.216          0.212
           0.010       0.000            0.219          0.212



MODEL RESULTS

                                                    Two-Tailed   Rate of
                    Estimate       S.E.  Est./S.E.    P-Value    Missing

Within Level

 FCFMLRTY   ON
    FLSCHOOL           2.143      0.093     22.985      0.000      0.050
    NOBULLY            0.281      0.094      2.996      0.003      0.479
    FLFAMILY           0.613      0.086      7.091      0.000      0.044

 FLCONFIN   ON
    FLSCHOOL           0.232      0.021     10.823      0.000      0.124
    NOBULLY           -0.011      0.020     -0.543      0.587      0.496
    FLFAMILY           0.162      0.019      8.548      0.000      0.105

 FLIT       ON
    FLSCHOOL          -1.976      1.938     -1.019      0.308      0.400
    NOBULLY            2.697      1.328      2.032      0.042      0.297
    FLFAMILY           0.571      1.557      0.367      0.714      0.436
    FCFMLRTY           3.252      0.328      9.923      0.000      0.272
    FLCONFIN           6.471      1.754      3.688      0.000      0.374
    MALE               9.930      3.489      2.846      0.004      0.512
    IMMI1GEN         -17.953     33.576     -0.535      0.593      0.517
    IMMI2GEN         -61.106     25.754     -2.373      0.018      0.571
    ESCS              11.483      1.896      6.057      0.000      0.248

 FLSCHOOL WITH
    NOBULLY           -0.019      0.022     -0.866      0.386      0.596
    FLFAMILY           0.239      0.017     14.139      0.000      0.054

 NOBULLY  WITH
    FLFAMILY          -0.011      0.024     -0.484      0.628      0.449

 FCFMLRTY WITH
    FLCONFIN           0.968      0.078     12.411      0.000      0.086

 ESCS     WITH
    FLFAMILY           0.123      0.027      4.615      0.000      0.063

 Means
    ESCS              -1.018      0.050    -20.293      0.000      0.001

 Intercepts
    FCFMLRTY           6.937      0.133     52.003      0.000      0.014
    FLCONFIN          -0.299      0.022    -13.479      0.000      0.060

 Variances
    FLSCHOOL           0.741      0.020     36.263      0.000      0.097
    NOBULLY            1.043      0.030     34.345      0.000      0.356
    FLFAMILY           1.049      0.023     45.592      0.000      0.054
    ESCS               1.295      0.056     23.322      0.000      0.004

 Residual Variances
    FLIT            5494.174    164.745     33.350      0.000      0.507
    FCFMLRTY          20.931      0.425     49.201      0.000      0.016
    FLCONFIN           0.896      0.023     38.492      0.000      0.096

Between Level

 FLIT     WITH
    FLSCHOOL          -0.577      0.873     -0.661      0.509      0.160
    NOBULLY            3.288      1.129      2.913      0.004      0.364
    FLFAMILY          -1.256      1.230     -1.021      0.307      0.113
    EDUSHORT         -24.718      3.809     -6.490      0.000      0.103
    STRATIO           13.719     32.320      0.424      0.671      0.051

 FLSCHOOL WITH
    NOBULLY           -0.005      0.005     -1.083      0.279      0.206
    FLFAMILY           0.004      0.004      0.885      0.376      0.051
    EDUSHORT           0.019      0.019      1.000      0.318      0.044
    STRATIO            0.024      0.154      0.153      0.878      0.101

 NOBULLY  WITH
    FLFAMILY          -0.004      0.006     -0.649      0.516      0.334
    EDUSHORT          -0.068      0.024     -2.818      0.005      0.282
    STRATIO            0.008      0.230      0.036      0.972      0.496

 FLFAMILY WITH
    EDUSHORT           0.051      0.024      2.101      0.036      0.012
    STRATIO            0.100      0.144      0.692      0.489      0.116

 EDUSHORT WITH
    STRATIO            0.532      0.712      0.747      0.455      0.047

 Means
    EDUSHORT           0.616      0.067      9.194      0.000      0.001
    STRATIO           17.322      0.636     27.237      0.000      0.025
    FLIT             400.097      4.855     82.405      0.000      0.068
    FLSCHOOL           0.229      0.019     11.948      0.000      0.021
    NOBULLY           -0.050      0.019     -2.604      0.009      0.254
    FLFAMILY           0.183      0.019      9.582      0.000      0.027

 Variances
    EDUSHORT           1.325      0.087     15.157      0.000      0.001
    STRATIO          120.999     27.407      4.415      0.000      0.004
    FLIT            1986.541    269.210      7.379      0.000      0.162
    FLSCHOOL           0.024      0.006      4.403      0.000      0.051
    NOBULLY            0.013      0.008      1.605      0.108      0.255
    FLFAMILY           0.010      0.006      1.603      0.109      0.039


STANDARDIZED MODEL RESULTS


STDYX Standardization

                                                    Two-Tailed   Rate of
                    Estimate       S.E.  Est./S.E.    P-Value    Missing

Within Level

 FCFMLRTY   ON
    FLSCHOOL           0.366      0.016     22.485      0.000      0.036
    NOBULLY            0.057      0.019      3.010      0.003      0.474
    FLFAMILY           0.125      0.017      7.134      0.000      0.046

 FLCONFIN   ON
    FLSCHOOL           0.201      0.019     10.794      0.000      0.134
    NOBULLY           -0.011      0.021     -0.542      0.588      0.495
    FLFAMILY           0.168      0.019      8.731      0.000      0.103

 FLIT       ON
    FLSCHOOL          -0.022      0.021     -1.022      0.307      0.399
    NOBULLY            0.035      0.017      2.025      0.043      0.306
    FLFAMILY           0.007      0.020      0.365      0.715      0.433
    FCFMLRTY           0.210      0.021     10.061      0.000      0.315
    FLCONFIN           0.082      0.022      3.777      0.000      0.367
    MALE               0.064      0.022      2.854      0.004      0.513
    IMMI1GEN          -0.010      0.018     -0.550      0.582      0.519
    IMMI2GEN          -0.044      0.018     -2.428      0.015      0.556
    ESCS               0.168      0.028      6.027      0.000      0.262

 FLSCHOOL WITH
    NOBULLY           -0.022      0.025     -0.867      0.386      0.596
    FLFAMILY           0.271      0.017     15.735      0.000      0.043

 NOBULLY  WITH
    FLFAMILY          -0.011      0.023     -0.484      0.628      0.447

 FCFMLRTY WITH
    FLCONFIN           0.224      0.017     12.934      0.000      0.091

 ESCS     WITH
    FLFAMILY           0.105      0.022      4.801      0.000      0.066

 Means
    ESCS              -0.894      0.050    -17.861      0.000      0.002

 Intercepts
    FCFMLRTY           1.376      0.029     47.827      0.000      0.016
    FLCONFIN          -0.302      0.023    -13.323      0.000      0.065

 Variances
    FLSCHOOL           1.000      0.000  *********      0.000      0.000
    NOBULLY            1.000      0.000  *********      0.000      0.000
    FLFAMILY           1.000      0.000  *********      0.000      0.000
    ESCS               1.000      0.000  *********      0.000      0.000

 Residual Variances
    FLIT               0.903      0.012     76.613      0.000      0.254
    FCFMLRTY           0.824      0.012     66.603      0.000      0.025
    FLCONFIN           0.913      0.009     96.208      0.000      0.055

Between Level

 FLIT     WITH
    FLSCHOOL          -0.083      0.125     -0.666      0.505      0.164
    NOBULLY            0.665      0.265      2.511      0.012      0.247
    FLFAMILY          -0.290      0.271     -1.067      0.286      0.123
    EDUSHORT          -0.482      0.057     -8.481      0.000      0.053
    STRATIO            0.028      0.067      0.417      0.677      0.048

 FLSCHOOL WITH
    NOBULLY           -0.311      0.287     -1.083      0.279      0.218
    FLFAMILY           0.235      0.245      0.961      0.337      0.046
    EDUSHORT           0.108      0.108      1.009      0.313      0.052
    STRATIO            0.013      0.090      0.149      0.881      0.099

 NOBULLY  WITH
    FLFAMILY          -0.352      0.526     -0.668      0.504      0.323
    EDUSHORT          -0.531      0.224     -2.369      0.018      0.265
    STRATIO           -0.002      0.202     -0.012      0.991      0.526

 FLFAMILY WITH
    EDUSHORT           0.456      0.218      2.091      0.036      0.009
    STRATIO            0.093      0.135      0.686      0.493      0.112

 EDUSHORT WITH
    STRATIO            0.042      0.055      0.765      0.444      0.048

 Means
    EDUSHORT           0.535      0.063      8.539      0.000      0.001
    STRATIO            1.575      0.147     10.734      0.000      0.009
    FLIT               8.985      0.646     13.918      0.000      0.154
    FLSCHOOL           1.464      0.211      6.951      0.000      0.049
    NOBULLY           -0.458      0.248     -1.846      0.065      0.250
    FLFAMILY           1.876      0.644      2.911      0.004      0.033

 Variances
    EDUSHORT           1.000      0.000  *********      0.000      0.000
    STRATIO            1.000      0.000  *********      0.000      0.000
    FLIT               1.000      0.000    999.000    999.000      0.000
    FLSCHOOL           1.000      0.000  *********      0.000      0.000
    NOBULLY            1.000      0.000  *********      0.000      0.000
    FLFAMILY           1.000      0.000  *********      0.000      0.000


R-SQUARE

Within Level

    Observed                                        Two-Tailed   Rate of
    Variable        Estimate       S.E.  Est./S.E.    P-Value    Missing

    FLIT               0.097      0.012      8.276      0.000      0.254
    FCFMLRTY           0.176      0.012     14.269      0.000      0.025
    FLCONFIN           0.087      0.009      9.201      0.000      0.055

Between Level


QUALITY OF NUMERICAL RESULTS

     Average Condition Number for the Information Matrix      0.369E-06
       (ratio of smallest to largest eigenvalue)


TOTAL, TOTAL INDIRECT, SPECIFIC INDIRECT, AND DIRECT EFFECTS


                                                    Two-Tailed   Rate of
                    Estimate       S.E.  Est./S.E.    P-Value    Missing

WITHIN

Effects from FLSCHOOL to FLIT

  Total                6.494      1.746      3.720      0.000      0.303
  Total indirect       8.469      0.816     10.376      0.000      0.243

  Specific indirect 1
    FLIT
    FCFMLRTY
    FLSCHOOL           6.972      0.755      9.230      0.000      0.242

  Specific indirect 2
    FLIT
    FLCONFIN
    FLSCHOOL           1.498      0.425      3.527      0.000      0.339

  Direct
    FLIT
    FLSCHOOL          -1.976      1.938     -1.019      0.308      0.400


Effects from NOBULLY to FLIT

  Total                3.542      1.404      2.522      0.012      0.326
  Total indirect       0.844      0.387      2.184      0.029      0.507

  Specific indirect 1
    FLIT
    FCFMLRTY
    NOBULLY            0.914      0.321      2.850      0.004      0.459

  Specific indirect 2
    FLIT
    FLCONFIN
    NOBULLY           -0.070      0.140     -0.495      0.620      0.523

  Direct
    FLIT
    NOBULLY            2.697      1.328      2.032      0.042      0.297


Effects from FLFAMILY to FLIT

  Total                3.615      1.620      2.231      0.026      0.397
  Total indirect       3.044      0.476      6.399      0.000      0.207

  Specific indirect 1
    FLIT
    FCFMLRTY
    FLFAMILY           1.994      0.336      5.943      0.000      0.098

  Specific indirect 2
    FLIT
    FLCONFIN
    FLFAMILY           1.050      0.313      3.351      0.001      0.345

  Direct
    FLIT
    FLFAMILY           0.571      1.557      0.367      0.714      0.436


BETWEEN

Effects from FLSCHOOL to FLIT

  Total                0.000      0.000    999.000      0.000      0.167
  Total indirect       0.000      0.000    999.000      0.000      0.167


Effects from NOBULLY to FLIT

  Total                0.000      0.000    999.000      0.000      0.167
  Total indirect       0.000      0.000    999.000      0.000      0.167


Effects from FLFAMILY to FLIT

  Total                0.000      0.000    999.000      0.000      0.167
  Total indirect       0.000      0.000    999.000      0.000      0.167



STANDARDIZED TOTAL, TOTAL INDIRECT, SPECIFIC INDIRECT, AND DIRECT EFFECTS


STDYX Standardization

                                                    Two-Tailed   Rate of
                    Estimate       S.E.  Est./S.E.    P-Value    Missing

WITHIN

Effects from FLSCHOOL to FLIT

  Total                0.072      0.019      3.727      0.000      0.298
  Total indirect       0.093      0.009     10.514      0.000      0.262

  Specific indirect 1
    FLIT
    FCFMLRTY
    FLSCHOOL           0.077      0.008      9.198      0.000      0.267

  Specific indirect 2
    FLIT
    FLCONFIN
    FLSCHOOL           0.017      0.005      3.562      0.000      0.338

  Direct
    FLIT
    FLSCHOOL          -0.022      0.021     -1.022      0.307      0.399


Effects from NOBULLY to FLIT

  Total                0.046      0.018      2.513      0.012      0.336
  Total indirect       0.011      0.005      2.199      0.028      0.501

  Specific indirect 1
    FLIT
    FCFMLRTY
    NOBULLY            0.012      0.004      2.876      0.004      0.449

  Specific indirect 2
    FLIT
    FLCONFIN
    NOBULLY           -0.001      0.002     -0.498      0.619      0.521

  Direct
    FLIT
    NOBULLY            0.035      0.017      2.025      0.043      0.306


Effects from FLFAMILY to FLIT

  Total                0.047      0.021      2.242      0.025      0.389
  Total indirect       0.040      0.006      6.521      0.000      0.205

  Specific indirect 1
    FLIT
    FCFMLRTY
    FLFAMILY           0.026      0.004      5.933      0.000      0.116

  Specific indirect 2
    FLIT
    FLCONFIN
    FLFAMILY           0.014      0.004      3.399      0.001      0.340

  Direct
    FLIT
    FLFAMILY           0.007      0.020      0.365      0.715      0.433


BETWEEN

Effects from FLSCHOOL to FLIT

  Total                0.000      0.000      0.000      1.000      0.167
  Total indirect       0.000      0.000      0.000      1.000      0.167


Effects from NOBULLY to FLIT

  Total                0.000      0.000      0.000      1.000      0.167
  Total indirect       0.000      0.000      0.000      1.000      0.167


Effects from FLFAMILY to FLIT

  Total                0.000      0.000      0.000      1.000      0.167
  Total indirect       0.000      0.000      0.000      1.000      0.167




TECHNICAL 1 OUTPUT


     PARAMETER SPECIFICATION FOR WITHIN


           NU
              FLIT          FLSCHOOL      NOBULLY       FLFAMILY      FCFMLRTY
              ________      ________      ________      ________      ________
                    0             0             0             0             0


           NU
              FLCONFIN      ESCS          MALE          IMMI1GEN      IMMI2GEN
              ________      ________      ________      ________      ________
                    0             0             0             0             0


           LAMBDA
              FLIT          FLSCHOOL      NOBULLY       FLFAMILY      FCFMLRTY
              ________      ________      ________      ________      ________
 FLIT               0             0             0             0             0
 FLSCHOOL           0             0             0             0             0
 NOBULLY            0             0             0             0             0
 FLFAMILY           0             0             0             0             0
 FCFMLRTY           0             0             0             0             0
 FLCONFIN           0             0             0             0             0
 ESCS               0             0             0             0             0
 MALE               0             0             0             0             0
 IMMI1GEN           0             0             0             0             0
 IMMI2GEN           0             0             0             0             0


           LAMBDA
              FLCONFIN      ESCS          MALE          IMMI1GEN      IMMI2GEN
              ________      ________      ________      ________      ________
 FLIT               0             0             0             0             0
 FLSCHOOL           0             0             0             0             0
 NOBULLY            0             0             0             0             0
 FLFAMILY           0             0             0             0             0
 FCFMLRTY           0             0             0             0             0
 FLCONFIN           0             0             0             0             0
 ESCS               0             0             0             0             0
 MALE               0             0             0             0             0
 IMMI1GEN           0             0             0             0             0
 IMMI2GEN           0             0             0             0             0


           THETA
              FLIT          FLSCHOOL      NOBULLY       FLFAMILY      FCFMLRTY
              ________      ________      ________      ________      ________
 FLIT               0
 FLSCHOOL           0             0
 NOBULLY            0             0             0
 FLFAMILY           0             0             0             0
 FCFMLRTY           0             0             0             0             0
 FLCONFIN           0             0             0             0             0
 ESCS               0             0             0             0             0
 MALE               0             0             0             0             0
 IMMI1GEN           0             0             0             0             0
 IMMI2GEN           0             0             0             0             0


           THETA
              FLCONFIN      ESCS          MALE          IMMI1GEN      IMMI2GEN
              ________      ________      ________      ________      ________
 FLCONFIN           0
 ESCS               0             0
 MALE               0             0             0
 IMMI1GEN           0             0             0             0
 IMMI2GEN           0             0             0             0             0


           ALPHA
              FLIT          FLSCHOOL      NOBULLY       FLFAMILY      FCFMLRTY
              ________      ________      ________      ________      ________
                    0             0             0             0             1


           ALPHA
              FLCONFIN      ESCS          MALE          IMMI1GEN      IMMI2GEN
              ________      ________      ________      ________      ________
                    2             3             0             0             0


           BETA
              FLIT          FLSCHOOL      NOBULLY       FLFAMILY      FCFMLRTY
              ________      ________      ________      ________      ________
 FLIT               0             4             5             6             7
 FLSCHOOL           0             0             0             0             0
 NOBULLY            0             0             0             0             0
 FLFAMILY           0             0             0             0             0
 FCFMLRTY           0            13            14            15             0
 FLCONFIN           0            16            17            18             0
 ESCS               0             0             0             0             0
 MALE               0             0             0             0             0
 IMMI1GEN           0             0             0             0             0
 IMMI2GEN           0             0             0             0             0


           BETA
              FLCONFIN      ESCS          MALE          IMMI1GEN      IMMI2GEN
              ________      ________      ________      ________      ________
 FLIT               8             9            10            11            12
 FLSCHOOL           0             0             0             0             0
 NOBULLY            0             0             0             0             0
 FLFAMILY           0             0             0             0             0
 FCFMLRTY           0             0             0             0             0
 FLCONFIN           0             0             0             0             0
 ESCS               0             0             0             0             0
 MALE               0             0             0             0             0
 IMMI1GEN           0             0             0             0             0
 IMMI2GEN           0             0             0             0             0


           PSI
              FLIT          FLSCHOOL      NOBULLY       FLFAMILY      FCFMLRTY
              ________      ________      ________      ________      ________
 FLIT              19
 FLSCHOOL           0            20
 NOBULLY            0            21            22
 FLFAMILY           0            23            24            25
 FCFMLRTY           0             0             0             0            26
 FLCONFIN           0             0             0             0            27
 ESCS               0             0             0            29             0
 MALE               0             0             0             0             0
 IMMI1GEN           0             0             0             0             0
 IMMI2GEN           0             0             0             0             0


           PSI
              FLCONFIN      ESCS          MALE          IMMI1GEN      IMMI2GEN
              ________      ________      ________      ________      ________
 FLCONFIN          28
 ESCS               0            30
 MALE               0             0             0
 IMMI1GEN           0             0             0             0
 IMMI2GEN           0             0             0             0             0


     PARAMETER SPECIFICATION FOR BETWEEN


           NU
              EDUSHORT      STRATIO       FLIT          FLSCHOOL      NOBULLY
              ________      ________      ________      ________      ________
                    0             0             0             0             0


           NU
              FLFAMILY
              ________
                    0


           LAMBDA
              EDUSHORT      STRATIO       FLIT          FLSCHOOL      NOBULLY
              ________      ________      ________      ________      ________
 EDUSHORT           0             0             0             0             0
 STRATIO            0             0             0             0             0
 FLIT               0             0             0             0             0
 FLSCHOOL           0             0             0             0             0
 NOBULLY            0             0             0             0             0
 FLFAMILY           0             0             0             0             0


           LAMBDA
              FLFAMILY
              ________
 EDUSHORT           0
 STRATIO            0
 FLIT               0
 FLSCHOOL           0
 NOBULLY            0
 FLFAMILY           0


           THETA
              EDUSHORT      STRATIO       FLIT          FLSCHOOL      NOBULLY
              ________      ________      ________      ________      ________
 EDUSHORT           0
 STRATIO            0             0
 FLIT               0             0             0
 FLSCHOOL           0             0             0             0
 NOBULLY            0             0             0             0             0
 FLFAMILY           0             0             0             0             0


           THETA
              FLFAMILY
              ________
 FLFAMILY           0


           ALPHA
              EDUSHORT      STRATIO       FLIT          FLSCHOOL      NOBULLY
              ________      ________      ________      ________      ________
                   31            32            33            34            35


           ALPHA
              FLFAMILY
              ________
                   36


           BETA
              EDUSHORT      STRATIO       FLIT          FLSCHOOL      NOBULLY
              ________      ________      ________      ________      ________
 EDUSHORT           0             0             0             0             0
 STRATIO            0             0             0             0             0
 FLIT               0             0             0             0             0
 FLSCHOOL           0             0             0             0             0
 NOBULLY            0             0             0             0             0
 FLFAMILY           0             0             0             0             0


           BETA
              FLFAMILY
              ________
 EDUSHORT           0
 STRATIO            0
 FLIT               0
 FLSCHOOL           0
 NOBULLY            0
 FLFAMILY           0


           PSI
              EDUSHORT      STRATIO       FLIT          FLSCHOOL      NOBULLY
              ________      ________      ________      ________      ________
 EDUSHORT          37
 STRATIO           38            39
 FLIT              40            41            42
 FLSCHOOL          43            44            45            46
 NOBULLY           47            48            49            50            51
 FLFAMILY          52            53            54            55            56


           PSI
              FLFAMILY
              ________
 FLFAMILY          57


     STARTING VALUES FOR WITHIN


           NU
              FLIT          FLSCHOOL      NOBULLY       FLFAMILY      FCFMLRTY
              ________      ________      ________      ________      ________
                0.000         0.000         0.000         0.000         0.000


           NU
              FLCONFIN      ESCS          MALE          IMMI1GEN      IMMI2GEN
              ________      ________      ________      ________      ________
                0.000         0.000         0.000         0.000         0.000


           LAMBDA
              FLIT          FLSCHOOL      NOBULLY       FLFAMILY      FCFMLRTY
              ________      ________      ________      ________      ________
 FLIT           1.000         0.000         0.000         0.000         0.000
 FLSCHOOL       0.000         1.000         0.000         0.000         0.000
 NOBULLY        0.000         0.000         1.000         0.000         0.000
 FLFAMILY       0.000         0.000         0.000         1.000         0.000
 FCFMLRTY       0.000         0.000         0.000         0.000         1.000
 FLCONFIN       0.000         0.000         0.000         0.000         0.000
 ESCS           0.000         0.000         0.000         0.000         0.000
 MALE           0.000         0.000         0.000         0.000         0.000
 IMMI1GEN       0.000         0.000         0.000         0.000         0.000
 IMMI2GEN       0.000         0.000         0.000         0.000         0.000


           LAMBDA
              FLCONFIN      ESCS          MALE          IMMI1GEN      IMMI2GEN
              ________      ________      ________      ________      ________
 FLIT           0.000         0.000         0.000         0.000         0.000
 FLSCHOOL       0.000         0.000         0.000         0.000         0.000
 NOBULLY        0.000         0.000         0.000         0.000         0.000
 FLFAMILY       0.000         0.000         0.000         0.000         0.000
 FCFMLRTY       0.000         0.000         0.000         0.000         0.000
 FLCONFIN       1.000         0.000         0.000         0.000         0.000
 ESCS           0.000         1.000         0.000         0.000         0.000
 MALE           0.000         0.000         1.000         0.000         0.000
 IMMI1GEN       0.000         0.000         0.000         1.000         0.000
 IMMI2GEN       0.000         0.000         0.000         0.000         1.000


           THETA
              FLIT          FLSCHOOL      NOBULLY       FLFAMILY      FCFMLRTY
              ________      ________      ________      ________      ________
 FLIT           0.000
 FLSCHOOL       0.000         0.000
 NOBULLY        0.000         0.000         0.000
 FLFAMILY       0.000         0.000         0.000         0.000
 FCFMLRTY       0.000         0.000         0.000         0.000         0.000
 FLCONFIN       0.000         0.000         0.000         0.000         0.000
 ESCS           0.000         0.000         0.000         0.000         0.000
 MALE           0.000         0.000         0.000         0.000         0.000
 IMMI1GEN       0.000         0.000         0.000         0.000         0.000
 IMMI2GEN       0.000         0.000         0.000         0.000         0.000


           THETA
              FLCONFIN      ESCS          MALE          IMMI1GEN      IMMI2GEN
              ________      ________      ________      ________      ________
 FLCONFIN       0.000
 ESCS           0.000         0.000
 MALE           0.000         0.000         0.000
 IMMI1GEN       0.000         0.000         0.000         0.000
 IMMI2GEN       0.000         0.000         0.000         0.000         0.000


           ALPHA
              FLIT          FLSCHOOL      NOBULLY       FLFAMILY      FCFMLRTY
              ________      ________      ________      ________      ________
                0.000         0.000         0.000         0.000         6.803


           ALPHA
              FLCONFIN      ESCS          MALE          IMMI1GEN      IMMI2GEN
              ________      ________      ________      ________      ________
               -0.316        -1.081         0.000         0.000         0.000


           BETA
              FLIT          FLSCHOOL      NOBULLY       FLFAMILY      FCFMLRTY
              ________      ________      ________      ________      ________
 FLIT           0.000         0.000         0.000         0.000         0.000
 FLSCHOOL       0.000         0.000         0.000         0.000         0.000
 NOBULLY        0.000         0.000         0.000         0.000         0.000
 FLFAMILY       0.000         0.000         0.000         0.000         0.000
 FCFMLRTY       0.000         0.000         0.000         0.000         0.000
 FLCONFIN       0.000         0.000         0.000         0.000         0.000
 ESCS           0.000         0.000         0.000         0.000         0.000
 MALE           0.000         0.000         0.000         0.000         0.000
 IMMI1GEN       0.000         0.000         0.000         0.000         0.000
 IMMI2GEN       0.000         0.000         0.000         0.000         0.000


           BETA
              FLCONFIN      ESCS          MALE          IMMI1GEN      IMMI2GEN
              ________      ________      ________      ________      ________
 FLIT           0.000         0.000         0.000         0.000         0.000
 FLSCHOOL       0.000         0.000         0.000         0.000         0.000
 NOBULLY        0.000         0.000         0.000         0.000         0.000
 FLFAMILY       0.000         0.000         0.000         0.000         0.000
 FCFMLRTY       0.000         0.000         0.000         0.000         0.000
 FLCONFIN       0.000         0.000         0.000         0.000         0.000
 ESCS           0.000         0.000         0.000         0.000         0.000
 MALE           0.000         0.000         0.000         0.000         0.000
 IMMI1GEN       0.000         0.000         0.000         0.000         0.000
 IMMI2GEN       0.000         0.000         0.000         0.000         0.000


           PSI
              FLIT          FLSCHOOL      NOBULLY       FLFAMILY      FCFMLRTY
              ________      ________      ________      ________      ________
 FLIT        4538.642
 FLSCHOOL       0.000         0.382
 NOBULLY        0.000         0.000         0.533
 FLFAMILY       0.000         0.000         0.000         0.525
 FCFMLRTY       0.000         0.000         0.000         0.000        12.812
 FLCONFIN       0.000         0.000         0.000         0.000         0.000
 ESCS           0.000         0.000         0.000         0.000         0.000
 MALE           0.000         0.000         0.000         0.000         0.000
 IMMI1GEN       0.000         0.000         0.000         0.000         0.000
 IMMI2GEN       0.000         0.000         0.000         0.000         0.000


           PSI
              FLCONFIN      ESCS          MALE          IMMI1GEN      IMMI2GEN
              ________      ________      ________      ________      ________
 FLCONFIN       0.490
 ESCS           0.000         0.680
 MALE           0.000         0.000         0.125
 IMMI1GEN       0.000         0.000         0.000         0.001
 IMMI2GEN       0.000         0.000         0.000         0.000         0.002


     STARTING VALUES FOR BETWEEN


           NU
              EDUSHORT      STRATIO       FLIT          FLSCHOOL      NOBULLY
              ________      ________      ________      ________      ________
                0.000         0.000         0.000         0.000         0.000


           NU
              FLFAMILY
              ________
                0.000


           LAMBDA
              EDUSHORT      STRATIO       FLIT          FLSCHOOL      NOBULLY
              ________      ________      ________      ________      ________
 EDUSHORT       1.000         0.000         0.000         0.000         0.000
 STRATIO        0.000         1.000         0.000         0.000         0.000
 FLIT           0.000         0.000         1.000         0.000         0.000
 FLSCHOOL       0.000         0.000         0.000         1.000         0.000
 NOBULLY        0.000         0.000         0.000         0.000         1.000
 FLFAMILY       0.000         0.000         0.000         0.000         0.000


           LAMBDA
              FLFAMILY
              ________
 EDUSHORT       0.000
 STRATIO        0.000
 FLIT           0.000
 FLSCHOOL       0.000
 NOBULLY        0.000
 FLFAMILY       1.000


           THETA
              EDUSHORT      STRATIO       FLIT          FLSCHOOL      NOBULLY
              ________      ________      ________      ________      ________
 EDUSHORT       0.000
 STRATIO        0.000         0.000
 FLIT           0.000         0.000         0.000
 FLSCHOOL       0.000         0.000         0.000         0.000
 NOBULLY        0.000         0.000         0.000         0.000         0.000
 FLFAMILY       0.000         0.000         0.000         0.000         0.000


           THETA
              FLFAMILY
              ________
 FLFAMILY       0.000


           ALPHA
              EDUSHORT      STRATIO       FLIT          FLSCHOOL      NOBULLY
              ________      ________      ________      ________      ________
                0.606        17.668       413.650         0.218        -0.055


           ALPHA
              FLFAMILY
              ________
                0.167


           BETA
              EDUSHORT      STRATIO       FLIT          FLSCHOOL      NOBULLY
              ________      ________      ________      ________      ________
 EDUSHORT       0.000         0.000         0.000         0.000         0.000
 STRATIO        0.000         0.000         0.000         0.000         0.000
 FLIT           0.000         0.000         0.000         0.000         0.000
 FLSCHOOL       0.000         0.000         0.000         0.000         0.000
 NOBULLY        0.000         0.000         0.000         0.000         0.000
 FLFAMILY       0.000         0.000         0.000         0.000         0.000


           BETA
              FLFAMILY
              ________
 EDUSHORT       0.000
 STRATIO        0.000
 FLIT           0.000
 FLSCHOOL       0.000
 NOBULLY        0.000
 FLFAMILY       0.000


           PSI
              EDUSHORT      STRATIO       FLIT          FLSCHOOL      NOBULLY
              ________      ________      ________      ________      ________
 EDUSHORT       0.667
 STRATIO        0.000        64.215
 FLIT           0.000         0.000      4538.642
 FLSCHOOL       0.000         0.000         0.000         0.382
 NOBULLY        0.000         0.000         0.000         0.000         0.533
 FLFAMILY       0.000         0.000         0.000         0.000         0.000


           PSI
              FLFAMILY
              ________
 FLFAMILY       0.525


     Beginning Time:  19:20:22
        Ending Time:  19:26:42
       Elapsed Time:  00:06:20



MUTHEN & MUTHEN
3463 Stoner Ave.
Los Angeles, CA  90066

Tel: (310) 391-9971
Fax: (310) 391-8971
Web: www.StatModel.com
Support: Support@StatModel.com

Copyright (c) 1998-2019 Muthen & Muthen
