Mplus VERSION 8.3
MUTHEN & MUTHEN
02/26/2021   1:22 PM

INPUT INSTRUCTIONS


  TITLE:
      Two-level saturated model 268

  DATA:
      file = "C:\Users\tctan\implist.dat";

      type = imputation;


  VARIABLE:
      names =
          FKI CNTRYID CNTSCHID W_STU
          MATH READ FLIT                      ! PISA achievement variables
          MALE IMMI1GEN IMMI2GEN ESCS         ! Demographic info
          FCFMLRTY FLCONFIN                   ! Affect
          FLSCHOOL                            !   Lat var "Academic"
          NOBULLY                             !   Lat var "Safety"
          FLFAMILY                            !   Lat var "Community"
          W_SCH STRATIO                       ! School character
          EDUSHORT                            !   Lat var "inst. env."
          ;

      useobs = CNTRYID eq 268;          ! Pull out one country at a time

      usevar =
          FLIT                                ! PISA achievement variables
          FLSCHOOL                            !   Lat var "Academic"
          NOBULLY                             !   Lat var "Safety"
          FLFAMILY                            !   Lat var "Community"
          EDUSHORT STRATIO                    !   Lat var "Inst env"
          FCFMLRTY FLCONFIN                   ! Affect
          MALE IMMI1GEN IMMI2GEN ESCS         ! Demographic info
          ;

      ! Vars that ONLY appear in L1
      within =
          FCFMLRTY FLCONFIN                   ! Affective vars
          MALE IMMI1GEN IMMI2GEN ESCS         ! L1 control vars
          ;

      ! Vars that ONLY appear in L2
      between =
          EDUSHORT STRATIO                    ! L2: school
          ;

      weight = W_STU;                         ! Student weight
      wtscale = cluster;                      ! Scale L1 weight to cluster size
      bweight = W_SCH;                        ! School weight
      bwtscale = sample;                      ! Scale L2 weight to sample

      cluster = CNTSCHID;                     ! Cluster by school ID


  ANALYSIS:
      processors = 4;

      type = twolevel;


  MODEL:

  %Within%                                    ! === L1: Student-level ===

      ! Indirect pathways (1st half): school climate vars onto mediators
          ! Onto mediator FAMILIARITY
      FCFMLRTY on FLSCHOOL FLFAMILY NOBULLY ESCS IMMI2GEN MALE;
          ! Onto mediator CONFIDENCE
      FLCONFIN on FLSCHOOL FLFAMILY NOBULLY ESCS IMMI2GEN MALE;

      ! Total effect
      FLIT on
          ! Indirect pathways (2nd half): affective vars onto financial literacy
          FCFMLRTY FLCONFIN
          ! Direct pathways: school climate vars onto financial literacy
          FLSCHOOL FLFAMILY NOBULLY
          ! Dmographic vars
          ESCS IMMI1GEN
          ;

      ! Covariances
          ! Between school climate vars
      FLSCHOOL with FLFAMILY;
      FLFAMILY with NOBULLY;
      FLSCHOOL with NOBULLY;
          ! Between mediators
      FCFMLRTY with FLCONFIN;

          ! SES with school climate vars
      ESCS with FLSCHOOL FLFAMILY;
          ! SES with demographic vars
      ESCS with IMMI1GEN IMMI2GEN;

  %Between%                                   ! === L2: School-level ===

      FLIT-STRATIO WITH FLIT-STRATIO;


  MODEL INDIRECT:

      ! Indirect effects
      FLIT ind FLSCHOOL;
      FLIT ind FLFAMILY;
      FLIT ind NOBULLY;

      FLIT ind ESCS;
      FLIT ind IMMI2GEN;
      FLIT ind MALE;


  OUTPUT:
      stdyx                                   ! Fully standardised solution
      ;



*** WARNING in MODEL command
  In the MODEL command, the following variable is a y-variable on the BETWEEN
  level and an x-variable on the WITHIN level.  This variable will be treated
  as a y-variable on both levels:  FLSCHOOL
*** WARNING in MODEL command
  In the MODEL command, the following variable is a y-variable on the BETWEEN
  level and an x-variable on the WITHIN level.  This variable will be treated
  as a y-variable on both levels:  NOBULLY
*** WARNING in MODEL command
  In the MODEL command, the following variable is a y-variable on the BETWEEN
  level and an x-variable on the WITHIN level.  This variable will be treated
  as a y-variable on both levels:  FLFAMILY
   3 WARNING(S) FOUND IN THE INPUT INSTRUCTIONS




Two-level saturated model 268

SUMMARY OF ANALYSIS

Number of groups                                                 1
Average number of observations                                4320

Number of replications
    Requested                                                   10
    Completed                                                   10

Number of dependent variables                                    8
Number of independent variables                                  4
Number of continuous latent variables                            0

Observed dependent variables

  Continuous
   EDUSHORT    STRATIO     FLIT        FLSCHOOL    NOBULLY     FLFAMILY
   FCFMLRTY    FLCONFIN

Observed independent variables
   MALE        IMMI1GEN    IMMI2GEN    ESCS

Variables with special functions

  Cluster variable      CNTSCHID
  Weight variable (cluster-size scaling)
    W_STU
  Between weight variable (sample-size scaling)
    W_SCH

  Within variables
   FCFMLRTY    FLCONFIN    MALE        IMMI1GEN    IMMI2GEN    ESCS

  Between variables
   EDUSHORT    STRATIO


Estimator                                                      MLR
Information matrix                                        OBSERVED
Maximum number of iterations                                   100
Convergence criterion                                    0.100D-05
Maximum number of EM iterations                                500
Convergence criteria for the EM algorithm
  Loglikelihood change                                   0.100D-02
  Relative loglikelihood change                          0.100D-05
  Derivative                                             0.100D-03
Minimum variance                                         0.100D-03
Maximum number of steepest descent iterations                   20
Maximum number of iterations for H1                           2000
Convergence criterion for H1                             0.100D-03
Optimization algorithm                                         EMA

Input data file(s)
  Multiple data files from
    C:\Users\tctan\implist.dat
Input data format  FREE


SUMMARY OF DATA FOR THE FIRST DATA SET

     Number of clusters                        319

     Average cluster size       13.542

     Estimated Intraclass Correlations for the Y Variables

                Intraclass              Intraclass              Intraclass
     Variable  Correlation   Variable  Correlation   Variable  Correlation

     FLIT         0.206      FLSCHOOL     0.036      NOBULLY      0.024
     FLFAMILY     0.015      FCFMLRTY     0.000      FLCONFIN     0.000
     IMMI1GEN     0.000      IMMI2GEN     0.000      ESCS         0.000



SAMPLE STATISTICS

NOTE:  The sample statistics for within and between refer to the
       maximum-likelihood estimated within and between covariance
       matrices, respectively.

NOTE:  These are average results over 10 data sets.


     ESTIMATED SAMPLE STATISTICS FOR WITHIN


           Means
              EDUSHORT      STRATIO       FLIT          FLSCHOOL      NOBULLY
              ________      ________      ________      ________      ________
                0.000         0.000         0.000         0.000         0.000


           Means
              FLFAMILY      FCFMLRTY      FLCONFIN      IMMI1GEN      IMMI2GEN
              ________      ________      ________      ________      ________
                0.000         5.826        -0.092         0.008         0.006


           Means
              ESCS          MALE
              ________      ________
               -0.292         0.515


           Covariances
              EDUSHORT      STRATIO       FLIT          FLSCHOOL      NOBULLY
              ________      ________      ________      ________      ________
 EDUSHORT       0.000
 STRATIO        0.000         0.000
 FLIT           0.000         0.000      6401.851
 FLSCHOOL       0.000         0.000        -4.787         0.973
 NOBULLY        0.000         0.000        10.468        -0.088         1.032
 FLFAMILY       0.000         0.000         6.863         0.209        -0.023
 FCFMLRTY       0.000         0.000        98.539         1.293         0.340
 FLCONFIN       0.000         0.000         9.540         0.142         0.000
 IMMI1GEN       0.000         0.000        -0.447         0.000        -0.005
 IMMI2GEN       0.000         0.000        -0.241         0.000         0.000
 ESCS           0.000         0.000        15.943         0.038         0.031
 MALE           0.000         0.000        -2.382         0.062        -0.064


           Covariances
              FLFAMILY      FCFMLRTY      FLCONFIN      IMMI1GEN      IMMI2GEN
              ________      ________      ________      ________      ________
 FLFAMILY       1.317
 FCFMLRTY       0.938        28.284
 FLCONFIN       0.175         0.989         1.131
 IMMI1GEN       0.000        -0.003        -0.002         0.008
 IMMI2GEN      -0.002        -0.004        -0.001         0.000         0.006
 ESCS           0.037         0.678         0.076        -0.003        -0.001
 MALE          -0.021        -0.046         0.037         0.001         0.001


           Covariances
              ESCS          MALE
              ________      ________
 ESCS           0.816
 MALE           0.007         0.250


           Correlations
              EDUSHORT      STRATIO       FLIT          FLSCHOOL      NOBULLY
              ________      ________      ________      ________      ________
 EDUSHORT       0.000
 STRATIO        0.000         0.000
 FLIT           0.000         0.000         1.000
 FLSCHOOL       0.000         0.000        -0.061         1.000
 NOBULLY        0.000         0.000         0.129        -0.088         1.000
 FLFAMILY       0.000         0.000         0.075         0.184        -0.020
 FCFMLRTY       0.000         0.000         0.232         0.246         0.063
 FLCONFIN       0.000         0.000         0.112         0.135         0.000
 IMMI1GEN       0.000         0.000        -0.061         0.005        -0.055
 IMMI2GEN       0.000         0.000        -0.040        -0.002         0.003
 ESCS           0.000         0.000         0.221         0.042         0.033
 MALE           0.000         0.000        -0.060         0.125        -0.127


           Correlations
              FLFAMILY      FCFMLRTY      FLCONFIN      IMMI1GEN      IMMI2GEN
              ________      ________      ________      ________      ________
 FLFAMILY       1.000
 FCFMLRTY       0.154         1.000
 FLCONFIN       0.143         0.175         1.000
 IMMI1GEN       0.004        -0.007        -0.017         1.000
 IMMI2GEN      -0.024        -0.011        -0.010        -0.007         1.000
 ESCS           0.036         0.141         0.079        -0.040        -0.017
 MALE          -0.036        -0.017         0.069         0.026         0.027


           Correlations
              ESCS          MALE
              ________      ________
 ESCS           1.000
 MALE           0.017         1.000


     ESTIMATED SAMPLE STATISTICS FOR BETWEEN


           Means
              EDUSHORT      STRATIO       FLIT          FLSCHOOL      NOBULLY
              ________      ________      ________      ________      ________
                0.331        13.511       406.536        -0.200         0.124


           Means
              FLFAMILY      FCFMLRTY      FLCONFIN      IMMI1GEN      IMMI2GEN
              ________      ________      ________      ________      ________
                0.012         0.000         0.000         0.000         0.000


           Means
              ESCS          MALE
              ________      ________
                0.000         0.000


           Covariances
              EDUSHORT      STRATIO       FLIT          FLSCHOOL      NOBULLY
              ________      ________      ________      ________      ________
 EDUSHORT       1.016
 STRATIO       -0.145        59.125
 FLIT          -5.206        16.603      1643.948
 FLSCHOOL       0.035        -0.209        -5.046         0.029
 NOBULLY        0.007        -0.001         3.689        -0.017         0.032
 FLFAMILY       0.006        -0.111        -1.282         0.015        -0.004
 FCFMLRTY       0.000         0.000         0.000         0.000         0.000
 FLCONFIN       0.000         0.000         0.000         0.000         0.000
 IMMI1GEN       0.000         0.000         0.000         0.000         0.000
 IMMI2GEN       0.000         0.000         0.000         0.000         0.000
 ESCS           0.000         0.000         0.000         0.000         0.000
 MALE           0.000         0.000         0.000         0.000         0.000


           Covariances
              FLFAMILY      FCFMLRTY      FLCONFIN      IMMI1GEN      IMMI2GEN
              ________      ________      ________      ________      ________
 FLFAMILY       0.016
 FCFMLRTY       0.000         0.000
 FLCONFIN       0.000         0.000         0.000
 IMMI1GEN       0.000         0.000         0.000         0.000
 IMMI2GEN       0.000         0.000         0.000         0.000         0.000
 ESCS           0.000         0.000         0.000         0.000         0.000
 MALE           0.000         0.000         0.000         0.000         0.000


           Covariances
              ESCS          MALE
              ________      ________
 ESCS           0.000
 MALE           0.000         0.000


           Correlations
              EDUSHORT      STRATIO       FLIT          FLSCHOOL      NOBULLY
              ________      ________      ________      ________      ________
 EDUSHORT       1.000
 STRATIO       -0.019         1.000
 FLIT          -0.127         0.053         1.000
 FLSCHOOL       0.204        -0.159        -0.726         1.000
 NOBULLY        0.037        -0.001         0.505        -0.558         1.000
 FLFAMILY       0.050        -0.113        -0.246         0.662        -0.154
 FCFMLRTY       0.000         0.000         0.000         0.000         0.000
 FLCONFIN       0.000         0.000         0.000         0.000         0.000
 IMMI1GEN       0.000         0.000         0.000         0.000         0.000
 IMMI2GEN       0.000         0.000         0.000         0.000         0.000
 ESCS           0.000         0.000         0.000         0.000         0.000
 MALE           0.000         0.000         0.000         0.000         0.000


           Correlations
              FLFAMILY      FCFMLRTY      FLCONFIN      IMMI1GEN      IMMI2GEN
              ________      ________      ________      ________      ________
 FLFAMILY       1.000
 FCFMLRTY       0.000         0.000
 FLCONFIN       0.000         0.000         0.000
 IMMI1GEN       0.000         0.000         0.000         0.000
 IMMI2GEN       0.000         0.000         0.000         0.000         0.000
 ESCS           0.000         0.000         0.000         0.000         0.000
 MALE           0.000         0.000         0.000         0.000         0.000


           Correlations
              ESCS          MALE
              ________      ________
 ESCS           0.000
 MALE           0.000         0.000




MODEL FIT INFORMATION

Number of Free Parameters                       68

Loglikelihood

    H0 Value

        Mean                            -60969.510
        Std Dev                            163.080
        Number of successful computations       10

             Proportions                   Percentiles
        Expected    Observed         Expected       Observed
           0.990       1.000       -61348.884     -61223.493
           0.980       1.000       -61304.428     -61223.493
           0.950       1.000       -61237.761     -61223.493
           0.900       0.800       -61178.514     -61223.493
           0.800       0.700       -61106.758     -61223.493
           0.700       0.600       -61055.029     -61138.557
           0.500       0.600       -60969.510     -60908.612
           0.300       0.400       -60883.991     -60878.971
           0.200       0.200       -60832.262     -60838.741
           0.100       0.100       -60760.507     -60808.021
           0.050       0.000       -60701.260     -60808.021
           0.020       0.000       -60634.592     -60808.021
           0.010       0.000       -60590.137     -60808.021

    H1 Value

        Mean                            -60877.264
        Std Dev                            161.880
        Number of successful computations       10

             Proportions                   Percentiles
        Expected    Observed         Expected       Observed
           0.990       1.000       -61253.844     -61126.995
           0.980       1.000       -61209.716     -61126.995
           0.950       1.000       -61143.540     -61126.995
           0.900       0.800       -61084.729     -61126.995
           0.800       0.700       -61013.502     -61126.995
           0.700       0.600       -60962.153     -61042.661
           0.500       0.600       -60877.264     -60823.676
           0.300       0.400       -60792.374     -60777.351
           0.200       0.200       -60741.026     -60753.732
           0.100       0.100       -60669.799     -60713.622
           0.050       0.000       -60610.988     -60713.622
           0.020       0.000       -60544.811     -60713.622
           0.010       0.000       -60500.683     -60713.622

Information Criteria

    Akaike (AIC)

        Mean                            122075.020
        Std Dev                            326.160
        Number of successful computations       10

             Proportions                   Percentiles
        Expected    Observed         Expected       Observed
           0.990       1.000       121316.273     121613.778
           0.980       1.000       121405.185     121613.778
           0.950       1.000       121538.519     121613.778
           0.900       0.900       121657.013     121613.778
           0.800       0.800       121800.524     121613.778
           0.700       0.600       121903.982     121813.482
           0.500       0.400       122075.020     121918.632
           0.300       0.400       122246.059     122312.819
           0.200       0.300       122349.517     122413.113
           0.100       0.200       122493.028     122496.186
           0.050       0.000       122611.522     122496.186
           0.020       0.000       122744.856     122496.186
           0.010       0.000       122833.767     122496.186

    Bayesian (BIC)

        Mean                            122508.249
        Std Dev                            326.160
        Number of successful computations       10

             Proportions                   Percentiles
        Expected    Observed         Expected       Observed
           0.990       1.000       121749.502     122047.007
           0.980       1.000       121838.413     122047.007
           0.950       1.000       121971.748     122047.007
           0.900       0.900       122090.242     122047.007
           0.800       0.800       122233.752     122047.007
           0.700       0.600       122337.211     122246.711
           0.500       0.400       122508.249     122351.860
           0.300       0.400       122679.288     122746.047
           0.200       0.300       122782.746     122846.342
           0.100       0.200       122926.256     122929.415
           0.050       0.000       123044.750     122929.415
           0.020       0.000       123178.085     122929.415
           0.010       0.000       123266.996     122929.415

    Sample-Size Adjusted BIC (n* = (n + 2) / 24)

        Mean                            122292.173
        Std Dev                            326.160
        Number of successful computations       10

             Proportions                   Percentiles
        Expected    Observed         Expected       Observed
           0.990       1.000       121533.426     121830.931
           0.980       1.000       121622.337     121830.931
           0.950       1.000       121755.672     121830.931
           0.900       0.900       121874.166     121830.931
           0.800       0.800       122017.676     121830.931
           0.700       0.600       122121.134     122030.634
           0.500       0.400       122292.173     122135.784
           0.300       0.400       122463.211     122529.971
           0.200       0.300       122566.670     122630.266
           0.100       0.200       122710.180     122713.339
           0.050       0.000       122828.674     122713.339
           0.020       0.000       122962.009     122713.339
           0.010       0.000       123050.920     122713.339

Chi-Square Test of Model Fit

        Degrees of freedom                      18

        Mean                               196.984
        Std Dev                             16.835
        Number of successful computations       10

             Proportions                   Percentiles
        Expected    Observed         Expected       Observed
           0.990       1.000            7.015        170.255
           0.980       1.000            7.906        170.255
           0.950       1.000            9.390        170.255
           0.900       1.000           10.865        170.255
           0.800       1.000           12.857        170.255
           0.700       1.000           14.440        178.336
           0.500       1.000           17.338        193.578
           0.300       1.000           20.601        209.907
           0.200       1.000           22.760        212.045
           0.100       1.000           25.989        215.132
           0.050       1.000           28.869        215.132
           0.020       1.000           32.346        215.132
           0.010       1.000           34.805        215.132

RMSEA (Root Mean Square Error Of Approximation)

        Mean                                 0.048
        Std Dev                              0.002
        Number of successful computations       10

             Proportions                   Percentiles
        Expected    Observed         Expected       Observed
           0.990       1.000            0.043          0.044
           0.980       1.000            0.043          0.044
           0.950       1.000            0.044          0.044
           0.900       0.900            0.045          0.044
           0.800       0.700            0.046          0.044
           0.700       0.700            0.047          0.045
           0.500       0.500            0.048          0.048
           0.300       0.500            0.049          0.050
           0.200       0.300            0.050          0.050
           0.100       0.000            0.051          0.050
           0.050       0.000            0.052          0.050
           0.020       0.000            0.053          0.050
           0.010       0.000            0.053          0.050

CFI/TLI

    CFI

        Mean                                 0.878
        Std Dev                              0.011
        Number of successful computations       10

             Proportions                   Percentiles
        Expected    Observed         Expected       Observed
           0.990       1.000            0.852          0.862
           0.980       1.000            0.855          0.862
           0.950       1.000            0.859          0.862
           0.900       0.900            0.863          0.862
           0.800       0.800            0.868          0.862
           0.700       0.600            0.872          0.869
           0.500       0.500            0.878          0.874
           0.300       0.300            0.884          0.883
           0.200       0.300            0.887          0.890
           0.100       0.100            0.892          0.891
           0.050       0.000            0.896          0.891
           0.020       0.000            0.901          0.891
           0.010       0.000            0.904          0.891

    TLI

        Mean                                 0.593
        Std Dev                              0.038
        Number of successful computations       10

             Proportions                   Percentiles
        Expected    Observed         Expected       Observed
           0.990       1.000            0.505          0.539
           0.980       1.000            0.516          0.539
           0.950       1.000            0.531          0.539
           0.900       0.900            0.545          0.539
           0.800       0.800            0.561          0.539
           0.700       0.600            0.573          0.562
           0.500       0.500            0.593          0.579
           0.300       0.300            0.613          0.611
           0.200       0.300            0.625          0.635
           0.100       0.100            0.641          0.635
           0.050       0.000            0.655          0.635
           0.020       0.000            0.670          0.635
           0.010       0.000            0.681          0.635

SRMR (Standardized Root Mean Square Residual) for the WITHIN level

        Mean                                 0.028
        Std Dev                              0.001
        Number of successful computations       10

             Proportions                   Percentiles
        Expected    Observed         Expected       Observed
           0.990       1.000            0.026          0.027
           0.980       1.000            0.026          0.027
           0.950       1.000            0.027          0.027
           0.900       0.800            0.027          0.027
           0.800       0.700            0.027          0.027
           0.700       0.700            0.028          0.027
           0.500       0.600            0.028          0.028
           0.300       0.400            0.028          0.029
           0.200       0.200            0.029          0.029
           0.100       0.100            0.029          0.029
           0.050       0.000            0.029          0.029
           0.020       0.000            0.030          0.029
           0.010       0.000            0.030          0.029

SRMR (Standardized Root Mean Square Residual) for the BETWEEN level

        Mean                                 0.033
        Std Dev                              0.004
        Number of successful computations       10

             Proportions                   Percentiles
        Expected    Observed         Expected       Observed
           0.990       1.000            0.023          0.025
           0.980       1.000            0.025          0.025
           0.950       0.900            0.026          0.025
           0.900       0.800            0.028          0.025
           0.800       0.700            0.030          0.025
           0.700       0.700            0.031          0.028
           0.500       0.700            0.033          0.035
           0.300       0.500            0.036          0.036
           0.200       0.100            0.037          0.036
           0.100       0.000            0.039          0.037
           0.050       0.000            0.040          0.037
           0.020       0.000            0.042          0.037
           0.010       0.000            0.043          0.037



MODEL RESULTS

                                                    Two-Tailed   Rate of
                    Estimate       S.E.  Est./S.E.    P-Value    Missing

Within Level

 FCFMLRTY   ON
    FLSCHOOL           1.254      0.106     11.869      0.000      0.163
    FLFAMILY           0.493      0.089      5.528      0.000      0.214
    NOBULLY            0.400      0.094      4.251      0.000      0.157
    ESCS               0.739      0.103      7.194      0.000      0.113
    IMMI2GEN          -0.357      1.187     -0.300      0.764      0.572
    MALE              -0.368      0.165     -2.236      0.025      0.171

 FLCONFIN   ON
    FLSCHOOL           0.111      0.019      5.799      0.000      0.068
    FLFAMILY           0.115      0.018      6.511      0.000      0.147
    NOBULLY            0.017      0.021      0.806      0.420      0.251
    ESCS               0.081      0.023      3.512      0.000      0.174
    IMMI2GEN          -0.095      0.285     -0.334      0.738      0.595
    MALE               0.132      0.036      3.639      0.000      0.154

 FLIT       ON
    FCFMLRTY           3.175      0.280     11.331      0.000      0.150
    FLCONFIN           5.233      1.703      3.074      0.002      0.501
    FLSCHOOL         -10.581      1.661     -6.369      0.000      0.299
    FLFAMILY           3.608      1.355      2.664      0.008      0.213
    NOBULLY            7.500      1.386      5.411      0.000      0.190
    ESCS              16.219      1.929      8.409      0.000      0.340
    IMMI1GEN         -39.434     18.143     -2.174      0.030      0.360

 FLSCHOOL WITH
    FLFAMILY           0.209      0.022      9.288      0.000      0.117
    NOBULLY           -0.090      0.019     -4.613      0.000      0.289
    ESCS               0.041      0.019      2.216      0.027      0.299

 FLFAMILY WITH
    NOBULLY           -0.025      0.021     -1.190      0.234      0.083
    ESCS               0.037      0.021      1.725      0.085      0.298

 FCFMLRTY WITH
    FLCONFIN           0.682      0.097      7.045      0.000      0.092

 ESCS     WITH
    IMMI1GEN          -0.003      0.002     -1.793      0.073      0.087
    IMMI2GEN          -0.001      0.002     -0.749      0.454      0.220

 Means
    IMMI1GEN           0.008      0.002      5.020      0.000      0.128
    IMMI2GEN           0.006      0.001      4.485      0.000      0.155
    ESCS              -0.292      0.031     -9.332      0.000      0.002

 Intercepts
    FCFMLRTY           6.233      0.142     43.880      0.000      0.089
    FLCONFIN          -0.136      0.031     -4.427      0.000      0.198

 Variances
    FLSCHOOL           0.974      0.024     41.266      0.000      0.086
    NOBULLY            1.030      0.041     25.035      0.000      0.114
    FLFAMILY           1.316      0.032     40.769      0.000      0.163
    IMMI1GEN           0.008      0.002      5.063      0.000      0.128
    IMMI2GEN           0.006      0.001      4.512      0.000      0.155
    ESCS               0.816      0.023     35.029      0.000      0.036

 Residual Variances
    FLIT            5599.711    194.973     28.721      0.000      0.446
    FCFMLRTY          25.536      0.557     45.875      0.000      0.077
    FLCONFIN           1.084      0.028     38.636      0.000      0.095

Between Level

 FLIT     WITH
    FLSCHOOL          -5.267      1.014     -5.192      0.000      0.104
    NOBULLY            4.322      1.243      3.479      0.001      0.081
    FLFAMILY          -1.206      0.915     -1.319      0.187      0.039
    EDUSHORT          -5.241      3.076     -1.704      0.088      0.039
    STRATIO           17.907     30.559      0.586      0.558      0.044

 FLSCHOOL WITH
    NOBULLY           -0.020      0.006     -3.211      0.001      0.116
    FLFAMILY           0.015      0.006      2.373      0.018      0.131
    EDUSHORT           0.036      0.022      1.643      0.100      0.114
    STRATIO           -0.236      0.099     -2.377      0.017      0.195

 NOBULLY  WITH
    FLFAMILY          -0.004      0.007     -0.609      0.542      0.141
    EDUSHORT           0.003      0.020      0.133      0.894      0.078
    STRATIO            0.040      0.121      0.333      0.739      0.286

 FLFAMILY WITH
    EDUSHORT           0.007      0.023      0.291      0.771      0.228
    STRATIO           -0.103      0.185     -0.555      0.579      0.209

 EDUSHORT WITH
    STRATIO           -0.145      0.443     -0.326      0.744      0.131

 Means
    EDUSHORT           0.331      0.064      5.189      0.000      0.007
    STRATIO           13.511      0.473     28.562      0.000      0.015
    FLIT             393.490      3.540    111.166      0.000      0.115
    FLSCHOOL          -0.198      0.020     -9.827      0.000      0.080
    NOBULLY            0.120      0.025      4.826      0.000      0.258
    FLFAMILY           0.011      0.022      0.517      0.605      0.102

 Variances
    EDUSHORT           1.016      0.084     12.130      0.000      0.008
    STRATIO           59.125     29.712      1.990      0.047      0.002
    FLIT            1671.254    237.415      7.039      0.000      0.053
    FLSCHOOL           0.030      0.008      3.664      0.000      0.197
    NOBULLY            0.036      0.012      3.078      0.002      0.116
    FLFAMILY           0.016      0.009      1.780      0.075      0.056


STANDARDIZED MODEL RESULTS


STDYX Standardization

                                                    Two-Tailed   Rate of
                    Estimate       S.E.  Est./S.E.    P-Value    Missing

Within Level

 FCFMLRTY   ON
    FLSCHOOL           0.233      0.019     12.139      0.000      0.163
    FLFAMILY           0.106      0.019      5.600      0.000      0.214
    NOBULLY            0.076      0.018      4.248      0.000      0.168
    ESCS               0.125      0.017      7.257      0.000      0.119
    IMMI2GEN          -0.005      0.017     -0.290      0.772      0.565
    MALE              -0.035      0.016     -2.228      0.026      0.170

 FLCONFIN   ON
    FLSCHOOL           0.103      0.018      5.809      0.000      0.071
    FLFAMILY           0.124      0.019      6.476      0.000      0.151
    NOBULLY            0.016      0.020      0.807      0.420      0.248
    ESCS               0.069      0.020      3.527      0.000      0.173
    IMMI2GEN          -0.007      0.021     -0.336      0.737      0.589
    MALE               0.062      0.017      3.671      0.000      0.150

 FLIT       ON
    FCFMLRTY           0.212      0.018     11.853      0.000      0.158
    FLCONFIN           0.070      0.023      3.040      0.002      0.518
    FLSCHOOL          -0.131      0.021     -6.262      0.000      0.340
    FLFAMILY           0.052      0.019      2.662      0.008      0.216
    NOBULLY            0.095      0.018      5.316      0.000      0.195
    ESCS               0.183      0.020      9.019      0.000      0.301
    IMMI1GEN          -0.045      0.022     -2.096      0.036      0.410

 FLSCHOOL WITH
    FLFAMILY           0.184      0.019      9.594      0.000      0.117
    NOBULLY           -0.089      0.019     -4.693      0.000      0.317
    ESCS               0.046      0.021      2.224      0.026      0.305

 FLFAMILY WITH
    NOBULLY           -0.021      0.018     -1.195      0.232      0.082
    ESCS               0.036      0.021      1.723      0.085      0.300

 FCFMLRTY WITH
    FLCONFIN           0.130      0.018      7.202      0.000      0.081

 ESCS     WITH
    IMMI1GEN          -0.040      0.021     -1.910      0.056      0.092
    IMMI2GEN          -0.017      0.022     -0.756      0.449      0.213

 Means
    IMMI1GEN           0.092      0.009      9.945      0.000      0.128
    IMMI2GEN           0.077      0.009      8.892      0.000      0.157
    ESCS              -0.323      0.035     -9.271      0.000      0.003

 Intercepts
    FCFMLRTY           1.172      0.028     42.020      0.000      0.091
    FLCONFIN          -0.128      0.029     -4.454      0.000      0.193

 Variances
    FLSCHOOL           1.000      0.000  *********      0.000      0.000
    NOBULLY            1.000      0.000  *********      0.000      0.000
    FLFAMILY           1.000      0.000  *********      0.000      0.000
    IMMI1GEN           1.000      0.000  *********      0.000      0.000
    IMMI2GEN           1.000      0.000  *********      0.000      0.000
    ESCS               1.000      0.000  *********      0.000      0.000

 Residual Variances
    FLIT               0.878      0.012     75.367      0.000      0.181
    FCFMLRTY           0.902      0.011     85.794      0.000      0.146
    FLCONFIN           0.959      0.007    135.853      0.000      0.134

Between Level

 FLIT     WITH
    FLSCHOOL          -0.745      0.102     -7.337      0.000      0.269
    NOBULLY            0.556      0.119      4.679      0.000      0.195
    FLFAMILY          -0.231      0.175     -1.318      0.187      0.053
    EDUSHORT          -0.127      0.072     -1.777      0.076      0.043
    STRATIO            0.057      0.110      0.519      0.604      0.033

 FLSCHOOL WITH
    NOBULLY           -0.611      0.172     -3.554      0.000      0.245
    FLFAMILY           0.665      0.263      2.527      0.011      0.160
    EDUSHORT           0.204      0.119      1.705      0.088      0.084
    STRATIO           -0.177      0.085     -2.067      0.039      0.108

 NOBULLY  WITH
    FLFAMILY          -0.164      0.266     -0.617      0.537      0.147
    EDUSHORT           0.015      0.107      0.138      0.890      0.079
    STRATIO            0.028      0.082      0.341      0.733      0.287

 FLFAMILY WITH
    EDUSHORT           0.051      0.180      0.285      0.776      0.218
    STRATIO           -0.102      0.165     -0.617      0.537      0.241

 EDUSHORT WITH
    STRATIO           -0.019      0.055     -0.338      0.735      0.140

 Means
    EDUSHORT           0.328      0.064      5.105      0.000      0.009
    STRATIO            1.757      0.401      4.386      0.000      0.002
    FLIT               9.628      0.673     14.313      0.000      0.053
    FLSCHOOL          -1.148      0.204     -5.618      0.000      0.112
    NOBULLY            0.632      0.183      3.457      0.001      0.132
    FLFAMILY           0.089      0.174      0.512      0.609      0.101

 Variances
    EDUSHORT           1.000      0.000  *********      0.000      0.000
    STRATIO            1.000      0.000  *********      0.000      0.000
    FLIT               1.000      0.000  *********      0.000      0.000
    FLSCHOOL           1.000      0.000  *********      0.000      0.000
    NOBULLY            1.000      0.000  *********      0.000      0.000
    FLFAMILY           1.000      0.000  *********      0.000      0.000


R-SQUARE

Within Level

    Observed                                        Two-Tailed   Rate of
    Variable        Estimate       S.E.  Est./S.E.    P-Value    Missing

    FLIT               0.122      0.012     10.469      0.000      0.181
    FCFMLRTY           0.098      0.011      9.299      0.000      0.146
    FLCONFIN           0.041      0.007      5.824      0.000      0.134

Between Level


QUALITY OF NUMERICAL RESULTS

     Average Condition Number for the Information Matrix     -0.256E-16
       (ratio of smallest to largest eigenvalue)


TOTAL, TOTAL INDIRECT, SPECIFIC INDIRECT, AND DIRECT EFFECTS


                                                    Two-Tailed   Rate of
                    Estimate       S.E.  Est./S.E.    P-Value    Missing

WITHIN

Effects from FLSCHOOL to FLIT

  Total               -6.019      1.639     -3.672      0.000      0.307
  Total indirect       4.562      0.502      9.095      0.000      0.171

  Specific indirect 1
    FLIT
    FCFMLRTY
    FLSCHOOL           3.979      0.487      8.174      0.000      0.139

  Specific indirect 2
    FLIT
    FLCONFIN
    FLSCHOOL           0.583      0.210      2.771      0.006      0.401

  Direct
    FLIT
    FLSCHOOL         -10.581      1.661     -6.369      0.000      0.299


Effects from FLFAMILY to FLIT

  Total                5.775      1.342      4.303      0.000      0.138
  Total indirect       2.167      0.370      5.858      0.000      0.275

  Specific indirect 1
    FLIT
    FCFMLRTY
    FLFAMILY           1.566      0.303      5.160      0.000      0.219

  Specific indirect 2
    FLIT
    FLCONFIN
    FLFAMILY           0.601      0.211      2.845      0.004      0.397

  Direct
    FLIT
    FLFAMILY           3.608      1.355      2.664      0.008      0.213


Effects from NOBULLY to FLIT

  Total                8.853      1.406      6.298      0.000      0.183
  Total indirect       1.353      0.332      4.076      0.000      0.119

  Specific indirect 1
    FLIT
    FCFMLRTY
    NOBULLY            1.269      0.312      4.066      0.000      0.139

  Specific indirect 2
    FLIT
    FLCONFIN
    NOBULLY            0.084      0.109      0.768      0.442      0.164

  Direct
    FLIT
    NOBULLY            7.500      1.386      5.411      0.000      0.190


Effects from ESCS to FLIT

  Total               18.988      1.941      9.782      0.000      0.301
  Total indirect       2.769      0.421      6.579      0.000      0.108

  Specific indirect 1
    FLIT
    FCFMLRTY
    ESCS               2.344      0.377      6.225      0.000      0.052

  Specific indirect 2
    FLIT
    FLCONFIN
    ESCS               0.425      0.184      2.307      0.021      0.315

  Direct
    FLIT
    ESCS              16.219      1.929      8.409      0.000      0.340


Effects from IMMI2GEN to FLIT

  Total               -1.626      3.778     -0.430      0.667      0.518
  Total indirect      -1.626      3.778     -0.430      0.667      0.518

  Specific indirect 1
    FLIT
    FCFMLRTY
    IMMI2GEN          -1.165      3.743     -0.311      0.756      0.566

  Specific indirect 2
    FLIT
    FLCONFIN
    IMMI2GEN          -0.460      1.433     -0.321      0.748      0.497


Effects from MALE to FLIT

  Total               -0.474      0.653     -0.726      0.468      0.240
  Total indirect      -0.474      0.653     -0.726      0.468      0.240

  Specific indirect 1
    FLIT
    FCFMLRTY
    MALE              -1.165      0.524     -2.223      0.026      0.141

  Specific indirect 2
    FLIT
    FLCONFIN
    MALE               0.691      0.304      2.273      0.023      0.426


BETWEEN

Effects from FLSCHOOL to FLIT

  Total                0.000      0.000    999.000      0.000      0.167
  Total indirect       0.000      0.000    999.000      0.000      0.167


Effects from FLFAMILY to FLIT

  Total                0.000      0.000    999.000      0.000      0.167
  Total indirect       0.000      0.000    999.000      0.000      0.167


Effects from NOBULLY to FLIT

  Total                0.000      0.000    999.000      0.000      0.167
  Total indirect       0.000      0.000    999.000      0.000      0.167


Effects from ESCS to FLIT

  Total                0.000      0.000    999.000      0.000      0.167
  Total indirect       0.000      0.000    999.000      0.000      0.167


Effects from IMMI2GEN to FLIT

  Total                0.000      0.000    999.000      0.000      0.167
  Total indirect       0.000      0.000    999.000      0.000      0.167


Effects from MALE to FLIT

  Total                0.000      0.000    999.000      0.000      0.167
  Total indirect       0.000      0.000    999.000      0.000      0.167



STANDARDIZED TOTAL, TOTAL INDIRECT, SPECIFIC INDIRECT, AND DIRECT EFFECTS


STDYX Standardization

                                                    Two-Tailed   Rate of
                    Estimate       S.E.  Est./S.E.    P-Value    Missing

WITHIN

Effects from FLSCHOOL to FLIT

  Total               -0.074      0.020     -3.632      0.000      0.328
  Total indirect       0.056      0.006      9.228      0.000      0.184

  Specific indirect 1
    FLIT
    FCFMLRTY
    FLSCHOOL           0.049      0.006      8.365      0.000      0.133

  Specific indirect 2
    FLIT
    FLCONFIN
    FLSCHOOL           0.007      0.003      2.757      0.006      0.410

  Direct
    FLIT
    FLSCHOOL          -0.131      0.021     -6.262      0.000      0.340


Effects from FLFAMILY to FLIT

  Total                0.083      0.019      4.299      0.000      0.145
  Total indirect       0.031      0.005      5.851      0.000      0.295

  Specific indirect 1
    FLIT
    FCFMLRTY
    FLFAMILY           0.022      0.004      5.263      0.000      0.206

  Specific indirect 2
    FLIT
    FLCONFIN
    FLFAMILY           0.009      0.003      2.802      0.005      0.417

  Direct
    FLIT
    FLFAMILY           0.052      0.019      2.662      0.008      0.216


Effects from NOBULLY to FLIT

  Total                0.113      0.018      6.179      0.000      0.197
  Total indirect       0.017      0.004      4.096      0.000      0.137

  Specific indirect 1
    FLIT
    FCFMLRTY
    NOBULLY            0.016      0.004      4.085      0.000      0.156

  Specific indirect 2
    FLIT
    FLCONFIN
    NOBULLY            0.001      0.001      0.768      0.442      0.164

  Direct
    FLIT
    NOBULLY            0.095      0.018      5.316      0.000      0.195


Effects from ESCS to FLIT

  Total                0.215      0.020     10.587      0.000      0.260
  Total indirect       0.031      0.005      6.562      0.000      0.131

  Specific indirect 1
    FLIT
    FCFMLRTY
    ESCS               0.027      0.004      6.247      0.000      0.065

  Specific indirect 2
    FLIT
    FLCONFIN
    ESCS               0.005      0.002      2.296      0.022      0.321

  Direct
    FLIT
    ESCS               0.183      0.020      9.019      0.000      0.301


Effects from IMMI2GEN to FLIT

  Total               -0.002      0.004     -0.422      0.673      0.505
  Total indirect      -0.002      0.004     -0.422      0.673      0.505

  Specific indirect 1
    FLIT
    FCFMLRTY
    IMMI2GEN          -0.001      0.004     -0.300      0.764      0.557

  Specific indirect 2
    FLIT
    FLCONFIN
    IMMI2GEN           0.000      0.001     -0.324      0.746      0.488


Effects from MALE to FLIT

  Total               -0.003      0.004     -0.724      0.469      0.241
  Total indirect      -0.003      0.004     -0.724      0.469      0.241

  Specific indirect 1
    FLIT
    FCFMLRTY
    MALE              -0.007      0.003     -2.221      0.026      0.143

  Specific indirect 2
    FLIT
    FLCONFIN
    MALE               0.004      0.002      2.255      0.024      0.440


BETWEEN

Effects from FLSCHOOL to FLIT

  Total                0.000      0.000      0.000      1.000      0.167
  Total indirect       0.000      0.000      0.000      1.000      0.167


Effects from FLFAMILY to FLIT

  Total                0.000      0.000      0.000      1.000      0.167
  Total indirect       0.000      0.000      0.000      1.000      0.167


Effects from NOBULLY to FLIT

  Total                0.000      0.000      0.000      1.000      0.167
  Total indirect       0.000      0.000      0.000      1.000      0.167


Effects from ESCS to FLIT

  Total                0.000      0.000      0.000      1.000      0.167
  Total indirect       0.000      0.000      0.000      1.000      0.167


Effects from IMMI2GEN to FLIT

  Total                0.000      0.000      0.000      1.000      0.167
  Total indirect       0.000      0.000      0.000      1.000      0.167


Effects from MALE to FLIT

  Total                0.000      0.000      0.000      1.000      0.167
  Total indirect       0.000      0.000      0.000      1.000      0.167




TECHNICAL 1 OUTPUT


     PARAMETER SPECIFICATION FOR WITHIN


           NU
              FLIT          FLSCHOOL      NOBULLY       FLFAMILY      FCFMLRTY
              ________      ________      ________      ________      ________
                    0             0             0             0             0


           NU
              FLCONFIN      IMMI1GEN      IMMI2GEN      ESCS          MALE
              ________      ________      ________      ________      ________
                    0             0             0             0             0


           LAMBDA
              FLIT          FLSCHOOL      NOBULLY       FLFAMILY      FCFMLRTY
              ________      ________      ________      ________      ________
 FLIT               0             0             0             0             0
 FLSCHOOL           0             0             0             0             0
 NOBULLY            0             0             0             0             0
 FLFAMILY           0             0             0             0             0
 FCFMLRTY           0             0             0             0             0
 FLCONFIN           0             0             0             0             0
 IMMI1GEN           0             0             0             0             0
 IMMI2GEN           0             0             0             0             0
 ESCS               0             0             0             0             0
 MALE               0             0             0             0             0


           LAMBDA
              FLCONFIN      IMMI1GEN      IMMI2GEN      ESCS          MALE
              ________      ________      ________      ________      ________
 FLIT               0             0             0             0             0
 FLSCHOOL           0             0             0             0             0
 NOBULLY            0             0             0             0             0
 FLFAMILY           0             0             0             0             0
 FCFMLRTY           0             0             0             0             0
 FLCONFIN           0             0             0             0             0
 IMMI1GEN           0             0             0             0             0
 IMMI2GEN           0             0             0             0             0
 ESCS               0             0             0             0             0
 MALE               0             0             0             0             0


           THETA
              FLIT          FLSCHOOL      NOBULLY       FLFAMILY      FCFMLRTY
              ________      ________      ________      ________      ________
 FLIT               0
 FLSCHOOL           0             0
 NOBULLY            0             0             0
 FLFAMILY           0             0             0             0
 FCFMLRTY           0             0             0             0             0
 FLCONFIN           0             0             0             0             0
 IMMI1GEN           0             0             0             0             0
 IMMI2GEN           0             0             0             0             0
 ESCS               0             0             0             0             0
 MALE               0             0             0             0             0


           THETA
              FLCONFIN      IMMI1GEN      IMMI2GEN      ESCS          MALE
              ________      ________      ________      ________      ________
 FLCONFIN           0
 IMMI1GEN           0             0
 IMMI2GEN           0             0             0
 ESCS               0             0             0             0
 MALE               0             0             0             0             0


           ALPHA
              FLIT          FLSCHOOL      NOBULLY       FLFAMILY      FCFMLRTY
              ________      ________      ________      ________      ________
                    0             0             0             0             1


           ALPHA
              FLCONFIN      IMMI1GEN      IMMI2GEN      ESCS          MALE
              ________      ________      ________      ________      ________
                    2             3             4             5             0


           BETA
              FLIT          FLSCHOOL      NOBULLY       FLFAMILY      FCFMLRTY
              ________      ________      ________      ________      ________
 FLIT               0             6             7             8             9
 FLSCHOOL           0             0             0             0             0
 NOBULLY            0             0             0             0             0
 FLFAMILY           0             0             0             0             0
 FCFMLRTY           0            13            14            15             0
 FLCONFIN           0            19            20            21             0
 IMMI1GEN           0             0             0             0             0
 IMMI2GEN           0             0             0             0             0
 ESCS               0             0             0             0             0
 MALE               0             0             0             0             0


           BETA
              FLCONFIN      IMMI1GEN      IMMI2GEN      ESCS          MALE
              ________      ________      ________      ________      ________
 FLIT              10            11             0            12             0
 FLSCHOOL           0             0             0             0             0
 NOBULLY            0             0             0             0             0
 FLFAMILY           0             0             0             0             0
 FCFMLRTY           0             0            16            17            18
 FLCONFIN           0             0            22            23            24
 IMMI1GEN           0             0             0             0             0
 IMMI2GEN           0             0             0             0             0
 ESCS               0             0             0             0             0
 MALE               0             0             0             0             0


           PSI
              FLIT          FLSCHOOL      NOBULLY       FLFAMILY      FCFMLRTY
              ________      ________      ________      ________      ________
 FLIT              25
 FLSCHOOL           0            26
 NOBULLY            0            27            28
 FLFAMILY           0            29            30            31
 FCFMLRTY           0             0             0             0            32
 FLCONFIN           0             0             0             0            33
 IMMI1GEN           0             0             0             0             0
 IMMI2GEN           0             0             0             0             0
 ESCS               0            37             0            38             0
 MALE               0             0             0             0             0


           PSI
              FLCONFIN      IMMI1GEN      IMMI2GEN      ESCS          MALE
              ________      ________      ________      ________      ________
 FLCONFIN          34
 IMMI1GEN           0            35
 IMMI2GEN           0             0            36
 ESCS               0            39            40            41
 MALE               0             0             0             0             0


     PARAMETER SPECIFICATION FOR BETWEEN


           NU
              EDUSHORT      STRATIO       FLIT          FLSCHOOL      NOBULLY
              ________      ________      ________      ________      ________
                    0             0             0             0             0


           NU
              FLFAMILY
              ________
                    0


           LAMBDA
              EDUSHORT      STRATIO       FLIT          FLSCHOOL      NOBULLY
              ________      ________      ________      ________      ________
 EDUSHORT           0             0             0             0             0
 STRATIO            0             0             0             0             0
 FLIT               0             0             0             0             0
 FLSCHOOL           0             0             0             0             0
 NOBULLY            0             0             0             0             0
 FLFAMILY           0             0             0             0             0


           LAMBDA
              FLFAMILY
              ________
 EDUSHORT           0
 STRATIO            0
 FLIT               0
 FLSCHOOL           0
 NOBULLY            0
 FLFAMILY           0


           THETA
              EDUSHORT      STRATIO       FLIT          FLSCHOOL      NOBULLY
              ________      ________      ________      ________      ________
 EDUSHORT           0
 STRATIO            0             0
 FLIT               0             0             0
 FLSCHOOL           0             0             0             0
 NOBULLY            0             0             0             0             0
 FLFAMILY           0             0             0             0             0


           THETA
              FLFAMILY
              ________
 FLFAMILY           0


           ALPHA
              EDUSHORT      STRATIO       FLIT          FLSCHOOL      NOBULLY
              ________      ________      ________      ________      ________
                   42            43            44            45            46


           ALPHA
              FLFAMILY
              ________
                   47


           BETA
              EDUSHORT      STRATIO       FLIT          FLSCHOOL      NOBULLY
              ________      ________      ________      ________      ________
 EDUSHORT           0             0             0             0             0
 STRATIO            0             0             0             0             0
 FLIT               0             0             0             0             0
 FLSCHOOL           0             0             0             0             0
 NOBULLY            0             0             0             0             0
 FLFAMILY           0             0             0             0             0


           BETA
              FLFAMILY
              ________
 EDUSHORT           0
 STRATIO            0
 FLIT               0
 FLSCHOOL           0
 NOBULLY            0
 FLFAMILY           0


           PSI
              EDUSHORT      STRATIO       FLIT          FLSCHOOL      NOBULLY
              ________      ________      ________      ________      ________
 EDUSHORT          48
 STRATIO           49            50
 FLIT              51            52            53
 FLSCHOOL          54            55            56            57
 NOBULLY           58            59            60            61            62
 FLFAMILY          63            64            65            66            67


           PSI
              FLFAMILY
              ________
 FLFAMILY          68


     STARTING VALUES FOR WITHIN


           NU
              FLIT          FLSCHOOL      NOBULLY       FLFAMILY      FCFMLRTY
              ________      ________      ________      ________      ________
                0.000         0.000         0.000         0.000         0.000


           NU
              FLCONFIN      IMMI1GEN      IMMI2GEN      ESCS          MALE
              ________      ________      ________      ________      ________
                0.000         0.000         0.000         0.000         0.000


           LAMBDA
              FLIT          FLSCHOOL      NOBULLY       FLFAMILY      FCFMLRTY
              ________      ________      ________      ________      ________
 FLIT           1.000         0.000         0.000         0.000         0.000
 FLSCHOOL       0.000         1.000         0.000         0.000         0.000
 NOBULLY        0.000         0.000         1.000         0.000         0.000
 FLFAMILY       0.000         0.000         0.000         1.000         0.000
 FCFMLRTY       0.000         0.000         0.000         0.000         1.000
 FLCONFIN       0.000         0.000         0.000         0.000         0.000
 IMMI1GEN       0.000         0.000         0.000         0.000         0.000
 IMMI2GEN       0.000         0.000         0.000         0.000         0.000
 ESCS           0.000         0.000         0.000         0.000         0.000
 MALE           0.000         0.000         0.000         0.000         0.000


           LAMBDA
              FLCONFIN      IMMI1GEN      IMMI2GEN      ESCS          MALE
              ________      ________      ________      ________      ________
 FLIT           0.000         0.000         0.000         0.000         0.000
 FLSCHOOL       0.000         0.000         0.000         0.000         0.000
 NOBULLY        0.000         0.000         0.000         0.000         0.000
 FLFAMILY       0.000         0.000         0.000         0.000         0.000
 FCFMLRTY       0.000         0.000         0.000         0.000         0.000
 FLCONFIN       1.000         0.000         0.000         0.000         0.000
 IMMI1GEN       0.000         1.000         0.000         0.000         0.000
 IMMI2GEN       0.000         0.000         1.000         0.000         0.000
 ESCS           0.000         0.000         0.000         1.000         0.000
 MALE           0.000         0.000         0.000         0.000         1.000


           THETA
              FLIT          FLSCHOOL      NOBULLY       FLFAMILY      FCFMLRTY
              ________      ________      ________      ________      ________
 FLIT           0.000
 FLSCHOOL       0.000         0.000
 NOBULLY        0.000         0.000         0.000
 FLFAMILY       0.000         0.000         0.000         0.000
 FCFMLRTY       0.000         0.000         0.000         0.000         0.000
 FLCONFIN       0.000         0.000         0.000         0.000         0.000
 IMMI1GEN       0.000         0.000         0.000         0.000         0.000
 IMMI2GEN       0.000         0.000         0.000         0.000         0.000
 ESCS           0.000         0.000         0.000         0.000         0.000
 MALE           0.000         0.000         0.000         0.000         0.000


           THETA
              FLCONFIN      IMMI1GEN      IMMI2GEN      ESCS          MALE
              ________      ________      ________      ________      ________
 FLCONFIN       0.000
 IMMI1GEN       0.000         0.000
 IMMI2GEN       0.000         0.000         0.000
 ESCS           0.000         0.000         0.000         0.000
 MALE           0.000         0.000         0.000         0.000         0.000


           ALPHA
              FLIT          FLSCHOOL      NOBULLY       FLFAMILY      FCFMLRTY
              ________      ________      ________      ________      ________
                0.000         0.000         0.000         0.000         5.749


           ALPHA
              FLCONFIN      IMMI1GEN      IMMI2GEN      ESCS          MALE
              ________      ________      ________      ________      ________
               -0.115         0.009         0.007        -0.371         0.000


           BETA
              FLIT          FLSCHOOL      NOBULLY       FLFAMILY      FCFMLRTY
              ________      ________      ________      ________      ________
 FLIT           0.000         0.000         0.000         0.000         0.000
 FLSCHOOL       0.000         0.000         0.000         0.000         0.000
 NOBULLY        0.000         0.000         0.000         0.000         0.000
 FLFAMILY       0.000         0.000         0.000         0.000         0.000
 FCFMLRTY       0.000         0.000         0.000         0.000         0.000
 FLCONFIN       0.000         0.000         0.000         0.000         0.000
 IMMI1GEN       0.000         0.000         0.000         0.000         0.000
 IMMI2GEN       0.000         0.000         0.000         0.000         0.000
 ESCS           0.000         0.000         0.000         0.000         0.000
 MALE           0.000         0.000         0.000         0.000         0.000


           BETA
              FLCONFIN      IMMI1GEN      IMMI2GEN      ESCS          MALE
              ________      ________      ________      ________      ________
 FLIT           0.000         0.000         0.000         0.000         0.000
 FLSCHOOL       0.000         0.000         0.000         0.000         0.000
 NOBULLY        0.000         0.000         0.000         0.000         0.000
 FLFAMILY       0.000         0.000         0.000         0.000         0.000
 FCFMLRTY       0.000         0.000         0.000         0.000         0.000
 FLCONFIN       0.000         0.000         0.000         0.000         0.000
 IMMI1GEN       0.000         0.000         0.000         0.000         0.000
 IMMI2GEN       0.000         0.000         0.000         0.000         0.000
 ESCS           0.000         0.000         0.000         0.000         0.000
 MALE           0.000         0.000         0.000         0.000         0.000


           PSI
              FLIT          FLSCHOOL      NOBULLY       FLFAMILY      FCFMLRTY
              ________      ________      ________      ________      ________
 FLIT        4339.593
 FLSCHOOL       0.000         0.502
 NOBULLY        0.000         0.000         0.537
 FLFAMILY       0.000         0.000         0.000         0.666
 FCFMLRTY       0.000         0.000         0.000         0.000        14.111
 FLCONFIN       0.000         0.000         0.000         0.000         0.000
 IMMI1GEN       0.000         0.000         0.000         0.000         0.000
 IMMI2GEN       0.000         0.000         0.000         0.000         0.000
 ESCS           0.000         0.000         0.000         0.000         0.000
 MALE           0.000         0.000         0.000         0.000         0.000


           PSI
              FLCONFIN      IMMI1GEN      IMMI2GEN      ESCS          MALE
              ________      ________      ________      ________      ________
 FLCONFIN       0.572
 IMMI1GEN       0.000         0.005
 IMMI2GEN       0.000         0.000         0.003
 ESCS           0.000         0.000         0.000         0.426
 MALE           0.000         0.000         0.000         0.000         0.125


     STARTING VALUES FOR BETWEEN


           NU
              EDUSHORT      STRATIO       FLIT          FLSCHOOL      NOBULLY
              ________      ________      ________      ________      ________
                0.000         0.000         0.000         0.000         0.000


           NU
              FLFAMILY
              ________
                0.000


           LAMBDA
              EDUSHORT      STRATIO       FLIT          FLSCHOOL      NOBULLY
              ________      ________      ________      ________      ________
 EDUSHORT       1.000         0.000         0.000         0.000         0.000
 STRATIO        0.000         1.000         0.000         0.000         0.000
 FLIT           0.000         0.000         1.000         0.000         0.000
 FLSCHOOL       0.000         0.000         0.000         1.000         0.000
 NOBULLY        0.000         0.000         0.000         0.000         1.000
 FLFAMILY       0.000         0.000         0.000         0.000         0.000


           LAMBDA
              FLFAMILY
              ________
 EDUSHORT       0.000
 STRATIO        0.000
 FLIT           0.000
 FLSCHOOL       0.000
 NOBULLY        0.000
 FLFAMILY       1.000


           THETA
              EDUSHORT      STRATIO       FLIT          FLSCHOOL      NOBULLY
              ________      ________      ________      ________      ________
 EDUSHORT       0.000
 STRATIO        0.000         0.000
 FLIT           0.000         0.000         0.000
 FLSCHOOL       0.000         0.000         0.000         0.000
 NOBULLY        0.000         0.000         0.000         0.000         0.000
 FLFAMILY       0.000         0.000         0.000         0.000         0.000


           THETA
              FLFAMILY
              ________
 FLFAMILY       0.000


           ALPHA
              EDUSHORT      STRATIO       FLIT          FLSCHOOL      NOBULLY
              ________      ________      ________      ________      ________
                0.309        14.218       404.819        -0.186         0.117


           ALPHA
              FLFAMILY
              ________
               -0.002


           BETA
              EDUSHORT      STRATIO       FLIT          FLSCHOOL      NOBULLY
              ________      ________      ________      ________      ________
 EDUSHORT       0.000         0.000         0.000         0.000         0.000
 STRATIO        0.000         0.000         0.000         0.000         0.000
 FLIT           0.000         0.000         0.000         0.000         0.000
 FLSCHOOL       0.000         0.000         0.000         0.000         0.000
 NOBULLY        0.000         0.000         0.000         0.000         0.000
 FLFAMILY       0.000         0.000         0.000         0.000         0.000


           BETA
              FLFAMILY
              ________
 EDUSHORT       0.000
 STRATIO        0.000
 FLIT           0.000
 FLSCHOOL       0.000
 NOBULLY        0.000
 FLFAMILY       0.000


           PSI
              EDUSHORT      STRATIO       FLIT          FLSCHOOL      NOBULLY
              ________      ________      ________      ________      ________
 EDUSHORT       0.504
 STRATIO        0.000        33.324
 FLIT           0.000         0.000      4339.593
 FLSCHOOL       0.000         0.000         0.000         0.502
 NOBULLY        0.000         0.000         0.000         0.000         0.537
 FLFAMILY       0.000         0.000         0.000         0.000         0.000


           PSI
              FLFAMILY
              ________
 FLFAMILY       0.666


     Beginning Time:  13:22:25
        Ending Time:  13:30:03
       Elapsed Time:  00:07:38



MUTHEN & MUTHEN
3463 Stoner Ave.
Los Angeles, CA  90066

Tel: (310) 391-9971
Fax: (310) 391-8971
Web: www.StatModel.com
Support: Support@StatModel.com

Copyright (c) 1998-2019 Muthen & Muthen
