Mplus VERSION 8.5 (Linux)
MUTHEN & MUTHEN
03/11/2021   6:05 PM

INPUT INSTRUCTIONS


  TITLE:
      Two-level saturated model 724

  DATA:
      file = "~/implist.dat";

      type = imputation;


  VARIABLE:
      names =
          FKI CNTRYID CNTSCHID W_STU
          MATH READ FLIT                      ! PISA achievement variables
          MALE IMMI1GEN IMMI2GEN ESCS         ! Demographic info
          FCFMLRTY FLCONFIN                   ! Affect
          FLSCHOOL                            !   Lat var "Academic"
          NOBULLY                             !   Lat var "Safety"
          FLFAMILY                            !   Lat var "Community"
          W_SCH STRATIO                       ! School character
          EDUSHORT                            !   Lat var "inst. env."
          ;

      useobs = CNTRYID eq 724;          ! Pull out one country at a time

      usevar =
          FLIT                                ! PISA achievement variables
          FLSCHOOL                            !   Lat var "Academic"
          NOBULLY                             !   Lat var "Safety"
          FLFAMILY                            !   Lat var "Community"
          EDUSHORT STRATIO                    !   Lat var "Inst env"
          FCFMLRTY FLCONFIN                   ! Affect
          MALE IMMI1GEN IMMI2GEN ESCS         ! Demographic info
          ;

      ! Vars that ONLY appear in L1
      within =
          FCFMLRTY FLCONFIN                   ! Affective vars
          MALE IMMI1GEN IMMI2GEN ESCS         ! L1 control vars
          ;

      ! Vars that ONLY appear in L2
      between =
          EDUSHORT STRATIO                    ! L2: school
          ;

      weight = W_STU;                         ! Student weight
      wtscale = cluster;                      ! Scale L1 weight to cluster size
      bweight = W_SCH;                        ! School weight
      bwtscale = sample;                      ! Scale L2 weight to sample

      cluster = CNTSCHID;                     ! Cluster by school ID


  ANALYSIS:
      processors = 8;

      type = twolevel;


  MODEL:

  %Within%                                    ! === L1: Student-level ===

      ! Indirect pathways (1st half): school climate vars onto mediators
          ! Onto mediator FAMILIARITY
      FCFMLRTY on FLSCHOOL FLFAMILY NOBULLY ESCS IMMI2GEN MALE;
          ! Onto mediator CONFIDENCE
      FLCONFIN on FLSCHOOL FLFAMILY NOBULLY ESCS IMMI2GEN MALE;

      ! Total effect
      FLIT on
          ! Indirect pathways (2nd half): affective vars onto financial literacy
          FCFMLRTY FLCONFIN
          ! Direct pathways: school climate vars onto financial literacy
          FLSCHOOL FLFAMILY NOBULLY
          ! Dmographic vars
          ESCS IMMI1GEN
          ;

      ! Covariances
          ! Between school climate vars
      FLSCHOOL with FLFAMILY;
      FLFAMILY with NOBULLY;
      FLSCHOOL with NOBULLY;
          ! Between mediators
      FCFMLRTY with FLCONFIN;

          ! SES with school climate vars
      ESCS with FLSCHOOL FLFAMILY;
          ! SES with demographic vars
      ESCS with IMMI1GEN IMMI2GEN;

  %Between%                                   ! === L2: School-level ===

      FLIT-STRATIO WITH FLIT-STRATIO;


  MODEL INDIRECT:

      ! Indirect effects
      FLIT ind FLSCHOOL;
      FLIT ind FLFAMILY;
      FLIT ind NOBULLY;

      FLIT ind ESCS;
      FLIT ind IMMI2GEN;
      FLIT ind MALE;


  OUTPUT:
      stdyx                                   ! Fully standardised solution
      ;



*** WARNING in MODEL command
  In the MODEL command, the following variable is a y-variable on the BETWEEN
  level and an x-variable on the WITHIN level.  This variable will be treated
  as a y-variable on both levels:  FLSCHOOL
*** WARNING in MODEL command
  In the MODEL command, the following variable is a y-variable on the BETWEEN
  level and an x-variable on the WITHIN level.  This variable will be treated
  as a y-variable on both levels:  NOBULLY
*** WARNING in MODEL command
  In the MODEL command, the following variable is a y-variable on the BETWEEN
  level and an x-variable on the WITHIN level.  This variable will be treated
  as a y-variable on both levels:  FLFAMILY
   3 WARNING(S) FOUND IN THE INPUT INSTRUCTIONS




Two-level saturated model 724

SUMMARY OF ANALYSIS

Number of groups                                                 1
Average number of observations                                9361

Number of replications
    Requested                                                   10
    Completed                                                   10

Number of dependent variables                                    8
Number of independent variables                                  4
Number of continuous latent variables                            0

Observed dependent variables

  Continuous
   EDUSHORT    STRATIO     FLIT        FLSCHOOL    NOBULLY     FLFAMILY
   FCFMLRTY    FLCONFIN

Observed independent variables
   MALE        IMMI1GEN    IMMI2GEN    ESCS

Variables with special functions

  Cluster variable      CNTSCHID
  Weight variable (cluster-size scaling)
    W_STU
  Between weight variable (sample-size scaling)
    W_SCH

  Within variables
   FCFMLRTY    FLCONFIN    MALE        IMMI1GEN    IMMI2GEN    ESCS

  Between variables
   EDUSHORT    STRATIO


Estimator                                                      MLR
Information matrix                                        OBSERVED
Maximum number of iterations                                   100
Convergence criterion                                    0.100D-05
Maximum number of EM iterations                                500
Convergence criteria for the EM algorithm
  Loglikelihood change                                   0.100D-02
  Relative loglikelihood change                          0.100D-05
  Derivative                                             0.100D-03
Minimum variance                                         0.100D-03
Maximum number of steepest descent iterations                   20
Maximum number of iterations for H1                           2000
Convergence criterion for H1                             0.100D-03
Optimization algorithm                                         EMA

Input data file(s)
  Multiple data files from
    ~/implist.dat
Input data format  FREE


SUMMARY OF DATA FOR THE FIRST DATA SET

     Number of clusters                        491

     Average cluster size       19.065

     Estimated Intraclass Correlations for the Y Variables

                Intraclass              Intraclass              Intraclass
     Variable  Correlation   Variable  Correlation   Variable  Correlation

     FLIT         0.082      FLSCHOOL     0.019      NOBULLY      0.014
     FLFAMILY     0.010      FCFMLRTY     0.000      FLCONFIN     0.000
     IMMI1GEN     0.000      IMMI2GEN     0.000      ESCS         0.000



SAMPLE STATISTICS

NOTE:  The sample statistics for within and between refer to the
       maximum-likelihood estimated within and between covariance
       matrices, respectively.

NOTE:  These are average results over 10 data sets.


     ESTIMATED SAMPLE STATISTICS FOR WITHIN


           Means
              EDUSHORT      STRATIO       FLIT          FLSCHOOL      NOBULLY
              ________      ________      ________      ________      ________
                0.000         0.000         0.000         0.000         0.000


           Means
              FLFAMILY      FCFMLRTY      FLCONFIN      IMMI1GEN      IMMI2GEN
              ________      ________      ________      ________      ________
                0.000         7.567        -0.244         0.065         0.051


           Means
              ESCS          MALE
              ________      ________
               -0.042         0.510


           Covariances
              EDUSHORT      STRATIO       FLIT          FLSCHOOL      NOBULLY
              ________      ________      ________      ________      ________
 EDUSHORT       0.000
 STRATIO        0.000         0.000
 FLIT           0.000         0.000      6914.057
 FLSCHOOL       0.000         0.000         0.450         1.003
 NOBULLY        0.000         0.000         6.958        -0.022         0.907
 FLFAMILY       0.000         0.000         1.887         0.168        -0.004
 FCFMLRTY       0.000         0.000        84.777         1.971         0.214
 FLCONFIN       0.000         0.000         5.517         0.149         0.006
 IMMI1GEN       0.000         0.000        -0.959         0.008        -0.007
 IMMI2GEN       0.000         0.000        -1.430         0.006        -0.001
 ESCS           0.000         0.000        21.727         0.002         0.025
 MALE           0.000         0.000        -0.055        -0.018        -0.015


           Covariances
              FLFAMILY      FCFMLRTY      FLCONFIN      IMMI1GEN      IMMI2GEN
              ________      ________      ________      ________      ________
 FLFAMILY       0.991
 FCFMLRTY       0.727        26.262
 FLCONFIN       0.116         0.919         1.038
 IMMI1GEN      -0.005        -0.027         0.007         0.061
 IMMI2GEN       0.001         0.022         0.007        -0.003         0.048
 ESCS           0.044         0.565         0.011        -0.040        -0.031
 MALE          -0.023        -0.074         0.053        -0.001        -0.001


           Covariances
              ESCS          MALE
              ________      ________
 ESCS           1.046
 MALE          -0.013         0.250


           Correlations
              EDUSHORT      STRATIO       FLIT          FLSCHOOL      NOBULLY
              ________      ________      ________      ________      ________
 EDUSHORT       0.000
 STRATIO        0.000         0.000
 FLIT           0.000         0.000         1.000
 FLSCHOOL       0.000         0.000         0.005         1.000
 NOBULLY        0.000         0.000         0.088        -0.023         1.000
 FLFAMILY       0.000         0.000         0.023         0.169        -0.004
 FCFMLRTY       0.000         0.000         0.199         0.384         0.044
 FLCONFIN       0.000         0.000         0.065         0.146         0.006
 IMMI1GEN       0.000         0.000        -0.047         0.031        -0.030
 IMMI2GEN       0.000         0.000        -0.078         0.026        -0.004
 ESCS           0.000         0.000         0.255         0.002         0.026
 MALE           0.000         0.000        -0.001        -0.037        -0.031


           Correlations
              FLFAMILY      FCFMLRTY      FLCONFIN      IMMI1GEN      IMMI2GEN
              ________      ________      ________      ________      ________
 FLFAMILY       1.000
 FCFMLRTY       0.143         1.000
 FLCONFIN       0.115         0.176         1.000
 IMMI1GEN      -0.019        -0.021         0.029         1.000
 IMMI2GEN       0.006         0.020         0.030        -0.061         1.000
 ESCS           0.043         0.108         0.011        -0.157        -0.136
 MALE          -0.045        -0.029         0.105        -0.007        -0.009


           Correlations
              ESCS          MALE
              ________      ________
 ESCS           1.000
 MALE          -0.025         1.000


     ESTIMATED SAMPLE STATISTICS FOR BETWEEN


           Means
              EDUSHORT      STRATIO       FLIT          FLSCHOOL      NOBULLY
              ________      ________      ________      ________      ________
                0.146        12.416       491.446        -0.149         0.134


           Means
              FLFAMILY      FCFMLRTY      FLCONFIN      IMMI1GEN      IMMI2GEN
              ________      ________      ________      ________      ________
               -0.023         0.000         0.000         0.000         0.000


           Means
              ESCS          MALE
              ________      ________
                0.000         0.000


           Covariances
              EDUSHORT      STRATIO       FLIT          FLSCHOOL      NOBULLY
              ________      ________      ________      ________      ________
 EDUSHORT       1.269
 STRATIO       -0.602        28.695
 FLIT          -5.406        12.964       584.419
 FLSCHOOL       0.006        -0.086        -0.108         0.019
 NOBULLY       -0.005         0.029         0.645        -0.001         0.017
 FLFAMILY       0.038        -0.046        -0.867         0.009         0.000
 FCFMLRTY       0.000         0.000         0.000         0.000         0.000
 FLCONFIN       0.000         0.000         0.000         0.000         0.000
 IMMI1GEN       0.000         0.000         0.000         0.000         0.000
 IMMI2GEN       0.000         0.000         0.000         0.000         0.000
 ESCS           0.000         0.000         0.000         0.000         0.000
 MALE           0.000         0.000         0.000         0.000         0.000


           Covariances
              FLFAMILY      FCFMLRTY      FLCONFIN      IMMI1GEN      IMMI2GEN
              ________      ________      ________      ________      ________
 FLFAMILY       0.012
 FCFMLRTY       0.000         0.000
 FLCONFIN       0.000         0.000         0.000
 IMMI1GEN       0.000         0.000         0.000         0.000
 IMMI2GEN       0.000         0.000         0.000         0.000         0.000
 ESCS           0.000         0.000         0.000         0.000         0.000
 MALE           0.000         0.000         0.000         0.000         0.000


           Covariances
              ESCS          MALE
              ________      ________
 ESCS           0.000
 MALE           0.000         0.000


           Correlations
              EDUSHORT      STRATIO       FLIT          FLSCHOOL      NOBULLY
              ________      ________      ________      ________      ________
 EDUSHORT       1.000
 STRATIO       -0.100         1.000
 FLIT          -0.199         0.100         1.000
 FLSCHOOL       0.041        -0.116        -0.032         1.000
 NOBULLY       -0.037         0.041         0.204        -0.072         1.000
 FLFAMILY       0.313        -0.080        -0.334         0.589        -0.006
 FCFMLRTY       0.000         0.000         0.000         0.000         0.000
 FLCONFIN       0.000         0.000         0.000         0.000         0.000
 IMMI1GEN       0.000         0.000         0.000         0.000         0.000
 IMMI2GEN       0.000         0.000         0.000         0.000         0.000
 ESCS           0.000         0.000         0.000         0.000         0.000
 MALE           0.000         0.000         0.000         0.000         0.000


           Correlations
              FLFAMILY      FCFMLRTY      FLCONFIN      IMMI1GEN      IMMI2GEN
              ________      ________      ________      ________      ________
 FLFAMILY       1.000
 FCFMLRTY       0.000         0.000
 FLCONFIN       0.000         0.000         0.000
 IMMI1GEN       0.000         0.000         0.000         0.000
 IMMI2GEN       0.000         0.000         0.000         0.000         0.000
 ESCS           0.000         0.000         0.000         0.000         0.000
 MALE           0.000         0.000         0.000         0.000         0.000


           Correlations
              ESCS          MALE
              ________      ________
 ESCS           0.000
 MALE           0.000         0.000




MODEL FIT INFORMATION

Number of Free Parameters                       68

Loglikelihood

    H0 Value

        Mean                           -149388.465
        Std Dev                            129.821
        Number of successful computations       10

             Proportions                   Percentiles
        Expected    Observed         Expected       Observed
           0.990       1.000      -149690.468    -149582.278
           0.980       1.000      -149655.078    -149582.278
           0.950       1.000      -149602.008    -149582.278
           0.900       0.900      -149554.844    -149582.278
           0.800       0.700      -149497.722    -149582.278
           0.700       0.600      -149456.543    -149510.983
           0.500       0.600      -149388.465    -149381.337
           0.300       0.200      -149320.387    -149332.606
           0.200       0.200      -149279.207    -149327.708
           0.100       0.200      -149222.086    -149203.962
           0.050       0.000      -149174.922    -149203.962
           0.020       0.000      -149121.851    -149203.962
           0.010       0.000      -149086.462    -149203.962

    H1 Value

        Mean                           -149311.372
        Std Dev                            130.425
        Number of successful computations       10

             Proportions                   Percentiles
        Expected    Observed         Expected       Observed
           0.990       1.000      -149614.781    -149509.794
           0.980       1.000      -149579.227    -149509.794
           0.950       1.000      -149525.909    -149509.794
           0.900       0.900      -149478.525    -149509.794
           0.800       0.700      -149421.138    -149509.794
           0.700       0.600      -149379.767    -149432.822
           0.500       0.600      -149311.372    -149305.240
           0.300       0.200      -149242.977    -149253.356
           0.200       0.200      -149201.606    -149248.964
           0.100       0.200      -149144.219    -149135.511
           0.050       0.000      -149096.835    -149135.511
           0.020       0.000      -149043.517    -149135.511
           0.010       0.000      -149007.963    -149135.511

Information Criteria

    Akaike (AIC)

        Mean                            298912.930
        Std Dev                            259.642
        Number of successful computations       10

             Proportions                   Percentiles
        Expected    Observed         Expected       Observed
           0.990       1.000       298308.924     298508.178
           0.980       1.000       298379.703     298508.178
           0.950       1.000       298485.844     298508.178
           0.900       0.800       298580.172     298508.178
           0.800       0.800       298694.415     298508.178
           0.700       0.800       298776.773     298791.416
           0.500       0.400       298912.930     298814.646
           0.300       0.400       299049.086     299092.228
           0.200       0.300       299131.445     299157.966
           0.100       0.100       299245.687     299220.497
           0.050       0.000       299340.015     299220.497
           0.020       0.000       299446.157     299220.497
           0.010       0.000       299516.935     299220.497

    Bayesian (BIC)

        Mean                            299398.743
        Std Dev                            259.642
        Number of successful computations       10

             Proportions                   Percentiles
        Expected    Observed         Expected       Observed
           0.990       1.000       298794.737     298993.991
           0.980       1.000       298865.516     298993.991
           0.950       1.000       298971.657     298993.991
           0.900       0.800       299065.985     298993.991
           0.800       0.800       299180.228     298993.991
           0.700       0.800       299262.586     299277.229
           0.500       0.400       299398.743     299300.459
           0.300       0.400       299534.899     299578.041
           0.200       0.300       299617.257     299643.779
           0.100       0.100       299731.500     299706.310
           0.050       0.000       299825.828     299706.310
           0.020       0.000       299931.970     299706.310
           0.010       0.000       300002.748     299706.310

    Sample-Size Adjusted BIC (n* = (n + 2) / 24)

        Mean                            299182.650
        Std Dev                            259.642
        Number of successful computations       10

             Proportions                   Percentiles
        Expected    Observed         Expected       Observed
           0.990       1.000       298578.644     298777.897
           0.980       1.000       298649.422     298777.897
           0.950       1.000       298755.564     298777.897
           0.900       0.800       298849.892     298777.897
           0.800       0.800       298964.135     298777.897
           0.700       0.800       299046.493     299061.136
           0.500       0.400       299182.650     299084.366
           0.300       0.400       299318.806     299361.948
           0.200       0.300       299401.164     299427.685
           0.100       0.100       299515.407     299490.217
           0.050       0.000       299609.735     299490.217
           0.020       0.000       299715.877     299490.217
           0.010       0.000       299786.655     299490.217

Chi-Square Test of Model Fit

        Degrees of freedom                      18

        Mean                                91.918
        Std Dev                              5.109
        Number of successful computations       10

             Proportions                   Percentiles
        Expected    Observed         Expected       Observed
           0.990       1.000            7.015         82.400
           0.980       1.000            7.906         82.400
           0.950       1.000            9.390         82.400
           0.900       1.000           10.865         82.400
           0.800       1.000           12.857         82.400
           0.700       1.000           14.440         89.018
           0.500       1.000           17.338         90.929
           0.300       1.000           20.601         94.000
           0.200       1.000           22.760         95.094
           0.100       1.000           25.989         95.255
           0.050       1.000           28.869         95.255
           0.020       1.000           32.346         95.255
           0.010       1.000           34.805         95.255

RMSEA (Root Mean Square Error Of Approximation)

        Mean                                 0.021
        Std Dev                              0.001
        Number of successful computations       10

        Cumulative Distribution Function
           Value    Function Value
           0.990       1.000
           0.980       1.000
           0.950       1.000
           0.900       1.000
           0.800       1.000
           0.700       1.000
           0.500       1.000
           0.300       1.000
           0.200       1.000
           0.100       1.000
           0.050       1.000
           0.020       0.100
           0.010       0.000

CFI/TLI

    CFI

        Mean                                 0.964
        Std Dev                              0.003
        Number of successful computations       10

        Cumulative Distribution Function
           Value    Function Value
           0.990       1.000
           0.980       1.000
           0.950       0.000
           0.900       0.000
           0.800       0.000
           0.700       0.000
           0.500       0.000
           0.300       0.000
           0.200       0.000
           0.100       0.000
           0.050       0.000
           0.020       0.000
           0.010       0.000

    TLI

        Mean                                 0.879
        Std Dev                              0.009
        Number of successful computations       10

        Cumulative Distribution Function
           Value    Function Value
           0.990       1.000
           0.980       1.000
           0.950       1.000
           0.900       1.000
           0.800       0.000
           0.700       0.000
           0.500       0.000
           0.300       0.000
           0.200       0.000
           0.100       0.000
           0.050       0.000
           0.020       0.000
           0.010       0.000

SRMR (Standardized Root Mean Square Residual) for the WITHIN level

        Mean                                 0.017
        Std Dev                              0.001
        Number of successful computations       10

        Cumulative Distribution Function
           Value    Function Value
           0.990       1.000
           0.980       1.000
           0.950       1.000
           0.900       1.000
           0.800       1.000
           0.700       1.000
           0.500       1.000
           0.300       1.000
           0.200       1.000
           0.100       1.000
           0.050       1.000
           0.020       1.000
           0.010       0.000

SRMR (Standardized Root Mean Square Residual) for the BETWEEN level

        Mean                                 0.023
        Std Dev                              0.004
        Number of successful computations       10

        Cumulative Distribution Function
           Value    Function Value
           0.990       1.000
           0.980       1.000
           0.950       1.000
           0.900       1.000
           0.800       1.000
           0.700       1.000
           0.500       1.000
           0.300       1.000
           0.200       1.000
           0.100       1.000
           0.050       1.000
           0.020       0.200
           0.010       0.000



MODEL RESULTS

                                                    Two-Tailed   Rate of
                    Estimate       S.E.  Est./S.E.    P-Value    Missing

Within Level

 FCFMLRTY   ON
    FLSCHOOL           1.902      0.072     26.502      0.000      0.100
    FLFAMILY           0.386      0.086      4.469      0.000      0.121
    NOBULLY            0.267      0.089      3.008      0.003      0.259
    ESCS               0.528      0.071      7.484      0.000      0.042
    IMMI2GEN           0.576      0.306      1.885      0.059      0.123
    MALE              -0.077      0.134     -0.571      0.568      0.041

 FLCONFIN   ON
    FLSCHOOL           0.136      0.016      8.417      0.000      0.225
    FLFAMILY           0.099      0.018      5.559      0.000      0.125
    NOBULLY            0.014      0.019      0.754      0.451      0.246
    ESCS               0.013      0.018      0.696      0.487      0.190
    IMMI2GEN           0.133      0.069      1.922      0.055      0.102
    MALE               0.234      0.036      6.443      0.000      0.246

 FLIT       ON
    FCFMLRTY           3.116      0.326      9.567      0.000      0.224
    FLCONFIN           3.284      1.496      2.196      0.028      0.344
    FLSCHOOL          -5.936      1.656     -3.584      0.000      0.349
    FLFAMILY          -0.637      1.316     -0.484      0.628      0.108
    NOBULLY            6.178      1.709      3.615      0.000      0.430
    ESCS              18.912      1.705     11.093      0.000      0.289
    IMMI1GEN          -0.605      5.787     -0.104      0.917      0.230

 FLSCHOOL WITH
    FLFAMILY           0.168      0.017      9.832      0.000      0.091
    NOBULLY           -0.022      0.018     -1.270      0.204      0.222
    ESCS               0.013      0.017      0.768      0.442      0.092

 FLFAMILY WITH
    NOBULLY           -0.005      0.018     -0.260      0.795      0.217
    ESCS               0.041      0.016      2.634      0.008      0.164

 FCFMLRTY WITH
    FLCONFIN           0.583      0.077      7.570      0.000      0.225

 ESCS     WITH
    IMMI1GEN          -0.042      0.005     -8.634      0.000      0.013
    IMMI2GEN          -0.033      0.005     -6.939      0.000      0.006

 Means
    IMMI1GEN           0.065      0.006     11.720      0.000      0.008
    IMMI2GEN           0.051      0.005     11.103      0.000      0.006
    ESCS              -0.042      0.036     -1.160      0.246      0.002

 Intercepts
    FCFMLRTY           7.599      0.100     75.954      0.000      0.028
    FLCONFIN          -0.370      0.029    -12.935      0.000      0.223

 Variances
    FLSCHOOL           1.003      0.021     48.663      0.000      0.111
    NOBULLY            0.907      0.028     31.938      0.000      0.160
    FLFAMILY           0.991      0.023     43.917      0.000      0.077
    IMMI1GEN           0.061      0.005     12.694      0.000      0.000
    IMMI2GEN           0.048      0.004     11.848      0.000      0.002
    ESCS               1.049      0.027     38.656      0.000      0.010

 Residual Variances
    FLIT            6174.642    175.424     35.198      0.000      0.306
    FCFMLRTY          21.854      0.470     46.523      0.000      0.137
    FLCONFIN           0.992      0.026     38.702      0.000      0.212

Between Level

 FLIT     WITH
    FLSCHOOL          -0.182      0.573     -0.317      0.751      0.093
    NOBULLY            0.821      0.671      1.224      0.221      0.372
    FLFAMILY          -0.754      0.535     -1.409      0.159      0.302
    EDUSHORT          -5.400      2.678     -2.016      0.044      0.039
    STRATIO           13.786      9.815      1.405      0.160      0.110

 FLSCHOOL WITH
    NOBULLY           -0.002      0.004     -0.401      0.689      0.175
    FLFAMILY           0.009      0.004      2.168      0.030      0.112
    EDUSHORT           0.010      0.022      0.476      0.634      0.029
    STRATIO           -0.098      0.109     -0.903      0.367      0.414

 NOBULLY  WITH
    FLFAMILY          -0.001      0.004     -0.196      0.844      0.304
    EDUSHORT          -0.011      0.019     -0.579      0.563      0.193
    STRATIO            0.040      0.097      0.406      0.684      0.430

 FLFAMILY WITH
    EDUSHORT           0.037      0.022      1.688      0.091      0.240
    STRATIO           -0.047      0.090     -0.519      0.603      0.280

 EDUSHORT WITH
    STRATIO           -0.602      0.381     -1.580      0.114      0.188

 Means
    EDUSHORT           0.146      0.080      1.817      0.069      0.068
    STRATIO           12.416      0.346     35.868      0.000      0.185
    FLIT             469.483      3.083    152.277      0.000      0.239
    FLSCHOOL          -0.149      0.018     -8.403      0.000      0.051
    NOBULLY            0.133      0.018      7.401      0.000      0.223
    FLFAMILY          -0.023      0.016     -1.461      0.144      0.120

 Variances
    EDUSHORT           1.269      0.118     10.730      0.000      0.036
    STRATIO           28.695      4.325      6.634      0.000      0.214
    FLIT             590.027    103.716      5.689      0.000      0.291
    FLSCHOOL           0.020      0.005      3.765      0.000      0.078
    NOBULLY            0.017      0.006      2.773      0.006      0.293
    FLFAMILY           0.011      0.006      1.911      0.056      0.204


STANDARDIZED MODEL RESULTS


STDYX Standardization

                                                    Two-Tailed   Rate of
                    Estimate       S.E.  Est./S.E.    P-Value    Missing

Within Level

 FCFMLRTY   ON
    FLSCHOOL           0.372      0.014     27.375      0.000      0.101
    FLFAMILY           0.075      0.017      4.487      0.000      0.120
    NOBULLY            0.050      0.017      2.999      0.003      0.249
    ESCS               0.106      0.014      7.543      0.000      0.041
    IMMI2GEN           0.025      0.013      1.856      0.063      0.119
    MALE              -0.007      0.013     -0.571      0.568      0.040

 FLCONFIN   ON
    FLSCHOOL           0.134      0.016      8.294      0.000      0.247
    FLFAMILY           0.096      0.017      5.523      0.000      0.129
    NOBULLY            0.013      0.017      0.754      0.451      0.246
    ESCS               0.013      0.018      0.696      0.487      0.191
    IMMI2GEN           0.029      0.015      1.919      0.055      0.100
    MALE               0.115      0.018      6.445      0.000      0.239

 FLIT       ON
    FCFMLRTY           0.192      0.020      9.681      0.000      0.256
    FLCONFIN           0.040      0.018      2.209      0.027      0.332
    FLSCHOOL          -0.072      0.020     -3.608      0.000      0.353
    FLFAMILY          -0.008      0.016     -0.483      0.629      0.108
    NOBULLY            0.071      0.020      3.568      0.000      0.445
    ESCS               0.233      0.020     11.667      0.000      0.258
    IMMI1GEN          -0.002      0.017     -0.106      0.916      0.229

 FLSCHOOL WITH
    FLFAMILY           0.169      0.017     10.093      0.000      0.097
    NOBULLY           -0.023      0.018     -1.272      0.203      0.226
    ESCS               0.013      0.016      0.767      0.443      0.092

 FLFAMILY WITH
    NOBULLY           -0.005      0.019     -0.261      0.794      0.217
    ESCS               0.040      0.016      2.598      0.009      0.163

 FCFMLRTY WITH
    FLCONFIN           0.125      0.016      7.690      0.000      0.217

 ESCS     WITH
    IMMI1GEN          -0.165      0.016    -10.528      0.000      0.019
    IMMI2GEN          -0.146      0.017     -8.482      0.000      0.010

 Means
    IMMI1GEN           0.264      0.012     21.487      0.000      0.030
    IMMI2GEN           0.232      0.011     20.584      0.000      0.021
    ESCS              -0.041      0.035     -1.167      0.243      0.002

 Intercepts
    FCFMLRTY           1.483      0.023     63.510      0.000      0.023
    FLCONFIN          -0.363      0.028    -13.103      0.000      0.224

 Variances
    FLSCHOOL           1.000      0.000  *********      0.000      0.000
    NOBULLY            1.000      0.000  *********      0.000      0.000
    FLFAMILY           1.000      0.000  *********      0.000      0.000
    IMMI1GEN           1.000      0.000  *********      0.000      0.000
    IMMI2GEN           1.000      0.000  *********      0.000      0.000
    ESCS               1.000      0.000  *********      0.000      0.000

 Residual Variances
    FLIT               0.894      0.011     81.871      0.000      0.289
    FCFMLRTY           0.832      0.011     73.840      0.000      0.107
    FLCONFIN           0.954      0.008    119.236      0.000      0.279

Between Level

 FLIT     WITH
    FLSCHOOL          -0.053      0.167     -0.321      0.748      0.099
    NOBULLY            0.258      0.204      1.268      0.205      0.389
    FLFAMILY          -0.293      0.206     -1.423      0.155      0.316
    EDUSHORT          -0.198      0.092     -2.157      0.031      0.045
    STRATIO            0.106      0.075      1.418      0.156      0.102

 FLSCHOOL WITH
    NOBULLY           -0.086      0.214     -0.404      0.686      0.177
    FLFAMILY           0.607      0.250      2.426      0.015      0.113
    EDUSHORT           0.064      0.134      0.478      0.633      0.027
    STRATIO           -0.132      0.144     -0.922      0.357      0.451

 NOBULLY  WITH
    FLFAMILY          -0.070      0.305     -0.229      0.819      0.296
    EDUSHORT          -0.078      0.131     -0.599      0.549      0.233
    STRATIO            0.057      0.136      0.416      0.677      0.408

 FLFAMILY WITH
    EDUSHORT           0.309      0.181      1.705      0.088      0.255
    STRATIO           -0.085      0.161     -0.527      0.598      0.299

 EDUSHORT WITH
    STRATIO           -0.100      0.064     -1.576      0.115      0.207

 Means
    EDUSHORT           0.130      0.069      1.873      0.061      0.075
    STRATIO            2.321      0.170     13.645      0.000      0.203
    FLIT              19.379      1.701     11.391      0.000      0.293
    FLSCHOOL          -1.059      0.191     -5.534      0.000      0.021
    NOBULLY            1.028      0.277      3.709      0.000      0.312
    FLFAMILY          -0.222      0.157     -1.414      0.157      0.110

 Variances
    EDUSHORT           1.000      0.000  *********      0.000      0.000
    STRATIO            1.000      0.000  *********      0.000      0.000
    FLIT               1.000      0.000  *********      0.000      0.000
    FLSCHOOL           1.000      0.000  *********      0.000      0.000
    NOBULLY            1.000      0.000  *********      0.000      0.000
    FLFAMILY           1.000      0.000    999.000    999.000      0.000


R-SQUARE

Within Level

    Observed                                        Two-Tailed   Rate of
    Variable        Estimate       S.E.  Est./S.E.    P-Value    Missing

    FLIT               0.106      0.011      9.674      0.000      0.289
    FCFMLRTY           0.168      0.011     14.859      0.000      0.107
    FLCONFIN           0.046      0.008      5.748      0.000      0.279

Between Level


QUALITY OF NUMERICAL RESULTS

     Average Condition Number for the Information Matrix      0.212E-08
       (ratio of smallest to largest eigenvalue)


TOTAL, TOTAL INDIRECT, SPECIFIC INDIRECT, AND DIRECT EFFECTS


                                                    Two-Tailed   Rate of
                    Estimate       S.E.  Est./S.E.    P-Value    Missing

WITHIN

Effects from FLSCHOOL to FLIT

  Total                0.440      1.543      0.285      0.775      0.285
  Total indirect       6.376      0.708      9.011      0.000      0.273

  Specific indirect 1
    FLIT
    FCFMLRTY
    FLSCHOOL           5.928      0.669      8.862      0.000      0.252

  Specific indirect 2
    FLIT
    FLCONFIN
    FLSCHOOL           0.448      0.212      2.114      0.035      0.354

  Direct
    FLIT
    FLSCHOOL          -5.936      1.656     -3.584      0.000      0.349


Effects from FLFAMILY to FLIT

  Total                0.891      1.356      0.657      0.511      0.076
  Total indirect       1.528      0.348      4.393      0.000      0.148

  Specific indirect 1
    FLIT
    FCFMLRTY
    FLFAMILY           1.203      0.307      3.920      0.000      0.107

  Specific indirect 2
    FLIT
    FLCONFIN
    FLFAMILY           0.325      0.157      2.067      0.039      0.358

  Direct
    FLIT
    FLFAMILY          -0.637      1.316     -0.484      0.628      0.108


Effects from NOBULLY to FLIT

  Total                7.060      1.734      4.072      0.000      0.417
  Total indirect       0.882      0.308      2.864      0.004      0.248

  Specific indirect 1
    FLIT
    FCFMLRTY
    NOBULLY            0.833      0.294      2.835      0.005      0.254

  Specific indirect 2
    FLIT
    FLCONFIN
    NOBULLY            0.049      0.069      0.703      0.482      0.276

  Direct
    FLIT
    NOBULLY            6.178      1.709      3.615      0.000      0.430


Effects from ESCS to FLIT

  Total               20.600      1.658     12.424      0.000      0.285
  Total indirect       1.688      0.290      5.819      0.000      0.142

  Specific indirect 1
    FLIT
    FCFMLRTY
    ESCS               1.645      0.279      5.886      0.000      0.102

  Specific indirect 2
    FLIT
    FLCONFIN
    ESCS               0.043      0.067      0.651      0.515      0.223

  Direct
    FLIT
    ESCS              18.912      1.705     11.093      0.000      0.289


Effects from IMMI2GEN to FLIT

  Total                2.227      1.042      2.136      0.033      0.153
  Total indirect       2.227      1.042      2.136      0.033      0.153

  Specific indirect 1
    FLIT
    FCFMLRTY
    IMMI2GEN           1.801      0.960      1.875      0.061      0.146

  Specific indirect 2
    FLIT
    FLCONFIN
    IMMI2GEN           0.426      0.288      1.477      0.140      0.087


Effects from MALE to FLIT

  Total                0.529      0.551      0.961      0.336      0.120
  Total indirect       0.529      0.551      0.961      0.336      0.120

  Specific indirect 1
    FLIT
    FCFMLRTY
    MALE              -0.239      0.419     -0.569      0.569      0.041

  Specific indirect 2
    FLIT
    FLCONFIN
    MALE               0.768      0.360      2.134      0.033      0.335


BETWEEN

Effects from FLSCHOOL to FLIT

  Total                0.000      0.000    999.000      0.000      0.167
  Total indirect       0.000      0.000    999.000      0.000      0.167


Effects from FLFAMILY to FLIT

  Total                0.000      0.000    999.000      0.000      0.167
  Total indirect       0.000      0.000    999.000      0.000      0.167


Effects from NOBULLY to FLIT

  Total                0.000      0.000    999.000      0.000      0.167
  Total indirect       0.000      0.000    999.000      0.000      0.167


Effects from ESCS to FLIT

  Total                0.000      0.000    999.000      0.000      0.167
  Total indirect       0.000      0.000    999.000      0.000      0.167


Effects from IMMI2GEN to FLIT

  Total                0.000      0.000    999.000      0.000      0.167
  Total indirect       0.000      0.000    999.000      0.000      0.167


Effects from MALE to FLIT

  Total                0.000      0.000    999.000      0.000      0.167
  Total indirect       0.000      0.000    999.000      0.000      0.167



STANDARDIZED TOTAL, TOTAL INDIRECT, SPECIFIC INDIRECT, AND DIRECT EFFECTS


STDYX Standardization

                                                    Two-Tailed   Rate of
                    Estimate       S.E.  Est./S.E.    P-Value    Missing

WITHIN

Effects from FLSCHOOL to FLIT

  Total                0.005      0.019      0.286      0.775      0.284
  Total indirect       0.077      0.009      8.995      0.000      0.299

  Specific indirect 1
    FLIT
    FCFMLRTY
    FLSCHOOL           0.071      0.008      8.812      0.000      0.284

  Specific indirect 2
    FLIT
    FLCONFIN
    FLSCHOOL           0.005      0.003      2.118      0.034      0.350

  Direct
    FLIT
    FLSCHOOL          -0.072      0.020     -3.608      0.000      0.353


Effects from FLFAMILY to FLIT

  Total                0.011      0.016      0.658      0.511      0.078
  Total indirect       0.018      0.004      4.479      0.000      0.148

  Specific indirect 1
    FLIT
    FCFMLRTY
    FLFAMILY           0.014      0.004      3.970      0.000      0.113

  Specific indirect 2
    FLIT
    FLCONFIN
    FLFAMILY           0.004      0.002      2.079      0.038      0.354

  Direct
    FLIT
    FLFAMILY          -0.008      0.016     -0.483      0.629      0.108


Effects from NOBULLY to FLIT

  Total                0.081      0.020      4.021      0.000      0.432
  Total indirect       0.010      0.004      2.884      0.004      0.235

  Specific indirect 1
    FLIT
    FCFMLRTY
    NOBULLY            0.010      0.003      2.854      0.004      0.242

  Specific indirect 2
    FLIT
    FLCONFIN
    NOBULLY            0.001      0.001      0.704      0.481      0.276

  Direct
    FLIT
    NOBULLY            0.071      0.020      3.568      0.000      0.445


Effects from ESCS to FLIT

  Total                0.254      0.019     13.174      0.000      0.253
  Total indirect       0.021      0.004      5.822      0.000      0.153

  Specific indirect 1
    FLIT
    FCFMLRTY
    ESCS               0.020      0.003      5.901      0.000      0.115

  Specific indirect 2
    FLIT
    FLCONFIN
    ESCS               0.001      0.001      0.651      0.515      0.222

  Direct
    FLIT
    ESCS               0.233      0.020     11.667      0.000      0.258


Effects from IMMI2GEN to FLIT

  Total                0.006      0.003      2.106      0.035      0.146
  Total indirect       0.006      0.003      2.106      0.035      0.146

  Specific indirect 1
    FLIT
    FCFMLRTY
    IMMI2GEN           0.005      0.003      1.848      0.065      0.141

  Specific indirect 2
    FLIT
    FLCONFIN
    IMMI2GEN           0.001      0.001      1.480      0.139      0.084


Effects from MALE to FLIT

  Total                0.003      0.003      0.961      0.336      0.117
  Total indirect       0.003      0.003      0.961      0.336      0.117

  Specific indirect 1
    FLIT
    FCFMLRTY
    MALE              -0.001      0.003     -0.569      0.569      0.041

  Specific indirect 2
    FLIT
    FLCONFIN
    MALE               0.005      0.002      2.141      0.032      0.327


BETWEEN

Effects from FLSCHOOL to FLIT

  Total                0.000      0.000      0.000      1.000      0.167
  Total indirect       0.000      0.000      0.000      1.000      0.167


Effects from FLFAMILY to FLIT

  Total                0.000      0.000      0.000      1.000      0.167
  Total indirect       0.000      0.000      0.000      1.000      0.167


Effects from NOBULLY to FLIT

  Total                0.000      0.000      0.000      1.000      0.167
  Total indirect       0.000      0.000      0.000      1.000      0.167


Effects from ESCS to FLIT

  Total                0.000      0.000      0.000      1.000      0.167
  Total indirect       0.000      0.000      0.000      1.000      0.167


Effects from IMMI2GEN to FLIT

  Total                0.000      0.000      0.000      1.000      0.167
  Total indirect       0.000      0.000      0.000      1.000      0.167


Effects from MALE to FLIT

  Total                0.000      0.000      0.000      1.000      0.167
  Total indirect       0.000      0.000      0.000      1.000      0.167




TECHNICAL 1 OUTPUT


     PARAMETER SPECIFICATION FOR WITHIN


           NU
              FLIT          FLSCHOOL      NOBULLY       FLFAMILY      FCFMLRTY
              ________      ________      ________      ________      ________
                    0             0             0             0             0


           NU
              FLCONFIN      IMMI1GEN      IMMI2GEN      ESCS          MALE
              ________      ________      ________      ________      ________
                    0             0             0             0             0


           LAMBDA
              FLIT          FLSCHOOL      NOBULLY       FLFAMILY      FCFMLRTY
              ________      ________      ________      ________      ________
 FLIT               0             0             0             0             0
 FLSCHOOL           0             0             0             0             0
 NOBULLY            0             0             0             0             0
 FLFAMILY           0             0             0             0             0
 FCFMLRTY           0             0             0             0             0
 FLCONFIN           0             0             0             0             0
 IMMI1GEN           0             0             0             0             0
 IMMI2GEN           0             0             0             0             0
 ESCS               0             0             0             0             0
 MALE               0             0             0             0             0


           LAMBDA
              FLCONFIN      IMMI1GEN      IMMI2GEN      ESCS          MALE
              ________      ________      ________      ________      ________
 FLIT               0             0             0             0             0
 FLSCHOOL           0             0             0             0             0
 NOBULLY            0             0             0             0             0
 FLFAMILY           0             0             0             0             0
 FCFMLRTY           0             0             0             0             0
 FLCONFIN           0             0             0             0             0
 IMMI1GEN           0             0             0             0             0
 IMMI2GEN           0             0             0             0             0
 ESCS               0             0             0             0             0
 MALE               0             0             0             0             0


           THETA
              FLIT          FLSCHOOL      NOBULLY       FLFAMILY      FCFMLRTY
              ________      ________      ________      ________      ________
 FLIT               0
 FLSCHOOL           0             0
 NOBULLY            0             0             0
 FLFAMILY           0             0             0             0
 FCFMLRTY           0             0             0             0             0
 FLCONFIN           0             0             0             0             0
 IMMI1GEN           0             0             0             0             0
 IMMI2GEN           0             0             0             0             0
 ESCS               0             0             0             0             0
 MALE               0             0             0             0             0


           THETA
              FLCONFIN      IMMI1GEN      IMMI2GEN      ESCS          MALE
              ________      ________      ________      ________      ________
 FLCONFIN           0
 IMMI1GEN           0             0
 IMMI2GEN           0             0             0
 ESCS               0             0             0             0
 MALE               0             0             0             0             0


           ALPHA
              FLIT          FLSCHOOL      NOBULLY       FLFAMILY      FCFMLRTY
              ________      ________      ________      ________      ________
                    0             0             0             0             1


           ALPHA
              FLCONFIN      IMMI1GEN      IMMI2GEN      ESCS          MALE
              ________      ________      ________      ________      ________
                    2             3             4             5             0


           BETA
              FLIT          FLSCHOOL      NOBULLY       FLFAMILY      FCFMLRTY
              ________      ________      ________      ________      ________
 FLIT               0             6             7             8             9
 FLSCHOOL           0             0             0             0             0
 NOBULLY            0             0             0             0             0
 FLFAMILY           0             0             0             0             0
 FCFMLRTY           0            13            14            15             0
 FLCONFIN           0            19            20            21             0
 IMMI1GEN           0             0             0             0             0
 IMMI2GEN           0             0             0             0             0
 ESCS               0             0             0             0             0
 MALE               0             0             0             0             0


           BETA
              FLCONFIN      IMMI1GEN      IMMI2GEN      ESCS          MALE
              ________      ________      ________      ________      ________
 FLIT              10            11             0            12             0
 FLSCHOOL           0             0             0             0             0
 NOBULLY            0             0             0             0             0
 FLFAMILY           0             0             0             0             0
 FCFMLRTY           0             0            16            17            18
 FLCONFIN           0             0            22            23            24
 IMMI1GEN           0             0             0             0             0
 IMMI2GEN           0             0             0             0             0
 ESCS               0             0             0             0             0
 MALE               0             0             0             0             0


           PSI
              FLIT          FLSCHOOL      NOBULLY       FLFAMILY      FCFMLRTY
              ________      ________      ________      ________      ________
 FLIT              25
 FLSCHOOL           0            26
 NOBULLY            0            27            28
 FLFAMILY           0            29            30            31
 FCFMLRTY           0             0             0             0            32
 FLCONFIN           0             0             0             0            33
 IMMI1GEN           0             0             0             0             0
 IMMI2GEN           0             0             0             0             0
 ESCS               0            37             0            38             0
 MALE               0             0             0             0             0


           PSI
              FLCONFIN      IMMI1GEN      IMMI2GEN      ESCS          MALE
              ________      ________      ________      ________      ________
 FLCONFIN          34
 IMMI1GEN           0            35
 IMMI2GEN           0             0            36
 ESCS               0            39            40            41
 MALE               0             0             0             0             0


     PARAMETER SPECIFICATION FOR BETWEEN


           NU
              EDUSHORT      STRATIO       FLIT          FLSCHOOL      NOBULLY
              ________      ________      ________      ________      ________
                    0             0             0             0             0


           NU
              FLFAMILY
              ________
                    0


           LAMBDA
              EDUSHORT      STRATIO       FLIT          FLSCHOOL      NOBULLY
              ________      ________      ________      ________      ________
 EDUSHORT           0             0             0             0             0
 STRATIO            0             0             0             0             0
 FLIT               0             0             0             0             0
 FLSCHOOL           0             0             0             0             0
 NOBULLY            0             0             0             0             0
 FLFAMILY           0             0             0             0             0


           LAMBDA
              FLFAMILY
              ________
 EDUSHORT           0
 STRATIO            0
 FLIT               0
 FLSCHOOL           0
 NOBULLY            0
 FLFAMILY           0


           THETA
              EDUSHORT      STRATIO       FLIT          FLSCHOOL      NOBULLY
              ________      ________      ________      ________      ________
 EDUSHORT           0
 STRATIO            0             0
 FLIT               0             0             0
 FLSCHOOL           0             0             0             0
 NOBULLY            0             0             0             0             0
 FLFAMILY           0             0             0             0             0


           THETA
              FLFAMILY
              ________
 FLFAMILY           0


           ALPHA
              EDUSHORT      STRATIO       FLIT          FLSCHOOL      NOBULLY
              ________      ________      ________      ________      ________
                   42            43            44            45            46


           ALPHA
              FLFAMILY
              ________
                   47


           BETA
              EDUSHORT      STRATIO       FLIT          FLSCHOOL      NOBULLY
              ________      ________      ________      ________      ________
 EDUSHORT           0             0             0             0             0
 STRATIO            0             0             0             0             0
 FLIT               0             0             0             0             0
 FLSCHOOL           0             0             0             0             0
 NOBULLY            0             0             0             0             0
 FLFAMILY           0             0             0             0             0


           BETA
              FLFAMILY
              ________
 EDUSHORT           0
 STRATIO            0
 FLIT               0
 FLSCHOOL           0
 NOBULLY            0
 FLFAMILY           0


           PSI
              EDUSHORT      STRATIO       FLIT          FLSCHOOL      NOBULLY
              ________      ________      ________      ________      ________
 EDUSHORT          48
 STRATIO           49            50
 FLIT              51            52            53
 FLSCHOOL          54            55            56            57
 NOBULLY           58            59            60            61            62
 FLFAMILY          63            64            65            66            67


           PSI
              FLFAMILY
              ________
 FLFAMILY          68


     STARTING VALUES FOR WITHIN


           NU
              FLIT          FLSCHOOL      NOBULLY       FLFAMILY      FCFMLRTY
              ________      ________      ________      ________      ________
                0.000         0.000         0.000         0.000         0.000


           NU
              FLCONFIN      IMMI1GEN      IMMI2GEN      ESCS          MALE
              ________      ________      ________      ________      ________
                0.000         0.000         0.000         0.000         0.000


           LAMBDA
              FLIT          FLSCHOOL      NOBULLY       FLFAMILY      FCFMLRTY
              ________      ________      ________      ________      ________
 FLIT           1.000         0.000         0.000         0.000         0.000
 FLSCHOOL       0.000         1.000         0.000         0.000         0.000
 NOBULLY        0.000         0.000         1.000         0.000         0.000
 FLFAMILY       0.000         0.000         0.000         1.000         0.000
 FCFMLRTY       0.000         0.000         0.000         0.000         1.000
 FLCONFIN       0.000         0.000         0.000         0.000         0.000
 IMMI1GEN       0.000         0.000         0.000         0.000         0.000
 IMMI2GEN       0.000         0.000         0.000         0.000         0.000
 ESCS           0.000         0.000         0.000         0.000         0.000
 MALE           0.000         0.000         0.000         0.000         0.000


           LAMBDA
              FLCONFIN      IMMI1GEN      IMMI2GEN      ESCS          MALE
              ________      ________      ________      ________      ________
 FLIT           0.000         0.000         0.000         0.000         0.000
 FLSCHOOL       0.000         0.000         0.000         0.000         0.000
 NOBULLY        0.000         0.000         0.000         0.000         0.000
 FLFAMILY       0.000         0.000         0.000         0.000         0.000
 FCFMLRTY       0.000         0.000         0.000         0.000         0.000
 FLCONFIN       1.000         0.000         0.000         0.000         0.000
 IMMI1GEN       0.000         1.000         0.000         0.000         0.000
 IMMI2GEN       0.000         0.000         1.000         0.000         0.000
 ESCS           0.000         0.000         0.000         1.000         0.000
 MALE           0.000         0.000         0.000         0.000         1.000


           THETA
              FLIT          FLSCHOOL      NOBULLY       FLFAMILY      FCFMLRTY
              ________      ________      ________      ________      ________
 FLIT           0.000
 FLSCHOOL       0.000         0.000
 NOBULLY        0.000         0.000         0.000
 FLFAMILY       0.000         0.000         0.000         0.000
 FCFMLRTY       0.000         0.000         0.000         0.000         0.000
 FLCONFIN       0.000         0.000         0.000         0.000         0.000
 IMMI1GEN       0.000         0.000         0.000         0.000         0.000
 IMMI2GEN       0.000         0.000         0.000         0.000         0.000
 ESCS           0.000         0.000         0.000         0.000         0.000
 MALE           0.000         0.000         0.000         0.000         0.000


           THETA
              FLCONFIN      IMMI1GEN      IMMI2GEN      ESCS          MALE
              ________      ________      ________      ________      ________
 FLCONFIN       0.000
 IMMI1GEN       0.000         0.000
 IMMI2GEN       0.000         0.000         0.000
 ESCS           0.000         0.000         0.000         0.000
 MALE           0.000         0.000         0.000         0.000         0.000


           ALPHA
              FLIT          FLSCHOOL      NOBULLY       FLFAMILY      FCFMLRTY
              ________      ________      ________      ________      ________
                0.000         0.000         0.000         0.000         7.584


           ALPHA
              FLCONFIN      IMMI1GEN      IMMI2GEN      ESCS          MALE
              ________      ________      ________      ________      ________
               -0.272         0.072         0.050         0.066         0.000


           BETA
              FLIT          FLSCHOOL      NOBULLY       FLFAMILY      FCFMLRTY
              ________      ________      ________      ________      ________
 FLIT           0.000         0.000         0.000         0.000         0.000
 FLSCHOOL       0.000         0.000         0.000         0.000         0.000
 NOBULLY        0.000         0.000         0.000         0.000         0.000
 FLFAMILY       0.000         0.000         0.000         0.000         0.000
 FCFMLRTY       0.000         0.000         0.000         0.000         0.000
 FLCONFIN       0.000         0.000         0.000         0.000         0.000
 IMMI1GEN       0.000         0.000         0.000         0.000         0.000
 IMMI2GEN       0.000         0.000         0.000         0.000         0.000
 ESCS           0.000         0.000         0.000         0.000         0.000
 MALE           0.000         0.000         0.000         0.000         0.000


           BETA
              FLCONFIN      IMMI1GEN      IMMI2GEN      ESCS          MALE
              ________      ________      ________      ________      ________
 FLIT           0.000         0.000         0.000         0.000         0.000
 FLSCHOOL       0.000         0.000         0.000         0.000         0.000
 NOBULLY        0.000         0.000         0.000         0.000         0.000
 FLFAMILY       0.000         0.000         0.000         0.000         0.000
 FCFMLRTY       0.000         0.000         0.000         0.000         0.000
 FLCONFIN       0.000         0.000         0.000         0.000         0.000
 IMMI1GEN       0.000         0.000         0.000         0.000         0.000
 IMMI2GEN       0.000         0.000         0.000         0.000         0.000
 ESCS           0.000         0.000         0.000         0.000         0.000
 MALE           0.000         0.000         0.000         0.000         0.000


           PSI
              FLIT          FLSCHOOL      NOBULLY       FLFAMILY      FCFMLRTY
              ________      ________      ________      ________      ________
 FLIT        3670.205
 FLSCHOOL       0.000         0.520
 NOBULLY        0.000         0.000         0.449
 FLFAMILY       0.000         0.000         0.000         0.509
 FCFMLRTY       0.000         0.000         0.000         0.000        13.532
 FLCONFIN       0.000         0.000         0.000         0.000         0.000
 IMMI1GEN       0.000         0.000         0.000         0.000         0.000
 IMMI2GEN       0.000         0.000         0.000         0.000         0.000
 ESCS           0.000         0.000         0.000         0.000         0.000
 MALE           0.000         0.000         0.000         0.000         0.000


           PSI
              FLCONFIN      IMMI1GEN      IMMI2GEN      ESCS          MALE
              ________      ________      ________      ________      ________
 FLCONFIN       0.523
 IMMI1GEN       0.000         0.033
 IMMI2GEN       0.000         0.000         0.024
 ESCS           0.000         0.000         0.000         0.521
 MALE           0.000         0.000         0.000         0.000         0.125


     STARTING VALUES FOR BETWEEN


           NU
              EDUSHORT      STRATIO       FLIT          FLSCHOOL      NOBULLY
              ________      ________      ________      ________      ________
                0.000         0.000         0.000         0.000         0.000


           NU
              FLFAMILY
              ________
                0.000


           LAMBDA
              EDUSHORT      STRATIO       FLIT          FLSCHOOL      NOBULLY
              ________      ________      ________      ________      ________
 EDUSHORT       1.000         0.000         0.000         0.000         0.000
 STRATIO        0.000         1.000         0.000         0.000         0.000
 FLIT           0.000         0.000         1.000         0.000         0.000
 FLSCHOOL       0.000         0.000         0.000         1.000         0.000
 NOBULLY        0.000         0.000         0.000         0.000         1.000
 FLFAMILY       0.000         0.000         0.000         0.000         0.000


           LAMBDA
              FLFAMILY
              ________
 EDUSHORT       0.000
 STRATIO        0.000
 FLIT           0.000
 FLSCHOOL       0.000
 NOBULLY        0.000
 FLFAMILY       1.000


           THETA
              EDUSHORT      STRATIO       FLIT          FLSCHOOL      NOBULLY
              ________      ________      ________      ________      ________
 EDUSHORT       0.000
 STRATIO        0.000         0.000
 FLIT           0.000         0.000         0.000
 FLSCHOOL       0.000         0.000         0.000         0.000
 NOBULLY        0.000         0.000         0.000         0.000         0.000
 FLFAMILY       0.000         0.000         0.000         0.000         0.000


           THETA
              FLFAMILY
              ________
 FLFAMILY       0.000


           ALPHA
              EDUSHORT      STRATIO       FLIT          FLSCHOOL      NOBULLY
              ________      ________      ________      ________      ________
                0.009        12.598       496.254        -0.153         0.147


           ALPHA
              FLFAMILY
              ________
               -0.034


           BETA
              EDUSHORT      STRATIO       FLIT          FLSCHOOL      NOBULLY
              ________      ________      ________      ________      ________
 EDUSHORT       0.000         0.000         0.000         0.000         0.000
 STRATIO        0.000         0.000         0.000         0.000         0.000
 FLIT           0.000         0.000         0.000         0.000         0.000
 FLSCHOOL       0.000         0.000         0.000         0.000         0.000
 NOBULLY        0.000         0.000         0.000         0.000         0.000
 FLFAMILY       0.000         0.000         0.000         0.000         0.000


           BETA
              FLFAMILY
              ________
 EDUSHORT       0.000
 STRATIO        0.000
 FLIT           0.000
 FLSCHOOL       0.000
 NOBULLY        0.000
 FLFAMILY       0.000


           PSI
              EDUSHORT      STRATIO       FLIT          FLSCHOOL      NOBULLY
              ________      ________      ________      ________      ________
 EDUSHORT       0.553
 STRATIO        0.000        15.113
 FLIT           0.000         0.000      3670.205
 FLSCHOOL       0.000         0.000         0.000         0.520
 NOBULLY        0.000         0.000         0.000         0.000         0.449
 FLFAMILY       0.000         0.000         0.000         0.000         0.000


           PSI
              FLFAMILY
              ________
 FLFAMILY       0.509


     Beginning Time:  18:05:25
        Ending Time:  18:07:52
       Elapsed Time:  00:02:27



MUTHEN & MUTHEN
3463 Stoner Ave.
Los Angeles, CA  90066

Tel: (310) 391-9971
Fax: (310) 391-8971
Web: www.StatModel.com
Support: Support@StatModel.com

Copyright (c) 1998-2020 Muthen & Muthen
