Mplus VERSION 8.5 (Linux)
MUTHEN & MUTHEN
03/11/2021   6:05 PM

INPUT INSTRUCTIONS


  TITLE:
      Two-level saturated model 840

  DATA:
      file = "~/implist.dat";

      type = imputation;


  VARIABLE:
      names =
          FKI CNTRYID CNTSCHID W_STU
          MATH READ FLIT                      ! PISA achievement variables
          MALE IMMI1GEN IMMI2GEN ESCS         ! Demographic info
          FCFMLRTY FLCONFIN                   ! Affect
          FLSCHOOL                            !   Lat var "Academic"
          NOBULLY                             !   Lat var "Safety"
          FLFAMILY                            !   Lat var "Community"
          W_SCH STRATIO                       ! School character
          EDUSHORT                            !   Lat var "inst. env."
          ;

      useobs = CNTRYID eq 840;          ! Pull out one country at a time

      usevar =
          FLIT                                ! PISA achievement variables
          FLSCHOOL                            !   Lat var "Academic"
          NOBULLY                             !   Lat var "Safety"
          FLFAMILY                            !   Lat var "Community"
          EDUSHORT STRATIO                    !   Lat var "Inst env"
          FCFMLRTY FLCONFIN                   ! Affect
          MALE IMMI1GEN IMMI2GEN ESCS         ! Demographic info
          ;

      ! Vars that ONLY appear in L1
      within =
          FCFMLRTY FLCONFIN                   ! Affective vars
          MALE IMMI1GEN IMMI2GEN ESCS         ! L1 control vars
          ;

      ! Vars that ONLY appear in L2
      between =
          EDUSHORT STRATIO                    ! L2: school
          ;

      weight = W_STU;                         ! Student weight
      wtscale = cluster;                      ! Scale L1 weight to cluster size
      bweight = W_SCH;                        ! School weight
      bwtscale = sample;                      ! Scale L2 weight to sample

      cluster = CNTSCHID;                     ! Cluster by school ID


  ANALYSIS:
      processors = 8;

      type = twolevel;


  MODEL:

  %Within%                                    ! === L1: Student-level ===

      ! Indirect pathways (1st half): school climate vars onto mediators
          ! Onto mediator FAMILIARITY
      FCFMLRTY on FLSCHOOL FLFAMILY NOBULLY ESCS IMMI2GEN MALE;
          ! Onto mediator CONFIDENCE
      FLCONFIN on FLSCHOOL FLFAMILY NOBULLY ESCS IMMI2GEN MALE;

      ! Total effect
      FLIT on
          ! Indirect pathways (2nd half): affective vars onto financial literacy
          FCFMLRTY FLCONFIN
          ! Direct pathways: school climate vars onto financial literacy
          FLSCHOOL FLFAMILY NOBULLY
          ! Dmographic vars
          ESCS IMMI1GEN
          ;

      ! Covariances
          ! Between school climate vars
      FLSCHOOL with FLFAMILY;
      FLFAMILY with NOBULLY;
      FLSCHOOL with NOBULLY;
          ! Between mediators
      FCFMLRTY with FLCONFIN;

          ! SES with school climate vars
      ESCS with FLSCHOOL FLFAMILY;
          ! SES with demographic vars
      ESCS with IMMI1GEN IMMI2GEN;

  %Between%                                   ! === L2: School-level ===

      FLIT-STRATIO WITH FLIT-STRATIO;


  MODEL INDIRECT:

      ! Indirect effects
      FLIT ind FLSCHOOL;
      FLIT ind FLFAMILY;
      FLIT ind NOBULLY;

      FLIT ind ESCS;
      FLIT ind IMMI2GEN;
      FLIT ind MALE;


  OUTPUT:
      stdyx                                   ! Fully standardised solution
      ;



*** WARNING in MODEL command
  In the MODEL command, the following variable is a y-variable on the BETWEEN
  level and an x-variable on the WITHIN level.  This variable will be treated
  as a y-variable on both levels:  FLSCHOOL
*** WARNING in MODEL command
  In the MODEL command, the following variable is a y-variable on the BETWEEN
  level and an x-variable on the WITHIN level.  This variable will be treated
  as a y-variable on both levels:  NOBULLY
*** WARNING in MODEL command
  In the MODEL command, the following variable is a y-variable on the BETWEEN
  level and an x-variable on the WITHIN level.  This variable will be treated
  as a y-variable on both levels:  FLFAMILY
   3 WARNING(S) FOUND IN THE INPUT INSTRUCTIONS




Two-level saturated model 840

SUMMARY OF ANALYSIS

Number of groups                                                 1
Average number of observations                                3738

Number of replications
    Requested                                                   10
    Completed                                                   10

Number of dependent variables                                    8
Number of independent variables                                  4
Number of continuous latent variables                            0

Observed dependent variables

  Continuous
   EDUSHORT    STRATIO     FLIT        FLSCHOOL    NOBULLY     FLFAMILY
   FCFMLRTY    FLCONFIN

Observed independent variables
   MALE        IMMI1GEN    IMMI2GEN    ESCS

Variables with special functions

  Cluster variable      CNTSCHID
  Weight variable (cluster-size scaling)
    W_STU
  Between weight variable (sample-size scaling)
    W_SCH

  Within variables
   FCFMLRTY    FLCONFIN    MALE        IMMI1GEN    IMMI2GEN    ESCS

  Between variables
   EDUSHORT    STRATIO


Estimator                                                      MLR
Information matrix                                        OBSERVED
Maximum number of iterations                                   100
Convergence criterion                                    0.100D-05
Maximum number of EM iterations                                500
Convergence criteria for the EM algorithm
  Loglikelihood change                                   0.100D-02
  Relative loglikelihood change                          0.100D-05
  Derivative                                             0.100D-03
Minimum variance                                         0.100D-03
Maximum number of steepest descent iterations                   20
Maximum number of iterations for H1                           2000
Convergence criterion for H1                             0.100D-03
Optimization algorithm                                         EMA

Input data file(s)
  Multiple data files from
    ~/implist.dat
Input data format  FREE


SUMMARY OF DATA FOR THE FIRST DATA SET

     Number of clusters                        163

     Average cluster size       22.933

     Estimated Intraclass Correlations for the Y Variables

                Intraclass              Intraclass              Intraclass
     Variable  Correlation   Variable  Correlation   Variable  Correlation

     FLIT         0.084      FLSCHOOL     0.054      NOBULLY      0.030
     FLFAMILY     0.010      FCFMLRTY     0.000      FLCONFIN     0.000
     IMMI1GEN     0.000      IMMI2GEN     0.000      ESCS         0.000



SAMPLE STATISTICS

NOTE:  The sample statistics for within and between refer to the
       maximum-likelihood estimated within and between covariance
       matrices, respectively.

NOTE:  These are average results over 10 data sets.


     ESTIMATED SAMPLE STATISTICS FOR WITHIN


           Means
              EDUSHORT      STRATIO       FLIT          FLSCHOOL      NOBULLY
              ________      ________      ________      ________      ________
                0.000         0.000         0.000         0.000         0.000


           Means
              FLFAMILY      FCFMLRTY      FLCONFIN      IMMI1GEN      IMMI2GEN
              ________      ________      ________      ________      ________
                0.000         6.899        -0.173         0.058         0.174


           Means
              ESCS          MALE
              ________      ________
                0.070         0.499


           Covariances
              EDUSHORT      STRATIO       FLIT          FLSCHOOL      NOBULLY
              ________      ________      ________      ________      ________
 EDUSHORT       0.000
 STRATIO        0.000         0.000
 FLIT           0.000         0.000      8989.524
 FLSCHOOL       0.000         0.000        -6.706         1.107
 NOBULLY        0.000         0.000         7.166        -0.021         1.057
 FLFAMILY       0.000         0.000        -1.103         0.205        -0.040
 FCFMLRTY       0.000         0.000        97.179         1.586         0.100
 FLCONFIN       0.000         0.000         1.978         0.245         0.016
 IMMI1GEN       0.000         0.000        -1.691        -0.003         0.006
 IMMI2GEN       0.000         0.000        -0.741        -0.004         0.017
 ESCS           0.000         0.000        30.458         0.022         0.022
 MALE           0.000         0.000         1.920         0.041        -0.019


           Covariances
              FLFAMILY      FCFMLRTY      FLCONFIN      IMMI1GEN      IMMI2GEN
              ________      ________      ________      ________      ________
 FLFAMILY       1.106
 FCFMLRTY       0.651        24.564
 FLCONFIN       0.244         1.274         1.064
 IMMI1GEN      -0.003        -0.061         0.003         0.054
 IMMI2GEN      -0.001        -0.144        -0.017        -0.010         0.144
 ESCS           0.074         0.911         0.008        -0.019        -0.083
 MALE          -0.032         0.192         0.084        -0.001        -0.003


           Covariances
              ESCS          MALE
              ________      ________
 ESCS           1.082
 MALE          -0.008         0.250


           Correlations
              EDUSHORT      STRATIO       FLIT          FLSCHOOL      NOBULLY
              ________      ________      ________      ________      ________
 EDUSHORT       0.000
 STRATIO        0.000         0.000
 FLIT           0.000         0.000         1.000
 FLSCHOOL       0.000         0.000        -0.067         1.000
 NOBULLY        0.000         0.000         0.074        -0.020         1.000
 FLFAMILY       0.000         0.000        -0.011         0.185        -0.037
 FCFMLRTY       0.000         0.000         0.207         0.304         0.020
 FLCONFIN       0.000         0.000         0.020         0.226         0.015
 IMMI1GEN       0.000         0.000        -0.077        -0.010         0.026
 IMMI2GEN       0.000         0.000        -0.021        -0.011         0.044
 ESCS           0.000         0.000         0.309         0.020         0.021
 MALE           0.000         0.000         0.040         0.078        -0.037


           Correlations
              FLFAMILY      FCFMLRTY      FLCONFIN      IMMI1GEN      IMMI2GEN
              ________      ________      ________      ________      ________
 FLFAMILY       1.000
 FCFMLRTY       0.125         1.000
 FLCONFIN       0.225         0.249         1.000
 IMMI1GEN      -0.012        -0.052         0.013         1.000
 IMMI2GEN      -0.002        -0.077        -0.043        -0.114         1.000
 ESCS           0.068         0.177         0.008        -0.076        -0.211
 MALE          -0.062         0.078         0.163        -0.007        -0.016


           Correlations
              ESCS          MALE
              ________      ________
 ESCS           1.000
 MALE          -0.016         1.000


     ESTIMATED SAMPLE STATISTICS FOR BETWEEN


           Means
              EDUSHORT      STRATIO       FLIT          FLSCHOOL      NOBULLY
              ________      ________      ________      ________      ________
               -0.423        16.614       505.034        -0.089        -0.143


           Means
              FLFAMILY      FCFMLRTY      FLCONFIN      IMMI1GEN      IMMI2GEN
              ________      ________      ________      ________      ________
                0.121         0.000         0.000         0.000         0.000


           Means
              ESCS          MALE
              ________      ________
                0.000         0.000


           Covariances
              EDUSHORT      STRATIO       FLIT          FLSCHOOL      NOBULLY
              ________      ________      ________      ________      ________
 EDUSHORT       0.931
 STRATIO       -0.757        91.798
 FLIT          -4.184        32.076       894.810
 FLSCHOOL       0.028        -0.616        -4.987         0.062
 NOBULLY        0.011         0.014        -0.629        -0.003         0.032
 FLFAMILY       0.012        -0.092        -2.684         0.012         0.002
 FCFMLRTY       0.000         0.000         0.000         0.000         0.000
 FLCONFIN       0.000         0.000         0.000         0.000         0.000
 IMMI1GEN       0.000         0.000         0.000         0.000         0.000
 IMMI2GEN       0.000         0.000         0.000         0.000         0.000
 ESCS           0.000         0.000         0.000         0.000         0.000
 MALE           0.000         0.000         0.000         0.000         0.000


           Covariances
              FLFAMILY      FCFMLRTY      FLCONFIN      IMMI1GEN      IMMI2GEN
              ________      ________      ________      ________      ________
 FLFAMILY       0.012
 FCFMLRTY       0.000         0.000
 FLCONFIN       0.000         0.000         0.000
 IMMI1GEN       0.000         0.000         0.000         0.000
 IMMI2GEN       0.000         0.000         0.000         0.000         0.000
 ESCS           0.000         0.000         0.000         0.000         0.000
 MALE           0.000         0.000         0.000         0.000         0.000


           Covariances
              ESCS          MALE
              ________      ________
 ESCS           0.000
 MALE           0.000         0.000


           Correlations
              EDUSHORT      STRATIO       FLIT          FLSCHOOL      NOBULLY
              ________      ________      ________      ________      ________
 EDUSHORT       1.000
 STRATIO       -0.082         1.000
 FLIT          -0.145         0.112         1.000
 FLSCHOOL       0.119        -0.259        -0.672         1.000
 NOBULLY        0.066         0.008        -0.117        -0.077         1.000
 FLFAMILY       0.112        -0.089        -0.827         0.446         0.099
 FCFMLRTY       0.000         0.000         0.000         0.000         0.000
 FLCONFIN       0.000         0.000         0.000         0.000         0.000
 IMMI1GEN       0.000         0.000         0.000         0.000         0.000
 IMMI2GEN       0.000         0.000         0.000         0.000         0.000
 ESCS           0.000         0.000         0.000         0.000         0.000
 MALE           0.000         0.000         0.000         0.000         0.000


           Correlations
              FLFAMILY      FCFMLRTY      FLCONFIN      IMMI1GEN      IMMI2GEN
              ________      ________      ________      ________      ________
 FLFAMILY       1.000
 FCFMLRTY       0.000         0.000
 FLCONFIN       0.000         0.000         0.000
 IMMI1GEN       0.000         0.000         0.000         0.000
 IMMI2GEN       0.000         0.000         0.000         0.000         0.000
 ESCS           0.000         0.000         0.000         0.000         0.000
 MALE           0.000         0.000         0.000         0.000         0.000


           Correlations
              ESCS          MALE
              ________      ________
 ESCS           0.000
 MALE           0.000         0.000




MODEL FIT INFORMATION

Number of Free Parameters                       68

Loglikelihood

    H0 Value

        Mean                            -62391.887
        Std Dev                             42.358
        Number of successful computations       10

             Proportions                   Percentiles
        Expected    Observed         Expected       Observed
           0.990       1.000       -62490.425     -62453.835
           0.980       1.000       -62478.878     -62453.835
           0.950       1.000       -62461.562     -62453.835
           0.900       0.900       -62446.174     -62453.835
           0.800       0.900       -62427.536     -62453.835
           0.700       0.600       -62414.100     -62416.286
           0.500       0.300       -62391.887     -62409.691
           0.300       0.300       -62369.675     -62395.563
           0.200       0.300       -62356.239     -62352.192
           0.100       0.200       -62337.601     -62329.662
           0.050       0.100       -62322.212     -62329.662
           0.020       0.000       -62304.896     -62329.662
           0.010       0.000       -62293.349     -62329.662

    H1 Value

        Mean                            -62321.962
        Std Dev                             41.678
        Number of successful computations       10

             Proportions                   Percentiles
        Expected    Observed         Expected       Observed
           0.990       1.000       -62418.919     -62386.860
           0.980       1.000       -62407.557     -62386.860
           0.950       1.000       -62390.519     -62386.860
           0.900       0.900       -62375.377     -62386.860
           0.800       0.900       -62357.039     -62386.860
           0.700       0.600       -62343.819     -62348.077
           0.500       0.300       -62321.962     -62334.036
           0.300       0.300       -62300.106     -62327.754
           0.200       0.200       -62286.886     -62289.728
           0.100       0.200       -62268.547     -62257.147
           0.050       0.100       -62253.405     -62257.147
           0.020       0.000       -62236.367     -62257.147
           0.010       0.000       -62225.006     -62257.147

Information Criteria

    Akaike (AIC)

        Mean                            124919.774
        Std Dev                             84.717
        Number of successful computations       10

             Proportions                   Percentiles
        Expected    Observed         Expected       Observed
           0.990       1.000       124722.698     124766.387
           0.980       1.000       124745.792     124766.387
           0.950       0.900       124780.424     124766.387
           0.900       0.800       124811.202     124766.387
           0.800       0.700       124848.477     124766.387
           0.700       0.700       124875.349     124840.384
           0.500       0.700       124919.774     124947.384
           0.300       0.400       124964.200     124968.369
           0.200       0.100       124991.072     124968.572
           0.100       0.100       125028.347     124985.146
           0.050       0.000       125059.125     124985.146
           0.020       0.000       125093.757     124985.146
           0.010       0.000       125116.850     124985.146

    Bayesian (BIC)

        Mean                            125343.163
        Std Dev                             84.717
        Number of successful computations       10

             Proportions                   Percentiles
        Expected    Observed         Expected       Observed
           0.990       1.000       125146.087     125189.776
           0.980       1.000       125169.181     125189.776
           0.950       0.900       125203.813     125189.776
           0.900       0.800       125234.591     125189.776
           0.800       0.700       125271.866     125189.776
           0.700       0.700       125298.738     125263.773
           0.500       0.700       125343.163     125370.773
           0.300       0.400       125387.589     125391.758
           0.200       0.100       125414.461     125391.961
           0.100       0.100       125451.736     125408.535
           0.050       0.000       125482.513     125408.535
           0.020       0.000       125517.146     125408.535
           0.010       0.000       125540.239     125408.535

    Sample-Size Adjusted BIC (n* = (n + 2) / 24)

        Mean                            125127.092
        Std Dev                             84.717
        Number of successful computations       10

             Proportions                   Percentiles
        Expected    Observed         Expected       Observed
           0.990       1.000       124930.016     124973.705
           0.980       1.000       124953.110     124973.705
           0.950       0.900       124987.742     124973.705
           0.900       0.800       125018.519     124973.705
           0.800       0.700       125055.795     124973.705
           0.700       0.700       125082.667     125047.701
           0.500       0.700       125127.092     125154.701
           0.300       0.400       125171.517     125175.687
           0.200       0.100       125198.389     125175.889
           0.100       0.100       125235.665     125192.464
           0.050       0.000       125266.442     125192.464
           0.020       0.000       125301.074     125192.464
           0.010       0.000       125324.168     125192.464

Chi-Square Test of Model Fit

        Degrees of freedom                      18

        Mean                               133.438
        Std Dev                              8.829
        Number of successful computations       10

             Proportions                   Percentiles
        Expected    Observed         Expected       Observed
           0.990       1.000            7.015        117.849
           0.980       1.000            7.906        117.849
           0.950       1.000            9.390        117.849
           0.900       1.000           10.865        117.849
           0.800       1.000           12.857        117.849
           0.700       1.000           14.440        128.151
           0.500       1.000           17.338        130.089
           0.300       1.000           20.601        137.486
           0.200       1.000           22.760        138.262
           0.100       1.000           25.989        143.964
           0.050       1.000           28.869        143.964
           0.020       1.000           32.346        143.964
           0.010       1.000           34.805        143.964

RMSEA (Root Mean Square Error Of Approximation)

        Mean                                 0.041
        Std Dev                              0.002
        Number of successful computations       10

        Cumulative Distribution Function
           Value    Function Value
           0.990       1.000
           0.980       1.000
           0.950       1.000
           0.900       1.000
           0.800       1.000
           0.700       1.000
           0.500       1.000
           0.300       1.000
           0.200       1.000
           0.100       1.000
           0.050       1.000
           0.020       0.000
           0.010       0.000

CFI/TLI

    CFI

        Mean                                 0.935
        Std Dev                              0.005
        Number of successful computations       10

        Cumulative Distribution Function
           Value    Function Value
           0.990       1.000
           0.980       1.000
           0.950       1.000
           0.900       0.000
           0.800       0.000
           0.700       0.000
           0.500       0.000
           0.300       0.000
           0.200       0.000
           0.100       0.000
           0.050       0.000
           0.020       0.000
           0.010       0.000

    TLI

        Mean                                 0.782
        Std Dev                              0.017
        Number of successful computations       10

        Cumulative Distribution Function
           Value    Function Value
           0.990       1.000
           0.980       1.000
           0.950       1.000
           0.900       1.000
           0.800       0.900
           0.700       0.000
           0.500       0.000
           0.300       0.000
           0.200       0.000
           0.100       0.000
           0.050       0.000
           0.020       0.000
           0.010       0.000

SRMR (Standardized Root Mean Square Residual) for the WITHIN level

        Mean                                 0.025
        Std Dev                              0.001
        Number of successful computations       10

        Cumulative Distribution Function
           Value    Function Value
           0.990       1.000
           0.980       1.000
           0.950       1.000
           0.900       1.000
           0.800       1.000
           0.700       1.000
           0.500       1.000
           0.300       1.000
           0.200       1.000
           0.100       1.000
           0.050       1.000
           0.020       0.000
           0.010       0.000

SRMR (Standardized Root Mean Square Residual) for the BETWEEN level

        Mean                                 0.048
        Std Dev                              0.006
        Number of successful computations       10

        Cumulative Distribution Function
           Value    Function Value
           0.990       1.000
           0.980       1.000
           0.950       1.000
           0.900       1.000
           0.800       1.000
           0.700       1.000
           0.500       1.000
           0.300       1.000
           0.200       1.000
           0.100       1.000
           0.050       0.600
           0.020       0.000
           0.010       0.000



MODEL RESULTS

                                                    Two-Tailed   Rate of
                    Estimate       S.E.  Est./S.E.    P-Value    Missing

Within Level

 FCFMLRTY   ON
    FLSCHOOL           1.337      0.090     14.813      0.000      0.029
    FLFAMILY           0.311      0.093      3.335      0.001      0.096
    NOBULLY            0.136      0.089      1.532      0.125      0.094
    ESCS               0.755      0.092      8.215      0.000      0.096
    IMMI2GEN          -0.536      0.251     -2.135      0.033      0.053
    MALE               0.623      0.168      3.713      0.000      0.092

 FLCONFIN   ON
    FLSCHOOL           0.172      0.019      9.068      0.000      0.146
    FLFAMILY           0.201      0.018     11.028      0.000      0.098
    NOBULLY            0.035      0.017      2.042      0.041      0.096
    ESCS              -0.017      0.019     -0.886      0.375      0.158
    IMMI2GEN          -0.119      0.051     -2.304      0.021      0.086
    MALE               0.335      0.035      9.593      0.000      0.154

 FLIT       ON
    FCFMLRTY           3.756      0.366     10.265      0.000      0.084
    FLCONFIN           0.487      1.734      0.281      0.779      0.113
    FLSCHOOL         -11.366      1.685     -6.745      0.000      0.270
    FLFAMILY          -2.792      1.749     -1.596      0.110      0.273
    NOBULLY            5.494      1.740      3.157      0.002      0.183
    ESCS              24.930      2.089     11.936      0.000      0.128
    IMMI1GEN         -20.925      8.202     -2.551      0.011      0.106

 FLSCHOOL WITH
    FLFAMILY           0.205      0.022      9.428      0.000      0.075
    NOBULLY           -0.020      0.021     -0.986      0.324      0.086
    ESCS               0.020      0.024      0.827      0.408      0.043

 FLFAMILY WITH
    NOBULLY           -0.043      0.020     -2.130      0.033      0.187
    ESCS               0.073      0.020      3.631      0.000      0.061

 FCFMLRTY WITH
    FLCONFIN           0.801      0.101      7.906      0.000      0.131

 ESCS     WITH
    IMMI1GEN          -0.024      0.007     -3.733      0.000      0.014
    IMMI2GEN          -0.088      0.014     -6.352      0.000      0.008

 Means
    IMMI1GEN           0.058      0.006      9.629      0.000      0.009
    IMMI2GEN           0.174      0.015     11.322      0.000      0.002
    ESCS               0.070      0.044      1.617      0.106      0.004

 Intercepts
    FCFMLRTY           6.629      0.135     49.197      0.000      0.036
    FLCONFIN          -0.318      0.030    -10.575      0.000      0.081

 Variances
    FLSCHOOL           1.107      0.030     37.048      0.000      0.085
    NOBULLY            1.054      0.033     32.129      0.000      0.033
    FLFAMILY           1.107      0.029     37.870      0.000      0.083
    IMMI1GEN           0.054      0.005     10.290      0.000      0.000
    IMMI2GEN           0.144      0.010     14.408      0.000      0.000
    ESCS               1.087      0.042     25.898      0.000      0.016

 Residual Variances
    FLIT            7700.015    263.007     29.277      0.000      0.483
    FCFMLRTY          21.344      0.617     34.585      0.000      0.091
    FLCONFIN           0.942      0.027     35.464      0.000      0.052

Between Level

 FLIT     WITH
    FLSCHOOL          -5.302      1.212     -4.374      0.000      0.108
    NOBULLY           -0.027      0.796     -0.034      0.973      0.149
    FLFAMILY          -2.588      0.763     -3.390      0.001      0.062
    EDUSHORT          -4.596      3.029     -1.517      0.129      0.113
    STRATIO           37.140     30.321      1.225      0.221      0.240

 FLSCHOOL WITH
    NOBULLY           -0.008      0.007     -1.110      0.267      0.048
    FLFAMILY           0.012      0.006      1.889      0.059      0.066
    EDUSHORT           0.028      0.030      0.918      0.359      0.160
    STRATIO           -0.640      0.265     -2.411      0.016      0.081

 NOBULLY  WITH
    FLFAMILY           0.001      0.005      0.264      0.792      0.049
    EDUSHORT           0.006      0.023      0.264      0.792      0.148
    STRATIO            0.091      0.182      0.498      0.618      0.104

 FLFAMILY WITH
    EDUSHORT           0.013      0.020      0.676      0.499      0.107
    STRATIO           -0.088      0.195     -0.451      0.652      0.450

 EDUSHORT WITH
    STRATIO           -0.757      0.729     -1.039      0.299      0.129

 Means
    EDUSHORT          -0.423      0.082     -5.136      0.000      0.097
    STRATIO           16.614      0.802     20.728      0.000      0.105
    FLIT             478.707      3.746    127.800      0.000      0.070
    FLSCHOOL          -0.089      0.030     -3.030      0.002      0.014
    NOBULLY           -0.143      0.024     -5.929      0.000      0.061
    FLFAMILY           0.121      0.020      5.975      0.000      0.072

 Variances
    EDUSHORT           0.931      0.102      9.165      0.000      0.142
    STRATIO           91.798     35.898      2.557      0.011      0.009
    FLIT             928.469    170.239      5.454      0.000      0.094
    FLSCHOOL           0.064      0.012      5.408      0.000      0.088
    NOBULLY            0.035      0.011      3.244      0.001      0.037
    FLFAMILY           0.010      0.007      1.450      0.147      0.067


STANDARDIZED MODEL RESULTS


STDYX Standardization

                                                    Two-Tailed   Rate of
                    Estimate       S.E.  Est./S.E.    P-Value    Missing

Within Level

 FCFMLRTY   ON
    FLSCHOOL           0.284      0.019     15.129      0.000      0.033
    FLFAMILY           0.066      0.020      3.324      0.001      0.095
    NOBULLY            0.028      0.018      1.531      0.126      0.093
    ESCS               0.159      0.020      8.030      0.000      0.087
    IMMI2GEN          -0.041      0.019     -2.158      0.031      0.056
    MALE               0.063      0.017      3.704      0.000      0.093

 FLCONFIN   ON
    FLSCHOOL           0.175      0.019      9.291      0.000      0.140
    FLFAMILY           0.205      0.018     11.397      0.000      0.110
    NOBULLY            0.035      0.017      2.035      0.042      0.098
    ESCS              -0.017      0.019     -0.884      0.377      0.156
    IMMI2GEN          -0.044      0.019     -2.285      0.022      0.085
    MALE               0.162      0.017      9.688      0.000      0.143

 FLIT       ON
    FCFMLRTY           0.196      0.018     10.898      0.000      0.054
    FLCONFIN           0.005      0.019      0.280      0.779      0.113
    FLSCHOOL          -0.126      0.019     -6.723      0.000      0.281
    FLFAMILY          -0.031      0.019     -1.592      0.111      0.276
    NOBULLY            0.060      0.019      3.116      0.002      0.198
    ESCS               0.274      0.021     12.934      0.000      0.080
    IMMI1GEN          -0.051      0.020     -2.512      0.012      0.102

 FLSCHOOL WITH
    FLFAMILY           0.185      0.019      9.874      0.000      0.071
    NOBULLY           -0.019      0.019     -0.986      0.324      0.086
    ESCS               0.018      0.022      0.827      0.408      0.043

 FLFAMILY WITH
    NOBULLY           -0.040      0.019     -2.142      0.032      0.192
    ESCS               0.066      0.018      3.678      0.000      0.061

 FCFMLRTY WITH
    FLCONFIN           0.179      0.021      8.492      0.000      0.131

 ESCS     WITH
    IMMI1GEN          -0.101      0.026     -3.924      0.000      0.016
    IMMI2GEN          -0.222      0.030     -7.341      0.000      0.013

 Means
    IMMI1GEN           0.248      0.014     17.818      0.000      0.035
    IMMI2GEN           0.460      0.025     18.596      0.000      0.006
    ESCS               0.068      0.042      1.595      0.111      0.004

 Intercepts
    FCFMLRTY           1.339      0.028     47.858      0.000      0.057
    FLCONFIN          -0.308      0.029    -10.653      0.000      0.076

 Variances
    FLSCHOOL           1.000      0.000  *********      0.000      0.000
    NOBULLY            1.000      0.000  *********      0.000      0.000
    FLFAMILY           1.000      0.000    999.000    999.000      0.000
    IMMI1GEN           1.000      0.000  *********      0.000      0.000
    IMMI2GEN           1.000      0.000  *********      0.000      0.000
    ESCS               1.000      0.000  *********      0.000      0.000

 Residual Variances
    FLIT               0.857      0.015     56.184      0.000      0.059
    FCFMLRTY           0.871      0.013     66.949      0.000      0.070
    FLCONFIN           0.886      0.012     73.498      0.000      0.132

Between Level

 FLIT     WITH
    FLSCHOOL          -0.691      0.100     -6.876      0.000      0.187
    NOBULLY           -0.005      0.139     -0.036      0.972      0.143
    FLFAMILY          -0.850      0.270     -3.148      0.002      0.071
    EDUSHORT          -0.156      0.101     -1.553      0.121      0.114
    STRATIO            0.127      0.105      1.213      0.225      0.233

 FLSCHOOL WITH
    NOBULLY           -0.167      0.146     -1.146      0.252      0.056
    FLFAMILY           0.477      0.218      2.184      0.029      0.091
    EDUSHORT           0.114      0.124      0.921      0.357      0.174
    STRATIO           -0.266      0.092     -2.876      0.004      0.157

 NOBULLY  WITH
    FLFAMILY           0.074      0.288      0.257      0.797      0.043
    EDUSHORT           0.033      0.125      0.262      0.793      0.148
    STRATIO            0.051      0.096      0.526      0.599      0.115

 FLFAMILY WITH
    EDUSHORT           0.140      0.219      0.639      0.523      0.112
    STRATIO           -0.089      0.200     -0.443      0.657      0.408

 EDUSHORT WITH
    STRATIO           -0.082      0.073     -1.126      0.260      0.157

 Means
    EDUSHORT          -0.438      0.098     -4.461      0.000      0.108
    STRATIO            1.735      0.298      5.830      0.000      0.031
    FLIT              15.725      1.444     10.891      0.000      0.095
    FLSCHOOL          -0.355      0.121     -2.931      0.003      0.016
    NOBULLY           -0.760      0.151     -5.027      0.000      0.082
    FLFAMILY           1.212      0.470      2.578      0.010      0.082

 Variances
    EDUSHORT           1.000      0.000  *********      0.000      0.000
    STRATIO            1.000      0.000  *********      0.000      0.000
    FLIT               1.000      0.000  *********      0.000      0.000
    FLSCHOOL           1.000      0.000  *********      0.000      0.000
    NOBULLY            1.000      0.000  *********      0.000      0.000
    FLFAMILY           1.000      0.000  *********      0.000      0.000


R-SQUARE

Within Level

    Observed                                        Two-Tailed   Rate of
    Variable        Estimate       S.E.  Est./S.E.    P-Value    Missing

    FLIT               0.143      0.015      9.391      0.000      0.059
    FCFMLRTY           0.129      0.013      9.948      0.000      0.070
    FLCONFIN           0.114      0.012      9.499      0.000      0.132

Between Level


QUALITY OF NUMERICAL RESULTS

     Average Condition Number for the Information Matrix      0.105E-07
       (ratio of smallest to largest eigenvalue)


TOTAL, TOTAL INDIRECT, SPECIFIC INDIRECT, AND DIRECT EFFECTS


                                                    Two-Tailed   Rate of
                    Estimate       S.E.  Est./S.E.    P-Value    Missing

WITHIN

Effects from FLSCHOOL to FLIT

  Total               -6.261      1.726     -3.627      0.000      0.257
  Total indirect       5.105      0.623      8.196      0.000      0.090

  Specific indirect 1
    FLIT
    FCFMLRTY
    FLSCHOOL           5.022      0.572      8.776      0.000      0.059

  Specific indirect 2
    FLIT
    FLCONFIN
    FLSCHOOL           0.083      0.296      0.279      0.780      0.114

  Direct
    FLIT
    FLSCHOOL         -11.366      1.685     -6.745      0.000      0.270


Effects from FLFAMILY to FLIT

  Total               -1.526      1.753     -0.871      0.384      0.241
  Total indirect       1.265      0.465      2.723      0.006      0.090

  Specific indirect 1
    FLIT
    FCFMLRTY
    FLFAMILY           1.167      0.362      3.225      0.001      0.075

  Specific indirect 2
    FLIT
    FLCONFIN
    FLFAMILY           0.098      0.350      0.282      0.778      0.115

  Direct
    FLIT
    FLFAMILY          -2.792      1.749     -1.596      0.110      0.273


Effects from NOBULLY to FLIT

  Total                6.022      1.768      3.406      0.001      0.208
  Total indirect       0.528      0.340      1.555      0.120      0.073

  Specific indirect 1
    FLIT
    FCFMLRTY
    NOBULLY            0.511      0.337      1.519      0.129      0.089

  Specific indirect 2
    FLIT
    FLCONFIN
    NOBULLY            0.017      0.063      0.265      0.791      0.098

  Direct
    FLIT
    NOBULLY            5.494      1.740      3.157      0.002      0.183


Effects from ESCS to FLIT

  Total               27.762      2.236     12.418      0.000      0.149
  Total indirect       2.832      0.478      5.919      0.000      0.112

  Specific indirect 1
    FLIT
    FCFMLRTY
    ESCS               2.838      0.474      5.981      0.000      0.116

  Specific indirect 2
    FLIT
    FLCONFIN
    ESCS              -0.006      0.032     -0.180      0.857      0.044

  Direct
    FLIT
    ESCS              24.930      2.089     11.936      0.000      0.128


Effects from IMMI2GEN to FLIT

  Total               -2.075      0.966     -2.147      0.032      0.087
  Total indirect      -2.075      0.966     -2.147      0.032      0.087

  Specific indirect 1
    FLIT
    FCFMLRTY
    IMMI2GEN          -2.015      0.952     -2.116      0.034      0.060

  Specific indirect 2
    FLIT
    FLCONFIN
    IMMI2GEN          -0.060      0.208     -0.289      0.773      0.125


Effects from MALE to FLIT

  Total                2.500      0.882      2.834      0.005      0.125
  Total indirect       2.500      0.882      2.834      0.005      0.125

  Specific indirect 1
    FLIT
    FCFMLRTY
    MALE               2.338      0.691      3.381      0.001      0.076

  Specific indirect 2
    FLIT
    FLCONFIN
    MALE               0.163      0.583      0.279      0.780      0.113


BETWEEN

Effects from FLSCHOOL to FLIT

  Total                0.000      0.000    999.000      0.000      0.167
  Total indirect       0.000      0.000    999.000      0.000      0.167


Effects from FLFAMILY to FLIT

  Total                0.000      0.000    999.000      0.000      0.167
  Total indirect       0.000      0.000    999.000      0.000      0.167


Effects from NOBULLY to FLIT

  Total                0.000      0.000    999.000      0.000      0.167
  Total indirect       0.000      0.000    999.000      0.000      0.167


Effects from ESCS to FLIT

  Total                0.000      0.000    999.000      0.000      0.167
  Total indirect       0.000      0.000    999.000      0.000      0.167


Effects from IMMI2GEN to FLIT

  Total                0.000      0.000    999.000      0.000      0.167
  Total indirect       0.000      0.000    999.000      0.000      0.167


Effects from MALE to FLIT

  Total                0.000      0.000    999.000      0.000      0.167
  Total indirect       0.000      0.000    999.000      0.000      0.167



STANDARDIZED TOTAL, TOTAL INDIRECT, SPECIFIC INDIRECT, AND DIRECT EFFECTS


STDYX Standardization

                                                    Two-Tailed   Rate of
                    Estimate       S.E.  Est./S.E.    P-Value    Missing

WITHIN

Effects from FLSCHOOL to FLIT

  Total               -0.070      0.019     -3.612      0.000      0.265
  Total indirect       0.057      0.007      8.360      0.000      0.064

  Specific indirect 1
    FLIT
    FCFMLRTY
    FLSCHOOL           0.056      0.006      9.050      0.000      0.031

  Specific indirect 2
    FLIT
    FLCONFIN
    FLSCHOOL           0.001      0.003      0.279      0.780      0.114

  Direct
    FLIT
    FLSCHOOL          -0.126      0.019     -6.723      0.000      0.281


Effects from FLFAMILY to FLIT

  Total               -0.017      0.019     -0.870      0.384      0.243
  Total indirect       0.014      0.005      2.708      0.007      0.099

  Specific indirect 1
    FLIT
    FCFMLRTY
    FLFAMILY           0.013      0.004      3.199      0.001      0.086

  Specific indirect 2
    FLIT
    FLCONFIN
    FLFAMILY           0.001      0.004      0.282      0.778      0.115

  Direct
    FLIT
    FLFAMILY          -0.031      0.019     -1.592      0.111      0.276


Effects from NOBULLY to FLIT

  Total                0.065      0.019      3.354      0.001      0.224
  Total indirect       0.006      0.004      1.550      0.121      0.074

  Specific indirect 1
    FLIT
    FCFMLRTY
    NOBULLY            0.006      0.004      1.516      0.130      0.090

  Specific indirect 2
    FLIT
    FLCONFIN
    NOBULLY            0.000      0.001      0.265      0.791      0.098

  Direct
    FLIT
    NOBULLY            0.060      0.019      3.116      0.002      0.198


Effects from ESCS to FLIT

  Total                0.305      0.023     13.535      0.000      0.089
  Total indirect       0.031      0.005      6.008      0.000      0.079

  Specific indirect 1
    FLIT
    FCFMLRTY
    ESCS               0.031      0.005      6.069      0.000      0.082

  Specific indirect 2
    FLIT
    FLCONFIN
    ESCS               0.000      0.000     -0.179      0.858      0.044

  Direct
    FLIT
    ESCS               0.274      0.021     12.934      0.000      0.080


Effects from IMMI2GEN to FLIT

  Total               -0.008      0.004     -2.153      0.031      0.087
  Total indirect      -0.008      0.004     -2.153      0.031      0.087

  Specific indirect 1
    FLIT
    FCFMLRTY
    IMMI2GEN          -0.008      0.004     -2.124      0.034      0.061

  Specific indirect 2
    FLIT
    FLCONFIN
    IMMI2GEN           0.000      0.001     -0.288      0.773      0.125


Effects from MALE to FLIT

  Total                0.013      0.005      2.848      0.004      0.122
  Total indirect       0.013      0.005      2.848      0.004      0.122

  Specific indirect 1
    FLIT
    FCFMLRTY
    MALE               0.012      0.004      3.412      0.001      0.072

  Specific indirect 2
    FLIT
    FLCONFIN
    MALE               0.001      0.003      0.279      0.781      0.113


BETWEEN

Effects from FLSCHOOL to FLIT

  Total                0.000      0.000      0.000      1.000      0.167
  Total indirect       0.000      0.000      0.000      1.000      0.167


Effects from FLFAMILY to FLIT

  Total                0.000      0.000      0.000      1.000      0.167
  Total indirect       0.000      0.000      0.000      1.000      0.167


Effects from NOBULLY to FLIT

  Total                0.000      0.000      0.000      1.000      0.167
  Total indirect       0.000      0.000      0.000      1.000      0.167


Effects from ESCS to FLIT

  Total                0.000      0.000      0.000      1.000      0.167
  Total indirect       0.000      0.000      0.000      1.000      0.167


Effects from IMMI2GEN to FLIT

  Total                0.000      0.000      0.000      1.000      0.167
  Total indirect       0.000      0.000      0.000      1.000      0.167


Effects from MALE to FLIT

  Total                0.000      0.000      0.000      1.000      0.167
  Total indirect       0.000      0.000      0.000      1.000      0.167




TECHNICAL 1 OUTPUT


     PARAMETER SPECIFICATION FOR WITHIN


           NU
              FLIT          FLSCHOOL      NOBULLY       FLFAMILY      FCFMLRTY
              ________      ________      ________      ________      ________
                    0             0             0             0             0


           NU
              FLCONFIN      IMMI1GEN      IMMI2GEN      ESCS          MALE
              ________      ________      ________      ________      ________
                    0             0             0             0             0


           LAMBDA
              FLIT          FLSCHOOL      NOBULLY       FLFAMILY      FCFMLRTY
              ________      ________      ________      ________      ________
 FLIT               0             0             0             0             0
 FLSCHOOL           0             0             0             0             0
 NOBULLY            0             0             0             0             0
 FLFAMILY           0             0             0             0             0
 FCFMLRTY           0             0             0             0             0
 FLCONFIN           0             0             0             0             0
 IMMI1GEN           0             0             0             0             0
 IMMI2GEN           0             0             0             0             0
 ESCS               0             0             0             0             0
 MALE               0             0             0             0             0


           LAMBDA
              FLCONFIN      IMMI1GEN      IMMI2GEN      ESCS          MALE
              ________      ________      ________      ________      ________
 FLIT               0             0             0             0             0
 FLSCHOOL           0             0             0             0             0
 NOBULLY            0             0             0             0             0
 FLFAMILY           0             0             0             0             0
 FCFMLRTY           0             0             0             0             0
 FLCONFIN           0             0             0             0             0
 IMMI1GEN           0             0             0             0             0
 IMMI2GEN           0             0             0             0             0
 ESCS               0             0             0             0             0
 MALE               0             0             0             0             0


           THETA
              FLIT          FLSCHOOL      NOBULLY       FLFAMILY      FCFMLRTY
              ________      ________      ________      ________      ________
 FLIT               0
 FLSCHOOL           0             0
 NOBULLY            0             0             0
 FLFAMILY           0             0             0             0
 FCFMLRTY           0             0             0             0             0
 FLCONFIN           0             0             0             0             0
 IMMI1GEN           0             0             0             0             0
 IMMI2GEN           0             0             0             0             0
 ESCS               0             0             0             0             0
 MALE               0             0             0             0             0


           THETA
              FLCONFIN      IMMI1GEN      IMMI2GEN      ESCS          MALE
              ________      ________      ________      ________      ________
 FLCONFIN           0
 IMMI1GEN           0             0
 IMMI2GEN           0             0             0
 ESCS               0             0             0             0
 MALE               0             0             0             0             0


           ALPHA
              FLIT          FLSCHOOL      NOBULLY       FLFAMILY      FCFMLRTY
              ________      ________      ________      ________      ________
                    0             0             0             0             1


           ALPHA
              FLCONFIN      IMMI1GEN      IMMI2GEN      ESCS          MALE
              ________      ________      ________      ________      ________
                    2             3             4             5             0


           BETA
              FLIT          FLSCHOOL      NOBULLY       FLFAMILY      FCFMLRTY
              ________      ________      ________      ________      ________
 FLIT               0             6             7             8             9
 FLSCHOOL           0             0             0             0             0
 NOBULLY            0             0             0             0             0
 FLFAMILY           0             0             0             0             0
 FCFMLRTY           0            13            14            15             0
 FLCONFIN           0            19            20            21             0
 IMMI1GEN           0             0             0             0             0
 IMMI2GEN           0             0             0             0             0
 ESCS               0             0             0             0             0
 MALE               0             0             0             0             0


           BETA
              FLCONFIN      IMMI1GEN      IMMI2GEN      ESCS          MALE
              ________      ________      ________      ________      ________
 FLIT              10            11             0            12             0
 FLSCHOOL           0             0             0             0             0
 NOBULLY            0             0             0             0             0
 FLFAMILY           0             0             0             0             0
 FCFMLRTY           0             0            16            17            18
 FLCONFIN           0             0            22            23            24
 IMMI1GEN           0             0             0             0             0
 IMMI2GEN           0             0             0             0             0
 ESCS               0             0             0             0             0
 MALE               0             0             0             0             0


           PSI
              FLIT          FLSCHOOL      NOBULLY       FLFAMILY      FCFMLRTY
              ________      ________      ________      ________      ________
 FLIT              25
 FLSCHOOL           0            26
 NOBULLY            0            27            28
 FLFAMILY           0            29            30            31
 FCFMLRTY           0             0             0             0            32
 FLCONFIN           0             0             0             0            33
 IMMI1GEN           0             0             0             0             0
 IMMI2GEN           0             0             0             0             0
 ESCS               0            37             0            38             0
 MALE               0             0             0             0             0


           PSI
              FLCONFIN      IMMI1GEN      IMMI2GEN      ESCS          MALE
              ________      ________      ________      ________      ________
 FLCONFIN          34
 IMMI1GEN           0            35
 IMMI2GEN           0             0            36
 ESCS               0            39            40            41
 MALE               0             0             0             0             0


     PARAMETER SPECIFICATION FOR BETWEEN


           NU
              EDUSHORT      STRATIO       FLIT          FLSCHOOL      NOBULLY
              ________      ________      ________      ________      ________
                    0             0             0             0             0


           NU
              FLFAMILY
              ________
                    0


           LAMBDA
              EDUSHORT      STRATIO       FLIT          FLSCHOOL      NOBULLY
              ________      ________      ________      ________      ________
 EDUSHORT           0             0             0             0             0
 STRATIO            0             0             0             0             0
 FLIT               0             0             0             0             0
 FLSCHOOL           0             0             0             0             0
 NOBULLY            0             0             0             0             0
 FLFAMILY           0             0             0             0             0


           LAMBDA
              FLFAMILY
              ________
 EDUSHORT           0
 STRATIO            0
 FLIT               0
 FLSCHOOL           0
 NOBULLY            0
 FLFAMILY           0


           THETA
              EDUSHORT      STRATIO       FLIT          FLSCHOOL      NOBULLY
              ________      ________      ________      ________      ________
 EDUSHORT           0
 STRATIO            0             0
 FLIT               0             0             0
 FLSCHOOL           0             0             0             0
 NOBULLY            0             0             0             0             0
 FLFAMILY           0             0             0             0             0


           THETA
              FLFAMILY
              ________
 FLFAMILY           0


           ALPHA
              EDUSHORT      STRATIO       FLIT          FLSCHOOL      NOBULLY
              ________      ________      ________      ________      ________
                   42            43            44            45            46


           ALPHA
              FLFAMILY
              ________
                   47


           BETA
              EDUSHORT      STRATIO       FLIT          FLSCHOOL      NOBULLY
              ________      ________      ________      ________      ________
 EDUSHORT           0             0             0             0             0
 STRATIO            0             0             0             0             0
 FLIT               0             0             0             0             0
 FLSCHOOL           0             0             0             0             0
 NOBULLY            0             0             0             0             0
 FLFAMILY           0             0             0             0             0


           BETA
              FLFAMILY
              ________
 EDUSHORT           0
 STRATIO            0
 FLIT               0
 FLSCHOOL           0
 NOBULLY            0
 FLFAMILY           0


           PSI
              EDUSHORT      STRATIO       FLIT          FLSCHOOL      NOBULLY
              ________      ________      ________      ________      ________
 EDUSHORT          48
 STRATIO           49            50
 FLIT              51            52            53
 FLSCHOOL          54            55            56            57
 NOBULLY           58            59            60            61            62
 FLFAMILY          63            64            65            66            67


           PSI
              FLFAMILY
              ________
 FLFAMILY          68


     STARTING VALUES FOR WITHIN


           NU
              FLIT          FLSCHOOL      NOBULLY       FLFAMILY      FCFMLRTY
              ________      ________      ________      ________      ________
                0.000         0.000         0.000         0.000         0.000


           NU
              FLCONFIN      IMMI1GEN      IMMI2GEN      ESCS          MALE
              ________      ________      ________      ________      ________
                0.000         0.000         0.000         0.000         0.000


           LAMBDA
              FLIT          FLSCHOOL      NOBULLY       FLFAMILY      FCFMLRTY
              ________      ________      ________      ________      ________
 FLIT           1.000         0.000         0.000         0.000         0.000
 FLSCHOOL       0.000         1.000         0.000         0.000         0.000
 NOBULLY        0.000         0.000         1.000         0.000         0.000
 FLFAMILY       0.000         0.000         0.000         1.000         0.000
 FCFMLRTY       0.000         0.000         0.000         0.000         1.000
 FLCONFIN       0.000         0.000         0.000         0.000         0.000
 IMMI1GEN       0.000         0.000         0.000         0.000         0.000
 IMMI2GEN       0.000         0.000         0.000         0.000         0.000
 ESCS           0.000         0.000         0.000         0.000         0.000
 MALE           0.000         0.000         0.000         0.000         0.000


           LAMBDA
              FLCONFIN      IMMI1GEN      IMMI2GEN      ESCS          MALE
              ________      ________      ________      ________      ________
 FLIT           0.000         0.000         0.000         0.000         0.000
 FLSCHOOL       0.000         0.000         0.000         0.000         0.000
 NOBULLY        0.000         0.000         0.000         0.000         0.000
 FLFAMILY       0.000         0.000         0.000         0.000         0.000
 FCFMLRTY       0.000         0.000         0.000         0.000         0.000
 FLCONFIN       1.000         0.000         0.000         0.000         0.000
 IMMI1GEN       0.000         1.000         0.000         0.000         0.000
 IMMI2GEN       0.000         0.000         1.000         0.000         0.000
 ESCS           0.000         0.000         0.000         1.000         0.000
 MALE           0.000         0.000         0.000         0.000         1.000


           THETA
              FLIT          FLSCHOOL      NOBULLY       FLFAMILY      FCFMLRTY
              ________      ________      ________      ________      ________
 FLIT           0.000
 FLSCHOOL       0.000         0.000
 NOBULLY        0.000         0.000         0.000
 FLFAMILY       0.000         0.000         0.000         0.000
 FCFMLRTY       0.000         0.000         0.000         0.000         0.000
 FLCONFIN       0.000         0.000         0.000         0.000         0.000
 IMMI1GEN       0.000         0.000         0.000         0.000         0.000
 IMMI2GEN       0.000         0.000         0.000         0.000         0.000
 ESCS           0.000         0.000         0.000         0.000         0.000
 MALE           0.000         0.000         0.000         0.000         0.000


           THETA
              FLCONFIN      IMMI1GEN      IMMI2GEN      ESCS          MALE
              ________      ________      ________      ________      ________
 FLCONFIN       0.000
 IMMI1GEN       0.000         0.000
 IMMI2GEN       0.000         0.000         0.000
 ESCS           0.000         0.000         0.000         0.000
 MALE           0.000         0.000         0.000         0.000         0.000


           ALPHA
              FLIT          FLSCHOOL      NOBULLY       FLFAMILY      FCFMLRTY
              ________      ________      ________      ________      ________
                0.000         0.000         0.000         0.000         6.963


           ALPHA
              FLCONFIN      IMMI1GEN      IMMI2GEN      ESCS          MALE
              ________      ________      ________      ________      ________
               -0.160         0.054         0.163         0.042         0.000


           BETA
              FLIT          FLSCHOOL      NOBULLY       FLFAMILY      FCFMLRTY
              ________      ________      ________      ________      ________
 FLIT           0.000         0.000         0.000         0.000         0.000
 FLSCHOOL       0.000         0.000         0.000         0.000         0.000
 NOBULLY        0.000         0.000         0.000         0.000         0.000
 FLFAMILY       0.000         0.000         0.000         0.000         0.000
 FCFMLRTY       0.000         0.000         0.000         0.000         0.000
 FLCONFIN       0.000         0.000         0.000         0.000         0.000
 IMMI1GEN       0.000         0.000         0.000         0.000         0.000
 IMMI2GEN       0.000         0.000         0.000         0.000         0.000
 ESCS           0.000         0.000         0.000         0.000         0.000
 MALE           0.000         0.000         0.000         0.000         0.000


           BETA
              FLCONFIN      IMMI1GEN      IMMI2GEN      ESCS          MALE
              ________      ________      ________      ________      ________
 FLIT           0.000         0.000         0.000         0.000         0.000
 FLSCHOOL       0.000         0.000         0.000         0.000         0.000
 NOBULLY        0.000         0.000         0.000         0.000         0.000
 FLFAMILY       0.000         0.000         0.000         0.000         0.000
 FCFMLRTY       0.000         0.000         0.000         0.000         0.000
 FLCONFIN       0.000         0.000         0.000         0.000         0.000
 IMMI1GEN       0.000         0.000         0.000         0.000         0.000
 IMMI2GEN       0.000         0.000         0.000         0.000         0.000
 ESCS           0.000         0.000         0.000         0.000         0.000
 MALE           0.000         0.000         0.000         0.000         0.000


           PSI
              FLIT          FLSCHOOL      NOBULLY       FLFAMILY      FCFMLRTY
              ________      ________      ________      ________      ________
 FLIT        5232.568
 FLSCHOOL       0.000         0.597
 NOBULLY        0.000         0.000         0.556
 FLFAMILY       0.000         0.000         0.000         0.566
 FCFMLRTY       0.000         0.000         0.000         0.000        12.547
 FLCONFIN       0.000         0.000         0.000         0.000         0.000
 IMMI1GEN       0.000         0.000         0.000         0.000         0.000
 IMMI2GEN       0.000         0.000         0.000         0.000         0.000
 ESCS           0.000         0.000         0.000         0.000         0.000
 MALE           0.000         0.000         0.000         0.000         0.000


           PSI
              FLCONFIN      IMMI1GEN      IMMI2GEN      ESCS          MALE
              ________      ________      ________      ________      ________
 FLCONFIN       0.535
 IMMI1GEN       0.000         0.026
 IMMI2GEN       0.000         0.000         0.068
 ESCS           0.000         0.000         0.000         0.532
 MALE           0.000         0.000         0.000         0.000         0.125


     STARTING VALUES FOR BETWEEN


           NU
              EDUSHORT      STRATIO       FLIT          FLSCHOOL      NOBULLY
              ________      ________      ________      ________      ________
                0.000         0.000         0.000         0.000         0.000


           NU
              FLFAMILY
              ________
                0.000


           LAMBDA
              EDUSHORT      STRATIO       FLIT          FLSCHOOL      NOBULLY
              ________      ________      ________      ________      ________
 EDUSHORT       1.000         0.000         0.000         0.000         0.000
 STRATIO        0.000         1.000         0.000         0.000         0.000
 FLIT           0.000         0.000         1.000         0.000         0.000
 FLSCHOOL       0.000         0.000         0.000         1.000         0.000
 NOBULLY        0.000         0.000         0.000         0.000         1.000
 FLFAMILY       0.000         0.000         0.000         0.000         0.000


           LAMBDA
              FLFAMILY
              ________
 EDUSHORT       0.000
 STRATIO        0.000
 FLIT           0.000
 FLSCHOOL       0.000
 NOBULLY        0.000
 FLFAMILY       1.000


           THETA
              EDUSHORT      STRATIO       FLIT          FLSCHOOL      NOBULLY
              ________      ________      ________      ________      ________
 EDUSHORT       0.000
 STRATIO        0.000         0.000
 FLIT           0.000         0.000         0.000
 FLSCHOOL       0.000         0.000         0.000         0.000
 NOBULLY        0.000         0.000         0.000         0.000         0.000
 FLFAMILY       0.000         0.000         0.000         0.000         0.000


           THETA
              FLFAMILY
              ________
 FLFAMILY       0.000


           ALPHA
              EDUSHORT      STRATIO       FLIT          FLSCHOOL      NOBULLY
              ________      ________      ________      ________      ________
               -0.384        17.124       499.497        -0.071        -0.147


           ALPHA
              FLFAMILY
              ________
                0.130


           BETA
              EDUSHORT      STRATIO       FLIT          FLSCHOOL      NOBULLY
              ________      ________      ________      ________      ________
 EDUSHORT       0.000         0.000         0.000         0.000         0.000
 STRATIO        0.000         0.000         0.000         0.000         0.000
 FLIT           0.000         0.000         0.000         0.000         0.000
 FLSCHOOL       0.000         0.000         0.000         0.000         0.000
 NOBULLY        0.000         0.000         0.000         0.000         0.000
 FLFAMILY       0.000         0.000         0.000         0.000         0.000


           BETA
              FLFAMILY
              ________
 EDUSHORT       0.000
 STRATIO        0.000
 FLIT           0.000
 FLSCHOOL       0.000
 NOBULLY        0.000
 FLFAMILY       0.000


           PSI
              EDUSHORT      STRATIO       FLIT          FLSCHOOL      NOBULLY
              ________      ________      ________      ________      ________
 EDUSHORT       0.454
 STRATIO        0.000        53.141
 FLIT           0.000         0.000      5232.568
 FLSCHOOL       0.000         0.000         0.000         0.597
 NOBULLY        0.000         0.000         0.000         0.000         0.556
 FLFAMILY       0.000         0.000         0.000         0.000         0.000


           PSI
              FLFAMILY
              ________
 FLFAMILY       0.566


     Beginning Time:  18:05:25
        Ending Time:  18:06:51
       Elapsed Time:  00:01:26



MUTHEN & MUTHEN
3463 Stoner Ave.
Los Angeles, CA  90066

Tel: (310) 391-9971
Fax: (310) 391-8971
Web: www.StatModel.com
Support: Support@StatModel.com

Copyright (c) 1998-2020 Muthen & Muthen
