Mplus VERSION 8.3
MUTHEN & MUTHEN
02/26/2021   1:22 PM

INPUT INSTRUCTIONS


  TITLE:
      Two-level saturated model 440

  DATA:
      file = "C:\Users\tctan\implist.dat";

      type = imputation;


  VARIABLE:
      names =
          FKI CNTRYID CNTSCHID W_STU
          MATH READ FLIT                      ! PISA achievement variables
          MALE IMMI1GEN IMMI2GEN ESCS         ! Demographic info
          FCFMLRTY FLCONFIN                   ! Affect
          FLSCHOOL                            !   Lat var "Academic"
          NOBULLY                             !   Lat var "Safety"
          FLFAMILY                            !   Lat var "Community"
          W_SCH STRATIO                       ! School character
          EDUSHORT                            !   Lat var "inst. env."
          ;

      useobs = CNTRYID eq 440;          ! Pull out one country at a time

      usevar =
          FLIT                                ! PISA achievement variables
          FLSCHOOL                            !   Lat var "Academic"
          NOBULLY                             !   Lat var "Safety"
          FLFAMILY                            !   Lat var "Community"
          EDUSHORT STRATIO                    !   Lat var "Inst env"
          FCFMLRTY FLCONFIN                   ! Affect
          MALE IMMI1GEN IMMI2GEN ESCS         ! Demographic info
          ;

      ! Vars that ONLY appear in L1
      within =
          FCFMLRTY FLCONFIN                   ! Affective vars
          MALE IMMI1GEN IMMI2GEN ESCS         ! L1 control vars
          ;

      ! Vars that ONLY appear in L2
      between =
          EDUSHORT STRATIO                    ! L2: school
          ;

      weight = W_STU;                         ! Student weight
      wtscale = cluster;                      ! Scale L1 weight to cluster size
      bweight = W_SCH;                        ! School weight
      bwtscale = sample;                      ! Scale L2 weight to sample

      cluster = CNTSCHID;                     ! Cluster by school ID


  ANALYSIS:
      processors = 4;

      type = twolevel;


  MODEL:

  %Within%                                    ! === L1: Student-level ===

      ! Indirect pathways (1st half): school climate vars onto mediators
          ! Onto mediator FAMILIARITY
      FCFMLRTY on FLSCHOOL FLFAMILY NOBULLY ESCS IMMI2GEN MALE;
          ! Onto mediator CONFIDENCE
      FLCONFIN on FLSCHOOL FLFAMILY NOBULLY ESCS IMMI2GEN MALE;

      ! Total effect
      FLIT on
          ! Indirect pathways (2nd half): affective vars onto financial literacy
          FCFMLRTY FLCONFIN
          ! Direct pathways: school climate vars onto financial literacy
          FLSCHOOL FLFAMILY NOBULLY
          ! Dmographic vars
          ESCS IMMI1GEN
          ;

      ! Covariances
          ! Between school climate vars
      FLSCHOOL with FLFAMILY;
      FLFAMILY with NOBULLY;
      FLSCHOOL with NOBULLY;
          ! Between mediators
      FCFMLRTY with FLCONFIN;

          ! SES with school climate vars
      ESCS with FLSCHOOL FLFAMILY;
          ! SES with demographic vars
      ESCS with IMMI1GEN IMMI2GEN;

  %Between%                                   ! === L2: School-level ===

      FLIT-STRATIO WITH FLIT-STRATIO;


  MODEL INDIRECT:

      ! Indirect effects
      FLIT ind FLSCHOOL;
      FLIT ind FLFAMILY;
      FLIT ind NOBULLY;

      FLIT ind ESCS;
      FLIT ind IMMI2GEN;
      FLIT ind MALE;


  OUTPUT:
      stdyx                                   ! Fully standardised solution
      ;



*** WARNING in MODEL command
  In the MODEL command, the following variable is a y-variable on the BETWEEN
  level and an x-variable on the WITHIN level.  This variable will be treated
  as a y-variable on both levels:  FLSCHOOL
*** WARNING in MODEL command
  In the MODEL command, the following variable is a y-variable on the BETWEEN
  level and an x-variable on the WITHIN level.  This variable will be treated
  as a y-variable on both levels:  NOBULLY
*** WARNING in MODEL command
  In the MODEL command, the following variable is a y-variable on the BETWEEN
  level and an x-variable on the WITHIN level.  This variable will be treated
  as a y-variable on both levels:  FLFAMILY
   3 WARNING(S) FOUND IN THE INPUT INSTRUCTIONS




Two-level saturated model 440

SUMMARY OF ANALYSIS

Number of groups                                                 1
Average number of observations                                4075

Number of replications
    Requested                                                   10
    Completed                                                   10

Number of dependent variables                                    8
Number of independent variables                                  4
Number of continuous latent variables                            0

Observed dependent variables

  Continuous
   EDUSHORT    STRATIO     FLIT        FLSCHOOL    NOBULLY     FLFAMILY
   FCFMLRTY    FLCONFIN

Observed independent variables
   MALE        IMMI1GEN    IMMI2GEN    ESCS

Variables with special functions

  Cluster variable      CNTSCHID
  Weight variable (cluster-size scaling)
    W_STU
  Between weight variable (sample-size scaling)
    W_SCH

  Within variables
   FCFMLRTY    FLCONFIN    MALE        IMMI1GEN    IMMI2GEN    ESCS

  Between variables
   EDUSHORT    STRATIO


Estimator                                                      MLR
Information matrix                                        OBSERVED
Maximum number of iterations                                   100
Convergence criterion                                    0.100D-05
Maximum number of EM iterations                                500
Convergence criteria for the EM algorithm
  Loglikelihood change                                   0.100D-02
  Relative loglikelihood change                          0.100D-05
  Derivative                                             0.100D-03
Minimum variance                                         0.100D-03
Maximum number of steepest descent iterations                   20
Maximum number of iterations for H1                           2000
Convergence criterion for H1                             0.100D-03
Optimization algorithm                                         EMA

Input data file(s)
  Multiple data files from
    C:\Users\tctan\implist.dat
Input data format  FREE


SUMMARY OF DATA FOR THE FIRST DATA SET

     Number of clusters                        349

     Average cluster size       11.676

     Estimated Intraclass Correlations for the Y Variables

                Intraclass              Intraclass              Intraclass
     Variable  Correlation   Variable  Correlation   Variable  Correlation

     FLIT         0.209      FLSCHOOL     0.110      NOBULLY      0.046
     FLFAMILY     0.012      FCFMLRTY     0.000      FLCONFIN     0.000
     IMMI1GEN     0.000      IMMI2GEN     0.000      ESCS         0.000



SAMPLE STATISTICS

NOTE:  The sample statistics for within and between refer to the
       maximum-likelihood estimated within and between covariance
       matrices, respectively.

NOTE:  These are average results over 10 data sets.


     ESTIMATED SAMPLE STATISTICS FOR WITHIN


           Means
              EDUSHORT      STRATIO       FLIT          FLSCHOOL      NOBULLY
              ________      ________      ________      ________      ________
                0.000         0.000         0.000         0.000         0.000


           Means
              FLFAMILY      FCFMLRTY      FLCONFIN      IMMI1GEN      IMMI2GEN
              ________      ________      ________      ________      ________
                0.000         7.490         0.147         0.004         0.014


           Means
              ESCS          MALE
              ________      ________
                0.112         0.495


           Covariances
              EDUSHORT      STRATIO       FLIT          FLSCHOOL      NOBULLY
              ________      ________      ________      ________      ________
 EDUSHORT       0.000
 STRATIO        0.000         0.000
 FLIT           0.000         0.000      5735.065
 FLSCHOOL       0.000         0.000         1.783         0.912
 NOBULLY        0.000         0.000         7.396        -0.052         1.006
 FLFAMILY       0.000         0.000         2.960         0.212        -0.007
 FCFMLRTY       0.000         0.000       101.224         1.354         0.378
 FLCONFIN       0.000         0.000        11.545         0.178         0.015
 IMMI1GEN       0.000         0.000        -0.106         0.001        -0.001
 IMMI2GEN       0.000         0.000        -0.521        -0.002         0.002
 ESCS           0.000         0.000        11.876         0.045         0.017
 MALE           0.000         0.000         1.099         0.025        -0.052


           Covariances
              FLFAMILY      FCFMLRTY      FLCONFIN      IMMI1GEN      IMMI2GEN
              ________      ________      ________      ________      ________
 FLFAMILY       1.072
 FCFMLRTY       0.949        33.718
 FLCONFIN       0.189         1.536         1.182
 IMMI1GEN       0.001         0.004         0.000         0.004
 IMMI2GEN      -0.003        -0.009         0.001         0.000         0.014
 ESCS           0.040         0.776         0.077        -0.001         0.001
 MALE          -0.028         0.006         0.100         0.000         0.002


           Covariances
              ESCS          MALE
              ________      ________
 ESCS           0.710
 MALE           0.007         0.250


           Correlations
              EDUSHORT      STRATIO       FLIT          FLSCHOOL      NOBULLY
              ________      ________      ________      ________      ________
 EDUSHORT       0.000
 STRATIO        0.000         0.000
 FLIT           0.000         0.000         1.000
 FLSCHOOL       0.000         0.000         0.025         1.000
 NOBULLY        0.000         0.000         0.097        -0.054         1.000
 FLFAMILY       0.000         0.000         0.038         0.215        -0.007
 FCFMLRTY       0.000         0.000         0.230         0.244         0.065
 FLCONFIN       0.000         0.000         0.140         0.172         0.013
 IMMI1GEN       0.000         0.000        -0.023         0.009        -0.021
 IMMI2GEN       0.000         0.000        -0.059        -0.016         0.016
 ESCS           0.000         0.000         0.186         0.056         0.021
 MALE           0.000         0.000         0.029         0.053        -0.103


           Correlations
              FLFAMILY      FCFMLRTY      FLCONFIN      IMMI1GEN      IMMI2GEN
              ________      ________      ________      ________      ________
 FLFAMILY       1.000
 FCFMLRTY       0.158         1.000
 FLCONFIN       0.168         0.243         1.000
 IMMI1GEN       0.012         0.010         0.005         1.000
 IMMI2GEN      -0.024        -0.013         0.012        -0.007         1.000
 ESCS           0.046         0.159         0.084        -0.015         0.006
 MALE          -0.054         0.002         0.183         0.003         0.027


           Correlations
              ESCS          MALE
              ________      ________
 ESCS           1.000
 MALE           0.017         1.000


     ESTIMATED SAMPLE STATISTICS FOR BETWEEN


           Means
              EDUSHORT      STRATIO       FLIT          FLSCHOOL      NOBULLY
              ________      ________      ________      ________      ________
                0.095        10.511       502.857         0.036        -0.002


           Means
              FLFAMILY      FCFMLRTY      FLCONFIN      IMMI1GEN      IMMI2GEN
              ________      ________      ________      ________      ________
                0.246         0.000         0.000         0.000         0.000


           Means
              ESCS          MALE
              ________      ________
                0.000         0.000


           Covariances
              EDUSHORT      STRATIO       FLIT          FLSCHOOL      NOBULLY
              ________      ________      ________      ________      ________
 EDUSHORT       0.549
 STRATIO       -0.029         8.351
 FLIT           2.683        34.304      1495.542
 FLSCHOOL      -0.030        -0.259        -5.493         0.113
 NOBULLY        0.007         0.178         5.339        -0.031         0.046
 FLFAMILY      -0.001         0.049         0.014         0.011         0.013
 FCFMLRTY       0.000         0.000         0.000         0.000         0.000
 FLCONFIN       0.000         0.000         0.000         0.000         0.000
 IMMI1GEN       0.000         0.000         0.000         0.000         0.000
 IMMI2GEN       0.000         0.000         0.000         0.000         0.000
 ESCS           0.000         0.000         0.000         0.000         0.000
 MALE           0.000         0.000         0.000         0.000         0.000


           Covariances
              FLFAMILY      FCFMLRTY      FLCONFIN      IMMI1GEN      IMMI2GEN
              ________      ________      ________      ________      ________
 FLFAMILY       0.012
 FCFMLRTY       0.000         0.000
 FLCONFIN       0.000         0.000         0.000
 IMMI1GEN       0.000         0.000         0.000         0.000
 IMMI2GEN       0.000         0.000         0.000         0.000         0.000
 ESCS           0.000         0.000         0.000         0.000         0.000
 MALE           0.000         0.000         0.000         0.000         0.000


           Covariances
              ESCS          MALE
              ________      ________
 ESCS           0.000
 MALE           0.000         0.000


           Correlations
              EDUSHORT      STRATIO       FLIT          FLSCHOOL      NOBULLY
              ________      ________      ________      ________      ________
 EDUSHORT       1.000
 STRATIO       -0.013         1.000
 FLIT           0.094         0.307         1.000
 FLSCHOOL      -0.122        -0.267        -0.422         1.000
 NOBULLY        0.046         0.286         0.642        -0.430         1.000
 FLFAMILY      -0.009         0.154         0.003         0.288         0.568
 FCFMLRTY       0.000         0.000         0.000         0.000         0.000
 FLCONFIN       0.000         0.000         0.000         0.000         0.000
 IMMI1GEN       0.000         0.000         0.000         0.000         0.000
 IMMI2GEN       0.000         0.000         0.000         0.000         0.000
 ESCS           0.000         0.000         0.000         0.000         0.000
 MALE           0.000         0.000         0.000         0.000         0.000


           Correlations
              FLFAMILY      FCFMLRTY      FLCONFIN      IMMI1GEN      IMMI2GEN
              ________      ________      ________      ________      ________
 FLFAMILY       1.000
 FCFMLRTY       0.000         0.000
 FLCONFIN       0.000         0.000         0.000
 IMMI1GEN       0.000         0.000         0.000         0.000
 IMMI2GEN       0.000         0.000         0.000         0.000         0.000
 ESCS           0.000         0.000         0.000         0.000         0.000
 MALE           0.000         0.000         0.000         0.000         0.000


           Correlations
              ESCS          MALE
              ________      ________
 ESCS           0.000
 MALE           0.000         0.000




MODEL FIT INFORMATION

Number of Free Parameters                       68

Loglikelihood

    H0 Value

        Mean                            -56972.812
        Std Dev                            324.845
        Number of successful computations       10

             Proportions                   Percentiles
        Expected    Observed         Expected       Observed
           0.990       1.000       -57728.498     -57606.060
           0.980       1.000       -57639.945     -57606.060
           0.950       0.900       -57507.149     -57606.060
           0.900       0.800       -57389.133     -57606.060
           0.800       0.800       -57246.201     -57606.060
           0.700       0.700       -57143.161     -57144.909
           0.500       0.600       -56972.812     -56971.599
           0.300       0.200       -56802.464     -56837.766
           0.200       0.200       -56699.423     -56810.996
           0.100       0.100       -56556.491     -56584.927
           0.050       0.000       -56438.475     -56584.927
           0.020       0.000       -56305.679     -56584.927
           0.010       0.000       -56217.126     -56584.927

    H1 Value

        Mean                            -56921.095
        Std Dev                            323.370
        Number of successful computations       10

             Proportions                   Percentiles
        Expected    Observed         Expected       Observed
           0.990       1.000       -57673.351     -57550.254
           0.980       1.000       -57585.200     -57550.254
           0.950       0.900       -57453.006     -57550.254
           0.900       0.800       -57335.526     -57550.254
           0.800       0.800       -57193.243     -57550.254
           0.700       0.700       -57090.670     -57101.495
           0.500       0.600       -56921.095     -56919.411
           0.300       0.200       -56751.520     -56787.836
           0.200       0.200       -56648.947     -56755.302
           0.100       0.100       -56506.664     -56535.922
           0.050       0.000       -56389.183     -56535.922
           0.020       0.000       -56256.990     -56535.922
           0.010       0.000       -56168.839     -56535.922

Information Criteria

    Akaike (AIC)

        Mean                            114081.624
        Std Dev                            649.689
        Number of successful computations       10

             Proportions                   Percentiles
        Expected    Observed         Expected       Observed
           0.990       1.000       112570.252     113141.180
           0.980       1.000       112747.357     113141.180
           0.950       1.000       113012.950     113141.180
           0.900       0.900       113248.982     113141.180
           0.800       0.800       113534.846     113141.180
           0.700       0.800       113740.927     113757.993
           0.500       0.400       114081.624     113820.709
           0.300       0.300       114422.321     114173.582
           0.200       0.200       114628.403     114425.818
           0.100       0.200       114914.266     114952.257
           0.050       0.100       115150.298     114952.257
           0.020       0.000       115415.891     114952.257
           0.010       0.000       115592.996     114952.257

    Bayesian (BIC)

        Mean                            114510.883
        Std Dev                            649.689
        Number of successful computations       10

             Proportions                   Percentiles
        Expected    Observed         Expected       Observed
           0.990       1.000       112999.511     113570.439
           0.980       1.000       113176.616     113570.439
           0.950       1.000       113442.209     113570.439
           0.900       0.900       113678.241     113570.439
           0.800       0.800       113964.104     113570.439
           0.700       0.800       114170.186     114187.251
           0.500       0.400       114510.883     114249.967
           0.300       0.300       114851.580     114602.841
           0.200       0.200       115057.661     114855.076
           0.100       0.200       115343.524     115381.515
           0.050       0.100       115579.557     115381.515
           0.020       0.000       115845.149     115381.515
           0.010       0.000       116022.255     115381.515

    Sample-Size Adjusted BIC (n* = (n + 2) / 24)

        Mean                            114294.808
        Std Dev                            649.689
        Number of successful computations       10

             Proportions                   Percentiles
        Expected    Observed         Expected       Observed
           0.990       1.000       112783.436     113354.364
           0.980       1.000       112960.542     113354.364
           0.950       1.000       113226.135     113354.364
           0.900       0.900       113462.167     113354.364
           0.800       0.800       113748.030     113354.364
           0.700       0.800       113954.111     113971.177
           0.500       0.400       114294.808     114033.893
           0.300       0.300       114635.505     114386.767
           0.200       0.200       114841.587     114639.002
           0.100       0.200       115127.450     115165.441
           0.050       0.100       115363.482     115165.441
           0.020       0.000       115629.075     115165.441
           0.010       0.000       115806.180     115165.441

Chi-Square Test of Model Fit

        Degrees of freedom                      18

        Mean                               112.658
        Std Dev                             12.159
        Number of successful computations       10

             Proportions                   Percentiles
        Expected    Observed         Expected       Observed
           0.990       1.000            7.015         88.691
           0.980       1.000            7.906         88.691
           0.950       1.000            9.390         88.691
           0.900       1.000           10.865         88.691
           0.800       1.000           12.857         88.691
           0.700       1.000           14.440        106.305
           0.500       1.000           17.338        115.449
           0.300       1.000           20.601        119.042
           0.200       1.000           22.760        119.274
           0.100       1.000           25.989        121.729
           0.050       1.000           28.869        121.729
           0.020       1.000           32.346        121.729
           0.010       1.000           34.805        121.729

RMSEA (Root Mean Square Error Of Approximation)

        Mean                                 0.036
        Std Dev                              0.002
        Number of successful computations       10

             Proportions                   Percentiles
        Expected    Observed         Expected       Observed
           0.990       1.000            0.030          0.031
           0.980       1.000            0.031          0.031
           0.950       0.900            0.032          0.031
           0.900       0.800            0.033          0.031
           0.800       0.800            0.034          0.031
           0.700       0.800            0.035          0.035
           0.500       0.700            0.036          0.036
           0.300       0.400            0.037          0.037
           0.200       0.100            0.038          0.037
           0.100       0.100            0.039          0.038
           0.050       0.000            0.040          0.038
           0.020       0.000            0.041          0.038
           0.010       0.000            0.041          0.038

CFI/TLI

    CFI

        Mean                                 0.933
        Std Dev                              0.008
        Number of successful computations       10

             Proportions                   Percentiles
        Expected    Observed         Expected       Observed
           0.990       1.000            0.913          0.920
           0.980       1.000            0.916          0.920
           0.950       1.000            0.919          0.920
           0.900       0.900            0.922          0.920
           0.800       0.900            0.926          0.920
           0.700       0.700            0.928          0.926
           0.500       0.500            0.933          0.929
           0.300       0.200            0.937          0.934
           0.200       0.200            0.940          0.936
           0.100       0.200            0.944          0.945
           0.050       0.100            0.947          0.945
           0.020       0.000            0.950          0.945
           0.010       0.000            0.952          0.945

    TLI

        Mean                                 0.776
        Std Dev                              0.028
        Number of successful computations       10

             Proportions                   Percentiles
        Expected    Observed         Expected       Observed
           0.990       1.000            0.711          0.733
           0.980       1.000            0.719          0.733
           0.950       1.000            0.730          0.733
           0.900       0.900            0.740          0.733
           0.800       0.900            0.753          0.733
           0.700       0.700            0.762          0.755
           0.500       0.500            0.776          0.765
           0.300       0.200            0.791          0.780
           0.200       0.200            0.800          0.786
           0.100       0.200            0.812          0.818
           0.050       0.100            0.822          0.818
           0.020       0.000            0.834          0.818
           0.010       0.000            0.841          0.818

SRMR (Standardized Root Mean Square Residual) for the WITHIN level

        Mean                                 0.021
        Std Dev                              0.001
        Number of successful computations       10

             Proportions                   Percentiles
        Expected    Observed         Expected       Observed
           0.990       1.000            0.018          0.019
           0.980       1.000            0.019          0.019
           0.950       0.900            0.019          0.019
           0.900       0.800            0.019          0.019
           0.800       0.800            0.020          0.019
           0.700       0.800            0.020          0.020
           0.500       0.500            0.021          0.020
           0.300       0.300            0.021          0.021
           0.200       0.200            0.021          0.021
           0.100       0.100            0.022          0.022
           0.050       0.100            0.022          0.022
           0.020       0.000            0.023          0.022
           0.010       0.000            0.023          0.022

SRMR (Standardized Root Mean Square Residual) for the BETWEEN level

        Mean                                 0.036
        Std Dev                              0.007
        Number of successful computations       10

             Proportions                   Percentiles
        Expected    Observed         Expected       Observed
           0.990       1.000            0.019          0.026
           0.980       1.000            0.021          0.026
           0.950       1.000            0.024          0.026
           0.900       0.800            0.027          0.026
           0.800       0.800            0.030          0.026
           0.700       0.700            0.032          0.032
           0.500       0.500            0.036          0.033
           0.300       0.400            0.040          0.040
           0.200       0.200            0.042          0.042
           0.100       0.100            0.046          0.044
           0.050       0.100            0.048          0.044
           0.020       0.000            0.051          0.044
           0.010       0.000            0.053          0.044



MODEL RESULTS

                                                    Two-Tailed   Rate of
                    Estimate       S.E.  Est./S.E.    P-Value    Missing

Within Level

 FCFMLRTY   ON
    FLSCHOOL           1.326      0.129     10.289      0.000      0.029
    FLFAMILY           0.587      0.111      5.272      0.000      0.056
    NOBULLY            0.427      0.117      3.636      0.000      0.226
    ESCS               0.968      0.131      7.389      0.000      0.076
    IMMI2GEN          -0.447      0.922     -0.485      0.628      0.124
    MALE               0.020      0.192      0.104      0.917      0.038

 FLCONFIN   ON
    FLSCHOOL           0.147      0.022      6.543      0.000      0.037
    FLFAMILY           0.155      0.021      7.390      0.000      0.144
    NOBULLY            0.043      0.021      2.010      0.044      0.090
    ESCS               0.086      0.021      4.068      0.000      0.213
    IMMI2GEN           0.104      0.105      0.995      0.320      0.111
    MALE               0.406      0.039     10.457      0.000      0.102

 FLIT       ON
    FCFMLRTY           2.488      0.306      8.125      0.000      0.403
    FLCONFIN           6.132      1.406      4.361      0.000      0.289
    FLSCHOOL          -3.094      1.535     -2.016      0.044      0.173
    FLFAMILY          -0.479      1.463     -0.328      0.743      0.366
    NOBULLY            5.798      1.856      3.124      0.002      0.509
    ESCS              13.367      2.449      5.458      0.000      0.468
    IMMI1GEN         -21.843     20.179     -1.082      0.279      0.463

 FLSCHOOL WITH
    FLFAMILY           0.212      0.021      9.948      0.000      0.067
    NOBULLY           -0.053      0.019     -2.740      0.006      0.224
    ESCS               0.048      0.017      2.864      0.004      0.076

 FLFAMILY WITH
    NOBULLY           -0.008      0.022     -0.367      0.713      0.206
    ESCS               0.038      0.018      2.112      0.035      0.090

 FCFMLRTY WITH
    FLCONFIN           1.106      0.107     10.382      0.000      0.052

 ESCS     WITH
    IMMI1GEN          -0.001      0.001     -0.720      0.471      0.123
    IMMI2GEN           0.001      0.002      0.400      0.689      0.137

 Means
    IMMI1GEN           0.004      0.001      3.006      0.003      0.239
    IMMI2GEN           0.014      0.003      5.122      0.000      0.042
    ESCS               0.112      0.029      3.893      0.000      0.010

 Intercepts
    FCFMLRTY           7.378      0.149     49.534      0.000      0.047
    FLCONFIN          -0.065      0.027     -2.406      0.016      0.080

 Variances
    FLSCHOOL           0.913      0.023     39.658      0.000      0.101
    NOBULLY            1.005      0.037     27.364      0.000      0.123
    FLFAMILY           1.070      0.029     36.662      0.000      0.040
    IMMI1GEN           0.004      0.001      3.018      0.003      0.239
    IMMI2GEN           0.014      0.003      5.194      0.000      0.042
    ESCS               0.710      0.020     35.615      0.000      0.141

 Residual Variances
    FLIT            5206.040    179.638     28.981      0.000      0.373
    FCFMLRTY          30.445      0.698     43.611      0.000      0.039
    FLCONFIN           1.079      0.031     35.207      0.000      0.094

Between Level

 FLIT     WITH
    FLSCHOOL          -5.780      1.475     -3.919      0.000      0.032
    NOBULLY            6.084      1.164      5.226      0.000      0.251
    FLFAMILY           0.365      0.949      0.385      0.700      0.061
    EDUSHORT           2.714      2.105      1.289      0.197      0.028
    STRATIO           35.045      8.436      4.154      0.000      0.021

 FLSCHOOL WITH
    NOBULLY           -0.034      0.010     -3.395      0.001      0.113
    FLFAMILY           0.010      0.009      1.201      0.230      0.041
    EDUSHORT          -0.032      0.024     -1.318      0.187      0.006
    STRATIO           -0.258      0.086     -3.012      0.003      0.014

 NOBULLY  WITH
    FLFAMILY           0.014      0.007      2.115      0.034      0.081
    EDUSHORT           0.010      0.016      0.643      0.520      0.154
    STRATIO            0.185      0.066      2.796      0.005      0.195

 FLFAMILY WITH
    EDUSHORT           0.001      0.014      0.076      0.940      0.060
    STRATIO            0.051      0.081      0.626      0.532      0.023

 EDUSHORT WITH
    STRATIO           -0.029      0.125     -0.229      0.819      0.000

 Means
    EDUSHORT           0.095      0.049      1.950      0.051      0.002
    STRATIO           10.511      0.167     63.053      0.000      0.000
    FLIT             481.862      3.591    134.174      0.000      0.234
    FLSCHOOL           0.037      0.029      1.282      0.200      0.022
    NOBULLY           -0.005      0.023     -0.209      0.835      0.085
    FLFAMILY           0.245      0.019     13.183      0.000      0.076

 Variances
    EDUSHORT           0.549      0.060      9.100      0.000      0.003
    STRATIO            8.351      1.571      5.315      0.000      0.000
    FLIT            1515.755    230.222      6.584      0.000      0.203
    FLSCHOOL           0.114      0.013      8.514      0.000      0.050
    NOBULLY            0.051      0.014      3.769      0.000      0.276
    FLFAMILY           0.013      0.008      1.597      0.110      0.035


STANDARDIZED MODEL RESULTS


STDYX Standardization

                                                    Two-Tailed   Rate of
                    Estimate       S.E.  Est./S.E.    P-Value    Missing

Within Level

 FCFMLRTY   ON
    FLSCHOOL           0.218      0.021     10.176      0.000      0.033
    FLFAMILY           0.105      0.019      5.369      0.000      0.053
    NOBULLY            0.074      0.020      3.638      0.000      0.221
    ESCS               0.140      0.019      7.361      0.000      0.072
    IMMI2GEN          -0.009      0.019     -0.483      0.629      0.125
    MALE               0.002      0.017      0.104      0.917      0.037

 FLCONFIN   ON
    FLSCHOOL           0.129      0.020      6.563      0.000      0.037
    FLFAMILY           0.148      0.020      7.520      0.000      0.146
    NOBULLY            0.039      0.019      2.020      0.043      0.090
    ESCS               0.067      0.016      4.040      0.000      0.219
    IMMI2GEN           0.011      0.011      0.996      0.319      0.105
    MALE               0.187      0.018     10.499      0.000      0.097

 FLIT       ON
    FCFMLRTY           0.191      0.023      8.422      0.000      0.393
    FLCONFIN           0.088      0.020      4.449      0.000      0.270
    FLSCHOOL          -0.039      0.019     -2.009      0.045      0.180
    FLFAMILY          -0.007      0.020     -0.327      0.743      0.365
    NOBULLY            0.077      0.025      3.126      0.002      0.518
    ESCS               0.149      0.027      5.580      0.000      0.483
    IMMI1GEN          -0.018      0.018     -1.034      0.301      0.487

 FLSCHOOL WITH
    FLFAMILY           0.214      0.020     10.594      0.000      0.079
    NOBULLY           -0.055      0.020     -2.766      0.006      0.223
    ESCS               0.060      0.021      2.880      0.004      0.084

 FLFAMILY WITH
    NOBULLY           -0.008      0.021     -0.368      0.713      0.206
    ESCS               0.043      0.020      2.125      0.034      0.090

 FCFMLRTY WITH
    FLCONFIN           0.193      0.018     10.964      0.000      0.066

 ESCS     WITH
    IMMI1GEN          -0.016      0.022     -0.753      0.452      0.145
    IMMI2GEN           0.008      0.019      0.403      0.687      0.137

 Means
    IMMI1GEN           0.063      0.010      6.005      0.000      0.228
    IMMI2GEN           0.118      0.012     10.102      0.000      0.042
    ESCS               0.133      0.034      3.862      0.000      0.013

 Intercepts
    FCFMLRTY           1.271      0.029     44.425      0.000      0.040
    FLCONFIN          -0.060      0.025     -2.411      0.016      0.080

 Variances
    FLSCHOOL           1.000      0.000  *********      0.000      0.000
    NOBULLY            1.000      0.000  *********      0.000      0.000
    FLFAMILY           1.000      0.000  *********      0.000      0.000
    IMMI1GEN           1.000      0.000  *********      0.000      0.000
    IMMI2GEN           1.000      0.000  *********      0.000      0.000
    ESCS               1.000      0.000  *********      0.000      0.000

 Residual Variances
    FLIT               0.909      0.013     70.174      0.000      0.275
    FCFMLRTY           0.903      0.012     74.447      0.000      0.016
    FLCONFIN           0.911      0.012     77.927      0.000      0.078

Between Level

 FLIT     WITH
    FLSCHOOL          -0.441      0.100     -4.412      0.000      0.049
    NOBULLY            0.691      0.093      7.461      0.000      0.187
    FLFAMILY           0.082      0.219      0.374      0.709      0.058
    EDUSHORT           0.094      0.073      1.298      0.194      0.030
    STRATIO            0.312      0.088      3.525      0.000      0.007

 FLSCHOOL WITH
    NOBULLY           -0.443      0.124     -3.570      0.000      0.068
    FLFAMILY           0.270      0.212      1.275      0.202      0.035
    EDUSHORT          -0.127      0.096     -1.316      0.188      0.005
    STRATIO           -0.265      0.087     -3.037      0.002      0.009

 NOBULLY  WITH
    FLFAMILY           0.536      0.295      1.820      0.069      0.028
    EDUSHORT           0.061      0.096      0.641      0.522      0.148
    STRATIO            0.282      0.097      2.918      0.004      0.113

 FLFAMILY WITH
    EDUSHORT           0.014      0.167      0.084      0.933      0.061
    STRATIO            0.154      0.238      0.648      0.517      0.023

 EDUSHORT WITH
    STRATIO           -0.013      0.058     -0.229      0.819      0.000

 Means
    EDUSHORT           0.128      0.065      1.973      0.049      0.001
    STRATIO            3.637      0.323     11.258      0.000      0.000
    FLIT              12.394      0.933     13.279      0.000      0.211
    FLSCHOOL           0.109      0.085      1.283      0.200      0.019
    NOBULLY           -0.022      0.102     -0.216      0.829      0.089
    FLFAMILY           2.152      0.733      2.936      0.003      0.048

 Variances
    EDUSHORT           1.000      0.000    999.000    999.000      0.000
    STRATIO            1.000      0.000  *********      0.000      0.000
    FLIT               1.000      0.000  *********      0.000      0.000
    FLSCHOOL           1.000      0.000  *********      0.000      0.000
    NOBULLY            1.000      0.000  *********      0.000      0.000
    FLFAMILY           1.000      0.000    999.000    999.000      0.000


R-SQUARE

Within Level

    Observed                                        Two-Tailed   Rate of
    Variable        Estimate       S.E.  Est./S.E.    P-Value    Missing

    FLIT               0.091      0.013      7.022      0.000      0.275
    FCFMLRTY           0.097      0.012      7.975      0.000      0.016
    FLCONFIN           0.089      0.012      7.598      0.000      0.078

Between Level


QUALITY OF NUMERICAL RESULTS

     Average Condition Number for the Information Matrix     -0.546E-18
       (ratio of smallest to largest eigenvalue)


TOTAL, TOTAL INDIRECT, SPECIFIC INDIRECT, AND DIRECT EFFECTS


                                                    Two-Tailed   Rate of
                    Estimate       S.E.  Est./S.E.    P-Value    Missing

WITHIN

Effects from FLSCHOOL to FLIT

  Total                1.104      1.581      0.698      0.485      0.206
  Total indirect       4.198      0.582      7.216      0.000      0.301

  Specific indirect 1
    FLIT
    FCFMLRTY
    FLSCHOOL           3.299      0.518      6.371      0.000      0.274

  Specific indirect 2
    FLIT
    FLCONFIN
    FLSCHOOL           0.899      0.250      3.595      0.000      0.190

  Direct
    FLIT
    FLSCHOOL          -3.094      1.535     -2.016      0.044      0.173


Effects from FLFAMILY to FLIT

  Total                1.935      1.566      1.235      0.217      0.362
  Total indirect       2.414      0.487      4.962      0.000      0.263

  Specific indirect 1
    FLIT
    FCFMLRTY
    FLFAMILY           1.462      0.343      4.258      0.000      0.195

  Specific indirect 2
    FLIT
    FLCONFIN
    FLFAMILY           0.952      0.264      3.607      0.000      0.265

  Direct
    FLIT
    FLFAMILY          -0.479      1.463     -0.328      0.743      0.366


Effects from NOBULLY to FLIT

  Total                7.119      1.871      3.806      0.000      0.474
  Total indirect       1.321      0.361      3.661      0.000      0.152

  Specific indirect 1
    FLIT
    FCFMLRTY
    NOBULLY            1.060      0.315      3.371      0.001      0.219

  Specific indirect 2
    FLIT
    FLCONFIN
    NOBULLY            0.261      0.142      1.830      0.067      0.111

  Direct
    FLIT
    NOBULLY            5.798      1.856      3.124      0.002      0.509


Effects from ESCS to FLIT

  Total               16.297      2.424      6.723      0.000      0.436
  Total indirect       2.930      0.434      6.753      0.000      0.135

  Specific indirect 1
    FLIT
    FCFMLRTY
    ESCS               2.404      0.402      5.974      0.000      0.141

  Specific indirect 2
    FLIT
    FLCONFIN
    ESCS               0.526      0.170      3.103      0.002      0.206

  Direct
    FLIT
    ESCS              13.367      2.449      5.458      0.000      0.468


Effects from IMMI2GEN to FLIT

  Total               -0.465      2.484     -0.187      0.851      0.145
  Total indirect      -0.465      2.484     -0.187      0.851      0.145

  Specific indirect 1
    FLIT
    FCFMLRTY
    IMMI2GEN          -1.104      2.306     -0.479      0.632      0.120

  Specific indirect 2
    FLIT
    FLCONFIN
    IMMI2GEN           0.639      0.660      0.969      0.333      0.144


Effects from MALE to FLIT

  Total                2.540      0.780      3.257      0.001      0.140
  Total indirect       2.540      0.780      3.257      0.001      0.140

  Specific indirect 1
    FLIT
    FCFMLRTY
    MALE               0.046      0.479      0.096      0.924      0.037

  Specific indirect 2
    FLIT
    FLCONFIN
    MALE               2.494      0.610      4.087      0.000      0.295


BETWEEN

Effects from FLSCHOOL to FLIT

  Total                0.000      0.000    999.000      0.000      0.167
  Total indirect       0.000      0.000    999.000      0.000      0.167


Effects from FLFAMILY to FLIT

  Total                0.000      0.000    999.000      0.000      0.167
  Total indirect       0.000      0.000    999.000      0.000      0.167


Effects from NOBULLY to FLIT

  Total                0.000      0.000    999.000      0.000      0.167
  Total indirect       0.000      0.000    999.000      0.000      0.167


Effects from ESCS to FLIT

  Total                0.000      0.000    999.000      0.000      0.167
  Total indirect       0.000      0.000    999.000      0.000      0.167


Effects from IMMI2GEN to FLIT

  Total                0.000      0.000    999.000      0.000      0.167
  Total indirect       0.000      0.000    999.000      0.000      0.167


Effects from MALE to FLIT

  Total                0.000      0.000    999.000      0.000      0.167
  Total indirect       0.000      0.000    999.000      0.000      0.167



STANDARDIZED TOTAL, TOTAL INDIRECT, SPECIFIC INDIRECT, AND DIRECT EFFECTS


STDYX Standardization

                                                    Two-Tailed   Rate of
                    Estimate       S.E.  Est./S.E.    P-Value    Missing

WITHIN

Effects from FLSCHOOL to FLIT

  Total                0.014      0.020      0.698      0.485      0.204
  Total indirect       0.053      0.007      7.334      0.000      0.300

  Specific indirect 1
    FLIT
    FCFMLRTY
    FLSCHOOL           0.042      0.006      6.431      0.000      0.274

  Specific indirect 2
    FLIT
    FLCONFIN
    FLSCHOOL           0.011      0.003      3.619      0.000      0.187

  Direct
    FLIT
    FLSCHOOL          -0.039      0.019     -2.009      0.045      0.180


Effects from FLFAMILY to FLIT

  Total                0.026      0.021      1.237      0.216      0.363
  Total indirect       0.033      0.007      5.069      0.000      0.254

  Specific indirect 1
    FLIT
    FCFMLRTY
    FLFAMILY           0.020      0.005      4.339      0.000      0.184

  Specific indirect 2
    FLIT
    FLCONFIN
    FLFAMILY           0.013      0.004      3.635      0.000      0.260

  Direct
    FLIT
    FLFAMILY          -0.007      0.020     -0.327      0.743      0.365


Effects from NOBULLY to FLIT

  Total                0.094      0.025      3.812      0.000      0.487
  Total indirect       0.017      0.005      3.680      0.000      0.156

  Specific indirect 1
    FLIT
    FCFMLRTY
    NOBULLY            0.014      0.004      3.372      0.001      0.223

  Specific indirect 2
    FLIT
    FLCONFIN
    NOBULLY            0.003      0.002      1.840      0.066      0.111

  Direct
    FLIT
    NOBULLY            0.077      0.025      3.126      0.002      0.518


Effects from ESCS to FLIT

  Total                0.181      0.026      6.922      0.000      0.450
  Total indirect       0.033      0.005      6.795      0.000      0.116

  Specific indirect 1
    FLIT
    FCFMLRTY
    ESCS               0.027      0.004      6.019      0.000      0.124

  Specific indirect 2
    FLIT
    FLCONFIN
    ESCS               0.006      0.002      3.096      0.002      0.205

  Direct
    FLIT
    ESCS               0.149      0.027      5.580      0.000      0.483


Effects from IMMI2GEN to FLIT

  Total               -0.001      0.004     -0.188      0.851      0.146
  Total indirect      -0.001      0.004     -0.188      0.851      0.146

  Specific indirect 1
    FLIT
    FCFMLRTY
    IMMI2GEN          -0.002      0.004     -0.477      0.634      0.121

  Specific indirect 2
    FLIT
    FLCONFIN
    IMMI2GEN           0.001      0.001      0.974      0.330      0.135


Effects from MALE to FLIT

  Total                0.017      0.005      3.259      0.001      0.133
  Total indirect       0.017      0.005      3.259      0.001      0.133

  Specific indirect 1
    FLIT
    FCFMLRTY
    MALE               0.000      0.003      0.097      0.923      0.037

  Specific indirect 2
    FLIT
    FLCONFIN
    MALE               0.016      0.004      4.129      0.000      0.283


BETWEEN

Effects from FLSCHOOL to FLIT

  Total                0.000      0.000      0.000      1.000      0.167
  Total indirect       0.000      0.000      0.000      1.000      0.167


Effects from FLFAMILY to FLIT

  Total                0.000      0.000      0.000      1.000      0.167
  Total indirect       0.000      0.000      0.000      1.000      0.167


Effects from NOBULLY to FLIT

  Total                0.000      0.000      0.000      1.000      0.167
  Total indirect       0.000      0.000      0.000      1.000      0.167


Effects from ESCS to FLIT

  Total                0.000      0.000      0.000      1.000      0.167
  Total indirect       0.000      0.000      0.000      1.000      0.167


Effects from IMMI2GEN to FLIT

  Total                0.000      0.000      0.000      1.000      0.167
  Total indirect       0.000      0.000      0.000      1.000      0.167


Effects from MALE to FLIT

  Total                0.000      0.000      0.000      1.000      0.167
  Total indirect       0.000      0.000      0.000      1.000      0.167




TECHNICAL 1 OUTPUT


     PARAMETER SPECIFICATION FOR WITHIN


           NU
              FLIT          FLSCHOOL      NOBULLY       FLFAMILY      FCFMLRTY
              ________      ________      ________      ________      ________
                    0             0             0             0             0


           NU
              FLCONFIN      IMMI1GEN      IMMI2GEN      ESCS          MALE
              ________      ________      ________      ________      ________
                    0             0             0             0             0


           LAMBDA
              FLIT          FLSCHOOL      NOBULLY       FLFAMILY      FCFMLRTY
              ________      ________      ________      ________      ________
 FLIT               0             0             0             0             0
 FLSCHOOL           0             0             0             0             0
 NOBULLY            0             0             0             0             0
 FLFAMILY           0             0             0             0             0
 FCFMLRTY           0             0             0             0             0
 FLCONFIN           0             0             0             0             0
 IMMI1GEN           0             0             0             0             0
 IMMI2GEN           0             0             0             0             0
 ESCS               0             0             0             0             0
 MALE               0             0             0             0             0


           LAMBDA
              FLCONFIN      IMMI1GEN      IMMI2GEN      ESCS          MALE
              ________      ________      ________      ________      ________
 FLIT               0             0             0             0             0
 FLSCHOOL           0             0             0             0             0
 NOBULLY            0             0             0             0             0
 FLFAMILY           0             0             0             0             0
 FCFMLRTY           0             0             0             0             0
 FLCONFIN           0             0             0             0             0
 IMMI1GEN           0             0             0             0             0
 IMMI2GEN           0             0             0             0             0
 ESCS               0             0             0             0             0
 MALE               0             0             0             0             0


           THETA
              FLIT          FLSCHOOL      NOBULLY       FLFAMILY      FCFMLRTY
              ________      ________      ________      ________      ________
 FLIT               0
 FLSCHOOL           0             0
 NOBULLY            0             0             0
 FLFAMILY           0             0             0             0
 FCFMLRTY           0             0             0             0             0
 FLCONFIN           0             0             0             0             0
 IMMI1GEN           0             0             0             0             0
 IMMI2GEN           0             0             0             0             0
 ESCS               0             0             0             0             0
 MALE               0             0             0             0             0


           THETA
              FLCONFIN      IMMI1GEN      IMMI2GEN      ESCS          MALE
              ________      ________      ________      ________      ________
 FLCONFIN           0
 IMMI1GEN           0             0
 IMMI2GEN           0             0             0
 ESCS               0             0             0             0
 MALE               0             0             0             0             0


           ALPHA
              FLIT          FLSCHOOL      NOBULLY       FLFAMILY      FCFMLRTY
              ________      ________      ________      ________      ________
                    0             0             0             0             1


           ALPHA
              FLCONFIN      IMMI1GEN      IMMI2GEN      ESCS          MALE
              ________      ________      ________      ________      ________
                    2             3             4             5             0


           BETA
              FLIT          FLSCHOOL      NOBULLY       FLFAMILY      FCFMLRTY
              ________      ________      ________      ________      ________
 FLIT               0             6             7             8             9
 FLSCHOOL           0             0             0             0             0
 NOBULLY            0             0             0             0             0
 FLFAMILY           0             0             0             0             0
 FCFMLRTY           0            13            14            15             0
 FLCONFIN           0            19            20            21             0
 IMMI1GEN           0             0             0             0             0
 IMMI2GEN           0             0             0             0             0
 ESCS               0             0             0             0             0
 MALE               0             0             0             0             0


           BETA
              FLCONFIN      IMMI1GEN      IMMI2GEN      ESCS          MALE
              ________      ________      ________      ________      ________
 FLIT              10            11             0            12             0
 FLSCHOOL           0             0             0             0             0
 NOBULLY            0             0             0             0             0
 FLFAMILY           0             0             0             0             0
 FCFMLRTY           0             0            16            17            18
 FLCONFIN           0             0            22            23            24
 IMMI1GEN           0             0             0             0             0
 IMMI2GEN           0             0             0             0             0
 ESCS               0             0             0             0             0
 MALE               0             0             0             0             0


           PSI
              FLIT          FLSCHOOL      NOBULLY       FLFAMILY      FCFMLRTY
              ________      ________      ________      ________      ________
 FLIT              25
 FLSCHOOL           0            26
 NOBULLY            0            27            28
 FLFAMILY           0            29            30            31
 FCFMLRTY           0             0             0             0            32
 FLCONFIN           0             0             0             0            33
 IMMI1GEN           0             0             0             0             0
 IMMI2GEN           0             0             0             0             0
 ESCS               0            37             0            38             0
 MALE               0             0             0             0             0


           PSI
              FLCONFIN      IMMI1GEN      IMMI2GEN      ESCS          MALE
              ________      ________      ________      ________      ________
 FLCONFIN          34
 IMMI1GEN           0            35
 IMMI2GEN           0             0            36
 ESCS               0            39            40            41
 MALE               0             0             0             0             0


     PARAMETER SPECIFICATION FOR BETWEEN


           NU
              EDUSHORT      STRATIO       FLIT          FLSCHOOL      NOBULLY
              ________      ________      ________      ________      ________
                    0             0             0             0             0


           NU
              FLFAMILY
              ________
                    0


           LAMBDA
              EDUSHORT      STRATIO       FLIT          FLSCHOOL      NOBULLY
              ________      ________      ________      ________      ________
 EDUSHORT           0             0             0             0             0
 STRATIO            0             0             0             0             0
 FLIT               0             0             0             0             0
 FLSCHOOL           0             0             0             0             0
 NOBULLY            0             0             0             0             0
 FLFAMILY           0             0             0             0             0


           LAMBDA
              FLFAMILY
              ________
 EDUSHORT           0
 STRATIO            0
 FLIT               0
 FLSCHOOL           0
 NOBULLY            0
 FLFAMILY           0


           THETA
              EDUSHORT      STRATIO       FLIT          FLSCHOOL      NOBULLY
              ________      ________      ________      ________      ________
 EDUSHORT           0
 STRATIO            0             0
 FLIT               0             0             0
 FLSCHOOL           0             0             0             0
 NOBULLY            0             0             0             0             0
 FLFAMILY           0             0             0             0             0


           THETA
              FLFAMILY
              ________
 FLFAMILY           0


           ALPHA
              EDUSHORT      STRATIO       FLIT          FLSCHOOL      NOBULLY
              ________      ________      ________      ________      ________
                   42            43            44            45            46


           ALPHA
              FLFAMILY
              ________
                   47


           BETA
              EDUSHORT      STRATIO       FLIT          FLSCHOOL      NOBULLY
              ________      ________      ________      ________      ________
 EDUSHORT           0             0             0             0             0
 STRATIO            0             0             0             0             0
 FLIT               0             0             0             0             0
 FLSCHOOL           0             0             0             0             0
 NOBULLY            0             0             0             0             0
 FLFAMILY           0             0             0             0             0


           BETA
              FLFAMILY
              ________
 EDUSHORT           0
 STRATIO            0
 FLIT               0
 FLSCHOOL           0
 NOBULLY            0
 FLFAMILY           0


           PSI
              EDUSHORT      STRATIO       FLIT          FLSCHOOL      NOBULLY
              ________      ________      ________      ________      ________
 EDUSHORT          48
 STRATIO           49            50
 FLIT              51            52            53
 FLSCHOOL          54            55            56            57
 NOBULLY           58            59            60            61            62
 FLFAMILY          63            64            65            66            67


           PSI
              FLFAMILY
              ________
 FLFAMILY          68


     STARTING VALUES FOR WITHIN


           NU
              FLIT          FLSCHOOL      NOBULLY       FLFAMILY      FCFMLRTY
              ________      ________      ________      ________      ________
                0.000         0.000         0.000         0.000         0.000


           NU
              FLCONFIN      IMMI1GEN      IMMI2GEN      ESCS          MALE
              ________      ________      ________      ________      ________
                0.000         0.000         0.000         0.000         0.000


           LAMBDA
              FLIT          FLSCHOOL      NOBULLY       FLFAMILY      FCFMLRTY
              ________      ________      ________      ________      ________
 FLIT           1.000         0.000         0.000         0.000         0.000
 FLSCHOOL       0.000         1.000         0.000         0.000         0.000
 NOBULLY        0.000         0.000         1.000         0.000         0.000
 FLFAMILY       0.000         0.000         0.000         1.000         0.000
 FCFMLRTY       0.000         0.000         0.000         0.000         1.000
 FLCONFIN       0.000         0.000         0.000         0.000         0.000
 IMMI1GEN       0.000         0.000         0.000         0.000         0.000
 IMMI2GEN       0.000         0.000         0.000         0.000         0.000
 ESCS           0.000         0.000         0.000         0.000         0.000
 MALE           0.000         0.000         0.000         0.000         0.000


           LAMBDA
              FLCONFIN      IMMI1GEN      IMMI2GEN      ESCS          MALE
              ________      ________      ________      ________      ________
 FLIT           0.000         0.000         0.000         0.000         0.000
 FLSCHOOL       0.000         0.000         0.000         0.000         0.000
 NOBULLY        0.000         0.000         0.000         0.000         0.000
 FLFAMILY       0.000         0.000         0.000         0.000         0.000
 FCFMLRTY       0.000         0.000         0.000         0.000         0.000
 FLCONFIN       1.000         0.000         0.000         0.000         0.000
 IMMI1GEN       0.000         1.000         0.000         0.000         0.000
 IMMI2GEN       0.000         0.000         1.000         0.000         0.000
 ESCS           0.000         0.000         0.000         1.000         0.000
 MALE           0.000         0.000         0.000         0.000         1.000


           THETA
              FLIT          FLSCHOOL      NOBULLY       FLFAMILY      FCFMLRTY
              ________      ________      ________      ________      ________
 FLIT           0.000
 FLSCHOOL       0.000         0.000
 NOBULLY        0.000         0.000         0.000
 FLFAMILY       0.000         0.000         0.000         0.000
 FCFMLRTY       0.000         0.000         0.000         0.000         0.000
 FLCONFIN       0.000         0.000         0.000         0.000         0.000
 IMMI1GEN       0.000         0.000         0.000         0.000         0.000
 IMMI2GEN       0.000         0.000         0.000         0.000         0.000
 ESCS           0.000         0.000         0.000         0.000         0.000
 MALE           0.000         0.000         0.000         0.000         0.000


           THETA
              FLCONFIN      IMMI1GEN      IMMI2GEN      ESCS          MALE
              ________      ________      ________      ________      ________
 FLCONFIN       0.000
 IMMI1GEN       0.000         0.000
 IMMI2GEN       0.000         0.000         0.000
 ESCS           0.000         0.000         0.000         0.000
 MALE           0.000         0.000         0.000         0.000         0.000


           ALPHA
              FLIT          FLSCHOOL      NOBULLY       FLFAMILY      FCFMLRTY
              ________      ________      ________      ________      ________
                0.000         0.000         0.000         0.000         7.330


           ALPHA
              FLCONFIN      IMMI1GEN      IMMI2GEN      ESCS          MALE
              ________      ________      ________      ________      ________
                0.116         0.005         0.018         0.018         0.000


           BETA
              FLIT          FLSCHOOL      NOBULLY       FLFAMILY      FCFMLRTY
              ________      ________      ________      ________      ________
 FLIT           0.000         0.000         0.000         0.000         0.000
 FLSCHOOL       0.000         0.000         0.000         0.000         0.000
 NOBULLY        0.000         0.000         0.000         0.000         0.000
 FLFAMILY       0.000         0.000         0.000         0.000         0.000
 FCFMLRTY       0.000         0.000         0.000         0.000         0.000
 FLCONFIN       0.000         0.000         0.000         0.000         0.000
 IMMI1GEN       0.000         0.000         0.000         0.000         0.000
 IMMI2GEN       0.000         0.000         0.000         0.000         0.000
 ESCS           0.000         0.000         0.000         0.000         0.000
 MALE           0.000         0.000         0.000         0.000         0.000


           BETA
              FLCONFIN      IMMI1GEN      IMMI2GEN      ESCS          MALE
              ________      ________      ________      ________      ________
 FLIT           0.000         0.000         0.000         0.000         0.000
 FLSCHOOL       0.000         0.000         0.000         0.000         0.000
 NOBULLY        0.000         0.000         0.000         0.000         0.000
 FLFAMILY       0.000         0.000         0.000         0.000         0.000
 FCFMLRTY       0.000         0.000         0.000         0.000         0.000
 FLCONFIN       0.000         0.000         0.000         0.000         0.000
 IMMI1GEN       0.000         0.000         0.000         0.000         0.000
 IMMI2GEN       0.000         0.000         0.000         0.000         0.000
 ESCS           0.000         0.000         0.000         0.000         0.000
 MALE           0.000         0.000         0.000         0.000         0.000


           PSI
              FLIT          FLSCHOOL      NOBULLY       FLFAMILY      FCFMLRTY
              ________      ________      ________      ________      ________
 FLIT        3907.600
 FLSCHOOL       0.000         0.504
 NOBULLY        0.000         0.000         0.553
 FLFAMILY       0.000         0.000         0.000         0.544
 FCFMLRTY       0.000         0.000         0.000         0.000        17.437
 FLCONFIN       0.000         0.000         0.000         0.000         0.000
 IMMI1GEN       0.000         0.000         0.000         0.000         0.000
 IMMI2GEN       0.000         0.000         0.000         0.000         0.000
 ESCS           0.000         0.000         0.000         0.000         0.000
 MALE           0.000         0.000         0.000         0.000         0.000


           PSI
              FLCONFIN      IMMI1GEN      IMMI2GEN      ESCS          MALE
              ________      ________      ________      ________      ________
 FLCONFIN       0.586
 IMMI1GEN       0.000         0.003
 IMMI2GEN       0.000         0.000         0.009
 ESCS           0.000         0.000         0.000         0.378
 MALE           0.000         0.000         0.000         0.000         0.125


     STARTING VALUES FOR BETWEEN


           NU
              EDUSHORT      STRATIO       FLIT          FLSCHOOL      NOBULLY
              ________      ________      ________      ________      ________
                0.000         0.000         0.000         0.000         0.000


           NU
              FLFAMILY
              ________
                0.000


           LAMBDA
              EDUSHORT      STRATIO       FLIT          FLSCHOOL      NOBULLY
              ________      ________      ________      ________      ________
 EDUSHORT       1.000         0.000         0.000         0.000         0.000
 STRATIO        0.000         1.000         0.000         0.000         0.000
 FLIT           0.000         0.000         1.000         0.000         0.000
 FLSCHOOL       0.000         0.000         0.000         1.000         0.000
 NOBULLY        0.000         0.000         0.000         0.000         1.000
 FLFAMILY       0.000         0.000         0.000         0.000         0.000


           LAMBDA
              FLFAMILY
              ________
 EDUSHORT       0.000
 STRATIO        0.000
 FLIT           0.000
 FLSCHOOL       0.000
 NOBULLY        0.000
 FLFAMILY       1.000


           THETA
              EDUSHORT      STRATIO       FLIT          FLSCHOOL      NOBULLY
              ________      ________      ________      ________      ________
 EDUSHORT       0.000
 STRATIO        0.000         0.000
 FLIT           0.000         0.000         0.000
 FLSCHOOL       0.000         0.000         0.000         0.000
 NOBULLY        0.000         0.000         0.000         0.000         0.000
 FLFAMILY       0.000         0.000         0.000         0.000         0.000


           THETA
              FLFAMILY
              ________
 FLFAMILY       0.000


           ALPHA
              EDUSHORT      STRATIO       FLIT          FLSCHOOL      NOBULLY
              ________      ________      ________      ________      ________
                0.093        10.272       495.915         0.050        -0.039


           ALPHA
              FLFAMILY
              ________
                0.229


           BETA
              EDUSHORT      STRATIO       FLIT          FLSCHOOL      NOBULLY
              ________      ________      ________      ________      ________
 EDUSHORT       0.000         0.000         0.000         0.000         0.000
 STRATIO        0.000         0.000         0.000         0.000         0.000
 FLIT           0.000         0.000         0.000         0.000         0.000
 FLSCHOOL       0.000         0.000         0.000         0.000         0.000
 NOBULLY        0.000         0.000         0.000         0.000         0.000
 FLFAMILY       0.000         0.000         0.000         0.000         0.000


           BETA
              FLFAMILY
              ________
 EDUSHORT       0.000
 STRATIO        0.000
 FLIT           0.000
 FLSCHOOL       0.000
 NOBULLY        0.000
 FLFAMILY       0.000


           PSI
              EDUSHORT      STRATIO       FLIT          FLSCHOOL      NOBULLY
              ________      ________      ________      ________      ________
 EDUSHORT       0.252
 STRATIO        0.000         3.914
 FLIT           0.000         0.000      3907.600
 FLSCHOOL       0.000         0.000         0.000         0.504
 NOBULLY        0.000         0.000         0.000         0.000         0.553
 FLFAMILY       0.000         0.000         0.000         0.000         0.000


           PSI
              FLFAMILY
              ________
 FLFAMILY       0.544


     Beginning Time:  13:22:27
        Ending Time:  13:30:59
       Elapsed Time:  00:08:32



MUTHEN & MUTHEN
3463 Stoner Ave.
Los Angeles, CA  90066

Tel: (310) 391-9971
Fax: (310) 391-8971
Web: www.StatModel.com
Support: Support@StatModel.com

Copyright (c) 1998-2019 Muthen & Muthen
