Mplus VERSION 8.3
MUTHEN & MUTHEN
03/04/2021   5:57 PM

INPUT INSTRUCTIONS


  TITLE:
      Two-level saturated model 360

  DATA:
      file = "C:\Users\tctan\implist.dat";

      type = imputation;


  VARIABLE:
      names =
          FKI CNTRYID CNTSCHID W_STU
          MATH READ FLIT                      ! PISA achievement variables
          MALE IMMI1GEN IMMI2GEN ESCS         ! Demographic info
          FCFMLRTY FLCONFIN                   ! Affect
          FLSCHOOL                            !   Lat var "Academic"
          NOBULLY                             !   Lat var "Safety"
          FLFAMILY                            !   Lat var "Community"
          W_SCH STRATIO                       ! School character
          EDUSHORT                            !   Lat var "inst. env."
          ;

      useobs = CNTRYID eq 360;          ! Pull out one country at a time

      usevar =
          FLIT                                ! PISA achievement variables
          FLSCHOOL                            !   Lat var "Academic"
          NOBULLY                             !   Lat var "Safety"
          FLFAMILY                            !   Lat var "Community"
          EDUSHORT STRATIO                    !   Lat var "Inst env"
          FCFMLRTY FLCONFIN                   ! Affect
          MALE IMMI1GEN IMMI2GEN ESCS         ! Demographic info
          ;

      ! Vars that ONLY appear in L1
      within =
          FCFMLRTY FLCONFIN                   ! Affective vars
          MALE IMMI1GEN IMMI2GEN ESCS         ! L1 control vars
          ;

      ! Vars that ONLY appear in L2
      between =
          EDUSHORT STRATIO                    ! L2: school
          ;

      weight = W_STU;                         ! Student weight
      wtscale = cluster;                      ! Scale L1 weight to cluster size
      bweight = W_SCH;                        ! School weight
      bwtscale = sample;                      ! Scale L2 weight to sample

      cluster = CNTSCHID;                     ! Cluster by school ID


  ANALYSIS:
      processors = 4;

      type = twolevel;


  MODEL:

  %Within%                                    ! === L1: Student-level ===

      ! Indirect pathways (1st half): school climate vars onto mediators
          ! Onto mediator FAMILIARITY
      FCFMLRTY on FLSCHOOL FLFAMILY NOBULLY ESCS IMMI2GEN MALE;
          ! Onto mediator CONFIDENCE
      FLCONFIN on FLSCHOOL FLFAMILY NOBULLY ESCS IMMI2GEN MALE;

      ! Total effect
      FLIT on
          ! Indirect pathways (2nd half): affective vars onto financial literacy
          FCFMLRTY FLCONFIN
          ! Direct pathways: school climate vars onto financial literacy
          FLSCHOOL FLFAMILY NOBULLY
          ! Dmographic vars
          ESCS IMMI1GEN
          ;

      ! Covariances
          ! Between school climate vars
      FLSCHOOL with FLFAMILY;
      FLFAMILY with NOBULLY;
      FLSCHOOL with NOBULLY;
          ! Between mediators
      FCFMLRTY with FLCONFIN;

          ! SES with school climate vars
      ESCS with FLSCHOOL FLFAMILY;
          ! SES with demographic vars
      ESCS with IMMI1GEN IMMI2GEN;

  %Between%                                   ! === L2: School-level ===

      FLIT-STRATIO WITH FLIT-STRATIO;


  MODEL INDIRECT:

      ! Indirect effects
      FLIT ind FLSCHOOL;
      FLIT ind FLFAMILY;
      FLIT ind NOBULLY;

      FLIT ind ESCS;
      FLIT ind IMMI2GEN;
      FLIT ind MALE;


  OUTPUT:
      stdyx                                   ! Fully standardised solution
      ;



*** WARNING in MODEL command
  In the MODEL command, the following variable is a y-variable on the BETWEEN
  level and an x-variable on the WITHIN level.  This variable will be treated
  as a y-variable on both levels:  FLSCHOOL
*** WARNING in MODEL command
  In the MODEL command, the following variable is a y-variable on the BETWEEN
  level and an x-variable on the WITHIN level.  This variable will be treated
  as a y-variable on both levels:  NOBULLY
*** WARNING in MODEL command
  In the MODEL command, the following variable is a y-variable on the BETWEEN
  level and an x-variable on the WITHIN level.  This variable will be treated
  as a y-variable on both levels:  FLFAMILY
   3 WARNING(S) FOUND IN THE INPUT INSTRUCTIONS




Two-level saturated model 360

SUMMARY OF ANALYSIS

Number of groups                                                 1
Average number of observations                                7132

Number of replications
    Requested                                                   10
    Completed                                                   10

Number of dependent variables                                    8
Number of independent variables                                  4
Number of continuous latent variables                            0

Observed dependent variables

  Continuous
   EDUSHORT    STRATIO     FLIT        FLSCHOOL    NOBULLY     FLFAMILY
   FCFMLRTY    FLCONFIN

Observed independent variables
   MALE        IMMI1GEN    IMMI2GEN    ESCS

Variables with special functions

  Cluster variable      CNTSCHID
  Weight variable (cluster-size scaling)
    W_STU
  Between weight variable (sample-size scaling)
    W_SCH

  Within variables
   FCFMLRTY    FLCONFIN    MALE        IMMI1GEN    IMMI2GEN    ESCS

  Between variables
   EDUSHORT    STRATIO


Estimator                                                      MLR
Information matrix                                        OBSERVED
Maximum number of iterations                                   100
Convergence criterion                                    0.100D-05
Maximum number of EM iterations                                500
Convergence criteria for the EM algorithm
  Loglikelihood change                                   0.100D-02
  Relative loglikelihood change                          0.100D-05
  Derivative                                             0.100D-03
Minimum variance                                         0.100D-03
Maximum number of steepest descent iterations                   20
Maximum number of iterations for H1                           2000
Convergence criterion for H1                             0.100D-03
Optimization algorithm                                         EMA

Input data file(s)
  Multiple data files from
    C:\Users\tctan\implist.dat
Input data format  FREE


SUMMARY OF DATA FOR THE FIRST DATA SET

     Number of clusters                        395

     Average cluster size       18.056

     Estimated Intraclass Correlations for the Y Variables

                Intraclass              Intraclass              Intraclass
     Variable  Correlation   Variable  Correlation   Variable  Correlation

     FLIT         0.412      FLSCHOOL     0.028      NOBULLY      0.019
     FLFAMILY     0.015      FCFMLRTY     0.000      FLCONFIN     0.000
     IMMI1GEN     0.000      IMMI2GEN     0.000      ESCS         0.000



SAMPLE STATISTICS

NOTE:  The sample statistics for within and between refer to the
       maximum-likelihood estimated within and between covariance
       matrices, respectively.

NOTE:  These are average results over 10 data sets.


     ESTIMATED SAMPLE STATISTICS FOR WITHIN


           Means
              EDUSHORT      STRATIO       FLIT          FLSCHOOL      NOBULLY
              ________      ________      ________      ________      ________
                0.000         0.000         0.000         0.000         0.000


           Means
              FLFAMILY      FCFMLRTY      FLCONFIN      IMMI1GEN      IMMI2GEN
              ________      ________      ________      ________      ________
                0.000         5.430        -0.087         0.003         0.003


           Means
              ESCS          MALE
              ________      ________
               -1.484         0.485


           Covariances
              EDUSHORT      STRATIO       FLIT          FLSCHOOL      NOBULLY
              ________      ________      ________      ________      ________
 EDUSHORT       0.000
 STRATIO        0.000         0.000
 FLIT           0.000         0.000      3713.177
 FLSCHOOL       0.000         0.000         0.591         0.947
 NOBULLY        0.000         0.000         2.739        -0.058         1.225
 FLFAMILY       0.000         0.000         0.343         0.323        -0.104
 FCFMLRTY       0.000         0.000        62.825         1.652         0.110
 FLCONFIN       0.000         0.000         2.226         0.218        -0.092
 IMMI1GEN       0.000         0.000        -0.091         0.000        -0.001
 IMMI2GEN       0.000         0.000        -0.078         0.000         0.000
 ESCS           0.000         0.000         6.203         0.124        -0.069
 MALE           0.000         0.000        -1.947         0.014        -0.064


           Covariances
              FLFAMILY      FCFMLRTY      FLCONFIN      IMMI1GEN      IMMI2GEN
              ________      ________      ________      ________      ________
 FLFAMILY       1.029
 FCFMLRTY       1.213        28.076
 FLCONFIN       0.220         1.157         0.872
 IMMI1GEN       0.000         0.006         0.000         0.003
 IMMI2GEN       0.000        -0.003         0.000         0.000         0.003
 ESCS           0.148         1.150         0.159         0.002         0.003
 MALE          -0.007        -0.056         0.042         0.000         0.000


           Covariances
              ESCS          MALE
              ________      ________
 ESCS           1.238
 MALE           0.029         0.250


           Correlations
              EDUSHORT      STRATIO       FLIT          FLSCHOOL      NOBULLY
              ________      ________      ________      ________      ________
 EDUSHORT       0.000
 STRATIO        0.000         0.000
 FLIT           0.000         0.000         1.000
 FLSCHOOL       0.000         0.000         0.010         1.000
 NOBULLY        0.000         0.000         0.041        -0.054         1.000
 FLFAMILY       0.000         0.000         0.006         0.327        -0.092
 FCFMLRTY       0.000         0.000         0.195         0.320         0.019
 FLCONFIN       0.000         0.000         0.039         0.240        -0.089
 IMMI1GEN       0.000         0.000        -0.029        -0.003        -0.025
 IMMI2GEN       0.000         0.000        -0.024         0.002         0.006
 ESCS           0.000         0.000         0.091         0.115        -0.056
 MALE           0.000         0.000        -0.064         0.028        -0.116


           Correlations
              FLFAMILY      FCFMLRTY      FLCONFIN      IMMI1GEN      IMMI2GEN
              ________      ________      ________      ________      ________
 FLFAMILY       1.000
 FCFMLRTY       0.226         1.000
 FLCONFIN       0.232         0.234         1.000
 IMMI1GEN       0.003         0.023         0.005         1.000
 IMMI2GEN       0.009        -0.009         0.007        -0.003         1.000
 ESCS           0.131         0.195         0.153         0.034         0.052
 MALE          -0.014        -0.021         0.089         0.002         0.010


           Correlations
              ESCS          MALE
              ________      ________
 ESCS           1.000
 MALE           0.053         1.000


     ESTIMATED SAMPLE STATISTICS FOR BETWEEN


           Means
              EDUSHORT      STRATIO       FLIT          FLSCHOOL      NOBULLY
              ________      ________      ________      ________      ________
                0.870        17.840       389.952         0.449        -0.351


           Means
              FLFAMILY      FCFMLRTY      FLCONFIN      IMMI1GEN      IMMI2GEN
              ________      ________      ________      ________      ________
                0.110         0.000         0.000         0.000         0.000


           Means
              ESCS          MALE
              ________      ________
                0.000         0.000


           Covariances
              EDUSHORT      STRATIO       FLIT          FLSCHOOL      NOBULLY
              ________      ________      ________      ________      ________
 EDUSHORT       1.666
 STRATIO       -1.599        93.343
 FLIT         -30.048        94.954      2451.855
 FLSCHOOL       0.002        -0.324        -0.552         0.028
 NOBULLY       -0.051         0.552         5.556        -0.002         0.027
 FLFAMILY      -0.030         0.103         1.818         0.010         0.006
 FCFMLRTY       0.000         0.000         0.000         0.000         0.000
 FLCONFIN       0.000         0.000         0.000         0.000         0.000
 IMMI1GEN       0.000         0.000         0.000         0.000         0.000
 IMMI2GEN       0.000         0.000         0.000         0.000         0.000
 ESCS           0.000         0.000         0.000         0.000         0.000
 MALE           0.000         0.000         0.000         0.000         0.000


           Covariances
              FLFAMILY      FCFMLRTY      FLCONFIN      IMMI1GEN      IMMI2GEN
              ________      ________      ________      ________      ________
 FLFAMILY       0.017
 FCFMLRTY       0.000         0.000
 FLCONFIN       0.000         0.000         0.000
 IMMI1GEN       0.000         0.000         0.000         0.000
 IMMI2GEN       0.000         0.000         0.000         0.000         0.000
 ESCS           0.000         0.000         0.000         0.000         0.000
 MALE           0.000         0.000         0.000         0.000         0.000


           Covariances
              ESCS          MALE
              ________      ________
 ESCS           0.000
 MALE           0.000         0.000


           Correlations
              EDUSHORT      STRATIO       FLIT          FLSCHOOL      NOBULLY
              ________      ________      ________      ________      ________
 EDUSHORT       1.000
 STRATIO       -0.128         1.000
 FLIT          -0.470         0.198         1.000
 FLSCHOOL       0.009        -0.201        -0.067         1.000
 NOBULLY       -0.238         0.345         0.679        -0.078         1.000
 FLFAMILY      -0.177         0.081         0.281         0.477         0.280
 FCFMLRTY       0.000         0.000         0.000         0.000         0.000
 FLCONFIN       0.000         0.000         0.000         0.000         0.000
 IMMI1GEN       0.000         0.000         0.000         0.000         0.000
 IMMI2GEN       0.000         0.000         0.000         0.000         0.000
 ESCS           0.000         0.000         0.000         0.000         0.000
 MALE           0.000         0.000         0.000         0.000         0.000


           Correlations
              FLFAMILY      FCFMLRTY      FLCONFIN      IMMI1GEN      IMMI2GEN
              ________      ________      ________      ________      ________
 FLFAMILY       1.000
 FCFMLRTY       0.000         0.000
 FLCONFIN       0.000         0.000         0.000
 IMMI1GEN       0.000         0.000         0.000         0.000
 IMMI2GEN       0.000         0.000         0.000         0.000         0.000
 ESCS           0.000         0.000         0.000         0.000         0.000
 MALE           0.000         0.000         0.000         0.000         0.000


           Correlations
              ESCS          MALE
              ________      ________
 ESCS           0.000
 MALE           0.000         0.000




MODEL FIT INFORMATION

Number of Free Parameters                       68

Loglikelihood

    H0 Value

        Mean                            -91681.315
        Std Dev                           1815.761
        Number of successful computations       10

             Proportions                   Percentiles
        Expected    Observed         Expected       Observed
           0.990       1.000       -95905.321     -94363.592
           0.980       1.000       -95410.344     -94363.592
           0.950       1.000       -94668.061     -94363.592
           0.900       0.900       -94008.395     -94363.592
           0.800       0.900       -93209.460     -94363.592
           0.700       0.700       -92633.500     -92708.523
           0.500       0.300       -91681.315     -92273.262
           0.300       0.200       -90729.129     -91773.386
           0.200       0.100       -90153.170     -90862.523
           0.100       0.100       -89354.235     -90168.684
           0.050       0.100       -88694.569     -90168.684
           0.020       0.100       -87952.285     -90168.684
           0.010       0.100       -87457.309     -90168.684

    H1 Value

        Mean                            -91579.342
        Std Dev                           1815.467
        Number of successful computations       10

             Proportions                   Percentiles
        Expected    Observed         Expected       Observed
           0.990       1.000       -95802.664     -94242.082
           0.980       1.000       -95307.767     -94242.082
           0.950       1.000       -94565.604     -94242.082
           0.900       0.900       -93906.045     -94242.082
           0.800       0.900       -93107.239     -94242.082
           0.700       0.700       -92531.373     -92610.710
           0.500       0.300       -91579.342     -92181.505
           0.300       0.200       -90627.311     -91662.779
           0.200       0.100       -90051.444     -90764.101
           0.100       0.100       -89252.639     -90079.684
           0.050       0.100       -88593.079     -90079.684
           0.020       0.100       -87850.916     -90079.684
           0.010       0.100       -87356.020     -90079.684

Information Criteria

    Akaike (AIC)

        Mean                            183498.629
        Std Dev                           3631.523
        Number of successful computations       10

             Proportions                   Percentiles
        Expected    Observed         Expected       Observed
           0.990       0.900       175050.618     174808.000
           0.980       0.900       176040.571     174808.000
           0.950       0.900       177525.137     174808.000
           0.900       0.900       178844.470     174808.000
           0.800       0.900       180442.340     174808.000
           0.700       0.800       181594.259     181861.045
           0.500       0.700       183498.629     183943.213
           0.300       0.300       185403.000     184725.471
           0.200       0.100       186554.919     185553.046
           0.100       0.100       188152.789     186393.671
           0.050       0.000       189472.121     186393.671
           0.020       0.000       190956.688     186393.671
           0.010       0.000       191946.641     186393.671

    Bayesian (BIC)

        Mean                            183965.949
        Std Dev                           3631.523
        Number of successful computations       10

             Proportions                   Percentiles
        Expected    Observed         Expected       Observed
           0.990       0.900       175517.937     175275.320
           0.980       0.900       176507.890     175275.320
           0.950       0.900       177992.457     175275.320
           0.900       0.900       179311.789     175275.320
           0.800       0.900       180909.659     175275.320
           0.700       0.800       182061.578     182328.365
           0.500       0.700       183965.949     184410.532
           0.300       0.300       185870.320     185192.791
           0.200       0.100       187022.239     186020.366
           0.100       0.100       188620.109     186860.990
           0.050       0.000       189939.441     186860.990
           0.020       0.000       191424.008     186860.990
           0.010       0.000       192413.961     186860.990

    Sample-Size Adjusted BIC (n* = (n + 2) / 24)

        Mean                            183749.860
        Std Dev                           3631.523
        Number of successful computations       10

             Proportions                   Percentiles
        Expected    Observed         Expected       Observed
           0.990       0.900       175301.849     175059.231
           0.980       0.900       176291.802     175059.231
           0.950       0.900       177776.368     175059.231
           0.900       0.900       179095.701     175059.231
           0.800       0.900       180693.571     175059.231
           0.700       0.800       181845.490     182112.276
           0.500       0.700       183749.860     184194.444
           0.300       0.300       185654.231     184976.702
           0.200       0.100       186806.150     185804.277
           0.100       0.100       188404.020     186644.902
           0.050       0.000       189723.352     186644.902
           0.020       0.000       191207.919     186644.902
           0.010       0.000       192197.872     186644.902

Chi-Square Test of Model Fit

        Degrees of freedom                      18

        Mean                                80.348
        Std Dev                             13.195
        Number of successful computations       10

             Proportions                   Percentiles
        Expected    Observed         Expected       Observed
           0.990       1.000            7.015         61.573
           0.980       1.000            7.906         61.573
           0.950       1.000            9.390         61.573
           0.900       1.000           10.865         61.573
           0.800       1.000           12.857         61.573
           0.700       1.000           14.440         66.750
           0.500       1.000           17.338         77.348
           0.300       1.000           20.601         90.499
           0.200       1.000           22.760         94.488
           0.100       1.000           25.989         97.341
           0.050       1.000           28.869         97.341
           0.020       1.000           32.346         97.341
           0.010       1.000           34.805         97.341

RMSEA (Root Mean Square Error Of Approximation)

        Mean                                 0.022
        Std Dev                              0.002
        Number of successful computations       10

             Proportions                   Percentiles
        Expected    Observed         Expected       Observed
           0.990       1.000            0.016          0.018
           0.980       1.000            0.017          0.018
           0.950       1.000            0.018          0.018
           0.900       0.900            0.019          0.018
           0.800       0.700            0.020          0.018
           0.700       0.700            0.021          0.019
           0.500       0.400            0.022          0.022
           0.300       0.400            0.023          0.024
           0.200       0.300            0.024          0.024
           0.100       0.100            0.025          0.025
           0.050       0.000            0.026          0.025
           0.020       0.000            0.027          0.025
           0.010       0.000            0.027          0.025

CFI/TLI

    CFI

        Mean                                 0.952
        Std Dev                              0.009
        Number of successful computations       10

             Proportions                   Percentiles
        Expected    Observed         Expected       Observed
           0.990       1.000            0.932          0.942
           0.980       1.000            0.934          0.942
           0.950       1.000            0.938          0.942
           0.900       1.000            0.941          0.942
           0.800       0.600            0.945          0.942
           0.700       0.600            0.948          0.943
           0.500       0.400            0.952          0.952
           0.300       0.300            0.957          0.955
           0.200       0.300            0.960          0.962
           0.100       0.200            0.964          0.965
           0.050       0.000            0.967          0.965
           0.020       0.000            0.971          0.965
           0.010       0.000            0.973          0.965

    TLI

        Mean                                 0.842
        Std Dev                              0.030
        Number of successful computations       10

             Proportions                   Percentiles
        Expected    Observed         Expected       Observed
           0.990       1.000            0.772          0.807
           0.980       1.000            0.780          0.807
           0.950       1.000            0.793          0.807
           0.900       1.000            0.803          0.807
           0.800       0.600            0.817          0.807
           0.700       0.600            0.826          0.811
           0.500       0.400            0.842          0.840
           0.300       0.300            0.857          0.852
           0.200       0.300            0.867          0.875
           0.100       0.200            0.880          0.882
           0.050       0.000            0.890          0.882
           0.020       0.000            0.903          0.882
           0.010       0.000            0.911          0.882

SRMR (Standardized Root Mean Square Residual) for the WITHIN level

        Mean                                 0.023
        Std Dev                              0.001
        Number of successful computations       10

             Proportions                   Percentiles
        Expected    Observed         Expected       Observed
           0.990       1.000            0.019          0.021
           0.980       1.000            0.020          0.021
           0.950       1.000            0.020          0.021
           0.900       1.000            0.021          0.021
           0.800       0.600            0.021          0.021
           0.700       0.600            0.022          0.021
           0.500       0.400            0.023          0.022
           0.300       0.300            0.023          0.023
           0.200       0.300            0.024          0.024
           0.100       0.100            0.024          0.024
           0.050       0.100            0.025          0.024
           0.020       0.000            0.025          0.024
           0.010       0.000            0.026          0.024

SRMR (Standardized Root Mean Square Residual) for the BETWEEN level

        Mean                                 0.031
        Std Dev                              0.005
        Number of successful computations       10

             Proportions                   Percentiles
        Expected    Observed         Expected       Observed
           0.990       1.000            0.020          0.026
           0.980       1.000            0.022          0.026
           0.950       1.000            0.023          0.026
           0.900       1.000            0.025          0.026
           0.800       0.800            0.027          0.026
           0.700       0.700            0.029          0.027
           0.500       0.400            0.031          0.030
           0.300       0.200            0.033          0.031
           0.200       0.100            0.035          0.033
           0.100       0.100            0.037          0.034
           0.050       0.100            0.038          0.034
           0.020       0.100            0.040          0.034
           0.010       0.100            0.042          0.034



MODEL RESULTS

                                                    Two-Tailed   Rate of
                    Estimate       S.E.  Est./S.E.    P-Value    Missing

Within Level

 FCFMLRTY   ON
    FLSCHOOL           1.452      0.112     12.951      0.000      0.066
    FLFAMILY           0.638      0.137      4.650      0.000      0.138
    NOBULLY            0.244      0.110      2.215      0.027      0.079
    ESCS               0.731      0.109      6.690      0.000      0.064
    IMMI2GEN          -2.112      2.397     -0.881      0.378      0.575
    MALE              -0.308      0.219     -1.408      0.159      0.048

 FLCONFIN   ON
    FLSCHOOL           0.164      0.020      8.022      0.000      0.038
    FLFAMILY           0.146      0.024      6.111      0.000      0.113
    NOBULLY           -0.042      0.021     -2.042      0.041      0.130
    ESCS               0.089      0.014      6.201      0.000      0.128
    IMMI2GEN          -0.031      0.394     -0.079      0.937      0.708
    MALE               0.141      0.039      3.617      0.000      0.129

 FLIT       ON
    FCFMLRTY           2.335      0.309      7.559      0.000      0.223
    FLCONFIN           0.345      1.760      0.196      0.844      0.297
    FLSCHOOL          -3.224      1.891     -1.704      0.088      0.220
    FLFAMILY          -1.844      1.646     -1.120      0.263      0.317
    NOBULLY            1.896      1.276      1.486      0.137      0.289
    ESCS               3.379      1.737      1.945      0.052      0.331
    IMMI1GEN         -38.880     23.345     -1.665      0.096      0.623

 FLSCHOOL WITH
    FLFAMILY           0.322      0.028     11.456      0.000      0.108
    NOBULLY           -0.050      0.022     -2.247      0.025      0.164
    ESCS               0.123      0.029      4.283      0.000      0.047

 FLFAMILY WITH
    NOBULLY           -0.098      0.024     -4.149      0.000      0.187
    ESCS               0.142      0.029      4.925      0.000      0.198

 FCFMLRTY WITH
    FLCONFIN           0.620      0.091      6.781      0.000      0.121

 ESCS     WITH
    IMMI1GEN           0.002      0.002      0.864      0.388      0.436
    IMMI2GEN           0.003      0.002      1.435      0.151      0.369

 Means
    IMMI1GEN           0.003      0.001      1.952      0.051      0.369
    IMMI2GEN           0.003      0.002      1.788      0.074      0.450
    ESCS              -1.484      0.066    -22.553      0.000      0.003

 Intercepts
    FCFMLRTY           6.670      0.261     25.565      0.000      0.072
    FLCONFIN          -0.022      0.039     -0.567      0.571      0.224

 Variances
    FLSCHOOL           0.947      0.035     27.412      0.000      0.125
    NOBULLY            1.223      0.035     35.031      0.000      0.035
    FLFAMILY           1.027      0.043     24.168      0.000      0.073
    IMMI1GEN           0.003      0.001      1.959      0.050      0.369
    IMMI2GEN           0.003      0.002      1.793      0.073      0.450
    ESCS               1.238      0.051     24.128      0.000      0.026

 Residual Variances
    FLIT            3529.323    167.203     21.108      0.000      0.305
    FCFMLRTY          24.001      0.690     34.761      0.000      0.047
    FLCONFIN           0.780      0.030     26.387      0.000      0.133

Between Level

 FLIT     WITH
    FLSCHOOL          -0.691      1.284     -0.538      0.591      0.166
    NOBULLY            5.351      1.177      4.546      0.000      0.048
    FLFAMILY           2.052      1.256      1.634      0.102      0.136
    EDUSHORT         -30.484      5.971     -5.106      0.000      0.100
    STRATIO           95.605     52.303      1.828      0.068      0.055

 FLSCHOOL WITH
    NOBULLY           -0.003      0.008     -0.351      0.726      0.152
    FLFAMILY           0.010      0.006      1.755      0.079      0.115
    EDUSHORT           0.004      0.038      0.109      0.913      0.067
    STRATIO           -0.328      0.271     -1.210      0.226      0.123

 NOBULLY  WITH
    FLFAMILY           0.009      0.007      1.198      0.231      0.116
    EDUSHORT          -0.048      0.035     -1.360      0.174      0.147
    STRATIO            0.556      0.305      1.822      0.069      0.285

 FLFAMILY WITH
    EDUSHORT          -0.033      0.031     -1.076      0.282      0.185
    STRATIO            0.108      0.314      0.344      0.731      0.541

 EDUSHORT WITH
    STRATIO           -1.599      1.321     -1.210      0.226      0.081

 Means
    EDUSHORT           0.870      0.116      7.486      0.000      0.115
    STRATIO           17.840      0.912     19.567      0.000      0.227
    FLIT             382.378      5.476     69.831      0.000      0.145
    FLSCHOOL           0.449      0.029     15.310      0.000      0.052
    NOBULLY           -0.350      0.028    -12.636      0.000      0.074
    FLFAMILY           0.110      0.026      4.239      0.000      0.098

 Variances
    EDUSHORT           1.666      0.164     10.162      0.000      0.083
    STRATIO           93.343     23.989      3.891      0.000      0.025
    FLIT            2497.875    289.934      8.615      0.000      0.072
    FLSCHOOL           0.029      0.010      2.997      0.003      0.129
    NOBULLY            0.029      0.010      2.864      0.004      0.186
    FLFAMILY           0.017      0.007      2.365      0.018      0.135


STANDARDIZED MODEL RESULTS


STDYX Standardization

                                                    Two-Tailed   Rate of
                    Estimate       S.E.  Est./S.E.    P-Value    Missing

Within Level

 FCFMLRTY   ON
    FLSCHOOL           0.266      0.020     13.503      0.000      0.071
    FLFAMILY           0.122      0.026      4.713      0.000      0.141
    NOBULLY            0.051      0.023      2.218      0.027      0.080
    ESCS               0.153      0.023      6.647      0.000      0.051
    IMMI2GEN          -0.020      0.024     -0.813      0.416      0.514
    MALE              -0.029      0.021     -1.406      0.160      0.047

 FLCONFIN   ON
    FLSCHOOL           0.171      0.022      7.966      0.000      0.048
    FLFAMILY           0.158      0.026      6.208      0.000      0.106
    NOBULLY           -0.050      0.024     -2.051      0.040      0.133
    ESCS               0.107      0.017      6.215      0.000      0.120
    IMMI2GEN          -0.001      0.023     -0.057      0.955      0.667
    MALE               0.075      0.021      3.636      0.000      0.133

 FLIT       ON
    FCFMLRTY           0.203      0.026      7.966      0.000      0.216
    FLCONFIN           0.005      0.027      0.200      0.842      0.296
    FLSCHOOL          -0.052      0.030     -1.703      0.089      0.234
    FLFAMILY          -0.031      0.027     -1.119      0.263      0.315
    NOBULLY            0.034      0.023      1.487      0.137      0.289
    ESCS               0.062      0.032      1.949      0.051      0.341
    IMMI1GEN          -0.033      0.024     -1.368      0.171      0.519

 FLSCHOOL WITH
    FLFAMILY           0.327      0.024     13.716      0.000      0.149
    NOBULLY           -0.047      0.021     -2.261      0.024      0.160
    ESCS               0.113      0.026      4.357      0.000      0.052

 FLFAMILY WITH
    NOBULLY           -0.087      0.021     -4.228      0.000      0.196
    ESCS               0.126      0.024      5.157      0.000      0.205

 FCFMLRTY WITH
    FLCONFIN           0.143      0.020      7.186      0.000      0.101

 ESCS     WITH
    IMMI1GEN           0.033      0.029      1.116      0.264      0.464
    IMMI2GEN           0.051      0.025      2.018      0.044      0.278

 Means
    IMMI1GEN           0.052      0.013      4.051      0.000      0.371
    IMMI2GEN           0.053      0.016      3.320      0.001      0.526
    ESCS              -1.334      0.075    -17.808      0.000      0.010

 Intercepts
    FCFMLRTY           1.258      0.045     27.758      0.000      0.073
    FLCONFIN          -0.024      0.042     -0.569      0.570      0.224

 Variances
    FLSCHOOL           1.000      0.000  *********      0.000      0.000
    NOBULLY            1.000      0.000  *********      0.000      0.000
    FLFAMILY           1.000      0.000  *********      0.000      0.000
    IMMI1GEN           1.000      0.000  *********      0.000      0.000
    IMMI2GEN           1.000      0.000    999.000    999.000      0.000
    ESCS               1.000      0.000  *********      0.000      0.000

 Residual Variances
    FLIT               0.952      0.011     88.206      0.000      0.235
    FCFMLRTY           0.854      0.017     51.409      0.000      0.030
    FLCONFIN           0.897      0.014     65.382      0.000      0.066

Between Level

 FLIT     WITH
    FLSCHOOL          -0.083      0.150     -0.552      0.581      0.160
    NOBULLY            0.633      0.126      5.016      0.000      0.059
    FLFAMILY           0.313      0.186      1.685      0.092      0.152
    EDUSHORT          -0.472      0.067     -7.043      0.000      0.122
    STRATIO            0.198      0.091      2.186      0.029      0.087

 FLSCHOOL WITH
    NOBULLY           -0.099      0.285     -0.348      0.728      0.149
    FLFAMILY           0.446      0.240      1.860      0.063      0.123
    EDUSHORT           0.018      0.171      0.106      0.916      0.065
    STRATIO           -0.201      0.148     -1.359      0.174      0.163

 NOBULLY  WITH
    FLFAMILY           0.395      0.336      1.178      0.239      0.154
    EDUSHORT          -0.218      0.161     -1.354      0.176      0.141
    STRATIO            0.336      0.163      2.065      0.039      0.254

 FLFAMILY WITH
    EDUSHORT          -0.195      0.178     -1.095      0.274      0.145
    STRATIO            0.087      0.241      0.362      0.718      0.545

 EDUSHORT WITH
    STRATIO           -0.129      0.097     -1.327      0.184      0.105

 Means
    EDUSHORT           0.674      0.102      6.599      0.000      0.094
    STRATIO            1.848      0.209      8.833      0.000      0.099
    FLIT               7.653      0.447     17.139      0.000      0.102
    FLSCHOOL           2.671      0.491      5.438      0.000      0.129
    NOBULLY           -2.075      0.419     -4.949      0.000      0.161
    FLFAMILY           0.837      0.260      3.224      0.001      0.129

 Variances
    EDUSHORT           1.000      0.000  *********      0.000      0.000
    STRATIO            1.000      0.000  *********      0.000      0.000
    FLIT               1.000      0.000  *********      0.000      0.000
    FLSCHOOL           1.000      0.000  *********      0.000      0.000
    NOBULLY            1.000      0.000  *********      0.000      0.000
    FLFAMILY           1.000      0.000  *********      0.000      0.000


R-SQUARE

Within Level

    Observed                                        Two-Tailed   Rate of
    Variable        Estimate       S.E.  Est./S.E.    P-Value    Missing

    FLIT               0.048      0.011      4.478      0.000      0.235
    FCFMLRTY           0.146      0.017      8.803      0.000      0.030
    FLCONFIN           0.103      0.014      7.496      0.000      0.066

Between Level


QUALITY OF NUMERICAL RESULTS

     Average Condition Number for the Information Matrix     -0.952E-16
       (ratio of smallest to largest eigenvalue)


TOTAL, TOTAL INDIRECT, SPECIFIC INDIRECT, AND DIRECT EFFECTS


                                                    Two-Tailed   Rate of
                    Estimate       S.E.  Est./S.E.    P-Value    Missing

WITHIN

Effects from FLSCHOOL to FLIT

  Total                0.224      1.772      0.126      0.899      0.203
  Total indirect       3.448      0.575      5.999      0.000      0.109

  Specific indirect 1
    FLIT
    FCFMLRTY
    FLSCHOOL           3.391      0.538      6.299      0.000      0.165

  Specific indirect 2
    FLIT
    FLCONFIN
    FLSCHOOL           0.057      0.289      0.197      0.844      0.292

  Direct
    FLIT
    FLSCHOOL          -3.224      1.891     -1.704      0.088      0.220


Effects from FLFAMILY to FLIT

  Total               -0.307      1.646     -0.186      0.852      0.255
  Total indirect       1.537      0.392      3.918      0.000      0.210

  Specific indirect 1
    FLIT
    FCFMLRTY
    FLFAMILY           1.489      0.356      4.186      0.000      0.152

  Specific indirect 2
    FLIT
    FLCONFIN
    FLFAMILY           0.048      0.258      0.186      0.853      0.295

  Direct
    FLIT
    FLFAMILY          -1.844      1.646     -1.120      0.263      0.317


Effects from NOBULLY to FLIT

  Total                2.447      1.263      1.938      0.053      0.260
  Total indirect       0.551      0.290      1.899      0.058      0.107

  Specific indirect 1
    FLIT
    FCFMLRTY
    NOBULLY            0.569      0.270      2.105      0.035      0.069

  Specific indirect 2
    FLIT
    FLCONFIN
    NOBULLY           -0.018      0.077     -0.228      0.820      0.299

  Direct
    FLIT
    NOBULLY            1.896      1.276      1.486      0.137      0.289


Effects from ESCS to FLIT

  Total                5.118      1.744      2.934      0.003      0.325
  Total indirect       1.739      0.370      4.700      0.000      0.157

  Specific indirect 1
    FLIT
    FCFMLRTY
    ESCS               1.708      0.356      4.795      0.000      0.141

  Specific indirect 2
    FLIT
    FLCONFIN
    ESCS               0.031      0.158      0.195      0.846      0.304

  Direct
    FLIT
    ESCS               3.379      1.737      1.945      0.052      0.331


Effects from IMMI2GEN to FLIT

  Total               -4.937      5.747     -0.859      0.390      0.568
  Total indirect      -4.937      5.747     -0.859      0.390      0.568

  Specific indirect 1
    FLIT
    FCFMLRTY
    IMMI2GEN          -4.952      5.738     -0.863      0.388      0.567

  Specific indirect 2
    FLIT
    FLCONFIN
    IMMI2GEN           0.015      0.561      0.026      0.979      0.297


Effects from MALE to FLIT

  Total               -0.672      0.585     -1.148      0.251      0.100
  Total indirect      -0.672      0.585     -1.148      0.251      0.100

  Specific indirect 1
    FLIT
    FCFMLRTY
    MALE              -0.722      0.516     -1.400      0.162      0.068

  Specific indirect 2
    FLIT
    FLCONFIN
    MALE               0.050      0.250      0.200      0.842      0.283


BETWEEN

Effects from FLSCHOOL to FLIT

  Total                0.000      0.000    999.000      0.000      0.167
  Total indirect       0.000      0.000    999.000      0.000      0.167


Effects from FLFAMILY to FLIT

  Total                0.000      0.000    999.000      0.000      0.167
  Total indirect       0.000      0.000    999.000      0.000      0.167


Effects from NOBULLY to FLIT

  Total                0.000      0.000    999.000      0.000      0.167
  Total indirect       0.000      0.000    999.000      0.000      0.167


Effects from ESCS to FLIT

  Total                0.000      0.000    999.000      0.000      0.167
  Total indirect       0.000      0.000    999.000      0.000      0.167


Effects from IMMI2GEN to FLIT

  Total                0.000      0.000    999.000      0.000      0.167
  Total indirect       0.000      0.000    999.000      0.000      0.167


Effects from MALE to FLIT

  Total                0.000      0.000    999.000      0.000      0.167
  Total indirect       0.000      0.000    999.000      0.000      0.167



STANDARDIZED TOTAL, TOTAL INDIRECT, SPECIFIC INDIRECT, AND DIRECT EFFECTS


STDYX Standardization

                                                    Two-Tailed   Rate of
                    Estimate       S.E.  Est./S.E.    P-Value    Missing

WITHIN

Effects from FLSCHOOL to FLIT

  Total                0.004      0.028      0.124      0.901      0.205
  Total indirect       0.055      0.009      6.225      0.000      0.129

  Specific indirect 1
    FLIT
    FCFMLRTY
    FLSCHOOL           0.054      0.008      6.575      0.000      0.165

  Specific indirect 2
    FLIT
    FLCONFIN
    FLSCHOOL           0.001      0.005      0.200      0.841      0.292

  Direct
    FLIT
    FLSCHOOL          -0.052      0.030     -1.703      0.089      0.234


Effects from FLFAMILY to FLIT

  Total               -0.005      0.027     -0.187      0.852      0.254
  Total indirect       0.026      0.007      3.929      0.000      0.225

  Specific indirect 1
    FLIT
    FCFMLRTY
    FLFAMILY           0.025      0.006      4.244      0.000      0.147

  Specific indirect 2
    FLIT
    FLCONFIN
    FLFAMILY           0.001      0.004      0.189      0.850      0.294

  Direct
    FLIT
    FLFAMILY          -0.031      0.027     -1.119      0.263      0.315


Effects from NOBULLY to FLIT

  Total                0.044      0.023      1.939      0.052      0.260
  Total indirect       0.010      0.005      1.901      0.057      0.104

  Specific indirect 1
    FLIT
    FCFMLRTY
    NOBULLY            0.010      0.005      2.107      0.035      0.070

  Specific indirect 2
    FLIT
    FLCONFIN
    NOBULLY            0.000      0.001     -0.230      0.818      0.298

  Direct
    FLIT
    NOBULLY            0.034      0.023      1.487      0.137      0.289


Effects from ESCS to FLIT

  Total                0.094      0.032      2.942      0.003      0.340
  Total indirect       0.032      0.007      4.723      0.000      0.154

  Specific indirect 1
    FLIT
    FCFMLRTY
    ESCS               0.031      0.006      4.839      0.000      0.125

  Specific indirect 2
    FLIT
    FLCONFIN
    ESCS               0.001      0.003      0.197      0.844      0.303

  Direct
    FLIT
    ESCS               0.062      0.032      1.949      0.051      0.341


Effects from IMMI2GEN to FLIT

  Total               -0.004      0.005     -0.789      0.430      0.484
  Total indirect      -0.004      0.005     -0.789      0.430      0.484

  Specific indirect 1
    FLIT
    FCFMLRTY
    IMMI2GEN          -0.004      0.005     -0.789      0.430      0.502

  Specific indirect 2
    FLIT
    FLCONFIN
    IMMI2GEN           0.000      0.000      0.083      0.934      0.258


Effects from MALE to FLIT

  Total               -0.006      0.005     -1.148      0.251      0.095
  Total indirect      -0.006      0.005     -1.148      0.251      0.095

  Specific indirect 1
    FLIT
    FCFMLRTY
    MALE              -0.006      0.004     -1.401      0.161      0.066

  Specific indirect 2
    FLIT
    FLCONFIN
    MALE               0.000      0.002      0.203      0.839      0.283


BETWEEN

Effects from FLSCHOOL to FLIT

  Total                0.000      0.000      0.000      1.000      0.167
  Total indirect       0.000      0.000      0.000      1.000      0.167


Effects from FLFAMILY to FLIT

  Total                0.000      0.000      0.000      1.000      0.167
  Total indirect       0.000      0.000      0.000      1.000      0.167


Effects from NOBULLY to FLIT

  Total                0.000      0.000      0.000      1.000      0.167
  Total indirect       0.000      0.000      0.000      1.000      0.167


Effects from ESCS to FLIT

  Total                0.000      0.000      0.000      1.000      0.167
  Total indirect       0.000      0.000      0.000      1.000      0.167


Effects from IMMI2GEN to FLIT

  Total                0.000      0.000      0.000      1.000      0.167
  Total indirect       0.000      0.000      0.000      1.000      0.167


Effects from MALE to FLIT

  Total                0.000      0.000      0.000      1.000      0.167
  Total indirect       0.000      0.000      0.000      1.000      0.167




TECHNICAL 1 OUTPUT


     PARAMETER SPECIFICATION FOR WITHIN


           NU
              FLIT          FLSCHOOL      NOBULLY       FLFAMILY      FCFMLRTY
              ________      ________      ________      ________      ________
                    0             0             0             0             0


           NU
              FLCONFIN      IMMI1GEN      IMMI2GEN      ESCS          MALE
              ________      ________      ________      ________      ________
                    0             0             0             0             0


           LAMBDA
              FLIT          FLSCHOOL      NOBULLY       FLFAMILY      FCFMLRTY
              ________      ________      ________      ________      ________
 FLIT               0             0             0             0             0
 FLSCHOOL           0             0             0             0             0
 NOBULLY            0             0             0             0             0
 FLFAMILY           0             0             0             0             0
 FCFMLRTY           0             0             0             0             0
 FLCONFIN           0             0             0             0             0
 IMMI1GEN           0             0             0             0             0
 IMMI2GEN           0             0             0             0             0
 ESCS               0             0             0             0             0
 MALE               0             0             0             0             0


           LAMBDA
              FLCONFIN      IMMI1GEN      IMMI2GEN      ESCS          MALE
              ________      ________      ________      ________      ________
 FLIT               0             0             0             0             0
 FLSCHOOL           0             0             0             0             0
 NOBULLY            0             0             0             0             0
 FLFAMILY           0             0             0             0             0
 FCFMLRTY           0             0             0             0             0
 FLCONFIN           0             0             0             0             0
 IMMI1GEN           0             0             0             0             0
 IMMI2GEN           0             0             0             0             0
 ESCS               0             0             0             0             0
 MALE               0             0             0             0             0


           THETA
              FLIT          FLSCHOOL      NOBULLY       FLFAMILY      FCFMLRTY
              ________      ________      ________      ________      ________
 FLIT               0
 FLSCHOOL           0             0
 NOBULLY            0             0             0
 FLFAMILY           0             0             0             0
 FCFMLRTY           0             0             0             0             0
 FLCONFIN           0             0             0             0             0
 IMMI1GEN           0             0             0             0             0
 IMMI2GEN           0             0             0             0             0
 ESCS               0             0             0             0             0
 MALE               0             0             0             0             0


           THETA
              FLCONFIN      IMMI1GEN      IMMI2GEN      ESCS          MALE
              ________      ________      ________      ________      ________
 FLCONFIN           0
 IMMI1GEN           0             0
 IMMI2GEN           0             0             0
 ESCS               0             0             0             0
 MALE               0             0             0             0             0


           ALPHA
              FLIT          FLSCHOOL      NOBULLY       FLFAMILY      FCFMLRTY
              ________      ________      ________      ________      ________
                    0             0             0             0             1


           ALPHA
              FLCONFIN      IMMI1GEN      IMMI2GEN      ESCS          MALE
              ________      ________      ________      ________      ________
                    2             3             4             5             0


           BETA
              FLIT          FLSCHOOL      NOBULLY       FLFAMILY      FCFMLRTY
              ________      ________      ________      ________      ________
 FLIT               0             6             7             8             9
 FLSCHOOL           0             0             0             0             0
 NOBULLY            0             0             0             0             0
 FLFAMILY           0             0             0             0             0
 FCFMLRTY           0            13            14            15             0
 FLCONFIN           0            19            20            21             0
 IMMI1GEN           0             0             0             0             0
 IMMI2GEN           0             0             0             0             0
 ESCS               0             0             0             0             0
 MALE               0             0             0             0             0


           BETA
              FLCONFIN      IMMI1GEN      IMMI2GEN      ESCS          MALE
              ________      ________      ________      ________      ________
 FLIT              10            11             0            12             0
 FLSCHOOL           0             0             0             0             0
 NOBULLY            0             0             0             0             0
 FLFAMILY           0             0             0             0             0
 FCFMLRTY           0             0            16            17            18
 FLCONFIN           0             0            22            23            24
 IMMI1GEN           0             0             0             0             0
 IMMI2GEN           0             0             0             0             0
 ESCS               0             0             0             0             0
 MALE               0             0             0             0             0


           PSI
              FLIT          FLSCHOOL      NOBULLY       FLFAMILY      FCFMLRTY
              ________      ________      ________      ________      ________
 FLIT              25
 FLSCHOOL           0            26
 NOBULLY            0            27            28
 FLFAMILY           0            29            30            31
 FCFMLRTY           0             0             0             0            32
 FLCONFIN           0             0             0             0            33
 IMMI1GEN           0             0             0             0             0
 IMMI2GEN           0             0             0             0             0
 ESCS               0            37             0            38             0
 MALE               0             0             0             0             0


           PSI
              FLCONFIN      IMMI1GEN      IMMI2GEN      ESCS          MALE
              ________      ________      ________      ________      ________
 FLCONFIN          34
 IMMI1GEN           0            35
 IMMI2GEN           0             0            36
 ESCS               0            39            40            41
 MALE               0             0             0             0             0


     PARAMETER SPECIFICATION FOR BETWEEN


           NU
              EDUSHORT      STRATIO       FLIT          FLSCHOOL      NOBULLY
              ________      ________      ________      ________      ________
                    0             0             0             0             0


           NU
              FLFAMILY
              ________
                    0


           LAMBDA
              EDUSHORT      STRATIO       FLIT          FLSCHOOL      NOBULLY
              ________      ________      ________      ________      ________
 EDUSHORT           0             0             0             0             0
 STRATIO            0             0             0             0             0
 FLIT               0             0             0             0             0
 FLSCHOOL           0             0             0             0             0
 NOBULLY            0             0             0             0             0
 FLFAMILY           0             0             0             0             0


           LAMBDA
              FLFAMILY
              ________
 EDUSHORT           0
 STRATIO            0
 FLIT               0
 FLSCHOOL           0
 NOBULLY            0
 FLFAMILY           0


           THETA
              EDUSHORT      STRATIO       FLIT          FLSCHOOL      NOBULLY
              ________      ________      ________      ________      ________
 EDUSHORT           0
 STRATIO            0             0
 FLIT               0             0             0
 FLSCHOOL           0             0             0             0
 NOBULLY            0             0             0             0             0
 FLFAMILY           0             0             0             0             0


           THETA
              FLFAMILY
              ________
 FLFAMILY           0


           ALPHA
              EDUSHORT      STRATIO       FLIT          FLSCHOOL      NOBULLY
              ________      ________      ________      ________      ________
                   42            43            44            45            46


           ALPHA
              FLFAMILY
              ________
                   47


           BETA
              EDUSHORT      STRATIO       FLIT          FLSCHOOL      NOBULLY
              ________      ________      ________      ________      ________
 EDUSHORT           0             0             0             0             0
 STRATIO            0             0             0             0             0
 FLIT               0             0             0             0             0
 FLSCHOOL           0             0             0             0             0
 NOBULLY            0             0             0             0             0
 FLFAMILY           0             0             0             0             0


           BETA
              FLFAMILY
              ________
 EDUSHORT           0
 STRATIO            0
 FLIT               0
 FLSCHOOL           0
 NOBULLY            0
 FLFAMILY           0


           PSI
              EDUSHORT      STRATIO       FLIT          FLSCHOOL      NOBULLY
              ________      ________      ________      ________      ________
 EDUSHORT          48
 STRATIO           49            50
 FLIT              51            52            53
 FLSCHOOL          54            55            56            57
 NOBULLY           58            59            60            61            62
 FLFAMILY          63            64            65            66            67


           PSI
              FLFAMILY
              ________
 FLFAMILY          68


     STARTING VALUES FOR WITHIN


           NU
              FLIT          FLSCHOOL      NOBULLY       FLFAMILY      FCFMLRTY
              ________      ________      ________      ________      ________
                0.000         0.000         0.000         0.000         0.000


           NU
              FLCONFIN      IMMI1GEN      IMMI2GEN      ESCS          MALE
              ________      ________      ________      ________      ________
                0.000         0.000         0.000         0.000         0.000


           LAMBDA
              FLIT          FLSCHOOL      NOBULLY       FLFAMILY      FCFMLRTY
              ________      ________      ________      ________      ________
 FLIT           1.000         0.000         0.000         0.000         0.000
 FLSCHOOL       0.000         1.000         0.000         0.000         0.000
 NOBULLY        0.000         0.000         1.000         0.000         0.000
 FLFAMILY       0.000         0.000         0.000         1.000         0.000
 FCFMLRTY       0.000         0.000         0.000         0.000         1.000
 FLCONFIN       0.000         0.000         0.000         0.000         0.000
 IMMI1GEN       0.000         0.000         0.000         0.000         0.000
 IMMI2GEN       0.000         0.000         0.000         0.000         0.000
 ESCS           0.000         0.000         0.000         0.000         0.000
 MALE           0.000         0.000         0.000         0.000         0.000


           LAMBDA
              FLCONFIN      IMMI1GEN      IMMI2GEN      ESCS          MALE
              ________      ________      ________      ________      ________
 FLIT           0.000         0.000         0.000         0.000         0.000
 FLSCHOOL       0.000         0.000         0.000         0.000         0.000
 NOBULLY        0.000         0.000         0.000         0.000         0.000
 FLFAMILY       0.000         0.000         0.000         0.000         0.000
 FCFMLRTY       0.000         0.000         0.000         0.000         0.000
 FLCONFIN       1.000         0.000         0.000         0.000         0.000
 IMMI1GEN       0.000         1.000         0.000         0.000         0.000
 IMMI2GEN       0.000         0.000         1.000         0.000         0.000
 ESCS           0.000         0.000         0.000         1.000         0.000
 MALE           0.000         0.000         0.000         0.000         1.000


           THETA
              FLIT          FLSCHOOL      NOBULLY       FLFAMILY      FCFMLRTY
              ________      ________      ________      ________      ________
 FLIT           0.000
 FLSCHOOL       0.000         0.000
 NOBULLY        0.000         0.000         0.000
 FLFAMILY       0.000         0.000         0.000         0.000
 FCFMLRTY       0.000         0.000         0.000         0.000         0.000
 FLCONFIN       0.000         0.000         0.000         0.000         0.000
 IMMI1GEN       0.000         0.000         0.000         0.000         0.000
 IMMI2GEN       0.000         0.000         0.000         0.000         0.000
 ESCS           0.000         0.000         0.000         0.000         0.000
 MALE           0.000         0.000         0.000         0.000         0.000


           THETA
              FLCONFIN      IMMI1GEN      IMMI2GEN      ESCS          MALE
              ________      ________      ________      ________      ________
 FLCONFIN       0.000
 IMMI1GEN       0.000         0.000
 IMMI2GEN       0.000         0.000         0.000
 ESCS           0.000         0.000         0.000         0.000
 MALE           0.000         0.000         0.000         0.000         0.000


           ALPHA
              FLIT          FLSCHOOL      NOBULLY       FLFAMILY      FCFMLRTY
              ________      ________      ________      ________      ________
                0.000         0.000         0.000         0.000         5.845


           ALPHA
              FLCONFIN      IMMI1GEN      IMMI2GEN      ESCS          MALE
              ________      ________      ________      ________      ________
               -0.026         0.003         0.002        -1.360         0.000


           BETA
              FLIT          FLSCHOOL      NOBULLY       FLFAMILY      FCFMLRTY
              ________      ________      ________      ________      ________
 FLIT           0.000         0.000         0.000         0.000         0.000
 FLSCHOOL       0.000         0.000         0.000         0.000         0.000
 NOBULLY        0.000         0.000         0.000         0.000         0.000
 FLFAMILY       0.000         0.000         0.000         0.000         0.000
 FCFMLRTY       0.000         0.000         0.000         0.000         0.000
 FLCONFIN       0.000         0.000         0.000         0.000         0.000
 IMMI1GEN       0.000         0.000         0.000         0.000         0.000
 IMMI2GEN       0.000         0.000         0.000         0.000         0.000
 ESCS           0.000         0.000         0.000         0.000         0.000
 MALE           0.000         0.000         0.000         0.000         0.000


           BETA
              FLCONFIN      IMMI1GEN      IMMI2GEN      ESCS          MALE
              ________      ________      ________      ________      ________
 FLIT           0.000         0.000         0.000         0.000         0.000
 FLSCHOOL       0.000         0.000         0.000         0.000         0.000
 NOBULLY        0.000         0.000         0.000         0.000         0.000
 FLFAMILY       0.000         0.000         0.000         0.000         0.000
 FCFMLRTY       0.000         0.000         0.000         0.000         0.000
 FLCONFIN       0.000         0.000         0.000         0.000         0.000
 IMMI1GEN       0.000         0.000         0.000         0.000         0.000
 IMMI2GEN       0.000         0.000         0.000         0.000         0.000
 ESCS           0.000         0.000         0.000         0.000         0.000
 MALE           0.000         0.000         0.000         0.000         0.000


           PSI
              FLIT          FLSCHOOL      NOBULLY       FLFAMILY      FCFMLRTY
              ________      ________      ________      ________      ________
 FLIT        3799.592
 FLSCHOOL       0.000         0.465
 NOBULLY        0.000         0.000         0.627
 FLFAMILY       0.000         0.000         0.000         0.525
 FCFMLRTY       0.000         0.000         0.000         0.000        14.441
 FLCONFIN       0.000         0.000         0.000         0.000         0.000
 IMMI1GEN       0.000         0.000         0.000         0.000         0.000
 IMMI2GEN       0.000         0.000         0.000         0.000         0.000
 ESCS           0.000         0.000         0.000         0.000         0.000
 MALE           0.000         0.000         0.000         0.000         0.000


           PSI
              FLCONFIN      IMMI1GEN      IMMI2GEN      ESCS          MALE
              ________      ________      ________      ________      ________
 FLCONFIN       0.403
 IMMI1GEN       0.000         0.001
 IMMI2GEN       0.000         0.000         0.001
 ESCS           0.000         0.000         0.000         0.634
 MALE           0.000         0.000         0.000         0.000         0.125


     STARTING VALUES FOR BETWEEN


           NU
              EDUSHORT      STRATIO       FLIT          FLSCHOOL      NOBULLY
              ________      ________      ________      ________      ________
                0.000         0.000         0.000         0.000         0.000


           NU
              FLFAMILY
              ________
                0.000


           LAMBDA
              EDUSHORT      STRATIO       FLIT          FLSCHOOL      NOBULLY
              ________      ________      ________      ________      ________
 EDUSHORT       1.000         0.000         0.000         0.000         0.000
 STRATIO        0.000         1.000         0.000         0.000         0.000
 FLIT           0.000         0.000         1.000         0.000         0.000
 FLSCHOOL       0.000         0.000         0.000         1.000         0.000
 NOBULLY        0.000         0.000         0.000         0.000         1.000
 FLFAMILY       0.000         0.000         0.000         0.000         0.000


           LAMBDA
              FLFAMILY
              ________
 EDUSHORT       0.000
 STRATIO        0.000
 FLIT           0.000
 FLSCHOOL       0.000
 NOBULLY        0.000
 FLFAMILY       1.000


           THETA
              EDUSHORT      STRATIO       FLIT          FLSCHOOL      NOBULLY
              ________      ________      ________      ________      ________
 EDUSHORT       0.000
 STRATIO        0.000         0.000
 FLIT           0.000         0.000         0.000
 FLSCHOOL       0.000         0.000         0.000         0.000
 NOBULLY        0.000         0.000         0.000         0.000         0.000
 FLFAMILY       0.000         0.000         0.000         0.000         0.000


           THETA
              FLFAMILY
              ________
 FLFAMILY       0.000


           ALPHA
              EDUSHORT      STRATIO       FLIT          FLSCHOOL      NOBULLY
              ________      ________      ________      ________      ________
                0.532        17.463       412.830         0.495        -0.322


           ALPHA
              FLFAMILY
              ________
                0.156


           BETA
              EDUSHORT      STRATIO       FLIT          FLSCHOOL      NOBULLY
              ________      ________      ________      ________      ________
 EDUSHORT       0.000         0.000         0.000         0.000         0.000
 STRATIO        0.000         0.000         0.000         0.000         0.000
 FLIT           0.000         0.000         0.000         0.000         0.000
 FLSCHOOL       0.000         0.000         0.000         0.000         0.000
 NOBULLY        0.000         0.000         0.000         0.000         0.000
 FLFAMILY       0.000         0.000         0.000         0.000         0.000


           BETA
              FLFAMILY
              ________
 EDUSHORT       0.000
 STRATIO        0.000
 FLIT           0.000
 FLSCHOOL       0.000
 NOBULLY        0.000
 FLFAMILY       0.000


           PSI
              EDUSHORT      STRATIO       FLIT          FLSCHOOL      NOBULLY
              ________      ________      ________      ________      ________
 EDUSHORT       0.745
 STRATIO        0.000        33.533
 FLIT           0.000         0.000      3799.592
 FLSCHOOL       0.000         0.000         0.000         0.465
 NOBULLY        0.000         0.000         0.000         0.000         0.627
 FLFAMILY       0.000         0.000         0.000         0.000         0.000


           PSI
              FLFAMILY
              ________
 FLFAMILY       0.525


     Beginning Time:  17:57:21
        Ending Time:  18:04:38
       Elapsed Time:  00:07:17



MUTHEN & MUTHEN
3463 Stoner Ave.
Los Angeles, CA  90066

Tel: (310) 391-9971
Fax: (310) 391-8971
Web: www.StatModel.com
Support: Support@StatModel.com

Copyright (c) 1998-2019 Muthen & Muthen
