Mplus VERSION 8.3
MUTHEN & MUTHEN
02/23/2021   9:52 PM

INPUT INSTRUCTIONS


  TITLE:
      Two-level structured model 100

  DATA:
      file = "C:\Users\tctan\implist.dat";

      type = imputation;


  VARIABLE:
      names =
          FKI CNTRYID CNTSCHID W_STU
          MATH READ FLIT                      ! PISA achievement variables
          MALE IMMI1GEN IMMI2GEN ESCS         ! Demographic info
          FCFMLRTY FLCONFIN                   ! Affect
          FLSCHOOL                            !   Lat var "Academic"
          NOBULLY                             !   Lat var "Safety"
          FLFAMILY                            !   Lat var "Community"
          W_SCH STRATIO                       ! School character
          EDUSHORT                            !   Lat var "inst. env."
          ;

      useobs = CNTRYID eq 100;          ! Pull out one country at a time

      usevar =
          FLIT                                ! PISA achievement variables
          FLSCHOOL                            !   Lat var "Academic"
          NOBULLY                             !   Lat var "Safety"
          FLFAMILY                            !   Lat var "Community"
          EDUSHORT STRATIO                    !   Lat var "Inst env"
          FCFMLRTY FLCONFIN                   ! Affect
          MALE IMMI1GEN IMMI2GEN ESCS         ! Demographic info
          ;

      ! Vars that ONLY appear in L1
      within =
          FCFMLRTY FLCONFIN                   ! Affective vars
          MALE IMMI1GEN IMMI2GEN ESCS         ! L1 control vars
          ;

      ! Vars that ONLY appear in L2
      between =
          EDUSHORT STRATIO                    ! L2: school
          ;

      weight = W_STU;                         ! Student weight
      wtscale = cluster;                      ! Scale L1 weight to cluster size
      bweight = W_SCH;                        ! School weight
      bwtscale = sample;                      ! Scale L2 weight to sample

      cluster = CNTSCHID;                     ! Cluster by school ID


  ANALYSIS:
      processors = 4;

      type = twolevel;


  MODEL:

  %Within%                                    ! === L1: Student-level ===

      ! Indirect pathways (1st half): school climate vars onto mediators
          ! Onto mediator FAMILIARITY
      FCFMLRTY on
          FLSCHOOL NOBULLY FLFAMILY
          MALE IMMI2GEN ESCS
          ;
          ! Onto mediator CONFIDENCE
      FLCONFIN on
          FLSCHOOL NOBULLY FLFAMILY
          MALE IMMI2GEN ESCS
          ;

      ! Total effect
      FLIT on
          ! Direct pathways: school climate vars onto financial literacy
          FLSCHOOL NOBULLY FLFAMILY
          ! Indirect pathways (2nd half): affective vars onto financial literacy
          FCFMLRTY FLCONFIN
          ! Control vars (demographic info)
          IMMI1GEN ESCS
          ;

      ! Covariances
          ! Between school climate vars
      FLSCHOOL with NOBULLY;
      FLSCHOOL with FLFAMILY;
      NOBULLY with FLFAMILY;
          ! Between mediators
      FCFMLRTY with FLCONFIN;

      ! Covariances suggested by modification indices
          ! ESCS with FLSCHOOL
      ESCS with FLSCHOOL;
          ! ESCS with FLFAMILY
      ESCS with FLFAMILY;
          ! ESCS with IMMI1GEN and IMMI2GEN
      ESCS with IMMI1GEN IMMI2GEN;

  %Between%                                   ! === L2: School-level ===

      FLIT on
          FLSCHOOL NOBULLY FLFAMILY EDUSHORT  ! School climate variables
          STRATIO                             ! Control: Student-teacher ratio
          ;

      FLSCHOOL with NOBULLY;
      NOBULLY with FLFAMILY;
      FLFAMILY with EDUSHORT;

      FLSCHOOL with FLFAMILY;
      NOBULLY with EDUSHORT;

      FLSCHOOL with EDUSHORT;


  MODEL INDIRECT:

      ! Indirect effects
      FLIT ind FLSCHOOL;
      FLIT ind NOBULLY;
      FLIT ind FLFAMILY;


  OUTPUT:
      stdyx                                   ! Fully standardised solution
      ;



INPUT READING TERMINATED NORMALLY




Two-level structured model 100

SUMMARY OF ANALYSIS

Number of groups                                                 1
Average number of observations                                4110

Number of replications
    Requested                                                   10
    Completed                                                   10

Number of dependent variables                                    3
Number of independent variables                                  9
Number of continuous latent variables                            0

Observed dependent variables

  Continuous
   FLIT        FCFMLRTY    FLCONFIN

Observed independent variables
   FLSCHOOL    NOBULLY     FLFAMILY    EDUSHORT    STRATIO     MALE
   IMMI1GEN    IMMI2GEN    ESCS

Variables with special functions

  Cluster variable      CNTSCHID
  Weight variable (cluster-size scaling)
    W_STU
  Between weight variable (sample-size scaling)
    W_SCH

  Within variables
   FCFMLRTY    FLCONFIN    MALE        IMMI1GEN    IMMI2GEN    ESCS

  Between variables
   EDUSHORT    STRATIO


Estimator                                                      MLR
Information matrix                                        OBSERVED
Maximum number of iterations                                   100
Convergence criterion                                    0.100D-05
Maximum number of EM iterations                                500
Convergence criteria for the EM algorithm
  Loglikelihood change                                   0.100D-02
  Relative loglikelihood change                          0.100D-05
  Derivative                                             0.100D-03
Minimum variance                                         0.100D-03
Maximum number of steepest descent iterations                   20
Maximum number of iterations for H1                           2000
Convergence criterion for H1                             0.100D-03
Optimization algorithm                                         EMA

Input data file(s)
  Multiple data files from
    C:\Users\tctan\implist.dat
Input data format  FREE


SUMMARY OF DATA FOR THE FIRST DATA SET

     Number of clusters                        197

     Average cluster size       20.863

     Estimated Intraclass Correlations for the Y Variables

                Intraclass              Intraclass              Intraclass
     Variable  Correlation   Variable  Correlation   Variable  Correlation

     FLIT         0.383      FCFMLRTY     0.000      FLCONFIN     0.000
     FLSCHOOL     0.070      NOBULLY      0.016      FLFAMILY     0.008
     IMMI1GEN     0.000      IMMI2GEN     0.000      ESCS         0.000



SAMPLE STATISTICS

NOTE:  The sample statistics for within and between refer to the
       maximum-likelihood estimated within and between covariance
       matrices, respectively.

NOTE:  These are average results over 10 data sets.


     ESTIMATED SAMPLE STATISTICS FOR WITHIN


           Means
              EDUSHORT      FLIT          FCFMLRTY      FLCONFIN      FLSCHOOL
              ________      ________      ________      ________      ________
                0.000         0.000         5.199        -0.069         0.000


           Means
              NOBULLY       FLFAMILY      IMMI1GEN      IMMI2GEN      ESCS
              ________      ________      ________      ________      ________
                0.000         0.000         0.006         0.008        -0.192


           Means
              MALE          STRATIO
              ________      ________
                0.528         0.000


           Covariances
              EDUSHORT      FLIT          FCFMLRTY      FLCONFIN      FLSCHOOL
              ________      ________      ________      ________      ________
 EDUSHORT       0.000
 FLIT           0.000      5675.197
 FCFMLRTY       0.000        68.751        34.200
 FLCONFIN       0.000         9.725         1.792         1.121
 FLSCHOOL       0.000        -1.939         1.367         0.210         1.002
 NOBULLY        0.000         6.414         0.133        -0.025        -0.118
 FLFAMILY       0.000         4.311         0.972         0.239         0.196
 IMMI1GEN       0.000        -0.139        -0.004         0.000         0.001
 IMMI2GEN       0.000        -0.126        -0.002         0.000         0.001
 ESCS           0.000        12.540         0.861         0.131        -0.010
 MALE           0.000        -1.132        -0.100         0.054         0.022
 STRATIO        0.000         0.000         0.000         0.000         0.000


           Covariances
              NOBULLY       FLFAMILY      IMMI1GEN      IMMI2GEN      ESCS
              ________      ________      ________      ________      ________
 NOBULLY        1.267
 FLFAMILY      -0.002         1.225
 IMMI1GEN      -0.003         0.000         0.006
 IMMI2GEN       0.000        -0.002         0.000         0.008
 ESCS           0.000        -0.001         0.002         0.000         0.973
 MALE          -0.055        -0.051         0.002         0.001        -0.005
 STRATIO        0.000         0.000         0.000         0.000         0.000


           Covariances
              MALE          STRATIO
              ________      ________
 MALE           0.249
 STRATIO        0.000         0.000


           Correlations
              EDUSHORT      FLIT          FCFMLRTY      FLCONFIN      FLSCHOOL
              ________      ________      ________      ________      ________
 EDUSHORT       0.000
 FLIT           0.000         1.000
 FCFMLRTY       0.000         0.156         1.000
 FLCONFIN       0.000         0.122         0.289         1.000
 FLSCHOOL       0.000        -0.026         0.234         0.198         1.000
 NOBULLY        0.000         0.076         0.020        -0.021        -0.105
 FLFAMILY       0.000         0.052         0.150         0.204         0.177
 IMMI1GEN       0.000        -0.025        -0.009         0.004         0.013
 IMMI2GEN       0.000        -0.019        -0.005        -0.005         0.010
 ESCS           0.000         0.169         0.149         0.125        -0.010
 MALE           0.000        -0.030        -0.034         0.102         0.044
 STRATIO        0.000         0.000         0.000         0.000         0.000


           Correlations
              NOBULLY       FLFAMILY      IMMI1GEN      IMMI2GEN      ESCS
              ________      ________      ________      ________      ________
 NOBULLY        1.000
 FLFAMILY      -0.002         1.000
 IMMI1GEN      -0.031        -0.001         1.000
 IMMI2GEN       0.004        -0.023        -0.007         1.000
 ESCS           0.000        -0.001         0.030         0.001         1.000
 MALE          -0.098        -0.092         0.043         0.019        -0.010
 STRATIO        0.000         0.000         0.000         0.000         0.000


           Correlations
              MALE          STRATIO
              ________      ________
 MALE           1.000
 STRATIO        0.000         0.000


     ESTIMATED SAMPLE STATISTICS FOR BETWEEN


           Means
              EDUSHORT      FLIT          FCFMLRTY      FLCONFIN      FLSCHOOL
              ________      ________      ________      ________      ________
               -0.358       434.711         0.000         0.000        -0.196


           Means
              NOBULLY       FLFAMILY      IMMI1GEN      IMMI2GEN      ESCS
              ________      ________      ________      ________      ________
               -0.144         0.244         0.000         0.000         0.000


           Means
              MALE          STRATIO
              ________      ________
                0.000        12.272


           Covariances
              EDUSHORT      FLIT          FCFMLRTY      FLCONFIN      FLSCHOOL
              ________      ________      ________      ________      ________
 EDUSHORT       0.840
 FLIT          -0.613      3563.878
 FCFMLRTY       0.000         0.000         0.000
 FLCONFIN       0.000         0.000         0.000         0.000
 FLSCHOOL       0.026        -9.976         0.000         0.000         0.074
 NOBULLY       -0.009         5.504         0.000         0.000        -0.022
 FLFAMILY       0.011         4.499         0.000         0.000        -0.012
 IMMI1GEN       0.000         0.000         0.000         0.000         0.000
 IMMI2GEN       0.000         0.000         0.000         0.000         0.000
 ESCS           0.000         0.000         0.000         0.000         0.000
 MALE           0.000         0.000         0.000         0.000         0.000
 STRATIO       -0.036        46.194         0.000         0.000        -0.164


           Covariances
              NOBULLY       FLFAMILY      IMMI1GEN      IMMI2GEN      ESCS
              ________      ________      ________      ________      ________
 NOBULLY        0.022
 FLFAMILY       0.002         0.015
 IMMI1GEN       0.000         0.000         0.000
 IMMI2GEN       0.000         0.000         0.000         0.000
 ESCS           0.000         0.000         0.000         0.000         0.000
 MALE           0.000         0.000         0.000         0.000         0.000
 STRATIO        0.166         0.036         0.000         0.000         0.000


           Covariances
              MALE          STRATIO
              ________      ________
 MALE           0.000
 STRATIO        0.000        15.575


           Correlations
              EDUSHORT      FLIT          FCFMLRTY      FLCONFIN      FLSCHOOL
              ________      ________      ________      ________      ________
 EDUSHORT       1.000
 FLIT          -0.011         1.000
 FCFMLRTY       0.000         0.000         0.000
 FLCONFIN       0.000         0.000         0.000         0.000
 FLSCHOOL       0.106        -0.614         0.000         0.000         1.000
 NOBULLY       -0.064         0.627         0.000         0.000        -0.548
 FLFAMILY       0.094         0.606         0.000         0.000        -0.343
 IMMI1GEN       0.000         0.000         0.000         0.000         0.000
 IMMI2GEN       0.000         0.000         0.000         0.000         0.000
 ESCS           0.000         0.000         0.000         0.000         0.000
 MALE           0.000         0.000         0.000         0.000         0.000
 STRATIO       -0.010         0.196         0.000         0.000        -0.152


           Correlations
              NOBULLY       FLFAMILY      IMMI1GEN      IMMI2GEN      ESCS
              ________      ________      ________      ________      ________
 NOBULLY        1.000
 FLFAMILY       0.133         1.000
 IMMI1GEN       0.000         0.000         0.000
 IMMI2GEN       0.000         0.000         0.000         0.000
 ESCS           0.000         0.000         0.000         0.000         0.000
 MALE           0.000         0.000         0.000         0.000         0.000
 STRATIO        0.285         0.073         0.000         0.000         0.000


           Correlations
              MALE          STRATIO
              ________      ________
 MALE           0.000
 STRATIO        0.000         1.000




MODEL FIT INFORMATION

Number of Free Parameters                       62

Loglikelihood

    H0 Value

        Mean                            -57802.370
        Std Dev                            251.809
        Number of successful computations       10

             Proportions                   Percentiles
        Expected    Observed         Expected       Observed
           0.990       1.000       -58388.153     -58133.307
           0.980       1.000       -58319.509     -58133.307
           0.950       1.000       -58216.570     -58133.307
           0.900       0.800       -58125.088     -58133.307
           0.800       0.700       -58014.292     -58133.307
           0.700       0.600       -57934.418     -58099.868
           0.500       0.600       -57802.370     -57736.702
           0.300       0.400       -57670.321     -57655.596
           0.200       0.200       -57590.448     -57610.430
           0.100       0.100       -57479.652     -57539.333
           0.050       0.000       -57388.170     -57539.333
           0.020       0.000       -57285.230     -57539.333
           0.010       0.000       -57216.587     -57539.333

    H1 Value

        Mean                            -57744.793
        Std Dev                            251.141
        Number of successful computations       10

             Proportions                   Percentiles
        Expected    Observed         Expected       Observed
           0.990       1.000       -58329.023     -58075.205
           0.980       1.000       -58260.562     -58075.205
           0.950       1.000       -58157.895     -58075.205
           0.900       0.800       -58066.655     -58075.205
           0.800       0.700       -57956.153     -58075.205
           0.700       0.600       -57876.491     -58042.800
           0.500       0.600       -57744.793     -57679.701
           0.300       0.400       -57613.094     -57593.957
           0.200       0.200       -57533.432     -57553.142
           0.100       0.100       -57422.930     -57481.258
           0.050       0.000       -57331.690     -57481.258
           0.020       0.000       -57229.024     -57481.258
           0.010       0.000       -57160.563     -57481.258

Information Criteria

    Akaike (AIC)

        Mean                            115728.740
        Std Dev                            503.618
        Number of successful computations       10

             Proportions                   Percentiles
        Expected    Observed         Expected       Observed
           0.990       1.000       114557.174     114964.016
           0.980       1.000       114694.460     114964.016
           0.950       1.000       114900.339     114964.016
           0.900       0.900       115083.303     114964.016
           0.800       0.800       115304.895     114964.016
           0.700       0.600       115464.643     115344.860
           0.500       0.400       115728.740     115516.541
           0.300       0.400       115992.837     116132.794
           0.200       0.300       116152.584     116323.737
           0.100       0.200       116374.176     116379.571
           0.050       0.000       116557.140     116379.571
           0.020       0.000       116763.019     116379.571
           0.010       0.000       116900.305     116379.571

    Bayesian (BIC)

        Mean                            116120.653
        Std Dev                            503.618
        Number of successful computations       10

             Proportions                   Percentiles
        Expected    Observed         Expected       Observed
           0.990       1.000       114949.087     115355.929
           0.980       1.000       115086.373     115355.929
           0.950       1.000       115292.252     115355.929
           0.900       0.900       115475.216     115355.929
           0.800       0.800       115696.808     115355.929
           0.700       0.600       115856.556     115736.773
           0.500       0.400       116120.653     115908.454
           0.300       0.400       116384.750     116524.707
           0.200       0.300       116544.497     116715.650
           0.100       0.200       116766.089     116771.484
           0.050       0.000       116949.053     116771.484
           0.020       0.000       117154.932     116771.484
           0.010       0.000       117292.218     116771.484

    Sample-Size Adjusted BIC (n* = (n + 2) / 24)

        Mean                            115923.643
        Std Dev                            503.618
        Number of successful computations       10

             Proportions                   Percentiles
        Expected    Observed         Expected       Observed
           0.990       1.000       114752.078     115158.920
           0.980       1.000       114889.364     115158.920
           0.950       1.000       115095.243     115158.920
           0.900       0.900       115278.207     115158.920
           0.800       0.800       115499.799     115158.920
           0.700       0.600       115659.546     115539.764
           0.500       0.400       115923.643     115711.445
           0.300       0.400       116187.740     116327.697
           0.200       0.300       116347.488     116518.641
           0.100       0.200       116569.080     116574.474
           0.050       0.000       116752.044     116574.474
           0.020       0.000       116957.923     116574.474
           0.010       0.000       117095.209     116574.474

Chi-Square Test of Model Fit

        Degrees of freedom                      22

        Mean                               125.247
        Std Dev                              6.420
        Number of successful computations       10

             Proportions                   Percentiles
        Expected    Observed         Expected       Observed
           0.990       1.000            9.542        114.726
           0.980       1.000           10.600        114.726
           0.950       1.000           12.338        114.726
           0.900       1.000           14.041        114.726
           0.800       1.000           16.314        114.726
           0.700       1.000           18.101        121.002
           0.500       1.000           21.337        125.299
           0.300       1.000           24.939        127.192
           0.200       1.000           27.301        131.490
           0.100       1.000           30.813        132.575
           0.050       1.000           33.924        132.575
           0.020       1.000           37.659        132.575
           0.010       1.000           40.289        132.575

RMSEA (Root Mean Square Error Of Approximation)

        Mean                                 0.034
        Std Dev                              0.001
        Number of successful computations       10

             Proportions                   Percentiles
        Expected    Observed         Expected       Observed
           0.990       1.000            0.031          0.032
           0.980       1.000            0.032          0.032
           0.950       0.900            0.032          0.032
           0.900       0.800            0.032          0.032
           0.800       0.800            0.033          0.032
           0.700       0.600            0.033          0.033
           0.500       0.600            0.034          0.034
           0.300       0.300            0.034          0.034
           0.200       0.300            0.035          0.035
           0.100       0.100            0.035          0.035
           0.050       0.000            0.036          0.035
           0.020       0.000            0.036          0.035
           0.010       0.000            0.036          0.035

CFI/TLI

    CFI

        Mean                                 0.931
        Std Dev                              0.004
        Number of successful computations       10

             Proportions                   Percentiles
        Expected    Observed         Expected       Observed
           0.990       1.000            0.921          0.924
           0.980       1.000            0.922          0.924
           0.950       1.000            0.924          0.924
           0.900       0.900            0.926          0.924
           0.800       0.700            0.927          0.924
           0.700       0.700            0.929          0.927
           0.500       0.500            0.931          0.930
           0.300       0.300            0.933          0.931
           0.200       0.300            0.934          0.934
           0.100       0.200            0.936          0.936
           0.050       0.100            0.938          0.936
           0.020       0.000            0.939          0.936
           0.010       0.000            0.940          0.936

    TLI

        Mean                                 0.811
        Std Dev                              0.011
        Number of successful computations       10

             Proportions                   Percentiles
        Expected    Observed         Expected       Observed
           0.990       1.000            0.785          0.794
           0.980       1.000            0.788          0.794
           0.950       1.000            0.793          0.794
           0.900       0.900            0.797          0.794
           0.800       0.700            0.802          0.794
           0.700       0.700            0.806          0.801
           0.500       0.500            0.811          0.810
           0.300       0.300            0.817          0.812
           0.200       0.300            0.821          0.821
           0.100       0.200            0.826          0.826
           0.050       0.100            0.830          0.826
           0.020       0.000            0.834          0.826
           0.010       0.000            0.838          0.826

SRMR (Standardized Root Mean Square Residual) for the WITHIN level

        Mean                                 0.022
        Std Dev                              0.001
        Number of successful computations       10

             Proportions                   Percentiles
        Expected    Observed         Expected       Observed
           0.990       1.000            0.020          0.020
           0.980       1.000            0.020          0.020
           0.950       0.900            0.021          0.020
           0.900       0.800            0.021          0.020
           0.800       0.800            0.021          0.020
           0.700       0.700            0.021          0.021
           0.500       0.600            0.022          0.022
           0.300       0.500            0.022          0.022
           0.200       0.300            0.022          0.022
           0.100       0.000            0.023          0.022
           0.050       0.000            0.023          0.022
           0.020       0.000            0.023          0.022
           0.010       0.000            0.023          0.022

SRMR (Standardized Root Mean Square Residual) for the BETWEEN level

        Mean                                 0.117
        Std Dev                              0.016
        Number of successful computations       10

             Proportions                   Percentiles
        Expected    Observed         Expected       Observed
           0.990       1.000            0.080          0.090
           0.980       1.000            0.085          0.090
           0.950       0.900            0.091          0.090
           0.900       0.800            0.097          0.090
           0.800       0.800            0.103          0.090
           0.700       0.700            0.108          0.106
           0.500       0.500            0.117          0.116
           0.300       0.300            0.125          0.123
           0.200       0.200            0.130          0.128
           0.100       0.100            0.137          0.136
           0.050       0.000            0.142          0.136
           0.020       0.000            0.149          0.136
           0.010       0.000            0.153          0.136



MODEL RESULTS

                                                    Two-Tailed   Rate of
                    Estimate       S.E.  Est./S.E.    P-Value    Missing

Within Level

 FCFMLRTY   ON
    FLSCHOOL           1.295      0.107     12.076      0.000      0.070
    NOBULLY            0.210      0.092      2.293      0.022      0.069
    FLFAMILY           0.569      0.091      6.287      0.000      0.070
    MALE              -0.328      0.195     -1.680      0.093      0.110
    IMMI2GEN          -0.275      1.187     -0.232      0.817      0.213
    ESCS               0.898      0.101      8.866      0.000      0.160

 FLCONFIN   ON
    FLSCHOOL           0.172      0.022      7.844      0.000      0.168
    NOBULLY            0.007      0.018      0.391      0.696      0.133
    FLFAMILY           0.177      0.017     10.313      0.000      0.138
    MALE               0.243      0.037      6.505      0.000      0.127
    IMMI2GEN          -0.063      0.244     -0.257      0.797      0.310
    ESCS               0.138      0.018      7.609      0.000      0.095

 FLIT       ON
    FLSCHOOL          -4.923      1.507     -3.266      0.001      0.270
    NOBULLY            4.450      1.275      3.490      0.000      0.319
    FLFAMILY           1.937      1.509      1.283      0.199      0.499
    FCFMLRTY           1.567      0.275      5.690      0.000      0.340
    FLCONFIN           5.547      1.367      4.057      0.000      0.310
    IMMI1GEN         -25.632     21.129     -1.213      0.225      0.255
    ESCS              10.599      1.861      5.695      0.000      0.225

 FLSCHOOL WITH
    NOBULLY           -0.117      0.023     -5.021      0.000      0.192
    FLFAMILY           0.197      0.021      9.228      0.000      0.109
    ESCS              -0.008      0.021     -0.389      0.697      0.085

 NOBULLY  WITH
    FLFAMILY          -0.004      0.026     -0.170      0.865      0.341

 FCFMLRTY WITH
    FLCONFIN           1.290      0.106     12.152      0.000      0.172

 ESCS     WITH
    FLFAMILY          -0.007      0.021     -0.330      0.742      0.176
    IMMI1GEN           0.002      0.002      1.415      0.157      0.293
    IMMI2GEN           0.000      0.002      0.058      0.954      0.268

 Means
    IMMI1GEN           0.006      0.001      4.114      0.000      0.143
    IMMI2GEN           0.008      0.002      5.230      0.000      0.157
    ESCS              -0.192      0.043     -4.425      0.000      0.009

 Intercepts
    FCFMLRTY           5.547      0.154     35.958      0.000      0.034
    FLCONFIN          -0.170      0.027     -6.309      0.000      0.177

 Variances
    FLSCHOOL           1.002      0.026     38.344      0.000      0.102
    NOBULLY            1.263      0.041     30.600      0.000      0.232
    FLFAMILY           1.225      0.030     40.356      0.000      0.162
    IMMI1GEN           0.006      0.001      4.137      0.000      0.143
    IMMI2GEN           0.008      0.001      5.273      0.000      0.157
    ESCS               0.973      0.050     19.389      0.000      0.004

 Residual Variances
    FLIT            5321.526    155.898     34.135      0.000      0.222
    FCFMLRTY          31.038      0.749     41.425      0.000      0.136
    FLCONFIN           1.012      0.027     37.638      0.000      0.215

Between Level

 FLIT       ON
    FLSCHOOL         -28.197    127.030     -0.222      0.824      0.191
    NOBULLY          136.424    153.651      0.888      0.375      0.184
    FLFAMILY         272.658    307.556      0.887      0.375      0.156
    EDUSHORT          -3.622     16.336     -0.222      0.825      0.228
    STRATIO            1.405      1.259      1.116      0.264      0.331

 FLSCHOOL WITH
    NOBULLY           -0.026      0.009     -2.888      0.004      0.153
    FLFAMILY          -0.015      0.008     -2.007      0.045      0.265
    EDUSHORT           0.026      0.024      1.079      0.281      0.123

 NOBULLY  WITH
    FLFAMILY           0.007      0.006      1.074      0.283      0.133
    EDUSHORT          -0.007      0.022     -0.331      0.741      0.248

 FLFAMILY WITH
    EDUSHORT           0.012      0.020      0.595      0.552      0.306

 Means
    EDUSHORT          -0.358      0.069     -5.184      0.000      0.045
    FLSCHOOL          -0.196      0.027     -7.347      0.000      0.036
    NOBULLY           -0.143      0.025     -5.849      0.000      0.177
    FLFAMILY           0.243      0.023     10.778      0.000      0.106

 Intercepts
    FLIT             358.200     57.437      6.236      0.000      0.122

 Variances
    EDUSHORT           0.840      0.084     10.030      0.000      0.172
    FLSCHOOL           0.077      0.014      5.472      0.000      0.132
    NOBULLY            0.029      0.010      2.894      0.004      0.237
    FLFAMILY           0.017      0.009      1.904      0.057      0.306

 Residual Variances
    FLIT             932.041    985.737      0.946      0.344      0.187


STANDARDIZED MODEL RESULTS


STDYX Standardization

                                                    Two-Tailed   Rate of
                    Estimate       S.E.  Est./S.E.    P-Value    Missing

Within Level

 FCFMLRTY   ON
    FLSCHOOL           0.222      0.018     12.242      0.000      0.069
    NOBULLY            0.040      0.018      2.289      0.022      0.074
    FLFAMILY           0.108      0.017      6.310      0.000      0.069
    MALE              -0.028      0.017     -1.676      0.094      0.110
    IMMI2GEN          -0.004      0.018     -0.225      0.822      0.212
    ESCS               0.152      0.017      8.664      0.000      0.163

 FLCONFIN   ON
    FLSCHOOL           0.162      0.020      8.074      0.000      0.127
    NOBULLY            0.007      0.019      0.391      0.696      0.134
    FLFAMILY           0.184      0.018     10.504      0.000      0.124
    MALE               0.114      0.018      6.519      0.000      0.123
    IMMI2GEN          -0.005      0.020     -0.245      0.807      0.303
    ESCS               0.129      0.018      7.138      0.000      0.072

 FLIT       ON
    FLSCHOOL          -0.065      0.020     -3.293      0.001      0.262
    NOBULLY            0.066      0.019      3.525      0.000      0.308
    FLFAMILY           0.028      0.022      1.286      0.198      0.498
    FCFMLRTY           0.122      0.021      5.861      0.000      0.332
    FLCONFIN           0.078      0.019      4.095      0.000      0.311
    IMMI1GEN          -0.025      0.021     -1.204      0.229      0.243
    ESCS               0.139      0.024      5.857      0.000      0.263

 FLSCHOOL WITH
    NOBULLY           -0.104      0.020     -5.101      0.000      0.181
    FLFAMILY           0.178      0.018      9.813      0.000      0.102
    ESCS              -0.008      0.022     -0.390      0.696      0.086

 NOBULLY  WITH
    FLFAMILY          -0.004      0.021     -0.170      0.865      0.341

 FCFMLRTY WITH
    FLCONFIN           0.230      0.018     13.017      0.000      0.155

 ESCS     WITH
    FLFAMILY          -0.006      0.019     -0.330      0.741      0.177
    IMMI1GEN           0.030      0.020      1.494      0.135      0.351
    IMMI2GEN           0.001      0.017      0.059      0.953      0.272

 Means
    IMMI1GEN           0.075      0.009      8.157      0.000      0.146
    IMMI2GEN           0.089      0.009     10.381      0.000      0.155
    ESCS              -0.194      0.042     -4.670      0.000      0.009

 Intercepts
    FCFMLRTY           0.949      0.024     39.222      0.000      0.046
    FLCONFIN          -0.160      0.025     -6.333      0.000      0.173

 Variances
    FLSCHOOL           1.000      0.000  *********      0.000      0.000
    NOBULLY            1.000      0.000  *********      0.000      0.000
    FLFAMILY           1.000      0.000  *********      0.000      0.000
    IMMI1GEN           1.000      0.000  *********      0.000      0.000
    IMMI2GEN           1.000      0.000  *********      0.000      0.000
    ESCS               1.000      0.000  *********      0.000      0.000

 Residual Variances
    FLIT               0.939      0.010     93.138      0.000      0.162
    FCFMLRTY           0.908      0.009     96.092      0.000      0.070
    FLCONFIN           0.900      0.011     83.634      0.000      0.150

Between Level

 FLIT       ON
    FLSCHOOL          -0.133      0.585     -0.227      0.820      0.194
    NOBULLY            0.382      0.398      0.959      0.338      0.179
    FLFAMILY           0.570      0.479      1.190      0.234      0.152
    EDUSHORT          -0.056      0.253     -0.220      0.826      0.223
    STRATIO            0.093      0.084      1.114      0.265      0.346

 FLSCHOOL WITH
    NOBULLY           -0.562      0.172     -3.271      0.001      0.138
    FLFAMILY          -0.435      0.243     -1.788      0.074      0.293
    EDUSHORT           0.103      0.095      1.088      0.276      0.106

 NOBULLY  WITH
    FLFAMILY           0.301      0.287      1.051      0.293      0.150
    EDUSHORT          -0.048      0.144     -0.333      0.740      0.249

 FLFAMILY WITH
    EDUSHORT           0.101      0.176      0.578      0.563      0.356

 Means
    EDUSHORT          -0.391      0.084     -4.636      0.000      0.053
    FLSCHOOL          -0.709      0.117     -6.051      0.000      0.088
    NOBULLY           -0.853      0.197     -4.318      0.000      0.202
    FLFAMILY           1.898      0.590      3.214      0.001      0.234

 Intercepts
    FLIT               6.018      1.042      5.775      0.000      0.110

 Variances
    EDUSHORT           1.000      0.000  *********      0.000      0.000
    FLSCHOOL           1.000      0.000  *********      0.000      0.000
    NOBULLY            1.000      0.000  *********      0.000      0.000
    FLFAMILY           1.000      0.000  *********      0.000      0.000

 Residual Variances
    FLIT               0.263      0.274      0.958      0.338      0.190


R-SQUARE

Within Level

    Observed                                        Two-Tailed   Rate of
    Variable        Estimate       S.E.  Est./S.E.    P-Value    Missing

    FLIT               0.061      0.010      6.030      0.000      0.162
    FCFMLRTY           0.092      0.009      9.756      0.000      0.070
    FLCONFIN           0.100      0.011      9.289      0.000      0.150

Between Level

    Observed                                        Two-Tailed   Rate of
    Variable        Estimate       S.E.  Est./S.E.    P-Value    Missing

    FLIT               0.737      0.274      2.689      0.007      0.190


QUALITY OF NUMERICAL RESULTS

     Average Condition Number for the Information Matrix     -0.371E-16
       (ratio of smallest to largest eigenvalue)


TOTAL, TOTAL INDIRECT, SPECIFIC INDIRECT, AND DIRECT EFFECTS


                                                    Two-Tailed   Rate of
                    Estimate       S.E.  Est./S.E.    P-Value    Missing

WITHIN

Effects from FLSCHOOL to FLIT

  Total               -1.941      1.485     -1.307      0.191      0.234
  Total indirect       2.982      0.464      6.429      0.000      0.266

  Specific indirect 1
    FLIT
    FCFMLRTY
    FLSCHOOL           2.032      0.402      5.057      0.000      0.332

  Specific indirect 2
    FLIT
    FLCONFIN
    FLSCHOOL           0.950      0.267      3.551      0.000      0.167

  Direct
    FLIT
    FLSCHOOL          -4.923      1.507     -3.266      0.001      0.270


Effects from NOBULLY to FLIT

  Total                4.818      1.280      3.764      0.000      0.311
  Total indirect       0.368      0.201      1.834      0.067      0.078

  Specific indirect 1
    FLIT
    FCFMLRTY
    NOBULLY            0.331      0.157      2.102      0.036      0.137

  Specific indirect 2
    FLIT
    FLCONFIN
    NOBULLY            0.037      0.099      0.374      0.708      0.120

  Direct
    FLIT
    NOBULLY            4.450      1.275      3.490      0.000      0.319


Effects from FLFAMILY to FLIT

  Total                3.809      1.531      2.488      0.013      0.498
  Total indirect       1.872      0.305      6.133      0.000      0.187

  Specific indirect 1
    FLIT
    FCFMLRTY
    FLFAMILY           0.892      0.210      4.246      0.000      0.216

  Specific indirect 2
    FLIT
    FLCONFIN
    FLFAMILY           0.980      0.255      3.838      0.000      0.284

  Direct
    FLIT
    FLFAMILY           1.937      1.509      1.283      0.199      0.499


BETWEEN

Effects from FLSCHOOL to FLIT

  Total              -28.197    127.030     -0.222      0.824      0.191
  Total indirect       0.000      0.000      0.307      0.759      0.167

  Direct
    FLIT
    FLSCHOOL         -28.197    127.030     -0.222      0.824      0.191


Effects from NOBULLY to FLIT

  Total              136.424    153.651      0.888      0.375      0.184
  Total indirect       0.000      0.000     -0.463      0.643      0.167

  Direct
    FLIT
    NOBULLY          136.424    153.651      0.888      0.375      0.184


Effects from FLFAMILY to FLIT

  Total              272.658    307.556      0.887      0.375      0.156
  Total indirect       0.000      0.000     -0.115      0.908      0.167

  Direct
    FLIT
    FLFAMILY         272.658    307.556      0.887      0.375      0.156



STANDARDIZED TOTAL, TOTAL INDIRECT, SPECIFIC INDIRECT, AND DIRECT EFFECTS


STDYX Standardization

                                                    Two-Tailed   Rate of
                    Estimate       S.E.  Est./S.E.    P-Value    Missing

WITHIN

Effects from FLSCHOOL to FLIT

  Total               -0.026      0.020     -1.309      0.191      0.232
  Total indirect       0.040      0.006      6.598      0.000      0.252

  Specific indirect 1
    FLIT
    FCFMLRTY
    FLSCHOOL           0.027      0.005      5.154      0.000      0.317

  Specific indirect 2
    FLIT
    FLCONFIN
    FLSCHOOL           0.013      0.004      3.571      0.000      0.169

  Direct
    FLIT
    FLSCHOOL          -0.065      0.020     -3.293      0.001      0.262


Effects from NOBULLY to FLIT

  Total                0.072      0.019      3.802      0.000      0.300
  Total indirect       0.005      0.003      1.836      0.066      0.079

  Specific indirect 1
    FLIT
    FCFMLRTY
    NOBULLY            0.005      0.002      2.105      0.035      0.136

  Specific indirect 2
    FLIT
    FLCONFIN
    NOBULLY            0.001      0.001      0.375      0.708      0.122

  Direct
    FLIT
    NOBULLY            0.066      0.019      3.525      0.000      0.308


Effects from FLFAMILY to FLIT

  Total                0.056      0.022      2.496      0.013      0.497
  Total indirect       0.028      0.004      6.183      0.000      0.199

  Specific indirect 1
    FLIT
    FCFMLRTY
    FLFAMILY           0.013      0.003      4.286      0.000      0.208

  Specific indirect 2
    FLIT
    FLCONFIN
    FLFAMILY           0.014      0.004      3.838      0.000      0.299

  Direct
    FLIT
    FLFAMILY           0.028      0.022      1.286      0.198      0.498


BETWEEN

Effects from FLSCHOOL to FLIT

  Total               -0.133      0.585     -0.227      0.820      0.194
  Total indirect       0.000      0.000      0.000      1.000      0.167

  Direct
    FLIT
    FLSCHOOL          -0.133      0.585     -0.227      0.820      0.194


Effects from NOBULLY to FLIT

  Total                0.382      0.398      0.959      0.338      0.179
  Total indirect       0.000      0.000      0.000      1.000      0.167

  Direct
    FLIT
    NOBULLY            0.382      0.398      0.959      0.338      0.179


Effects from FLFAMILY to FLIT

  Total                0.570      0.479      1.190      0.234      0.152
  Total indirect       0.000      0.000      0.000      1.000      0.167

  Direct
    FLIT
    FLFAMILY           0.570      0.479      1.190      0.234      0.152




TECHNICAL 1 OUTPUT


     PARAMETER SPECIFICATION FOR WITHIN


           NU
              FLIT          FCFMLRTY      FLCONFIN      FLSCHOOL      NOBULLY
              ________      ________      ________      ________      ________
                    0             0             0             0             0


           NU
              FLFAMILY      IMMI1GEN      IMMI2GEN      ESCS          MALE
              ________      ________      ________      ________      ________
                    0             0             0             0             0


           LAMBDA
              FLIT          FCFMLRTY      FLCONFIN      FLSCHOOL      NOBULLY
              ________      ________      ________      ________      ________
 FLIT               0             0             0             0             0
 FCFMLRTY           0             0             0             0             0
 FLCONFIN           0             0             0             0             0
 FLSCHOOL           0             0             0             0             0
 NOBULLY            0             0             0             0             0
 FLFAMILY           0             0             0             0             0
 IMMI1GEN           0             0             0             0             0
 IMMI2GEN           0             0             0             0             0
 ESCS               0             0             0             0             0
 MALE               0             0             0             0             0


           LAMBDA
              FLFAMILY      IMMI1GEN      IMMI2GEN      ESCS          MALE
              ________      ________      ________      ________      ________
 FLIT               0             0             0             0             0
 FCFMLRTY           0             0             0             0             0
 FLCONFIN           0             0             0             0             0
 FLSCHOOL           0             0             0             0             0
 NOBULLY            0             0             0             0             0
 FLFAMILY           0             0             0             0             0
 IMMI1GEN           0             0             0             0             0
 IMMI2GEN           0             0             0             0             0
 ESCS               0             0             0             0             0
 MALE               0             0             0             0             0


           THETA
              FLIT          FCFMLRTY      FLCONFIN      FLSCHOOL      NOBULLY
              ________      ________      ________      ________      ________
 FLIT               0
 FCFMLRTY           0             0
 FLCONFIN           0             0             0
 FLSCHOOL           0             0             0             0
 NOBULLY            0             0             0             0             0
 FLFAMILY           0             0             0             0             0
 IMMI1GEN           0             0             0             0             0
 IMMI2GEN           0             0             0             0             0
 ESCS               0             0             0             0             0
 MALE               0             0             0             0             0


           THETA
              FLFAMILY      IMMI1GEN      IMMI2GEN      ESCS          MALE
              ________      ________      ________      ________      ________
 FLFAMILY           0
 IMMI1GEN           0             0
 IMMI2GEN           0             0             0
 ESCS               0             0             0             0
 MALE               0             0             0             0             0


           ALPHA
              FLIT          FCFMLRTY      FLCONFIN      FLSCHOOL      NOBULLY
              ________      ________      ________      ________      ________
                    0             1             2             0             0


           ALPHA
              FLFAMILY      IMMI1GEN      IMMI2GEN      ESCS          MALE
              ________      ________      ________      ________      ________
                    0             3             4             5             0


           BETA
              FLIT          FCFMLRTY      FLCONFIN      FLSCHOOL      NOBULLY
              ________      ________      ________      ________      ________
 FLIT               0             6             7             8             9
 FCFMLRTY           0             0             0            13            14
 FLCONFIN           0             0             0            19            20
 FLSCHOOL           0             0             0             0             0
 NOBULLY            0             0             0             0             0
 FLFAMILY           0             0             0             0             0
 IMMI1GEN           0             0             0             0             0
 IMMI2GEN           0             0             0             0             0
 ESCS               0             0             0             0             0
 MALE               0             0             0             0             0


           BETA
              FLFAMILY      IMMI1GEN      IMMI2GEN      ESCS          MALE
              ________      ________      ________      ________      ________
 FLIT              10            11             0            12             0
 FCFMLRTY          15             0            16            17            18
 FLCONFIN          21             0            22            23            24
 FLSCHOOL           0             0             0             0             0
 NOBULLY            0             0             0             0             0
 FLFAMILY           0             0             0             0             0
 IMMI1GEN           0             0             0             0             0
 IMMI2GEN           0             0             0             0             0
 ESCS               0             0             0             0             0
 MALE               0             0             0             0             0


           PSI
              FLIT          FCFMLRTY      FLCONFIN      FLSCHOOL      NOBULLY
              ________      ________      ________      ________      ________
 FLIT              25
 FCFMLRTY           0            26
 FLCONFIN           0            27            28
 FLSCHOOL           0             0             0            29
 NOBULLY            0             0             0            30            31
 FLFAMILY           0             0             0            32            33
 IMMI1GEN           0             0             0             0             0
 IMMI2GEN           0             0             0             0             0
 ESCS               0             0             0            37             0
 MALE               0             0             0             0             0


           PSI
              FLFAMILY      IMMI1GEN      IMMI2GEN      ESCS          MALE
              ________      ________      ________      ________      ________
 FLFAMILY          34
 IMMI1GEN           0            35
 IMMI2GEN           0             0            36
 ESCS              38            39            40            41
 MALE               0             0             0             0             0


     PARAMETER SPECIFICATION FOR BETWEEN


           NU
              EDUSHORT      FLIT          FLSCHOOL      NOBULLY       FLFAMILY
              ________      ________      ________      ________      ________
                    0             0             0             0             0


           NU
              STRATIO
              ________
                    0


           LAMBDA
              EDUSHORT      FLIT          FLSCHOOL      NOBULLY       FLFAMILY
              ________      ________      ________      ________      ________
 EDUSHORT           0             0             0             0             0
 FLIT               0             0             0             0             0
 FLSCHOOL           0             0             0             0             0
 NOBULLY            0             0             0             0             0
 FLFAMILY           0             0             0             0             0
 STRATIO            0             0             0             0             0


           LAMBDA
              STRATIO
              ________
 EDUSHORT           0
 FLIT               0
 FLSCHOOL           0
 NOBULLY            0
 FLFAMILY           0
 STRATIO            0


           THETA
              EDUSHORT      FLIT          FLSCHOOL      NOBULLY       FLFAMILY
              ________      ________      ________      ________      ________
 EDUSHORT           0
 FLIT               0             0
 FLSCHOOL           0             0             0
 NOBULLY            0             0             0             0
 FLFAMILY           0             0             0             0             0
 STRATIO            0             0             0             0             0


           THETA
              STRATIO
              ________
 STRATIO            0


           ALPHA
              EDUSHORT      FLIT          FLSCHOOL      NOBULLY       FLFAMILY
              ________      ________      ________      ________      ________
                   42            43            44            45            46


           ALPHA
              STRATIO
              ________
                    0


           BETA
              EDUSHORT      FLIT          FLSCHOOL      NOBULLY       FLFAMILY
              ________      ________      ________      ________      ________
 EDUSHORT           0             0             0             0             0
 FLIT              47             0            48            49            50
 FLSCHOOL           0             0             0             0             0
 NOBULLY            0             0             0             0             0
 FLFAMILY           0             0             0             0             0
 STRATIO            0             0             0             0             0


           BETA
              STRATIO
              ________
 EDUSHORT           0
 FLIT              51
 FLSCHOOL           0
 NOBULLY            0
 FLFAMILY           0
 STRATIO            0


           PSI
              EDUSHORT      FLIT          FLSCHOOL      NOBULLY       FLFAMILY
              ________      ________      ________      ________      ________
 EDUSHORT          52
 FLIT               0            53
 FLSCHOOL          54             0            55
 NOBULLY           56             0            57            58
 FLFAMILY          59             0            60            61            62
 STRATIO            0             0             0             0             0


           PSI
              STRATIO
              ________
 STRATIO            0


     STARTING VALUES FOR WITHIN


           NU
              FLIT          FCFMLRTY      FLCONFIN      FLSCHOOL      NOBULLY
              ________      ________      ________      ________      ________
                0.000         0.000         0.000         0.000         0.000


           NU
              FLFAMILY      IMMI1GEN      IMMI2GEN      ESCS          MALE
              ________      ________      ________      ________      ________
                0.000         0.000         0.000         0.000         0.000


           LAMBDA
              FLIT          FCFMLRTY      FLCONFIN      FLSCHOOL      NOBULLY
              ________      ________      ________      ________      ________
 FLIT           1.000         0.000         0.000         0.000         0.000
 FCFMLRTY       0.000         1.000         0.000         0.000         0.000
 FLCONFIN       0.000         0.000         1.000         0.000         0.000
 FLSCHOOL       0.000         0.000         0.000         1.000         0.000
 NOBULLY        0.000         0.000         0.000         0.000         1.000
 FLFAMILY       0.000         0.000         0.000         0.000         0.000
 IMMI1GEN       0.000         0.000         0.000         0.000         0.000
 IMMI2GEN       0.000         0.000         0.000         0.000         0.000
 ESCS           0.000         0.000         0.000         0.000         0.000
 MALE           0.000         0.000         0.000         0.000         0.000


           LAMBDA
              FLFAMILY      IMMI1GEN      IMMI2GEN      ESCS          MALE
              ________      ________      ________      ________      ________
 FLIT           0.000         0.000         0.000         0.000         0.000
 FCFMLRTY       0.000         0.000         0.000         0.000         0.000
 FLCONFIN       0.000         0.000         0.000         0.000         0.000
 FLSCHOOL       0.000         0.000         0.000         0.000         0.000
 NOBULLY        0.000         0.000         0.000         0.000         0.000
 FLFAMILY       1.000         0.000         0.000         0.000         0.000
 IMMI1GEN       0.000         1.000         0.000         0.000         0.000
 IMMI2GEN       0.000         0.000         1.000         0.000         0.000
 ESCS           0.000         0.000         0.000         1.000         0.000
 MALE           0.000         0.000         0.000         0.000         1.000


           THETA
              FLIT          FCFMLRTY      FLCONFIN      FLSCHOOL      NOBULLY
              ________      ________      ________      ________      ________
 FLIT           0.000
 FCFMLRTY       0.000         0.000
 FLCONFIN       0.000         0.000         0.000
 FLSCHOOL       0.000         0.000         0.000         0.000
 NOBULLY        0.000         0.000         0.000         0.000         0.000
 FLFAMILY       0.000         0.000         0.000         0.000         0.000
 IMMI1GEN       0.000         0.000         0.000         0.000         0.000
 IMMI2GEN       0.000         0.000         0.000         0.000         0.000
 ESCS           0.000         0.000         0.000         0.000         0.000
 MALE           0.000         0.000         0.000         0.000         0.000


           THETA
              FLFAMILY      IMMI1GEN      IMMI2GEN      ESCS          MALE
              ________      ________      ________      ________      ________
 FLFAMILY       0.000
 IMMI1GEN       0.000         0.000
 IMMI2GEN       0.000         0.000         0.000
 ESCS           0.000         0.000         0.000         0.000
 MALE           0.000         0.000         0.000         0.000         0.000


           ALPHA
              FLIT          FCFMLRTY      FLCONFIN      FLSCHOOL      NOBULLY
              ________      ________      ________      ________      ________
                0.000         5.130        -0.074         0.000         0.000


           ALPHA
              FLFAMILY      IMMI1GEN      IMMI2GEN      ESCS          MALE
              ________      ________      ________      ________      ________
                0.000         0.006         0.008        -0.241         0.000


           BETA
              FLIT          FCFMLRTY      FLCONFIN      FLSCHOOL      NOBULLY
              ________      ________      ________      ________      ________
 FLIT           0.000         0.000         0.000         0.000         0.000
 FCFMLRTY       0.000         0.000         0.000         0.000         0.000
 FLCONFIN       0.000         0.000         0.000         0.000         0.000
 FLSCHOOL       0.000         0.000         0.000         0.000         0.000
 NOBULLY        0.000         0.000         0.000         0.000         0.000
 FLFAMILY       0.000         0.000         0.000         0.000         0.000
 IMMI1GEN       0.000         0.000         0.000         0.000         0.000
 IMMI2GEN       0.000         0.000         0.000         0.000         0.000
 ESCS           0.000         0.000         0.000         0.000         0.000
 MALE           0.000         0.000         0.000         0.000         0.000


           BETA
              FLFAMILY      IMMI1GEN      IMMI2GEN      ESCS          MALE
              ________      ________      ________      ________      ________
 FLIT           0.000         0.000         0.000         0.000         0.000
 FCFMLRTY       0.000         0.000         0.000         0.000         0.000
 FLCONFIN       0.000         0.000         0.000         0.000         0.000
 FLSCHOOL       0.000         0.000         0.000         0.000         0.000
 NOBULLY        0.000         0.000         0.000         0.000         0.000
 FLFAMILY       0.000         0.000         0.000         0.000         0.000
 IMMI1GEN       0.000         0.000         0.000         0.000         0.000
 IMMI2GEN       0.000         0.000         0.000         0.000         0.000
 ESCS           0.000         0.000         0.000         0.000         0.000
 MALE           0.000         0.000         0.000         0.000         0.000


           PSI
              FLIT          FCFMLRTY      FLCONFIN      FLSCHOOL      NOBULLY
              ________      ________      ________      ________      ________
 FLIT        5126.083
 FCFMLRTY       0.000        16.997
 FLCONFIN       0.000         0.000         0.573
 FLSCHOOL       0.000         0.000         0.000         0.542
 NOBULLY        0.000         0.000         0.000         0.000         0.662
 FLFAMILY       0.000         0.000         0.000         0.000         0.000
 IMMI1GEN       0.000         0.000         0.000         0.000         0.000
 IMMI2GEN       0.000         0.000         0.000         0.000         0.000
 ESCS           0.000         0.000         0.000         0.000         0.000
 MALE           0.000         0.000         0.000         0.000         0.000


           PSI
              FLFAMILY      IMMI1GEN      IMMI2GEN      ESCS          MALE
              ________      ________      ________      ________      ________
 FLFAMILY       0.621
 IMMI1GEN       0.000         0.003
 IMMI2GEN       0.000         0.000         0.004
 ESCS           0.000         0.000         0.000         0.508
 MALE           0.000         0.000         0.000         0.000         0.125


     STARTING VALUES FOR BETWEEN


           NU
              EDUSHORT      FLIT          FLSCHOOL      NOBULLY       FLFAMILY
              ________      ________      ________      ________      ________
                0.000         0.000         0.000         0.000         0.000


           NU
              STRATIO
              ________
                0.000


           LAMBDA
              EDUSHORT      FLIT          FLSCHOOL      NOBULLY       FLFAMILY
              ________      ________      ________      ________      ________
 EDUSHORT       1.000         0.000         0.000         0.000         0.000
 FLIT           0.000         1.000         0.000         0.000         0.000
 FLSCHOOL       0.000         0.000         1.000         0.000         0.000
 NOBULLY        0.000         0.000         0.000         1.000         0.000
 FLFAMILY       0.000         0.000         0.000         0.000         1.000
 STRATIO        0.000         0.000         0.000         0.000         0.000


           LAMBDA
              STRATIO
              ________
 EDUSHORT       0.000
 FLIT           0.000
 FLSCHOOL       0.000
 NOBULLY        0.000
 FLFAMILY       0.000
 STRATIO        1.000


           THETA
              EDUSHORT      FLIT          FLSCHOOL      NOBULLY       FLFAMILY
              ________      ________      ________      ________      ________
 EDUSHORT       0.000
 FLIT           0.000         0.000
 FLSCHOOL       0.000         0.000         0.000
 NOBULLY        0.000         0.000         0.000         0.000
 FLFAMILY       0.000         0.000         0.000         0.000         0.000
 STRATIO        0.000         0.000         0.000         0.000         0.000


           THETA
              STRATIO
              ________
 STRATIO        0.000


           ALPHA
              EDUSHORT      FLIT          FLSCHOOL      NOBULLY       FLFAMILY
              ________      ________      ________      ________      ________
               -0.348       433.164        -0.202        -0.140         0.259


           ALPHA
              STRATIO
              ________
                0.000


           BETA
              EDUSHORT      FLIT          FLSCHOOL      NOBULLY       FLFAMILY
              ________      ________      ________      ________      ________
 EDUSHORT       0.000         0.000         0.000         0.000         0.000
 FLIT           0.000         0.000         0.000         0.000         0.000
 FLSCHOOL       0.000         0.000         0.000         0.000         0.000
 NOBULLY        0.000         0.000         0.000         0.000         0.000
 FLFAMILY       0.000         0.000         0.000         0.000         0.000
 STRATIO        0.000         0.000         0.000         0.000         0.000


           BETA
              STRATIO
              ________
 EDUSHORT       0.000
 FLIT           0.000
 FLSCHOOL       0.000
 NOBULLY        0.000
 FLFAMILY       0.000
 STRATIO        0.000


           PSI
              EDUSHORT      FLIT          FLSCHOOL      NOBULLY       FLFAMILY
              ________      ________      ________      ________      ________
 EDUSHORT       0.409
 FLIT           0.000      5126.083
 FLSCHOOL       0.000         0.000         0.542
 NOBULLY        0.000         0.000         0.000         0.662
 FLFAMILY       0.000         0.000         0.000         0.000         0.621
 STRATIO        0.000         0.000         0.000         0.000         0.000


           PSI
              STRATIO
              ________
 STRATIO        7.183


     Beginning Time:  21:52:27
        Ending Time:  21:57:40
       Elapsed Time:  00:05:13



MUTHEN & MUTHEN
3463 Stoner Ave.
Los Angeles, CA  90066

Tel: (310) 391-9971
Fax: (310) 391-8971
Web: www.StatModel.com
Support: Support@StatModel.com

Copyright (c) 1998-2019 Muthen & Muthen
