Mplus VERSION 8.3
MUTHEN & MUTHEN
02/23/2021   9:52 PM

INPUT INSTRUCTIONS


  TITLE:
      Two-level structured model 124

  DATA:
      file = "C:\Users\tctan\implist.dat";

      type = imputation;


  VARIABLE:
      names =
          FKI CNTRYID CNTSCHID W_STU
          MATH READ FLIT                      ! PISA achievement variables
          MALE IMMI1GEN IMMI2GEN ESCS         ! Demographic info
          FCFMLRTY FLCONFIN                   ! Affect
          FLSCHOOL                            !   Lat var "Academic"
          NOBULLY                             !   Lat var "Safety"
          FLFAMILY                            !   Lat var "Community"
          W_SCH STRATIO                       ! School character
          EDUSHORT                            !   Lat var "inst. env."
          ;

      useobs = CNTRYID eq 124;          ! Pull out one country at a time

      usevar =
          FLIT                                ! PISA achievement variables
          FLSCHOOL                            !   Lat var "Academic"
          NOBULLY                             !   Lat var "Safety"
          FLFAMILY                            !   Lat var "Community"
          EDUSHORT STRATIO                    !   Lat var "Inst env"
          FCFMLRTY FLCONFIN                   ! Affect
          MALE IMMI1GEN IMMI2GEN ESCS         ! Demographic info
          ;

      ! Vars that ONLY appear in L1
      within =
          FCFMLRTY FLCONFIN                   ! Affective vars
          MALE IMMI1GEN IMMI2GEN ESCS         ! L1 control vars
          ;

      ! Vars that ONLY appear in L2
      between =
          EDUSHORT STRATIO                    ! L2: school
          ;

      weight = W_STU;                         ! Student weight
      wtscale = cluster;                      ! Scale L1 weight to cluster size
      bweight = W_SCH;                        ! School weight
      bwtscale = sample;                      ! Scale L2 weight to sample

      cluster = CNTSCHID;                     ! Cluster by school ID


  ANALYSIS:
      processors = 4;

      type = twolevel;


  MODEL:

  %Within%                                    ! === L1: Student-level ===

      ! Indirect pathways (1st half): school climate vars onto mediators
          ! Onto mediator FAMILIARITY
      FCFMLRTY on
          FLSCHOOL NOBULLY FLFAMILY
          MALE IMMI2GEN ESCS
          ;
          ! Onto mediator CONFIDENCE
      FLCONFIN on
          FLSCHOOL NOBULLY FLFAMILY
          MALE IMMI2GEN ESCS
          ;

      ! Total effect
      FLIT on
          ! Direct pathways: school climate vars onto financial literacy
          FLSCHOOL NOBULLY FLFAMILY
          ! Indirect pathways (2nd half): affective vars onto financial literacy
          FCFMLRTY FLCONFIN
          ! Control vars (demographic info)
          IMMI1GEN ESCS
          ;

      ! Covariances
          ! Between school climate vars
      FLSCHOOL with NOBULLY;
      FLSCHOOL with FLFAMILY;
      NOBULLY with FLFAMILY;
          ! Between mediators
      FCFMLRTY with FLCONFIN;

      ! Covariances suggested by modification indices
          ! ESCS with FLSCHOOL
      ESCS with FLSCHOOL;
          ! ESCS with FLFAMILY
      ESCS with FLFAMILY;
          ! ESCS with IMMI1GEN and IMMI2GEN
      ESCS with IMMI1GEN IMMI2GEN;

  %Between%                                   ! === L2: School-level ===

      FLIT on
          FLSCHOOL NOBULLY FLFAMILY EDUSHORT  ! School climate variables
          STRATIO                             ! Control: Student-teacher ratio
          ;

      FLSCHOOL with NOBULLY;
      NOBULLY with FLFAMILY;
      FLFAMILY with EDUSHORT;

      FLSCHOOL with FLFAMILY;
      NOBULLY with EDUSHORT;

      FLSCHOOL with EDUSHORT;


  MODEL INDIRECT:

      ! Indirect effects
      FLIT ind FLSCHOOL;
      FLIT ind NOBULLY;
      FLIT ind FLFAMILY;


  OUTPUT:
      stdyx                                   ! Fully standardised solution
      ;



INPUT READING TERMINATED NORMALLY




Two-level structured model 124

SUMMARY OF ANALYSIS

Number of groups                                                 1
Average number of observations                                7762

Number of replications
    Requested                                                   10
    Completed                                                   10

Number of dependent variables                                    3
Number of independent variables                                  9
Number of continuous latent variables                            0

Observed dependent variables

  Continuous
   FLIT        FCFMLRTY    FLCONFIN

Observed independent variables
   FLSCHOOL    NOBULLY     FLFAMILY    EDUSHORT    STRATIO     MALE
   IMMI1GEN    IMMI2GEN    ESCS

Variables with special functions

  Cluster variable      CNTSCHID
  Weight variable (cluster-size scaling)
    W_STU
  Between weight variable (sample-size scaling)
    W_SCH

  Within variables
   FCFMLRTY    FLCONFIN    MALE        IMMI1GEN    IMMI2GEN    ESCS

  Between variables
   EDUSHORT    STRATIO


Estimator                                                      MLR
Information matrix                                        OBSERVED
Maximum number of iterations                                   100
Convergence criterion                                    0.100D-05
Maximum number of EM iterations                                500
Convergence criteria for the EM algorithm
  Loglikelihood change                                   0.100D-02
  Relative loglikelihood change                          0.100D-05
  Derivative                                             0.100D-03
Minimum variance                                         0.100D-03
Maximum number of steepest descent iterations                   20
Maximum number of iterations for H1                           2000
Convergence criterion for H1                             0.100D-03
Optimization algorithm                                         EMA

Input data file(s)
  Multiple data files from
    C:\Users\tctan\implist.dat
Input data format  FREE


SUMMARY OF DATA FOR THE FIRST DATA SET

     Number of clusters                        492

     Average cluster size       15.776

     Estimated Intraclass Correlations for the Y Variables

                Intraclass              Intraclass              Intraclass
     Variable  Correlation   Variable  Correlation   Variable  Correlation

     FLIT         0.081      FCFMLRTY     0.000      FLCONFIN     0.000
     FLSCHOOL     0.018      NOBULLY      0.008      FLFAMILY     0.010
     IMMI1GEN     0.000      IMMI2GEN     0.000      ESCS         0.000



SAMPLE STATISTICS

NOTE:  The sample statistics for within and between refer to the
       maximum-likelihood estimated within and between covariance
       matrices, respectively.

NOTE:  These are average results over 10 data sets.


     ESTIMATED SAMPLE STATISTICS FOR WITHIN


           Means
              EDUSHORT      FLIT          FCFMLRTY      FLCONFIN      FLSCHOOL
              ________      ________      ________      ________      ________
                0.000         0.000         7.616        -0.013         0.000


           Means
              NOBULLY       FLFAMILY      IMMI1GEN      IMMI2GEN      ESCS
              ________      ________      ________      ________      ________
                0.000         0.000         0.156         0.223         0.439


           Means
              MALE          STRATIO
              ________      ________
                0.504         0.000


           Covariances
              EDUSHORT      FLIT          FCFMLRTY      FLCONFIN      FLSCHOOL
              ________      ________      ________      ________      ________
 EDUSHORT       0.000
 FLIT           0.000      8173.485
 FCFMLRTY       0.000       113.959        27.858
 FLCONFIN       0.000         6.348         1.545         1.013
 FLSCHOOL       0.000        -1.880         2.176         0.289         1.174
 NOBULLY        0.000         8.522         0.120        -0.014        -0.033
 FLFAMILY       0.000        -1.331         0.743         0.232         0.262
 IMMI1GEN       0.000        -0.009         0.079        -0.003         0.026
 IMMI2GEN       0.000         0.738         0.043        -0.006         0.004
 ESCS           0.000        15.608         0.773         0.086         0.049
 MALE           0.000         1.476         0.298         0.095         0.048
 STRATIO        0.000         0.000         0.000         0.000         0.000


           Covariances
              NOBULLY       FLFAMILY      IMMI1GEN      IMMI2GEN      ESCS
              ________      ________      ________      ________      ________
 NOBULLY        1.155
 FLFAMILY      -0.045         1.068
 IMMI1GEN      -0.003         0.014         0.132
 IMMI2GEN       0.008         0.000        -0.035         0.173
 ESCS           0.019         0.066         0.003        -0.010         0.679
 MALE          -0.042        -0.020        -0.001         0.004        -0.013
 STRATIO        0.000         0.000         0.000         0.000         0.000


           Covariances
              MALE          STRATIO
              ________      ________
 MALE           0.250
 STRATIO        0.000         0.000


           Correlations
              EDUSHORT      FLIT          FCFMLRTY      FLCONFIN      FLSCHOOL
              ________      ________      ________      ________      ________
 EDUSHORT       0.000
 FLIT           0.000         1.000
 FCFMLRTY       0.000         0.239         1.000
 FLCONFIN       0.000         0.070         0.291         1.000
 FLSCHOOL       0.000        -0.019         0.380         0.265         1.000
 NOBULLY        0.000         0.088         0.021        -0.013        -0.029
 FLFAMILY       0.000        -0.014         0.136         0.223         0.234
 IMMI1GEN       0.000         0.000         0.041        -0.007         0.066
 IMMI2GEN       0.000         0.020         0.019        -0.014         0.009
 ESCS           0.000         0.210         0.178         0.104         0.055
 MALE           0.000         0.033         0.113         0.189         0.088
 STRATIO        0.000         0.000         0.000         0.000         0.000


           Correlations
              NOBULLY       FLFAMILY      IMMI1GEN      IMMI2GEN      ESCS
              ________      ________      ________      ________      ________
 NOBULLY        1.000
 FLFAMILY      -0.041         1.000
 IMMI1GEN      -0.008         0.036         1.000
 IMMI2GEN       0.017         0.001        -0.230         1.000
 ESCS           0.021         0.077         0.009        -0.029         1.000
 MALE          -0.079        -0.038        -0.005         0.021        -0.031
 STRATIO        0.000         0.000         0.000         0.000         0.000


           Correlations
              MALE          STRATIO
              ________      ________
 MALE           1.000
 STRATIO        0.000         0.000


     ESTIMATED SAMPLE STATISTICS FOR BETWEEN


           Means
              EDUSHORT      FLIT          FCFMLRTY      FLCONFIN      FLSCHOOL
              ________      ________      ________      ________      ________
               -0.556       532.413         0.000         0.000         0.189


           Means
              NOBULLY       FLFAMILY      IMMI1GEN      IMMI2GEN      ESCS
              ________      ________      ________      ________      ________
               -0.181         0.051         0.000         0.000         0.000


           Means
              MALE          STRATIO
              ________      ________
                0.000        13.848


           Covariances
              EDUSHORT      FLIT          FCFMLRTY      FLCONFIN      FLSCHOOL
              ________      ________      ________      ________      ________
 EDUSHORT       0.726
 FLIT          -4.542       708.165
 FCFMLRTY       0.000         0.000         0.000
 FLCONFIN       0.000         0.000         0.000         0.000
 FLSCHOOL       0.002        -0.335         0.000         0.000         0.017
 NOBULLY       -0.002         0.606         0.000         0.000         0.004
 FLFAMILY       0.006        -0.837         0.000         0.000        -0.002
 IMMI1GEN       0.000         0.000         0.000         0.000         0.000
 IMMI2GEN       0.000         0.000         0.000         0.000         0.000
 ESCS           0.000         0.000         0.000         0.000         0.000
 MALE           0.000         0.000         0.000         0.000         0.000
 STRATIO       -0.048         6.855         0.000         0.000         0.011


           Covariances
              NOBULLY       FLFAMILY      IMMI1GEN      IMMI2GEN      ESCS
              ________      ________      ________      ________      ________
 NOBULLY        0.013
 FLFAMILY      -0.003         0.012
 IMMI1GEN       0.000         0.000         0.000
 IMMI2GEN       0.000         0.000         0.000         0.000
 ESCS           0.000         0.000         0.000         0.000         0.000
 MALE           0.000         0.000         0.000         0.000         0.000
 STRATIO        0.007        -0.048         0.000         0.000         0.000


           Covariances
              MALE          STRATIO
              ________      ________
 MALE           0.000
 STRATIO        0.000       101.329


           Correlations
              EDUSHORT      FLIT          FCFMLRTY      FLCONFIN      FLSCHOOL
              ________      ________      ________      ________      ________
 EDUSHORT       1.000
 FLIT          -0.200         1.000
 FCFMLRTY       0.000         0.000         0.000
 FLCONFIN       0.000         0.000         0.000         0.000
 FLSCHOOL       0.021        -0.098         0.000         0.000         1.000
 NOBULLY       -0.019         0.196         0.000         0.000         0.297
 FLFAMILY       0.066        -0.291         0.000         0.000        -0.175
 IMMI1GEN       0.000         0.000         0.000         0.000         0.000
 IMMI2GEN       0.000         0.000         0.000         0.000         0.000
 ESCS           0.000         0.000         0.000         0.000         0.000
 MALE           0.000         0.000         0.000         0.000         0.000
 STRATIO       -0.006         0.026         0.000         0.000         0.008


           Correlations
              NOBULLY       FLFAMILY      IMMI1GEN      IMMI2GEN      ESCS
              ________      ________      ________      ________      ________
 NOBULLY        1.000
 FLFAMILY      -0.204         1.000
 IMMI1GEN       0.000         0.000         0.000
 IMMI2GEN       0.000         0.000         0.000         0.000
 ESCS           0.000         0.000         0.000         0.000         0.000
 MALE           0.000         0.000         0.000         0.000         0.000
 STRATIO        0.006        -0.044         0.000         0.000         0.000


           Correlations
              MALE          STRATIO
              ________      ________
 MALE           0.000
 STRATIO        0.000         1.000




MODEL FIT INFORMATION

Number of Free Parameters                       62

Loglikelihood

    H0 Value

        Mean                           -131000.253
        Std Dev                            141.486
        Number of successful computations       10

             Proportions                   Percentiles
        Expected    Observed         Expected       Observed
           0.990       1.000      -131329.391    -131252.511
           0.980       1.000      -131290.822    -131252.511
           0.950       0.900      -131232.983    -131252.511
           0.900       0.800      -131181.581    -131252.511
           0.800       0.700      -131119.327    -131252.511
           0.700       0.700      -131074.448    -131152.982
           0.500       0.700      -131000.253    -130965.912
           0.300       0.400      -130926.058    -130918.125
           0.200       0.200      -130881.179    -130904.014
           0.100       0.000      -130818.925    -130841.212
           0.050       0.000      -130767.523    -130841.212
           0.020       0.000      -130709.684    -130841.212
           0.010       0.000      -130671.115    -130841.212

    H1 Value

        Mean                           -130676.863
        Std Dev                            136.733
        Number of successful computations       10

             Proportions                   Percentiles
        Expected    Observed         Expected       Observed
           0.990       1.000      -130994.945    -130918.466
           0.980       1.000      -130957.671    -130918.466
           0.950       0.900      -130901.775    -130918.466
           0.900       0.800      -130852.100    -130918.466
           0.800       0.700      -130791.937    -130918.466
           0.700       0.700      -130748.565    -130827.879
           0.500       0.700      -130676.863    -130644.285
           0.300       0.400      -130605.160    -130595.071
           0.200       0.200      -130561.788    -130587.447
           0.100       0.000      -130501.626    -130521.138
           0.050       0.000      -130451.951    -130521.138
           0.020       0.000      -130396.054    -130521.138
           0.010       0.000      -130358.781    -130521.138

Information Criteria

    Akaike (AIC)

        Mean                            262124.506
        Std Dev                            282.971
        Number of successful computations       10

             Proportions                   Percentiles
        Expected    Observed         Expected       Observed
           0.990       1.000       261466.229     261782.592
           0.980       1.000       261543.367     261782.592
           0.950       1.000       261659.046     261782.592
           0.900       1.000       261761.850     261782.592
           0.800       0.800       261886.357     261782.592
           0.700       0.600       261976.116     261932.028
           0.500       0.300       262124.506     262048.954
           0.300       0.300       262272.896     262077.789
           0.200       0.300       262362.654     262429.963
           0.100       0.200       262487.162     262522.213
           0.050       0.100       262589.965     262522.213
           0.020       0.000       262705.644     262522.213
           0.010       0.000       262782.782     262522.213

    Bayesian (BIC)

        Mean                            262555.839
        Std Dev                            282.971
        Number of successful computations       10

             Proportions                   Percentiles
        Expected    Observed         Expected       Observed
           0.990       1.000       261897.563     262213.926
           0.980       1.000       261974.701     262213.926
           0.950       1.000       262090.380     262213.926
           0.900       1.000       262193.183     262213.926
           0.800       0.800       262317.691     262213.926
           0.700       0.600       262407.449     262363.362
           0.500       0.300       262555.839     262480.287
           0.300       0.300       262704.230     262509.122
           0.200       0.300       262793.988     262861.297
           0.100       0.200       262918.496     262953.546
           0.050       0.100       263021.299     262953.546
           0.020       0.000       263136.978     262953.546
           0.010       0.000       263214.116     262953.546

    Sample-Size Adjusted BIC (n* = (n + 2) / 24)

        Mean                            262358.816
        Std Dev                            282.971
        Number of successful computations       10

             Proportions                   Percentiles
        Expected    Observed         Expected       Observed
           0.990       1.000       261700.540     262016.902
           0.980       1.000       261777.678     262016.902
           0.950       1.000       261893.356     262016.902
           0.900       1.000       261996.160     262016.902
           0.800       0.800       262120.667     262016.902
           0.700       0.600       262210.426     262166.339
           0.500       0.300       262358.816     262283.264
           0.300       0.300       262507.206     262312.099
           0.200       0.300       262596.965     262664.274
           0.100       0.200       262721.472     262756.523
           0.050       0.100       262824.276     262756.523
           0.020       0.000       262939.954     262756.523
           0.010       0.000       263017.092     262756.523

Chi-Square Test of Model Fit

        Degrees of freedom                      22

        Mean                               298.045
        Std Dev                              8.597
        Number of successful computations       10

             Proportions                   Percentiles
        Expected    Observed         Expected       Observed
           0.990       1.000            9.542        281.548
           0.980       1.000           10.600        281.548
           0.950       1.000           12.338        281.548
           0.900       1.000           14.041        281.548
           0.800       1.000           16.314        281.548
           0.700       1.000           18.101        297.375
           0.500       1.000           21.337        298.476
           0.300       1.000           24.939        304.067
           0.200       1.000           27.301        305.146
           0.100       1.000           30.813        305.155
           0.050       1.000           33.924        305.155
           0.020       1.000           37.659        305.155
           0.010       1.000           40.289        305.155

RMSEA (Root Mean Square Error Of Approximation)

        Mean                                 0.040
        Std Dev                              0.001
        Number of successful computations       10

             Proportions                   Percentiles
        Expected    Observed         Expected       Observed
           0.990       1.000            0.039          0.039
           0.980       1.000            0.039          0.039
           0.950       0.800            0.039          0.039
           0.900       0.800            0.039          0.039
           0.800       0.800            0.040          0.039
           0.700       0.800            0.040          0.040
           0.500       0.700            0.040          0.040
           0.300       0.400            0.041          0.041
           0.200       0.100            0.041          0.041
           0.100       0.000            0.041          0.041
           0.050       0.000            0.041          0.041
           0.020       0.000            0.041          0.041
           0.010       0.000            0.042          0.041

CFI/TLI

    CFI

        Mean                                 0.868
        Std Dev                              0.004
        Number of successful computations       10

             Proportions                   Percentiles
        Expected    Observed         Expected       Observed
           0.990       1.000            0.859          0.863
           0.980       1.000            0.860          0.863
           0.950       1.000            0.862          0.863
           0.900       0.900            0.863          0.863
           0.800       0.800            0.865          0.863
           0.700       0.700            0.866          0.865
           0.500       0.500            0.868          0.866
           0.300       0.200            0.870          0.869
           0.200       0.200            0.871          0.869
           0.100       0.100            0.873          0.872
           0.050       0.100            0.874          0.872
           0.020       0.100            0.876          0.872
           0.010       0.000            0.877          0.872

    TLI

        Mean                                 0.640
        Std Dev                              0.010
        Number of successful computations       10

             Proportions                   Percentiles
        Expected    Observed         Expected       Observed
           0.990       1.000            0.616          0.627
           0.980       1.000            0.618          0.627
           0.950       1.000            0.623          0.627
           0.900       0.900            0.627          0.627
           0.800       0.800            0.631          0.627
           0.700       0.700            0.634          0.632
           0.500       0.500            0.640          0.636
           0.300       0.200            0.645          0.644
           0.200       0.200            0.649          0.644
           0.100       0.100            0.653          0.651
           0.050       0.100            0.657          0.651
           0.020       0.100            0.661          0.651
           0.010       0.000            0.664          0.651

SRMR (Standardized Root Mean Square Residual) for the WITHIN level

        Mean                                 0.037
        Std Dev                              0.000
        Number of successful computations       10

             Proportions                   Percentiles
        Expected    Observed         Expected       Observed
           0.990       1.000            0.036          0.036
           0.980       1.000            0.036          0.036
           0.950       1.000            0.036          0.036
           0.900       1.000            0.036          0.036
           0.800       0.600            0.037          0.036
           0.700       0.600            0.037          0.037
           0.500       0.500            0.037          0.037
           0.300       0.400            0.037          0.037
           0.200       0.300            0.037          0.037
           0.100       0.100            0.037          0.037
           0.050       0.100            0.038          0.037
           0.020       0.000            0.038          0.037
           0.010       0.000            0.038          0.037

SRMR (Standardized Root Mean Square Residual) for the BETWEEN level

        Mean                                 0.079
        Std Dev                              0.017
        Number of successful computations       10

             Proportions                   Percentiles
        Expected    Observed         Expected       Observed
           0.990       1.000            0.040          0.064
           0.980       1.000            0.045          0.064
           0.950       1.000            0.052          0.064
           0.900       1.000            0.058          0.064
           0.800       0.900            0.065          0.064
           0.700       0.600            0.070          0.067
           0.500       0.300            0.079          0.071
           0.300       0.200            0.088          0.077
           0.200       0.100            0.093          0.087
           0.100       0.100            0.100          0.089
           0.050       0.100            0.106          0.089
           0.020       0.100            0.113          0.089
           0.010       0.100            0.118          0.089



MODEL RESULTS

                                                    Two-Tailed   Rate of
                    Estimate       S.E.  Est./S.E.    P-Value    Missing

Within Level

 FCFMLRTY   ON
    FLSCHOOL           1.723      0.094     18.358      0.000      0.234
    NOBULLY            0.178      0.088      2.025      0.043      0.124
    FLFAMILY           0.235      0.094      2.500      0.012      0.245
    MALE               0.965      0.163      5.910      0.000      0.072
    IMMI2GEN           0.251      0.219      1.145      0.252      0.082
    ESCS               1.011      0.109      9.277      0.000      0.228

 FLCONFIN   ON
    FLSCHOOL           0.190      0.016     12.147      0.000      0.113
    NOBULLY            0.012      0.014      0.895      0.371      0.060
    FLFAMILY           0.172      0.018      9.712      0.000      0.125
    MALE               0.365      0.032     11.268      0.000      0.190
    IMMI2GEN          -0.041      0.038     -1.082      0.279      0.057
    ESCS               0.103      0.019      5.296      0.000      0.116

 FLIT       ON
    FLSCHOOL         -10.000      1.703     -5.873      0.000      0.364
    NOBULLY            6.134      1.744      3.517      0.000      0.291
    FLFAMILY          -3.107      1.652     -1.881      0.060      0.133
    FCFMLRTY           4.303      0.389     11.056      0.000      0.181
    FLCONFIN           1.767      1.661      1.064      0.287      0.201
    IMMI1GEN          -1.015      5.287     -0.192      0.848      0.258
    ESCS              18.692      2.218      8.428      0.000      0.205

 FLSCHOOL WITH
    NOBULLY           -0.036      0.021     -1.714      0.087      0.098
    FLFAMILY           0.261      0.022     11.921      0.000      0.037
    ESCS               0.049      0.018      2.727      0.006      0.082

 NOBULLY  WITH
    FLFAMILY          -0.047      0.024     -1.964      0.050      0.108

 FCFMLRTY WITH
    FLCONFIN           0.819      0.092      8.900      0.000      0.135

 ESCS     WITH
    FLFAMILY           0.066      0.016      4.143      0.000      0.217
    IMMI1GEN          -0.001      0.008     -0.114      0.910      0.028
    IMMI2GEN          -0.010      0.009     -1.187      0.235      0.041

 Means
    IMMI1GEN           0.156      0.010     15.474      0.000      0.004
    IMMI2GEN           0.223      0.016     14.286      0.000      0.003
    ESCS               0.439      0.026     17.165      0.000      0.062

 Intercepts
    FCFMLRTY           6.630      0.146     45.300      0.000      0.207
    FLCONFIN          -0.233      0.025     -9.362      0.000      0.071

 Variances
    FLSCHOOL           1.170      0.029     40.448      0.000      0.256
    NOBULLY            1.155      0.032     35.989      0.000      0.102
    FLFAMILY           1.068      0.025     43.132      0.000      0.096
    IMMI1GEN           0.132      0.007     18.975      0.000      0.004
    IMMI2GEN           0.173      0.009     20.018      0.000      0.003
    ESCS               0.679      0.025     27.431      0.000      0.195

 Residual Variances
    FLIT            7294.873    255.598     28.540      0.000      0.429
    FCFMLRTY          22.846      0.556     41.084      0.000      0.153
    FLCONFIN           0.875      0.023     38.018      0.000      0.105

Between Level

 FLIT       ON
    FLSCHOOL         -37.719     93.667     -0.403      0.687      0.117
    NOBULLY           87.429    183.843      0.476      0.634      0.113
    FLFAMILY         -49.026     97.327     -0.504      0.614      0.136
    EDUSHORT          -5.129      4.190     -1.224      0.221      0.174
    STRATIO            0.051      0.394      0.128      0.898      0.724

 FLSCHOOL WITH
    NOBULLY            0.005      0.006      0.958      0.338      0.180
    FLFAMILY          -0.002      0.005     -0.334      0.738      0.073
    EDUSHORT           0.006      0.016      0.354      0.724      0.113

 NOBULLY  WITH
    FLFAMILY          -0.002      0.007     -0.357      0.721      0.275
    EDUSHORT          -0.002      0.018     -0.124      0.902      0.135

 FLFAMILY WITH
    EDUSHORT           0.009      0.015      0.567      0.571      0.067

 Means
    EDUSHORT          -0.556      0.058     -9.567      0.000      0.015
    FLSCHOOL           0.189      0.023      8.239      0.000      0.069
    NOBULLY           -0.181      0.021     -8.794      0.000      0.118
    FLFAMILY           0.051      0.019      2.632      0.008      0.145

 Intercepts
    FLIT             513.426     51.860      9.900      0.000      0.166

 Variances
    EDUSHORT           0.726      0.089      8.158      0.000      0.049
    FLSCHOOL           0.020      0.008      2.670      0.008      0.192
    NOBULLY            0.014      0.008      1.612      0.107      0.207
    FLFAMILY           0.011      0.007      1.592      0.111      0.133

 Residual Variances
    FLIT             561.376    201.908      2.780      0.005      0.072


STANDARDIZED MODEL RESULTS


STDYX Standardization

                                                    Two-Tailed   Rate of
                    Estimate       S.E.  Est./S.E.    P-Value    Missing

Within Level

 FCFMLRTY   ON
    FLSCHOOL           0.354      0.020     18.022      0.000      0.258
    NOBULLY            0.036      0.018      2.023      0.043      0.125
    FLFAMILY           0.046      0.018      2.503      0.012      0.250
    MALE               0.092      0.015      5.918      0.000      0.075
    IMMI2GEN           0.020      0.017      1.146      0.252      0.083
    ESCS               0.158      0.017      9.331      0.000      0.225

 FLCONFIN   ON
    FLSCHOOL           0.204      0.016     12.747      0.000      0.070
    NOBULLY            0.013      0.015      0.897      0.370      0.060
    FLFAMILY           0.177      0.017     10.134      0.000      0.146
    MALE               0.182      0.016     11.469      0.000      0.181
    IMMI2GEN          -0.017      0.016     -1.085      0.278      0.058
    ESCS               0.084      0.016      5.265      0.000      0.129

 FLIT       ON
    FLSCHOOL          -0.120      0.020     -5.969      0.000      0.332
    NOBULLY            0.073      0.021      3.542      0.000      0.287
    FLFAMILY          -0.036      0.019     -1.877      0.061      0.134
    FCFMLRTY           0.251      0.022     11.453      0.000      0.192
    FLCONFIN           0.020      0.018      1.065      0.287      0.201
    IMMI1GEN          -0.004      0.021     -0.193      0.847      0.261
    ESCS               0.170      0.020      8.716      0.000      0.232

 FLSCHOOL WITH
    NOBULLY           -0.031      0.018     -1.707      0.088      0.102
    FLFAMILY           0.233      0.019     12.536      0.000      0.035
    ESCS               0.055      0.020      2.761      0.006      0.082

 NOBULLY  WITH
    FLFAMILY          -0.043      0.022     -1.973      0.048      0.106

 FCFMLRTY WITH
    FLCONFIN           0.183      0.020      9.232      0.000      0.143

 ESCS     WITH
    FLFAMILY           0.077      0.018      4.194      0.000      0.197
    IMMI1GEN          -0.003      0.026     -0.113      0.910      0.028
    IMMI2GEN          -0.030      0.025     -1.189      0.234      0.042

 Means
    IMMI1GEN           0.430      0.016     26.127      0.000      0.004
    IMMI2GEN           0.535      0.024     22.211      0.000      0.003
    ESCS               0.533      0.036     14.606      0.000      0.098

 Intercepts
    FCFMLRTY           1.259      0.030     41.938      0.000      0.166
    FLCONFIN          -0.232      0.024     -9.578      0.000      0.072

 Variances
    FLSCHOOL           1.000      0.000  *********      0.000      0.000
    NOBULLY            1.000      0.000  *********      0.000      0.000
    FLFAMILY           1.000      0.000  *********      0.000      0.000
    IMMI1GEN           1.000      0.000  *********      0.000      0.000
    IMMI2GEN           1.000      0.000  *********      0.000      0.000
    ESCS               1.000      0.000  *********      0.000      0.000

 Residual Variances
    FLIT               0.893      0.014     63.690      0.000      0.211
    FCFMLRTY           0.824      0.014     57.986      0.000      0.195
    FLCONFIN           0.865      0.011     77.020      0.000      0.108

Between Level

 FLIT       ON
    FLSCHOOL          -0.202      0.507     -0.399      0.690      0.123
    NOBULLY            0.354      0.564      0.627      0.531      0.111
    FLFAMILY          -0.193      0.359     -0.539      0.590      0.146
    EDUSHORT          -0.163      0.134     -1.212      0.225      0.160
    STRATIO            0.019      0.146      0.130      0.897      0.721

 FLSCHOOL WITH
    NOBULLY            0.339      0.393      0.861      0.389      0.208
    FLFAMILY          -0.121      0.356     -0.339      0.735      0.080
    EDUSHORT           0.048      0.131      0.367      0.714      0.127

 NOBULLY  WITH
    FLFAMILY          -0.192      0.534     -0.359      0.720      0.280
    EDUSHORT          -0.022      0.185     -0.121      0.904      0.127

 FLFAMILY WITH
    EDUSHORT           0.094      0.167      0.564      0.573      0.071

 Means
    EDUSHORT          -0.653      0.094     -6.929      0.000      0.028
    FLSCHOOL           1.332      0.295      4.524      0.000      0.154
    NOBULLY           -1.585      0.573     -2.768      0.006      0.167
    FLFAMILY           0.486      0.242      2.006      0.045      0.149

 Intercepts
    FLIT              19.213      2.277      8.437      0.000      0.148

 Variances
    EDUSHORT           1.000      0.000  *********      0.000      0.000
    FLSCHOOL           1.000      0.000  *********      0.000      0.000
    NOBULLY            1.000      0.000  *********      0.000      0.000
    FLFAMILY           1.000      0.000    999.000    999.000      0.000

 Residual Variances
    FLIT               0.786      0.272      2.894      0.004      0.071


R-SQUARE

Within Level

    Observed                                        Two-Tailed   Rate of
    Variable        Estimate       S.E.  Est./S.E.    P-Value    Missing

    FLIT               0.107      0.014      7.619      0.000      0.211
    FCFMLRTY           0.176      0.014     12.424      0.000      0.195
    FLCONFIN           0.135      0.011     11.969      0.000      0.108

Between Level

    Observed                                        Two-Tailed   Rate of
    Variable        Estimate       S.E.  Est./S.E.    P-Value    Missing

    FLIT               0.214      0.272      0.790      0.430      0.071


QUALITY OF NUMERICAL RESULTS

     Average Condition Number for the Information Matrix     -0.181E-16
       (ratio of smallest to largest eigenvalue)


TOTAL, TOTAL INDIRECT, SPECIFIC INDIRECT, AND DIRECT EFFECTS


                                                    Two-Tailed   Rate of
                    Estimate       S.E.  Est./S.E.    P-Value    Missing

WITHIN

Effects from FLSCHOOL to FLIT

  Total               -2.250      1.592     -1.413      0.158      0.275
  Total indirect       7.750      0.810      9.563      0.000      0.172

  Specific indirect 1
    FLIT
    FCFMLRTY
    FLSCHOOL           7.415      0.812      9.131      0.000      0.216

  Specific indirect 2
    FLIT
    FLCONFIN
    FLSCHOOL           0.336      0.320      1.050      0.294      0.206

  Direct
    FLIT
    FLSCHOOL         -10.000      1.703     -5.873      0.000      0.364


Effects from NOBULLY to FLIT

  Total                6.921      1.763      3.926      0.000      0.290
  Total indirect       0.787      0.393      2.001      0.045      0.113

  Specific indirect 1
    FLIT
    FCFMLRTY
    NOBULLY            0.765      0.387      1.979      0.048      0.114

  Specific indirect 2
    FLIT
    FLCONFIN
    NOBULLY            0.022      0.034      0.637      0.524      0.123

  Direct
    FLIT
    NOBULLY            6.134      1.744      3.517      0.000      0.291


Effects from FLFAMILY to FLIT

  Total               -1.793      1.714     -1.046      0.296      0.180
  Total indirect       1.314      0.519      2.531      0.011      0.301

  Specific indirect 1
    FLIT
    FCFMLRTY
    FLFAMILY           1.010      0.418      2.420      0.016      0.254

  Specific indirect 2
    FLIT
    FLCONFIN
    FLFAMILY           0.304      0.291      1.047      0.295      0.202

  Direct
    FLIT
    FLFAMILY          -3.107      1.652     -1.881      0.060      0.133


BETWEEN

Effects from FLSCHOOL to FLIT

  Total              -37.719     93.667     -0.403      0.687      0.117
  Total indirect       0.000      0.000    999.000      0.000      0.167

  Direct
    FLIT
    FLSCHOOL         -37.719     93.667     -0.403      0.687      0.117


Effects from NOBULLY to FLIT

  Total               87.429    183.843      0.476      0.634      0.113
  Total indirect       0.000      0.000      0.000      1.000      0.167

  Direct
    FLIT
    NOBULLY           87.429    183.843      0.476      0.634      0.113


Effects from FLFAMILY to FLIT

  Total              -49.026     97.327     -0.504      0.614      0.136
  Total indirect       0.000      0.000      0.164      0.870      0.167

  Direct
    FLIT
    FLFAMILY         -49.026     97.327     -0.504      0.614      0.136



STANDARDIZED TOTAL, TOTAL INDIRECT, SPECIFIC INDIRECT, AND DIRECT EFFECTS


STDYX Standardization

                                                    Two-Tailed   Rate of
                    Estimate       S.E.  Est./S.E.    P-Value    Missing

WITHIN

Effects from FLSCHOOL to FLIT

  Total               -0.027      0.019     -1.415      0.157      0.267
  Total indirect       0.093      0.010      9.533      0.000      0.177

  Specific indirect 1
    FLIT
    FCFMLRTY
    FLSCHOOL           0.089      0.010      9.071      0.000      0.221

  Specific indirect 2
    FLIT
    FLCONFIN
    FLSCHOOL           0.004      0.004      1.054      0.292      0.203

  Direct
    FLIT
    FLSCHOOL          -0.120      0.020     -5.969      0.000      0.332


Effects from NOBULLY to FLIT

  Total                0.082      0.021      3.965      0.000      0.288
  Total indirect       0.009      0.005      2.010      0.044      0.120

  Specific indirect 1
    FLIT
    FCFMLRTY
    NOBULLY            0.009      0.005      1.988      0.047      0.121

  Specific indirect 2
    FLIT
    FLCONFIN
    NOBULLY            0.000      0.000      0.639      0.523      0.121

  Direct
    FLIT
    NOBULLY            0.073      0.021      3.542      0.000      0.287


Effects from FLFAMILY to FLIT

  Total               -0.021      0.020     -1.044      0.297      0.181
  Total indirect       0.015      0.006      2.544      0.011      0.309

  Specific indirect 1
    FLIT
    FCFMLRTY
    FLFAMILY           0.012      0.005      2.428      0.015      0.259

  Specific indirect 2
    FLIT
    FLCONFIN
    FLFAMILY           0.003      0.003      1.050      0.294      0.202

  Direct
    FLIT
    FLFAMILY          -0.036      0.019     -1.877      0.061      0.134


BETWEEN

Effects from FLSCHOOL to FLIT

  Total               -0.202      0.507     -0.399      0.690      0.123
  Total indirect       0.000      0.000      0.000      1.000      0.167

  Direct
    FLIT
    FLSCHOOL          -0.202      0.507     -0.399      0.690      0.123


Effects from NOBULLY to FLIT

  Total                0.354      0.564      0.627      0.531      0.111
  Total indirect       0.000      0.000      0.000      1.000      0.167

  Direct
    FLIT
    NOBULLY            0.354      0.564      0.627      0.531      0.111


Effects from FLFAMILY to FLIT

  Total               -0.193      0.359     -0.539      0.590      0.146
  Total indirect       0.000      0.000      0.000      1.000      0.167

  Direct
    FLIT
    FLFAMILY          -0.193      0.359     -0.539      0.590      0.146




TECHNICAL 1 OUTPUT


     PARAMETER SPECIFICATION FOR WITHIN


           NU
              FLIT          FCFMLRTY      FLCONFIN      FLSCHOOL      NOBULLY
              ________      ________      ________      ________      ________
                    0             0             0             0             0


           NU
              FLFAMILY      IMMI1GEN      IMMI2GEN      ESCS          MALE
              ________      ________      ________      ________      ________
                    0             0             0             0             0


           LAMBDA
              FLIT          FCFMLRTY      FLCONFIN      FLSCHOOL      NOBULLY
              ________      ________      ________      ________      ________
 FLIT               0             0             0             0             0
 FCFMLRTY           0             0             0             0             0
 FLCONFIN           0             0             0             0             0
 FLSCHOOL           0             0             0             0             0
 NOBULLY            0             0             0             0             0
 FLFAMILY           0             0             0             0             0
 IMMI1GEN           0             0             0             0             0
 IMMI2GEN           0             0             0             0             0
 ESCS               0             0             0             0             0
 MALE               0             0             0             0             0


           LAMBDA
              FLFAMILY      IMMI1GEN      IMMI2GEN      ESCS          MALE
              ________      ________      ________      ________      ________
 FLIT               0             0             0             0             0
 FCFMLRTY           0             0             0             0             0
 FLCONFIN           0             0             0             0             0
 FLSCHOOL           0             0             0             0             0
 NOBULLY            0             0             0             0             0
 FLFAMILY           0             0             0             0             0
 IMMI1GEN           0             0             0             0             0
 IMMI2GEN           0             0             0             0             0
 ESCS               0             0             0             0             0
 MALE               0             0             0             0             0


           THETA
              FLIT          FCFMLRTY      FLCONFIN      FLSCHOOL      NOBULLY
              ________      ________      ________      ________      ________
 FLIT               0
 FCFMLRTY           0             0
 FLCONFIN           0             0             0
 FLSCHOOL           0             0             0             0
 NOBULLY            0             0             0             0             0
 FLFAMILY           0             0             0             0             0
 IMMI1GEN           0             0             0             0             0
 IMMI2GEN           0             0             0             0             0
 ESCS               0             0             0             0             0
 MALE               0             0             0             0             0


           THETA
              FLFAMILY      IMMI1GEN      IMMI2GEN      ESCS          MALE
              ________      ________      ________      ________      ________
 FLFAMILY           0
 IMMI1GEN           0             0
 IMMI2GEN           0             0             0
 ESCS               0             0             0             0
 MALE               0             0             0             0             0


           ALPHA
              FLIT          FCFMLRTY      FLCONFIN      FLSCHOOL      NOBULLY
              ________      ________      ________      ________      ________
                    0             1             2             0             0


           ALPHA
              FLFAMILY      IMMI1GEN      IMMI2GEN      ESCS          MALE
              ________      ________      ________      ________      ________
                    0             3             4             5             0


           BETA
              FLIT          FCFMLRTY      FLCONFIN      FLSCHOOL      NOBULLY
              ________      ________      ________      ________      ________
 FLIT               0             6             7             8             9
 FCFMLRTY           0             0             0            13            14
 FLCONFIN           0             0             0            19            20
 FLSCHOOL           0             0             0             0             0
 NOBULLY            0             0             0             0             0
 FLFAMILY           0             0             0             0             0
 IMMI1GEN           0             0             0             0             0
 IMMI2GEN           0             0             0             0             0
 ESCS               0             0             0             0             0
 MALE               0             0             0             0             0


           BETA
              FLFAMILY      IMMI1GEN      IMMI2GEN      ESCS          MALE
              ________      ________      ________      ________      ________
 FLIT              10            11             0            12             0
 FCFMLRTY          15             0            16            17            18
 FLCONFIN          21             0            22            23            24
 FLSCHOOL           0             0             0             0             0
 NOBULLY            0             0             0             0             0
 FLFAMILY           0             0             0             0             0
 IMMI1GEN           0             0             0             0             0
 IMMI2GEN           0             0             0             0             0
 ESCS               0             0             0             0             0
 MALE               0             0             0             0             0


           PSI
              FLIT          FCFMLRTY      FLCONFIN      FLSCHOOL      NOBULLY
              ________      ________      ________      ________      ________
 FLIT              25
 FCFMLRTY           0            26
 FLCONFIN           0            27            28
 FLSCHOOL           0             0             0            29
 NOBULLY            0             0             0            30            31
 FLFAMILY           0             0             0            32            33
 IMMI1GEN           0             0             0             0             0
 IMMI2GEN           0             0             0             0             0
 ESCS               0             0             0            37             0
 MALE               0             0             0             0             0


           PSI
              FLFAMILY      IMMI1GEN      IMMI2GEN      ESCS          MALE
              ________      ________      ________      ________      ________
 FLFAMILY          34
 IMMI1GEN           0            35
 IMMI2GEN           0             0            36
 ESCS              38            39            40            41
 MALE               0             0             0             0             0


     PARAMETER SPECIFICATION FOR BETWEEN


           NU
              EDUSHORT      FLIT          FLSCHOOL      NOBULLY       FLFAMILY
              ________      ________      ________      ________      ________
                    0             0             0             0             0


           NU
              STRATIO
              ________
                    0


           LAMBDA
              EDUSHORT      FLIT          FLSCHOOL      NOBULLY       FLFAMILY
              ________      ________      ________      ________      ________
 EDUSHORT           0             0             0             0             0
 FLIT               0             0             0             0             0
 FLSCHOOL           0             0             0             0             0
 NOBULLY            0             0             0             0             0
 FLFAMILY           0             0             0             0             0
 STRATIO            0             0             0             0             0


           LAMBDA
              STRATIO
              ________
 EDUSHORT           0
 FLIT               0
 FLSCHOOL           0
 NOBULLY            0
 FLFAMILY           0
 STRATIO            0


           THETA
              EDUSHORT      FLIT          FLSCHOOL      NOBULLY       FLFAMILY
              ________      ________      ________      ________      ________
 EDUSHORT           0
 FLIT               0             0
 FLSCHOOL           0             0             0
 NOBULLY            0             0             0             0
 FLFAMILY           0             0             0             0             0
 STRATIO            0             0             0             0             0


           THETA
              STRATIO
              ________
 STRATIO            0


           ALPHA
              EDUSHORT      FLIT          FLSCHOOL      NOBULLY       FLFAMILY
              ________      ________      ________      ________      ________
                   42            43            44            45            46


           ALPHA
              STRATIO
              ________
                    0


           BETA
              EDUSHORT      FLIT          FLSCHOOL      NOBULLY       FLFAMILY
              ________      ________      ________      ________      ________
 EDUSHORT           0             0             0             0             0
 FLIT              47             0            48            49            50
 FLSCHOOL           0             0             0             0             0
 NOBULLY            0             0             0             0             0
 FLFAMILY           0             0             0             0             0
 STRATIO            0             0             0             0             0


           BETA
              STRATIO
              ________
 EDUSHORT           0
 FLIT              51
 FLSCHOOL           0
 NOBULLY            0
 FLFAMILY           0
 STRATIO            0


           PSI
              EDUSHORT      FLIT          FLSCHOOL      NOBULLY       FLFAMILY
              ________      ________      ________      ________      ________
 EDUSHORT          52
 FLIT               0            53
 FLSCHOOL          54             0            55
 NOBULLY           56             0            57            58
 FLFAMILY          59             0            60            61            62
 STRATIO            0             0             0             0             0


           PSI
              STRATIO
              ________
 STRATIO            0


     STARTING VALUES FOR WITHIN


           NU
              FLIT          FCFMLRTY      FLCONFIN      FLSCHOOL      NOBULLY
              ________      ________      ________      ________      ________
                0.000         0.000         0.000         0.000         0.000


           NU
              FLFAMILY      IMMI1GEN      IMMI2GEN      ESCS          MALE
              ________      ________      ________      ________      ________
                0.000         0.000         0.000         0.000         0.000


           LAMBDA
              FLIT          FCFMLRTY      FLCONFIN      FLSCHOOL      NOBULLY
              ________      ________      ________      ________      ________
 FLIT           1.000         0.000         0.000         0.000         0.000
 FCFMLRTY       0.000         1.000         0.000         0.000         0.000
 FLCONFIN       0.000         0.000         1.000         0.000         0.000
 FLSCHOOL       0.000         0.000         0.000         1.000         0.000
 NOBULLY        0.000         0.000         0.000         0.000         1.000
 FLFAMILY       0.000         0.000         0.000         0.000         0.000
 IMMI1GEN       0.000         0.000         0.000         0.000         0.000
 IMMI2GEN       0.000         0.000         0.000         0.000         0.000
 ESCS           0.000         0.000         0.000         0.000         0.000
 MALE           0.000         0.000         0.000         0.000         0.000


           LAMBDA
              FLFAMILY      IMMI1GEN      IMMI2GEN      ESCS          MALE
              ________      ________      ________      ________      ________
 FLIT           0.000         0.000         0.000         0.000         0.000
 FCFMLRTY       0.000         0.000         0.000         0.000         0.000
 FLCONFIN       0.000         0.000         0.000         0.000         0.000
 FLSCHOOL       0.000         0.000         0.000         0.000         0.000
 NOBULLY        0.000         0.000         0.000         0.000         0.000
 FLFAMILY       1.000         0.000         0.000         0.000         0.000
 IMMI1GEN       0.000         1.000         0.000         0.000         0.000
 IMMI2GEN       0.000         0.000         1.000         0.000         0.000
 ESCS           0.000         0.000         0.000         1.000         0.000
 MALE           0.000         0.000         0.000         0.000         1.000


           THETA
              FLIT          FCFMLRTY      FLCONFIN      FLSCHOOL      NOBULLY
              ________      ________      ________      ________      ________
 FLIT           0.000
 FCFMLRTY       0.000         0.000
 FLCONFIN       0.000         0.000         0.000
 FLSCHOOL       0.000         0.000         0.000         0.000
 NOBULLY        0.000         0.000         0.000         0.000         0.000
 FLFAMILY       0.000         0.000         0.000         0.000         0.000
 IMMI1GEN       0.000         0.000         0.000         0.000         0.000
 IMMI2GEN       0.000         0.000         0.000         0.000         0.000
 ESCS           0.000         0.000         0.000         0.000         0.000
 MALE           0.000         0.000         0.000         0.000         0.000


           THETA
              FLFAMILY      IMMI1GEN      IMMI2GEN      ESCS          MALE
              ________      ________      ________      ________      ________
 FLFAMILY       0.000
 IMMI1GEN       0.000         0.000
 IMMI2GEN       0.000         0.000         0.000
 ESCS           0.000         0.000         0.000         0.000
 MALE           0.000         0.000         0.000         0.000         0.000


           ALPHA
              FLIT          FCFMLRTY      FLCONFIN      FLSCHOOL      NOBULLY
              ________      ________      ________      ________      ________
                0.000         7.286        -0.036         0.000         0.000


           ALPHA
              FLFAMILY      IMMI1GEN      IMMI2GEN      ESCS          MALE
              ________      ________      ________      ________      ________
                0.000         0.123         0.128         0.362         0.000


           BETA
              FLIT          FCFMLRTY      FLCONFIN      FLSCHOOL      NOBULLY
              ________      ________      ________      ________      ________
 FLIT           0.000         0.000         0.000         0.000         0.000
 FCFMLRTY       0.000         0.000         0.000         0.000         0.000
 FLCONFIN       0.000         0.000         0.000         0.000         0.000
 FLSCHOOL       0.000         0.000         0.000         0.000         0.000
 NOBULLY        0.000         0.000         0.000         0.000         0.000
 FLFAMILY       0.000         0.000         0.000         0.000         0.000
 IMMI1GEN       0.000         0.000         0.000         0.000         0.000
 IMMI2GEN       0.000         0.000         0.000         0.000         0.000
 ESCS           0.000         0.000         0.000         0.000         0.000
 MALE           0.000         0.000         0.000         0.000         0.000


           BETA
              FLFAMILY      IMMI1GEN      IMMI2GEN      ESCS          MALE
              ________      ________      ________      ________      ________
 FLIT           0.000         0.000         0.000         0.000         0.000
 FCFMLRTY       0.000         0.000         0.000         0.000         0.000
 FLCONFIN       0.000         0.000         0.000         0.000         0.000
 FLSCHOOL       0.000         0.000         0.000         0.000         0.000
 NOBULLY        0.000         0.000         0.000         0.000         0.000
 FLFAMILY       0.000         0.000         0.000         0.000         0.000
 IMMI1GEN       0.000         0.000         0.000         0.000         0.000
 IMMI2GEN       0.000         0.000         0.000         0.000         0.000
 ESCS           0.000         0.000         0.000         0.000         0.000
 MALE           0.000         0.000         0.000         0.000         0.000


           PSI
              FLIT          FCFMLRTY      FLCONFIN      FLSCHOOL      NOBULLY
              ________      ________      ________      ________      ________
 FLIT        4547.770
 FCFMLRTY       0.000        14.078
 FLCONFIN       0.000         0.000         0.508
 FLSCHOOL       0.000         0.000         0.000         0.578
 NOBULLY        0.000         0.000         0.000         0.000         0.602
 FLFAMILY       0.000         0.000         0.000         0.000         0.000
 IMMI1GEN       0.000         0.000         0.000         0.000         0.000
 IMMI2GEN       0.000         0.000         0.000         0.000         0.000
 ESCS           0.000         0.000         0.000         0.000         0.000
 MALE           0.000         0.000         0.000         0.000         0.000


           PSI
              FLFAMILY      IMMI1GEN      IMMI2GEN      ESCS          MALE
              ________      ________      ________      ________      ________
 FLFAMILY       0.544
 IMMI1GEN       0.000         0.054
 IMMI2GEN       0.000         0.000         0.056
 ESCS           0.000         0.000         0.000         0.356
 MALE           0.000         0.000         0.000         0.000         0.125


     STARTING VALUES FOR BETWEEN


           NU
              EDUSHORT      FLIT          FLSCHOOL      NOBULLY       FLFAMILY
              ________      ________      ________      ________      ________
                0.000         0.000         0.000         0.000         0.000


           NU
              STRATIO
              ________
                0.000


           LAMBDA
              EDUSHORT      FLIT          FLSCHOOL      NOBULLY       FLFAMILY
              ________      ________      ________      ________      ________
 EDUSHORT       1.000         0.000         0.000         0.000         0.000
 FLIT           0.000         1.000         0.000         0.000         0.000
 FLSCHOOL       0.000         0.000         1.000         0.000         0.000
 NOBULLY        0.000         0.000         0.000         1.000         0.000
 FLFAMILY       0.000         0.000         0.000         0.000         1.000
 STRATIO        0.000         0.000         0.000         0.000         0.000


           LAMBDA
              STRATIO
              ________
 EDUSHORT       0.000
 FLIT           0.000
 FLSCHOOL       0.000
 NOBULLY        0.000
 FLFAMILY       0.000
 STRATIO        1.000


           THETA
              EDUSHORT      FLIT          FLSCHOOL      NOBULLY       FLFAMILY
              ________      ________      ________      ________      ________
 EDUSHORT       0.000
 FLIT           0.000         0.000
 FLSCHOOL       0.000         0.000         0.000
 NOBULLY        0.000         0.000         0.000         0.000
 FLFAMILY       0.000         0.000         0.000         0.000         0.000
 STRATIO        0.000         0.000         0.000         0.000         0.000


           THETA
              STRATIO
              ________
 STRATIO        0.000


           ALPHA
              EDUSHORT      FLIT          FLSCHOOL      NOBULLY       FLFAMILY
              ________      ________      ________      ________      ________
               -0.449       514.196         0.142        -0.216         0.023


           ALPHA
              STRATIO
              ________
                0.000


           BETA
              EDUSHORT      FLIT          FLSCHOOL      NOBULLY       FLFAMILY
              ________      ________      ________      ________      ________
 EDUSHORT       0.000         0.000         0.000         0.000         0.000
 FLIT           0.000         0.000         0.000         0.000         0.000
 FLSCHOOL       0.000         0.000         0.000         0.000         0.000
 NOBULLY        0.000         0.000         0.000         0.000         0.000
 FLFAMILY       0.000         0.000         0.000         0.000         0.000
 STRATIO        0.000         0.000         0.000         0.000         0.000


           BETA
              STRATIO
              ________
 EDUSHORT       0.000
 FLIT           0.000
 FLSCHOOL       0.000
 NOBULLY        0.000
 FLFAMILY       0.000
 STRATIO        0.000


           PSI
              EDUSHORT      FLIT          FLSCHOOL      NOBULLY       FLFAMILY
              ________      ________      ________      ________      ________
 EDUSHORT       0.383
 FLIT           0.000      4547.770
 FLSCHOOL       0.000         0.000         0.578
 NOBULLY        0.000         0.000         0.000         0.602
 FLFAMILY       0.000         0.000         0.000         0.000         0.544
 STRATIO        0.000         0.000         0.000         0.000         0.000


           PSI
              STRATIO
              ________
 STRATIO       52.544


     Beginning Time:  21:52:27
        Ending Time:  21:58:22
       Elapsed Time:  00:05:55



MUTHEN & MUTHEN
3463 Stoner Ave.
Los Angeles, CA  90066

Tel: (310) 391-9971
Fax: (310) 391-8971
Web: www.StatModel.com
Support: Support@StatModel.com

Copyright (c) 1998-2019 Muthen & Muthen
