Mplus VERSION 8.3
MUTHEN & MUTHEN
02/17/2021   1:05 PM

INPUT INSTRUCTIONS


  TITLE:
      Investigate sources of model misfit for 620

  DATA:
      file = "C:\Users\tctan\finlit1_620.dat";


  VARIABLE:
      names =
          FKI CNTRYID CNTSCHID W_STU
          MATH READ FLIT                      ! PISA achievement variables
          MALE IMMI1GEN IMMI2GEN ESCS         ! Demographic info
          FCFMLRTY FLCONFIN                   ! Affect
          FLSCHOOL                            !   Lat var "Academic"
          NOBULLY                             !   Lat var "Safety"
          FLFAMILY                            !   Lat var "Community"
          W_SCH STRATIO                       ! School character
          EDUSHORT                            !   Lat var "inst. env."
          ;

      usevar =
          FLIT                                ! PISA achievement variables
          FLSCHOOL                            !   Lat var "Academic"
          NOBULLY                             !   Lat var "Safety"
          FLFAMILY                            !   Lat var "Community"
          EDUSHORT STRATIO                    !   Lat var "Inst env"
          FCFMLRTY FLCONFIN                   ! Affect
          MALE IMMI1GEN IMMI2GEN ESCS         ! Demographic info
          ;

      ! Vars that ONLY appear in L1
      within =
          FCFMLRTY FLCONFIN                   ! Affective vars
          MALE IMMI1GEN IMMI2GEN ESCS         ! L1 control vars
          ;

      ! Vars that ONLY appear in L2
      between =
          EDUSHORT STRATIO                    ! L2: school
          ;

      missing = all (-99);

      weight = W_STU;                         ! Student weight
      wtscale = cluster;                      ! Scale L1 weight to cluster size
      bweight = W_SCH;                        ! School weight
      bwtscale = sample;                      ! Scale L2 weight to sample

      cluster = CNTSCHID;                     ! Cluster by school ID


  ANALYSIS:
      processors = 4;

      type = twolevel;


  MODEL:

  %Within%                                    ! === L1: Student-level ===

      ! Indirect pathways (1st half): school climate vars onto mediators
          ! Onto mediator FAMILIARITY
      FCFMLRTY on FLSCHOOL NOBULLY FLFAMILY MALE;
          ! Onto mediator CONFIDENCE
      FLCONFIN on FLSCHOOL NOBULLY FLFAMILY MALE;

      ! Total effect
      FLIT on
          ! Direct pathways: school climate vars onto financial literacy
          FLSCHOOL NOBULLY FLFAMILY
          ! Indirect pathways (2nd half): affective vars onto financial literacy
          FCFMLRTY FLCONFIN
          ! Control vars (demographic info)
          MALE IMMI1GEN IMMI2GEN ESCS
          ;

      ! Covariances
          ! Between school climate vars
      FLSCHOOL with NOBULLY;
      FLSCHOOL with FLFAMILY;
      NOBULLY with FLFAMILY;
          ! Between mediators
      FCFMLRTY with FLCONFIN;
          ! ESCS with FLFAMILY
      ESCS with FLFAMILY

  %Between%                                   ! === L2: School-level ===

      FLIT on
          FLSCHOOL NOBULLY FLFAMILY EDUSHORT  ! School climate variables
          STRATIO                             ! Control: Student-teacher ratio
          ;

      FLSCHOOL with NOBULLY;
      NOBULLY with FLFAMILY;
      FLFAMILY with EDUSHORT;

      FLSCHOOL with FLFAMILY;
      NOBULLY with EDUSHORT;

      FLSCHOOL with EDUSHORT;


  MODEL INDIRECT:

      ! Indirect effects
      FLIT ind FLSCHOOL;
      FLIT ind NOBULLY;
      FLIT ind FLFAMILY;


  OUTPUT:
      stdyx                                   ! Fully standardised solution
      mod(all)                                ! Mod indices (all)
      ;



*** WARNING
  One or more individual-level variables have no variation within a
  cluster for the following clusters.

     Variable   Cluster IDs with no within-cluster variation

      FCFMLRTY    62000060
      NOBULLY     62000216 62000269
      MALE        62000050 62000098 62000188 62000241 62000055 62000015 62000172 62000115
      IMMI1GEN    62000060 62000043 62000050 62000053 62000098 62000135 62000155 62000188 62000265
                  62000108 62000258 62000266 62000001 62000211 62000241 62000273 62000055 62000079
                  62000181 62000268 62000070 62000094 62000149 62000216 62000269 62000065 62000096
                  62000008 62000040 62000168 62000191 62000263 62000005 62000046 62000106 62000114
                  62000254 62000257 62000086 62000198 62000232 62000068 62000123 62000131 62000137
                  62000187 62000246 62000115 62000141 62000171 62000189 62000201 62000218 62000014
                  62000028 62000063 62000125 62000130 62000146 62000152 62000196 62000204 62000236
                  62000242 62000259 62000044 62000042 62000047 62000076 62000089 62000104 62000147
                  62000164 62000213 62000214 62000161 62000174 62000185 62000186 62000209 62000217
                  62000226 62000230 62000235 62000251 62000261 62000264 62000085 62000129 62000156
                  62000099 62000105 62000109 62000138 62000153 62000176 62000207 62000253 62000018
                  62000061 62000095 62000142 62000145 62000151 62000162 62000208 62000210 62000221
                  62000250 62000004 62000011 62000022 62000032 62000034 62000058 62000116 62000143
                  62000163 62000205 62000227 62000233 62000237 62000013 62000035 62000036 62000092
                  62000103 62000120 62000122 62000030 62000077 62000090 62000102 62000126 62000139
                  62000140 62000179 62000222 62000225 62000239 62000271 62000048 62000100 62000111
                  62000118 62000167 62000178 62000215 62000002 62000016 62000019 62000027 62000003
                  62000024 62000051 62000078 62000084 62000087 62000148 62000165 62000203 62000212
                  62000240 62000244 62000267 62000272 62000276 62000025 62000097 62000132 62000159
                  62000180 62000182 62000200 62000219 62000247 62000252 62000243 62000255 62000256
                  62000260 62000009 62000023 62000041 62000054 62000056 62000121 62000133 62000154
                  62000169 62000170 62000113 62000119 62000037 62000158 62000045 62000067
      IMMI2GEN    62000060 62000043 62000050 62000053 62000135 62000155 62000188 62000265 62000108
                  62000258 62000266 62000001 62000241 62000055 62000059 62000079 62000101 62000181
                  62000183 62000268 62000094 62000149 62000216 62000269 62000065 62000096 62000008
                  62000015 62000020 62000040 62000064 62000168 62000191 62000263 62000033 62000073
                  62000091 62000106 62000114 62000150 62000245 62000254 62000198 62000202 62000232
                  62000031 62000068 62000107 62000137 62000187 62000246 62000012 62000141 62000171
                  62000197 62000201 62000218 62000028 62000063 62000112 62000146 62000152 62000236
                  62000242 62000259 62000044 62000042 62000047 62000076 62000089 62000164 62000278
                  62000161 62000174 62000185 62000209 62000217 62000226 62000230 62000235 62000251
                  62000264 62000010 62000085 62000127 62000129 62000156 62000099 62000105 62000109
                  62000110 62000192 62000018 62000081 62000142 62000145 62000151 62000173 62000208
                  62000210 62000221 62000248 62000249 62000250 62000029 62000032 62000116 62000143
                  62000160 62000163 62000193 62000205 62000224 62000227 62000233 62000237 62000013
                  62000036 62000092 62000120 62000122 62000030 62000077 62000102 62000225 62000271
                  62000048 62000049 62000075 62000100 62000111 62000167 62000178 62000215 62000262
                  62000002 62000019 62000027 62000024 62000078 62000084 62000093 62000148 62000190
                  62000212 62000240 62000244 62000267 62000276 62000057 62000083 62000097 62000117
                  62000182 62000200 62000247 62000252 62000228 62000243 62000255 62000256 62000260
                  62000009 62000054 62000056 62000066 62000154 62000170 62000007 62000134 62000119
                  62000158

   1 WARNING(S) FOUND IN THE INPUT INSTRUCTIONS




Investigate sources of model misfit for 620

SUMMARY OF ANALYSIS

Number of groups                                                 1
Number of observations                                        4568

Number of dependent variables                                    3
Number of independent variables                                  9
Number of continuous latent variables                            0

Observed dependent variables

  Continuous
   FLIT        FCFMLRTY    FLCONFIN

Observed independent variables
   FLSCHOOL    NOBULLY     FLFAMILY    EDUSHORT    STRATIO     MALE
   IMMI1GEN    IMMI2GEN    ESCS

Variables with special functions

  Cluster variable      CNTSCHID
  Weight variable (cluster-size scaling)
    W_STU
  Between weight variable (sample-size scaling)
    W_SCH

  Within variables
   FCFMLRTY    FLCONFIN    MALE        IMMI1GEN    IMMI2GEN    ESCS

  Between variables
   EDUSHORT    STRATIO


Estimator                                                      MLR
Information matrix                                        OBSERVED
Maximum number of iterations                                   100
Convergence criterion                                    0.100D-05
Maximum number of EM iterations                                500
Convergence criteria for the EM algorithm
  Loglikelihood change                                   0.100D-02
  Relative loglikelihood change                          0.100D-05
  Derivative                                             0.100D-03
Minimum variance                                         0.100D-03
Maximum number of steepest descent iterations                   20
Maximum number of iterations for H1                           2000
Convergence criterion for H1                             0.100D-03
Optimization algorithm                                         EMA

Input data file(s)
  C:\Users\tctan\finlit1_620.dat
Input data format  FREE


SUMMARY OF DATA

     Number of missing data patterns             1
     Number of clusters                        276

     Average cluster size       16.551

     Estimated Intraclass Correlations for the Y Variables

                Intraclass              Intraclass              Intraclass
     Variable  Correlation   Variable  Correlation   Variable  Correlation

     FLIT         0.173      FCFMLRTY     0.000      FLCONFIN     0.000
     FLSCHOOL     0.011      NOBULLY      0.017      FLFAMILY     0.012
     ESCS         0.000



COVARIANCE COVERAGE OF DATA

Minimum covariance coverage value   0.100


     PROPORTION OF DATA PRESENT


           Covariance Coverage
              EDUSHORT      FLIT          FCFMLRTY      FLCONFIN      FLSCHOOL
              ________      ________      ________      ________      ________
 EDUSHORT       1.000
 FLIT           1.000         1.000
 FCFMLRTY       1.000         1.000         1.000
 FLCONFIN       1.000         1.000         1.000         1.000
 FLSCHOOL       1.000         1.000         1.000         1.000         1.000
 NOBULLY        1.000         1.000         1.000         1.000         1.000
 FLFAMILY       1.000         1.000         1.000         1.000         1.000
 ESCS           1.000         1.000         1.000         1.000         1.000
 MALE           1.000         1.000         1.000         1.000         1.000
 IMMI1GEN       1.000         1.000         1.000         1.000         1.000
 IMMI2GEN       1.000         1.000         1.000         1.000         1.000
 STRATIO        1.000         1.000         1.000         1.000         1.000


           Covariance Coverage
              NOBULLY       FLFAMILY      ESCS          MALE          IMMI1GEN
              ________      ________      ________      ________      ________
 NOBULLY        1.000
 FLFAMILY       1.000         1.000
 ESCS           1.000         1.000         1.000
 MALE           1.000         1.000         1.000         1.000
 IMMI1GEN       1.000         1.000         1.000         1.000         1.000
 IMMI2GEN       1.000         1.000         1.000         1.000         1.000
 STRATIO        1.000         1.000         1.000         1.000         1.000


           Covariance Coverage
              IMMI2GEN      STRATIO
              ________      ________
 IMMI2GEN       1.000
 STRATIO        1.000         1.000



UNIVARIATE SAMPLE STATISTICS


     UNIVARIATE HIGHER-ORDER MOMENT DESCRIPTIVE STATISTICS

         Variable/         Mean/     Skewness/   Minimum/ % with                Percentiles
        Sample Size      Variance    Kurtosis    Maximum  Min/Max      20%/60%    40%/80%    Median

     EDUSHORT              0.552       0.316      -1.421    6.16%      -0.238      0.265      0.430
             276.000       0.977       0.064       2.959    3.62%       0.622      1.291
     FLIT                508.274      -0.361     188.726    0.02%     424.604    487.620    513.474
            4568.000    7895.819      -0.238     776.362    0.02%     535.546    581.970
     FCFMLRTY              6.410       0.392      -8.416    0.02%       0.000      4.000      6.000
            4568.000      26.106      -0.698      22.085    0.02%       7.191     11.000
     FLCONFIN             -0.059      -0.167      -2.882    0.02%      -0.708     -0.225     -0.009
            4568.000       0.885       0.479       2.941    0.02%       0.191      0.658
     FLSCHOOL             -0.198       0.351      -2.906    0.02%      -1.493     -0.506     -0.231
            4568.000       1.040      -0.486       2.482    0.02%       0.135      0.457
     NOBULLY               0.215      -1.346      -3.859    0.63%      -0.672      0.782      0.782
            4568.000       0.831       1.967       3.514    0.02%       0.782      0.782
     FLFAMILY              0.142      -0.076      -2.748    0.02%      -0.593     -0.151      0.162
            4568.000       1.011       0.033       3.351    0.02%       0.477      0.832
     ESCS                 -0.351      -0.159      -3.662    0.02%      -1.445     -0.725     -0.376
            4568.000       1.333      -0.900       2.721    0.02%       0.003      0.804
     MALE                  0.503      -0.012       0.000   49.21%       0.000      0.000      1.000
            4568.000       0.250      -2.000       1.000   50.79%       1.000      1.000
     IMMI1GEN              0.027       5.813       0.000   97.59%       0.000      0.000      0.000
            4568.000       0.026      31.795       1.000    2.41%       0.000      0.000
     IMMI2GEN              0.043       4.496       0.000   96.13%       0.000      0.000      0.000
            4568.000       0.041      18.219       1.000    3.87%       0.000      0.000
     STRATIO              11.048       2.459     -14.229    0.36%       7.222      9.157     10.182
             276.000      32.709      16.045      50.621    0.36%      10.823     13.217


THE MODEL ESTIMATION TERMINATED NORMALLY



MODEL FIT INFORMATION

Number of Free Parameters                       53

Loglikelihood

          H0 Value                      -72312.825
          H0 Scaling Correction Factor      1.4339
            for MLR
          H1 Value                      -72227.832
          H1 Scaling Correction Factor      1.3885
            for MLR

Information Criteria

          Akaike (AIC)                  144731.650
          Bayesian (BIC)                145072.272
          Sample-Size Adjusted BIC      144903.858
            (n* = (n + 2) / 24)

Chi-Square Test of Model Fit

          Value                            131.971*
          Degrees of Freedom                    24
          P-Value                           0.0000
          Scaling Correction Factor         1.2880
            for MLR

*   The chi-square value for MLM, MLMV, MLR, ULSMV, WLSM and WLSMV cannot be used
    for chi-square difference testing in the regular way.  MLM, MLR and WLSM
    chi-square difference testing is described on the Mplus website.  MLMV, WLSMV,
    and ULSMV difference testing is done using the DIFFTEST option.

RMSEA (Root Mean Square Error Of Approximation)

          Estimate                           0.031

CFI/TLI

          CFI                                0.938
          TLI                                0.852

Chi-Square Test of Model Fit for the Baseline Model

          Value                           1785.086
          Degrees of Freedom                    57
          P-Value                           0.0000

SRMR (Standardized Root Mean Square Residual)

          Value for Within                   0.026
          Value for Between                  0.109



MODEL RESULTS

                                                    Two-Tailed
                    Estimate       S.E.  Est./S.E.    P-Value

Within Level

 FCFMLRTY   ON
    FLSCHOOL           1.747      0.082     21.393      0.000
    NOBULLY            0.325      0.091      3.563      0.000
    FLFAMILY           0.603      0.081      7.426      0.000
    MALE               0.531      0.141      3.760      0.000

 FLCONFIN   ON
    FLSCHOOL           0.135      0.014      9.327      0.000
    NOBULLY            0.030      0.017      1.806      0.071
    FLFAMILY           0.176      0.017     10.121      0.000
    MALE               0.226      0.033      6.928      0.000

 FLIT       ON
    FLSCHOOL          -3.733      1.575     -2.371      0.018
    NOBULLY            3.140      1.377      2.281      0.023
    FLFAMILY           5.506      1.272      4.330      0.000
    FCFMLRTY           0.157      0.321      0.489      0.625
    FLCONFIN           2.743      1.302      2.106      0.035
    MALE               8.331      2.400      3.472      0.001
    IMMI1GEN         -37.815     10.375     -3.645      0.000
    IMMI2GEN          -0.333      6.870     -0.048      0.961
    ESCS              20.489      1.340     15.285      0.000

 FLSCHOOL WITH
    NOBULLY           -0.043      0.015     -2.830      0.005
    FLFAMILY           0.246      0.018     13.565      0.000

 NOBULLY  WITH
    FLFAMILY          -0.033      0.016     -2.063      0.039

 FCFMLRTY WITH
    FLCONFIN           0.699      0.073      9.606      0.000

 ESCS     WITH
    FLFAMILY           0.061      0.021      2.936      0.003

 Means
    ESCS              -0.351      0.045     -7.768      0.000

 Intercepts
    FCFMLRTY           6.143      0.101     60.975      0.000
    FLCONFIN          -0.173      0.025     -6.880      0.000

 Variances
    FLSCHOOL           1.029      0.023     44.054      0.000
    NOBULLY            0.813      0.029     27.670      0.000
    FLFAMILY           0.995      0.023     42.804      0.000
    ESCS               1.333      0.030     44.329      0.000

 Residual Variances
    FLIT            5608.946    142.454     39.374      0.000
    FCFMLRTY          21.957      0.549     40.005      0.000
    FLCONFIN           0.812      0.024     34.413      0.000

Between Level

 FLIT       ON
    FLSCHOOL         -58.244    166.989     -0.349      0.727
    NOBULLY          220.797    247.582      0.892      0.372
    FLFAMILY         -41.344    256.314     -0.161      0.872
    EDUSHORT           2.744      8.354      0.329      0.743
    STRATIO            0.877      0.366      2.395      0.017

 FLSCHOOL WITH
    NOBULLY           -0.006      0.005     -1.180      0.238
    FLFAMILY           0.004      0.004      0.814      0.416
    EDUSHORT           0.019      0.016      1.149      0.251

 NOBULLY  WITH
    FLFAMILY           0.011      0.004      2.956      0.003
    EDUSHORT          -0.038      0.017     -2.236      0.025

 FLFAMILY WITH
    EDUSHORT           0.003      0.020      0.170      0.865

 Means
    EDUSHORT           0.552      0.072      7.655      0.000
    FLSCHOOL          -0.195      0.019    -10.515      0.000
    NOBULLY            0.209      0.018     11.786      0.000
    FLFAMILY           0.140      0.019      7.428      0.000

 Intercepts
    FLIT             446.551     23.138     19.299      0.000

 Variances
    EDUSHORT           0.977      0.107      9.133      0.000
    FLSCHOOL           0.014      0.006      2.172      0.030
    NOBULLY            0.019      0.006      3.281      0.001
    FLFAMILY           0.015      0.005      2.812      0.005

 Residual Variances
    FLIT             427.307    315.266      1.355      0.175


STANDARDIZED MODEL RESULTS


STDYX Standardization

                                                    Two-Tailed
                    Estimate       S.E.  Est./S.E.    P-Value

Within Level

 FCFMLRTY   ON
    FLSCHOOL           0.347      0.017     20.584      0.000
    NOBULLY            0.057      0.016      3.540      0.000
    FLFAMILY           0.118      0.016      7.495      0.000
    MALE               0.052      0.014      3.758      0.000

 FLCONFIN   ON
    FLSCHOOL           0.146      0.016      9.203      0.000
    NOBULLY            0.029      0.016      1.820      0.069
    FLFAMILY           0.187      0.018     10.329      0.000
    MALE               0.120      0.017      7.076      0.000

 FLIT       ON
    FLSCHOOL          -0.048      0.020     -2.380      0.017
    NOBULLY            0.036      0.016      2.301      0.021
    FLFAMILY           0.069      0.016      4.362      0.000
    FCFMLRTY           0.010      0.021      0.489      0.625
    FLCONFIN           0.033      0.015      2.111      0.035
    MALE               0.053      0.015      3.467      0.001
    IMMI1GEN          -0.078      0.021     -3.672      0.000
    IMMI2GEN          -0.001      0.018     -0.048      0.961
    ESCS               0.298      0.018     16.575      0.000

 FLSCHOOL WITH
    NOBULLY           -0.047      0.017     -2.840      0.005
    FLFAMILY           0.243      0.017     14.566      0.000

 NOBULLY  WITH
    FLFAMILY          -0.037      0.018     -2.051      0.040

 FCFMLRTY WITH
    FLCONFIN           0.166      0.017      9.842      0.000

 ESCS     WITH
    FLFAMILY           0.053      0.018      2.942      0.003

 Means
    ESCS              -0.304      0.039     -7.700      0.000

 Intercepts
    FCFMLRTY           1.203      0.021     57.848      0.000
    FLCONFIN          -0.183      0.026     -7.067      0.000

 Variances
    FLSCHOOL           1.000      0.000    999.000    999.000
    NOBULLY            1.000      0.000    999.000    999.000
    FLFAMILY           1.000      0.000    999.000    999.000
    ESCS               1.000      0.000    999.000    999.000

 Residual Variances
    FLIT               0.891      0.011     80.678      0.000
    FCFMLRTY           0.842      0.013     66.793      0.000
    FLCONFIN           0.916      0.010     88.442      0.000

Between Level

 FLIT       ON
    FLSCHOOL          -0.188      0.527     -0.356      0.722
    NOBULLY            0.819      0.871      0.941      0.347
    FLFAMILY          -0.136      0.841     -0.161      0.872
    EDUSHORT           0.074      0.225      0.327      0.743
    STRATIO            0.136      0.056      2.425      0.015

 FLSCHOOL WITH
    NOBULLY           -0.350      0.276     -1.268      0.205
    FLFAMILY           0.255      0.309      0.827      0.408
    EDUSHORT           0.159      0.136      1.174      0.240

 NOBULLY  WITH
    FLFAMILY           0.658      0.222      2.963      0.003
    EDUSHORT          -0.279      0.125     -2.225      0.026

 FLFAMILY WITH
    EDUSHORT           0.028      0.168      0.169      0.866

 Means
    EDUSHORT           0.559      0.069      8.142      0.000
    FLSCHOOL          -1.640      0.414     -3.965      0.000
    NOBULLY            1.532      0.287      5.342      0.000
    FLFAMILY           1.163      0.243      4.788      0.000

 Intercepts
    FLIT              12.134      1.197     10.141      0.000

 Variances
    EDUSHORT           1.000      0.000    999.000    999.000
    FLSCHOOL           1.000      0.000    999.000    999.000
    NOBULLY            1.000      0.000    999.000    999.000
    FLFAMILY           1.000      0.000    999.000    999.000

 Residual Variances
    FLIT               0.315      0.237      1.330      0.184


R-SQUARE

Within Level

    Observed                                        Two-Tailed
    Variable        Estimate       S.E.  Est./S.E.    P-Value

    FLIT               0.109      0.011      9.865      0.000
    FCFMLRTY           0.158      0.013     12.518      0.000
    FLCONFIN           0.084      0.010      8.075      0.000

Between Level

    Observed                                        Two-Tailed
    Variable        Estimate       S.E.  Est./S.E.    P-Value

    FLIT               0.685      0.237      2.885      0.004


QUALITY OF NUMERICAL RESULTS

     Condition Number for the Information Matrix              0.672E-08
       (ratio of smallest to largest eigenvalue)


TOTAL, TOTAL INDIRECT, SPECIFIC INDIRECT, AND DIRECT EFFECTS


                                                    Two-Tailed
                    Estimate       S.E.  Est./S.E.    P-Value

WITHIN

Effects from FLSCHOOL to FLIT

  Total               -3.088      1.435     -2.151      0.031
  Total indirect       0.645      0.563      1.144      0.253

  Specific indirect 1
    FLIT
    FCFMLRTY
    FLSCHOOL           0.274      0.561      0.489      0.625

  Specific indirect 2
    FLIT
    FLCONFIN
    FLSCHOOL           0.370      0.181      2.048      0.041

  Direct
    FLIT
    FLSCHOOL          -3.733      1.575     -2.371      0.018


Effects from NOBULLY to FLIT

  Total                3.275      1.380      2.373      0.018
  Total indirect       0.135      0.116      1.160      0.246

  Specific indirect 1
    FLIT
    FCFMLRTY
    NOBULLY            0.051      0.104      0.492      0.623

  Specific indirect 2
    FLIT
    FLCONFIN
    NOBULLY            0.084      0.058      1.434      0.152

  Direct
    FLIT
    NOBULLY            3.140      1.377      2.281      0.023


Effects from FLFAMILY to FLIT

  Total                6.083      1.243      4.892      0.000
  Total indirect       0.578      0.281      2.054      0.040

  Specific indirect 1
    FLIT
    FCFMLRTY
    FLFAMILY           0.095      0.195      0.485      0.628

  Specific indirect 2
    FLIT
    FLCONFIN
    FLFAMILY           0.483      0.229      2.106      0.035

  Direct
    FLIT
    FLFAMILY           5.506      1.272      4.330      0.000


BETWEEN

Effects from FLSCHOOL to FLIT

  Total              -58.244    166.989     -0.349      0.727
  Total indirect       0.000      0.000    999.000      0.000

  Direct
    FLIT
    FLSCHOOL         -58.244    166.989     -0.349      0.727


Effects from NOBULLY to FLIT

  Total              220.797    247.582      0.892      0.372
  Total indirect       0.000      0.000    999.000      0.000

  Direct
    FLIT
    NOBULLY          220.797    247.582      0.892      0.372


Effects from FLFAMILY to FLIT

  Total              -41.344    256.314     -0.161      0.872
  Total indirect       0.000      0.000    999.000      0.000

  Direct
    FLIT
    FLFAMILY         -41.344    256.314     -0.161      0.872



STANDARDIZED TOTAL, TOTAL INDIRECT, SPECIFIC INDIRECT, AND DIRECT EFFECTS


STDYX Standardization

                                                    Two-Tailed
                    Estimate       S.E.  Est./S.E.    P-Value

WITHIN

Effects from FLSCHOOL to FLIT

  Total               -0.039      0.018     -2.164      0.030
  Total indirect       0.008      0.007      1.141      0.254

  Specific indirect 1
    FLIT
    FCFMLRTY
    FLSCHOOL           0.004      0.007      0.488      0.625

  Specific indirect 2
    FLIT
    FLCONFIN
    FLSCHOOL           0.005      0.002      2.049      0.040

  Direct
    FLIT
    FLSCHOOL          -0.048      0.020     -2.380      0.017


Effects from NOBULLY to FLIT

  Total                0.037      0.016      2.394      0.017
  Total indirect       0.002      0.001      1.159      0.246

  Specific indirect 1
    FLIT
    FCFMLRTY
    NOBULLY            0.001      0.001      0.491      0.623

  Specific indirect 2
    FLIT
    FLCONFIN
    NOBULLY            0.001      0.001      1.442      0.149

  Direct
    FLIT
    NOBULLY            0.036      0.016      2.301      0.021


Effects from FLFAMILY to FLIT

  Total                0.076      0.015      4.946      0.000
  Total indirect       0.007      0.004      2.063      0.039

  Specific indirect 1
    FLIT
    FCFMLRTY
    FLFAMILY           0.001      0.002      0.485      0.627

  Specific indirect 2
    FLIT
    FLCONFIN
    FLFAMILY           0.006      0.003      2.117      0.034

  Direct
    FLIT
    FLFAMILY           0.069      0.016      4.362      0.000


BETWEEN

Effects from FLSCHOOL to FLIT

  Total               -0.188      0.527     -0.356      0.722
  Total indirect       0.000      0.000      0.000      1.000

  Direct
    FLIT
    FLSCHOOL          -0.188      0.527     -0.356      0.722


Effects from NOBULLY to FLIT

  Total                0.819      0.871      0.941      0.347
  Total indirect       0.000      0.000      0.000      1.000

  Direct
    FLIT
    NOBULLY            0.819      0.871      0.941      0.347


Effects from FLFAMILY to FLIT

  Total               -0.136      0.841     -0.161      0.872
  Total indirect       0.000      0.000      0.000      1.000

  Direct
    FLIT
    FLFAMILY          -0.136      0.841     -0.161      0.872




MODEL MODIFICATION INDICES

Minimum M.I. value for printing the modification index    10.000

                                   M.I.     E.P.C.  Std E.P.C.  StdYX E.P.C.

Within Level

ON Statements

FCFMLRTY ON FLIT                  27.033     0.017      0.017        0.257
FCFMLRTY ON ESCS                  28.004     0.357      0.357        0.081
FLSCHOOL ON FCFMLRTY              33.764     0.351      0.351        1.767
FLSCHOOL ON FLCONFIN              22.284     0.687      0.687        0.638
FLSCHOOL ON MALE                  22.031     0.156      0.156        0.077
NOBULLY  ON FLIT                  13.535     0.002      0.002        0.195
NOBULLY  ON FLFAMILY              12.362     1.009      1.009        1.116
NOBULLY  ON ESCS                  12.378     0.046      0.046        0.059
NOBULLY  ON IMMI1GEN              10.173    -0.298     -0.298       -0.054
FLFAMILY ON FCFMLRTY              51.523    -0.316     -0.316       -1.619
FLFAMILY ON FLCONFIN              20.686    -0.601     -0.601       -0.568
FLFAMILY ON MALE                  24.197    -0.160     -0.160       -0.080
ESCS     ON FLIT                  16.136     0.009      0.009        0.611
ESCS     ON FCFMLRTY              27.895     0.020      0.020        0.089
ESCS     ON NOBULLY               12.170     0.075      0.075        0.059

WITH Statements

FLSCHOOL WITH FCFMLRTY            28.006    30.462     30.462        6.408
NOBULLY  WITH FCFMLRTY            27.907  -256.987   -256.987      -60.812
FLFAMILY WITH FCFMLRTY            28.006    -7.255     -7.255       -1.552
ESCS     WITH FCFMLRTY            28.004     0.474      0.474        0.088
ESCS     WITH NOBULLY             12.378     0.062      0.062        0.059
MALE     WITH FLSCHOOL            22.027     0.039      0.039        0.077
MALE     WITH FLFAMILY            24.204    -0.040     -0.040       -0.080
IMMI1GEN WITH NOBULLY             10.587    -0.008     -0.008       -0.055

Between Level


     Beginning Time:  13:05:12
        Ending Time:  13:06:02
       Elapsed Time:  00:00:50



MUTHEN & MUTHEN
3463 Stoner Ave.
Los Angeles, CA  90066

Tel: (310) 391-9971
Fax: (310) 391-8971
Web: www.StatModel.com
Support: Support@StatModel.com

Copyright (c) 1998-2019 Muthen & Muthen
