Mplus VERSION 8.3
MUTHEN & MUTHEN
02/17/2021   1:05 PM

INPUT INSTRUCTIONS


  TITLE:
      Investigate sources of model misfit for 124

  DATA:
      file = "C:\Users\tctan\finlit1_124.dat";


  VARIABLE:
      names =
          FKI CNTRYID CNTSCHID W_STU
          MATH READ FLIT                      ! PISA achievement variables
          MALE IMMI1GEN IMMI2GEN ESCS         ! Demographic info
          FCFMLRTY FLCONFIN                   ! Affect
          FLSCHOOL                            !   Lat var "Academic"
          NOBULLY                             !   Lat var "Safety"
          FLFAMILY                            !   Lat var "Community"
          W_SCH STRATIO                       ! School character
          EDUSHORT                            !   Lat var "inst. env."
          ;

      usevar =
          FLIT                                ! PISA achievement variables
          FLSCHOOL                            !   Lat var "Academic"
          NOBULLY                             !   Lat var "Safety"
          FLFAMILY                            !   Lat var "Community"
          EDUSHORT STRATIO                    !   Lat var "Inst env"
          FCFMLRTY FLCONFIN                   ! Affect
          MALE IMMI1GEN IMMI2GEN ESCS         ! Demographic info
          ;

      ! Vars that ONLY appear in L1
      within =
          FCFMLRTY FLCONFIN                   ! Affective vars
          MALE IMMI1GEN IMMI2GEN ESCS         ! L1 control vars
          ;

      ! Vars that ONLY appear in L2
      between =
          EDUSHORT STRATIO                    ! L2: school
          ;

      missing = all (-99);

      weight = W_STU;                         ! Student weight
      wtscale = cluster;                      ! Scale L1 weight to cluster size
      bweight = W_SCH;                        ! School weight
      bwtscale = sample;                      ! Scale L2 weight to sample

      cluster = CNTSCHID;                     ! Cluster by school ID


  ANALYSIS:
      processors = 4;

      type = twolevel;


  MODEL:

  %Within%                                    ! === L1: Student-level ===

      ! Indirect pathways (1st half): school climate vars onto mediators
          ! Onto mediator FAMILIARITY
      FCFMLRTY on FLSCHOOL NOBULLY FLFAMILY MALE;
          ! Onto mediator CONFIDENCE
      FLCONFIN on FLSCHOOL NOBULLY FLFAMILY MALE;

      ! Total effect
      FLIT on
          ! Direct pathways: school climate vars onto financial literacy
          FLSCHOOL NOBULLY FLFAMILY
          ! Indirect pathways (2nd half): affective vars onto financial literacy
          FCFMLRTY FLCONFIN
          ! Control vars (demographic info)
          MALE IMMI1GEN IMMI2GEN ESCS
          ;

      ! Covariances
          ! Between school climate vars
      FLSCHOOL with NOBULLY;
      FLSCHOOL with FLFAMILY;
      NOBULLY with FLFAMILY;
          ! Between mediators
      FCFMLRTY with FLCONFIN;
          ! ESCS with FLFAMILY
      ESCS with FLFAMILY

  %Between%                                   ! === L2: School-level ===

      FLIT on
          FLSCHOOL NOBULLY FLFAMILY EDUSHORT  ! School climate variables
          STRATIO                             ! Control: Student-teacher ratio
          ;

      FLSCHOOL with NOBULLY;
      NOBULLY with FLFAMILY;
      FLFAMILY with EDUSHORT;

      FLSCHOOL with FLFAMILY;
      NOBULLY with EDUSHORT;

      FLSCHOOL with EDUSHORT;


  MODEL INDIRECT:

      ! Indirect effects
      FLIT ind FLSCHOOL;
      FLIT ind NOBULLY;
      FLIT ind FLFAMILY;


  OUTPUT:
      stdyx                                   ! Fully standardised solution
      mod(all)                                ! Mod indices (all)
      ;



*** WARNING
  One or more individual-level variables have no variation within a
  cluster for the following clusters.

     Variable   Cluster IDs with no within-cluster variation

      FCFMLRTY    12400586 12400696
      FLCONFIN    12400849
      FLSCHOOL    12400696
      NOBULLY     12400483 12400076
      MALE        12400390 12400483 12400586 12400696 12400805 12400165 12400816 12400502 12400461
                  12400561 12400063 12400095 12400248 12400379 12400065 12400648 12400824 12400671
      IMMI1GEN    12400327 12400390 12400483 12400586 12400696 12400805 12400807 12400026 12400165
                  12400849 12400058 12400076 12400297 12400330 12400357 12400816 12400759 12400246
                  12400251 12400280 12400353 12400402 12400502 12400071 12400639 12400693 12400388
                  12400144 12400836 12400837 12400461 12400467 12400537 12400538 12400583 12400642
                  12400675 12400691 12400558 12400593 12400392 12400233 12400486 12400695 12400499
                  12400528 12400746 12400775 12400260 12400313 12400659 12400209 12400249 12400723
                  12400751 12400359 12400155 12400670 12400024 12400709 12400430 12400847 12400831
                  12400476 12400712 12400634 12400408 12400163 12400104 12400615 12400468 12400687
                  12400314 12400331 12400743 12400828 12400056 12400571 12400839 12400630 12400084
                  12400416 12400731 12400763 12400120 12400514 12400220 12400236 12400655 12400346
                  12400396 12400036 12400531 12400119 12400629 12400196 12400222 12400719 12400294
                  12400766 12400819 12400822 12400823 12400827 12400843 12400419 12400434 12400458
                  12400070 12400591 12400646 12400191 12400243 12400218 12400228 12400649 12400033
                  12400721 12400080 12400083 12400110 12400435 12400480 12400492 12400512 12400207
                  12400025 12400034 12400037 12400308 12400340 12400113 12400136 12400711 12400189
                  12400752 12400433 12400192 12400216 12400229 12400809 12400495 12400830 12400044
                  12400603 12400614 12400454 12400227 12400638 12400129 12400135 12400482 12400494
                  12400666 12400509 12400679 12400253 12400515 12400702 12400714 12400286 12400102
                  12400745 12400573 12400399 12400153 12400708 12400474 12400406 12400094 12400826
                  12400096 12400199 12400422 12400361 12400508 12400587 12400317 12400677 12400161
                  12400582 12400768 12400287 12400464 12400656 12400291 12400103 12400549 12400109
                  12400744 12400320 12400589
      IMMI2GEN    12400327 12400483 12400586 12400696 12400805 12400807 12400026 12400165 12400849
                  12400040 12400076 12400330 12400357 12400360 12400816 12400204 12400759 12400246
                  12400251 12400280 12400353 12400370 12400402 12400502 12400071 12400639 12400693
                  12400098 12400388 12400144 12400836 12400837 12400461 12400869 12400467 12400162
                  12400177 12400537 12400538 12400583 12400642 12400675 12400558 12400211 12400593
                  12400392 12400233 12400486 12400695 12400528 12400730 12400746 12400775 12400260
                  12400313 12400866 12400659 12400209 12400249 12400723 12400751 12400359 12400155
                  12400670 12400709 12400430 12400847 12400476 12400712 12400023 12400408 12400797
                  12400004 12400104 12400400 12400030 12400615 12400459 12400468 12400855 12400687
                  12400720 12400728 12400743 12400299 12400828 12400571 12400839 12400577 12400621
                  12400630 12400084 12400416 12400703 12400429 12400168 12400731 12400763 12400770
                  12400777 12400862 12400120 12400220 12400236 12400237 12400302 12400329 12400345
                  12400346 12400015 12400396 12400374 12400403 12400048 12400531 12400115 12400119
                  12400629 12400196 12400705 12400719 12400766 12400782 12400825 12400819 12400822
                  12400351 12400419 12400434 12400458 12400471 12400477 12400070 12400090 12400564
                  12400580 12400607 12400646 12400243 12400742 12400771 12400551 12400218 12400223
                  12400228 12400649 12400662 12400721 12400383 12400080 12400110 12400435 12400480
                  12400492 12400513 12400207 12400025 12400533 12400034 12400037 12400578 12400308
                  12400061 12400340 12400113 12400136 12400711 12400409 12400189 12400752 12400433
                  12400192 12400809 12400830 12400603 12400610 12400614 12400454 12400225 12400226
                  12400227 12400635 12400638 12400135 12400018 12400666 12400509 12400679 12400702
                  12400714 12400027 12400176 12400733 12400552 12400283 12400286 12400102 12400745
                  12400418 12400212 12400184 12400153 12400463 12400708 12400295 12400474 12400726
                  12400096 12400361 12400315 12400508 12400587 12400172 12400682 12400860 12400707
                  12400622 12400582 12400420 12400768 12400481 12400450 12400217 12400287 12400520
                  12400656 12400291 12400231 12400103 12400549 12400124 12400737 12400109 12400744
                  12400625 12400589 12400085 12400651

   1 WARNING(S) FOUND IN THE INPUT INSTRUCTIONS




Investigate sources of model misfit for 124

SUMMARY OF ANALYSIS

Number of groups                                                 1
Number of observations                                        7762

Number of dependent variables                                    3
Number of independent variables                                  9
Number of continuous latent variables                            0

Observed dependent variables

  Continuous
   FLIT        FCFMLRTY    FLCONFIN

Observed independent variables
   FLSCHOOL    NOBULLY     FLFAMILY    EDUSHORT    STRATIO     MALE
   IMMI1GEN    IMMI2GEN    ESCS

Variables with special functions

  Cluster variable      CNTSCHID
  Weight variable (cluster-size scaling)
    W_STU
  Between weight variable (sample-size scaling)
    W_SCH

  Within variables
   FCFMLRTY    FLCONFIN    MALE        IMMI1GEN    IMMI2GEN    ESCS

  Between variables
   EDUSHORT    STRATIO


Estimator                                                      MLR
Information matrix                                        OBSERVED
Maximum number of iterations                                   100
Convergence criterion                                    0.100D-05
Maximum number of EM iterations                                500
Convergence criteria for the EM algorithm
  Loglikelihood change                                   0.100D-02
  Relative loglikelihood change                          0.100D-05
  Derivative                                             0.100D-03
Minimum variance                                         0.100D-03
Maximum number of steepest descent iterations                   20
Maximum number of iterations for H1                           2000
Convergence criterion for H1                             0.100D-03
Optimization algorithm                                         EMA

Input data file(s)
  C:\Users\tctan\finlit1_124.dat
Input data format  FREE


SUMMARY OF DATA

     Number of missing data patterns             1
     Number of clusters                        492

     Average cluster size       15.776

     Estimated Intraclass Correlations for the Y Variables

                Intraclass              Intraclass              Intraclass
     Variable  Correlation   Variable  Correlation   Variable  Correlation

     FLIT         0.078      FCFMLRTY     0.000      FLCONFIN     0.000
     FLSCHOOL     0.015      NOBULLY      0.015      FLFAMILY     0.010
     ESCS         0.000



COVARIANCE COVERAGE OF DATA

Minimum covariance coverage value   0.100


     PROPORTION OF DATA PRESENT


           Covariance Coverage
              EDUSHORT      FLIT          FCFMLRTY      FLCONFIN      FLSCHOOL
              ________      ________      ________      ________      ________
 EDUSHORT       1.000
 FLIT           1.000         1.000
 FCFMLRTY       1.000         1.000         1.000
 FLCONFIN       1.000         1.000         1.000         1.000
 FLSCHOOL       1.000         1.000         1.000         1.000         1.000
 NOBULLY        1.000         1.000         1.000         1.000         1.000
 FLFAMILY       1.000         1.000         1.000         1.000         1.000
 ESCS           1.000         1.000         1.000         1.000         1.000
 MALE           1.000         1.000         1.000         1.000         1.000
 IMMI1GEN       1.000         1.000         1.000         1.000         1.000
 IMMI2GEN       1.000         1.000         1.000         1.000         1.000
 STRATIO        1.000         1.000         1.000         1.000         1.000


           Covariance Coverage
              NOBULLY       FLFAMILY      ESCS          MALE          IMMI1GEN
              ________      ________      ________      ________      ________
 NOBULLY        1.000
 FLFAMILY       1.000         1.000
 ESCS           1.000         1.000         1.000
 MALE           1.000         1.000         1.000         1.000
 IMMI1GEN       1.000         1.000         1.000         1.000         1.000
 IMMI2GEN       1.000         1.000         1.000         1.000         1.000
 STRATIO        1.000         1.000         1.000         1.000         1.000


           Covariance Coverage
              IMMI2GEN      STRATIO
              ________      ________
 IMMI2GEN       1.000
 STRATIO        1.000         1.000



UNIVARIATE SAMPLE STATISTICS


     UNIVARIATE HIGHER-ORDER MOMENT DESCRIPTIVE STATISTICS

         Variable/         Mean/     Skewness/   Minimum/ % with                Percentiles
        Sample Size      Variance    Kurtosis    Maximum  Min/Max      20%/60%    40%/80%    Median

     EDUSHORT             -0.551       0.951      -1.421   30.28%      -1.421     -0.648     -0.312
             492.000       0.750       1.105       2.959    0.41%      -0.238      0.268
     FLIT                533.237      -0.157     114.828    0.01%     433.144    491.881    515.657
            7762.000    8981.384      -0.065     821.013    0.01%     540.047    596.372
     FCFMLRTY              7.606       0.103      -8.458    0.01%       1.000      6.000      7.000
            7762.000      27.711      -0.823      22.041    0.01%       9.000     12.000
     FLCONFIN             -0.013       0.042      -3.223    0.01%      -0.721     -0.225     -0.027
            7762.000       1.004       0.380       2.900    0.01%       0.187      0.658
     FLSCHOOL              0.193       0.156      -3.261    0.01%      -0.794     -0.049      0.402
            7762.000       1.195      -0.508       3.150    0.01%       0.402      0.973
     NOBULLY              -0.190      -0.835      -3.937    0.01%      -1.163     -0.296     -0.146
            7762.000       1.178       0.373       3.045    0.01%       0.782      0.782
     FLFAMILY              0.060       0.049      -3.268    0.01%      -0.781     -0.219     -0.052
            7762.000       1.067       0.089       3.377    0.01%       0.302      0.832
     ESCS                  0.444      -0.492      -5.783    0.01%      -0.379      0.204      0.474
            7762.000       0.664       0.171       3.429    0.01%       0.685      1.102
     MALE                  0.504      -0.018       0.000   50.27%       0.000      0.000      0.000
            7762.000       0.250      -2.000       1.000   49.73%       1.000      1.000
     IMMI1GEN              0.157       1.886       0.000   87.63%       0.000      0.000      0.000
            7762.000       0.132       1.557       1.000   12.37%       0.000      0.000
     IMMI2GEN              0.222       1.338       0.000   87.19%       0.000      0.000      0.000
            7762.000       0.173      -0.209       1.000   12.81%       0.000      0.000
     STRATIO              13.106       0.199     -12.289    0.20%       4.140      9.883     13.040
             492.000      96.342      -0.403      40.050    0.20%      16.297     20.931


THE MODEL ESTIMATION TERMINATED NORMALLY



MODEL FIT INFORMATION

Number of Free Parameters                       53

Loglikelihood

          H0 Value                     -123637.873
          H0 Scaling Correction Factor      2.3436
            for MLR
          H1 Value                     -123387.487
          H1 Scaling Correction Factor      2.3426
            for MLR

Information Criteria

          Akaike (AIC)                  247381.746
          Bayesian (BIC)                247750.467
          Sample-Size Adjusted BIC      247582.043
            (n* = (n + 2) / 24)

Chi-Square Test of Model Fit

          Value                            213.980*
          Degrees of Freedom                    24
          P-Value                           0.0000
          Scaling Correction Factor         2.3403
            for MLR

*   The chi-square value for MLM, MLMV, MLR, ULSMV, WLSM and WLSMV cannot be used
    for chi-square difference testing in the regular way.  MLM, MLR and WLSM
    chi-square difference testing is described on the Mplus website.  MLMV, WLSMV,
    and ULSMV difference testing is done using the DIFFTEST option.

RMSEA (Root Mean Square Error Of Approximation)

          Estimate                           0.032

CFI/TLI

          CFI                                0.899
          TLI                                0.761

Chi-Square Test of Model Fit for the Baseline Model

          Value                           1946.731
          Degrees of Freedom                    57
          P-Value                           0.0000

SRMR (Standardized Root Mean Square Residual)

          Value for Within                   0.037
          Value for Between                  0.065



MODEL RESULTS

                                                    Two-Tailed
                    Estimate       S.E.  Est./S.E.    P-Value

Within Level

 FCFMLRTY   ON
    FLSCHOOL           1.750      0.082     21.277      0.000
    NOBULLY            0.236      0.082      2.863      0.004
    FLFAMILY           0.238      0.084      2.828      0.005
    MALE               0.832      0.153      5.426      0.000

 FLCONFIN   ON
    FLSCHOOL           0.195      0.015     12.887      0.000
    NOBULLY            0.016      0.014      1.152      0.249
    FLFAMILY           0.173      0.017     10.323      0.000
    MALE               0.360      0.029     12.226      0.000

 FLIT       ON
    FLSCHOOL          -9.207      1.339     -6.878      0.000
    NOBULLY            6.240      1.448      4.310      0.000
    FLFAMILY          -1.912      1.697     -1.127      0.260
    FCFMLRTY           4.222      0.349     12.090      0.000
    FLCONFIN           0.420      1.403      0.299      0.765
    MALE               5.158      2.797      1.844      0.065
    IMMI1GEN           2.471      4.474      0.552      0.581
    IMMI2GEN           4.313      4.168      1.035      0.301
    ESCS              19.520      1.849     10.556      0.000

 FLSCHOOL WITH
    NOBULLY           -0.035      0.021     -1.699      0.089
    FLFAMILY           0.261      0.021     12.260      0.000

 NOBULLY  WITH
    FLFAMILY          -0.067      0.023     -2.895      0.004

 FCFMLRTY WITH
    FLCONFIN           0.890      0.082     10.808      0.000

 ESCS     WITH
    FLFAMILY           0.051      0.013      3.969      0.000

 Means
    ESCS               0.444      0.024     18.403      0.000

 Intercepts
    FCFMLRTY           7.187      0.132     54.328      0.000
    FLCONFIN          -0.195      0.022     -8.955      0.000

 Variances
    FLSCHOOL           1.169      0.026     45.697      0.000
    NOBULLY            1.160      0.030     38.041      0.000
    FLFAMILY           1.058      0.025     43.154      0.000
    ESCS               0.664      0.019     34.581      0.000

 Residual Variances
    FLIT            7225.205    199.729     36.175      0.000
    FCFMLRTY          23.539      0.546     43.142      0.000
    FLCONFIN           0.875      0.022     40.123      0.000

Between Level

 FLIT       ON
    FLSCHOOL         -46.162     51.484     -0.897      0.370
    NOBULLY           91.668     62.172      1.474      0.140
    FLFAMILY        -106.498     87.697     -1.214      0.225
    EDUSHORT          -2.859      3.827     -0.747      0.455
    STRATIO           -0.306      0.260     -1.180      0.238

 FLSCHOOL WITH
    NOBULLY            0.006      0.005      1.181      0.238
    FLFAMILY          -0.002      0.005     -0.337      0.736
    EDUSHORT           0.008      0.017      0.472      0.637

 NOBULLY  WITH
    FLFAMILY           0.002      0.005      0.317      0.751
    EDUSHORT          -0.004      0.016     -0.270      0.787

 FLFAMILY WITH
    EDUSHORT           0.004      0.015      0.244      0.807

 Means
    EDUSHORT          -0.551      0.059     -9.396      0.000
    FLSCHOOL           0.193      0.022      8.587      0.000
    NOBULLY           -0.191      0.020     -9.452      0.000
    FLFAMILY           0.060      0.018      3.345      0.001

 Intercepts
    FLIT             523.398     24.181     21.645      0.000

 Variances
    EDUSHORT           0.750      0.090      8.364      0.000
    FLSCHOOL           0.022      0.007      3.152      0.002
    NOBULLY            0.017      0.008      2.239      0.025
    FLFAMILY           0.012      0.007      1.623      0.105

 Residual Variances
    FLIT             440.474    199.310      2.210      0.027


STANDARDIZED MODEL RESULTS


STDYX Standardization

                                                    Two-Tailed
                    Estimate       S.E.  Est./S.E.    P-Value

Within Level

 FCFMLRTY   ON
    FLSCHOOL           0.360      0.017     21.127      0.000
    NOBULLY            0.048      0.017      2.869      0.004
    FLFAMILY           0.047      0.016      2.840      0.005
    MALE               0.079      0.015      5.440      0.000

 FLCONFIN   ON
    FLSCHOOL           0.211      0.016     13.176      0.000
    NOBULLY            0.017      0.014      1.157      0.247
    FLFAMILY           0.178      0.016     10.927      0.000
    MALE               0.180      0.014     12.641      0.000

 FLIT       ON
    FLSCHOOL          -0.111      0.016     -6.856      0.000
    NOBULLY            0.075      0.017      4.332      0.000
    FLFAMILY          -0.022      0.020     -1.127      0.260
    FCFMLRTY           0.248      0.020     12.542      0.000
    FLCONFIN           0.005      0.016      0.299      0.765
    MALE               0.029      0.016      1.842      0.065
    IMMI1GEN           0.010      0.018      0.552      0.581
    IMMI2GEN           0.020      0.019      1.034      0.301
    ESCS               0.178      0.016     10.806      0.000

 FLSCHOOL WITH
    NOBULLY           -0.030      0.018     -1.697      0.090
    FLFAMILY           0.235      0.018     12.931      0.000

 NOBULLY  WITH
    FLFAMILY          -0.061      0.021     -2.914      0.004

 FCFMLRTY WITH
    FLCONFIN           0.196      0.017     11.362      0.000

 ESCS     WITH
    FLFAMILY           0.061      0.015      3.991      0.000

 Means
    ESCS               0.545      0.033     16.355      0.000

 Intercepts
    FCFMLRTY           1.368      0.027     49.833      0.000
    FLCONFIN          -0.195      0.021     -9.266      0.000

 Variances
    FLSCHOOL           1.000      0.000    999.000    999.000
    NOBULLY            1.000      0.000    999.000    999.000
    FLFAMILY           1.000      0.000    999.000    999.000
    ESCS               1.000      0.000    999.000    999.000

 Residual Variances
    FLIT               0.904      0.011     79.422      0.000
    FCFMLRTY           0.853      0.012     71.434      0.000
    FLCONFIN           0.874      0.010     87.574      0.000

Between Level

 FLIT       ON
    FLSCHOOL          -0.262      0.277     -0.945      0.345
    NOBULLY            0.463      0.289      1.600      0.110
    FLFAMILY          -0.439      0.293     -1.499      0.134
    EDUSHORT          -0.095      0.127     -0.747      0.455
    STRATIO           -0.115      0.096     -1.199      0.230

 FLSCHOOL WITH
    NOBULLY            0.322      0.280      1.149      0.251
    FLFAMILY          -0.109      0.324     -0.335      0.738
    EDUSHORT           0.063      0.130      0.483      0.629

 NOBULLY  WITH
    FLFAMILY           0.119      0.388      0.307      0.759
    EDUSHORT          -0.039      0.142     -0.273      0.785

 FLFAMILY WITH
    EDUSHORT           0.038      0.156      0.245      0.806

 Means
    EDUSHORT          -0.636      0.093     -6.857      0.000
    FLSCHOOL           1.301      0.240      5.420      0.000
    NOBULLY           -1.449      0.344     -4.212      0.000
    FLFAMILY           0.555      0.244      2.270      0.023

 Intercepts
    FLIT              20.019      1.589     12.598      0.000

 Variances
    EDUSHORT           1.000      0.000    999.000    999.000
    FLSCHOOL           1.000      0.000    999.000    999.000
    NOBULLY            1.000      0.000    999.000    999.000
    FLFAMILY           1.000      0.000    999.000    999.000

 Residual Variances
    FLIT               0.644      0.291      2.215      0.027


R-SQUARE

Within Level

    Observed                                        Two-Tailed
    Variable        Estimate       S.E.  Est./S.E.    P-Value

    FLIT               0.096      0.011      8.409      0.000
    FCFMLRTY           0.147      0.012     12.319      0.000
    FLCONFIN           0.126      0.010     12.606      0.000

Between Level

    Observed                                        Two-Tailed
    Variable        Estimate       S.E.  Est./S.E.    P-Value

    FLIT               0.356      0.291      1.223      0.221


QUALITY OF NUMERICAL RESULTS

     Condition Number for the Information Matrix              0.411E-06
       (ratio of smallest to largest eigenvalue)


TOTAL, TOTAL INDIRECT, SPECIFIC INDIRECT, AND DIRECT EFFECTS


                                                    Two-Tailed
                    Estimate       S.E.  Est./S.E.    P-Value

WITHIN

Effects from FLSCHOOL to FLIT

  Total               -1.736      1.381     -1.257      0.209
  Total indirect       7.471      0.738     10.123      0.000

  Specific indirect 1
    FLIT
    FCFMLRTY
    FLSCHOOL           7.389      0.728     10.148      0.000

  Specific indirect 2
    FLIT
    FLCONFIN
    FLSCHOOL           0.082      0.274      0.299      0.765

  Direct
    FLIT
    FLSCHOOL          -9.207      1.339     -6.878      0.000


Effects from NOBULLY to FLIT

  Total                7.242      1.450      4.994      0.000
  Total indirect       1.002      0.363      2.761      0.006

  Specific indirect 1
    FLIT
    FCFMLRTY
    NOBULLY            0.995      0.360      2.761      0.006

  Specific indirect 2
    FLIT
    FLCONFIN
    NOBULLY            0.007      0.023      0.283      0.777

  Direct
    FLIT
    NOBULLY            6.240      1.448      4.310      0.000


Effects from FLFAMILY to FLIT

  Total               -0.833      1.687     -0.494      0.621
  Total indirect       1.079      0.436      2.474      0.013

  Specific indirect 1
    FLIT
    FCFMLRTY
    FLFAMILY           1.007      0.374      2.691      0.007

  Specific indirect 2
    FLIT
    FLCONFIN
    FLFAMILY           0.073      0.243      0.299      0.765

  Direct
    FLIT
    FLFAMILY          -1.912      1.697     -1.127      0.260


BETWEEN

Effects from FLSCHOOL to FLIT

  Total              -46.162     51.484     -0.897      0.370
  Total indirect       0.000      0.000    999.000      0.000

  Direct
    FLIT
    FLSCHOOL         -46.162     51.484     -0.897      0.370


Effects from NOBULLY to FLIT

  Total               91.668     62.172      1.474      0.140
  Total indirect       0.000      0.000    999.000      0.000

  Direct
    FLIT
    NOBULLY           91.668     62.172      1.474      0.140


Effects from FLFAMILY to FLIT

  Total             -106.498     87.697     -1.214      0.225
  Total indirect       0.000      0.000    999.000      0.000

  Direct
    FLIT
    FLFAMILY        -106.498     87.697     -1.214      0.225



STANDARDIZED TOTAL, TOTAL INDIRECT, SPECIFIC INDIRECT, AND DIRECT EFFECTS


STDYX Standardization

                                                    Two-Tailed
                    Estimate       S.E.  Est./S.E.    P-Value

WITHIN

Effects from FLSCHOOL to FLIT

  Total               -0.021      0.017     -1.257      0.209
  Total indirect       0.090      0.009     10.055      0.000

  Specific indirect 1
    FLIT
    FCFMLRTY
    FLSCHOOL           0.089      0.009      9.976      0.000

  Specific indirect 2
    FLIT
    FLCONFIN
    FLSCHOOL           0.001      0.003      0.299      0.765

  Direct
    FLIT
    FLSCHOOL          -0.111      0.016     -6.856      0.000


Effects from NOBULLY to FLIT

  Total                0.087      0.017      5.047      0.000
  Total indirect       0.012      0.004      2.790      0.005

  Specific indirect 1
    FLIT
    FCFMLRTY
    NOBULLY            0.012      0.004      2.790      0.005

  Specific indirect 2
    FLIT
    FLCONFIN
    NOBULLY            0.000      0.000      0.283      0.777

  Direct
    FLIT
    NOBULLY            0.075      0.017      4.332      0.000


Effects from FLFAMILY to FLIT

  Total               -0.010      0.019     -0.494      0.622
  Total indirect       0.012      0.005      2.502      0.012

  Specific indirect 1
    FLIT
    FCFMLRTY
    FLFAMILY           0.012      0.004      2.719      0.007

  Specific indirect 2
    FLIT
    FLCONFIN
    FLFAMILY           0.001      0.003      0.299      0.765

  Direct
    FLIT
    FLFAMILY          -0.022      0.020     -1.127      0.260


BETWEEN

Effects from FLSCHOOL to FLIT

  Total               -0.262      0.277     -0.945      0.345
  Total indirect       0.000      0.000      0.000      1.000

  Direct
    FLIT
    FLSCHOOL          -0.262      0.277     -0.945      0.345


Effects from NOBULLY to FLIT

  Total                0.463      0.289      1.600      0.110
  Total indirect       0.000      0.000      0.000      1.000

  Direct
    FLIT
    NOBULLY            0.463      0.289      1.600      0.110


Effects from FLFAMILY to FLIT

  Total               -0.439      0.293     -1.499      0.134
  Total indirect       0.000      0.000      0.000      1.000

  Direct
    FLIT
    FLFAMILY          -0.439      0.293     -1.499      0.134




MODEL MODIFICATION INDICES

Minimum M.I. value for printing the modification index    10.000

                                   M.I.     E.P.C.  Std E.P.C.  StdYX E.P.C.

Within Level

ON Statements

FCFMLRTY ON FLIT                  85.211     0.048      0.048        0.813
FCFMLRTY ON ESCS                  82.424     0.923      0.923        0.143
FLSCHOOL ON FLIT                  22.014     0.005      0.005        0.441
FLSCHOOL ON FCFMLRTY              54.039     0.320      0.320        1.555
FLSCHOOL ON FLCONFIN              37.971     0.627      0.627        0.580
FLSCHOOL ON MALE                  31.776     0.207      0.207        0.096
NOBULLY  ON FCFMLRTY              22.967    -0.216     -0.216       -1.053
NOBULLY  ON FLCONFIN              19.469    -0.459     -0.459       -0.427
NOBULLY  ON MALE                  19.792    -0.167     -0.167       -0.078
FLFAMILY ON FLIT                  36.091    -0.021     -0.021       -1.827
FLFAMILY ON FCFMLRTY              82.878    -0.307     -0.307       -1.566
FLFAMILY ON FLCONFIN              29.166    -0.496     -0.496       -0.482
FLFAMILY ON MALE                  16.246    -0.140     -0.140       -0.068
ESCS     ON FLIT                  82.083     0.006      0.006        0.621
ESCS     ON FCFMLRTY             103.143     0.027      0.027        0.176
ESCS     ON FLCONFIN              27.867     0.076      0.076        0.093

WITH Statements

FLSCHOOL WITH FCFMLRTY            82.462    53.705     53.705       10.238
NOBULLY  WITH FCFMLRTY            82.355  -232.179   -232.179      -44.431
FLFAMILY WITH FCFMLRTY            82.434   -11.911    -11.911       -2.387
ESCS     WITH FCFMLRTY            82.423     0.611      0.611        0.154
MALE     WITH FLSCHOOL            31.594     0.052      0.052        0.096
MALE     WITH NOBULLY             19.871    -0.042     -0.042       -0.078
MALE     WITH FLFAMILY            16.213    -0.035     -0.035       -0.068

Between Level


     Beginning Time:  13:05:11
        Ending Time:  13:05:55
       Elapsed Time:  00:00:44



MUTHEN & MUTHEN
3463 Stoner Ave.
Los Angeles, CA  90066

Tel: (310) 391-9971
Fax: (310) 391-8971
Web: www.StatModel.com
Support: Support@StatModel.com

Copyright (c) 1998-2019 Muthen & Muthen
