Mplus VERSION 8.3
MUTHEN & MUTHEN
02/17/2021   1:05 PM

INPUT INSTRUCTIONS


  TITLE:
      Investigate sources of model misfit for 643

  DATA:
      file = "C:\Users\tctan\finlit1_643.dat";


  VARIABLE:
      names =
          FKI CNTRYID CNTSCHID W_STU
          MATH READ FLIT                      ! PISA achievement variables
          MALE IMMI1GEN IMMI2GEN ESCS         ! Demographic info
          FCFMLRTY FLCONFIN                   ! Affect
          FLSCHOOL                            !   Lat var "Academic"
          NOBULLY                             !   Lat var "Safety"
          FLFAMILY                            !   Lat var "Community"
          W_SCH STRATIO                       ! School character
          EDUSHORT                            !   Lat var "inst. env."
          ;

      usevar =
          FLIT                                ! PISA achievement variables
          FLSCHOOL                            !   Lat var "Academic"
          NOBULLY                             !   Lat var "Safety"
          FLFAMILY                            !   Lat var "Community"
          EDUSHORT STRATIO                    !   Lat var "Inst env"
          FCFMLRTY FLCONFIN                   ! Affect
          MALE IMMI1GEN IMMI2GEN ESCS         ! Demographic info
          ;

      ! Vars that ONLY appear in L1
      within =
          FCFMLRTY FLCONFIN                   ! Affective vars
          MALE IMMI1GEN IMMI2GEN ESCS         ! L1 control vars
          ;

      ! Vars that ONLY appear in L2
      between =
          EDUSHORT STRATIO                    ! L2: school
          ;

      missing = all (-99);

      weight = W_STU;                         ! Student weight
      wtscale = cluster;                      ! Scale L1 weight to cluster size
      bweight = W_SCH;                        ! School weight
      bwtscale = sample;                      ! Scale L2 weight to sample

      cluster = CNTSCHID;                     ! Cluster by school ID


  ANALYSIS:
      processors = 4;

      type = twolevel;


  MODEL:

  %Within%                                    ! === L1: Student-level ===

      ! Indirect pathways (1st half): school climate vars onto mediators
          ! Onto mediator FAMILIARITY
      FCFMLRTY on FLSCHOOL NOBULLY FLFAMILY MALE;
          ! Onto mediator CONFIDENCE
      FLCONFIN on FLSCHOOL NOBULLY FLFAMILY MALE;

      ! Total effect
      FLIT on
          ! Direct pathways: school climate vars onto financial literacy
          FLSCHOOL NOBULLY FLFAMILY
          ! Indirect pathways (2nd half): affective vars onto financial literacy
          FCFMLRTY FLCONFIN
          ! Control vars (demographic info)
          MALE IMMI1GEN IMMI2GEN ESCS
          ;

      ! Covariances
          ! Between school climate vars
      FLSCHOOL with NOBULLY;
      FLSCHOOL with FLFAMILY;
      NOBULLY with FLFAMILY;
          ! Between mediators
      FCFMLRTY with FLCONFIN;
          ! ESCS with FLFAMILY
      ESCS with FLFAMILY

  %Between%                                   ! === L2: School-level ===

      FLIT on
          FLSCHOOL NOBULLY FLFAMILY EDUSHORT  ! School climate variables
          STRATIO                             ! Control: Student-teacher ratio
          ;

      FLSCHOOL with NOBULLY;
      NOBULLY with FLFAMILY;
      FLFAMILY with EDUSHORT;

      FLSCHOOL with FLFAMILY;
      NOBULLY with EDUSHORT;

      FLSCHOOL with EDUSHORT;


  MODEL INDIRECT:

      ! Indirect effects
      FLIT ind FLSCHOOL;
      FLIT ind NOBULLY;
      FLIT ind FLFAMILY;


  OUTPUT:
      stdyx                                   ! Fully standardised solution
      mod(all)                                ! Mod indices (all)
      ;



*** WARNING
  One or more individual-level variables have no variation within a
  cluster for the following clusters.

     Variable   Cluster IDs with no within-cluster variation

      FCFMLRTY    64300493 64300585 98300736
      FLCONFIN    98300137 98300162 98300386 64300763
      FLSCHOOL    98300162 98300426 98300779 64300306 64300540 64300763
      NOBULLY     98200364 98300074 98300137 98300162 98300171 98300285 98300365 98300413 64300480
                  64300540 64300585 64300674 64300744 98300251 98300696 64300520 64300648 64300351
      FLFAMILY    98300211 98300803
      MALE        98300162 98300211 98300236 98300285 98300365 98300426 98300523 98300621 98300779
                  98300805 64300136 64300480 64300539 64300540 64300674 98300028 98300392 98300499
                  98300244 98300696 64300129 64300094 98200163 98300118 98300045 98300154
      IMMI1GEN    98200364 98300031 98300137 98300162 98300171 98300211 98300218 98300236 98300285
                  98300365 98300386 98300413 98300426 98300489 98300523 98300549 98300621 98300779
                  98300803 98300805 64300136 64300148 64300306 64300480 64300493 64300540 64300585
                  64300623 64300674 64300763 98200612 98300028 98300049 98300202 98300257 98300293
                  98300349 98300392 98300499 98300657 98300683 98300700 98300717 64300052 64300300
                  64300354 64300521 64300744 64300773 98300243 98300244 98300251 98300324 98300395
                  98300433 98300458 98300594 98300609 98300696 98300706 98300736 98300775 98300804
                  64300123 64300129 64300145 64300146 64300254 64300265 64300520 64300557 64300648
                  64300666 98200647 98300048 98300064 98300155 64300215 64300257 64300351 64300806
                  98300158 98300178 98300215 98300237 98300298 98300332 98300347 98300566 98300642
                  98300681 98300352 98300677 98300697 64300066 64300094 64300291 64300310 64300341
                  64300486 64300630 64300713 98200163 98200498 98200627 98300118 98300598 98300629
                  98300669 98300705 64300394 64300501 98300045 98300117 64300075 64300209 64300696
                  98300297 64300359 64300393 64300491 98200225 98200538 64300684 98200764 98300253
                  98300353 98300496 64300677 98300323 98300514 98300802 64300130 64300338 64300661
                  98300517 98300518 98300553 98300709 64300343 98300100 64300519 98300364 98200658
                  98300015 64300355 98300132 64300478 64300523 64300632 64300660 98300226 98300291
                  98300464 98300719 64300222 64300662 98300384 98300443 98300614 64300388 64300560
                  64300749 98200462 98200637 98300070 98300052 98300758 64300083 64300308 64300371
                  64300698 98300252 64300047 64300138 64300498 98300024 98300301 64300036 64300239
                  64300366 98200766 98300383 98300432 98300501 64300327 64300650 64300686 98300500
                  98300579 98300742 64300092 64300220 64300275 64300423 64300581 98300030 98300478
                  98300597 98300675 64300017 64300144 64300162 64300232 64300426 64300559 64300710
                  98200587 98200635 98200685 98300022 98300154 98300161 98300223 98300317 98300344
                  98300382 98300396 98300462 98300515 98300570 98300656 98300740 98300744 98300760
                  64300102 64300203 64300221 64300276 64300296 64300377 64300391 64300421 64300424
                  64300448 64300549 64300728 64300789 98200264 98200358 98300157 98200267 98200505
                  98300122 98300130 98300328 98300340 98300438 98300485 98300539 98300544 98300564
                  98300606 98300611 98300616 98300622 98300667 98300733 98300763 64300050 64300056
                  64300063 64300132 64300186 64300243 64300256 64300272 64300292 64300340 64300372
                  64300386 64300407 64300413 64300446 64300453 64300479 64300490 64300633 64300639
                  64300708 64300741 64300746 64300779 98300732 98300748 98300806 64300053 64300060
                  64300062 64300103 64300111 64300133 64300159 64300188 64300199 64300216 64300259
                  64300277 64300303 64300313 64300320 64300322 98200153 64300358 98200250 64300376
                  98200316 64300402 64300416 64300431 64300432 64300434 64300458 64300592 64300605
                  98300060 98300087 64300645 98300094 98300104 64300670 64300683 98300139 64300693
                  98300185 64300725 98300190 98300204 98300219 98300235 98300260 98300319 98300394
                  98300439 98300445 98300466 98300529 98300543 98300546 98300563 98300619 98300625
                  98300627 98300633 98300640 98300643 64300439 64300482 98300653 64300508 98300067
                  98300068 98300761 98300799 64300023 64300031 64300046 98300192 98300209 64300706
                  64300073 64300074 64300077 64300088 64300105 98300254 64300119 64300302 98200081
                  64300305 64300344 98200408 98300567 98300568 98200506 64300395 98300581 98300144
                  98300166
      IMMI2GEN    98200364 98300031 98300074 98300137 98300162 98300171 98300211 98300218 98300236
                  98300285 98300365 98300386 98300413 98300426 98300489 98300523 98300549 98300621
                  98300779 98300803 98300805 64300136 64300148 64300306 64300480 64300493 64300539
                  64300540 64300585 64300623 64300674 64300763 98200612 98300028 98300049 98300153
                  98300202 98300257 98300293 98300349 98300392 98300499 98300657 98300683 98300700
                  64300052 64300300 64300354 64300744 64300754 64300773 98300243 98300244 98300251
                  98300324 98300395 98300433 98300458 98300506 98300594 98300609 98300696 98300736
                  98300775 98300804 64300123 64300129 64300145 64300146 64300254 64300265 64300520
                  64300557 64300648 64300666 98200647 98300048 98300064 98300083 98300155 64300215
                  64300257 64300351 64300806 98300093 98300158 98300178 98300215 98300237 98300298
                  98300332 98300347 98300566 98300642 98300681 98300352 64300066 64300094 64300291
                  64300310 64300341 64300486 64300507 64300630 64300713 98200498 98200627 98300598
                  98300629 98300669 64300394 64300501 98300045 98300117 64300075 64300113 64300696
                  98300297 98300541 64300167 64300393 64300491 64300684 98200764 98300253 98300353
                  98300429 98300496 98200717 98300017 98300323 98300514 98300802 64300338 64300595
                  64300661 98300517 98300553 98300709 64300278 64300343 64300519 98300364 98300759
                  98200658 98300015 64300355 64300362 98300132 64300478 98200514 64300631 64300632
                  64300660 98300226 98300291 98300464 64300042 98300719 64300222 64300226 98300384
                  64300169 64300388 64300560 64300687 64300749 98300070 98200362 98300052 64300083
                  64300295 64300308 64300698 98300252 98300271 64300498 98300301 64300005 64300239
                  98200766 98300383 98300432 98300501 98300516 64300081 64300327 64300686 98300500
                  98300579 98300742 64300092 64300220 64300275 64300423 98300478 98300597 98300651
                  64300144 64300162 64300410 64300426 64300559 64300710 98200209 98200587 98200635
                  98300022 98300154 98300161 98300313 98300317 98300344 98300462 98300515 98300656
                  98300740 98300744 64300004 64300139 64300158 64300203 64300221 64300276 64300296
                  64300391 64300424 64300448 64300509 64300728 98200264 98200358 98200660 98200267
                  98200447 98200513 98200803 98300029 98300061 98300130 98300310 98300328 98300438
                  98300449 98300472 98300485 98300544 98300564 98300606 98300622 98300639 98300739
                  98300763 98300786 64300064 64300151 64300243 64300272 64300330 64300340 64300363
                  64300407 64300413 64300479 64300633 64300637 64300708 64300723 64300746 98300732
                  98300762 64300022 64300025 64300053 64300060 64300062 64300111 64300133 64300159
                  64300168 64300188 64300199 64300208 64300210 64300216 64300259 64300277 64300289
                  64300320 98200057 64300376 64300402 64300416 64300432 64300434 64300592 64300605
                  98300060 98300087 64300647 64300670 98300139 98300185 98300190 64300761 98300219
                  98300235 98300249 98300260 98300295 98300394 98300529 98300543 98300563 98300575
                  98300627 98300643 64300439 64300508 98300726 98300067 98300068 98300761 64300023
                  64300667 64300031 64300046 98300192 98300209 64300706 64300073 64300769 64300095
                  64300105 64300119 64300174 64300193 64300293 98300469 98200081 98300479 64300344
                  98300567 98300568 64300395 98300581 98300729 98300166

   1 WARNING(S) FOUND IN THE INPUT INSTRUCTIONS




Investigate sources of model misfit for 643

SUMMARY OF ANALYSIS

Number of groups                                                 1
Number of observations                                        9124

Number of dependent variables                                    3
Number of independent variables                                  9
Number of continuous latent variables                            0

Observed dependent variables

  Continuous
   FLIT        FCFMLRTY    FLCONFIN

Observed independent variables
   FLSCHOOL    NOBULLY     FLFAMILY    EDUSHORT    STRATIO     MALE
   IMMI1GEN    IMMI2GEN    ESCS

Variables with special functions

  Cluster variable      CNTSCHID
  Weight variable (cluster-size scaling)
    W_STU
  Between weight variable (sample-size scaling)
    W_SCH

  Within variables
   FCFMLRTY    FLCONFIN    MALE        IMMI1GEN    IMMI2GEN    ESCS

  Between variables
   EDUSHORT    STRATIO


Estimator                                                      MLR
Information matrix                                        OBSERVED
Maximum number of iterations                                   100
Convergence criterion                                    0.100D-05
Maximum number of EM iterations                                500
Convergence criteria for the EM algorithm
  Loglikelihood change                                   0.100D-02
  Relative loglikelihood change                          0.100D-05
  Derivative                                             0.100D-03
Minimum variance                                         0.100D-03
Maximum number of steepest descent iterations                   20
Maximum number of iterations for H1                           2000
Convergence criterion for H1                             0.100D-03
Optimization algorithm                                         EMA

Input data file(s)
  C:\Users\tctan\finlit1_643.dat
Input data format  FREE


SUMMARY OF DATA

     Number of missing data patterns             1
     Number of clusters                        558

     Average cluster size       16.351

     Estimated Intraclass Correlations for the Y Variables

                Intraclass              Intraclass              Intraclass
     Variable  Correlation   Variable  Correlation   Variable  Correlation

     FLIT         0.190      FCFMLRTY     0.000      FLCONFIN     0.000
     FLSCHOOL     0.032      NOBULLY      0.006      FLFAMILY     0.011
     ESCS         0.000



COVARIANCE COVERAGE OF DATA

Minimum covariance coverage value   0.100


     PROPORTION OF DATA PRESENT


           Covariance Coverage
              EDUSHORT      FLIT          FCFMLRTY      FLCONFIN      FLSCHOOL
              ________      ________      ________      ________      ________
 EDUSHORT       1.000
 FLIT           1.000         1.000
 FCFMLRTY       1.000         1.000         1.000
 FLCONFIN       1.000         1.000         1.000         1.000
 FLSCHOOL       1.000         1.000         1.000         1.000         1.000
 NOBULLY        1.000         1.000         1.000         1.000         1.000
 FLFAMILY       1.000         1.000         1.000         1.000         1.000
 ESCS           1.000         1.000         1.000         1.000         1.000
 MALE           1.000         1.000         1.000         1.000         1.000
 IMMI1GEN       1.000         1.000         1.000         1.000         1.000
 IMMI2GEN       1.000         1.000         1.000         1.000         1.000
 STRATIO        1.000         1.000         1.000         1.000         1.000


           Covariance Coverage
              NOBULLY       FLFAMILY      ESCS          MALE          IMMI1GEN
              ________      ________      ________      ________      ________
 NOBULLY        1.000
 FLFAMILY       1.000         1.000
 ESCS           1.000         1.000         1.000
 MALE           1.000         1.000         1.000         1.000
 IMMI1GEN       1.000         1.000         1.000         1.000         1.000
 IMMI2GEN       1.000         1.000         1.000         1.000         1.000
 STRATIO        1.000         1.000         1.000         1.000         1.000


           Covariance Coverage
              IMMI2GEN      STRATIO
              ________      ________
 IMMI2GEN       1.000
 STRATIO        1.000         1.000



UNIVARIATE SAMPLE STATISTICS


     UNIVARIATE HIGHER-ORDER MOMENT DESCRIPTIVE STATISTICS

         Variable/         Mean/     Skewness/   Minimum/ % with                Percentiles
        Sample Size      Variance    Kurtosis    Maximum  Min/Max      20%/60%    40%/80%    Median

     EDUSHORT              0.297       0.209      -1.421   13.08%      -0.634      0.100      0.440
             558.000       1.382      -0.723       2.959    2.87%       0.789      1.248
     FLIT                499.225      -0.243     160.896    0.01%     417.476    471.649    494.368
            9124.000    7584.189      -0.070     773.561    0.01%     516.360    566.045
     FCFMLRTY              8.659      -0.165      -9.199    0.01%       1.000      7.000      9.000
            9124.000      34.317      -1.150      22.182    0.01%      11.000     14.000
     FLCONFIN              0.152      -0.070      -3.022    0.01%      -0.524     -0.076      0.149
            9124.000       0.937       0.701       2.887    0.01%       0.421      0.658
     FLSCHOOL              0.350       0.031      -3.429    0.01%      -0.420      0.370      0.402
            9124.000       1.045      -0.155       3.387    0.01%       0.402      1.056
     NOBULLY              -0.268      -0.623      -3.859    1.57%      -1.193     -0.672     -0.146
            9124.000       1.217       0.082       3.502    0.01%       0.208      0.782
     FLFAMILY              0.110       0.160      -3.135    0.01%      -0.690     -0.219      0.011
            9124.000       1.153       0.048       4.009    0.01%       0.273      0.832
     ESCS                  0.198      -0.557      -5.652    0.01%      -0.480      0.050      0.266
            9124.000       0.528       2.005       3.658    0.01%       0.462      0.794
     MALE                  0.502      -0.007       0.000   49.57%       0.000      0.000      1.000
            9124.000       0.250      -2.000       1.000   50.43%       1.000      1.000
     IMMI1GEN              0.026       5.899       0.000   97.41%       0.000      0.000      0.000
            9124.000       0.026      32.798       1.000    2.59%       0.000      0.000
     IMMI2GEN              0.036       4.972       0.000   96.78%       0.000      0.000      0.000
            9124.000       0.035      22.717       1.000    3.22%       0.000      0.000
     STRATIO              15.850       2.752      -5.431    0.18%       6.630     12.969     14.308
             558.000      43.922      25.333     100.000    0.18%      15.786     18.017


THE MODEL ESTIMATION TERMINATED NORMALLY



MODEL FIT INFORMATION

Number of Free Parameters                       53

Loglikelihood

          H0 Value                     -144207.840
          H0 Scaling Correction Factor      2.2496
            for MLR
          H1 Value                     -143910.483
          H1 Scaling Correction Factor      2.1553
            for MLR

Information Criteria

          Akaike (AIC)                  288521.681
          Bayesian (BIC)                288898.970
          Sample-Size Adjusted BIC      288730.545
            (n* = (n + 2) / 24)

Chi-Square Test of Model Fit

          Value                            305.441*
          Degrees of Freedom                    24
          P-Value                           0.0000
          Scaling Correction Factor         1.9471
            for MLR

*   The chi-square value for MLM, MLMV, MLR, ULSMV, WLSM and WLSMV cannot be used
    for chi-square difference testing in the regular way.  MLM, MLR and WLSM
    chi-square difference testing is described on the Mplus website.  MLMV, WLSMV,
    and ULSMV difference testing is done using the DIFFTEST option.

RMSEA (Root Mean Square Error Of Approximation)

          Estimate                           0.036

CFI/TLI

          CFI                                0.854
          TLI                                0.653

Chi-Square Test of Model Fit for the Baseline Model

          Value                           1980.850
          Degrees of Freedom                    57
          P-Value                           0.0000

SRMR (Standardized Root Mean Square Residual)

          Value for Within                   0.040
          Value for Between                  0.053



MODEL RESULTS

                                                    Two-Tailed
                    Estimate       S.E.  Est./S.E.    P-Value

Within Level

 FCFMLRTY   ON
    FLSCHOOL           1.472      0.090     16.332      0.000
    NOBULLY            0.383      0.081      4.729      0.000
    FLFAMILY           0.556      0.085      6.517      0.000
    MALE               0.273      0.166      1.648      0.099

 FLCONFIN   ON
    FLSCHOOL           0.151      0.017      9.165      0.000
    NOBULLY            0.056      0.013      4.157      0.000
    FLFAMILY           0.127      0.014      8.891      0.000
    MALE               0.228      0.028      8.112      0.000

 FLIT       ON
    FLSCHOOL           0.335      1.250      0.268      0.789
    NOBULLY            2.140      0.999      2.141      0.032
    FLFAMILY          -2.586      0.994     -2.601      0.009
    FCFMLRTY           2.199      0.205     10.701      0.000
    FLCONFIN           7.965      1.191      6.686      0.000
    MALE               1.995      2.052      0.972      0.331
    IMMI1GEN          -9.610      6.605     -1.455      0.146
    IMMI2GEN          16.892      6.149      2.747      0.006
    ESCS              16.788      1.634     10.274      0.000

 FLSCHOOL WITH
    NOBULLY           -0.021      0.017     -1.246      0.213
    FLFAMILY           0.271      0.019     14.450      0.000

 NOBULLY  WITH
    FLFAMILY          -0.025      0.018     -1.401      0.161

 FCFMLRTY WITH
    FLCONFIN           1.038      0.081     12.816      0.000

 ESCS     WITH
    FLFAMILY           0.034      0.012      2.831      0.005

 Means
    ESCS               0.198      0.022      8.822      0.000

 Intercepts
    FCFMLRTY           8.522      0.147     57.815      0.000
    FLCONFIN           0.038      0.020      1.893      0.058

 Variances
    FLSCHOOL           1.014      0.022     45.224      0.000
    NOBULLY            1.210      0.028     43.253      0.000
    FLFAMILY           1.139      0.025     44.992      0.000
    ESCS               0.528      0.019     27.349      0.000

 Residual Variances
    FLIT            5283.339    115.828     45.614      0.000
    FCFMLRTY          31.160      0.585     53.305      0.000
    FLCONFIN           0.870      0.023     38.407      0.000

Between Level

 FLIT       ON
    FLSCHOOL         -42.057     49.681     -0.847      0.397
    NOBULLY          167.442    183.332      0.913      0.361
    FLFAMILY         -39.565    109.993     -0.360      0.719
    EDUSHORT          -8.438      3.206     -2.632      0.008
    STRATIO           -0.262      0.362     -0.724      0.469

 FLSCHOOL WITH
    NOBULLY            0.001      0.004      0.336      0.737
    FLFAMILY           0.012      0.005      2.516      0.012
    EDUSHORT           0.013      0.019      0.673      0.501

 NOBULLY  WITH
    FLFAMILY           0.002      0.005      0.435      0.663
    EDUSHORT           0.006      0.018      0.306      0.759

 FLFAMILY WITH
    EDUSHORT          -0.003      0.020     -0.170      0.865

 Means
    EDUSHORT           0.297      0.074      4.040      0.000
    FLSCHOOL           0.355      0.019     18.581      0.000
    NOBULLY           -0.269      0.017    -16.030      0.000
    FLFAMILY           0.112      0.018      6.353      0.000

 Intercepts
    FLIT             543.258     53.031     10.244      0.000

 Variances
    EDUSHORT           1.382      0.098     14.173      0.000
    FLSCHOOL           0.032      0.008      3.934      0.000
    NOBULLY            0.006      0.006      1.025      0.305
    FLFAMILY           0.014      0.007      2.093      0.036

 Residual Variances
    FLIT            1039.422    293.010      3.547      0.000


STANDARDIZED MODEL RESULTS


STDYX Standardization

                                                    Two-Tailed
                    Estimate       S.E.  Est./S.E.    P-Value

Within Level

 FCFMLRTY   ON
    FLSCHOOL           0.253      0.015     16.660      0.000
    NOBULLY            0.072      0.015      4.760      0.000
    FLFAMILY           0.101      0.016      6.529      0.000
    MALE               0.023      0.014      1.645      0.100

 FLCONFIN   ON
    FLSCHOOL           0.157      0.017      9.270      0.000
    NOBULLY            0.064      0.015      4.209      0.000
    FLFAMILY           0.140      0.016      8.916      0.000
    MALE               0.118      0.014      8.210      0.000

 FLIT       ON
    FLSCHOOL           0.004      0.017      0.268      0.789
    NOBULLY            0.031      0.015      2.137      0.033
    FLFAMILY          -0.036      0.014     -2.615      0.009
    FCFMLRTY           0.170      0.015     11.206      0.000
    FLCONFIN           0.102      0.015      6.723      0.000
    MALE               0.013      0.014      0.972      0.331
    IMMI1GEN          -0.020      0.014     -1.457      0.145
    IMMI2GEN           0.042      0.015      2.747      0.006
    ESCS               0.161      0.015     11.071      0.000

 FLSCHOOL WITH
    NOBULLY           -0.019      0.015     -1.250      0.211
    FLFAMILY           0.252      0.016     15.545      0.000

 NOBULLY  WITH
    FLFAMILY          -0.021      0.015     -1.403      0.161

 FCFMLRTY WITH
    FLCONFIN           0.199      0.015     13.180      0.000

 ESCS     WITH
    FLFAMILY           0.043      0.015      2.846      0.004

 Means
    ESCS               0.273      0.033      8.365      0.000

 Intercepts
    FCFMLRTY           1.455      0.030     48.705      0.000
    FLCONFIN           0.039      0.021      1.881      0.060

 Variances
    FLSCHOOL           1.000      0.000    999.000    999.000
    NOBULLY            1.000      0.000    999.000    999.000
    FLFAMILY           1.000      0.000    999.000    999.000
    ESCS               1.000      0.000    999.000    999.000

 Residual Variances
    FLIT               0.922      0.008    114.779      0.000
    FCFMLRTY           0.908      0.009    106.602      0.000
    FLCONFIN           0.927      0.008    118.321      0.000

Between Level

 FLIT       ON
    FLSCHOOL          -0.204      0.238     -0.859      0.391
    NOBULLY            0.354      0.282      1.257      0.209
    FLFAMILY          -0.125      0.342     -0.366      0.714
    EDUSHORT          -0.268      0.098     -2.729      0.006
    STRATIO           -0.047      0.065     -0.724      0.469

 FLSCHOOL WITH
    NOBULLY            0.101      0.295      0.342      0.732
    FLFAMILY           0.560      0.181      3.096      0.002
    EDUSHORT           0.059      0.088      0.675      0.500

 NOBULLY  WITH
    FLFAMILY           0.229      0.525      0.436      0.663
    EDUSHORT           0.061      0.199      0.306      0.760

 FLFAMILY WITH
    EDUSHORT          -0.025      0.148     -0.170      0.865

 Means
    EDUSHORT           0.253      0.062      4.094      0.000
    FLSCHOOL           1.968      0.276      7.122      0.000
    NOBULLY           -3.436      1.691     -2.032      0.042
    FLFAMILY           0.958      0.266      3.606      0.000

 Intercepts
    FLIT              14.656      1.705      8.596      0.000

 Variances
    EDUSHORT           1.000      0.000    999.000    999.000
    FLSCHOOL           1.000      0.000    999.000    999.000
    NOBULLY            1.000      0.000    999.000    999.000
    FLFAMILY           1.000      0.000    999.000    999.000

 Residual Variances
    FLIT               0.756      0.185      4.089      0.000


R-SQUARE

Within Level

    Observed                                        Two-Tailed
    Variable        Estimate       S.E.  Est./S.E.    P-Value

    FLIT               0.078      0.008      9.645      0.000
    FCFMLRTY           0.092      0.009     10.786      0.000
    FLCONFIN           0.073      0.008      9.271      0.000

Between Level

    Observed                                        Two-Tailed
    Variable        Estimate       S.E.  Est./S.E.    P-Value

    FLIT               0.244      0.185      1.316      0.188


QUALITY OF NUMERICAL RESULTS

     Condition Number for the Information Matrix              0.257E-06
       (ratio of smallest to largest eigenvalue)


TOTAL, TOTAL INDIRECT, SPECIFIC INDIRECT, AND DIRECT EFFECTS


                                                    Two-Tailed
                    Estimate       S.E.  Est./S.E.    P-Value

WITHIN

Effects from FLSCHOOL to FLIT

  Total                4.776      1.255      3.806      0.000
  Total indirect       4.441      0.443     10.023      0.000

  Specific indirect 1
    FLIT
    FCFMLRTY
    FLSCHOOL           3.236      0.352      9.195      0.000

  Specific indirect 2
    FLIT
    FLCONFIN
    FLSCHOOL           1.205      0.231      5.208      0.000

  Direct
    FLIT
    FLSCHOOL           0.335      1.250      0.268      0.789


Effects from NOBULLY to FLIT

  Total                3.428      1.032      3.321      0.001
  Total indirect       1.288      0.249      5.184      0.000

  Specific indirect 1
    FLIT
    FCFMLRTY
    NOBULLY            0.842      0.189      4.461      0.000

  Specific indirect 2
    FLIT
    FLCONFIN
    NOBULLY            0.447      0.130      3.436      0.001

  Direct
    FLIT
    NOBULLY            2.140      0.999      2.141      0.032


Effects from FLFAMILY to FLIT

  Total               -0.350      0.985     -0.355      0.722
  Total indirect       2.236      0.299      7.468      0.000

  Specific indirect 1
    FLIT
    FCFMLRTY
    FLFAMILY           1.222      0.213      5.745      0.000

  Specific indirect 2
    FLIT
    FLCONFIN
    FLFAMILY           1.014      0.183      5.536      0.000

  Direct
    FLIT
    FLFAMILY          -2.586      0.994     -2.601      0.009


BETWEEN

Effects from FLSCHOOL to FLIT

  Total              -42.057     49.681     -0.847      0.397
  Total indirect       0.000      0.000    999.000      0.000

  Direct
    FLIT
    FLSCHOOL         -42.057     49.681     -0.847      0.397


Effects from NOBULLY to FLIT

  Total              167.442    183.332      0.913      0.361
  Total indirect       0.000      0.000    999.000      0.000

  Direct
    FLIT
    NOBULLY          167.442    183.332      0.913      0.361


Effects from FLFAMILY to FLIT

  Total              -39.565    109.993     -0.360      0.719
  Total indirect       0.000      0.000    999.000      0.000

  Direct
    FLIT
    FLFAMILY         -39.565    109.993     -0.360      0.719



STANDARDIZED TOTAL, TOTAL INDIRECT, SPECIFIC INDIRECT, AND DIRECT EFFECTS


STDYX Standardization

                                                    Two-Tailed
                    Estimate       S.E.  Est./S.E.    P-Value

WITHIN

Effects from FLSCHOOL to FLIT

  Total                0.064      0.017      3.842      0.000
  Total indirect       0.059      0.006     10.164      0.000

  Specific indirect 1
    FLIT
    FCFMLRTY
    FLSCHOOL           0.043      0.005      9.309      0.000

  Specific indirect 2
    FLIT
    FLCONFIN
    FLSCHOOL           0.016      0.003      5.225      0.000

  Direct
    FLIT
    FLSCHOOL           0.004      0.017      0.268      0.789


Effects from NOBULLY to FLIT

  Total                0.050      0.015      3.320      0.001
  Total indirect       0.019      0.004      5.269      0.000

  Specific indirect 1
    FLIT
    FCFMLRTY
    NOBULLY            0.012      0.003      4.513      0.000

  Specific indirect 2
    FLIT
    FLCONFIN
    NOBULLY            0.006      0.002      3.461      0.001

  Direct
    FLIT
    NOBULLY            0.031      0.015      2.137      0.033


Effects from FLFAMILY to FLIT

  Total               -0.005      0.014     -0.355      0.722
  Total indirect       0.032      0.004      7.642      0.000

  Specific indirect 1
    FLIT
    FCFMLRTY
    FLFAMILY           0.017      0.003      5.836      0.000

  Specific indirect 2
    FLIT
    FLCONFIN
    FLFAMILY           0.014      0.003      5.593      0.000

  Direct
    FLIT
    FLFAMILY          -0.036      0.014     -2.615      0.009


BETWEEN

Effects from FLSCHOOL to FLIT

  Total               -0.204      0.238     -0.859      0.391
  Total indirect       0.000      0.000      0.000      1.000

  Direct
    FLIT
    FLSCHOOL          -0.204      0.238     -0.859      0.391


Effects from NOBULLY to FLIT

  Total                0.354      0.282      1.257      0.209
  Total indirect       0.000      0.000      0.000      1.000

  Direct
    FLIT
    NOBULLY            0.354      0.282      1.257      0.209


Effects from FLFAMILY to FLIT

  Total               -0.125      0.342     -0.366      0.714
  Total indirect       0.000      0.000      0.000      1.000

  Direct
    FLIT
    FLFAMILY          -0.125      0.342     -0.366      0.714




MODEL MODIFICATION INDICES

Minimum M.I. value for printing the modification index    10.000

                                   M.I.     E.P.C.  Std E.P.C.  StdYX E.P.C.

Within Level

ON Statements

FCFMLRTY ON FLIT                  94.355     0.061      0.061        0.790
FCFMLRTY ON ESCS                 103.942     1.123      1.123        0.139
FLCONFIN ON FLIT                  45.844     0.007      0.007        0.556
FLCONFIN ON ESCS                  43.788     0.122      0.122        0.091
FLSCHOOL ON FLIT                  30.274     0.006      0.006        0.475
FLSCHOOL ON FCFMLRTY              70.334     0.789      0.789        4.587
FLSCHOOL ON FLCONFIN              15.713     0.497      0.497        0.478
FLSCHOOL ON FLFAMILY              28.111     1.703      1.703        1.804
FLSCHOOL ON ESCS                  28.112     0.108      0.108        0.078
NOBULLY  ON FCFMLRTY              44.448    -0.772     -0.772       -4.111
NOBULLY  ON FLCONFIN              46.575    -0.964     -0.964       -0.848
NOBULLY  ON MALE                  47.845    -0.223     -0.223       -0.101
FLFAMILY ON FLIT                  19.442    -0.016     -0.016       -1.119
FLFAMILY ON FCFMLRTY             140.270    -0.628     -0.628       -3.447
FLFAMILY ON FLCONFIN              36.375    -0.752     -0.752       -0.682
FLFAMILY ON MALE                  10.112    -0.096     -0.096       -0.045
ESCS     ON FLIT                 211.255     0.009      0.009        0.934
ESCS     ON FCFMLRTY             166.863     0.024      0.024        0.189
ESCS     ON FLCONFIN              98.410     0.110      0.110        0.146
ESCS     ON FLSCHOOL              27.572     0.056      0.056        0.077
ESCS     ON FLFAMILY              25.625     0.201      0.201        0.296

WITH Statements

FLSCHOOL WITH FCFMLRTY           103.950    70.521     70.521       12.545
FLSCHOOL WITH FLCONFIN            43.758     7.640      7.640        8.136
NOBULLY  WITH FCFMLRTY           103.706  ********   ********     -190.673
NOBULLY  WITH FLCONFIN            43.842  -127.141   -127.141     -123.928
FLFAMILY WITH FCFMLRTY           103.936   -18.794    -18.794       -3.155
FLFAMILY WITH FLCONFIN            43.787    -2.037     -2.037       -2.047
ESCS     WITH FCFMLRTY           103.941     0.592      0.592        0.146
ESCS     WITH FLCONFIN            43.788     0.064      0.064        0.095
ESCS     WITH FLSCHOOL            28.109     0.057      0.057        0.078
MALE     WITH NOBULLY             47.725    -0.056     -0.056       -0.101
MALE     WITH FLFAMILY            10.002    -0.024     -0.024       -0.045

Between Level


     Beginning Time:  13:05:12
        Ending Time:  13:05:54
       Elapsed Time:  00:00:42



MUTHEN & MUTHEN
3463 Stoner Ave.
Los Angeles, CA  90066

Tel: (310) 391-9971
Fax: (310) 391-8971
Web: www.StatModel.com
Support: Support@StatModel.com

Copyright (c) 1998-2019 Muthen & Muthen
