Mplus VERSION 8.3
MUTHEN & MUTHEN
02/17/2021   1:05 PM

INPUT INSTRUCTIONS


  TITLE:
      Investigate sources of model misfit for 76

  DATA:
      file = "C:\Users\tctan\finlit1_76.dat";


  VARIABLE:
      names =
          FKI CNTRYID CNTSCHID W_STU
          MATH READ FLIT                      ! PISA achievement variables
          MALE IMMI1GEN IMMI2GEN ESCS         ! Demographic info
          FCFMLRTY FLCONFIN                   ! Affect
          FLSCHOOL                            !   Lat var "Academic"
          NOBULLY                             !   Lat var "Safety"
          FLFAMILY                            !   Lat var "Community"
          W_SCH STRATIO                       ! School character
          EDUSHORT                            !   Lat var "inst. env."
          ;

      usevar =
          FLIT                                ! PISA achievement variables
          FLSCHOOL                            !   Lat var "Academic"
          NOBULLY                             !   Lat var "Safety"
          FLFAMILY                            !   Lat var "Community"
          EDUSHORT STRATIO                    !   Lat var "Inst env"
          FCFMLRTY FLCONFIN                   ! Affect
          MALE IMMI1GEN IMMI2GEN ESCS         ! Demographic info
          ;

      ! Vars that ONLY appear in L1
      within =
          FCFMLRTY FLCONFIN                   ! Affective vars
          MALE IMMI1GEN IMMI2GEN ESCS         ! L1 control vars
          ;

      ! Vars that ONLY appear in L2
      between =
          EDUSHORT STRATIO                    ! L2: school
          ;

      missing = all (-99);

      weight = W_STU;                         ! Student weight
      wtscale = cluster;                      ! Scale L1 weight to cluster size
      bweight = W_SCH;                        ! School weight
      bwtscale = sample;                      ! Scale L2 weight to sample

      cluster = CNTSCHID;                     ! Cluster by school ID


  ANALYSIS:
      processors = 4;

      type = twolevel;


  MODEL:

  %Within%                                    ! === L1: Student-level ===

      ! Indirect pathways (1st half): school climate vars onto mediators
          ! Onto mediator FAMILIARITY
      FCFMLRTY on FLSCHOOL NOBULLY FLFAMILY MALE;
          ! Onto mediator CONFIDENCE
      FLCONFIN on FLSCHOOL NOBULLY FLFAMILY MALE;

      ! Total effect
      FLIT on
          ! Direct pathways: school climate vars onto financial literacy
          FLSCHOOL NOBULLY FLFAMILY
          ! Indirect pathways (2nd half): affective vars onto financial literacy
          FCFMLRTY FLCONFIN
          ! Control vars (demographic info)
          MALE IMMI1GEN IMMI2GEN ESCS
          ;

      ! Covariances
          ! Between school climate vars
      FLSCHOOL with NOBULLY;
      FLSCHOOL with FLFAMILY;
      NOBULLY with FLFAMILY;
          ! Between mediators
      FCFMLRTY with FLCONFIN;
          ! ESCS with FLFAMILY
      ESCS with FLFAMILY

  %Between%                                   ! === L2: School-level ===

      FLIT on
          FLSCHOOL NOBULLY FLFAMILY EDUSHORT  ! School climate variables
          STRATIO                             ! Control: Student-teacher ratio
          ;

      FLSCHOOL with NOBULLY;
      NOBULLY with FLFAMILY;
      FLFAMILY with EDUSHORT;

      FLSCHOOL with FLFAMILY;
      NOBULLY with EDUSHORT;

      FLSCHOOL with EDUSHORT;


  MODEL INDIRECT:

      ! Indirect effects
      FLIT ind FLSCHOOL;
      FLIT ind NOBULLY;
      FLIT ind FLFAMILY;


  OUTPUT:
      stdyx                                   ! Fully standardised solution
      mod(all)                                ! Mod indices (all)
      ;



*** WARNING
  One or more individual-level variables have no variation within a
  cluster for the following clusters.

     Variable   Cluster IDs with no within-cluster variation

      FCFMLRTY    7600264 7600554
      FLSCHOOL    7600264
      NOBULLY     7600203 7600278 7600141
      MALE        7600469 7600203 7600264 7600003 7600442 7600278 7600024 7600271 7600333 7600052
                  7600010 7600405 7600336
      IMMI1GEN    7600469 7600203 7600264 7600125 7600003 7600017 7600591 7600600 7600438 7600065
                  7600220 7600409 7600410 7600411 7600228 7600442 7600465 7600238 7600470 7600241
                  7600115 7600511 7600512 7600278 7600327 7600554 7600024 7600171 7600351 7600073
                  7600535 7600141 7600271 7600028 7600049 7600122 7600613 7600332 7600212 7600054
                  7600486 7600381 7600235 7600396 7600333 7600052 7600489 7600285 7600609 7600433
                  7600623 7600294 7600521 7600258 7600018 7600548 7600209 7600449 7600224 7600053
                  7600010 7600014 7600558 7600045 7600252 7600256 7600102 7600565 7600059 7600405
                  7600597 7600422 7600619 7600538 7600245 7600472 7600249 7600342 7600570 7600288
                  7600588 7600184 7600592 7600372 7600324 7600459 7600401 7600265 7600309 7600143
                  7600474 7600365 7600417 7600488 7600015 7600426 7600218 7600201 7600292 7600303
                  7600424 7600571 7600261 7600390 7600105 7600240 7600463 7600145 7600537 7600050
                  7600539 7600354 7600095 7600304 7600567 7600568 7600305 7600402 7600069 7600007
                  7600076 7600593 7600134 7600215 7600135 7600086 7600087 7600226 7600100 7600453
                  7600039 7600460 7600550 7600553 7600071 7600244 7600319 7600452 7600358 7600610
                  7600116 7600415 7600067 7600466 7600529 7600194 7600383 7600314 7600206 7600322
                  7600572 7600475 7600161 7600416 7600177 7600352 7600425 7600232 7600428 7600357
                  7600447 7600193 7600377 7600458 7600378 7600098 7600374 7600451 7600306 7600040
                  7600315 7600387 7600461 7600389 7600317 7600262 7600074 7600467 7600400 7600268
                  7600061 7600329 7600330 7600272 7600336 7600016 7600151 7600345 7600625 7600123
                  7600165 7600300 7600246 7600172 7600520 7600180 7600035 7600189 7600037 7600334
                  7600335 7600008 7600541 7600070 7600009 7600429 7600431 7600270 7600559 7600197
                  7600044 7600446 7600448 7600130 7600132 7600573 7600359 7600589 7600454 7600455
                  7600081 7600595 7600367 7600369 7600607 7600370 7600298 7600139 7600085 7600624
                  7600380 7600302 7600147 7600089 7600159 7600160 7600243 7600057 7600101 7600026
                  7600366 7600217 7600291 7600072 7600614 7600615 7600617 7600371 7600622 7600155
                  7600464 7600223 7600376 7600032 7600379 7600471 7600121 7600473 7600163 7600382
                  7600012 7600479 7600481 7600483 7600237 7600038 7600124 7600391 7600496 7600498
                  7600502 7600503 7600504 7600310 7600312 7600173 7600514 7600397 7600398 7600242
                  7600175 7600527 7600528 7600055 7600531 7600021 7600058 7600023 7600043 7600253
                  7600097 7600419 7600138 7600196 7600001 7600337 7600338 7600046 7600144 7600434
                  7600207 7600350 7600208 7600583 7600275 7600031 7600356 7600279 7600284 7600110
                  7600286 7600457 7600602 7600154 7600590 7600084 7600213 7600450 7600033 7600034
                  7600601 7600604 7600606 7600219 7600280 7600281 7600361 7600364 7600092 7600170
                  7600368 7600287 7600094 7600468 7600013 7600229 7600096 7600296 7600233 7600299
                  7600060 7600478 7600029 7600178 7600239 7600384 7600385 7600388 7600492 7600493
                  7600182 7600002 7600499 7600307 7600308 7600393 7600507 7600136 7600077 7600311
                  7600399 7600518 7600519 7600313 7600104 7600523 7600403 7600316 7600251 7600195
                  7600320 7600414 7600106 7600254 7600255 7600540 7600418 7600545 7600547 7600107
                  7600109 7600331 7600557 7600260 7600427 7600202 7600563 7600146 7600430 7600263
                  7600432 7600083 7600112 7600437 7600267 7600582 7600113 7600586 7600587 7600444
                  7600221 7600598 7600269 7600093 7600179 7600011 7600605 7600273 7600181 7600516
                  7600611 7600612 7600517 7600276 7600326 7600183 7600618 7600117 7600386 7600185
                  7600525 7600186 7600062 7600063 7600530 7600456 7600533 7600534 7600149 7600080
                  7600153 7600395 7600289 7600542 7600340 7600546 7600290 7600343 7600549 7600041
                  7600551 7600199 7600248 7600404 7600200 7600250 7600297 7600158 7600412 7600566
                  7600128 7600204 7600103 7600068 7600485 7600575 7600577 7600578 7600579 7600133
                  7600420 7600167 7600025 7600088 7600036 7600174 7600090 7600596 7600480 7600114
                  7600216 7600188 7600555 7600556 7600164 7600190 7600127 7600560 7600166 7600562
                  7600295 7600048 7600495 7600129 7600497 7600225 7600022 7600339 7600574 7600443
                  7600227 7600445 7600505 7600506 7600581 7600148 7600508 7600509 7600131 7600230
                  7600198 7600150 7600349 7600234 7600042 7600594 7600236 7600353 7600176 7600118
                  7600119 7600005 7600524 7600603 7600205 7600526 7600078 7600360 7600406 7600407
                  7600408 7600532 7600156 7600019 7600318 7600413 7600211 7600620 7600621 7600247
                  7600323 7600027 7600543 7600325 7600477 7600373 7600552 7600108 7600231 7600282
                  7600210 7600436 7600222 7600584 7600608 7600439 7600440 7600111 7600140 7600341
                  7600187 7600616 7600075 7600362 7600347
      IMMI2GEN    7600469 7600203 7600264 7600125 7600003 7600017 7600591 7600600 7600438 7600065
                  7600220 7600409 7600410 7600411 7600228 7600442 7600465 7600238 7600470 7600241
                  7600115 7600511 7600512 7600278 7600327 7600554 7600024 7600171 7600073 7600535
                  7600141 7600271 7600028 7600049 7600122 7600613 7600332 7600212 7600054 7600486
                  7600381 7600235 7600396 7600333 7600052 7600489 7600285 7600609 7600433 7600294
                  7600521 7600258 7600018 7600548 7600209 7600449 7600224 7600053 7600010 7600558
                  7600045 7600252 7600102 7600565 7600059 7600405 7600597 7600422 7600619 7600538
                  7600245 7600472 7600249 7600342 7600570 7600288 7600588 7600184 7600592 7600372
                  7600301 7600324 7600459 7600401 7600265 7600309 7600143 7600474 7600365 7600015
                  7600426 7600218 7600201 7600292 7600303 7600571 7600261 7600390 7600105 7600240
                  7600463 7600145 7600537 7600050 7600539 7600354 7600095 7600304 7600567 7600568
                  7600305 7600402 7600069 7600007 7600076 7600593 7600490 7600134 7600215 7600135
                  7600086 7600087 7600226 7600100 7600453 7600039 7600460 7600550 7600553 7600462
                  7600071 7600244 7600452 7600610 7600116 7600415 7600067 7600466 7600529 7600194
                  7600383 7600314 7600322 7600572 7600475 7600161 7600177 7600352 7600425 7600232
                  7600428 7600006 7600357 7600447 7600193 7600377 7600458 7600378 7600098 7600374
                  7600306 7600040 7600315 7600387 7600461 7600262 7600074 7600467 7600400 7600268
                  7600061 7600329 7600330 7600272 7600274 7600336 7600016 7600151 7600345 7600625
                  7600051 7600123 7600165 7600246 7600172 7600180 7600035 7600189 7600037 7600334
                  7600335 7600541 7600070 7600009 7600431 7600270 7600559 7600197 7600044 7600446
                  7600448 7600130 7600132 7600573 7600359 7600589 7600454 7600455 7600081 7600595
                  7600369 7600607 7600370 7600298 7600139 7600085 7600624 7600380 7600302 7600147
                  7600089 7600159 7600160 7600243 7600057 7600101 7600366 7600217 7600291 7600072
                  7600614 7600615 7600617 7600371 7600622 7600155 7600464 7600223 7600376 7600032
                  7600379 7600471 7600473 7600163 7600382 7600012 7600483 7600038 7600124 7600391
                  7600498 7600502 7600503 7600504 7600173 7600514 7600397 7600398 7600242 7600175
                  7600527 7600528 7600055 7600531 7600021 7600058 7600023 7600043 7600253 7600064
                  7600097 7600419 7600138 7600001 7600337 7600338 7600144 7600434 7600207 7600208
                  7600583 7600031 7600356 7600279 7600110 7600286 7600457 7600602 7600154 7600590
                  7600084 7600348 7600213 7600450 7600033 7600034 7600601 7600277 7600604 7600606
                  7600219 7600280 7600281 7600283 7600361 7600364 7600092 7600170 7600368 7600287
                  7600094 7600468 7600013 7600229 7600293 7600096 7600296 7600233 7600299 7600060
                  7600478 7600029 7600178 7600239 7600384 7600385 7600099 7600388 7600492 7600493
                  7600182 7600002 7600499 7600500 7600307 7600308 7600393 7600507 7600136 7600077
                  7600311 7600399 7600518 7600519 7600313 7600104 7600523 7600403 7600316 7600251
                  7600195 7600320 7600414 7600106 7600254 7600255 7600540 7600418 7600545 7600547
                  7600109 7600259 7600331 7600557 7600260 7600427 7600563 7600430 7600263 7600432
                  7600083 7600112 7600582 7600113 7600586 7600587 7600444 7600221 7600598 7600269
                  7600093 7600011 7600605 7600273 7600181 7600516 7600611 7600612 7600517 7600326
                  7600183 7600618 7600117 7600386 7600185 7600525 7600186 7600062 7600063 7600530
                  7600456 7600533 7600534 7600149 7600080 7600395 7600289 7600542 7600546 7600290
                  7600343 7600549 7600041 7600551 7600199 7600248 7600404 7600250 7600297 7600158
                  7600412 7600566 7600128 7600204 7600103 7600068 7600485 7600575 7600577 7600579
                  7600133 7600363 7600025 7600088 7600036 7600174 7600090 7600047 7600596 7600480
                  7600114 7600375 7600188 7600555 7600556 7600164 7600190 7600127 7600560 7600166
                  7600562 7600295 7600048 7600495 7600129 7600497 7600225 7600022 7600339 7600501
                  7600574 7600443 7600227 7600445 7600505 7600506 7600581 7600148 7600508 7600509
                  7600131 7600230 7600198 7600150 7600349 7600234 7600042 7600236 7600353 7600176
                  7600118 7600119 7600005 7600524 7600603 7600205 7600526 7600078 7600360 7600406
                  7600407 7600408 7600532 7600156 7600019 7600318 7600413 7600211 7600621 7600247
                  7600323 7600027 7600543 7600325 7600477 7600214 7600373 7600552 7600108 7600231
                  7600282 7600210 7600436 7600222 7600584 7600608 7600439 7600440 7600140 7600341
                  7600187 7600616 7600075 7600362 7600347

   1 WARNING(S) FOUND IN THE INPUT INSTRUCTIONS




Investigate sources of model misfit for 76

SUMMARY OF ANALYSIS

Number of groups                                                 1
Number of observations                                        8310

Number of dependent variables                                    3
Number of independent variables                                  9
Number of continuous latent variables                            0

Observed dependent variables

  Continuous
   FLIT        FCFMLRTY    FLCONFIN

Observed independent variables
   FLSCHOOL    NOBULLY     FLFAMILY    EDUSHORT    STRATIO     MALE
   IMMI1GEN    IMMI2GEN    ESCS

Variables with special functions

  Cluster variable      CNTSCHID
  Weight variable (cluster-size scaling)
    W_STU
  Between weight variable (sample-size scaling)
    W_SCH

  Within variables
   FCFMLRTY    FLCONFIN    MALE        IMMI1GEN    IMMI2GEN    ESCS

  Between variables
   EDUSHORT    STRATIO


Estimator                                                      MLR
Information matrix                                        OBSERVED
Maximum number of iterations                                   100
Convergence criterion                                    0.100D-05
Maximum number of EM iterations                                500
Convergence criteria for the EM algorithm
  Loglikelihood change                                   0.100D-02
  Relative loglikelihood change                          0.100D-05
  Derivative                                             0.100D-03
Minimum variance                                         0.100D-03
Maximum number of steepest descent iterations                   20
Maximum number of iterations for H1                           2000
Convergence criterion for H1                             0.100D-03
Optimization algorithm                                         EMA

Input data file(s)
  C:\Users\tctan\finlit1_76.dat
Input data format  FREE


SUMMARY OF DATA

     Number of missing data patterns             1
     Number of clusters                        595

     Average cluster size       13.966

     Estimated Intraclass Correlations for the Y Variables

                Intraclass              Intraclass              Intraclass
     Variable  Correlation   Variable  Correlation   Variable  Correlation

     FLIT         0.332      FCFMLRTY     0.000      FLCONFIN     0.000
     FLSCHOOL     0.019      NOBULLY      0.006      FLFAMILY     0.012
     ESCS         0.000



COVARIANCE COVERAGE OF DATA

Minimum covariance coverage value   0.100


     PROPORTION OF DATA PRESENT


           Covariance Coverage
              EDUSHORT      FLIT          FCFMLRTY      FLCONFIN      FLSCHOOL
              ________      ________      ________      ________      ________
 EDUSHORT       1.000
 FLIT           1.000         1.000
 FCFMLRTY       1.000         1.000         1.000
 FLCONFIN       1.000         1.000         1.000         1.000
 FLSCHOOL       1.000         1.000         1.000         1.000         1.000
 NOBULLY        1.000         1.000         1.000         1.000         1.000
 FLFAMILY       1.000         1.000         1.000         1.000         1.000
 ESCS           1.000         1.000         1.000         1.000         1.000
 MALE           1.000         1.000         1.000         1.000         1.000
 IMMI1GEN       1.000         1.000         1.000         1.000         1.000
 IMMI2GEN       1.000         1.000         1.000         1.000         1.000
 STRATIO        1.000         1.000         1.000         1.000         1.000


           Covariance Coverage
              NOBULLY       FLFAMILY      ESCS          MALE          IMMI1GEN
              ________      ________      ________      ________      ________
 NOBULLY        1.000
 FLFAMILY       1.000         1.000
 ESCS           1.000         1.000         1.000
 MALE           1.000         1.000         1.000         1.000
 IMMI1GEN       1.000         1.000         1.000         1.000         1.000
 IMMI2GEN       1.000         1.000         1.000         1.000         1.000
 STRATIO        1.000         1.000         1.000         1.000         1.000


           Covariance Coverage
              IMMI2GEN      STRATIO
              ________      ________
 IMMI2GEN       1.000
 STRATIO        1.000         1.000



UNIVARIATE SAMPLE STATISTICS


     UNIVARIATE HIGHER-ORDER MOMENT DESCRIPTIVE STATISTICS

         Variable/         Mean/     Skewness/   Minimum/ % with                Percentiles
        Sample Size      Variance    Kurtosis    Maximum  Min/Max      20%/60%    40%/80%    Median

     EDUSHORT              0.020       0.423      -1.437    0.17%      -0.949     -0.249      0.069
             595.000       1.238      -0.501       2.959    1.85%       0.268      1.028
     FLIT                426.058       0.127     113.485    0.01%     339.769    395.494    419.381
            8310.000    9031.988      -0.313     738.403    0.01%     444.477    502.653
     FCFMLRTY              6.559       0.281     -14.717    0.01%       0.000      4.000      6.000
            8310.000      31.069      -1.005      23.820    0.01%       8.000     12.000
     FLCONFIN             -0.217      -0.119      -3.548    0.01%      -1.047     -0.500     -0.200
            8310.000       1.102       0.010       3.202    0.01%       0.074      0.658
     FLSCHOOL             -0.145       0.255      -3.005    0.01%      -1.122     -0.428     -0.132
            8310.000       1.024      -0.361       3.440    0.01%       0.246      0.507
     NOBULLY              -0.140      -0.645      -4.053    0.01%      -1.163     -0.291     -0.085
            8310.000       1.167       0.311       3.677    0.01%       0.598      0.782
     FLFAMILY              0.224       0.017      -4.126    0.01%      -0.734     -0.219      0.162
            8310.000       1.380      -0.417       3.295    0.01%       0.516      1.165
     ESCS                 -1.050      -0.215      -6.124    0.01%      -2.172     -1.407     -1.095
            8310.000       1.484      -0.427       2.678    0.01%      -0.775      0.011
     MALE                  0.488       0.048       0.000   51.32%       0.000      0.000      0.000
            8310.000       0.250      -1.998       1.000   48.68%       1.000      1.000
     IMMI1GEN              0.003      18.386       0.000   99.71%       0.000      0.000      0.000
            8310.000       0.003     336.028       1.000    0.29%       0.000      0.000
     IMMI2GEN              0.007      11.496       0.000   99.30%       0.000      0.000      0.000
            8310.000       0.007     130.147       1.000    0.70%       0.000      0.000
     STRATIO              26.807       1.595      -6.572    0.17%      14.464     20.731     23.958
             595.000     276.261       3.978     100.000    1.34%      27.229     36.300

     THE MODEL ESTIMATION DID NOT TERMINATE NORMALLY DUE TO AN ILL-CONDITIONED
     FISHER INFORMATION MATRIX.  CHANGE YOUR MODEL AND/OR STARTING VALUES.

     THE MODEL ESTIMATION DID NOT TERMINATE NORMALLY DUE TO A NON-POSITIVE
     DEFINITE FISHER INFORMATION MATRIX.  THIS MAY BE DUE TO THE STARTING VALUES
     BUT MAY ALSO BE AN INDICATION OF MODEL NONIDENTIFICATION.  THE CONDITION
     NUMBER IS      -0.587D-11.

     THE STANDARD ERRORS OF THE MODEL PARAMETER ESTIMATES COULD NOT BE
     COMPUTED.  THIS IS OFTEN DUE TO THE STARTING VALUES BUT MAY ALSO BE
     AN INDICATION OF MODEL NONIDENTIFICATION.  CHANGE YOUR MODEL AND/OR
     STARTING VALUES.  PROBLEM INVOLVING THE FOLLOWING PARAMETER:
     Parameter 44, %BETWEEN%: FLIT






MODEL RESULTS

                    Estimate

Within Level

 FCFMLRTY   ON
    FLSCHOOL           1.135
    NOBULLY            0.147
    FLFAMILY           0.920
    MALE               0.036

 FLCONFIN   ON
    FLSCHOOL           0.145
    NOBULLY           -0.017
    FLFAMILY           0.166
    MALE               0.239

 FLIT       ON
    FLSCHOOL         -10.373
    NOBULLY            2.482
    FLFAMILY           2.881
    FCFMLRTY           2.404
    FLCONFIN           4.487
    MALE               3.774
    IMMI1GEN         -16.611
    IMMI2GEN         -45.008
    ESCS               8.440

 FLSCHOOL WITH
    NOBULLY           -0.094
    FLFAMILY           0.282

 NOBULLY  WITH
    FLFAMILY          -0.068

 FCFMLRTY WITH
    FLCONFIN           1.086

 ESCS     WITH
    FLFAMILY           0.175

 Means
    ESCS              -1.050

 Intercepts
    FCFMLRTY           6.541
    FLCONFIN          -0.334

 Variances
    FLSCHOOL           1.010
    NOBULLY            1.160
    FLFAMILY           1.359
    ESCS               1.484

 Residual Variances
    FLIT            5084.317
    FCFMLRTY          28.027
    FLCONFIN           1.015

Between Level

 FLIT       ON
    FLSCHOOL          99.582
    NOBULLY          853.102
    FLFAMILY        -276.180
    EDUSHORT           6.195
    STRATIO           -0.790

 FLSCHOOL WITH
    NOBULLY           -0.006
    FLFAMILY          -0.003
    EDUSHORT           0.015

 NOBULLY  WITH
    FLFAMILY           0.006
    EDUSHORT          -0.028

 FLFAMILY WITH
    EDUSHORT           0.024

 Means
    EDUSHORT           0.020
    FLSCHOOL          -0.141
    NOBULLY           -0.145
    FLFAMILY           0.223

 Intercepts
    FLIT             635.356

 Variances
    EDUSHORT           1.238
    FLSCHOOL           0.020
    NOBULLY            0.007
    FLFAMILY           0.019

 Residual Variances
    FLIT               0.395



MODEL COMMAND WITH FINAL ESTIMATES USED AS STARTING VALUES

     %WITHIN%

     fcfmlrty ON flschool*1.13530;
     fcfmlrty ON nobully*0.14746;
     fcfmlrty ON flfamily*0.92016;
     fcfmlrty ON male*0.03617;
     flconfin ON flschool*0.14493;
     flconfin ON nobully*-0.01733;
     flconfin ON flfamily*0.16583;
     flconfin ON male*0.23877;
     flit ON flschool*-10.37263;
     flit ON nobully*2.48203;
     flit ON flfamily*2.88066;
     flit ON fcfmlrty*2.40408;
     flit ON flconfin*4.48669;
     flit ON male*3.77446;
     flit ON immi1gen*-16.61092;
     flit ON immi2gen*-45.00823;
     flit ON escs*8.43957;

     flschool WITH nobully*-0.09406;
     flschool WITH flfamily*0.28225;
     nobully WITH flfamily*-0.06810;
     fcfmlrty WITH flconfin*1.08636;
     escs WITH flfamily*0.17455;

     [ fcfmlrty*6.54086 ];
     [ flconfin*-0.33372 ];
     [ escs*-1.05001 ];

     flit*5084.31738;
     fcfmlrty*28.02703;
     flconfin*1.01490;
     flschool*1.00963;
     nobully*1.16034;
     flfamily*1.35943;
     escs*1.48429;

     %BETWEEN%

     flit ON flschool*99.58164;
     flit ON nobully*853.10156;
     flit ON flfamily*-276.18008;
     flit ON edushort*6.19521;
     flit ON stratio*-0.79048;

     flschool WITH nobully*-0.00641;
     flschool WITH flfamily*-0.00295;
     flschool WITH edushort*0.01462;
     nobully WITH flfamily*0.00615;
     nobully WITH edushort*-0.02818;
     flfamily WITH edushort*0.02357;

     [ edushort*0.01961 ];
     [ flit*635.35638 ];
     [ flschool*-0.14055 ];
     [ nobully*-0.14506 ];
     [ flfamily*0.22313 ];

     edushort*1.23802;
     flit*0.39493;
     flschool*0.01996;
     nobully*0.00692;
     flfamily*0.01907;



TECHNICAL 1 OUTPUT


     PARAMETER SPECIFICATION FOR WITHIN


           NU
              FLIT          FCFMLRTY      FLCONFIN      FLSCHOOL      NOBULLY
              ________      ________      ________      ________      ________
                    0             0             0             0             0


           NU
              FLFAMILY      ESCS          MALE          IMMI1GEN      IMMI2GEN
              ________      ________      ________      ________      ________
                    0             0             0             0             0


           LAMBDA
              FLIT          FCFMLRTY      FLCONFIN      FLSCHOOL      NOBULLY
              ________      ________      ________      ________      ________
 FLIT               0             0             0             0             0
 FCFMLRTY           0             0             0             0             0
 FLCONFIN           0             0             0             0             0
 FLSCHOOL           0             0             0             0             0
 NOBULLY            0             0             0             0             0
 FLFAMILY           0             0             0             0             0
 ESCS               0             0             0             0             0
 MALE               0             0             0             0             0
 IMMI1GEN           0             0             0             0             0
 IMMI2GEN           0             0             0             0             0


           LAMBDA
              FLFAMILY      ESCS          MALE          IMMI1GEN      IMMI2GEN
              ________      ________      ________      ________      ________
 FLIT               0             0             0             0             0
 FCFMLRTY           0             0             0             0             0
 FLCONFIN           0             0             0             0             0
 FLSCHOOL           0             0             0             0             0
 NOBULLY            0             0             0             0             0
 FLFAMILY           0             0             0             0             0
 ESCS               0             0             0             0             0
 MALE               0             0             0             0             0
 IMMI1GEN           0             0             0             0             0
 IMMI2GEN           0             0             0             0             0


           THETA
              FLIT          FCFMLRTY      FLCONFIN      FLSCHOOL      NOBULLY
              ________      ________      ________      ________      ________
 FLIT               0
 FCFMLRTY           0             0
 FLCONFIN           0             0             0
 FLSCHOOL           0             0             0             0
 NOBULLY            0             0             0             0             0
 FLFAMILY           0             0             0             0             0
 ESCS               0             0             0             0             0
 MALE               0             0             0             0             0
 IMMI1GEN           0             0             0             0             0
 IMMI2GEN           0             0             0             0             0


           THETA
              FLFAMILY      ESCS          MALE          IMMI1GEN      IMMI2GEN
              ________      ________      ________      ________      ________
 FLFAMILY           0
 ESCS               0             0
 MALE               0             0             0
 IMMI1GEN           0             0             0             0
 IMMI2GEN           0             0             0             0             0


           ALPHA
              FLIT          FCFMLRTY      FLCONFIN      FLSCHOOL      NOBULLY
              ________      ________      ________      ________      ________
                    0             1             2             0             0


           ALPHA
              FLFAMILY      ESCS          MALE          IMMI1GEN      IMMI2GEN
              ________      ________      ________      ________      ________
                    0             3             0             0             0


           BETA
              FLIT          FCFMLRTY      FLCONFIN      FLSCHOOL      NOBULLY
              ________      ________      ________      ________      ________
 FLIT               0             4             5             6             7
 FCFMLRTY           0             0             0            13            14
 FLCONFIN           0             0             0            17            18
 FLSCHOOL           0             0             0             0             0
 NOBULLY            0             0             0             0             0
 FLFAMILY           0             0             0             0             0
 ESCS               0             0             0             0             0
 MALE               0             0             0             0             0
 IMMI1GEN           0             0             0             0             0
 IMMI2GEN           0             0             0             0             0


           BETA
              FLFAMILY      ESCS          MALE          IMMI1GEN      IMMI2GEN
              ________      ________      ________      ________      ________
 FLIT               8             9            10            11            12
 FCFMLRTY          15             0            16             0             0
 FLCONFIN          19             0            20             0             0
 FLSCHOOL           0             0             0             0             0
 NOBULLY            0             0             0             0             0
 FLFAMILY           0             0             0             0             0
 ESCS               0             0             0             0             0
 MALE               0             0             0             0             0
 IMMI1GEN           0             0             0             0             0
 IMMI2GEN           0             0             0             0             0


           PSI
              FLIT          FCFMLRTY      FLCONFIN      FLSCHOOL      NOBULLY
              ________      ________      ________      ________      ________
 FLIT              21
 FCFMLRTY           0            22
 FLCONFIN           0            23            24
 FLSCHOOL           0             0             0            25
 NOBULLY            0             0             0            26            27
 FLFAMILY           0             0             0            28            29
 ESCS               0             0             0             0             0
 MALE               0             0             0             0             0
 IMMI1GEN           0             0             0             0             0
 IMMI2GEN           0             0             0             0             0


           PSI
              FLFAMILY      ESCS          MALE          IMMI1GEN      IMMI2GEN
              ________      ________      ________      ________      ________
 FLFAMILY          30
 ESCS              31            32
 MALE               0             0             0
 IMMI1GEN           0             0             0             0
 IMMI2GEN           0             0             0             0             0


     PARAMETER SPECIFICATION FOR BETWEEN


           NU
              EDUSHORT      FLIT          FLSCHOOL      NOBULLY       FLFAMILY
              ________      ________      ________      ________      ________
                    0             0             0             0             0


           NU
              STRATIO
              ________
                    0


           LAMBDA
              EDUSHORT      FLIT          FLSCHOOL      NOBULLY       FLFAMILY
              ________      ________      ________      ________      ________
 EDUSHORT           0             0             0             0             0
 FLIT               0             0             0             0             0
 FLSCHOOL           0             0             0             0             0
 NOBULLY            0             0             0             0             0
 FLFAMILY           0             0             0             0             0
 STRATIO            0             0             0             0             0


           LAMBDA
              STRATIO
              ________
 EDUSHORT           0
 FLIT               0
 FLSCHOOL           0
 NOBULLY            0
 FLFAMILY           0
 STRATIO            0


           THETA
              EDUSHORT      FLIT          FLSCHOOL      NOBULLY       FLFAMILY
              ________      ________      ________      ________      ________
 EDUSHORT           0
 FLIT               0             0
 FLSCHOOL           0             0             0
 NOBULLY            0             0             0             0
 FLFAMILY           0             0             0             0             0
 STRATIO            0             0             0             0             0


           THETA
              STRATIO
              ________
 STRATIO            0


           ALPHA
              EDUSHORT      FLIT          FLSCHOOL      NOBULLY       FLFAMILY
              ________      ________      ________      ________      ________
                   33            34            35            36            37


           ALPHA
              STRATIO
              ________
                    0


           BETA
              EDUSHORT      FLIT          FLSCHOOL      NOBULLY       FLFAMILY
              ________      ________      ________      ________      ________
 EDUSHORT           0             0             0             0             0
 FLIT              38             0            39            40            41
 FLSCHOOL           0             0             0             0             0
 NOBULLY            0             0             0             0             0
 FLFAMILY           0             0             0             0             0
 STRATIO            0             0             0             0             0


           BETA
              STRATIO
              ________
 EDUSHORT           0
 FLIT              42
 FLSCHOOL           0
 NOBULLY            0
 FLFAMILY           0
 STRATIO            0


           PSI
              EDUSHORT      FLIT          FLSCHOOL      NOBULLY       FLFAMILY
              ________      ________      ________      ________      ________
 EDUSHORT          43
 FLIT               0            44
 FLSCHOOL          45             0            46
 NOBULLY           47             0            48            49
 FLFAMILY          50             0            51            52            53
 STRATIO            0             0             0             0             0


           PSI
              STRATIO
              ________
 STRATIO            0


     STARTING VALUES FOR WITHIN


           NU
              FLIT          FCFMLRTY      FLCONFIN      FLSCHOOL      NOBULLY
              ________      ________      ________      ________      ________
                0.000         0.000         0.000         0.000         0.000


           NU
              FLFAMILY      ESCS          MALE          IMMI1GEN      IMMI2GEN
              ________      ________      ________      ________      ________
                0.000         0.000         0.000         0.000         0.000


           LAMBDA
              FLIT          FCFMLRTY      FLCONFIN      FLSCHOOL      NOBULLY
              ________      ________      ________      ________      ________
 FLIT           1.000         0.000         0.000         0.000         0.000
 FCFMLRTY       0.000         1.000         0.000         0.000         0.000
 FLCONFIN       0.000         0.000         1.000         0.000         0.000
 FLSCHOOL       0.000         0.000         0.000         1.000         0.000
 NOBULLY        0.000         0.000         0.000         0.000         1.000
 FLFAMILY       0.000         0.000         0.000         0.000         0.000
 ESCS           0.000         0.000         0.000         0.000         0.000
 MALE           0.000         0.000         0.000         0.000         0.000
 IMMI1GEN       0.000         0.000         0.000         0.000         0.000
 IMMI2GEN       0.000         0.000         0.000         0.000         0.000


           LAMBDA
              FLFAMILY      ESCS          MALE          IMMI1GEN      IMMI2GEN
              ________      ________      ________      ________      ________
 FLIT           0.000         0.000         0.000         0.000         0.000
 FCFMLRTY       0.000         0.000         0.000         0.000         0.000
 FLCONFIN       0.000         0.000         0.000         0.000         0.000
 FLSCHOOL       0.000         0.000         0.000         0.000         0.000
 NOBULLY        0.000         0.000         0.000         0.000         0.000
 FLFAMILY       1.000         0.000         0.000         0.000         0.000
 ESCS           0.000         1.000         0.000         0.000         0.000
 MALE           0.000         0.000         1.000         0.000         0.000
 IMMI1GEN       0.000         0.000         0.000         1.000         0.000
 IMMI2GEN       0.000         0.000         0.000         0.000         1.000


           THETA
              FLIT          FCFMLRTY      FLCONFIN      FLSCHOOL      NOBULLY
              ________      ________      ________      ________      ________
 FLIT           0.000
 FCFMLRTY       0.000         0.000
 FLCONFIN       0.000         0.000         0.000
 FLSCHOOL       0.000         0.000         0.000         0.000
 NOBULLY        0.000         0.000         0.000         0.000         0.000
 FLFAMILY       0.000         0.000         0.000         0.000         0.000
 ESCS           0.000         0.000         0.000         0.000         0.000
 MALE           0.000         0.000         0.000         0.000         0.000
 IMMI1GEN       0.000         0.000         0.000         0.000         0.000
 IMMI2GEN       0.000         0.000         0.000         0.000         0.000


           THETA
              FLFAMILY      ESCS          MALE          IMMI1GEN      IMMI2GEN
              ________      ________      ________      ________      ________
 FLFAMILY       0.000
 ESCS           0.000         0.000
 MALE           0.000         0.000         0.000
 IMMI1GEN       0.000         0.000         0.000         0.000
 IMMI2GEN       0.000         0.000         0.000         0.000         0.000


           ALPHA
              FLIT          FCFMLRTY      FLCONFIN      FLSCHOOL      NOBULLY
              ________      ________      ________      ________      ________
                0.000         6.383        -0.232         0.000         0.000


           ALPHA
              FLFAMILY      ESCS          MALE          IMMI1GEN      IMMI2GEN
              ________      ________      ________      ________      ________
                0.000        -1.118         0.000         0.000         0.000


           BETA
              FLIT          FCFMLRTY      FLCONFIN      FLSCHOOL      NOBULLY
              ________      ________      ________      ________      ________
 FLIT           0.000         0.000         0.000         0.000         0.000
 FCFMLRTY       0.000         0.000         0.000         0.000         0.000
 FLCONFIN       0.000         0.000         0.000         0.000         0.000
 FLSCHOOL       0.000         0.000         0.000         0.000         0.000
 NOBULLY        0.000         0.000         0.000         0.000         0.000
 FLFAMILY       0.000         0.000         0.000         0.000         0.000
 ESCS           0.000         0.000         0.000         0.000         0.000
 MALE           0.000         0.000         0.000         0.000         0.000
 IMMI1GEN       0.000         0.000         0.000         0.000         0.000
 IMMI2GEN       0.000         0.000         0.000         0.000         0.000


           BETA
              FLFAMILY      ESCS          MALE          IMMI1GEN      IMMI2GEN
              ________      ________      ________      ________      ________
 FLIT           0.000         0.000         0.000         0.000         0.000
 FCFMLRTY       0.000         0.000         0.000         0.000         0.000
 FLCONFIN       0.000         0.000         0.000         0.000         0.000
 FLSCHOOL       0.000         0.000         0.000         0.000         0.000
 NOBULLY        0.000         0.000         0.000         0.000         0.000
 FLFAMILY       0.000         0.000         0.000         0.000         0.000
 ESCS           0.000         0.000         0.000         0.000         0.000
 MALE           0.000         0.000         0.000         0.000         0.000
 IMMI1GEN       0.000         0.000         0.000         0.000         0.000
 IMMI2GEN       0.000         0.000         0.000         0.000         0.000


           PSI
              FLIT          FCFMLRTY      FLCONFIN      FLSCHOOL      NOBULLY
              ________      ________      ________      ________      ________
 FLIT        4401.411
 FCFMLRTY       0.000        15.366
 FLCONFIN       0.000         0.000         0.550
 FLSCHOOL       0.000         0.000         0.000         0.512
 NOBULLY        0.000         0.000         0.000         0.000         0.586
 FLFAMILY       0.000         0.000         0.000         0.000         0.000
 ESCS           0.000         0.000         0.000         0.000         0.000
 MALE           0.000         0.000         0.000         0.000         0.000
 IMMI1GEN       0.000         0.000         0.000         0.000         0.000
 IMMI2GEN       0.000         0.000         0.000         0.000         0.000


           PSI
              FLFAMILY      ESCS          MALE          IMMI1GEN      IMMI2GEN
              ________      ________      ________      ________      ________
 FLFAMILY       0.696
 ESCS           0.000         0.724
 MALE           0.000         0.000         0.125
 IMMI1GEN       0.000         0.000         0.000         0.001
 IMMI2GEN       0.000         0.000         0.000         0.000         0.004


     STARTING VALUES FOR BETWEEN


           NU
              EDUSHORT      FLIT          FLSCHOOL      NOBULLY       FLFAMILY
              ________      ________      ________      ________      ________
                0.000         0.000         0.000         0.000         0.000


           NU
              STRATIO
              ________
                0.000


           LAMBDA
              EDUSHORT      FLIT          FLSCHOOL      NOBULLY       FLFAMILY
              ________      ________      ________      ________      ________
 EDUSHORT       1.000         0.000         0.000         0.000         0.000
 FLIT           0.000         1.000         0.000         0.000         0.000
 FLSCHOOL       0.000         0.000         1.000         0.000         0.000
 NOBULLY        0.000         0.000         0.000         1.000         0.000
 FLFAMILY       0.000         0.000         0.000         0.000         1.000
 STRATIO        0.000         0.000         0.000         0.000         0.000


           LAMBDA
              STRATIO
              ________
 EDUSHORT       0.000
 FLIT           0.000
 FLSCHOOL       0.000
 NOBULLY        0.000
 FLFAMILY       0.000
 STRATIO        1.000


           THETA
              EDUSHORT      FLIT          FLSCHOOL      NOBULLY       FLFAMILY
              ________      ________      ________      ________      ________
 EDUSHORT       0.000
 FLIT           0.000         0.000
 FLSCHOOL       0.000         0.000         0.000
 NOBULLY        0.000         0.000         0.000         0.000
 FLFAMILY       0.000         0.000         0.000         0.000         0.000
 STRATIO        0.000         0.000         0.000         0.000         0.000


           THETA
              STRATIO
              ________
 STRATIO        0.000


           ALPHA
              EDUSHORT      FLIT          FLSCHOOL      NOBULLY       FLFAMILY
              ________      ________      ________      ________      ________
                0.040       421.817        -0.158        -0.137         0.209


           ALPHA
              STRATIO
              ________
                0.000


           BETA
              EDUSHORT      FLIT          FLSCHOOL      NOBULLY       FLFAMILY
              ________      ________      ________      ________      ________
 EDUSHORT       0.000         0.000         0.000         0.000         0.000
 FLIT           0.000         0.000         0.000         0.000         0.000
 FLSCHOOL       0.000         0.000         0.000         0.000         0.000
 NOBULLY        0.000         0.000         0.000         0.000         0.000
 FLFAMILY       0.000         0.000         0.000         0.000         0.000
 STRATIO        0.000         0.000         0.000         0.000         0.000


           BETA
              STRATIO
              ________
 EDUSHORT       0.000
 FLIT           0.000
 FLSCHOOL       0.000
 NOBULLY        0.000
 FLFAMILY       0.000
 STRATIO        0.000


           PSI
              EDUSHORT      FLIT          FLSCHOOL      NOBULLY       FLFAMILY
              ________      ________      ________      ________      ________
 EDUSHORT       0.585
 FLIT           0.000      4401.411
 FLSCHOOL       0.000         0.000         0.512
 NOBULLY        0.000         0.000         0.000         0.586
 FLFAMILY       0.000         0.000         0.000         0.000         0.696
 STRATIO        0.000         0.000         0.000         0.000         0.000


           PSI
              STRATIO
              ________
 STRATIO      139.140


     Beginning Time:  13:05:11
        Ending Time:  13:06:00
       Elapsed Time:  00:00:49



MUTHEN & MUTHEN
3463 Stoner Ave.
Los Angeles, CA  90066

Tel: (310) 391-9971
Fax: (310) 391-8971
Web: www.StatModel.com
Support: Support@StatModel.com

Copyright (c) 1998-2019 Muthen & Muthen
