Mplus VERSION 8.3
MUTHEN & MUTHEN
02/05/2021   3:53 PM

INPUT INSTRUCTIONS


  TITLE:
      Investigate sources of model misfit for 428

  DATA:
      file = "C:\Users\tctan\finlit1_LVA.dat";


  VARIABLE:
      names =
          FKI CNTRYID CNTSCHID CNTSTUID W_STU
          MATH READ FLIT                      ! PISA achievement variables
          MALE IMMI1GEN IMMI2GEN ESCS         ! Demographic info
          FCFMLRTY FLCONFIN                   ! Affect
          FLSCHOOL                            !   Lat var "Academic"
          NOBULLY                             !   Lat var "Safety"
          FLFAMILY                            !   Lat var "Community"
          W_SCH STRATIO                       ! School character
          EDUSHORT                            !   Lat var "inst. env."
          ;

      usevar =
          FLIT                                ! PISA achievement variables
          FLSCHOOL                            !   Lat var "Academic"
          NOBULLY                             !   Lat var "Safety"
          FLFAMILY                            !   Lat var "Community"
          EDUSHORT STRATIO                    !   Lat var "Inst env"
          FCFMLRTY FLCONFIN                   ! Affect
          MALE IMMI1GEN IMMI2GEN ESCS         ! Demographic info
          ;

      ! Vars that ONLY appear in L1
      within =
          FCFMLRTY FLCONFIN                   ! Affective vars
          MALE IMMI1GEN IMMI2GEN ESCS         ! L1 control vars
          ;

      ! Vars that ONLY appear in L2
      between =
          EDUSHORT STRATIO                    ! L2: school
          ;

      missing = all (-99);

      weight = W_STU;                         ! Student weight
      wtscale = cluster;                      ! Scale L1 weight to cluster size
      bweight = W_SCH;                        ! School weight
      bwtscale = sample;                      ! Scale L2 weight to sample

      cluster = CNTSCHID;                     ! Cluster by school ID


  ANALYSIS:
      processors = 4;

      type = twolevel;


  MODEL:

  %Within%                                    ! === L1: Student-level ===

      ! Indirect pathways (1st half): school climate vars onto mediators
          ! Onto mediator FAMILIARITY
      FCFMLRTY on FLSCHOOL NOBULLY FLFAMILY;
          ! Onto mediator CONFIDENCE
      FLCONFIN on FLSCHOOL NOBULLY FLFAMILY;

      ! Total effect
      FLIT on
          ! Direct pathways: school climate vars onto financial literacy
          FLSCHOOL NOBULLY FLFAMILY
          ! Indirect pathways (2nd half): affective vars onto financial literacy
          FCFMLRTY FLCONFIN
          ! Control vars (demographic info)
          MALE IMMI1GEN IMMI2GEN ESCS
          ;

      ! Covariances
          ! Between school climate vars
      FLSCHOOL with NOBULLY;
      FLSCHOOL with FLFAMILY;
      NOBULLY with FLFAMILY;
          ! Between mediators
      FCFMLRTY with FLCONFIN;
          ! ESCS with FLFAMILY
      ESCS with FLFAMILY

  %Between%                                   ! === L2: School-level ===

      FLIT on
          FLSCHOOL NOBULLY FLFAMILY EDUSHORT  ! School climate variables
          STRATIO                             ! Control: Student-teacher ratio
          ;

      FLSCHOOL with NOBULLY;
      NOBULLY with FLFAMILY;
      FLFAMILY with EDUSHORT;

      FLSCHOOL with FLFAMILY;
      NOBULLY with EDUSHORT;

      FLSCHOOL with EDUSHORT;


  MODEL INDIRECT:

      ! Indirect effects
      FLIT ind FLSCHOOL;
      FLIT ind NOBULLY;
      FLIT ind FLFAMILY;


  OUTPUT:
      stdyx                                   ! Fully standardised solution
      mod(all)                                ! Mod indices (all)
      ;



*** WARNING
  One or more individual-level variables have no variation within a
  cluster for the following clusters.

     Variable   Cluster IDs with no within-cluster variation

      FCFMLRTY    42800184 42800021
      FLCONFIN    42800148 42800191 42800184 42800021 42800037 42800228
      FLSCHOOL    42800132 42800184 42800021 42800037
      NOBULLY     42800009 42800148 42800191 42800184 42800077 42800280 42800106 42800233
      FLFAMILY    42800148 42800184 42800021
      MALE        42800049 42800066 42800132 42800134 42800285 42800021 42800040 42800200 42800124
                  42800232 42800246 42800172 42800131 42800308 42800178
      IMMI1GEN    42800071 42800090 42800049 42800066 42800132 42800241 42800134 42800285 42800184
                  42800256 42800021 42800101 42800187 42800040 42800195 42800200 42800124 42800077
                  42800232 42800037 42800246 42800115 42800093 42800139 42800042 42800045 42800172
                  42800197 42800214 42800122 42800227 42800231 42800240 42800166 42800167 42800125
                  42800008 42800131 42800274 42800275 42800028 42800287 42800304 42800308 42800135
                  42800186 42800228 42800237 42800239 42800188 42800070 42800004 42800252 42800050
                  42800081 42800204 42800207 42800001 42800280 42800055 42800216 42800058 42800003
                  42800266 42800206 42800061 42800270 42800065 42800079 42800230 42800248 42800286
                  42800210 42800294 42800179 42800306 42800178 42800152 42800176 42800222 42800255
                  42800209 42800094 42800182 42800302 42800173 42800086 42800153 42800212 42800087
                  42800289 42800039 42800144 42800119 42800010 42800218 42800022 42800082 42800016
                  42800147 42800269 42800247 42800133 42800236 42800084 42800072 42800015 42800109
                  42800260 42800233 42800198 42800095 42800142 42800192 42800062 42800278 42800267
                  42800149 42800036 42800067 42800110 42800292 42800272 42800243 42800113 42800060
                  42800097 42800296 42800104 42800080 42800288 42800099 42800262 42800283 42800137
                  42800271 42800225 42800029 42800276 42800229 42800006 42800273 42800025 42800019
                  42800074 42800085 42800130 42800075 42800033 42800235 42800034 42800089 42800298
                  42800299 42800205 42800303 42800136 42800307 42800005 42800234 42800002 42800112
                  42800052 42800032 42800305 42800100 42800041 42800012 42800202 42800203 42800279
                  42800059 42800174 42800284 42800175 42800023 42800111 42800194 42800064 42800211
                  42800151 42800213 42800098 42800185 42800189 42800168 42800118 42800162 42800224
                  42800103 42800251 42800169 42800293 42800096 42800154 42800165 42800053 42800282
                  42800193 42800126 42800160 42800164 42800196 42800114 42800295 42800078 42800297
                  42800123 42800242 42800300 42800301 42800177 42800155 42800156 42800157 42800102
                  42800069 42800127 42800018 42800046 42800146 42800217 42800020 42800244 42800057
                  42800281 42800150 42800181 42800043 42800215 42800068 42800128 42800044 42800107
                  42800291 42800108 42800221 42800091 42800158 42800121 42800145 42800171 42800063
                  42800163 42800014 42800265 42800026 42800116 42800140 42800027 42800017 42800047
                  42800120 42800199 42800076 42800226 42800056 42800013
      IMMI2GEN    42800071 42800090 42800049 42800066 42800132 42800241 42800134 42800285 42800184
                  42800256 42800021 42800101 42800187 42800040 42800195 42800200 42800124 42800077
                  42800232 42800246 42800115 42800093 42800139 42800042 42800045 42800172 42800197
                  42800214 42800122 42800231 42800138 42800240 42800166 42800167 42800125 42800131
                  42800274 42800275 42800028 42800287 42800304 42800308 42800135 42800186 42800228
                  42800237 42800239 42800188 42800004 42800252 42800050 42800081 42800204 42800207
                  42800001 42800280 42800055 42800216 42800058 42800003 42800266 42800206 42800061
                  42800065 42800079 42800230 42800248 42800286 42800210 42800294 42800179 42800306
                  42800178 42800152 42800176 42800255 42800209 42800094 42800086 42800153 42800212
                  42800087 42800106 42800039 42800144 42800011 42800010 42800022 42800082 42800016
                  42800147 42800269 42800247 42800133 42800236 42800072 42800015 42800109 42800260
                  42800233 42800198 42800095 42800192 42800062 42800278 42800149 42800110 42800292
                  42800272 42800243 42800113 42800060 42800097 42800296 42800104 42800092 42800080
                  42800288 42800099 42800262 42800250 42800137 42800271 42800225 42800229 42800006
                  42800273 42800019 42800085 42800075 42800033 42800235 42800257 42800034 42800089
                  42800299 42800303 42800201 42800136 42800307 42800005 42800002 42800112 42800052
                  42800032 42800305 42800100 42800012 42800202 42800203 42800059 42800174 42800175
                  42800023 42800111 42800064 42800151 42800213 42800185 42800224 42800103 42800251
                  42800169 42800254 42800293 42800154 42800282 42800126 42800164 42800114 42800295
                  42800078 42800242 42800300 42800301 42800177 42800156 42800157 42800102 42800018
                  42800046 42800217 42800244 42800057 42800150 42800180 42800181 42800043 42800044
                  42800107 42800108 42800221 42800091 42800121 42800145 42800171 42800063 42800014
                  42800265 42800026 42800140 42800017 42800035 42800199 42800076 42800056

*** WARNING
  Data set contains cases with missing on x-variables.
  These cases were not included in the analysis.
  Number of cases with missing on x-variables:  268
   2 WARNING(S) FOUND IN THE INPUT INSTRUCTIONS




Investigate sources of model misfit for 428

SUMMARY OF ANALYSIS

Number of groups                                                 1
Number of observations                                        2883

Number of dependent variables                                    3
Number of independent variables                                  9
Number of continuous latent variables                            0

Observed dependent variables

  Continuous
   FLIT        FCFMLRTY    FLCONFIN

Observed independent variables
   FLSCHOOL    NOBULLY     FLFAMILY    EDUSHORT    STRATIO     MALE
   IMMI1GEN    IMMI2GEN    ESCS

Variables with special functions

  Cluster variable      CNTSCHID
  Weight variable (cluster-size scaling)
    W_STU
  Between weight variable (sample-size scaling)
    W_SCH

  Within variables
   FCFMLRTY    FLCONFIN    MALE        IMMI1GEN    IMMI2GEN    ESCS

  Between variables
   EDUSHORT    STRATIO


Estimator                                                      MLR
Information matrix                                        OBSERVED
Maximum number of iterations                                   100
Convergence criterion                                    0.100D-05
Maximum number of EM iterations                                500
Convergence criteria for the EM algorithm
  Loglikelihood change                                   0.100D-02
  Relative loglikelihood change                          0.100D-05
  Derivative                                             0.100D-03
Minimum variance                                         0.100D-03
Maximum number of steepest descent iterations                   20
Maximum number of iterations for H1                           2000
Convergence criterion for H1                             0.100D-03
Optimization algorithm                                         EMA

Input data file(s)
  C:\Users\tctan\finlit1_LVA.dat
Input data format  FREE


SUMMARY OF DATA

     Number of missing data patterns            37
     Number of clusters                        290

     Average cluster size        9.941

     Estimated Intraclass Correlations for the Y Variables

                Intraclass              Intraclass              Intraclass
     Variable  Correlation   Variable  Correlation   Variable  Correlation

     FLIT         0.099      FCFMLRTY     0.000      FLCONFIN     0.000
     FLSCHOOL     0.056      NOBULLY      0.029      FLFAMILY     0.005
     ESCS         0.000



COVARIANCE COVERAGE OF DATA

Minimum covariance coverage value   0.100


     PROPORTION OF DATA PRESENT


           Covariance Coverage
              EDUSHORT      FLIT          FCFMLRTY      FLCONFIN      FLSCHOOL
              ________      ________      ________      ________      ________
 EDUSHORT       0.995
 FLIT           0.995         1.000
 FCFMLRTY       0.957         0.962         0.962
 FLCONFIN       0.916         0.921         0.914         0.921
 FLSCHOOL       0.945         0.950         0.942         0.914         0.950
 NOBULLY        0.856         0.861         0.841         0.817         0.832
 FLFAMILY       0.941         0.946         0.938         0.913         0.938
 ESCS           0.990         0.995         0.958         0.918         0.946
 MALE           0.995         1.000         0.962         0.921         0.950
 IMMI1GEN       0.995         1.000         0.962         0.921         0.950
 IMMI2GEN       0.995         1.000         0.962         0.921         0.950
 STRATIO        0.995         1.000         0.962         0.921         0.950


           Covariance Coverage
              NOBULLY       FLFAMILY      ESCS          MALE          IMMI1GEN
              ________      ________      ________      ________      ________
 NOBULLY        0.861
 FLFAMILY       0.833         0.946
 ESCS           0.858         0.942         0.995
 MALE           0.861         0.946         0.995         1.000
 IMMI1GEN       0.861         0.946         0.995         1.000         1.000
 IMMI2GEN       0.861         0.946         0.995         1.000         1.000
 STRATIO        0.861         0.946         0.995         1.000         1.000


           Covariance Coverage
              IMMI2GEN      STRATIO
              ________      ________
 IMMI2GEN       1.000
 STRATIO        1.000         1.000



UNIVARIATE SAMPLE STATISTICS


     UNIVARIATE HIGHER-ORDER MOMENT DESCRIPTIVE STATISTICS

         Variable/         Mean/     Skewness/   Minimum/ % with                Percentiles
        Sample Size      Variance    Kurtosis    Maximum  Min/Max      20%/60%    40%/80%    Median

     EDUSHORT             -0.143       0.274      -1.421   15.57%      -0.688     -0.281     -0.238
             289.000       0.644      -0.028       2.186    0.35%      -0.067      0.470
     FLIT                504.905      -0.166     225.676    0.03%     431.646    480.761    501.064
            2883.000    6080.535       0.004     755.791    0.03%     522.684    565.740
     FCFMLRTY              7.231       0.144       0.000   17.17%       1.000      6.000      7.000
            2773.000      26.637      -0.979      18.000    2.88%       9.000     12.000
     FLCONFIN              0.078      -0.095      -2.184    4.75%      -0.524     -0.104      0.107
            2654.000       0.850       0.897       2.322    0.04%       0.308      0.658
     FLSCHOOL              0.006       0.098      -1.564    9.46%      -0.690     -0.169      0.102
            2739.000       0.716       0.152       2.317    2.08%       0.402      0.436
     NOBULLY              -0.351      -0.509      -3.859    1.09%      -1.203     -0.770     -0.291
            2482.000       1.067      -0.237       0.782   35.37%      -0.146      0.782
     FLFAMILY              0.040       0.101      -1.984    5.90%      -0.656     -0.219     -0.052
            2727.000       0.881       0.295       2.402    2.86%       0.189      0.782
     ESCS                  0.037      -0.629      -7.711    0.03%      -0.853     -0.264      0.006
            2869.000       0.694       2.215       2.289    0.03%       0.284      0.742
     MALE                  0.486       0.056       0.000   50.12%       0.000      0.000      0.000
            2883.000       0.250      -1.997       1.000   49.88%       1.000      1.000
     IMMI1GEN              0.008      11.329       0.000   99.13%       0.000      0.000      0.000
            2883.000       0.008     126.354       1.000    0.87%       0.000      0.000
     IMMI2GEN              0.042       4.564       0.000   95.84%       0.000      0.000      0.000
            2883.000       0.040      18.832       1.000    4.16%       0.000      0.000
     STRATIO              10.976      10.898       1.000    0.34%       7.083      9.049     10.000
             290.000      37.602     156.029     100.000    0.34%      11.083     12.601


THE MODEL ESTIMATION TERMINATED NORMALLY



MODEL FIT INFORMATION

Number of Free Parameters                       51

Loglikelihood

          H0 Value                      -42778.144
          H0 Scaling Correction Factor      1.3308
            for MLR
          H1 Value                      -42652.254
          H1 Scaling Correction Factor      1.2717
            for MLR

Information Criteria

          Akaike (AIC)                   85658.289
          Bayesian (BIC)                 85962.585
          Sample-Size Adjusted BIC       85800.539
            (n* = (n + 2) / 24)

Chi-Square Test of Model Fit

          Value                            217.838*
          Degrees of Freedom                    26
          P-Value                           0.0000
          Scaling Correction Factor         1.1558
            for MLR

*   The chi-square value for MLM, MLMV, MLR, ULSMV, WLSM and WLSMV cannot be used
    for chi-square difference testing in the regular way.  MLM, MLR and WLSM
    chi-square difference testing is described on the Mplus website.  MLMV, WLSMV,
    and ULSMV difference testing is done using the DIFFTEST option.

RMSEA (Root Mean Square Error Of Approximation)

          Estimate                           0.051

CFI/TLI

          CFI                                0.804
          TLI                                0.570

Chi-Square Test of Model Fit for the Baseline Model

          Value                           1035.329
          Degrees of Freedom                    57
          P-Value                           0.0000

SRMR (Standardized Root Mean Square Residual)

          Value for Within                   0.046
          Value for Between                  0.100



MODEL RESULTS

                                                    Two-Tailed
                    Estimate       S.E.  Est./S.E.    P-Value

Within Level

 FCFMLRTY   ON
    FLSCHOOL           1.431      0.142     10.104      0.000
    NOBULLY            0.346      0.114      3.046      0.002
    FLFAMILY           0.518      0.122      4.265      0.000

 FLCONFIN   ON
    FLSCHOOL           0.119      0.029      4.126      0.000
    NOBULLY            0.044      0.022      1.968      0.049
    FLFAMILY           0.105      0.024      4.429      0.000

 FLIT       ON
    FLSCHOOL          -8.037      1.983     -4.052      0.000
    NOBULLY            4.790      1.519      3.154      0.002
    FLFAMILY          -3.643      1.744     -2.089      0.037
    FCFMLRTY           3.429      0.316     10.863      0.000
    FLCONFIN           9.900      1.677      5.903      0.000
    MALE              -1.857      2.884     -0.644      0.520
    IMMI1GEN          27.727     16.492      1.681      0.093
    IMMI2GEN           3.224      7.142      0.451      0.652
    ESCS              12.412      2.068      6.002      0.000

 FLSCHOOL WITH
    NOBULLY           -0.075      0.022     -3.434      0.001
    FLFAMILY           0.190      0.019      9.778      0.000

 NOBULLY  WITH
    FLFAMILY          -0.019      0.023     -0.809      0.418

 FCFMLRTY WITH
    FLCONFIN           0.986      0.105      9.353      0.000

 ESCS     WITH
    FLFAMILY           0.095      0.016      5.961      0.000

 Means
    ESCS               0.036      0.032      1.124      0.261

 Intercepts
    FCFMLRTY           7.206      0.130     55.508      0.000
    FLCONFIN           0.072      0.021      3.432      0.001

 Variances
    FLSCHOOL           0.681      0.023     29.303      0.000
    NOBULLY            1.024      0.031     33.280      0.000
    FLFAMILY           0.876      0.029     30.169      0.000
    ESCS               0.694      0.029     23.862      0.000

 Residual Variances
    FLIT            4685.078    151.221     30.982      0.000
    FCFMLRTY          24.691      0.666     37.049      0.000
    FLCONFIN           0.826      0.028     29.348      0.000

Between Level

 FLIT       ON
    FLSCHOOL          -9.135    303.014     -0.030      0.976
    NOBULLY          115.638    447.349      0.258      0.796
    FLFAMILY        -387.568   2714.496     -0.143      0.886
    EDUSHORT         -18.571    111.000     -0.167      0.867
    STRATIO            0.344      0.369      0.931      0.352

 FLSCHOOL WITH
    NOBULLY           -0.005      0.008     -0.570      0.569
    FLFAMILY           0.003      0.006      0.538      0.591
    EDUSHORT           0.011      0.017      0.630      0.529

 NOBULLY  WITH
    FLFAMILY           0.006      0.008      0.726      0.468
    EDUSHORT           0.021      0.020      1.037      0.300

 FLFAMILY WITH
    EDUSHORT          -0.021      0.015     -1.403      0.161

 Means
    EDUSHORT          -0.145      0.053     -2.756      0.006
    FLSCHOOL           0.014      0.021      0.657      0.511
    NOBULLY           -0.367      0.027    -13.786      0.000
    FLFAMILY           0.039      0.020      1.943      0.052

 Intercepts
    FLIT             528.900    250.114      2.115      0.034

 Variances
    EDUSHORT           0.644      0.060     10.712      0.000
    FLSCHOOL           0.040      0.009      4.256      0.000
    NOBULLY            0.042      0.013      3.138      0.002
    FLFAMILY           0.003      0.008      0.386      0.700

 Residual Variances
    FLIT             163.609   1218.638      0.134      0.893


STANDARDIZED MODEL RESULTS


STDYX Standardization

                                                    Two-Tailed
                    Estimate       S.E.  Est./S.E.    P-Value

Within Level

 FCFMLRTY   ON
    FLSCHOOL           0.229      0.022     10.208      0.000
    NOBULLY            0.068      0.022      3.044      0.002
    FLFAMILY           0.094      0.022      4.219      0.000

 FLCONFIN   ON
    FLSCHOOL           0.107      0.026      4.177      0.000
    NOBULLY            0.048      0.024      1.972      0.049
    FLFAMILY           0.107      0.024      4.462      0.000

 FLIT       ON
    FLSCHOOL          -0.091      0.023     -4.047      0.000
    NOBULLY            0.067      0.021      3.147      0.002
    FLFAMILY          -0.047      0.023     -2.079      0.038
    FCFMLRTY           0.244      0.022     11.141      0.000
    FLCONFIN           0.126      0.021      5.912      0.000
    MALE              -0.013      0.020     -0.644      0.520
    IMMI1GEN           0.033      0.020      1.687      0.092
    IMMI2GEN           0.009      0.020      0.451      0.652
    ESCS               0.142      0.023      6.239      0.000

 FLSCHOOL WITH
    NOBULLY           -0.090      0.026     -3.446      0.001
    FLFAMILY           0.246      0.023     10.794      0.000

 NOBULLY  WITH
    FLFAMILY          -0.020      0.025     -0.809      0.419

 FCFMLRTY WITH
    FLCONFIN           0.218      0.022      9.966      0.000

 ESCS     WITH
    FLFAMILY           0.122      0.020      6.146      0.000

 Means
    ESCS               0.043      0.039      1.118      0.263

 Intercepts
    FCFMLRTY           1.396      0.032     44.282      0.000
    FLCONFIN           0.078      0.023      3.423      0.001

 Variances
    FLSCHOOL           1.000      0.000    999.000    999.000
    NOBULLY            1.000      0.000    999.000    999.000
    FLFAMILY           1.000      0.000    999.000    999.000
    ESCS               1.000      0.000    999.000    999.000

 Residual Variances
    FLIT               0.887      0.013     70.272      0.000
    FCFMLRTY           0.927      0.011     83.410      0.000
    FLCONFIN           0.970      0.008    117.527      0.000

Between Level

 FLIT       ON
    FLSCHOOL          -0.076      2.509     -0.030      0.976
    NOBULLY            0.981      3.778      0.260      0.795
    FLFAMILY          -0.908      5.314     -0.171      0.864
    EDUSHORT          -0.614      3.670     -0.167      0.867
    STRATIO            0.087      0.093      0.933      0.351

 FLSCHOOL WITH
    NOBULLY           -0.112      0.195     -0.575      0.566
    FLFAMILY           0.293      0.604      0.485      0.628
    EDUSHORT           0.067      0.106      0.635      0.525

 NOBULLY  WITH
    FLFAMILY           0.474      0.690      0.686      0.492
    EDUSHORT           0.128      0.119      1.072      0.284

 FLFAMILY WITH
    EDUSHORT          -0.466      0.682     -0.684      0.494

 Means
    EDUSHORT          -0.181      0.068     -2.659      0.008
    FLSCHOOL           0.070      0.109      0.646      0.518
    NOBULLY           -1.786      0.282     -6.328      0.000
    FLFAMILY           0.692      0.986      0.701      0.483

 Intercepts
    FLIT              21.806     10.487      2.079      0.038

 Variances
    EDUSHORT           1.000      0.000    999.000    999.000
    FLSCHOOL           1.000      0.000    999.000    999.000
    NOBULLY            1.000      0.000    999.000    999.000
    FLFAMILY           1.000      0.000    999.000    999.000

 Residual Variances
    FLIT               0.278      2.074      0.134      0.893


R-SQUARE

Within Level

    Observed                                        Two-Tailed
    Variable        Estimate       S.E.  Est./S.E.    P-Value

    FLIT               0.113      0.013      8.966      0.000
    FCFMLRTY           0.073      0.011      6.598      0.000
    FLCONFIN           0.030      0.008      3.574      0.000

Between Level

    Observed                                        Two-Tailed
    Variable        Estimate       S.E.  Est./S.E.    P-Value

    FLIT               0.722      2.074      0.348      0.728


QUALITY OF NUMERICAL RESULTS

     Condition Number for the Information Matrix              0.109E-08
       (ratio of smallest to largest eigenvalue)


TOTAL, TOTAL INDIRECT, SPECIFIC INDIRECT, AND DIRECT EFFECTS


                                                    Two-Tailed
                    Estimate       S.E.  Est./S.E.    P-Value

WITHIN

Effects from FLSCHOOL to FLIT

  Total               -1.949      1.989     -0.980      0.327
  Total indirect       6.087      0.715      8.517      0.000

  Specific indirect 1
    FLIT
    FCFMLRTY
    FLSCHOOL           4.906      0.646      7.600      0.000

  Specific indirect 2
    FLIT
    FLCONFIN
    FLSCHOOL           1.181      0.360      3.279      0.001

  Direct
    FLIT
    FLSCHOOL          -8.037      1.983     -4.052      0.000


Effects from NOBULLY to FLIT

  Total                6.408      1.648      3.889      0.000
  Total indirect       1.617      0.506      3.199      0.001

  Specific indirect 1
    FLIT
    FCFMLRTY
    NOBULLY            1.186      0.402      2.949      0.003

  Specific indirect 2
    FLIT
    FLCONFIN
    NOBULLY            0.431      0.226      1.912      0.056

  Direct
    FLIT
    NOBULLY            4.790      1.519      3.154      0.002


Effects from FLFAMILY to FLIT

  Total               -0.826      1.791     -0.461      0.645
  Total indirect       2.817      0.554      5.085      0.000

  Specific indirect 1
    FLIT
    FCFMLRTY
    FLFAMILY           1.777      0.460      3.864      0.000

  Specific indirect 2
    FLIT
    FLCONFIN
    FLFAMILY           1.040      0.268      3.873      0.000

  Direct
    FLIT
    FLFAMILY          -3.643      1.744     -2.089      0.037


BETWEEN

Effects from FLSCHOOL to FLIT

  Total               -9.135    303.014     -0.030      0.976
  Total indirect       0.000      0.000    999.000      0.000

  Direct
    FLIT
    FLSCHOOL          -9.135    303.014     -0.030      0.976


Effects from NOBULLY to FLIT

  Total              115.638    447.349      0.258      0.796
  Total indirect       0.000      0.000    999.000      0.000

  Direct
    FLIT
    NOBULLY          115.638    447.349      0.258      0.796


Effects from FLFAMILY to FLIT

  Total             -387.568   2714.496     -0.143      0.886
  Total indirect       0.000      0.000    999.000      0.000

  Direct
    FLIT
    FLFAMILY        -387.568   2714.496     -0.143      0.886



STANDARDIZED TOTAL, TOTAL INDIRECT, SPECIFIC INDIRECT, AND DIRECT EFFECTS


STDYX Standardization

                                                    Two-Tailed
                    Estimate       S.E.  Est./S.E.    P-Value

WITHIN

Effects from FLSCHOOL to FLIT

  Total               -0.022      0.023     -0.979      0.328
  Total indirect       0.069      0.008      8.639      0.000

  Specific indirect 1
    FLIT
    FCFMLRTY
    FLSCHOOL           0.056      0.007      7.654      0.000

  Specific indirect 2
    FLIT
    FLCONFIN
    FLSCHOOL           0.013      0.004      3.297      0.001

  Direct
    FLIT
    FLSCHOOL          -0.091      0.023     -4.047      0.000


Effects from NOBULLY to FLIT

  Total                0.089      0.023      3.882      0.000
  Total indirect       0.023      0.007      3.206      0.001

  Specific indirect 1
    FLIT
    FCFMLRTY
    NOBULLY            0.017      0.006      2.950      0.003

  Specific indirect 2
    FLIT
    FLCONFIN
    NOBULLY            0.006      0.003      1.917      0.055

  Direct
    FLIT
    NOBULLY            0.067      0.021      3.147      0.002


Effects from FLFAMILY to FLIT

  Total               -0.011      0.023     -0.461      0.645
  Total indirect       0.036      0.007      5.039      0.000

  Specific indirect 1
    FLIT
    FCFMLRTY
    FLFAMILY           0.023      0.006      3.842      0.000

  Specific indirect 2
    FLIT
    FLCONFIN
    FLFAMILY           0.013      0.003      3.855      0.000

  Direct
    FLIT
    FLFAMILY          -0.047      0.023     -2.079      0.038


BETWEEN

Effects from FLSCHOOL to FLIT

  Total               -0.076      2.509     -0.030      0.976
  Total indirect       0.000      0.000      0.000      1.000

  Direct
    FLIT
    FLSCHOOL          -0.076      2.509     -0.030      0.976


Effects from NOBULLY to FLIT

  Total                0.981      3.778      0.260      0.795
  Total indirect       0.000      0.000      0.000      1.000

  Direct
    FLIT
    NOBULLY            0.981      3.778      0.260      0.795


Effects from FLFAMILY to FLIT

  Total               -0.908      5.314     -0.171      0.864
  Total indirect       0.000      0.000      0.000      1.000

  Direct
    FLIT
    FLFAMILY          -0.908      5.314     -0.171      0.864




MODEL MODIFICATION INDICES

Minimum M.I. value for printing the modification index    10.000

                                   M.I.     E.P.C.  Std E.P.C.  StdYX E.P.C.

Within Level

ON Statements

FCFMLRTY ON FLIT                  17.178     0.039      0.039        0.547
FCFMLRTY ON ESCS                  17.179     0.497      0.497        0.080
FLCONFIN ON MALE                  43.864     0.244      0.244        0.132
FLSCHOOL ON FLIT                  12.465     0.006      0.006        0.501
FLSCHOOL ON FCFMLRTY              34.241     0.576      0.576        3.604
FLSCHOOL ON FLCONFIN              25.108     2.708      2.708        3.026
FLSCHOOL ON FLFAMILY              14.377     0.568      0.568        0.644
FLSCHOOL ON ESCS                  14.377     0.078      0.078        0.079
FLSCHOOL ON MALE                  27.758     0.175      0.175        0.106
NOBULLY  ON FCFMLRTY              12.344     1.303      1.303        6.644
NOBULLY  ON FLCONFIN              12.145     6.380      6.380        5.814
NOBULLY  ON FLFAMILY              11.586     0.655      0.655        0.605
NOBULLY  ON ESCS                  11.587     0.090      0.090        0.074
NOBULLY  ON MALE                  44.949    -0.295     -0.295       -0.145
NOBULLY  ON IMMI1GEN              15.430    -0.992     -0.992       -0.085
FLFAMILY ON FLIT                  28.634    -0.027     -0.027       -2.074
FLFAMILY ON FCFMLRTY              23.709    -0.143     -0.143       -0.788
FLFAMILY ON FLCONFIN              14.973    -0.632     -0.632       -0.622
FLFAMILY ON IMMI1GEN              10.683    -0.696     -0.696       -0.065
ESCS     ON FLIT                  34.909     0.005      0.005        0.395
ESCS     ON FCFMLRTY              33.174     0.019      0.019        0.117
ESCS     ON FLCONFIN              19.663     0.083      0.083        0.092
ESCS     ON FLSCHOOL              12.334     0.074      0.074        0.073
ESCS     ON FLFAMILY              12.526     0.267      0.267        0.300

WITH Statements

FLSCHOOL WITH FCFMLRTY            17.178    10.521     10.521        2.565
FLFAMILY WITH FCFMLRTY            17.179    -2.934     -2.934       -0.631
ESCS     WITH FCFMLRTY            17.179     0.340      0.340        0.082
ESCS     WITH FLSCHOOL            14.377     0.054      0.054        0.079
ESCS     WITH NOBULLY             11.587     0.062      0.062        0.074
MALE     WITH FLCONFIN            44.854     0.061      0.061        0.135
MALE     WITH FLSCHOOL            27.653     0.043      0.043        0.105
MALE     WITH NOBULLY             42.003    -0.071     -0.071       -0.140
IMMI1GEN WITH NOBULLY             12.892    -0.007     -0.007       -0.078

Between Level


     Beginning Time:  15:53:23
        Ending Time:  15:54:23
       Elapsed Time:  00:01:00



MUTHEN & MUTHEN
3463 Stoner Ave.
Los Angeles, CA  90066

Tel: (310) 391-9971
Fax: (310) 391-8971
Web: www.StatModel.com
Support: Support@StatModel.com

Copyright (c) 1998-2019 Muthen & Muthen
