Mplus VERSION 8.3
MUTHEN & MUTHEN
02/22/2021  10:31 PM

INPUT INSTRUCTIONS


  TITLE:
      Investigate sources of model misfit for 616

  DATA:
      file = "C:\Users\tctan\finlit1_616.dat";


  VARIABLE:
      names =
          FKI CNTRYID CNTSCHID W_STU
          MATH READ FLIT                      ! PISA achievement variables
          MALE IMMI1GEN IMMI2GEN ESCS         ! Demographic info
          FCFMLRTY FLCONFIN                   ! Affect
          FLSCHOOL                            !   Lat var "Academic"
          NOBULLY                             !   Lat var "Safety"
          FLFAMILY                            !   Lat var "Community"
          W_SCH STRATIO                       ! School character
          EDUSHORT                            !   Lat var "inst. env."
          ;

      usevar =
          FLIT                                ! PISA achievement variables
          FLSCHOOL                            !   Lat var "Academic"
          NOBULLY                             !   Lat var "Safety"
          FLFAMILY                            !   Lat var "Community"
          EDUSHORT STRATIO                    !   Lat var "Inst env"
          FCFMLRTY FLCONFIN                   ! Affect
          MALE IMMI1GEN IMMI2GEN ESCS         ! Demographic info
          ;

      ! Vars that ONLY appear in L1
      within =
          FCFMLRTY FLCONFIN                   ! Affective vars
          MALE IMMI1GEN IMMI2GEN ESCS         ! L1 control vars
          ;

      ! Vars that ONLY appear in L2
      between =
          EDUSHORT STRATIO                    ! L2: school
          ;

      weight = W_STU;                         ! Student weight
      wtscale = cluster;                      ! Scale L1 weight to cluster size
      bweight = W_SCH;                        ! School weight
      bwtscale = sample;                      ! Scale L2 weight to sample

      cluster = CNTSCHID;                     ! Cluster by school ID


  ANALYSIS:
      processors = 4;

      type = twolevel;


  MODEL:

  %Within%                                    ! === L1: Student-level ===

      ! Indirect pathways (1st half): school climate vars onto mediators
          ! Onto mediator FAMILIARITY
      FCFMLRTY on FLSCHOOL NOBULLY FLFAMILY MALE;
          ! Onto mediator CONFIDENCE
      FLCONFIN on FLSCHOOL NOBULLY FLFAMILY MALE;

      ! Total effect
      FLIT on
          ! Direct pathways: school climate vars onto financial literacy
          FLSCHOOL NOBULLY FLFAMILY
          ! Indirect pathways (2nd half): affective vars onto financial literacy
          FCFMLRTY FLCONFIN
          ! Control vars (demographic info)
          MALE IMMI1GEN IMMI2GEN ESCS
          ;

      ! Covariances
          ! Between school climate vars
      FLSCHOOL with NOBULLY;
      FLSCHOOL with FLFAMILY;
      NOBULLY with FLFAMILY;
          ! Between mediators
      FCFMLRTY with FLCONFIN;
          ! ESCS with FLFAMILY
      ESCS with FLFAMILY;
          ! ESCS with IMMI1GEN and IMMI2GEN
      ESCS with IMMI1GEN IMMI2GEN;

  %Between%                                   ! === L2: School-level ===

      FLIT on
          FLSCHOOL NOBULLY FLFAMILY EDUSHORT  ! School climate variables
          STRATIO                             ! Control: Student-teacher ratio
          ;

      FLSCHOOL with NOBULLY;
      NOBULLY with FLFAMILY;
      FLFAMILY with EDUSHORT;

      FLSCHOOL with FLFAMILY;
      NOBULLY with EDUSHORT;

      FLSCHOOL with EDUSHORT;


  MODEL INDIRECT:

      ! Indirect effects
      FLIT ind FLSCHOOL;
      FLIT ind NOBULLY;
      FLIT ind FLFAMILY;


  OUTPUT:
      stdyx                                   ! Fully standardised solution
      mod(all)                                ! Mod indices (all)
      ;



*** WARNING
  One or more individual-level variables have no variation within a
  cluster for the following clusters.

     Variable   Cluster IDs with no within-cluster variation

      NOBULLY     61600112 61600135 61600171
      IMMI1GEN    61600011 61600112 61600118 61600171 61600207 61600073 61600107 61600052 61600061
                  61600244 61600247 61600104 61600201 61600240 61600032 61600085 61600116 61600182
                  61600209 61600016 61600144 61600148 61600001 61600105 61600121 61600124 61600160
                  61600177 61600206 61600242 61600254 61600117 61600007 61600003 61600082 61600215
                  61600218 61600231 61600237 61600002 61600080 61600225 61600027 61600047 61600072
                  61600093 61600197 61600217 61600227 61600241 61600004 61600028 61600066 61600090
                  61600142 61600154 61600170 61600172 61600021 61600022 61600024 61600083 61600102
                  61600110 61600137 61600159 61600229 61600044 61600133 61600136 61600151 61600163
                  61600178 61600188 61600190 61600204 61600236 61600023 61600030 61600050 61600078
                  61600115 61600122 61600125 61600130 61600143 61600194 61600232 61600017 61600019
                  61600038 61600059 61600119 61600131 61600134 61600147 61600149 61600155 61600161
                  61600162 61600175 61600193 61600202 61600211 61600220 61600223 61600249 61600010
                  61600046 61600064 61600067 61600096 61600153 61600158 61600018 61600040 61600043
                  61600054 61600075 61600079 61600081 61600098 61600129 61600191 61600199 61600212
                  61600230 61600234 61600250 61600020 61600026 61600035 61600041 61600056 61600076
                  61600100 61600103 61600109 61600123 61600141 61600184 61600185 61600195 61600196
                  61600057 61600058 61600063 61600071 61600106 61600126 61600140 61600169 61600173
                  61600174 61600180 61600183 61600187 61600192 61600208 61600210 61600214 61600245
                  61600005 61600009 61600015 61600033 61600036 61600051 61600132 61600166 61600186
                  61600200 61600219 61600013 61600034 61600045 61600074 61600086 61600087 61600089
                  61600095 61600097 61600101 61600037 61600233 61600239 61600049 61600091 61600111
                  61600114 61600120 61600145 61600150 61600152 61600164 61600179 61600181 61600189
                  61600006 61600025 61600221 61600224 61600099 61600108 61600008 61600128 61600014
                  61600053 61600205 61600094 61600216 61600235 61600252 61600156 61600048 61600055
      IMMI2GEN    61600011 61600112 61600118 61600135 61600171 61600207 61600073 61600107 61600052
                  61600061 61600244 61600247 61600104 61600201 61600240 61600032 61600085 61600116
                  61600182 61600209 61600016 61600144 61600148 61600001 61600105 61600121 61600124
                  61600160 61600177 61600206 61600242 61600254 61600117 61600213 61600007 61600003
                  61600082 61600215 61600218 61600231 61600237 61600002 61600225 61600027 61600047
                  61600072 61600093 61600197 61600217 61600227 61600241 61600004 61600028 61600066
                  61600090 61600142 61600154 61600170 61600172 61600021 61600022 61600024 61600083
                  61600102 61600110 61600137 61600159 61600229 61600029 61600044 61600133 61600136
                  61600151 61600178 61600188 61600190 61600204 61600236 61600253 61600023 61600030
                  61600050 61600078 61600115 61600122 61600125 61600130 61600143 61600194 61600232
                  61600017 61600019 61600038 61600059 61600119 61600131 61600134 61600147 61600149
                  61600155 61600161 61600162 61600175 61600193 61600202 61600211 61600238 61600220
                  61600223 61600249 61600010 61600046 61600064 61600067 61600096 61600158 61600040
                  61600043 61600054 61600075 61600079 61600081 61600098 61600129 61600146 61600191
                  61600199 61600243 61600212 61600230 61600234 61600250 61600020 61600026 61600035
                  61600041 61600056 61600100 61600103 61600109 61600123 61600141 61600184 61600185
                  61600195 61600196 61600057 61600058 61600063 61600106 61600126 61600140 61600169
                  61600173 61600174 61600180 61600183 61600187 61600192 61600198 61600208 61600210
                  61600214 61600245 61600005 61600009 61600015 61600033 61600036 61600051 61600132
                  61600166 61600186 61600200 61600219 61600248 61600013 61600034 61600045 61600074
                  61600086 61600087 61600089 61600092 61600095 61600097 61600101 61600037 61600233
                  61600239 61600049 61600091 61600111 61600114 61600120 61600139 61600145 61600150
                  61600152 61600164 61600179 61600181 61600189 61600006 61600221 61600224 61600099
                  61600108 61600113 61600008 61600128 61600014 61600053 61600084 61600205 61600094
                  61600216 61600235 61600252 61600156 61600048 61600055
      MALE        61600011 61600118 61600135 61600171 61600073

   1 WARNING(S) FOUND IN THE INPUT INSTRUCTIONS




Investigate sources of model misfit for 616

SUMMARY OF ANALYSIS

Number of groups                                                 1
Number of observations                                        4294

Number of dependent variables                                    3
Number of independent variables                                  9
Number of continuous latent variables                            0

Observed dependent variables

  Continuous
   FLIT        FCFMLRTY    FLCONFIN

Observed independent variables
   FLSCHOOL    NOBULLY     FLFAMILY    EDUSHORT    STRATIO     MALE
   IMMI1GEN    IMMI2GEN    ESCS

Variables with special functions

  Cluster variable      CNTSCHID
  Weight variable (cluster-size scaling)
    W_STU
  Between weight variable (sample-size scaling)
    W_SCH

  Within variables
   FCFMLRTY    FLCONFIN    MALE        IMMI1GEN    IMMI2GEN    ESCS

  Between variables
   EDUSHORT    STRATIO


Estimator                                                      MLR
Information matrix                                        OBSERVED
Maximum number of iterations                                   100
Convergence criterion                                    0.100D-05
Maximum number of EM iterations                                500
Convergence criteria for the EM algorithm
  Loglikelihood change                                   0.100D-02
  Relative loglikelihood change                          0.100D-05
  Derivative                                             0.100D-03
Minimum variance                                         0.100D-03
Maximum number of steepest descent iterations                   20
Maximum number of iterations for H1                           2000
Convergence criterion for H1                             0.100D-03
Optimization algorithm                                         EMA

Input data file(s)
  C:\Users\tctan\finlit1_616.dat
Input data format  FREE


SUMMARY OF DATA

     Number of clusters                        235

     Average cluster size       18.272

     Estimated Intraclass Correlations for the Y Variables

                Intraclass              Intraclass              Intraclass
     Variable  Correlation   Variable  Correlation   Variable  Correlation

     FLIT         0.099      FCFMLRTY     0.000      FLCONFIN     0.000
     FLSCHOOL     0.039      NOBULLY      0.022      FLFAMILY     0.013
     IMMI1GEN     0.000      IMMI2GEN     0.000      ESCS         0.000




UNIVARIATE SAMPLE STATISTICS


     UNIVARIATE HIGHER-ORDER MOMENT DESCRIPTIVE STATISTICS

         Variable/         Mean/     Skewness/   Minimum/ % with                Percentiles
        Sample Size      Variance    Kurtosis    Maximum  Min/Max      20%/60%    40%/80%    Median

     EDUSHORT             -0.167       0.170      -1.421   21.28%      -1.421     -0.249     -0.238
             235.000       0.764      -0.440       2.959    0.43%       0.097      0.663
     FLIT                521.086      -0.068     217.071    0.02%     446.523    500.787    523.018
            4294.000    7873.554      -0.136     832.702    0.02%     544.200    596.270
     FCFMLRTY              7.193       0.202      -4.875    0.02%       1.000      5.000      7.000
            4294.000      30.184      -1.009      21.353    0.02%       9.000     12.000
     FLCONFIN              0.019       0.080      -2.742    0.02%      -0.524     -0.225      0.013
            4294.000       1.001       0.525       3.014    0.02%       0.221      0.658
     FLSCHOOL             -0.073       0.223      -3.305    0.02%      -1.025     -0.251      0.033
            4294.000       0.938      -0.156       2.378    0.02%       0.402      0.413
     NOBULLY              -0.040      -0.955      -3.859    0.93%      -0.992     -0.291      0.780
            4294.000       1.053       0.644       2.737    0.02%       0.782      0.782
     FLFAMILY             -0.046       0.116      -2.446    0.02%      -0.781     -0.219     -0.151
            4294.000       0.925       0.316       3.467    0.02%       0.139      0.692
     IMMI1GEN              0.004      16.100       0.000   99.60%       0.000      0.000      0.000
            4294.000       0.004     257.219       1.000    0.40%       0.000      0.000
     IMMI2GEN              0.003      19.651       0.000   99.74%       0.000      0.000      0.000
            4294.000       0.003     384.172       1.000    0.26%       0.000      0.000
     ESCS                 -0.161       0.325      -2.747    0.02%      -0.963     -0.554     -0.293
            4294.000       0.727      -0.668       3.475    0.02%      -0.015      0.716
     MALE                  0.491       0.035       0.000   51.56%       0.000      0.000      0.000
            4294.000       0.250      -1.999       1.000   48.44%       1.000      1.000
     STRATIO               8.072      -0.378       1.000    0.85%       5.238      7.655      8.245
             235.000       8.806      -0.133      16.574    0.43%       8.992     10.384

     THE STANDARD ERRORS OF THE MODEL PARAMETER ESTIMATES MAY NOT BE
     TRUSTWORTHY FOR SOME PARAMETERS DUE TO A NON-POSITIVE DEFINITE
     FIRST-ORDER DERIVATIVE PRODUCT MATRIX.  THIS MAY BE DUE TO THE STARTING
     VALUES BUT MAY ALSO BE AN INDICATION OF MODEL NONIDENTIFICATION.  THE
     CONDITION NUMBER IS      -0.640D-17.  PROBLEM INVOLVING THE FOLLOWING PARAMETER:
     Parameter 38, %WITHIN%: ESCS


THE MODEL ESTIMATION TERMINATED NORMALLY



MODEL FIT INFORMATION

Number of Free Parameters                       59

Loglikelihood

          H0 Value                      -54939.449
          H0 Scaling Correction Factor      8.4388
            for MLR
          H1 Value                      -54830.936
          H1 Scaling Correction Factor      6.2474
            for MLR

Information Criteria

          Akaike (AIC)                  109996.897
          Bayesian (BIC)                110372.431
          Sample-Size Adjusted BIC      110184.953
            (n* = (n + 2) / 24)

Chi-Square Test of Model Fit

          Value                            201.756*
          Degrees of Freedom                    25
          P-Value                           0.0000
          Scaling Correction Factor         1.0757
            for MLR

*   The chi-square value for MLM, MLMV, MLR, ULSMV, WLSM and WLSMV cannot be used
    for chi-square difference testing in the regular way.  MLM, MLR and WLSM
    chi-square difference testing is described on the Mplus website.  MLMV, WLSMV,
    and ULSMV difference testing is done using the DIFFTEST option.

RMSEA (Root Mean Square Error Of Approximation)

          Estimate                           0.041

CFI/TLI

          CFI                                0.895
          TLI                                0.748

Chi-Square Test of Model Fit for the Baseline Model

          Value                           1744.805
          Degrees of Freedom                    60
          P-Value                           0.0000

SRMR (Standardized Root Mean Square Residual)

          Value for Within                   0.030
          Value for Between                  0.075



MODEL RESULTS

                                                    Two-Tailed
                    Estimate       S.E.  Est./S.E.    P-Value

Within Level

 FCFMLRTY   ON
    FLSCHOOL           1.112      0.097     11.447      0.000
    NOBULLY            0.184      0.092      2.004      0.045
    FLFAMILY           0.476      0.095      5.023      0.000
    MALE               1.026      0.154      6.649      0.000

 FLCONFIN   ON
    FLSCHOOL           0.099      0.017      5.958      0.000
    NOBULLY            0.032      0.017      1.929      0.054
    FLFAMILY           0.155      0.018      8.828      0.000
    MALE               0.429      0.027     15.650      0.000

 FLIT       ON
    FLSCHOOL         -12.011      1.372     -8.753      0.000
    NOBULLY            5.012      1.300      3.855      0.000
    FLFAMILY          -6.570      1.331     -4.936      0.000
    FCFMLRTY           3.091      0.232     13.305      0.000
    FLCONFIN          10.636      1.277      8.329      0.000
    MALE               5.161      2.462      2.096      0.036
    IMMI1GEN         -77.462     18.695     -4.143      0.000
    IMMI2GEN          -5.919     24.616     -0.240      0.810
    ESCS              20.279      1.804     11.240      0.000

 FLSCHOOL WITH
    NOBULLY           -0.039      0.017     -2.236      0.025
    FLFAMILY           0.191      0.017     10.924      0.000

 NOBULLY  WITH
    FLFAMILY          -0.029      0.018     -1.635      0.102

 FCFMLRTY WITH
    FLCONFIN           1.114      0.087     12.848      0.000

 ESCS     WITH
    FLFAMILY           0.026      0.014      1.918      0.055
    IMMI1GEN           0.001      0.001      1.177      0.239
    IMMI2GEN          -0.001      0.001     -1.048      0.294

 Means
    IMMI1GEN           0.004      0.001      3.851      0.000
    IMMI2GEN           0.003      0.001      2.737      0.006
    ESCS              -0.161      0.030     -5.441      0.000

 Intercepts
    FCFMLRTY           6.689      0.116     57.567      0.000
    FLCONFIN          -0.192      0.021     -9.157      0.000

 Variances
    FLSCHOOL           0.901      0.021     42.130      0.000
    NOBULLY            1.029      0.029     36.089      0.000
    FLFAMILY           0.914      0.021     42.860      0.000
    IMMI1GEN           0.004      0.001      3.865      0.000
    IMMI2GEN           0.003      0.001      2.744      0.006
    ESCS               0.727      0.019     38.270      0.000

 Residual Variances
    FLIT            5846.320    138.129     42.325      0.000
    FCFMLRTY          28.324      0.608     46.579      0.000
    FLCONFIN           0.918      0.023     39.829      0.000

Between Level

 FLIT       ON
    FLSCHOOL         -34.067     31.557     -1.080      0.280
    NOBULLY           78.051     40.084      1.947      0.052
    FLFAMILY        -121.511     75.707     -1.605      0.108
    EDUSHORT          -2.106      4.202     -0.501      0.616
    STRATIO           -0.854      0.759     -1.124      0.261

 FLSCHOOL WITH
    NOBULLY           -0.009      0.005     -1.897      0.058
    FLFAMILY           0.011      0.005      2.270      0.023
    EDUSHORT           0.014      0.017      0.789      0.430

 NOBULLY  WITH
    FLFAMILY           0.000      0.005     -0.029      0.977
    EDUSHORT          -0.018      0.017     -1.066      0.287

 FLFAMILY WITH
    EDUSHORT          -0.021      0.016     -1.345      0.178

 Means
    EDUSHORT          -0.167      0.059     -2.852      0.004
    FLSCHOOL          -0.071      0.020     -3.547      0.000
    NOBULLY           -0.040      0.019     -2.087      0.037
    FLFAMILY          -0.046      0.016     -2.834      0.005

 Intercepts
    FLIT             501.291      8.092     61.945      0.000

 Variances
    EDUSHORT           0.764      0.062     12.274      0.000
    FLSCHOOL           0.040      0.008      5.116      0.000
    NOBULLY            0.023      0.008      2.901      0.004
    FLFAMILY           0.013      0.006      2.342      0.019

 Residual Variances
    FLIT             246.099    151.732      1.622      0.105


STANDARDIZED MODEL RESULTS


STDYX Standardization

                                                    Two-Tailed
                    Estimate       S.E.  Est./S.E.    P-Value

Within Level

 FCFMLRTY   ON
    FLSCHOOL           0.192      0.017     11.451      0.000
    NOBULLY            0.034      0.017      2.003      0.045
    FLFAMILY           0.083      0.017      4.991      0.000
    MALE               0.093      0.014      6.619      0.000

 FLCONFIN   ON
    FLSCHOOL           0.094      0.016      5.978      0.000
    NOBULLY            0.032      0.017      1.932      0.053
    FLFAMILY           0.148      0.017      8.867      0.000
    MALE               0.215      0.014     15.426      0.000

 FLIT       ON
    FLSCHOOL          -0.139      0.015     -8.974      0.000
    NOBULLY            0.062      0.016      3.852      0.000
    FLFAMILY          -0.076      0.015     -4.943      0.000
    FCFMLRTY           0.206      0.016     13.234      0.000
    FLCONFIN           0.129      0.016      8.342      0.000
    MALE               0.031      0.015      2.099      0.036
    IMMI1GEN          -0.058      0.016     -3.598      0.000
    IMMI2GEN          -0.004      0.015     -0.240      0.810
    ESCS               0.210      0.018     11.731      0.000

 FLSCHOOL WITH
    NOBULLY           -0.041      0.018     -2.272      0.023
    FLFAMILY           0.210      0.018     11.569      0.000

 NOBULLY  WITH
    FLFAMILY          -0.030      0.018     -1.640      0.101

 FCFMLRTY WITH
    FLCONFIN           0.219      0.016     13.310      0.000

 ESCS     WITH
    FLFAMILY           0.032      0.017      1.921      0.055
    IMMI1GEN           0.025      0.020      1.238      0.216
    IMMI2GEN          -0.016      0.015     -1.029      0.304

 Means
    IMMI1GEN           0.062      0.008      7.672      0.000
    IMMI2GEN           0.051      0.009      5.459      0.000
    ESCS              -0.189      0.036     -5.256      0.000

 Intercepts
    FCFMLRTY           1.219      0.026     47.572      0.000
    FLCONFIN          -0.192      0.021     -9.043      0.000

 Variances
    FLSCHOOL           1.000      0.000    999.000    999.000
    NOBULLY            1.000      0.000    999.000    999.000
    FLFAMILY           1.000      0.000    999.000    999.000
    IMMI1GEN           1.000      0.000    999.000    999.000
    IMMI2GEN           1.000      0.000    999.000    999.000
    ESCS               1.000      0.000    999.000    999.000

 Residual Variances
    FLIT               0.865      0.011     79.345      0.000
    FCFMLRTY           0.940      0.008    123.133      0.000
    FLCONFIN           0.917      0.009    103.770      0.000

Between Level

 FLIT       ON
    FLSCHOOL          -0.243      0.223     -1.094      0.274
    NOBULLY            0.426      0.199      2.141      0.032
    FLFAMILY          -0.498      0.254     -1.964      0.050
    EDUSHORT          -0.066      0.131     -0.501      0.616
    STRATIO           -0.091      0.079     -1.150      0.250

 FLSCHOOL WITH
    NOBULLY           -0.307      0.154     -1.987      0.047
    FLFAMILY           0.495      0.190      2.611      0.009
    EDUSHORT           0.078      0.101      0.777      0.437

 NOBULLY  WITH
    FLFAMILY          -0.009      0.311     -0.029      0.977
    EDUSHORT          -0.136      0.127     -1.077      0.282

 FLFAMILY WITH
    EDUSHORT          -0.214      0.176     -1.220      0.223

 Means
    EDUSHORT          -0.191      0.068     -2.798      0.005
    FLSCHOOL          -0.356      0.105     -3.382      0.001
    NOBULLY           -0.261      0.126     -2.077      0.038
    FLFAMILY          -0.401      0.160     -2.505      0.012

 Intercepts
    FLIT              17.936      1.366     13.135      0.000

 Variances
    EDUSHORT           1.000      0.000    999.000    999.000
    FLSCHOOL           1.000      0.000    999.000    999.000
    NOBULLY            1.000      0.000    999.000    999.000
    FLFAMILY           1.000      0.000    999.000    999.000

 Residual Variances
    FLIT               0.315      0.190      1.658      0.097


R-SQUARE

Within Level

    Observed                                        Two-Tailed
    Variable        Estimate       S.E.  Est./S.E.    P-Value

    FLIT               0.135      0.011     12.430      0.000
    FCFMLRTY           0.060      0.008      7.823      0.000
    FLCONFIN           0.083      0.009      9.406      0.000

Between Level

    Observed                                        Two-Tailed
    Variable        Estimate       S.E.  Est./S.E.    P-Value

    FLIT               0.685      0.190      3.604      0.000


QUALITY OF NUMERICAL RESULTS

     Condition Number for the Information Matrix             -0.640E-17
       (ratio of smallest to largest eigenvalue)


TOTAL, TOTAL INDIRECT, SPECIFIC INDIRECT, AND DIRECT EFFECTS


                                                    Two-Tailed
                    Estimate       S.E.  Est./S.E.    P-Value

WITHIN

Effects from FLSCHOOL to FLIT

  Total               -7.523      1.444     -5.211      0.000
  Total indirect       4.488      0.505      8.887      0.000

  Specific indirect 1
    FLIT
    FCFMLRTY
    FLSCHOOL           3.437      0.391      8.793      0.000

  Specific indirect 2
    FLIT
    FLCONFIN
    FLSCHOOL           1.051      0.231      4.545      0.000

  Direct
    FLIT
    FLSCHOOL         -12.011      1.372     -8.753      0.000


Effects from NOBULLY to FLIT

  Total                5.921      1.407      4.208      0.000
  Total indirect       0.908      0.355      2.560      0.010

  Specific indirect 1
    FLIT
    FCFMLRTY
    NOBULLY            0.570      0.292      1.953      0.051

  Specific indirect 2
    FLIT
    FLCONFIN
    NOBULLY            0.339      0.179      1.892      0.059

  Direct
    FLIT
    NOBULLY            5.012      1.300      3.855      0.000


Effects from FLFAMILY to FLIT

  Total               -3.450      1.388     -2.485      0.013
  Total indirect       3.120      0.424      7.351      0.000

  Specific indirect 1
    FLIT
    FCFMLRTY
    FLFAMILY           1.472      0.306      4.811      0.000

  Specific indirect 2
    FLIT
    FLCONFIN
    FLFAMILY           1.648      0.273      6.037      0.000

  Direct
    FLIT
    FLFAMILY          -6.570      1.331     -4.936      0.000


BETWEEN

Effects from FLSCHOOL to FLIT

  Total              -34.067     31.557     -1.080      0.280
  Total indirect       0.000      0.000    999.000      0.000

  Direct
    FLIT
    FLSCHOOL         -34.067     31.557     -1.080      0.280


Effects from NOBULLY to FLIT

  Total               78.051     40.084      1.947      0.052
  Total indirect       0.000      0.000    999.000      0.000

  Direct
    FLIT
    NOBULLY           78.051     40.084      1.947      0.052


Effects from FLFAMILY to FLIT

  Total             -121.511     75.707     -1.605      0.108
  Total indirect       0.000      0.000    999.000      0.000

  Direct
    FLIT
    FLFAMILY        -121.511     75.707     -1.605      0.108



STANDARDIZED TOTAL, TOTAL INDIRECT, SPECIFIC INDIRECT, AND DIRECT EFFECTS


STDYX Standardization

                                                    Two-Tailed
                    Estimate       S.E.  Est./S.E.    P-Value

WITHIN

Effects from FLSCHOOL to FLIT

  Total               -0.087      0.016     -5.263      0.000
  Total indirect       0.052      0.006      9.070      0.000

  Specific indirect 1
    FLIT
    FCFMLRTY
    FLSCHOOL           0.040      0.004      8.937      0.000

  Specific indirect 2
    FLIT
    FLCONFIN
    FLSCHOOL           0.012      0.003      4.583      0.000

  Direct
    FLIT
    FLSCHOOL          -0.139      0.015     -8.974      0.000


Effects from NOBULLY to FLIT

  Total                0.073      0.017      4.216      0.000
  Total indirect       0.011      0.004      2.575      0.010

  Specific indirect 1
    FLIT
    FCFMLRTY
    NOBULLY            0.007      0.004      1.959      0.050

  Specific indirect 2
    FLIT
    FLCONFIN
    NOBULLY            0.004      0.002      1.898      0.058

  Direct
    FLIT
    NOBULLY            0.062      0.016      3.852      0.000


Effects from FLFAMILY to FLIT

  Total               -0.040      0.016     -2.489      0.013
  Total indirect       0.036      0.005      7.273      0.000

  Specific indirect 1
    FLIT
    FCFMLRTY
    FLFAMILY           0.017      0.004      4.758      0.000

  Specific indirect 2
    FLIT
    FLCONFIN
    FLFAMILY           0.019      0.003      6.050      0.000

  Direct
    FLIT
    FLFAMILY          -0.076      0.015     -4.943      0.000


BETWEEN

Effects from FLSCHOOL to FLIT

  Total               -0.243      0.223     -1.094      0.274
  Total indirect       0.000      0.000      0.000      1.000

  Direct
    FLIT
    FLSCHOOL          -0.243      0.223     -1.094      0.274


Effects from NOBULLY to FLIT

  Total                0.426      0.199      2.141      0.032
  Total indirect       0.000      0.000      0.000      1.000

  Direct
    FLIT
    NOBULLY            0.426      0.199      2.141      0.032


Effects from FLFAMILY to FLIT

  Total               -0.498      0.254     -1.964      0.050
  Total indirect       0.000      0.000      0.000      1.000

  Direct
    FLIT
    FLFAMILY          -0.498      0.254     -1.964      0.050




MODEL MODIFICATION INDICES

Minimum M.I. value for printing the modification index    10.000

                                   M.I.     E.P.C.  Std E.P.C.  StdYX E.P.C.

Within Level

ON Statements

FCFMLRTY ON FLIT                  42.705     0.030      0.030        0.452
FCFMLRTY ON ESCS                  45.867     0.654      0.654        0.102
FLCONFIN ON FLIT                  14.214     0.003      0.003        0.257
FLCONFIN ON ESCS                  16.413     0.070      0.070        0.060
FLSCHOOL ON FCFMLRTY              43.308     0.190      0.190        1.096
FLSCHOOL ON FLCONFIN              38.459     0.428      0.428        0.451
FLSCHOOL ON MALE                  36.333     0.179      0.179        0.094
NOBULLY  ON FCFMLRTY              59.308    -0.242     -0.242       -1.311
NOBULLY  ON FLCONFIN              58.715    -0.576     -0.576       -0.568
NOBULLY  ON MALE                  58.516    -0.247     -0.247       -0.122
FLFAMILY ON FLIT                  14.152    -0.007     -0.007       -0.614
FLFAMILY ON FCFMLRTY              31.661    -0.154     -0.154       -0.883
FLFAMILY ON FLCONFIN              16.285    -0.276     -0.276       -0.289
FLFAMILY ON MALE                  10.513    -0.096     -0.096       -0.050
ESCS     ON FLIT                  57.248     0.004      0.004        0.406
ESCS     ON FCFMLRTY              57.974     0.019      0.019        0.121
ESCS     ON FLCONFIN              28.718     0.073      0.073        0.086

WITH Statements

FLSCHOOL WITH FCFMLRTY            46.069    74.628     74.628       14.775
FLSCHOOL WITH FLCONFIN            16.186     7.962      7.962        8.756
NOBULLY  WITH FLCONFIN            16.188   -83.392    -83.392      -85.792
FLFAMILY WITH FCFMLRTY            46.069   -15.737    -15.737       -3.092
FLFAMILY WITH FLCONFIN            16.186    -1.679     -1.679       -1.833
ESCS     WITH FCFMLRTY            46.069     0.475      0.475        0.105
ESCS     WITH FLCONFIN            16.186     0.051      0.051        0.062
MALE     WITH FLSCHOOL            36.333     0.045      0.045        0.094
MALE     WITH NOBULLY             58.516    -0.062     -0.062       -0.122
MALE     WITH FLFAMILY            10.513    -0.024     -0.024       -0.050

Between Level


TECHNICAL 1 OUTPUT


     PARAMETER SPECIFICATION FOR WITHIN


           NU
              FLIT          FCFMLRTY      FLCONFIN      FLSCHOOL      NOBULLY
              ________      ________      ________      ________      ________
                    0             0             0             0             0


           NU
              FLFAMILY      IMMI1GEN      IMMI2GEN      ESCS          MALE
              ________      ________      ________      ________      ________
                    0             0             0             0             0


           LAMBDA
              FLIT          FCFMLRTY      FLCONFIN      FLSCHOOL      NOBULLY
              ________      ________      ________      ________      ________
 FLIT               0             0             0             0             0
 FCFMLRTY           0             0             0             0             0
 FLCONFIN           0             0             0             0             0
 FLSCHOOL           0             0             0             0             0
 NOBULLY            0             0             0             0             0
 FLFAMILY           0             0             0             0             0
 IMMI1GEN           0             0             0             0             0
 IMMI2GEN           0             0             0             0             0
 ESCS               0             0             0             0             0
 MALE               0             0             0             0             0


           LAMBDA
              FLFAMILY      IMMI1GEN      IMMI2GEN      ESCS          MALE
              ________      ________      ________      ________      ________
 FLIT               0             0             0             0             0
 FCFMLRTY           0             0             0             0             0
 FLCONFIN           0             0             0             0             0
 FLSCHOOL           0             0             0             0             0
 NOBULLY            0             0             0             0             0
 FLFAMILY           0             0             0             0             0
 IMMI1GEN           0             0             0             0             0
 IMMI2GEN           0             0             0             0             0
 ESCS               0             0             0             0             0
 MALE               0             0             0             0             0


           THETA
              FLIT          FCFMLRTY      FLCONFIN      FLSCHOOL      NOBULLY
              ________      ________      ________      ________      ________
 FLIT               0
 FCFMLRTY           0             0
 FLCONFIN           0             0             0
 FLSCHOOL           0             0             0             0
 NOBULLY            0             0             0             0             0
 FLFAMILY           0             0             0             0             0
 IMMI1GEN           0             0             0             0             0
 IMMI2GEN           0             0             0             0             0
 ESCS               0             0             0             0             0
 MALE               0             0             0             0             0


           THETA
              FLFAMILY      IMMI1GEN      IMMI2GEN      ESCS          MALE
              ________      ________      ________      ________      ________
 FLFAMILY           0
 IMMI1GEN           0             0
 IMMI2GEN           0             0             0
 ESCS               0             0             0             0
 MALE               0             0             0             0             0


           ALPHA
              FLIT          FCFMLRTY      FLCONFIN      FLSCHOOL      NOBULLY
              ________      ________      ________      ________      ________
                    0             1             2             0             0


           ALPHA
              FLFAMILY      IMMI1GEN      IMMI2GEN      ESCS          MALE
              ________      ________      ________      ________      ________
                    0             3             4             5             0


           BETA
              FLIT          FCFMLRTY      FLCONFIN      FLSCHOOL      NOBULLY
              ________      ________      ________      ________      ________
 FLIT               0             6             7             8             9
 FCFMLRTY           0             0             0            15            16
 FLCONFIN           0             0             0            19            20
 FLSCHOOL           0             0             0             0             0
 NOBULLY            0             0             0             0             0
 FLFAMILY           0             0             0             0             0
 IMMI1GEN           0             0             0             0             0
 IMMI2GEN           0             0             0             0             0
 ESCS               0             0             0             0             0
 MALE               0             0             0             0             0


           BETA
              FLFAMILY      IMMI1GEN      IMMI2GEN      ESCS          MALE
              ________      ________      ________      ________      ________
 FLIT              10            11            12            13            14
 FCFMLRTY          17             0             0             0            18
 FLCONFIN          21             0             0             0            22
 FLSCHOOL           0             0             0             0             0
 NOBULLY            0             0             0             0             0
 FLFAMILY           0             0             0             0             0
 IMMI1GEN           0             0             0             0             0
 IMMI2GEN           0             0             0             0             0
 ESCS               0             0             0             0             0
 MALE               0             0             0             0             0


           PSI
              FLIT          FCFMLRTY      FLCONFIN      FLSCHOOL      NOBULLY
              ________      ________      ________      ________      ________
 FLIT              23
 FCFMLRTY           0            24
 FLCONFIN           0            25            26
 FLSCHOOL           0             0             0            27
 NOBULLY            0             0             0            28            29
 FLFAMILY           0             0             0            30            31
 IMMI1GEN           0             0             0             0             0
 IMMI2GEN           0             0             0             0             0
 ESCS               0             0             0             0             0
 MALE               0             0             0             0             0


           PSI
              FLFAMILY      IMMI1GEN      IMMI2GEN      ESCS          MALE
              ________      ________      ________      ________      ________
 FLFAMILY          32
 IMMI1GEN           0            33
 IMMI2GEN           0             0            34
 ESCS              35            36            37            38
 MALE               0             0             0             0             0


     PARAMETER SPECIFICATION FOR BETWEEN


           NU
              EDUSHORT      FLIT          FLSCHOOL      NOBULLY       FLFAMILY
              ________      ________      ________      ________      ________
                    0             0             0             0             0


           NU
              STRATIO
              ________
                    0


           LAMBDA
              EDUSHORT      FLIT          FLSCHOOL      NOBULLY       FLFAMILY
              ________      ________      ________      ________      ________
 EDUSHORT           0             0             0             0             0
 FLIT               0             0             0             0             0
 FLSCHOOL           0             0             0             0             0
 NOBULLY            0             0             0             0             0
 FLFAMILY           0             0             0             0             0
 STRATIO            0             0             0             0             0


           LAMBDA
              STRATIO
              ________
 EDUSHORT           0
 FLIT               0
 FLSCHOOL           0
 NOBULLY            0
 FLFAMILY           0
 STRATIO            0


           THETA
              EDUSHORT      FLIT          FLSCHOOL      NOBULLY       FLFAMILY
              ________      ________      ________      ________      ________
 EDUSHORT           0
 FLIT               0             0
 FLSCHOOL           0             0             0
 NOBULLY            0             0             0             0
 FLFAMILY           0             0             0             0             0
 STRATIO            0             0             0             0             0


           THETA
              STRATIO
              ________
 STRATIO            0


           ALPHA
              EDUSHORT      FLIT          FLSCHOOL      NOBULLY       FLFAMILY
              ________      ________      ________      ________      ________
                   39            40            41            42            43


           ALPHA
              STRATIO
              ________
                    0


           BETA
              EDUSHORT      FLIT          FLSCHOOL      NOBULLY       FLFAMILY
              ________      ________      ________      ________      ________
 EDUSHORT           0             0             0             0             0
 FLIT              44             0            45            46            47
 FLSCHOOL           0             0             0             0             0
 NOBULLY            0             0             0             0             0
 FLFAMILY           0             0             0             0             0
 STRATIO            0             0             0             0             0


           BETA
              STRATIO
              ________
 EDUSHORT           0
 FLIT              48
 FLSCHOOL           0
 NOBULLY            0
 FLFAMILY           0
 STRATIO            0


           PSI
              EDUSHORT      FLIT          FLSCHOOL      NOBULLY       FLFAMILY
              ________      ________      ________      ________      ________
 EDUSHORT          49
 FLIT               0            50
 FLSCHOOL          51             0            52
 NOBULLY           53             0            54            55
 FLFAMILY          56             0            57            58            59
 STRATIO            0             0             0             0             0


           PSI
              STRATIO
              ________
 STRATIO            0


     STARTING VALUES FOR WITHIN


           NU
              FLIT          FCFMLRTY      FLCONFIN      FLSCHOOL      NOBULLY
              ________      ________      ________      ________      ________
                0.000         0.000         0.000         0.000         0.000


           NU
              FLFAMILY      IMMI1GEN      IMMI2GEN      ESCS          MALE
              ________      ________      ________      ________      ________
                0.000         0.000         0.000         0.000         0.000


           LAMBDA
              FLIT          FCFMLRTY      FLCONFIN      FLSCHOOL      NOBULLY
              ________      ________      ________      ________      ________
 FLIT           1.000         0.000         0.000         0.000         0.000
 FCFMLRTY       0.000         1.000         0.000         0.000         0.000
 FLCONFIN       0.000         0.000         1.000         0.000         0.000
 FLSCHOOL       0.000         0.000         0.000         1.000         0.000
 NOBULLY        0.000         0.000         0.000         0.000         1.000
 FLFAMILY       0.000         0.000         0.000         0.000         0.000
 IMMI1GEN       0.000         0.000         0.000         0.000         0.000
 IMMI2GEN       0.000         0.000         0.000         0.000         0.000
 ESCS           0.000         0.000         0.000         0.000         0.000
 MALE           0.000         0.000         0.000         0.000         0.000


           LAMBDA
              FLFAMILY      IMMI1GEN      IMMI2GEN      ESCS          MALE
              ________      ________      ________      ________      ________
 FLIT           0.000         0.000         0.000         0.000         0.000
 FCFMLRTY       0.000         0.000         0.000         0.000         0.000
 FLCONFIN       0.000         0.000         0.000         0.000         0.000
 FLSCHOOL       0.000         0.000         0.000         0.000         0.000
 NOBULLY        0.000         0.000         0.000         0.000         0.000
 FLFAMILY       1.000         0.000         0.000         0.000         0.000
 IMMI1GEN       0.000         1.000         0.000         0.000         0.000
 IMMI2GEN       0.000         0.000         1.000         0.000         0.000
 ESCS           0.000         0.000         0.000         1.000         0.000
 MALE           0.000         0.000         0.000         0.000         1.000


           THETA
              FLIT          FCFMLRTY      FLCONFIN      FLSCHOOL      NOBULLY
              ________      ________      ________      ________      ________
 FLIT           0.000
 FCFMLRTY       0.000         0.000
 FLCONFIN       0.000         0.000         0.000
 FLSCHOOL       0.000         0.000         0.000         0.000
 NOBULLY        0.000         0.000         0.000         0.000         0.000
 FLFAMILY       0.000         0.000         0.000         0.000         0.000
 IMMI1GEN       0.000         0.000         0.000         0.000         0.000
 IMMI2GEN       0.000         0.000         0.000         0.000         0.000
 ESCS           0.000         0.000         0.000         0.000         0.000
 MALE           0.000         0.000         0.000         0.000         0.000


           THETA
              FLFAMILY      IMMI1GEN      IMMI2GEN      ESCS          MALE
              ________      ________      ________      ________      ________
 FLFAMILY       0.000
 IMMI1GEN       0.000         0.000
 IMMI2GEN       0.000         0.000         0.000
 ESCS           0.000         0.000         0.000         0.000
 MALE           0.000         0.000         0.000         0.000         0.000


           ALPHA
              FLIT          FCFMLRTY      FLCONFIN      FLSCHOOL      NOBULLY
              ________      ________      ________      ________      ________
                0.000         7.151         0.012         0.000         0.000


           ALPHA
              FLFAMILY      IMMI1GEN      IMMI2GEN      ESCS          MALE
              ________      ________      ________      ________      ________
                0.000         0.004         0.003        -0.170         0.000


           BETA
              FLIT          FCFMLRTY      FLCONFIN      FLSCHOOL      NOBULLY
              ________      ________      ________      ________      ________
 FLIT           0.000         0.000         0.000         0.000         0.000
 FCFMLRTY       0.000         0.000         0.000         0.000         0.000
 FLCONFIN       0.000         0.000         0.000         0.000         0.000
 FLSCHOOL       0.000         0.000         0.000         0.000         0.000
 NOBULLY        0.000         0.000         0.000         0.000         0.000
 FLFAMILY       0.000         0.000         0.000         0.000         0.000
 IMMI1GEN       0.000         0.000         0.000         0.000         0.000
 IMMI2GEN       0.000         0.000         0.000         0.000         0.000
 ESCS           0.000         0.000         0.000         0.000         0.000
 MALE           0.000         0.000         0.000         0.000         0.000


           BETA
              FLFAMILY      IMMI1GEN      IMMI2GEN      ESCS          MALE
              ________      ________      ________      ________      ________
 FLIT           0.000         0.000         0.000         0.000         0.000
 FCFMLRTY       0.000         0.000         0.000         0.000         0.000
 FLCONFIN       0.000         0.000         0.000         0.000         0.000
 FLSCHOOL       0.000         0.000         0.000         0.000         0.000
 NOBULLY        0.000         0.000         0.000         0.000         0.000
 FLFAMILY       0.000         0.000         0.000         0.000         0.000
 IMMI1GEN       0.000         0.000         0.000         0.000         0.000
 IMMI2GEN       0.000         0.000         0.000         0.000         0.000
 ESCS           0.000         0.000         0.000         0.000         0.000
 MALE           0.000         0.000         0.000         0.000         0.000


           PSI
              FLIT          FCFMLRTY      FLCONFIN      FLSCHOOL      NOBULLY
              ________      ________      ________      ________      ________
 FLIT        3933.752
 FCFMLRTY       0.000        15.089
 FLCONFIN       0.000         0.000         0.500
 FLSCHOOL       0.000         0.000         0.000         0.468
 NOBULLY        0.000         0.000         0.000         0.000         0.529
 FLFAMILY       0.000         0.000         0.000         0.000         0.000
 IMMI1GEN       0.000         0.000         0.000         0.000         0.000
 IMMI2GEN       0.000         0.000         0.000         0.000         0.000
 ESCS           0.000         0.000         0.000         0.000         0.000
 MALE           0.000         0.000         0.000         0.000         0.000


           PSI
              FLFAMILY      IMMI1GEN      IMMI2GEN      ESCS          MALE
              ________      ________      ________      ________      ________
 FLFAMILY       0.461
 IMMI1GEN       0.000         0.002
 IMMI2GEN       0.000         0.000         0.001
 ESCS           0.000         0.000         0.000         0.364
 MALE           0.000         0.000         0.000         0.000         0.125


     STARTING VALUES FOR BETWEEN


           NU
              EDUSHORT      FLIT          FLSCHOOL      NOBULLY       FLFAMILY
              ________      ________      ________      ________      ________
                0.000         0.000         0.000         0.000         0.000


           NU
              STRATIO
              ________
                0.000


           LAMBDA
              EDUSHORT      FLIT          FLSCHOOL      NOBULLY       FLFAMILY
              ________      ________      ________      ________      ________
 EDUSHORT       1.000         0.000         0.000         0.000         0.000
 FLIT           0.000         1.000         0.000         0.000         0.000
 FLSCHOOL       0.000         0.000         1.000         0.000         0.000
 NOBULLY        0.000         0.000         0.000         1.000         0.000
 FLFAMILY       0.000         0.000         0.000         0.000         1.000
 STRATIO        0.000         0.000         0.000         0.000         0.000


           LAMBDA
              STRATIO
              ________
 EDUSHORT       0.000
 FLIT           0.000
 FLSCHOOL       0.000
 NOBULLY        0.000
 FLFAMILY       0.000
 STRATIO        1.000


           THETA
              EDUSHORT      FLIT          FLSCHOOL      NOBULLY       FLFAMILY
              ________      ________      ________      ________      ________
 EDUSHORT       0.000
 FLIT           0.000         0.000
 FLSCHOOL       0.000         0.000         0.000
 NOBULLY        0.000         0.000         0.000         0.000
 FLFAMILY       0.000         0.000         0.000         0.000         0.000
 STRATIO        0.000         0.000         0.000         0.000         0.000


           THETA
              STRATIO
              ________
 STRATIO        0.000


           ALPHA
              EDUSHORT      FLIT          FLSCHOOL      NOBULLY       FLFAMILY
              ________      ________      ________      ________      ________
               -0.178       520.727        -0.069        -0.042        -0.044


           ALPHA
              STRATIO
              ________
                0.000


           BETA
              EDUSHORT      FLIT          FLSCHOOL      NOBULLY       FLFAMILY
              ________      ________      ________      ________      ________
 EDUSHORT       0.000         0.000         0.000         0.000         0.000
 FLIT           0.000         0.000         0.000         0.000         0.000
 FLSCHOOL       0.000         0.000         0.000         0.000         0.000
 NOBULLY        0.000         0.000         0.000         0.000         0.000
 FLFAMILY       0.000         0.000         0.000         0.000         0.000
 STRATIO        0.000         0.000         0.000         0.000         0.000


           BETA
              STRATIO
              ________
 EDUSHORT       0.000
 FLIT           0.000
 FLSCHOOL       0.000
 NOBULLY        0.000
 FLFAMILY       0.000
 STRATIO        0.000


           PSI
              EDUSHORT      FLIT          FLSCHOOL      NOBULLY       FLFAMILY
              ________      ________      ________      ________      ________
 EDUSHORT       0.372
 FLIT           0.000      3933.752
 FLSCHOOL       0.000         0.000         0.468
 NOBULLY        0.000         0.000         0.000         0.529
 FLFAMILY       0.000         0.000         0.000         0.000         0.461
 STRATIO        0.000         0.000         0.000         0.000         0.000


           PSI
              STRATIO
              ________
 STRATIO        4.327


     Beginning Time:  22:31:36
        Ending Time:  22:32:11
       Elapsed Time:  00:00:35



MUTHEN & MUTHEN
3463 Stoner Ave.
Los Angeles, CA  90066

Tel: (310) 391-9971
Fax: (310) 391-8971
Web: www.StatModel.com
Support: Support@StatModel.com

Copyright (c) 1998-2019 Muthen & Muthen
