Mplus VERSION 8.5 (Linux)
MUTHEN & MUTHEN
04/17/2021   8:26 PM

INPUT INSTRUCTIONS


  TITLE:
      Two-level saturated model for all countries

  DATA:
      file = "~/implist.dat";

      type = imputation;


  VARIABLE:
      names =
          FKI CNTRYID CNTSCHID W_STU
          MATH READ FLIT                      ! PISA achievement variables
          MALE IMMI1GEN IMMI2GEN ESCS         ! Demographic info
          FCFMLRTY FLCONFIN                   ! Affect
          FLSCHOOL                            !   Lat var "Academic"
          NOBULLY                             !   Lat var "Safety"
          FLFAMILY                            !   Lat var "Community"
          W_SCH STRATIO                       ! School character
          EDUSHORT                            !   Lat var "inst. env."
          ;

      usevar =
          EDUSHORT STRATIO                    ! L2 only (between)
          FLIT                                ! Y: to be decomposed
          FLSCHOOL FLFAMILY NOBULLY           ! X: to be decomposed
          FCFMLRTY FLCONFIN                   ! L1 only (within)
          ESCS IMMI1GEN IMMI2GEN MALE         ! L1 only (within)
          ;

      ! Vars that ONLY appear in L1
      within =
          FCFMLRTY FLCONFIN
          ESCS IMMI1GEN IMMI2GEN MALE
          ;

      ! Vars that ONLY appear in L2
      between =
          EDUSHORT STRATIO                    ! L2: school
          ;

      weight = W_STU;                         ! Student weight
      wtscale = cluster;                      ! Scale L1 weight to cluster size
      bweight = W_SCH;                        ! School weight
      bwtscale = sample;                      ! Scale L2 weight to sample

      cluster = CNTSCHID;                     ! Cluster by school ID


  ANALYSIS:
      processors = 4;

      type = twolevel;


  MODEL:

  %Within%                                    ! === L1: Student-level ===

      FLIT-MALE with FLIT-MALE;

  %Between%                                   ! === L2: School-level ===

      EDUSHORT-NOBULLY with EDUSHORT-NOBULLY;


  OUTPUT:
      stdyx                                   ! Fully standardised solution
      ;



INPUT READING TERMINATED NORMALLY




Two-level saturated model for all countries

SUMMARY OF ANALYSIS

Number of groups                                                 1
Average number of observations                              107162

Number of replications
    Requested                                                   10
    Completed                                                   10

Number of dependent variables                                   12
Number of independent variables                                  0
Number of continuous latent variables                            0

Observed dependent variables

  Continuous
   EDUSHORT    STRATIO     FLIT        FLSCHOOL    FLFAMILY    NOBULLY
   FCFMLRTY    FLCONFIN    ESCS        IMMI1GEN    IMMI2GEN    MALE

Variables with special functions

  Cluster variable      CNTSCHID
  Weight variable (cluster-size scaling)
    W_STU
  Between weight variable (sample-size scaling)
    W_SCH

  Within variables
   FCFMLRTY    FLCONFIN    ESCS        IMMI1GEN    IMMI2GEN    MALE

  Between variables
   EDUSHORT    STRATIO


Estimator                                                      MLR
Information matrix                                        OBSERVED
Maximum number of iterations                                   100
Convergence criterion                                    0.100D-05
Maximum number of EM iterations                                500
Convergence criteria for the EM algorithm
  Loglikelihood change                                   0.100D-02
  Relative loglikelihood change                          0.100D-05
  Derivative                                             0.100D-03
Minimum variance                                         0.100D-03
Maximum number of steepest descent iterations                   20
Maximum number of iterations for H1                           2000
Convergence criterion for H1                             0.100D-03
Optimization algorithm                                         EMA

Input data file(s)
  Multiple data files from
    ~/implist.dat
Input data format  FREE


SUMMARY OF DATA FOR THE FIRST DATA SET

     Number of clusters                       6631

     Average cluster size       16.161

     Estimated Intraclass Correlations for the Y Variables

                Intraclass              Intraclass              Intraclass
     Variable  Correlation   Variable  Correlation   Variable  Correlation

     FLIT         0.329      FLSCHOOL     0.103      FLFAMILY     0.023
     NOBULLY      0.036      FCFMLRTY     0.000      FLCONFIN     0.000
     ESCS         0.000      IMMI1GEN     0.000      IMMI2GEN     0.000
     MALE         0.000



SAMPLE STATISTICS

NOTE:  The sample statistics for within and between refer to the
       maximum-likelihood estimated within and between covariance
       matrices, respectively.

NOTE:  These are average results over 10 data sets.


     ESTIMATED SAMPLE STATISTICS FOR WITHIN


           Means
              EDUSHORT      STRATIO       FLIT          FLSCHOOL      FLFAMILY
              ________      ________      ________      ________      ________
                0.000         0.000         0.000         0.000         0.000


           Means
              NOBULLY       FCFMLRTY      FLCONFIN      ESCS          IMMI1GEN
              ________      ________      ________      ________      ________
                0.000         6.721        -0.099        -0.531         0.028


           Means
              IMMI2GEN      MALE
              ________      ________
                0.070         0.495


           Covariances
              EDUSHORT      STRATIO       FLIT          FLSCHOOL      FLFAMILY
              ________      ________      ________      ________      ________
 EDUSHORT       0.000
 STRATIO        0.000         0.000
 FLIT           0.000         0.000      6576.975
 FLSCHOOL       0.000         0.000        -1.676         1.009
 FLFAMILY       0.000         0.000         1.822         0.239         1.101
 NOBULLY        0.000         0.000         4.529        -0.033        -0.049
 FCFMLRTY       0.000         0.000       100.154         1.512         0.981
 FLCONFIN       0.000         0.000         5.531         0.203         0.200
 ESCS           0.000         0.000        29.487         0.069         0.123
 IMMI1GEN       0.000         0.000        -0.390         0.000         0.000
 IMMI2GEN       0.000         0.000         0.516        -0.002         0.001
 MALE           0.000         0.000         0.801         0.025        -0.020


           Covariances
              NOBULLY       FCFMLRTY      FLCONFIN      ESCS          IMMI1GEN
              ________      ________      ________      ________      ________
 NOBULLY        1.115
 FCFMLRTY       0.130        28.868
 FLCONFIN      -0.022         1.230         1.011
 ESCS          -0.004         1.561         0.089         1.591
 IMMI1GEN       0.001        -0.008         0.000         0.008         0.027
 IMMI2GEN       0.005        -0.023        -0.007         0.013        -0.002
 MALE          -0.038         0.079         0.058         0.016         0.000


           Covariances
              IMMI2GEN      MALE
              ________      ________
 IMMI2GEN       0.065
 MALE          -0.001         0.250


           Correlations
              EDUSHORT      STRATIO       FLIT          FLSCHOOL      FLFAMILY
              ________      ________      ________      ________      ________
 EDUSHORT       0.000
 STRATIO        0.000         0.000
 FLIT           0.000         0.000         1.000
 FLSCHOOL       0.000         0.000        -0.021         1.000
 FLFAMILY       0.000         0.000         0.021         0.227         1.000
 NOBULLY        0.000         0.000         0.053        -0.032        -0.044
 FCFMLRTY       0.000         0.000         0.230         0.280         0.174
 FLCONFIN       0.000         0.000         0.068         0.201         0.190
 ESCS           0.000         0.000         0.288         0.054         0.093
 IMMI1GEN       0.000         0.000        -0.029        -0.002        -0.001
 IMMI2GEN       0.000         0.000         0.025        -0.009         0.003
 MALE           0.000         0.000         0.020         0.049        -0.039


           Correlations
              NOBULLY       FCFMLRTY      FLCONFIN      ESCS          IMMI1GEN
              ________      ________      ________      ________      ________
 NOBULLY        1.000
 FCFMLRTY       0.023         1.000
 FLCONFIN      -0.020         0.228         1.000
 ESCS          -0.003         0.230         0.070         1.000
 IMMI1GEN       0.006        -0.009         0.002         0.038         1.000
 IMMI2GEN       0.019        -0.017        -0.029         0.040        -0.046
 MALE          -0.071         0.029         0.116         0.026        -0.003


           Correlations
              IMMI2GEN      MALE
              ________      ________
 IMMI2GEN       1.000
 MALE          -0.006         1.000


     ESTIMATED SAMPLE STATISTICS FOR BETWEEN


           Means
              EDUSHORT      STRATIO       FLIT          FLSCHOOL      FLFAMILY
              ________      ________      ________      ________      ________
                0.180        17.731       456.152         0.121         0.124


           Means
              NOBULLY       FCFMLRTY      FLCONFIN      ESCS          IMMI1GEN
              ________      ________      ________      ________      ________
               -0.178         0.000         0.000         0.000         0.000


           Means
              IMMI2GEN      MALE
              ________      ________
                0.000         0.000


           Covariances
              EDUSHORT      STRATIO       FLIT          FLSCHOOL      FLFAMILY
              ________      ________      ________      ________      ________
 EDUSHORT       1.499
 STRATIO       -0.605       131.873
 FLIT         -30.492       -65.665      3226.753
 FLSCHOOL       0.130        -0.316       -10.153         0.114
 FLFAMILY       0.011         0.251        -3.383         0.014         0.028
 NOBULLY       -0.052         0.062         4.966        -0.032        -0.002
 FCFMLRTY       0.000         0.000         0.000         0.000         0.000
 FLCONFIN       0.000         0.000         0.000         0.000         0.000
 ESCS           0.000         0.000         0.000         0.000         0.000
 IMMI1GEN       0.000         0.000         0.000         0.000         0.000
 IMMI2GEN       0.000         0.000         0.000         0.000         0.000
 MALE           0.000         0.000         0.000         0.000         0.000


           Covariances
              NOBULLY       FCFMLRTY      FLCONFIN      ESCS          IMMI1GEN
              ________      ________      ________      ________      ________
 NOBULLY        0.042
 FCFMLRTY       0.000         0.000
 FLCONFIN       0.000         0.000         0.000
 ESCS           0.000         0.000         0.000         0.000
 IMMI1GEN       0.000         0.000         0.000         0.000         0.000
 IMMI2GEN       0.000         0.000         0.000         0.000         0.000
 MALE           0.000         0.000         0.000         0.000         0.000


           Covariances
              IMMI2GEN      MALE
              ________      ________
 IMMI2GEN       0.000
 MALE           0.000         0.000


           Correlations
              EDUSHORT      STRATIO       FLIT          FLSCHOOL      FLFAMILY
              ________      ________      ________      ________      ________
 EDUSHORT       1.000
 STRATIO       -0.043         1.000
 FLIT          -0.438        -0.101         1.000
 FLSCHOOL       0.313        -0.082        -0.529         1.000
 FLFAMILY       0.053         0.131        -0.356         0.239         1.000
 NOBULLY       -0.207         0.026         0.426        -0.468        -0.065
 FCFMLRTY       0.000         0.000         0.000         0.000         0.000
 FLCONFIN       0.000         0.000         0.000         0.000         0.000
 ESCS           0.000         0.000         0.000         0.000         0.000
 IMMI1GEN       0.000         0.000         0.000         0.000         0.000
 IMMI2GEN       0.000         0.000         0.000         0.000         0.000
 MALE           0.000         0.000         0.000         0.000         0.000


           Correlations
              NOBULLY       FCFMLRTY      FLCONFIN      ESCS          IMMI1GEN
              ________      ________      ________      ________      ________
 NOBULLY        1.000
 FCFMLRTY       0.000         0.000
 FLCONFIN       0.000         0.000         0.000
 ESCS           0.000         0.000         0.000         0.000
 IMMI1GEN       0.000         0.000         0.000         0.000         0.000
 IMMI2GEN       0.000         0.000         0.000         0.000         0.000
 MALE           0.000         0.000         0.000         0.000         0.000


           Correlations
              IMMI2GEN      MALE
              ________      ________
 IMMI2GEN       0.000
 MALE           0.000         0.000




MODEL FIT INFORMATION

Number of Free Parameters                       88

Loglikelihood

    H0 Value

        Mean                          -1810990.331
        Std Dev                            826.123
        Number of successful computations       10

             Proportions                   Percentiles
        Expected    Observed         Expected       Observed
           0.990       1.000     -1812912.142   -1812105.842
           0.980       1.000     -1812686.940   -1812105.842
           0.950       1.000     -1812349.221   -1812105.842
           0.900       0.900     -1812049.091   -1812105.842
           0.800       0.700     -1811685.596   -1812105.842
           0.700       0.600     -1811423.550   -1811695.350
           0.500       0.600     -1810990.331   -1810889.751
           0.300       0.200     -1810557.112   -1810722.766
           0.200       0.100     -1810295.066   -1810704.347
           0.100       0.100     -1809931.571   -1810440.905
           0.050       0.100     -1809631.441   -1810440.905
           0.020       0.100     -1809293.722   -1810440.905
           0.010       0.000     -1809068.520   -1810440.905

    H1 Value

        Mean                          -1810990.331
        Std Dev                            826.123
        Number of successful computations       10

             Proportions                   Percentiles
        Expected    Observed         Expected       Observed
           0.990       1.000     -1812912.142   -1812105.842
           0.980       1.000     -1812686.941   -1812105.842
           0.950       1.000     -1812349.222   -1812105.842
           0.900       0.900     -1812049.091   -1812105.842
           0.800       0.700     -1811685.597   -1812105.842
           0.700       0.600     -1811423.550   -1811695.351
           0.500       0.600     -1810990.331   -1810889.752
           0.300       0.200     -1810557.112   -1810722.767
           0.200       0.100     -1810295.066   -1810704.347
           0.100       0.100     -1809931.572   -1810440.905
           0.050       0.100     -1809631.441   -1810440.905
           0.020       0.100     -1809293.722   -1810440.905
           0.010       0.000     -1809068.521   -1810440.905

Information Criteria

    Akaike (AIC)

        Mean                           3622156.662
        Std Dev                           1652.247
        Number of successful computations       10

             Proportions                   Percentiles
        Expected    Observed         Expected       Observed
           0.990       1.000      3618313.041    3618347.359
           0.980       0.900      3618763.443    3618347.359
           0.950       0.900      3619438.882    3618347.359
           0.900       0.900      3620039.143    3618347.359
           0.800       0.900      3620766.131    3618347.359
           0.700       0.800      3621290.224    3621584.694
           0.500       0.400      3622156.662    3621940.183
           0.300       0.400      3623023.100    3623459.704
           0.200       0.300      3623547.193    3623566.701
           0.100       0.100      3624274.181    3623645.451
           0.050       0.000      3624874.442    3623645.451
           0.020       0.000      3625549.881    3623645.451
           0.010       0.000      3626000.283    3623645.451

    Bayesian (BIC)

        Mean                           3622999.887
        Std Dev                           1652.247
        Number of successful computations       10

             Proportions                   Percentiles
        Expected    Observed         Expected       Observed
           0.990       1.000      3619156.265    3619190.583
           0.980       0.900      3619606.668    3619190.583
           0.950       0.900      3620282.106    3619190.583
           0.900       0.900      3620882.367    3619190.583
           0.800       0.900      3621609.356    3619190.583
           0.700       0.800      3622133.448    3622427.918
           0.500       0.400      3622999.887    3622783.407
           0.300       0.400      3623866.325    3624302.928
           0.200       0.300      3624390.417    3624409.925
           0.100       0.100      3625117.406    3624488.675
           0.050       0.000      3625717.667    3624488.675
           0.020       0.000      3626393.105    3624488.675
           0.010       0.000      3626843.508    3624488.675

    Sample-Size Adjusted BIC (n* = (n + 2) / 24)

        Mean                           3622720.219
        Std Dev                           1652.247
        Number of successful computations       10

             Proportions                   Percentiles
        Expected    Observed         Expected       Observed
           0.990       1.000      3618876.598    3618910.916
           0.980       0.900      3619327.001    3618910.916
           0.950       0.900      3620002.439    3618910.916
           0.900       0.900      3620602.700    3618910.916
           0.800       0.900      3621329.689    3618910.916
           0.700       0.800      3621853.781    3622148.251
           0.500       0.400      3622720.219    3622503.740
           0.300       0.400      3623586.657    3624023.261
           0.200       0.300      3624110.750    3624130.258
           0.100       0.100      3624837.739    3624209.008
           0.050       0.000      3625438.000    3624209.008
           0.020       0.000      3626113.438    3624209.008
           0.010       0.000      3626563.840    3624209.008

Chi-Square Test of Model Fit

        Degrees of freedom                       0

        Mean                                 0.000
        Std Dev                              0.000
        Number of successful computations       10

             Proportions                   Percentiles
        Expected    Observed         Expected       Observed
           0.990       0.000            0.000          0.000
           0.980       0.000            0.000          0.000
           0.950       0.000            0.000          0.000
           0.900       0.000            0.000          0.000
           0.800       0.000            0.000          0.000
           0.700       0.000            0.000          0.000
           0.500       0.000            0.000          0.000
           0.300       0.000            0.000          0.000
           0.200       0.000            0.000          0.000
           0.100       0.000            0.000          0.000
           0.050       0.000            0.000          0.000
           0.020       0.000            0.000          0.000
           0.010       0.000            0.000          0.000

RMSEA (Root Mean Square Error Of Approximation)

        Mean                                 0.000
        Std Dev                              0.000
        Number of successful computations       10

        Cumulative Distribution Function
           Value    Function Value
           0.990       1.000
           0.980       1.000
           0.950       1.000
           0.900       1.000
           0.800       1.000
           0.700       1.000
           0.500       1.000
           0.300       1.000
           0.200       1.000
           0.100       1.000
           0.050       1.000
           0.020       1.000
           0.010       1.000

CFI/TLI

    CFI

        Mean                                 1.000
        Std Dev                              0.000
        Number of successful computations       10

        Cumulative Distribution Function
           Value    Function Value
           0.990       0.000
           0.980       0.000
           0.950       0.000
           0.900       0.000
           0.800       0.000
           0.700       0.000
           0.500       0.000
           0.300       0.000
           0.200       0.000
           0.100       0.000
           0.050       0.000
           0.020       0.000
           0.010       0.000

    TLI

        Mean                                 1.000
        Std Dev                              0.000
        Number of successful computations       10

        Cumulative Distribution Function
           Value    Function Value
           0.990       0.000
           0.980       0.000
           0.950       0.000
           0.900       0.000
           0.800       0.000
           0.700       0.000
           0.500       0.000
           0.300       0.000
           0.200       0.000
           0.100       0.000
           0.050       0.000
           0.020       0.000
           0.010       0.000

SRMR (Standardized Root Mean Square Residual) for the WITHIN level

        Mean                                 0.000
        Std Dev                              0.000
        Number of successful computations       10

        Cumulative Distribution Function
           Value    Function Value
           0.990       1.000
           0.980       1.000
           0.950       1.000
           0.900       1.000
           0.800       1.000
           0.700       1.000
           0.500       1.000
           0.300       1.000
           0.200       1.000
           0.100       1.000
           0.050       1.000
           0.020       1.000
           0.010       1.000

SRMR (Standardized Root Mean Square Residual) for the BETWEEN level

        Mean                                 0.000
        Std Dev                              0.000
        Number of successful computations       10

        Cumulative Distribution Function
           Value    Function Value
           0.990       1.000
           0.980       1.000
           0.950       1.000
           0.900       1.000
           0.800       1.000
           0.700       1.000
           0.500       1.000
           0.300       1.000
           0.200       1.000
           0.100       1.000
           0.050       1.000
           0.020       1.000
           0.010       1.000



MODEL RESULTS

                                                    Two-Tailed   Rate of
                    Estimate       S.E.  Est./S.E.    P-Value    Missing

Within Level

 FLIT     WITH
    FLSCHOOL          -1.676      0.894     -1.875      0.061      0.232
    FLFAMILY           1.822      0.807      2.258      0.024      0.106
    NOBULLY            4.529      0.850      5.326      0.000      0.185
    FCFMLRTY         100.154      4.886     20.500      0.000      0.247
    FLCONFIN           5.531      0.932      5.935      0.000      0.385
    ESCS              29.487      1.928     15.294      0.000      0.116
    IMMI1GEN          -0.390      0.172     -2.269      0.023      0.127
    IMMI2GEN           0.516      0.294      1.759      0.079      0.127
    MALE               0.801      0.432      1.853      0.064      0.320

 FLSCHOOL WITH
    FLFAMILY           0.239      0.011     21.207      0.000      0.110
    NOBULLY           -0.033      0.009     -3.564      0.000      0.119
    FCFMLRTY           1.512      0.055     27.460      0.000      0.089
    FLCONFIN           0.203      0.010     20.905      0.000      0.077
    ESCS               0.069      0.018      3.908      0.000      0.091
    IMMI1GEN           0.000      0.002     -0.260      0.795      0.104
    IMMI2GEN          -0.002      0.003     -0.784      0.433      0.114
    MALE               0.025      0.005      5.151      0.000      0.132

 FLFAMILY WITH
    NOBULLY           -0.049      0.011     -4.653      0.000      0.319
    FCFMLRTY           0.981      0.058     16.827      0.000      0.057
    FLCONFIN           0.200      0.011     18.340      0.000      0.126
    ESCS               0.123      0.015      8.106      0.000      0.061
    IMMI1GEN           0.000      0.002     -0.173      0.863      0.116
    IMMI2GEN           0.001      0.003      0.255      0.798      0.118
    MALE              -0.020      0.005     -4.472      0.000      0.117

 NOBULLY  WITH
    FCFMLRTY           0.130      0.054      2.392      0.017      0.087
    FLCONFIN          -0.022      0.010     -2.120      0.034      0.041
    ESCS              -0.004      0.015     -0.239      0.811      0.027
    IMMI1GEN           0.001      0.002      0.723      0.470      0.305
    IMMI2GEN           0.005      0.003      1.838      0.066      0.080
    MALE              -0.038      0.005     -7.899      0.000      0.087

 FCFMLRTY WITH
    FLCONFIN           1.230      0.051     24.166      0.000      0.073
    ESCS               1.561      0.084     18.512      0.000      0.047
    IMMI1GEN          -0.008      0.009     -0.923      0.356      0.115
    IMMI2GEN          -0.023      0.014     -1.608      0.108      0.035
    MALE               0.079      0.023      3.423      0.001      0.048

 FLCONFIN WITH
    ESCS               0.089      0.012      7.264      0.000      0.052
    IMMI1GEN           0.000      0.001      0.205      0.838      0.153
    IMMI2GEN          -0.007      0.003     -2.682      0.007      0.054
    MALE               0.058      0.004     13.850      0.000      0.120

 ESCS     WITH
    IMMI1GEN           0.008      0.002      3.361      0.001      0.016
    IMMI2GEN           0.013      0.005      2.510      0.012      0.013
    MALE               0.016      0.007      2.212      0.027      0.008

 IMMI1GEN WITH
    IMMI2GEN          -0.002      0.000     -6.260      0.000      0.063
    MALE               0.000      0.001     -0.304      0.761      0.025

 IMMI2GEN WITH
    MALE              -0.001      0.001     -0.751      0.452      0.040

 Means
    FCFMLRTY           6.721      0.076     88.816      0.000      0.044
    FLCONFIN          -0.099      0.010    -10.010      0.000      0.077
    ESCS              -0.531      0.037    -14.319      0.000      0.001
    IMMI1GEN           0.028      0.002     12.428      0.000      0.034
    IMMI2GEN           0.070      0.006     11.555      0.000      0.005
    MALE               0.495      0.005     93.319      0.000      0.000

 Variances
    FLIT            6576.974    172.405     38.148      0.000      0.232
    FLSCHOOL           1.009      0.014     73.232      0.000      0.031
    FLFAMILY           1.101      0.016     68.442      0.000      0.076
    NOBULLY            1.115      0.015     72.860      0.000      0.062
    FCFMLRTY          28.868      0.332     87.011      0.000      0.056
    FLCONFIN           1.011      0.015     68.622      0.000      0.193
    ESCS               1.591      0.038     41.704      0.000      0.004
    IMMI1GEN           0.027      0.002     13.056      0.000      0.002
    IMMI2GEN           0.065      0.005     12.534      0.000      0.000
    MALE               0.250      0.000   4515.886      0.000      0.000

Between Level

 EDUSHORT WITH
    STRATIO           -0.605      0.474     -1.277      0.202      0.107
    FLIT             -30.492      3.095     -9.853      0.000      0.044
    FLSCHOOL           0.130      0.020      6.548      0.000      0.136
    FLFAMILY           0.011      0.014      0.774      0.439      0.129
    NOBULLY           -0.052      0.017     -3.069      0.002      0.104

 STRATIO  WITH
    FLIT             -65.665     22.264     -2.949      0.003      0.102
    FLSCHOOL          -0.316      0.159     -1.984      0.047      0.131
    FLFAMILY           0.251      0.122      2.066      0.039      0.457
    NOBULLY            0.062      0.116      0.537      0.591      0.158

 FLIT     WITH
    FLSCHOOL         -10.153      1.027     -9.887      0.000      0.052
    FLFAMILY          -3.383      0.719     -4.706      0.000      0.069
    NOBULLY            4.966      0.898      5.528      0.000      0.088

 FLSCHOOL WITH
    FLFAMILY           0.014      0.004      3.126      0.002      0.068
    NOBULLY           -0.032      0.005     -6.496      0.000      0.069

 FLFAMILY WITH
    NOBULLY           -0.002      0.003     -0.691      0.490      0.065

 Means
    EDUSHORT           0.180      0.047      3.861      0.000      0.043
    STRATIO           17.731      0.363     48.911      0.000      0.096
    FLIT             456.152      2.778    164.198      0.000      0.021
    FLSCHOOL           0.121      0.015      8.050      0.000      0.007
    FLFAMILY           0.124      0.010     12.362      0.000      0.039
    NOBULLY           -0.178      0.012    -15.239      0.000      0.036

 Variances
    EDUSHORT           1.499      0.067     22.514      0.000      0.031
    STRATIO          131.873     13.488      9.777      0.000      0.020
    FLIT            3226.754    194.447     16.595      0.000      0.053
    FLSCHOOL           0.114      0.008     13.953      0.000      0.077
    FLFAMILY           0.028      0.004      7.230      0.000      0.083
    NOBULLY            0.042      0.005      8.166      0.000      0.126


STANDARDIZED MODEL RESULTS


STDYX Standardization

                                                    Two-Tailed   Rate of
                    Estimate       S.E.  Est./S.E.    P-Value    Missing

Within Level

 FLIT     WITH
    FLSCHOOL          -0.021      0.011     -1.874      0.061      0.238
    FLFAMILY           0.021      0.009      2.269      0.023      0.102
    NOBULLY            0.053      0.010      5.368      0.000      0.200
    FCFMLRTY           0.230      0.010     22.875      0.000      0.218
    FLCONFIN           0.068      0.011      5.937      0.000      0.382
    ESCS               0.288      0.016     18.518      0.000      0.135
    IMMI1GEN          -0.029      0.013     -2.311      0.021      0.134
    IMMI2GEN           0.025      0.014      1.785      0.074      0.128
    MALE               0.020      0.011      1.860      0.063      0.322

 FLSCHOOL WITH
    FLFAMILY           0.227      0.010     22.939      0.000      0.108
    NOBULLY           -0.032      0.009     -3.569      0.000      0.118
    FCFMLRTY           0.280      0.010     29.366      0.000      0.110
    FLCONFIN           0.201      0.009     21.817      0.000      0.070
    ESCS               0.054      0.014      3.925      0.000      0.091
    IMMI1GEN          -0.003      0.010     -0.261      0.794      0.104
    IMMI2GEN          -0.009      0.011     -0.789      0.430      0.114
    MALE               0.049      0.010      5.139      0.000      0.133

 FLFAMILY WITH
    NOBULLY           -0.044      0.009     -4.663      0.000      0.329
    FCFMLRTY           0.174      0.010     17.439      0.000      0.073
    FLCONFIN           0.190      0.010     19.200      0.000      0.155
    ESCS               0.093      0.011      8.354      0.000      0.062
    IMMI1GEN          -0.002      0.009     -0.173      0.863      0.116
    IMMI2GEN           0.003      0.011      0.255      0.798      0.118
    MALE              -0.039      0.009     -4.480      0.000      0.121

 NOBULLY  WITH
    FCFMLRTY           0.023      0.010      2.394      0.017      0.088
    FLCONFIN          -0.020      0.010     -2.126      0.034      0.040
    ESCS              -0.003      0.011     -0.239      0.811      0.027
    IMMI1GEN           0.006      0.009      0.724      0.469      0.307
    IMMI2GEN           0.019      0.010      1.854      0.064      0.082
    MALE              -0.071      0.009     -7.952      0.000      0.087

 FCFMLRTY WITH
    FLCONFIN           0.228      0.009     25.988      0.000      0.079
    ESCS               0.230      0.011     20.855      0.000      0.068
    IMMI1GEN          -0.009      0.009     -0.932      0.351      0.118
    IMMI2GEN          -0.017      0.010     -1.631      0.103      0.035
    MALE               0.029      0.009      3.421      0.001      0.047

 FLCONFIN WITH
    ESCS               0.070      0.010      7.283      0.000      0.052
    IMMI1GEN           0.002      0.009      0.205      0.837      0.153
    IMMI2GEN          -0.029      0.010     -2.780      0.005      0.059
    MALE               0.116      0.008     14.059      0.000      0.109

 ESCS     WITH
    IMMI1GEN           0.038      0.011      3.475      0.001      0.017
    IMMI2GEN           0.040      0.016      2.522      0.012      0.013
    MALE               0.026      0.012      2.214      0.027      0.008

 IMMI1GEN WITH
    IMMI2GEN          -0.046      0.004    -10.465      0.000      0.178
    MALE              -0.003      0.009     -0.304      0.761      0.025

 IMMI2GEN WITH
    MALE              -0.006      0.008     -0.753      0.452      0.040

 Means
    FCFMLRTY           1.251      0.015     81.831      0.000      0.042
    FLCONFIN          -0.099      0.010    -10.019      0.000      0.080
    ESCS              -0.421      0.027    -15.423      0.000      0.002
    IMMI1GEN           0.171      0.008     22.774      0.000      0.116
    IMMI2GEN           0.274      0.013     21.321      0.000      0.014
    MALE               0.990      0.010     94.293      0.000      0.000

 Variances
    FLIT               1.000      0.000  *********      0.000      0.000
    FLSCHOOL           1.000      0.000    999.000    999.000      0.000
    FLFAMILY           1.000      0.000  *********      0.000      0.000
    NOBULLY            1.000      0.000  *********      0.000      0.000
    FCFMLRTY           1.000      0.000  *********      0.000      0.000
    FLCONFIN           1.000      0.000  *********      0.000      0.000
    ESCS               1.000      0.000  *********      0.000      0.000
    IMMI1GEN           1.000      0.000  *********      0.000      0.000
    IMMI2GEN           1.000      0.000  *********      0.000      0.000
    MALE               1.000      0.000  *********      0.000      0.000

Between Level

 EDUSHORT WITH
    STRATIO           -0.043      0.033     -1.309      0.190      0.111
    FLIT              -0.439      0.033    -13.095      0.000      0.079
    FLSCHOOL           0.313      0.043      7.293      0.000      0.158
    FLFAMILY           0.053      0.068      0.778      0.437      0.134
    NOBULLY           -0.207      0.063     -3.302      0.001      0.086

 STRATIO  WITH
    FLIT              -0.101      0.035     -2.859      0.004      0.099
    FLSCHOOL          -0.081      0.040     -2.035      0.042      0.135
    FLFAMILY           0.131      0.064      2.040      0.041      0.449
    NOBULLY            0.026      0.048      0.543      0.587      0.161

 FLIT     WITH
    FLSCHOOL          -0.529      0.037    -14.374      0.000      0.066
    FLFAMILY          -0.356      0.072     -4.955      0.000      0.067
    NOBULLY            0.426      0.064      6.713      0.000      0.067

 FLSCHOOL WITH
    FLFAMILY           0.240      0.069      3.456      0.001      0.088
    NOBULLY           -0.468      0.064     -7.315      0.000      0.051

 FLFAMILY WITH
    NOBULLY           -0.065      0.093     -0.696      0.486      0.066

 Means
    EDUSHORT           0.147      0.037      3.964      0.000      0.049
    STRATIO            1.544      0.068     22.827      0.000      0.076
    FLIT               8.031      0.267     30.114      0.000      0.048
    FLSCHOOL           0.358      0.044      8.183      0.000      0.008
    FLFAMILY           0.740      0.071     10.469      0.000      0.070
    NOBULLY           -0.868      0.063    -13.756      0.000      0.073

 Variances
    EDUSHORT           1.000      0.000  *********      0.000      0.000
    STRATIO            1.000      0.000  *********      0.000      0.000
    FLIT               1.000      0.000    999.000    999.000      0.000
    FLSCHOOL           1.000      0.000  *********      0.000      0.000
    FLFAMILY           1.000      0.000  *********      0.000      0.000
    NOBULLY            1.000      0.000  *********      0.000      0.000


R-SQUARE

Within Level

Between Level


QUALITY OF NUMERICAL RESULTS

     Average Condition Number for the Information Matrix      0.120E-12
       (ratio of smallest to largest eigenvalue)


TECHNICAL 1 OUTPUT


     PARAMETER SPECIFICATION FOR WITHIN


           NU
              FLIT          FLSCHOOL      FLFAMILY      NOBULLY       FCFMLRTY
              ________      ________      ________      ________      ________
                    0             0             0             0             1


           NU
              FLCONFIN      ESCS          IMMI1GEN      IMMI2GEN      MALE
              ________      ________      ________      ________      ________
                    2             3             4             5             6


           THETA
              FLIT          FLSCHOOL      FLFAMILY      NOBULLY       FCFMLRTY
              ________      ________      ________      ________      ________
 FLIT               7
 FLSCHOOL           8             9
 FLFAMILY          10            11            12
 NOBULLY           13            14            15            16
 FCFMLRTY          17            18            19            20            21
 FLCONFIN          22            23            24            25            26
 ESCS              28            29            30            31            32
 IMMI1GEN          35            36            37            38            39
 IMMI2GEN          43            44            45            46            47
 MALE              52            53            54            55            56


           THETA
              FLCONFIN      ESCS          IMMI1GEN      IMMI2GEN      MALE
              ________      ________      ________      ________      ________
 FLCONFIN          27
 ESCS              33            34
 IMMI1GEN          40            41            42
 IMMI2GEN          48            49            50            51
 MALE              57            58            59            60            61


     PARAMETER SPECIFICATION FOR BETWEEN


           NU
              EDUSHORT      STRATIO       FLIT          FLSCHOOL      FLFAMILY
              ________      ________      ________      ________      ________
                   62            63            64            65            66


           NU
              NOBULLY
              ________
                   67


           THETA
              EDUSHORT      STRATIO       FLIT          FLSCHOOL      FLFAMILY
              ________      ________      ________      ________      ________
 EDUSHORT          68
 STRATIO           69            70
 FLIT              71            72            73
 FLSCHOOL          74            75            76            77
 FLFAMILY          78            79            80            81            82
 NOBULLY           83            84            85            86            87


           THETA
              NOBULLY
              ________
 NOBULLY           88


     STARTING VALUES FOR WITHIN


           NU
              FLIT          FLSCHOOL      FLFAMILY      NOBULLY       FCFMLRTY
              ________      ________      ________      ________      ________
                0.000         0.000         0.000         0.000         7.043


           NU
              FLCONFIN      ESCS          IMMI1GEN      IMMI2GEN      MALE
              ________      ________      ________      ________      ________
               -0.073        -0.243         0.030         0.043         0.504


           THETA
              FLIT          FLSCHOOL      FLFAMILY      NOBULLY       FCFMLRTY
              ________      ________      ________      ________      ________
 FLIT        5174.403
 FLSCHOOL       0.000         0.520
 FLFAMILY       0.000         0.000         0.546
 NOBULLY        0.000         0.000         0.000         0.556
 FCFMLRTY       0.000         0.000         0.000         0.000        14.846
 FLCONFIN       0.000         0.000         0.000         0.000         0.000
 ESCS           0.000         0.000         0.000         0.000         0.000
 IMMI1GEN       0.000         0.000         0.000         0.000         0.000
 IMMI2GEN       0.000         0.000         0.000         0.000         0.000
 MALE           0.000         0.000         0.000         0.000         0.000


           THETA
              FLCONFIN      ESCS          IMMI1GEN      IMMI2GEN      MALE
              ________      ________      ________      ________      ________
 FLCONFIN       0.517
 ESCS           0.000         0.592
 IMMI1GEN       0.000         0.000         0.014
 IMMI2GEN       0.000         0.000         0.000         0.020
 MALE           0.000         0.000         0.000         0.000         0.125


     STARTING VALUES FOR BETWEEN


           NU
              EDUSHORT      STRATIO       FLIT          FLSCHOOL      FLFAMILY
              ________      ________      ________      ________      ________
                0.091        14.564       477.910         0.019         0.062


           NU
              NOBULLY
              ________
               -0.060


           THETA
              EDUSHORT      STRATIO       FLIT          FLSCHOOL      FLFAMILY
              ________      ________      ________      ________      ________
 EDUSHORT       0.528
 STRATIO        0.000        49.149
 FLIT           0.000         0.000      5174.403
 FLSCHOOL       0.000         0.000         0.000         0.520
 FLFAMILY       0.000         0.000         0.000         0.000         0.546
 NOBULLY        0.000         0.000         0.000         0.000         0.000


           THETA
              NOBULLY
              ________
 NOBULLY        0.556


     Beginning Time:  20:26:23
        Ending Time:  20:30:41
       Elapsed Time:  00:04:18



MUTHEN & MUTHEN
3463 Stoner Ave.
Los Angeles, CA  90066

Tel: (310) 391-9971
Fax: (310) 391-8971
Web: www.StatModel.com
Support: Support@StatModel.com

Copyright (c) 1998-2020 Muthen & Muthen
