Mplus VERSION 8.3
MUTHEN & MUTHEN
02/22/2021   1:19 PM

INPUT INSTRUCTIONS


  TITLE:
      Two-level structured model 528

  DATA:
      file = "C:\Users\tctan\implist.dat";

      type = imputation;


  VARIABLE:
      names =
          FKI CNTRYID CNTSCHID W_STU
          MATH READ FLIT                      ! PISA achievement variables
          MALE IMMI1GEN IMMI2GEN ESCS         ! Demographic info
          FCFMLRTY FLCONFIN                   ! Affect
          FLSCHOOL                            !   Lat var "Academic"
          NOBULLY                             !   Lat var "Safety"
          FLFAMILY                            !   Lat var "Community"
          W_SCH STRATIO                       ! School character
          EDUSHORT                            !   Lat var "inst. env."
          ;

      useobs = CNTRYID eq 528;          ! Pull out one country at a time

      usevar =
          FLIT                                ! PISA achievement variables
          FLSCHOOL                            !   Lat var "Academic"
          NOBULLY                             !   Lat var "Safety"
          FLFAMILY                            !   Lat var "Community"
          EDUSHORT STRATIO                    !   Lat var "Inst env"
          FCFMLRTY FLCONFIN                   ! Affect
          MALE IMMI1GEN IMMI2GEN ESCS         ! Demographic info
          ;

      ! Vars that ONLY appear in L1
      within =
          FCFMLRTY FLCONFIN                   ! Affective vars
          MALE IMMI1GEN IMMI2GEN ESCS         ! L1 control vars
          ;

      ! Vars that ONLY appear in L2
      between =
          EDUSHORT STRATIO                    ! L2: school
          ;

      weight = W_STU;                         ! Student weight
      wtscale = cluster;                      ! Scale L1 weight to cluster size
      bweight = W_SCH;                        ! School weight
      bwtscale = sample;                      ! Scale L2 weight to sample

      cluster = CNTSCHID;                     ! Cluster by school ID


  ANALYSIS:
      processors = 4;

      type = twolevel;


  MODEL:

  %Within%                                    ! === L1: Student-level ===

      ! Indirect pathways (1st half): school climate vars onto mediators
          ! Onto mediator FAMILIARITY
      FCFMLRTY on FLSCHOOL NOBULLY FLFAMILY MALE;
          ! Onto mediator CONFIDENCE
      FLCONFIN on FLSCHOOL NOBULLY FLFAMILY MALE;

      ! Total effect
      FLIT on
          ! Direct pathways: school climate vars onto financial literacy
          FLSCHOOL NOBULLY FLFAMILY
          ! Indirect pathways (2nd half): affective vars onto financial literacy
          FCFMLRTY FLCONFIN
          ! Control vars (demographic info)
          MALE IMMI1GEN IMMI2GEN ESCS
          ;

      ! Covariances
          ! Between school climate vars
      FLSCHOOL with NOBULLY;
      FLSCHOOL with FLFAMILY;
      NOBULLY with FLFAMILY;
          ! Between mediators
      FCFMLRTY with FLCONFIN;
          ! ESCS with FLFAMILY
      ESCS with FLFAMILY;
          ! ESCS with IMMI1GEN and IMMI2GEN
      ESCS with IMMI1GEN IMMI2GEN;

  %Between%                                   ! === L2: School-level ===

      FLIT on
          FLSCHOOL NOBULLY FLFAMILY EDUSHORT  ! School climate variables
          STRATIO                             ! Control: Student-teacher ratio
          ;

      FLSCHOOL with NOBULLY;
      NOBULLY with FLFAMILY;
      FLFAMILY with EDUSHORT;

      FLSCHOOL with FLFAMILY;
      NOBULLY with EDUSHORT;

      FLSCHOOL with EDUSHORT;


  MODEL INDIRECT:

      ! Indirect effects
      FLIT ind FLSCHOOL;
      FLIT ind NOBULLY;
      FLIT ind FLFAMILY;


  OUTPUT:
      stdyx                                   ! Fully standardised solution
      mod(all)                                ! Mod indices (all)
      ;



*** WARNING in OUTPUT command
  MODINDICES option is not available for multiple imputation.
  Request for MODINDICES is ignored.
   1 WARNING(S) FOUND IN THE INPUT INSTRUCTIONS




Two-level structured model 528

SUMMARY OF ANALYSIS

Number of groups                                                 1
Average number of observations                                3042

Number of replications
    Requested                                                   10
    Completed                                                    0

Number of dependent variables                                    3
Number of independent variables                                  9
Number of continuous latent variables                            0

Observed dependent variables

  Continuous
   FLIT        FCFMLRTY    FLCONFIN

Observed independent variables
   FLSCHOOL    NOBULLY     FLFAMILY    EDUSHORT    STRATIO     MALE
   IMMI1GEN    IMMI2GEN    ESCS

Variables with special functions

  Cluster variable      CNTSCHID
  Weight variable (cluster-size scaling)
    W_STU
  Between weight variable (sample-size scaling)
    W_SCH

  Within variables
   FCFMLRTY    FLCONFIN    MALE        IMMI1GEN    IMMI2GEN    ESCS

  Between variables
   EDUSHORT    STRATIO


Estimator                                                      MLR
Information matrix                                        OBSERVED
Maximum number of iterations                                   100
Convergence criterion                                    0.100D-05
Maximum number of EM iterations                                500
Convergence criteria for the EM algorithm
  Loglikelihood change                                   0.100D-02
  Relative loglikelihood change                          0.100D-05
  Derivative                                             0.100D-03
Minimum variance                                         0.100D-03
Maximum number of steepest descent iterations                   20
Maximum number of iterations for H1                           2000
Convergence criterion for H1                             0.100D-03
Optimization algorithm                                         EMA

Input data file(s)
  Multiple data files from
    C:\Users\tctan\implist.dat
Input data format  FREE


SUMMARY OF DATA FOR THE FIRST DATA SET

     Number of clusters                        151

     Average cluster size       20.146

     Estimated Intraclass Correlations for the Y Variables

                Intraclass              Intraclass              Intraclass
     Variable  Correlation   Variable  Correlation   Variable  Correlation

     FLIT         0.451      FCFMLRTY     0.000      FLCONFIN     0.000
     FLSCHOOL     0.018      NOBULLY      0.015      FLFAMILY     0.006
     IMMI1GEN     0.000      IMMI2GEN     0.000      ESCS         0.000



SAMPLE STATISTICS

NOTE:  The sample statistics for within and between refer to the
       maximum-likelihood estimated within and between covariance
       matrices, respectively.

NOTE:  These are average results over 10 data sets.


     ESTIMATED SAMPLE STATISTICS FOR WITHIN


           Means
              EDUSHORT      FLIT          FCFMLRTY      FLCONFIN      FLSCHOOL
              ________      ________      ________      ________      ________
                0.000         0.000        10.497         0.413         0.000


           Means
              NOBULLY       FLFAMILY      IMMI1GEN      IMMI2GEN      ESCS
              ________      ________      ________      ________      ________
                0.000         0.000         0.016         0.099         0.364


           Means
              MALE          STRATIO
              ________      ________
                0.504         0.000


           Covariances
              EDUSHORT      FLIT          FCFMLRTY      FLCONFIN      FLSCHOOL
              ________      ________      ________      ________      ________
 EDUSHORT       0.000
 FLIT           0.000      5867.690
 FCFMLRTY       0.000        83.654        18.762
 FLCONFIN       0.000         6.310         1.098         0.723
 FLSCHOOL       0.000         4.931         1.403         0.123         0.910
 NOBULLY        0.000         0.072         0.277         0.015        -0.002
 FLFAMILY       0.000        -3.920         0.352         0.084         0.165
 IMMI1GEN       0.000        -0.792        -0.026         0.001         0.000
 IMMI2GEN       0.000        -3.343        -0.003         0.000         0.008
 ESCS           0.000         7.220         0.516         0.085         0.038
 MALE           0.000         1.149         0.141         0.074         0.038
 STRATIO        0.000         0.000         0.000         0.000         0.000


           Covariances
              NOBULLY       FLFAMILY      IMMI1GEN      IMMI2GEN      ESCS
              ________      ________      ________      ________      ________
 NOBULLY        0.609
 FLFAMILY      -0.011         0.787
 IMMI1GEN      -0.003        -0.001         0.016
 IMMI2GEN       0.009         0.017        -0.002         0.089
 ESCS          -0.031         0.020        -0.012        -0.057         0.704
 MALE          -0.047        -0.032         0.001        -0.001         0.005
 STRATIO        0.000         0.000         0.000         0.000         0.000


           Covariances
              MALE          STRATIO
              ________      ________
 MALE           0.250
 STRATIO        0.000         0.000


           Correlations
              EDUSHORT      FLIT          FCFMLRTY      FLCONFIN      FLSCHOOL
              ________      ________      ________      ________      ________
 EDUSHORT       0.000
 FLIT           0.000         1.000
 FCFMLRTY       0.000         0.252         1.000
 FLCONFIN       0.000         0.097         0.298         1.000
 FLSCHOOL       0.000         0.067         0.340         0.151         1.000
 NOBULLY        0.000         0.001         0.082         0.022        -0.003
 FLFAMILY       0.000        -0.058         0.092         0.111         0.195
 IMMI1GEN       0.000        -0.083        -0.048         0.010         0.001
 IMMI2GEN       0.000        -0.146        -0.002         0.001         0.029
 ESCS           0.000         0.112         0.142         0.119         0.047
 MALE           0.000         0.030         0.065         0.174         0.081
 STRATIO        0.000         0.000         0.000         0.000         0.000


           Correlations
              NOBULLY       FLFAMILY      IMMI1GEN      IMMI2GEN      ESCS
              ________      ________      ________      ________      ________
 NOBULLY        1.000
 FLFAMILY      -0.017         1.000
 IMMI1GEN      -0.032        -0.007         1.000
 IMMI2GEN       0.038         0.066        -0.042         1.000
 ESCS          -0.047         0.026        -0.112        -0.228         1.000
 MALE          -0.120        -0.071         0.017        -0.008         0.011
 STRATIO        0.000         0.000         0.000         0.000         0.000


           Correlations
              MALE          STRATIO
              ________      ________
 MALE           1.000
 STRATIO        0.000         0.000


     ESTIMATED SAMPLE STATISTICS FOR BETWEEN


           Means
              EDUSHORT      FLIT          FCFMLRTY      FLCONFIN      FLSCHOOL
              ________      ________      ________      ________      ________
               -0.376       549.090         0.000         0.000         0.141


           Means
              NOBULLY       FLFAMILY      IMMI1GEN      IMMI2GEN      ESCS
              ________      ________      ________      ________      ________
                0.280        -0.149         0.000         0.000         0.000


           Means
              MALE          STRATIO
              ________      ________
                0.000        17.159


           Covariances
              EDUSHORT      FLIT          FCFMLRTY      FLCONFIN      FLSCHOOL
              ________      ________      ________      ________      ________
 EDUSHORT       0.722
 FLIT           0.588      4848.497
 FCFMLRTY       0.000         0.000         0.000
 FLCONFIN       0.000         0.000         0.000         0.000
 FLSCHOOL       0.000        -4.765         0.000         0.000         0.017
 NOBULLY       -0.013         2.235         0.000         0.000        -0.004
 FLFAMILY      -0.002        -1.872         0.000         0.000         0.002
 IMMI1GEN       0.000         0.000         0.000         0.000         0.000
 IMMI2GEN       0.000         0.000         0.000         0.000         0.000
 ESCS           0.000         0.000         0.000         0.000         0.000
 MALE           0.000         0.000         0.000         0.000         0.000
 STRATIO        0.099       167.210         0.000         0.000        -0.254


           Covariances
              NOBULLY       FLFAMILY      IMMI1GEN      IMMI2GEN      ESCS
              ________      ________      ________      ________      ________
 NOBULLY        0.008
 FLFAMILY       0.003         0.005
 IMMI1GEN       0.000         0.000         0.000
 IMMI2GEN       0.000         0.000         0.000         0.000
 ESCS           0.000         0.000         0.000         0.000         0.000
 MALE           0.000         0.000         0.000         0.000         0.000
 STRATIO        0.005         0.104         0.000         0.000         0.000


           Covariances
              MALE          STRATIO
              ________      ________
 MALE           0.000
 STRATIO        0.000        44.603


           Correlations
              EDUSHORT      FLIT          FCFMLRTY      FLCONFIN      FLSCHOOL
              ________      ________      ________      ________      ________
 EDUSHORT       1.000
 FLIT           0.010         1.000
 FCFMLRTY       0.000         0.000         0.000
 FLCONFIN       0.000         0.000         0.000         0.000
 FLSCHOOL       0.001        -0.532         0.000         0.000         1.000
 NOBULLY       -0.166         0.355         0.000         0.000        -0.372
 FLFAMILY      -0.036        -0.375         0.000         0.000         0.201
 IMMI1GEN       0.000         0.000         0.000         0.000         0.000
 IMMI2GEN       0.000         0.000         0.000         0.000         0.000
 ESCS           0.000         0.000         0.000         0.000         0.000
 MALE           0.000         0.000         0.000         0.000         0.000
 STRATIO        0.017         0.360         0.000         0.000        -0.295


           Correlations
              NOBULLY       FLFAMILY      IMMI1GEN      IMMI2GEN      ESCS
              ________      ________      ________      ________      ________
 NOBULLY        1.000
 FLFAMILY       0.419         1.000
 IMMI1GEN       0.000         0.000         0.000
 IMMI2GEN       0.000         0.000         0.000         0.000
 ESCS           0.000         0.000         0.000         0.000         0.000
 MALE           0.000         0.000         0.000         0.000         0.000
 STRATIO        0.007         0.217         0.000         0.000         0.000


           Correlations
              MALE          STRATIO
              ________      ________
 MALE           0.000
 STRATIO        0.000         1.000




MODEL FIT INFORMATION

Number of Free Parameters                        0

Loglikelihood

    H0 Value

        Mean                                 0.000
        Std Dev                              0.000
        Number of successful computations        0

             Proportions                   Percentiles
        Expected    Observed         Expected       Observed
           0.990       0.000            0.000          0.000
           0.980       0.000            0.000          0.000
           0.950       0.000            0.000          0.000
           0.900       0.000            0.000          0.000
           0.800       0.000            0.000          0.000
           0.700       0.000            0.000          0.000
           0.500       0.000            0.000          0.000
           0.300       0.000            0.000          0.000
           0.200       0.000            0.000          0.000
           0.100       0.000            0.000          0.000
           0.050       0.000            0.000          0.000
           0.020       0.000            0.000          0.000
           0.010       0.000            0.000          0.000

Information Criteria

    Akaike (AIC)

        Mean                                 0.000
        Std Dev                              0.000
        Number of successful computations        0

             Proportions                   Percentiles
        Expected    Observed         Expected       Observed
           0.990       0.000            0.000          0.000
           0.980       0.000            0.000          0.000
           0.950       0.000            0.000          0.000
           0.900       0.000            0.000          0.000
           0.800       0.000            0.000          0.000
           0.700       0.000            0.000          0.000
           0.500       0.000            0.000          0.000
           0.300       0.000            0.000          0.000
           0.200       0.000            0.000          0.000
           0.100       0.000            0.000          0.000
           0.050       0.000            0.000          0.000
           0.020       0.000            0.000          0.000
           0.010       0.000            0.000          0.000

    Bayesian (BIC)

        Mean                                 0.000
        Std Dev                              0.000
        Number of successful computations        0

             Proportions                   Percentiles
        Expected    Observed         Expected       Observed
           0.990       0.000            0.000          0.000
           0.980       0.000            0.000          0.000
           0.950       0.000            0.000          0.000
           0.900       0.000            0.000          0.000
           0.800       0.000            0.000          0.000
           0.700       0.000            0.000          0.000
           0.500       0.000            0.000          0.000
           0.300       0.000            0.000          0.000
           0.200       0.000            0.000          0.000
           0.100       0.000            0.000          0.000
           0.050       0.000            0.000          0.000
           0.020       0.000            0.000          0.000
           0.010       0.000            0.000          0.000

    Sample-Size Adjusted BIC (n* = (n + 2) / 24)

        Mean                                 0.000
        Std Dev                              0.000
        Number of successful computations        0

             Proportions                   Percentiles
        Expected    Observed         Expected       Observed
           0.990       0.000            0.000          0.000
           0.980       0.000            0.000          0.000
           0.950       0.000            0.000          0.000
           0.900       0.000            0.000          0.000
           0.800       0.000            0.000          0.000
           0.700       0.000            0.000          0.000
           0.500       0.000            0.000          0.000
           0.300       0.000            0.000          0.000
           0.200       0.000            0.000          0.000
           0.100       0.000            0.000          0.000
           0.050       0.000            0.000          0.000
           0.020       0.000            0.000          0.000
           0.010       0.000            0.000          0.000



MODEL RESULTS

                    Estimate

Within Level

 FCFMLRTY   ON
    FLSCHOOL           0.000
    NOBULLY            0.000
    FLFAMILY           0.000
    MALE               0.000

 FLCONFIN   ON
    FLSCHOOL           0.000
    NOBULLY            0.000
    FLFAMILY           0.000
    MALE               0.000

 FLIT       ON
    FLSCHOOL           0.000
    NOBULLY            0.000
    FLFAMILY           0.000
    FCFMLRTY           0.000
    FLCONFIN           0.000
    MALE               0.000
    IMMI1GEN           0.000
    IMMI2GEN           0.000
    ESCS               0.000

 FLSCHOOL WITH
    NOBULLY            0.000
    FLFAMILY           0.000

 NOBULLY  WITH
    FLFAMILY           0.000

 FCFMLRTY WITH
    FLCONFIN           0.000

 ESCS     WITH
    FLFAMILY           0.000
    IMMI1GEN           0.000
    IMMI2GEN           0.000

 Means
    IMMI1GEN           0.000
    IMMI2GEN           0.000
    ESCS               0.000

 Intercepts
    FCFMLRTY           0.000
    FLCONFIN           0.000

 Variances
    FLSCHOOL           0.000
    NOBULLY            0.000
    FLFAMILY           0.000
    IMMI1GEN           0.000
    IMMI2GEN           0.000
    ESCS               0.000

 Residual Variances
    FLIT               0.000
    FCFMLRTY           0.000
    FLCONFIN           0.000

Between Level

 FLIT       ON
    FLSCHOOL           0.000
    NOBULLY            0.000
    FLFAMILY           0.000
    EDUSHORT           0.000
    STRATIO            0.000

 FLSCHOOL WITH
    NOBULLY            0.000
    FLFAMILY           0.000
    EDUSHORT           0.000

 NOBULLY  WITH
    FLFAMILY           0.000
    EDUSHORT           0.000

 FLFAMILY WITH
    EDUSHORT           0.000

 Means
    EDUSHORT           0.000
    FLSCHOOL           0.000
    NOBULLY            0.000
    FLFAMILY           0.000

 Intercepts
    FLIT               0.000

 Variances
    EDUSHORT           0.000
    FLSCHOOL           0.000
    NOBULLY            0.000
    FLFAMILY           0.000

 Residual Variances
    FLIT               0.000


QUALITY OF NUMERICAL RESULTS

     Average Condition Number for the Information Matrix      0.000E+00
       (ratio of smallest to largest eigenvalue)



MODEL COMMAND WITH FINAL ESTIMATES USED AS STARTING VALUES

     %WITHIN%

     fcfmlrty ON flschool*0;
     fcfmlrty ON nobully*0;
     fcfmlrty ON flfamily*0;
     fcfmlrty ON male*0;
     flconfin ON flschool*0;
     flconfin ON nobully*0;
     flconfin ON flfamily*0;
     flconfin ON male*0;
     flit ON flschool*0;
     flit ON nobully*0;
     flit ON flfamily*0;
     flit ON fcfmlrty*0;
     flit ON flconfin*0;
     flit ON male*0;
     flit ON immi1gen*0;
     flit ON immi2gen*0;
     flit ON escs*0;

     flschool WITH nobully*0;
     flschool WITH flfamily*0;
     nobully WITH flfamily*0;
     fcfmlrty WITH flconfin*0;
     escs WITH flfamily*0;
     escs WITH immi1gen*0;
     escs WITH immi2gen*0;

     [ fcfmlrty*0 ];
     [ flconfin*0 ];
     [ immi1gen*0 ];
     [ immi2gen*0 ];
     [ escs*0 ];

     flit*0;
     fcfmlrty*0;
     flconfin*0;
     flschool*0;
     nobully*0;
     flfamily*0;
     immi1gen*0;
     immi2gen*0;
     escs*0;

     %BETWEEN%

     flit ON flschool*0;
     flit ON nobully*0;
     flit ON flfamily*0;
     flit ON edushort*0;
     flit ON stratio*0;

     flschool WITH nobully*0;
     flschool WITH flfamily*0;
     flschool WITH edushort*0;
     nobully WITH flfamily*0;
     nobully WITH edushort*0;
     flfamily WITH edushort*0;

     [ edushort*0 ];
     [ flit*0 ];
     [ flschool*0 ];
     [ nobully*0 ];
     [ flfamily*0 ];

     edushort*0;
     flit*0;
     flschool*0;
     nobully*0;
     flfamily*0;



TECHNICAL 1 OUTPUT


     PARAMETER SPECIFICATION FOR WITHIN


           NU
              FLIT          FCFMLRTY      FLCONFIN      FLSCHOOL      NOBULLY
              ________      ________      ________      ________      ________
                    0             0             0             0             0


           NU
              FLFAMILY      IMMI1GEN      IMMI2GEN      ESCS          MALE
              ________      ________      ________      ________      ________
                    0             0             0             0             0


           LAMBDA
              FLIT          FCFMLRTY      FLCONFIN      FLSCHOOL      NOBULLY
              ________      ________      ________      ________      ________
 FLIT               0             0             0             0             0
 FCFMLRTY           0             0             0             0             0
 FLCONFIN           0             0             0             0             0
 FLSCHOOL           0             0             0             0             0
 NOBULLY            0             0             0             0             0
 FLFAMILY           0             0             0             0             0
 IMMI1GEN           0             0             0             0             0
 IMMI2GEN           0             0             0             0             0
 ESCS               0             0             0             0             0
 MALE               0             0             0             0             0


           LAMBDA
              FLFAMILY      IMMI1GEN      IMMI2GEN      ESCS          MALE
              ________      ________      ________      ________      ________
 FLIT               0             0             0             0             0
 FCFMLRTY           0             0             0             0             0
 FLCONFIN           0             0             0             0             0
 FLSCHOOL           0             0             0             0             0
 NOBULLY            0             0             0             0             0
 FLFAMILY           0             0             0             0             0
 IMMI1GEN           0             0             0             0             0
 IMMI2GEN           0             0             0             0             0
 ESCS               0             0             0             0             0
 MALE               0             0             0             0             0


           THETA
              FLIT          FCFMLRTY      FLCONFIN      FLSCHOOL      NOBULLY
              ________      ________      ________      ________      ________
 FLIT               0
 FCFMLRTY           0             0
 FLCONFIN           0             0             0
 FLSCHOOL           0             0             0             0
 NOBULLY            0             0             0             0             0
 FLFAMILY           0             0             0             0             0
 IMMI1GEN           0             0             0             0             0
 IMMI2GEN           0             0             0             0             0
 ESCS               0             0             0             0             0
 MALE               0             0             0             0             0


           THETA
              FLFAMILY      IMMI1GEN      IMMI2GEN      ESCS          MALE
              ________      ________      ________      ________      ________
 FLFAMILY           0
 IMMI1GEN           0             0
 IMMI2GEN           0             0             0
 ESCS               0             0             0             0
 MALE               0             0             0             0             0


           ALPHA
              FLIT          FCFMLRTY      FLCONFIN      FLSCHOOL      NOBULLY
              ________      ________      ________      ________      ________
                    0             1             2             0             0


           ALPHA
              FLFAMILY      IMMI1GEN      IMMI2GEN      ESCS          MALE
              ________      ________      ________      ________      ________
                    0             3             4             5             0


           BETA
              FLIT          FCFMLRTY      FLCONFIN      FLSCHOOL      NOBULLY
              ________      ________      ________      ________      ________
 FLIT               0             6             7             8             9
 FCFMLRTY           0             0             0            15            16
 FLCONFIN           0             0             0            19            20
 FLSCHOOL           0             0             0             0             0
 NOBULLY            0             0             0             0             0
 FLFAMILY           0             0             0             0             0
 IMMI1GEN           0             0             0             0             0
 IMMI2GEN           0             0             0             0             0
 ESCS               0             0             0             0             0
 MALE               0             0             0             0             0


           BETA
              FLFAMILY      IMMI1GEN      IMMI2GEN      ESCS          MALE
              ________      ________      ________      ________      ________
 FLIT              10            11            12            13            14
 FCFMLRTY          17             0             0             0            18
 FLCONFIN          21             0             0             0            22
 FLSCHOOL           0             0             0             0             0
 NOBULLY            0             0             0             0             0
 FLFAMILY           0             0             0             0             0
 IMMI1GEN           0             0             0             0             0
 IMMI2GEN           0             0             0             0             0
 ESCS               0             0             0             0             0
 MALE               0             0             0             0             0


           PSI
              FLIT          FCFMLRTY      FLCONFIN      FLSCHOOL      NOBULLY
              ________      ________      ________      ________      ________
 FLIT              23
 FCFMLRTY           0            24
 FLCONFIN           0            25            26
 FLSCHOOL           0             0             0            27
 NOBULLY            0             0             0            28            29
 FLFAMILY           0             0             0            30            31
 IMMI1GEN           0             0             0             0             0
 IMMI2GEN           0             0             0             0             0
 ESCS               0             0             0             0             0
 MALE               0             0             0             0             0


           PSI
              FLFAMILY      IMMI1GEN      IMMI2GEN      ESCS          MALE
              ________      ________      ________      ________      ________
 FLFAMILY          32
 IMMI1GEN           0            33
 IMMI2GEN           0             0            34
 ESCS              35            36            37            38
 MALE               0             0             0             0             0


     PARAMETER SPECIFICATION FOR BETWEEN


           NU
              EDUSHORT      FLIT          FLSCHOOL      NOBULLY       FLFAMILY
              ________      ________      ________      ________      ________
                    0             0             0             0             0


           NU
              STRATIO
              ________
                    0


           LAMBDA
              EDUSHORT      FLIT          FLSCHOOL      NOBULLY       FLFAMILY
              ________      ________      ________      ________      ________
 EDUSHORT           0             0             0             0             0
 FLIT               0             0             0             0             0
 FLSCHOOL           0             0             0             0             0
 NOBULLY            0             0             0             0             0
 FLFAMILY           0             0             0             0             0
 STRATIO            0             0             0             0             0


           LAMBDA
              STRATIO
              ________
 EDUSHORT           0
 FLIT               0
 FLSCHOOL           0
 NOBULLY            0
 FLFAMILY           0
 STRATIO            0


           THETA
              EDUSHORT      FLIT          FLSCHOOL      NOBULLY       FLFAMILY
              ________      ________      ________      ________      ________
 EDUSHORT           0
 FLIT               0             0
 FLSCHOOL           0             0             0
 NOBULLY            0             0             0             0
 FLFAMILY           0             0             0             0             0
 STRATIO            0             0             0             0             0


           THETA
              STRATIO
              ________
 STRATIO            0


           ALPHA
              EDUSHORT      FLIT          FLSCHOOL      NOBULLY       FLFAMILY
              ________      ________      ________      ________      ________
                   39            40            41            42            43


           ALPHA
              STRATIO
              ________
                    0


           BETA
              EDUSHORT      FLIT          FLSCHOOL      NOBULLY       FLFAMILY
              ________      ________      ________      ________      ________
 EDUSHORT           0             0             0             0             0
 FLIT              44             0            45            46            47
 FLSCHOOL           0             0             0             0             0
 NOBULLY            0             0             0             0             0
 FLFAMILY           0             0             0             0             0
 STRATIO            0             0             0             0             0


           BETA
              STRATIO
              ________
 EDUSHORT           0
 FLIT              48
 FLSCHOOL           0
 NOBULLY            0
 FLFAMILY           0
 STRATIO            0


           PSI
              EDUSHORT      FLIT          FLSCHOOL      NOBULLY       FLFAMILY
              ________      ________      ________      ________      ________
 EDUSHORT          49
 FLIT               0            50
 FLSCHOOL          51             0            52
 NOBULLY           53             0            54            55
 FLFAMILY          56             0            57            58            59
 STRATIO            0             0             0             0             0


           PSI
              STRATIO
              ________
 STRATIO            0


     STARTING VALUES FOR WITHIN


           NU
              FLIT          FCFMLRTY      FLCONFIN      FLSCHOOL      NOBULLY
              ________      ________      ________      ________      ________
                0.000         0.000         0.000         0.000         0.000


           NU
              FLFAMILY      IMMI1GEN      IMMI2GEN      ESCS          MALE
              ________      ________      ________      ________      ________
                0.000         0.000         0.000         0.000         0.000


           LAMBDA
              FLIT          FCFMLRTY      FLCONFIN      FLSCHOOL      NOBULLY
              ________      ________      ________      ________      ________
 FLIT           1.000         0.000         0.000         0.000         0.000
 FCFMLRTY       0.000         1.000         0.000         0.000         0.000
 FLCONFIN       0.000         0.000         1.000         0.000         0.000
 FLSCHOOL       0.000         0.000         0.000         1.000         0.000
 NOBULLY        0.000         0.000         0.000         0.000         1.000
 FLFAMILY       0.000         0.000         0.000         0.000         0.000
 IMMI1GEN       0.000         0.000         0.000         0.000         0.000
 IMMI2GEN       0.000         0.000         0.000         0.000         0.000
 ESCS           0.000         0.000         0.000         0.000         0.000
 MALE           0.000         0.000         0.000         0.000         0.000


           LAMBDA
              FLFAMILY      IMMI1GEN      IMMI2GEN      ESCS          MALE
              ________      ________      ________      ________      ________
 FLIT           0.000         0.000         0.000         0.000         0.000
 FCFMLRTY       0.000         0.000         0.000         0.000         0.000
 FLCONFIN       0.000         0.000         0.000         0.000         0.000
 FLSCHOOL       0.000         0.000         0.000         0.000         0.000
 NOBULLY        0.000         0.000         0.000         0.000         0.000
 FLFAMILY       1.000         0.000         0.000         0.000         0.000
 IMMI1GEN       0.000         1.000         0.000         0.000         0.000
 IMMI2GEN       0.000         0.000         1.000         0.000         0.000
 ESCS           0.000         0.000         0.000         1.000         0.000
 MALE           0.000         0.000         0.000         0.000         1.000


           THETA
              FLIT          FCFMLRTY      FLCONFIN      FLSCHOOL      NOBULLY
              ________      ________      ________      ________      ________
 FLIT           0.000
 FCFMLRTY       0.000         0.000
 FLCONFIN       0.000         0.000         0.000
 FLSCHOOL       0.000         0.000         0.000         0.000
 NOBULLY        0.000         0.000         0.000         0.000         0.000
 FLFAMILY       0.000         0.000         0.000         0.000         0.000
 IMMI1GEN       0.000         0.000         0.000         0.000         0.000
 IMMI2GEN       0.000         0.000         0.000         0.000         0.000
 ESCS           0.000         0.000         0.000         0.000         0.000
 MALE           0.000         0.000         0.000         0.000         0.000


           THETA
              FLFAMILY      IMMI1GEN      IMMI2GEN      ESCS          MALE
              ________      ________      ________      ________      ________
 FLFAMILY       0.000
 IMMI1GEN       0.000         0.000
 IMMI2GEN       0.000         0.000         0.000
 ESCS           0.000         0.000         0.000         0.000
 MALE           0.000         0.000         0.000         0.000         0.000


           ALPHA
              FLIT          FCFMLRTY      FLCONFIN      FLSCHOOL      NOBULLY
              ________      ________      ________      ________      ________
                0.000        10.436         0.395         0.000         0.000


           ALPHA
              FLFAMILY      IMMI1GEN      IMMI2GEN      ESCS          MALE
              ________      ________      ________      ________      ________
                0.000         0.016         0.097         0.350         0.000


           BETA
              FLIT          FCFMLRTY      FLCONFIN      FLSCHOOL      NOBULLY
              ________      ________      ________      ________      ________
 FLIT           0.000         0.000         0.000         0.000         0.000
 FCFMLRTY       0.000         0.000         0.000         0.000         0.000
 FLCONFIN       0.000         0.000         0.000         0.000         0.000
 FLSCHOOL       0.000         0.000         0.000         0.000         0.000
 NOBULLY        0.000         0.000         0.000         0.000         0.000
 FLFAMILY       0.000         0.000         0.000         0.000         0.000
 IMMI1GEN       0.000         0.000         0.000         0.000         0.000
 IMMI2GEN       0.000         0.000         0.000         0.000         0.000
 ESCS           0.000         0.000         0.000         0.000         0.000
 MALE           0.000         0.000         0.000         0.000         0.000


           BETA
              FLFAMILY      IMMI1GEN      IMMI2GEN      ESCS          MALE
              ________      ________      ________      ________      ________
 FLIT           0.000         0.000         0.000         0.000         0.000
 FCFMLRTY       0.000         0.000         0.000         0.000         0.000
 FLCONFIN       0.000         0.000         0.000         0.000         0.000
 FLSCHOOL       0.000         0.000         0.000         0.000         0.000
 NOBULLY        0.000         0.000         0.000         0.000         0.000
 FLFAMILY       0.000         0.000         0.000         0.000         0.000
 IMMI1GEN       0.000         0.000         0.000         0.000         0.000
 IMMI2GEN       0.000         0.000         0.000         0.000         0.000
 ESCS           0.000         0.000         0.000         0.000         0.000
 MALE           0.000         0.000         0.000         0.000         0.000


           PSI
              FLIT          FCFMLRTY      FLCONFIN      FLSCHOOL      NOBULLY
              ________      ________      ________      ________      ________
 FLIT        5578.213
 FCFMLRTY       0.000         9.512
 FLCONFIN       0.000         0.000         0.368
 FLSCHOOL       0.000         0.000         0.000         0.463
 NOBULLY        0.000         0.000         0.000         0.000         0.301
 FLFAMILY       0.000         0.000         0.000         0.000         0.000
 IMMI1GEN       0.000         0.000         0.000         0.000         0.000
 IMMI2GEN       0.000         0.000         0.000         0.000         0.000
 ESCS           0.000         0.000         0.000         0.000         0.000
 MALE           0.000         0.000         0.000         0.000         0.000


           PSI
              FLFAMILY      IMMI1GEN      IMMI2GEN      ESCS          MALE
              ________      ________      ________      ________      ________
 FLFAMILY       0.398
 IMMI1GEN       0.000         0.008
 IMMI2GEN       0.000         0.000         0.044
 ESCS           0.000         0.000         0.000         0.353
 MALE           0.000         0.000         0.000         0.000         0.125


     STARTING VALUES FOR BETWEEN


           NU
              EDUSHORT      FLIT          FLSCHOOL      NOBULLY       FLFAMILY
              ________      ________      ________      ________      ________
                0.000         0.000         0.000         0.000         0.000


           NU
              STRATIO
              ________
                0.000


           LAMBDA
              EDUSHORT      FLIT          FLSCHOOL      NOBULLY       FLFAMILY
              ________      ________      ________      ________      ________
 EDUSHORT       1.000         0.000         0.000         0.000         0.000
 FLIT           0.000         1.000         0.000         0.000         0.000
 FLSCHOOL       0.000         0.000         1.000         0.000         0.000
 NOBULLY        0.000         0.000         0.000         1.000         0.000
 FLFAMILY       0.000         0.000         0.000         0.000         1.000
 STRATIO        0.000         0.000         0.000         0.000         0.000


           LAMBDA
              STRATIO
              ________
 EDUSHORT       0.000
 FLIT           0.000
 FLSCHOOL       0.000
 NOBULLY        0.000
 FLFAMILY       0.000
 STRATIO        1.000


           THETA
              EDUSHORT      FLIT          FLSCHOOL      NOBULLY       FLFAMILY
              ________      ________      ________      ________      ________
 EDUSHORT       0.000
 FLIT           0.000         0.000
 FLSCHOOL       0.000         0.000         0.000
 NOBULLY        0.000         0.000         0.000         0.000
 FLFAMILY       0.000         0.000         0.000         0.000         0.000
 STRATIO        0.000         0.000         0.000         0.000         0.000


           THETA
              STRATIO
              ________
 STRATIO        0.000


           ALPHA
              EDUSHORT      FLIT          FLSCHOOL      NOBULLY       FLFAMILY
              ________      ________      ________      ________      ________
               -0.412       558.316         0.131         0.290        -0.151


           ALPHA
              STRATIO
              ________
                0.000


           BETA
              EDUSHORT      FLIT          FLSCHOOL      NOBULLY       FLFAMILY
              ________      ________      ________      ________      ________
 EDUSHORT       0.000         0.000         0.000         0.000         0.000
 FLIT           0.000         0.000         0.000         0.000         0.000
 FLSCHOOL       0.000         0.000         0.000         0.000         0.000
 NOBULLY        0.000         0.000         0.000         0.000         0.000
 FLFAMILY       0.000         0.000         0.000         0.000         0.000
 STRATIO        0.000         0.000         0.000         0.000         0.000


           BETA
              STRATIO
              ________
 EDUSHORT       0.000
 FLIT           0.000
 FLSCHOOL       0.000
 NOBULLY        0.000
 FLFAMILY       0.000
 STRATIO        0.000


           PSI
              EDUSHORT      FLIT          FLSCHOOL      NOBULLY       FLFAMILY
              ________      ________      ________      ________      ________
 EDUSHORT       0.363
 FLIT           0.000      5578.213
 FLSCHOOL       0.000         0.000         0.463
 NOBULLY        0.000         0.000         0.000         0.301
 FLFAMILY       0.000         0.000         0.000         0.000         0.398
 STRATIO        0.000         0.000         0.000         0.000         0.000


           PSI
              STRATIO
              ________
 STRATIO       23.308


THE FOLLOWING DATA SET(S) DID NOT RESULT IN A COMPLETED REPLICATION:

  C:\Users\tctan\finlit1.dat
  C:\Users\tctan\finlit2.dat
  C:\Users\tctan\finlit3.dat
  C:\Users\tctan\finlit4.dat
  C:\Users\tctan\finlit5.dat
  C:\Users\tctan\finlit6.dat
  C:\Users\tctan\finlit7.dat
  C:\Users\tctan\finlit8.dat
  C:\Users\tctan\finlit9.dat
  C:\Users\tctan\finlit10.dat


TECHNICAL 9 OUTPUT


Errors for replication with data file C:\Users\tctan\finlit1.dat:

*** WARNING
  One or more individual-level variables have no variation within a
  cluster for the following clusters.

     Variable   Cluster IDs with no within-cluster variation

      IMMI1GEN    52800048 52800128 52800097 52800084 52800157 52800115 52800151 52800039 52800160
                  52800030 52800054 52800158 52800057 52800059 52800008 52800109 52800125 52800029
                  52800053 52800105 52800112 52800032 52800037 52800070 52800095 52800099 52800142
                  52800041 52800081 52800082 52800093 52800120 52800121 52800126 52800141 52800144
                  52800038 52800056 52800077 52800110 52800076 52800122 52800137 52800018 52800086
                  52800118 52800067 52800068 52800002 52800017 52800119 52800127 52800133 52800074
                  52800020 52800064 52800075 52800149 52800031 52800040 52800046 52800098 52800116
                  52800123 52800148 52800156 52800005 52800009 52800061 52800083 52800087 52800092
                  52800101 52800106 52800117 52800129 52800130 52800136 52800024 52800047 52800058
                  52800132 52800043 52800060 52800062 52800073 52800094 52800096 52800001 52800006
                  52800012 52800134 52800019 52800021 52800026 52800159 52800085 52800027 52800033
                  52800044 52800051 52800145 52800045 52800052 52800025 52800004 52800035 52800091
                  52800113 52800102
      IMMI2GEN    52800048 52800128 52800097 52800084 52800157 52800151 52800030 52800054 52800158
                  52800059 52800008 52800109 52800105 52800112 52800153 52800032 52800099 52800108
                  52800142 52800081 52800082 52800093 52800120 52800126 52800056 52800055 52800107
                  52800137 52800086 52800118 52800067 52800068 52800016 52800020 52800031 52800116
                  52800092 52800101 52800147 52800024 52800124 52800062 52800006 52800007 52800021
                  52800026 52800159 52800027 52800078 52800025 52800035 52800091 52800113
      MALE        52800097

     THE MODEL ESTIMATION DID NOT TERMINATE NORMALLY DUE TO AN ILL-CONDITIONED
     FISHER INFORMATION MATRIX.  CHANGE YOUR MODEL AND/OR STARTING VALUES.

     THE MODEL ESTIMATION DID NOT TERMINATE NORMALLY DUE TO A NON-POSITIVE
     DEFINITE FISHER INFORMATION MATRIX.  THIS MAY BE DUE TO THE STARTING VALUES
     BUT MAY ALSO BE AN INDICATION OF MODEL NONIDENTIFICATION.  THE CONDITION
     NUMBER IS       0.304D-12.

     THE STANDARD ERRORS OF THE MODEL PARAMETER ESTIMATES COULD NOT BE
     COMPUTED.  THIS IS OFTEN DUE TO THE STARTING VALUES BUT MAY ALSO BE
     AN INDICATION OF MODEL NONIDENTIFICATION.  CHANGE YOUR MODEL AND/OR
     STARTING VALUES.  PROBLEM INVOLVING THE FOLLOWING PARAMETER:
     Parameter 50, %BETWEEN%: FLIT


Errors for replication with data file C:\Users\tctan\finlit2.dat:

*** WARNING
  One or more individual-level variables have no variation within a
  cluster for the following clusters.

     Variable   Cluster IDs with no within-cluster variation

      IMMI1GEN    52800048 52800128 52800097 52800084 52800157 52800115 52800151 52800039 52800160
                  52800030 52800054 52800158 52800057 52800059 52800008 52800080 52800109 52800125
                  52800029 52800053 52800105 52800112 52800032 52800037 52800070 52800095 52800099
                  52800142 52800041 52800081 52800082 52800093 52800120 52800121 52800126 52800141
                  52800144 52800038 52800056 52800077 52800110 52800076 52800137 52800018 52800086
                  52800118 52800067 52800068 52800002 52800017 52800119 52800127 52800133 52800074
                  52800020 52800064 52800075 52800149 52800031 52800040 52800046 52800098 52800116
                  52800123 52800148 52800156 52800005 52800009 52800061 52800083 52800087 52800092
                  52800101 52800106 52800117 52800129 52800130 52800136 52800024 52800047 52800058
                  52800132 52800013 52800043 52800060 52800062 52800073 52800094 52800096 52800001
                  52800006 52800012 52800134 52800019 52800021 52800026 52800159 52800085 52800027
                  52800033 52800044 52800051 52800145 52800045 52800079 52800052 52800025 52800004
                  52800035 52800091 52800113 52800102
      IMMI2GEN    52800048 52800128 52800097 52800084 52800157 52800151 52800030 52800054 52800059
                  52800008 52800109 52800105 52800112 52800153 52800032 52800099 52800108 52800142
                  52800081 52800082 52800093 52800120 52800126 52800056 52800055 52800107 52800137
                  52800086 52800118 52800067 52800068 52800016 52800020 52800031 52800116 52800092
                  52800101 52800147 52800024 52800124 52800062 52800006 52800007 52800021 52800026
                  52800159 52800027 52800078 52800025 52800035 52800091 52800113
      MALE        52800097

     THE MODEL ESTIMATION DID NOT TERMINATE NORMALLY DUE TO AN ILL-CONDITIONED
     FISHER INFORMATION MATRIX.  CHANGE YOUR MODEL AND/OR STARTING VALUES.

     THE MODEL ESTIMATION DID NOT TERMINATE NORMALLY DUE TO A NON-POSITIVE
     DEFINITE FISHER INFORMATION MATRIX.  THIS MAY BE DUE TO THE STARTING VALUES
     BUT MAY ALSO BE AN INDICATION OF MODEL NONIDENTIFICATION.  THE CONDITION
     NUMBER IS       0.189D-13.

     THE STANDARD ERRORS OF THE MODEL PARAMETER ESTIMATES COULD NOT BE
     COMPUTED.  THIS IS OFTEN DUE TO THE STARTING VALUES BUT MAY ALSO BE
     AN INDICATION OF MODEL NONIDENTIFICATION.  CHANGE YOUR MODEL AND/OR
     STARTING VALUES.  PROBLEM INVOLVING THE FOLLOWING PARAMETER:
     Parameter 50, %BETWEEN%: FLIT


Errors for replication with data file C:\Users\tctan\finlit3.dat:

*** WARNING
  One or more individual-level variables have no variation within a
  cluster for the following clusters.

     Variable   Cluster IDs with no within-cluster variation

      IMMI1GEN    52800048 52800128 52800097 52800084 52800157 52800115 52800151 52800039 52800160
                  52800030 52800054 52800158 52800057 52800059 52800008 52800109 52800125 52800029
                  52800053 52800105 52800112 52800032 52800037 52800070 52800095 52800099 52800142
                  52800041 52800081 52800082 52800093 52800120 52800121 52800126 52800141 52800144
                  52800038 52800056 52800077 52800110 52800076 52800122 52800137 52800018 52800086
                  52800118 52800067 52800068 52800002 52800017 52800119 52800127 52800133 52800074
                  52800020 52800064 52800075 52800149 52800031 52800040 52800046 52800098 52800116
                  52800123 52800148 52800156 52800005 52800009 52800061 52800083 52800087 52800092
                  52800101 52800106 52800117 52800129 52800130 52800136 52800024 52800047 52800058
                  52800132 52800013 52800043 52800060 52800062 52800073 52800094 52800096 52800001
                  52800006 52800012 52800134 52800019 52800021 52800026 52800159 52800085 52800027
                  52800033 52800044 52800051 52800145 52800045 52800079 52800052 52800025 52800004
                  52800035 52800091 52800113 52800102
      IMMI2GEN    52800048 52800128 52800097 52800084 52800157 52800151 52800030 52800054 52800158
                  52800059 52800008 52800109 52800105 52800112 52800153 52800032 52800099 52800108
                  52800142 52800081 52800082 52800093 52800120 52800126 52800056 52800055 52800107
                  52800137 52800086 52800118 52800067 52800068 52800016 52800020 52800031 52800116
                  52800101 52800147 52800024 52800124 52800062 52800006 52800007 52800021 52800026
                  52800159 52800027 52800078 52800025 52800035 52800091 52800113
      MALE        52800097

     THE MODEL ESTIMATION DID NOT TERMINATE NORMALLY DUE TO AN ILL-CONDITIONED
     FISHER INFORMATION MATRIX.  CHANGE YOUR MODEL AND/OR STARTING VALUES.

     THE MODEL ESTIMATION DID NOT TERMINATE NORMALLY DUE TO A NON-POSITIVE
     DEFINITE FISHER INFORMATION MATRIX.  THIS MAY BE DUE TO THE STARTING VALUES
     BUT MAY ALSO BE AN INDICATION OF MODEL NONIDENTIFICATION.  THE CONDITION
     NUMBER IS       0.168D-12.

     THE STANDARD ERRORS OF THE MODEL PARAMETER ESTIMATES COULD NOT BE
     COMPUTED.  THIS IS OFTEN DUE TO THE STARTING VALUES BUT MAY ALSO BE
     AN INDICATION OF MODEL NONIDENTIFICATION.  CHANGE YOUR MODEL AND/OR
     STARTING VALUES.  PROBLEM INVOLVING THE FOLLOWING PARAMETER:
     Parameter 50, %BETWEEN%: FLIT


Errors for replication with data file C:\Users\tctan\finlit4.dat:

*** WARNING
  One or more individual-level variables have no variation within a
  cluster for the following clusters.

     Variable   Cluster IDs with no within-cluster variation

      IMMI1GEN    52800048 52800128 52800097 52800084 52800157 52800115 52800151 52800039 52800160
                  52800030 52800054 52800158 52800057 52800059 52800008 52800109 52800053 52800105
                  52800112 52800032 52800037 52800070 52800095 52800099 52800142 52800041 52800081
                  52800082 52800093 52800120 52800121 52800126 52800141 52800144 52800038 52800056
                  52800077 52800110 52800076 52800122 52800137 52800018 52800086 52800118 52800067
                  52800068 52800002 52800017 52800119 52800127 52800133 52800074 52800020 52800064
                  52800075 52800149 52800031 52800040 52800046 52800098 52800116 52800123 52800148
                  52800156 52800005 52800009 52800061 52800083 52800087 52800092 52800101 52800106
                  52800117 52800129 52800130 52800136 52800024 52800047 52800058 52800132 52800013
                  52800043 52800060 52800062 52800073 52800094 52800096 52800001 52800006 52800012
                  52800134 52800019 52800021 52800026 52800159 52800085 52800027 52800033 52800044
                  52800051 52800145 52800045 52800079 52800052 52800025 52800004 52800035 52800091
                  52800102
      IMMI2GEN    52800048 52800128 52800097 52800084 52800157 52800151 52800030 52800054 52800059
                  52800008 52800109 52800105 52800112 52800153 52800032 52800099 52800108 52800081
                  52800082 52800093 52800120 52800126 52800056 52800055 52800107 52800137 52800086
                  52800118 52800067 52800068 52800016 52800020 52800031 52800116 52800092 52800101
                  52800147 52800024 52800124 52800062 52800006 52800007 52800021 52800026 52800159
                  52800027 52800078 52800025 52800035 52800091 52800113
      MALE        52800097

     THE MODEL ESTIMATION DID NOT TERMINATE NORMALLY DUE TO AN ILL-CONDITIONED
     FISHER INFORMATION MATRIX.  CHANGE YOUR MODEL AND/OR STARTING VALUES.

     THE MODEL ESTIMATION DID NOT TERMINATE NORMALLY DUE TO A NON-POSITIVE
     DEFINITE FISHER INFORMATION MATRIX.  THIS MAY BE DUE TO THE STARTING VALUES
     BUT MAY ALSO BE AN INDICATION OF MODEL NONIDENTIFICATION.  THE CONDITION
     NUMBER IS       0.826D-12.

     THE STANDARD ERRORS OF THE MODEL PARAMETER ESTIMATES COULD NOT BE
     COMPUTED.  THIS IS OFTEN DUE TO THE STARTING VALUES BUT MAY ALSO BE
     AN INDICATION OF MODEL NONIDENTIFICATION.  CHANGE YOUR MODEL AND/OR
     STARTING VALUES.  PROBLEM INVOLVING THE FOLLOWING PARAMETER:
     Parameter 50, %BETWEEN%: FLIT


Errors for replication with data file C:\Users\tctan\finlit5.dat:

*** WARNING
  One or more individual-level variables have no variation within a
  cluster for the following clusters.

     Variable   Cluster IDs with no within-cluster variation

      IMMI1GEN    52800048 52800128 52800097 52800084 52800157 52800115 52800151 52800039 52800160
                  52800030 52800054 52800158 52800057 52800059 52800008 52800080 52800109 52800125
                  52800029 52800053 52800105 52800112 52800032 52800070 52800095 52800099 52800142
                  52800041 52800081 52800082 52800093 52800120 52800121 52800126 52800141 52800144
                  52800038 52800056 52800077 52800110 52800076 52800122 52800137 52800018 52800086
                  52800118 52800067 52800068 52800002 52800017 52800119 52800127 52800133 52800074
                  52800020 52800064 52800075 52800149 52800031 52800040 52800046 52800098 52800116
                  52800123 52800148 52800156 52800005 52800009 52800061 52800083 52800087 52800101
                  52800106 52800117 52800129 52800130 52800136 52800024 52800047 52800058 52800132
                  52800013 52800043 52800060 52800062 52800073 52800094 52800096 52800001 52800006
                  52800012 52800134 52800019 52800021 52800026 52800159 52800085 52800027 52800033
                  52800044 52800051 52800145 52800045 52800079 52800052 52800025 52800004 52800035
                  52800091 52800113 52800102
      IMMI2GEN    52800048 52800128 52800097 52800084 52800157 52800151 52800030 52800054 52800158
                  52800059 52800008 52800109 52800105 52800112 52800153 52800032 52800099 52800108
                  52800142 52800081 52800082 52800093 52800120 52800126 52800056 52800055 52800107
                  52800137 52800086 52800118 52800067 52800068 52800016 52800020 52800031 52800116
                  52800092 52800101 52800147 52800024 52800124 52800062 52800006 52800007 52800021
                  52800026 52800159 52800027 52800078 52800025 52800035 52800091 52800113
      MALE        52800097

     THE MODEL ESTIMATION DID NOT TERMINATE NORMALLY DUE TO AN ILL-CONDITIONED
     FISHER INFORMATION MATRIX.  CHANGE YOUR MODEL AND/OR STARTING VALUES.

     THE MODEL ESTIMATION DID NOT TERMINATE NORMALLY DUE TO A NON-POSITIVE
     DEFINITE FISHER INFORMATION MATRIX.  THIS MAY BE DUE TO THE STARTING VALUES
     BUT MAY ALSO BE AN INDICATION OF MODEL NONIDENTIFICATION.  THE CONDITION
     NUMBER IS      -0.189D-11.

     THE STANDARD ERRORS OF THE MODEL PARAMETER ESTIMATES COULD NOT BE
     COMPUTED.  THIS IS OFTEN DUE TO THE STARTING VALUES BUT MAY ALSO BE
     AN INDICATION OF MODEL NONIDENTIFICATION.  CHANGE YOUR MODEL AND/OR
     STARTING VALUES.  PROBLEM INVOLVING THE FOLLOWING PARAMETER:
     Parameter 50, %BETWEEN%: FLIT


Errors for replication with data file C:\Users\tctan\finlit6.dat:

*** WARNING
  One or more individual-level variables have no variation within a
  cluster for the following clusters.

     Variable   Cluster IDs with no within-cluster variation

      IMMI1GEN    52800048 52800097 52800084 52800157 52800115 52800151 52800039 52800160 52800030
                  52800054 52800158 52800057 52800059 52800008 52800080 52800109 52800125 52800053
                  52800105 52800112 52800032 52800037 52800070 52800095 52800099 52800142 52800041
                  52800081 52800082 52800093 52800120 52800121 52800126 52800141 52800144 52800038
                  52800056 52800077 52800110 52800076 52800122 52800137 52800018 52800086 52800118
                  52800067 52800068 52800002 52800017 52800119 52800127 52800133 52800074 52800020
                  52800064 52800075 52800149 52800031 52800040 52800046 52800098 52800116 52800123
                  52800148 52800156 52800005 52800009 52800061 52800083 52800087 52800092 52800101
                  52800106 52800117 52800129 52800130 52800136 52800024 52800047 52800058 52800132
                  52800013 52800043 52800060 52800062 52800073 52800094 52800096 52800001 52800006
                  52800012 52800134 52800019 52800021 52800026 52800159 52800085 52800027 52800033
                  52800044 52800051 52800145 52800045 52800079 52800052 52800025 52800004 52800035
                  52800091 52800113 52800102
      IMMI2GEN    52800048 52800128 52800097 52800084 52800157 52800151 52800030 52800054 52800158
                  52800059 52800008 52800109 52800105 52800112 52800153 52800032 52800099 52800108
                  52800142 52800081 52800082 52800093 52800120 52800126 52800056 52800055 52800107
                  52800137 52800086 52800118 52800067 52800068 52800016 52800020 52800031 52800116
                  52800092 52800101 52800147 52800024 52800124 52800062 52800006 52800007 52800021
                  52800026 52800159 52800027 52800078 52800025 52800091 52800113
      MALE        52800097

     THE MODEL ESTIMATION DID NOT TERMINATE NORMALLY DUE TO AN ILL-CONDITIONED
     FISHER INFORMATION MATRIX.  CHANGE YOUR MODEL AND/OR STARTING VALUES.

     THE MODEL ESTIMATION DID NOT TERMINATE NORMALLY DUE TO A NON-POSITIVE
     DEFINITE FISHER INFORMATION MATRIX.  THIS MAY BE DUE TO THE STARTING VALUES
     BUT MAY ALSO BE AN INDICATION OF MODEL NONIDENTIFICATION.  THE CONDITION
     NUMBER IS       0.615D-12.

     THE STANDARD ERRORS OF THE MODEL PARAMETER ESTIMATES COULD NOT BE
     COMPUTED.  THIS IS OFTEN DUE TO THE STARTING VALUES BUT MAY ALSO BE
     AN INDICATION OF MODEL NONIDENTIFICATION.  CHANGE YOUR MODEL AND/OR
     STARTING VALUES.  PROBLEM INVOLVING THE FOLLOWING PARAMETER:
     Parameter 50, %BETWEEN%: FLIT


Errors for replication with data file C:\Users\tctan\finlit7.dat:

*** WARNING
  One or more individual-level variables have no variation within a
  cluster for the following clusters.

     Variable   Cluster IDs with no within-cluster variation

      IMMI1GEN    52800048 52800128 52800097 52800084 52800157 52800151 52800039 52800160 52800030
                  52800054 52800158 52800057 52800059 52800008 52800080 52800109 52800125 52800029
                  52800053 52800105 52800112 52800032 52800037 52800070 52800095 52800099 52800142
                  52800041 52800081 52800082 52800093 52800120 52800121 52800126 52800141 52800144
                  52800038 52800056 52800077 52800110 52800076 52800122 52800137 52800018 52800086
                  52800118 52800067 52800068 52800002 52800017 52800119 52800127 52800133 52800074
                  52800020 52800064 52800075 52800149 52800031 52800040 52800046 52800098 52800116
                  52800123 52800148 52800156 52800005 52800009 52800061 52800083 52800087 52800092
                  52800101 52800106 52800117 52800129 52800130 52800136 52800024 52800047 52800058
                  52800132 52800013 52800043 52800060 52800062 52800073 52800094 52800096 52800001
                  52800006 52800012 52800134 52800019 52800021 52800026 52800159 52800085 52800027
                  52800033 52800044 52800051 52800145 52800045 52800079 52800052 52800025 52800004
                  52800035 52800091 52800113 52800102
      IMMI2GEN    52800048 52800128 52800097 52800084 52800157 52800151 52800030 52800054 52800158
                  52800059 52800008 52800109 52800105 52800112 52800153 52800032 52800099 52800108
                  52800142 52800081 52800082 52800093 52800120 52800126 52800056 52800055 52800107
                  52800137 52800086 52800118 52800067 52800068 52800016 52800020 52800031 52800116
                  52800092 52800101 52800147 52800024 52800124 52800062 52800006 52800007 52800021
                  52800026 52800159 52800027 52800078 52800025 52800035 52800091 52800113
      MALE        52800097

     THE MODEL ESTIMATION DID NOT TERMINATE NORMALLY DUE TO AN ILL-CONDITIONED
     FISHER INFORMATION MATRIX.  CHANGE YOUR MODEL AND/OR STARTING VALUES.

     THE MODEL ESTIMATION DID NOT TERMINATE NORMALLY DUE TO A NON-POSITIVE
     DEFINITE FISHER INFORMATION MATRIX.  THIS MAY BE DUE TO THE STARTING VALUES
     BUT MAY ALSO BE AN INDICATION OF MODEL NONIDENTIFICATION.  THE CONDITION
     NUMBER IS       0.829D-13.

     THE STANDARD ERRORS OF THE MODEL PARAMETER ESTIMATES COULD NOT BE
     COMPUTED.  THIS IS OFTEN DUE TO THE STARTING VALUES BUT MAY ALSO BE
     AN INDICATION OF MODEL NONIDENTIFICATION.  CHANGE YOUR MODEL AND/OR
     STARTING VALUES.  PROBLEM INVOLVING THE FOLLOWING PARAMETER:
     Parameter 50, %BETWEEN%: FLIT


Errors for replication with data file C:\Users\tctan\finlit8.dat:

*** WARNING
  One or more individual-level variables have no variation within a
  cluster for the following clusters.

     Variable   Cluster IDs with no within-cluster variation

      IMMI1GEN    52800048 52800128 52800097 52800084 52800157 52800115 52800151 52800039 52800160
                  52800030 52800054 52800158 52800057 52800059 52800008 52800080 52800109 52800125
                  52800053 52800105 52800112 52800032 52800037 52800070 52800095 52800099 52800142
                  52800041 52800081 52800082 52800093 52800120 52800121 52800126 52800141 52800144
                  52800038 52800056 52800077 52800110 52800076 52800122 52800137 52800018 52800086
                  52800118 52800067 52800068 52800002 52800017 52800119 52800127 52800133 52800074
                  52800020 52800064 52800075 52800149 52800031 52800040 52800046 52800098 52800116
                  52800123 52800148 52800156 52800005 52800009 52800061 52800083 52800087 52800092
                  52800101 52800106 52800117 52800129 52800130 52800136 52800024 52800047 52800058
                  52800132 52800013 52800043 52800060 52800062 52800094 52800096 52800001 52800006
                  52800012 52800134 52800019 52800021 52800026 52800159 52800085 52800027 52800033
                  52800044 52800051 52800145 52800045 52800079 52800052 52800025 52800004 52800035
                  52800091 52800113 52800102
      IMMI2GEN    52800048 52800128 52800097 52800084 52800157 52800151 52800030 52800054 52800059
                  52800008 52800109 52800105 52800112 52800153 52800032 52800099 52800108 52800142
                  52800081 52800082 52800093 52800120 52800126 52800056 52800055 52800107 52800137
                  52800086 52800118 52800067 52800068 52800016 52800020 52800031 52800116 52800092
                  52800101 52800147 52800024 52800124 52800062 52800006 52800007 52800021 52800026
                  52800159 52800027 52800078 52800025 52800035 52800091 52800113
      MALE        52800097

     THE MODEL ESTIMATION DID NOT TERMINATE NORMALLY DUE TO AN ILL-CONDITIONED
     FISHER INFORMATION MATRIX.  CHANGE YOUR MODEL AND/OR STARTING VALUES.

     THE MODEL ESTIMATION DID NOT TERMINATE NORMALLY DUE TO A NON-POSITIVE
     DEFINITE FISHER INFORMATION MATRIX.  THIS MAY BE DUE TO THE STARTING VALUES
     BUT MAY ALSO BE AN INDICATION OF MODEL NONIDENTIFICATION.  THE CONDITION
     NUMBER IS      -0.363D-11.

     THE STANDARD ERRORS OF THE MODEL PARAMETER ESTIMATES COULD NOT BE
     COMPUTED.  THIS IS OFTEN DUE TO THE STARTING VALUES BUT MAY ALSO BE
     AN INDICATION OF MODEL NONIDENTIFICATION.  CHANGE YOUR MODEL AND/OR
     STARTING VALUES.  PROBLEM INVOLVING THE FOLLOWING PARAMETER:
     Parameter 50, %BETWEEN%: FLIT


Errors for replication with data file C:\Users\tctan\finlit9.dat:

*** WARNING
  One or more individual-level variables have no variation within a
  cluster for the following clusters.

     Variable   Cluster IDs with no within-cluster variation

      IMMI1GEN    52800048 52800128 52800097 52800084 52800157 52800115 52800151 52800160 52800030
                  52800054 52800158 52800057 52800059 52800008 52800080 52800109 52800125 52800029
                  52800053 52800105 52800112 52800032 52800037 52800070 52800095 52800099 52800142
                  52800041 52800081 52800082 52800093 52800120 52800121 52800126 52800141 52800144
                  52800038 52800056 52800077 52800110 52800076 52800122 52800137 52800018 52800086
                  52800118 52800067 52800068 52800002 52800017 52800119 52800127 52800133 52800074
                  52800020 52800064 52800075 52800149 52800031 52800040 52800046 52800098 52800116
                  52800123 52800148 52800156 52800005 52800009 52800061 52800083 52800087 52800092
                  52800101 52800106 52800117 52800129 52800130 52800136 52800024 52800047 52800058
                  52800132 52800013 52800043 52800060 52800062 52800073 52800094 52800096 52800001
                  52800006 52800012 52800134 52800019 52800021 52800026 52800159 52800085 52800027
                  52800033 52800044 52800051 52800145 52800045 52800079 52800052 52800025 52800004
                  52800035 52800091 52800113 52800102
      IMMI2GEN    52800048 52800128 52800097 52800084 52800157 52800151 52800030 52800054 52800158
                  52800059 52800008 52800109 52800105 52800112 52800153 52800032 52800099 52800108
                  52800142 52800081 52800082 52800093 52800120 52800126 52800056 52800055 52800107
                  52800137 52800086 52800118 52800067 52800068 52800016 52800020 52800031 52800116
                  52800092 52800101 52800147 52800024 52800124 52800062 52800007 52800021 52800026
                  52800159 52800027 52800078 52800025 52800035 52800091 52800113
      MALE        52800097

     THE MODEL ESTIMATION DID NOT TERMINATE NORMALLY DUE TO AN ILL-CONDITIONED
     FISHER INFORMATION MATRIX.  CHANGE YOUR MODEL AND/OR STARTING VALUES.

     THE MODEL ESTIMATION DID NOT TERMINATE NORMALLY DUE TO A NON-POSITIVE
     DEFINITE FISHER INFORMATION MATRIX.  THIS MAY BE DUE TO THE STARTING VALUES
     BUT MAY ALSO BE AN INDICATION OF MODEL NONIDENTIFICATION.  THE CONDITION
     NUMBER IS       0.479D-12.

     THE STANDARD ERRORS OF THE MODEL PARAMETER ESTIMATES COULD NOT BE
     COMPUTED.  THIS IS OFTEN DUE TO THE STARTING VALUES BUT MAY ALSO BE
     AN INDICATION OF MODEL NONIDENTIFICATION.  CHANGE YOUR MODEL AND/OR
     STARTING VALUES.  PROBLEM INVOLVING THE FOLLOWING PARAMETER:
     Parameter 50, %BETWEEN%: FLIT


Errors for replication with data file C:\Users\tctan\finlit10.dat:

*** WARNING
  One or more individual-level variables have no variation within a
  cluster for the following clusters.

     Variable   Cluster IDs with no within-cluster variation

      IMMI1GEN    52800048 52800128 52800097 52800084 52800157 52800115 52800151 52800039 52800160
                  52800030 52800054 52800158 52800057 52800059 52800008 52800080 52800109 52800125
                  52800053 52800105 52800112 52800032 52800037 52800070 52800095 52800099 52800142
                  52800041 52800081 52800082 52800093 52800120 52800121 52800126 52800141 52800144
                  52800038 52800056 52800077 52800110 52800076 52800122 52800137 52800018 52800086
                  52800118 52800067 52800068 52800002 52800017 52800119 52800127 52800133 52800074
                  52800020 52800064 52800075 52800149 52800031 52800046 52800098 52800116 52800123
                  52800148 52800156 52800005 52800009 52800061 52800083 52800087 52800092 52800101
                  52800106 52800117 52800129 52800130 52800136 52800024 52800047 52800058 52800132
                  52800013 52800043 52800060 52800062 52800073 52800094 52800096 52800001 52800006
                  52800012 52800134 52800019 52800021 52800026 52800159 52800085 52800027 52800033
                  52800044 52800051 52800145 52800045 52800079 52800052 52800025 52800004 52800035
                  52800091 52800113 52800102
      IMMI2GEN    52800048 52800128 52800097 52800084 52800157 52800151 52800030 52800054 52800158
                  52800059 52800008 52800109 52800105 52800112 52800153 52800032 52800099 52800108
                  52800142 52800081 52800082 52800093 52800120 52800126 52800056 52800055 52800107
                  52800137 52800086 52800118 52800067 52800068 52800016 52800020 52800031 52800116
                  52800092 52800101 52800147 52800024 52800124 52800062 52800006 52800007 52800021
                  52800026 52800159 52800027 52800078 52800025 52800035 52800091 52800113
      MALE        52800097

     THE MODEL ESTIMATION DID NOT TERMINATE NORMALLY DUE TO AN ILL-CONDITIONED
     FISHER INFORMATION MATRIX.  CHANGE YOUR MODEL AND/OR STARTING VALUES.

     THE MODEL ESTIMATION DID NOT TERMINATE NORMALLY DUE TO A NON-POSITIVE
     DEFINITE FISHER INFORMATION MATRIX.  THIS MAY BE DUE TO THE STARTING VALUES
     BUT MAY ALSO BE AN INDICATION OF MODEL NONIDENTIFICATION.  THE CONDITION
     NUMBER IS       0.290D-12.

     THE STANDARD ERRORS OF THE MODEL PARAMETER ESTIMATES COULD NOT BE
     COMPUTED.  THIS IS OFTEN DUE TO THE STARTING VALUES BUT MAY ALSO BE
     AN INDICATION OF MODEL NONIDENTIFICATION.  CHANGE YOUR MODEL AND/OR
     STARTING VALUES.  PROBLEM INVOLVING THE FOLLOWING PARAMETER:
     Parameter 50, %BETWEEN%: FLIT



     Beginning Time:  13:19:01
        Ending Time:  13:25:24
       Elapsed Time:  00:06:23



MUTHEN & MUTHEN
3463 Stoner Ave.
Los Angeles, CA  90066

Tel: (310) 391-9971
Fax: (310) 391-8971
Web: www.StatModel.com
Support: Support@StatModel.com

Copyright (c) 1998-2019 Muthen & Muthen
