Mplus VERSION 8.3
MUTHEN & MUTHEN
02/10/2021   7:27 PM

INPUT INSTRUCTIONS


  TITLE:
      Two-level structured model 268

  DATA:
      file = "C:\Users\tctan\implist.dat";

      type = imputation;


  VARIABLE:
      names =
          FKI CNTRYID CNTSCHID W_STU
          MATH READ FLIT                      ! PISA achievement variables
          MALE IMMI1GEN IMMI2GEN ESCS         ! Demographic info
          FCFMLRTY FLCONFIN                   ! Affect
          FLSCHOOL                            !   Lat var "Academic"
          NOBULLY                             !   Lat var "Safety"
          FLFAMILY                            !   Lat var "Community"
          W_SCH STRATIO                       ! School character
          EDUSHORT                            !   Lat var "inst. env."
          ;

      useobs = CNTRYID eq 268;          ! Pull out one country at a time

      usevar =
          FLIT                                ! PISA achievement variables
          FLSCHOOL                            !   Lat var "Academic"
          NOBULLY                             !   Lat var "Safety"
          FLFAMILY                            !   Lat var "Community"
          EDUSHORT STRATIO                    !   Lat var "Inst env"
          FCFMLRTY FLCONFIN                   ! Affect
          MALE IMMI1GEN IMMI2GEN ESCS         ! Demographic info
          ;

      ! Vars that ONLY appear in L1
      within =
          FCFMLRTY FLCONFIN                   ! Affective vars
          MALE IMMI1GEN IMMI2GEN ESCS         ! L1 control vars
          ;

      ! Vars that ONLY appear in L2
      between =
          EDUSHORT STRATIO                    ! L2: school
          ;

      weight = W_STU;                         ! Student weight
      wtscale = cluster;                      ! Scale L1 weight to cluster size
      bweight = W_SCH;                        ! School weight
      bwtscale = sample;                      ! Scale L2 weight to sample

      cluster = CNTSCHID;                     ! Cluster by school ID


  ANALYSIS:
      processors = 4;

      type = twolevel;


  MODEL:

  %Within%                                    ! === L1: Student-level ===

      ! Indirect pathways (1st half): school climate vars onto mediators
          ! Onto mediator FAMILIARITY
      FCFMLRTY on FLSCHOOL NOBULLY FLFAMILY;
          ! Onto mediator CONFIDENCE
      FLCONFIN on FLSCHOOL NOBULLY FLFAMILY;

      ! Total effect
      FLIT on
          ! Direct pathways: school climate vars onto financial literacy
          FLSCHOOL NOBULLY FLFAMILY
          ! Indirect pathways (2nd half): affective vars onto financial literacy
          FCFMLRTY FLCONFIN
          ! Control vars (demographic info)
          MALE IMMI1GEN IMMI2GEN ESCS
          ;

      ! Covariances
          ! Between school climate vars
      FLSCHOOL with NOBULLY;
      FLSCHOOL with FLFAMILY;
      NOBULLY with FLFAMILY;
          ! Between mediators
      FCFMLRTY with FLCONFIN;
          ! ESCS with FLFAMILY
      ESCS with FLFAMILY

  %Between%                                   ! === L2: School-level ===

      FLIT on
          FLSCHOOL NOBULLY FLFAMILY EDUSHORT  ! School climate variables
          STRATIO                             ! Control: Student-teacher ratio
          ;

      FLSCHOOL with NOBULLY;
      NOBULLY with FLFAMILY;
      FLFAMILY with EDUSHORT;

      FLSCHOOL with FLFAMILY;
      NOBULLY with EDUSHORT;

      FLSCHOOL with EDUSHORT;


  MODEL INDIRECT:

      ! Indirect effects
      FLIT ind FLSCHOOL;
      FLIT ind NOBULLY;
      FLIT ind FLFAMILY;


  OUTPUT:
      stdyx                                   ! Fully standardised solution
      mod(all)                                ! Mod indices (all)
      ;



*** WARNING in OUTPUT command
  MODINDICES option is not available for multiple imputation.
  Request for MODINDICES is ignored.
   1 WARNING(S) FOUND IN THE INPUT INSTRUCTIONS




Two-level structured model 268

SUMMARY OF ANALYSIS

Number of groups                                                 1
Average number of observations                                4320

Number of replications
    Requested                                                   10
    Completed                                                    4

Number of dependent variables                                    3
Number of independent variables                                  9
Number of continuous latent variables                            0

Observed dependent variables

  Continuous
   FLIT        FCFMLRTY    FLCONFIN

Observed independent variables
   FLSCHOOL    NOBULLY     FLFAMILY    EDUSHORT    STRATIO     MALE
   IMMI1GEN    IMMI2GEN    ESCS

Variables with special functions

  Cluster variable      CNTSCHID
  Weight variable (cluster-size scaling)
    W_STU
  Between weight variable (sample-size scaling)
    W_SCH

  Within variables
   FCFMLRTY    FLCONFIN    MALE        IMMI1GEN    IMMI2GEN    ESCS

  Between variables
   EDUSHORT    STRATIO


Estimator                                                      MLR
Information matrix                                        OBSERVED
Maximum number of iterations                                   100
Convergence criterion                                    0.100D-05
Maximum number of EM iterations                                500
Convergence criteria for the EM algorithm
  Loglikelihood change                                   0.100D-02
  Relative loglikelihood change                          0.100D-05
  Derivative                                             0.100D-03
Minimum variance                                         0.100D-03
Maximum number of steepest descent iterations                   20
Maximum number of iterations for H1                           2000
Convergence criterion for H1                             0.100D-03
Optimization algorithm                                         EMA

Input data file(s)
  Multiple data files from
    C:\Users\tctan\implist.dat
Input data format  FREE


SUMMARY OF DATA FOR THE FIRST DATA SET

     Number of clusters                        319

     Average cluster size       13.542

     Estimated Intraclass Correlations for the Y Variables

                Intraclass              Intraclass              Intraclass
     Variable  Correlation   Variable  Correlation   Variable  Correlation

     FLIT         0.205      FCFMLRTY     0.000      FLCONFIN     0.000
     FLSCHOOL     0.024      NOBULLY      0.032      FLFAMILY     0.011
     ESCS         0.000



SAMPLE STATISTICS

NOTE:  The sample statistics for within and between refer to the
       maximum-likelihood estimated within and between covariance
       matrices, respectively.

NOTE:  These are average results over 10 data sets.


     ESTIMATED SAMPLE STATISTICS FOR WITHIN


           Means
              EDUSHORT      FLIT          FCFMLRTY      FLCONFIN      FLSCHOOL
              ________      ________      ________      ________      ________
                0.000         0.000         5.820        -0.088         0.000


           Means
              NOBULLY       FLFAMILY      ESCS          MALE          IMMI1GEN
              ________      ________      ________      ________      ________
                0.000         0.000        -0.291         0.515         0.009


           Means
              IMMI2GEN      STRATIO
              ________      ________
                0.006         0.000


           Covariances
              EDUSHORT      FLIT          FCFMLRTY      FLCONFIN      FLSCHOOL
              ________      ________      ________      ________      ________
 EDUSHORT       0.000
 FLIT           0.000      6401.427
 FCFMLRTY       0.000        99.470        28.259
 FLCONFIN       0.000         9.594         0.991         1.136
 FLSCHOOL       0.000        -4.691         1.279         0.143         0.974
 NOBULLY        0.000        10.731         0.359         0.003        -0.082
 FLFAMILY       0.000         6.247         0.921         0.178         0.207
 ESCS           0.000        15.816         0.673         0.078         0.032
 MALE           0.000        -2.383        -0.054         0.036         0.062
 IMMI1GEN       0.000        -0.441        -0.004        -0.002         0.000
 IMMI2GEN       0.000        -0.251        -0.007         0.000         0.000
 STRATIO        0.000         0.000         0.000         0.000         0.000


           Covariances
              NOBULLY       FLFAMILY      ESCS          MALE          IMMI1GEN
              ________      ________      ________      ________      ________
 NOBULLY        1.029
 FLFAMILY      -0.010         1.310
 ESCS           0.028         0.037         0.814
 MALE          -0.064        -0.021         0.008         0.250
 IMMI1GEN      -0.004         0.000        -0.003         0.001         0.009
 IMMI2GEN      -0.001        -0.001        -0.001         0.001         0.000
 STRATIO        0.000         0.000         0.000         0.000         0.000


           Covariances
              IMMI2GEN      STRATIO
              ________      ________
 IMMI2GEN       0.006
 STRATIO        0.000         0.000


           Correlations
              EDUSHORT      FLIT          FCFMLRTY      FLCONFIN      FLSCHOOL
              ________      ________      ________      ________      ________
 EDUSHORT       0.000
 FLIT           0.000         1.000
 FCFMLRTY       0.000         0.234         1.000
 FLCONFIN       0.000         0.113         0.175         1.000
 FLSCHOOL       0.000        -0.059         0.244         0.136         1.000
 NOBULLY        0.000         0.132         0.067         0.002        -0.082
 FLFAMILY       0.000         0.068         0.151         0.146         0.184
 ESCS           0.000         0.219         0.140         0.081         0.036
 MALE           0.000        -0.060        -0.020         0.067         0.125
 IMMI1GEN       0.000        -0.060        -0.008        -0.017         0.005
 IMMI2GEN       0.000        -0.041        -0.017         0.000         0.004
 STRATIO        0.000         0.000         0.000         0.000         0.000


           Correlations
              NOBULLY       FLFAMILY      ESCS          MALE          IMMI1GEN
              ________      ________      ________      ________      ________
 NOBULLY        1.000
 FLFAMILY      -0.009         1.000
 ESCS           0.030         0.036         1.000
 MALE          -0.127        -0.037         0.018         1.000
 IMMI1GEN      -0.046        -0.003        -0.035         0.021         1.000
 IMMI2GEN      -0.007        -0.017        -0.019         0.026        -0.007
 STRATIO        0.000         0.000         0.000         0.000         0.000


           Correlations
              IMMI2GEN      STRATIO
              ________      ________
 IMMI2GEN       1.000
 STRATIO        0.000         0.000


     ESTIMATED SAMPLE STATISTICS FOR BETWEEN


           Means
              EDUSHORT      FLIT          FCFMLRTY      FLCONFIN      FLSCHOOL
              ________      ________      ________      ________      ________
                0.332       406.535         0.000         0.000        -0.203


           Means
              NOBULLY       FLFAMILY      ESCS          MALE          IMMI1GEN
              ________      ________      ________      ________      ________
                0.121         0.017         0.000         0.000         0.000


           Means
              IMMI2GEN      STRATIO
              ________      ________
                0.000        13.485


           Covariances
              EDUSHORT      FLIT          FCFMLRTY      FLCONFIN      FLSCHOOL
              ________      ________      ________      ________      ________
 EDUSHORT       1.016
 FLIT          -5.146      1641.998
 FCFMLRTY       0.000         0.000         0.000
 FLCONFIN       0.000         0.000         0.000         0.000
 FLSCHOOL       0.032        -4.808         0.000         0.000         0.027
 NOBULLY        0.001         3.628         0.000         0.000        -0.017
 FLFAMILY       0.010        -1.313         0.000         0.000         0.014
 ESCS           0.000         0.000         0.000         0.000         0.000
 MALE           0.000         0.000         0.000         0.000         0.000
 IMMI1GEN       0.000         0.000         0.000         0.000         0.000
 IMMI2GEN       0.000         0.000         0.000         0.000         0.000
 STRATIO       -0.107        16.559         0.000         0.000        -0.204


           Covariances
              NOBULLY       FLFAMILY      ESCS          MALE          IMMI1GEN
              ________      ________      ________      ________      ________
 NOBULLY        0.032
 FLFAMILY      -0.004         0.015
 ESCS           0.000         0.000         0.000
 MALE           0.000         0.000         0.000         0.000
 IMMI1GEN       0.000         0.000         0.000         0.000         0.000
 IMMI2GEN       0.000         0.000         0.000         0.000         0.000
 STRATIO        0.008        -0.094         0.000         0.000         0.000


           Covariances
              IMMI2GEN      STRATIO
              ________      ________
 IMMI2GEN       0.000
 STRATIO        0.000        59.248


           Correlations
              EDUSHORT      FLIT          FCFMLRTY      FLCONFIN      FLSCHOOL
              ________      ________      ________      ________      ________
 EDUSHORT       1.000
 FLIT          -0.126         1.000
 FCFMLRTY       0.000         0.000         0.000
 FLCONFIN       0.000         0.000         0.000         0.000
 FLSCHOOL       0.197        -0.725         0.000         0.000         1.000
 NOBULLY        0.008         0.500         0.000         0.000        -0.583
 FLFAMILY       0.083        -0.266         0.000         0.000         0.715
 ESCS           0.000         0.000         0.000         0.000         0.000
 MALE           0.000         0.000         0.000         0.000         0.000
 IMMI1GEN       0.000         0.000         0.000         0.000         0.000
 IMMI2GEN       0.000         0.000         0.000         0.000         0.000
 STRATIO       -0.014         0.053         0.000         0.000        -0.162


           Correlations
              NOBULLY       FLFAMILY      ESCS          MALE          IMMI1GEN
              ________      ________      ________      ________      ________
 NOBULLY        1.000
 FLFAMILY      -0.180         1.000
 ESCS           0.000         0.000         0.000
 MALE           0.000         0.000         0.000         0.000
 IMMI1GEN       0.000         0.000         0.000         0.000         0.000
 IMMI2GEN       0.000         0.000         0.000         0.000         0.000
 STRATIO        0.006        -0.100         0.000         0.000         0.000


           Correlations
              IMMI2GEN      STRATIO
              ________      ________
 IMMI2GEN       0.000
 STRATIO        0.000         1.000




MODEL FIT INFORMATION

Number of Free Parameters                       51

Loglikelihood

    H0 Value

        Mean                            -69391.864
        Std Dev                             42.942
        Number of successful computations        4

             Proportions                   Percentiles
        Expected    Observed         Expected       Observed
           0.990       1.000       -69491.759     -69460.913
           0.980       1.000       -69480.053     -69460.913
           0.950       1.000       -69462.499     -69460.913
           0.900       0.750       -69446.898     -69460.913
           0.800       0.750       -69428.004     -69460.913
           0.700       0.750       -69414.382     -69460.913
           0.500       0.500       -69391.864     -69394.835
           0.300       0.500       -69369.345     -69394.835
           0.200       0.250       -69355.724     -69357.561
           0.100       0.000       -69336.829     -69357.561
           0.050       0.000       -69321.229     -69357.561
           0.020       0.000       -69303.674     -69357.561
           0.010       0.000       -69291.968     -69357.561

    H1 Value

        Mean                            -69243.328
        Std Dev                             48.738
        Number of successful computations        4

             Proportions                   Percentiles
        Expected    Observed         Expected       Observed
           0.990       1.000       -69356.707     -69324.182
           0.980       1.000       -69343.421     -69324.182
           0.950       0.750       -69323.497     -69324.182
           0.900       0.750       -69305.790     -69324.182
           0.800       0.750       -69284.346     -69324.182
           0.700       0.750       -69268.886     -69324.182
           0.500       0.750       -69243.328     -69237.536
           0.300       0.500       -69217.770     -69237.536
           0.200       0.250       -69202.310     -69213.324
           0.100       0.000       -69180.865     -69213.324
           0.050       0.000       -69163.159     -69213.324
           0.020       0.000       -69143.235     -69213.324
           0.010       0.000       -69129.949     -69213.324

Information Criteria

    Akaike (AIC)

        Mean                            138885.727
        Std Dev                             85.884
        Number of successful computations        4

             Proportions                   Percentiles
        Expected    Observed         Expected       Observed
           0.990       1.000       138685.936     138810.290
           0.980       1.000       138709.348     138810.290
           0.950       1.000       138744.457     138810.290
           0.900       1.000       138775.659     138810.290
           0.800       0.750       138813.448     138810.290
           0.700       0.500       138840.690     138810.290
           0.500       0.500       138885.727     138817.123
           0.300       0.250       138930.765     138817.123
           0.200       0.250       138958.007     138891.670
           0.100       0.250       138995.796     138891.670
           0.050       0.000       139026.997     138891.670
           0.020       0.000       139062.107     138891.670
           0.010       0.000       139085.519     138891.670

    Bayesian (BIC)

        Mean                            139210.649
        Std Dev                             85.884
        Number of successful computations        4

             Proportions                   Percentiles
        Expected    Observed         Expected       Observed
           0.990       1.000       139010.858     139135.212
           0.980       1.000       139034.270     139135.212
           0.950       1.000       139069.379     139135.212
           0.900       1.000       139100.580     139135.212
           0.800       0.750       139138.369     139135.212
           0.700       0.500       139165.612     139135.212
           0.500       0.500       139210.649     139142.044
           0.300       0.250       139255.686     139142.044
           0.200       0.250       139282.929     139216.592
           0.100       0.250       139320.717     139216.592
           0.050       0.000       139351.919     139216.592
           0.020       0.000       139387.028     139216.592
           0.010       0.000       139410.440     139216.592

    Sample-Size Adjusted BIC (n* = (n + 2) / 24)

        Mean                            139048.592
        Std Dev                             85.884
        Number of successful computations        4

             Proportions                   Percentiles
        Expected    Observed         Expected       Observed
           0.990       1.000       138848.801     138973.155
           0.980       1.000       138872.213     138973.155
           0.950       1.000       138907.322     138973.155
           0.900       1.000       138938.523     138973.155
           0.800       0.750       138976.312     138973.155
           0.700       0.500       139003.554     138973.155
           0.500       0.500       139048.592     138979.987
           0.300       0.250       139093.629     138979.987
           0.200       0.250       139120.872     139054.535
           0.100       0.250       139158.660     139054.535
           0.050       0.000       139189.862     139054.535
           0.020       0.000       139224.971     139054.535
           0.010       0.000       139248.383     139054.535

Chi-Square Test of Model Fit

        Degrees of freedom                      26

        Mean                               286.232
        Std Dev                             21.040
        Number of successful computations        4

             Proportions                   Percentiles
        Expected    Observed         Expected       Observed
           0.990       1.000           12.198        255.232
           0.980       1.000           13.409        255.232
           0.950       1.000           15.379        255.232
           0.900       1.000           17.292        255.232
           0.800       1.000           19.820        255.232
           0.700       1.000           21.792        255.232
           0.500       1.000           25.336        286.623
           0.300       1.000           29.246        286.623
           0.200       1.000           31.795        288.474
           0.100       1.000           35.563        288.474
           0.050       1.000           38.885        288.474
           0.020       1.000           42.856        288.474
           0.010       1.000           45.642        288.474

RMSEA (Root Mean Square Error Of Approximation)

        Mean                                 0.048
        Std Dev                              0.002
        Number of successful computations        4

             Proportions                   Percentiles
        Expected    Observed         Expected       Observed
           0.990       1.000            0.044          0.045
           0.980       1.000            0.044          0.045
           0.950       1.000            0.045          0.045
           0.900       0.750            0.046          0.045
           0.800       0.750            0.046          0.045
           0.700       0.750            0.047          0.045
           0.500       0.750            0.048          0.048
           0.300       0.250            0.049          0.048
           0.200       0.250            0.050          0.048
           0.100       0.250            0.051          0.048
           0.050       0.000            0.051          0.048
           0.020       0.000            0.052          0.048
           0.010       0.000            0.053          0.048

CFI/TLI

    CFI

        Mean                                 0.816
        Std Dev                              0.010
        Number of successful computations        4

             Proportions                   Percentiles
        Expected    Observed         Expected       Observed
           0.990       1.000            0.793          0.802
           0.980       1.000            0.795          0.802
           0.950       1.000            0.799          0.802
           0.900       0.750            0.803          0.802
           0.800       0.750            0.807          0.802
           0.700       0.750            0.811          0.802
           0.500       0.500            0.816          0.813
           0.300       0.250            0.821          0.813
           0.200       0.250            0.824          0.819
           0.100       0.250            0.829          0.819
           0.050       0.000            0.832          0.819
           0.020       0.000            0.836          0.819
           0.010       0.000            0.839          0.819

    TLI

        Mean                                 0.596
        Std Dev                              0.022
        Number of successful computations        4

             Proportions                   Percentiles
        Expected    Observed         Expected       Observed
           0.990       1.000            0.545          0.565
           0.980       1.000            0.551          0.565
           0.950       1.000            0.560          0.565
           0.900       0.750            0.568          0.565
           0.800       0.750            0.578          0.565
           0.700       0.750            0.585          0.565
           0.500       0.500            0.596          0.590
           0.300       0.250            0.608          0.590
           0.200       0.250            0.615          0.603
           0.100       0.250            0.624          0.603
           0.050       0.000            0.632          0.603
           0.020       0.000            0.641          0.603
           0.010       0.000            0.647          0.603

SRMR (Standardized Root Mean Square Residual) for the WITHIN level

        Mean                                 0.038
        Std Dev                              0.001
        Number of successful computations        4

             Proportions                   Percentiles
        Expected    Observed         Expected       Observed
           0.990       1.000            0.035          0.036
           0.980       1.000            0.035          0.036
           0.950       1.000            0.036          0.036
           0.900       0.750            0.036          0.036
           0.800       0.750            0.037          0.036
           0.700       0.750            0.037          0.036
           0.500       0.500            0.038          0.038
           0.300       0.500            0.039          0.038
           0.200       0.500            0.039          0.039
           0.100       0.000            0.040          0.039
           0.050       0.000            0.040          0.039
           0.020       0.000            0.041          0.039
           0.010       0.000            0.041          0.039

SRMR (Standardized Root Mean Square Residual) for the BETWEEN level

        Mean                                 0.058
        Std Dev                              0.009
        Number of successful computations        4

             Proportions                   Percentiles
        Expected    Observed         Expected       Observed
           0.990       1.000            0.037          0.047
           0.980       1.000            0.039          0.047
           0.950       1.000            0.043          0.047
           0.900       1.000            0.046          0.047
           0.800       0.750            0.050          0.047
           0.700       0.500            0.053          0.047
           0.500       0.500            0.058          0.051
           0.300       0.500            0.062          0.051
           0.200       0.250            0.065          0.063
           0.100       0.250            0.069          0.063
           0.050       0.000            0.072          0.063
           0.020       0.000            0.076          0.063
           0.010       0.000            0.078          0.063



MODEL RESULTS

                    Estimate

Within Level

 FCFMLRTY   ON
    FLSCHOOL           1.238
    NOBULLY            0.432
    FLFAMILY           0.506

 FLCONFIN   ON
    FLSCHOOL           0.122
    NOBULLY            0.020
    FLFAMILY           0.117

 FLIT       ON
    FLSCHOOL          -9.847
    NOBULLY            8.096
    FLFAMILY           2.957
    FCFMLRTY           3.191
    FLCONFIN           5.379
    MALE              -5.177
    IMMI1GEN         -42.882
    IMMI2GEN         -31.155
    ESCS              15.881

 FLSCHOOL WITH
    NOBULLY           -0.081
    FLFAMILY           0.208

 NOBULLY  WITH
    FLFAMILY          -0.017

 FCFMLRTY WITH
    FLCONFIN           0.731

 ESCS     WITH
    FLFAMILY           0.031

 Means
    ESCS              -0.293

 Intercepts
    FCFMLRTY           5.803
    FLCONFIN          -0.091

 Variances
    FLSCHOOL           0.986
    NOBULLY            1.021
    FLFAMILY           1.308
    ESCS               0.813

 Residual Variances
    FLIT            5509.524
    FCFMLRTY          25.993
    FLCONFIN           1.098

Between Level

 FLIT       ON
    FLSCHOOL        -451.170
    NOBULLY         -100.542
    FLFAMILY         266.129
    EDUSHORT           8.403
    STRATIO            0.047

 FLSCHOOL WITH
    NOBULLY           -0.021
    FLFAMILY           0.015
    EDUSHORT           0.037

 NOBULLY  WITH
    FLFAMILY          -0.005
    EDUSHORT           0.007

 FLFAMILY WITH
    EDUSHORT           0.017

 Means
    EDUSHORT           0.332
    FLSCHOOL          -0.207
    NOBULLY            0.113
    FLFAMILY           0.019

 Intercepts
    FLIT             305.909

 Variances
    EDUSHORT           1.020
    FLSCHOOL           0.025
    NOBULLY            0.037
    FLFAMILY           0.016

 Residual Variances
    FLIT             306.655


STANDARDIZED MODEL RESULTS


STDYX Standardization

                                                    Two-Tailed   Rate of
                    Estimate       S.E.  Est./S.E.    P-Value    Missing

Within Level

 FCFMLRTY   ON
