Mplus VERSION 8.5 (Linux)
MUTHEN & MUTHEN
04/18/2021   3:56 PM

INPUT INSTRUCTIONS


  TITLE:
      Two-level structured model 724

  DATA:
      file = "~/implist.dat";

      type = imputation;


      VARIABLE:
      names =
          FKI CNTRYID CNTSCHID W_STU
          MATH READ FLIT                      ! PISA achievement variables
          MALE IMMI1GEN IMMI2GEN ESCS         ! Demographic info
          FCFMLRTY FLCONFIN                   ! Affect
          FLSCHOOL                            !   Lat var "Academic"
          NOBULLY                             !   Lat var "Safety"
          FLFAMILY                            !   Lat var "Community"
          W_SCH STRATIO                       ! School character
          EDUSHORT                            !   Lat var "inst. env."
          ;

      useobs = CNTRYID eq 724;          ! Pull out one country at a time

      usevar =
          FLIT                                ! PISA achievement variables
          FLSCHOOL                            !   Lat var "Academic"
          NOBULLY                             !   Lat var "Safety"
          FLFAMILY                            !   Lat var "Community"
          EDUSHORT STRATIO                    !   Lat var "Inst env"
          FCFMLRTY FLCONFIN                   ! Affect
          MALE IMMI1GEN IMMI2GEN ESCS         ! Demographic info
          ;

      ! Vars that ONLY appear in L1
      within =
          FCFMLRTY FLCONFIN                   ! Affective vars
          MALE IMMI1GEN IMMI2GEN ESCS         ! L1 control vars
          ;

      ! Vars that ONLY appear in L2
      between =
          EDUSHORT STRATIO                    ! L2: school
          ;

      weight = W_STU;                         ! Student weight
      wtscale = cluster;                      ! Scale L1 weight to cluster size
      bweight = W_SCH;                        ! School weight
      bwtscale = sample;                      ! Scale L2 weight to sample

      cluster = CNTSCHID;                     ! Cluster by school ID


  ANALYSIS:
      processors = 64;

      type = twolevel;


  MODEL:

  %Within%                                    ! === L1: Student-level ===

      ! Save the variances of L1 FLSCHOOL, FLFAMILY, NOBULLY and FLIT
      FLSCHOOL (va_w);                        ! variance of academic (within)
      FLFAMILY (vc_w);                        ! variance of community (within)
      NOBULLY (vs_w);                         ! variance of safety (within)
      FLIT (vf_w);                            ! variance of FLIT (within)

      ! Indirect pathways (1st half): school climate vars onto mediators
          ! Onto mediator FAMILIARITY
      FCFMLRTY on
          FLSCHOOL FLFAMILY NOBULLY
          ESCS IMMI2GEN MALE
          ;
          ! Onto mediator CONFIDENCE
      FLCONFIN on
          FLSCHOOL FLFAMILY NOBULLY
          ESCS IMMI2GEN MALE
          ;

      ! Total effect
      FLIT on
          ! Indirect pathways (2nd half): affective vars onto financial literacy
          FCFMLRTY FLCONFIN
          ! Direct pathways: school climate vars onto financial literacy
          FLSCHOOL (a_w)                      ! academic_within
          FLFAMILY (c_w)                      ! community_within
          NOBULLY (s_w)                       ! safety_within
          ! Demographic vars
          ESCS IMMI1GEN
          ;

      ! Covariances

          ! Between school climate vars
      FLSCHOOL with FLFAMILY;
      FLFAMILY with NOBULLY;
      FLSCHOOL with NOBULLY;

          ! Between mediators
      FCFMLRTY with FLCONFIN;

          ! SES with school climate vars
      ESCS with FLSCHOOL FLFAMILY;
          ! SES with demographic vars
      ESCS with IMMI1GEN IMMI2GEN;

  %Between%                                   ! === L2: School-level ===

      ! Save the variances of L1 FLSCHOOL, FLFAMILY and NOBULLY
      FLSCHOOL (va_b);                        ! variance of academic (between)
      FLFAMILY (vc_b);                        ! variance of community (between)
      NOBULLY (vs_b);                         ! variance of safety (between)
      FLIT (vf_b);                            ! variance of FLIT (between)

      FLIT on                                 ! School climate variables
          FLSCHOOL (a_b)                          ! academic_between
          FLFAMILY (c_b)                          ! community_between
          NOBULLY (s_b)                           ! safety_between
          EDUSHORT
          STRATIO                             ! Control: Student-teacher ratio
          ;

      ! Covariances

          ! Between school climate vars
      FLSCHOOL with FLFAMILY;
      FLFAMILY with NOBULLY;
      NOBULLY with EDUSHORT;

      FLSCHOOL with NOBULLY;
      FLFAMILY with EDUSHORT;

      FLSCHOOL with EDUSHORT;

      STRATIO with FLSCHOOL EDUSHORT;


  MODEL INDIRECT:

      ! Indirect effects
      FLIT ind FLSCHOOL;
      FLIT ind FLFAMILY;
      FLIT ind NOBULLY;

      FLIT ind ESCS;
      FLIT ind IMMI2GEN;
      FLIT ind MALE;


  MODEL CONSTRAINT:

      ! Save non-standardised contextual effects
      new(ctx_a);
      ctx_a = a_b - a_w;
      new(ctx_c);
      ctx_c = c_b - c_w;
      new(ctx_s);
      ctx_s = s_b - s_w;

      ! Standardise contextual effects
      new(ctx_a_st);
      ctx_a_st = ctx_a*(sqrt(va_b)/sqrt(va_b*a_b**2+vf_b+va_w*a_w**2+vf_w));
      new(ctx_c_st);
      ctx_c_st = ctx_c*(sqrt(vc_b)/sqrt(vc_b*c_b**2+vf_b+vc_w*c_w**2+vf_w));
      new(ctx_s_st);
      ctx_s_st = ctx_s*(sqrt(vs_b)/sqrt(vs_b*s_b**2+vf_b+vs_w*s_w**2+vf_w));

      ! Compute effect sizes (EF)
      new(es1_a);
      es1_a = ctx_a*(2*sqrt(va_b)/sqrt(vf_w));
      new(es1_c);
      es1_c = ctx_c*(2*sqrt(vc_b)/sqrt(vf_w));
      new(es1_s);
      es1_s = ctx_s*(2*sqrt(vs_b)/sqrt(vf_w));

      new(es2_a);
      es2_a = ctx_a*(2*sqrt(va_b)/sqrt(va_w*a_w**2+vf_w));
      new(es2_c);
      es2_c = ctx_c*(2*sqrt(vc_b)/sqrt(vc_w*c_w**2+vf_w));
      new(es2_s);
      es2_s = ctx_s*(2*sqrt(vs_b)/sqrt(vs_w*s_w**2+vf_w));

      new(es3_a);
      es3_a = ctx_a*(2*sqrt(va_b)/sqrt(va_b*a_b**2+va_w*a_w**2+vf_w));
      new(es3_c);
      es3_c = ctx_c*(2*sqrt(vc_b)/sqrt(vc_b*c_b**2+vc_w*c_w**2+vf_w));
      new(es3_s);
      es3_s = ctx_s*(2*sqrt(vs_b)/sqrt(vs_b*s_b**2+vs_w*s_w**2+vf_w));


  OUTPUT:
      stdyx                                   ! Fully standardised solution
      ;



INPUT READING TERMINATED NORMALLY




Two-level structured model 724

SUMMARY OF ANALYSIS

Number of groups                                                 1
Average number of observations                                9361

Number of replications
    Requested                                                   10
    Completed                                                   10

Number of dependent variables                                    3
Number of independent variables                                  9
Number of continuous latent variables                            0

Observed dependent variables

  Continuous
   FLIT        FCFMLRTY    FLCONFIN

Observed independent variables
   FLSCHOOL    NOBULLY     FLFAMILY    EDUSHORT    STRATIO     MALE
   IMMI1GEN    IMMI2GEN    ESCS

Variables with special functions

  Cluster variable      CNTSCHID
  Weight variable (cluster-size scaling)
    W_STU
  Between weight variable (sample-size scaling)
    W_SCH

  Within variables
   FCFMLRTY    FLCONFIN    MALE        IMMI1GEN    IMMI2GEN    ESCS

  Between variables
   EDUSHORT    STRATIO


Estimator                                                      MLR
Information matrix                                        OBSERVED
Maximum number of iterations                                   100
Convergence criterion                                    0.100D-05
Maximum number of EM iterations                                500
Convergence criteria for the EM algorithm
  Loglikelihood change                                   0.100D-02
  Relative loglikelihood change                          0.100D-05
  Derivative                                             0.100D-03
Minimum variance                                         0.100D-03
Maximum number of steepest descent iterations                   20
Maximum number of iterations for H1                           2000
Convergence criterion for H1                             0.100D-03
Optimization algorithm                                         EMA

Input data file(s)
  Multiple data files from
    ~/implist.dat
Input data format  FREE


SUMMARY OF DATA FOR THE FIRST DATA SET

     Number of clusters                        491

     Average cluster size       19.065

     Estimated Intraclass Correlations for the Y Variables

                Intraclass              Intraclass              Intraclass
     Variable  Correlation   Variable  Correlation   Variable  Correlation

     FLIT         0.082      FCFMLRTY     0.000      FLCONFIN     0.000
     FLSCHOOL     0.019      NOBULLY      0.014      FLFAMILY     0.010
     IMMI1GEN     0.000      IMMI2GEN     0.000      ESCS         0.000



SAMPLE STATISTICS

NOTE:  The sample statistics for within and between refer to the
       maximum-likelihood estimated within and between covariance
       matrices, respectively.

NOTE:  These are average results over 10 data sets.


     ESTIMATED SAMPLE STATISTICS FOR WITHIN


           Means
              EDUSHORT      STRATIO       FLIT          FCFMLRTY      FLCONFIN
              ________      ________      ________      ________      ________
                0.000         0.000         0.000         7.567        -0.244


           Means
              FLSCHOOL      NOBULLY       FLFAMILY      IMMI1GEN      IMMI2GEN
              ________      ________      ________      ________      ________
                0.000         0.000         0.000         0.065         0.051


           Means
              ESCS          MALE
              ________      ________
               -0.042         0.510


           Covariances
              EDUSHORT      STRATIO       FLIT          FCFMLRTY      FLCONFIN
              ________      ________      ________      ________      ________
 EDUSHORT       0.000
 STRATIO        0.000         0.000
 FLIT           0.000         0.000      6914.057
 FCFMLRTY       0.000         0.000        84.777        26.262
 FLCONFIN       0.000         0.000         5.517         0.919         1.038
 FLSCHOOL       0.000         0.000         0.450         1.971         0.149
 NOBULLY        0.000         0.000         6.958         0.214         0.006
 FLFAMILY       0.000         0.000         1.887         0.727         0.116
 IMMI1GEN       0.000         0.000        -0.959        -0.027         0.007
 IMMI2GEN       0.000         0.000        -1.430         0.022         0.007
 ESCS           0.000         0.000        21.727         0.565         0.011
 MALE           0.000         0.000        -0.055        -0.074         0.053


           Covariances
              FLSCHOOL      NOBULLY       FLFAMILY      IMMI1GEN      IMMI2GEN
              ________      ________      ________      ________      ________
 FLSCHOOL       1.003
 NOBULLY       -0.022         0.907
 FLFAMILY       0.168        -0.004         0.991
 IMMI1GEN       0.008        -0.007        -0.005         0.061
 IMMI2GEN       0.006        -0.001         0.001        -0.003         0.048
 ESCS           0.002         0.025         0.044        -0.040        -0.031
 MALE          -0.018        -0.015        -0.023        -0.001        -0.001


           Covariances
              ESCS          MALE
              ________      ________
 ESCS           1.046
 MALE          -0.013         0.250


           Correlations
              EDUSHORT      STRATIO       FLIT          FCFMLRTY      FLCONFIN
              ________      ________      ________      ________      ________
 EDUSHORT       0.000
 STRATIO        0.000         0.000
 FLIT           0.000         0.000         1.000
 FCFMLRTY       0.000         0.000         0.199         1.000
 FLCONFIN       0.000         0.000         0.065         0.176         1.000
 FLSCHOOL       0.000         0.000         0.005         0.384         0.146
 NOBULLY        0.000         0.000         0.088         0.044         0.006
 FLFAMILY       0.000         0.000         0.023         0.143         0.115
 IMMI1GEN       0.000         0.000        -0.047        -0.021         0.029
 IMMI2GEN       0.000         0.000        -0.078         0.020         0.030
 ESCS           0.000         0.000         0.255         0.108         0.011
 MALE           0.000         0.000        -0.001        -0.029         0.105


           Correlations
              FLSCHOOL      NOBULLY       FLFAMILY      IMMI1GEN      IMMI2GEN
              ________      ________      ________      ________      ________
 FLSCHOOL       1.000
 NOBULLY       -0.023         1.000
 FLFAMILY       0.169        -0.004         1.000
 IMMI1GEN       0.031        -0.030        -0.019         1.000
 IMMI2GEN       0.026        -0.004         0.006        -0.061         1.000
 ESCS           0.002         0.026         0.043        -0.157        -0.136
 MALE          -0.037        -0.031        -0.045        -0.007        -0.009


           Correlations
              ESCS          MALE
              ________      ________
 ESCS           1.000
 MALE          -0.025         1.000


     ESTIMATED SAMPLE STATISTICS FOR BETWEEN


           Means
              EDUSHORT      STRATIO       FLIT          FCFMLRTY      FLCONFIN
              ________      ________      ________      ________      ________
                0.146        12.416       491.446         0.000         0.000


           Means
              FLSCHOOL      NOBULLY       FLFAMILY      IMMI1GEN      IMMI2GEN
              ________      ________      ________      ________      ________
               -0.149         0.134        -0.023         0.000         0.000


           Means
              ESCS          MALE
              ________      ________
                0.000         0.000


           Covariances
              EDUSHORT      STRATIO       FLIT          FCFMLRTY      FLCONFIN
              ________      ________      ________      ________      ________
 EDUSHORT       1.269
 STRATIO       -0.602        28.695
 FLIT          -5.406        12.964       584.419
 FCFMLRTY       0.000         0.000         0.000         0.000
 FLCONFIN       0.000         0.000         0.000         0.000         0.000
 FLSCHOOL       0.006        -0.086        -0.108         0.000         0.000
 NOBULLY       -0.005         0.029         0.645         0.000         0.000
 FLFAMILY       0.038        -0.046        -0.867         0.000         0.000
 IMMI1GEN       0.000         0.000         0.000         0.000         0.000
 IMMI2GEN       0.000         0.000         0.000         0.000         0.000
 ESCS           0.000         0.000         0.000         0.000         0.000
 MALE           0.000         0.000         0.000         0.000         0.000


           Covariances
              FLSCHOOL      NOBULLY       FLFAMILY      IMMI1GEN      IMMI2GEN
              ________      ________      ________      ________      ________
 FLSCHOOL       0.019
 NOBULLY       -0.001         0.017
 FLFAMILY       0.009         0.000         0.012
 IMMI1GEN       0.000         0.000         0.000         0.000
 IMMI2GEN       0.000         0.000         0.000         0.000         0.000
 ESCS           0.000         0.000         0.000         0.000         0.000
 MALE           0.000         0.000         0.000         0.000         0.000


           Covariances
              ESCS          MALE
              ________      ________
 ESCS           0.000
 MALE           0.000         0.000


           Correlations
              EDUSHORT      STRATIO       FLIT          FCFMLRTY      FLCONFIN
              ________      ________      ________      ________      ________
 EDUSHORT       1.000
 STRATIO       -0.100         1.000
 FLIT          -0.199         0.100         1.000
 FCFMLRTY       0.000         0.000         0.000         0.000
 FLCONFIN       0.000         0.000         0.000         0.000         0.000
 FLSCHOOL       0.041        -0.116        -0.032         0.000         0.000
 NOBULLY       -0.037         0.041         0.204         0.000         0.000
 FLFAMILY       0.313        -0.080        -0.334         0.000         0.000
 IMMI1GEN       0.000         0.000         0.000         0.000         0.000
 IMMI2GEN       0.000         0.000         0.000         0.000         0.000
 ESCS           0.000         0.000         0.000         0.000         0.000
 MALE           0.000         0.000         0.000         0.000         0.000


           Correlations
              FLSCHOOL      NOBULLY       FLFAMILY      IMMI1GEN      IMMI2GEN
              ________      ________      ________      ________      ________
 FLSCHOOL       1.000
 NOBULLY       -0.072         1.000
 FLFAMILY       0.589        -0.006         1.000
 IMMI1GEN       0.000         0.000         0.000         0.000
 IMMI2GEN       0.000         0.000         0.000         0.000         0.000
 ESCS           0.000         0.000         0.000         0.000         0.000
 MALE           0.000         0.000         0.000         0.000         0.000


           Correlations
              ESCS          MALE
              ________      ________
 ESCS           0.000
 MALE           0.000         0.000




MODEL FIT INFORMATION

Number of Free Parameters                       66

Loglikelihood

    H0 Value

        Mean                           -149389.596
        Std Dev                            129.464
        Number of successful computations       10

             Proportions                   Percentiles
        Expected    Observed         Expected       Observed
           0.990       1.000      -149690.767    -149583.170
           0.980       1.000      -149655.475    -149583.170
           0.950       1.000      -149602.551    -149583.170
           0.900       0.900      -149555.516    -149583.170
           0.800       0.700      -149498.552    -149583.170
           0.700       0.600      -149457.486    -149511.038
           0.500       0.600      -149389.596    -149383.594
           0.300       0.200      -149321.705    -149333.893
           0.200       0.200      -149280.639    -149327.829
           0.100       0.200      -149223.675    -149205.455
           0.050       0.000      -149176.641    -149205.455
           0.020       0.000      -149123.716    -149205.455
           0.010       0.000      -149088.424    -149205.455

    H1 Value

        Mean                           -149311.372
        Std Dev                            130.425
        Number of successful computations       10

             Proportions                   Percentiles
        Expected    Observed         Expected       Observed
           0.990       1.000      -149614.781    -149509.794
           0.980       1.000      -149579.227    -149509.794
           0.950       1.000      -149525.909    -149509.794
           0.900       0.900      -149478.525    -149509.794
           0.800       0.700      -149421.138    -149509.794
           0.700       0.600      -149379.767    -149432.822
           0.500       0.600      -149311.372    -149305.240
           0.300       0.200      -149242.977    -149253.356
           0.200       0.200      -149201.606    -149248.964
           0.100       0.200      -149144.219    -149135.511
           0.050       0.000      -149096.835    -149135.511
           0.020       0.000      -149043.517    -149135.511
           0.010       0.000      -149007.963    -149135.511

Information Criteria

    Akaike (AIC)

        Mean                            298911.191
        Std Dev                            258.928
        Number of successful computations       10

             Proportions                   Percentiles
        Expected    Observed         Expected       Observed
           0.990       1.000       298308.848     298509.310
           0.980       1.000       298379.432     298509.310
           0.950       1.000       298485.281     298509.310
           0.900       0.800       298579.350     298509.310
           0.800       0.800       298693.278     298509.310
           0.700       0.800       298775.410     298787.658
           0.500       0.400       298911.191     298812.123
           0.300       0.400       299046.973     299088.597
           0.200       0.300       299129.105     299154.075
           0.100       0.100       299243.033     299219.925
           0.050       0.000       299337.101     299219.925
           0.020       0.000       299442.951     299219.925
           0.010       0.000       299513.534     299219.925

    Bayesian (BIC)

        Mean                            299382.715
        Std Dev                            258.928
        Number of successful computations       10

             Proportions                   Percentiles
        Expected    Observed         Expected       Observed
           0.990       1.000       298780.372     298980.834
           0.980       1.000       298850.956     298980.834
           0.950       1.000       298956.805     298980.834
           0.900       0.800       299050.874     298980.834
           0.800       0.800       299164.802     298980.834
           0.700       0.800       299246.934     299259.183
           0.500       0.400       299382.715     299283.648
           0.300       0.400       299518.497     299560.121
           0.200       0.300       299600.629     299625.599
           0.100       0.100       299714.557     299691.450
           0.050       0.000       299808.625     299691.450
           0.020       0.000       299914.475     299691.450
           0.010       0.000       299985.059     299691.450

    Sample-Size Adjusted BIC (n* = (n + 2) / 24)

        Mean                            299172.978
        Std Dev                            258.928
        Number of successful computations       10

             Proportions                   Percentiles
        Expected    Observed         Expected       Observed
           0.990       1.000       298570.635     298771.097
           0.980       1.000       298641.218     298771.097
           0.950       1.000       298747.068     298771.097
           0.900       0.800       298841.136     298771.097
           0.800       0.800       298955.065     298771.097
           0.700       0.800       299037.196     299049.445
           0.500       0.400       299172.978     299073.910
           0.300       0.400       299308.760     299350.384
           0.200       0.300       299390.891     299415.862
           0.100       0.100       299504.820     299481.712
           0.050       0.000       299598.888     299481.712
           0.020       0.000       299704.738     299481.712
           0.010       0.000       299775.321     299481.712

Chi-Square Test of Model Fit

        Degrees of freedom                      20

        Mean                                94.667
        Std Dev                              5.160
        Number of successful computations       10

             Proportions                   Percentiles
        Expected    Observed         Expected       Observed
           0.990       1.000            8.260         84.707
           0.980       1.000            9.237         84.707
           0.950       1.000           10.851         84.707
           0.900       1.000           12.443         84.707
           0.800       1.000           14.578         84.707
           0.700       1.000           16.266         92.977
           0.500       1.000           19.337         94.013
           0.300       1.000           22.775         94.916
           0.200       1.000           25.038         95.010
           0.100       1.000           28.412         97.860
           0.050       1.000           31.410         97.860
           0.020       1.000           35.020         97.860
           0.010       1.000           37.566         97.860

RMSEA (Root Mean Square Error Of Approximation)

        Mean                                 0.020
        Std Dev                              0.001
        Number of successful computations       10

        Cumulative Distribution Function
           Value    Function Value
           0.990       1.000
           0.980       1.000
           0.950       1.000
           0.900       1.000
           0.800       1.000
           0.700       1.000
           0.500       1.000
           0.300       1.000
           0.200       1.000
           0.100       1.000
           0.050       1.000
           0.020       0.600
           0.010       0.000

CFI/TLI

    CFI

        Mean                                 0.963
        Std Dev                              0.003
        Number of successful computations       10

        Cumulative Distribution Function
           Value    Function Value
           0.990       1.000
           0.980       1.000
           0.950       0.000
           0.900       0.000
           0.800       0.000
           0.700       0.000
           0.500       0.000
           0.300       0.000
           0.200       0.000
           0.100       0.000
           0.050       0.000
           0.020       0.000
           0.010       0.000

    TLI

        Mean                                 0.890
        Std Dev                              0.008
        Number of successful computations       10

        Cumulative Distribution Function
           Value    Function Value
           0.990       1.000
           0.980       1.000
           0.950       1.000
           0.900       0.900
           0.800       0.000
           0.700       0.000
           0.500       0.000
           0.300       0.000
           0.200       0.000
           0.100       0.000
           0.050       0.000
           0.020       0.000
           0.010       0.000

SRMR (Standardized Root Mean Square Residual) for the WITHIN level

        Mean                                 0.017
        Std Dev                              0.001
        Number of successful computations       10

        Cumulative Distribution Function
           Value    Function Value
           0.990       1.000
           0.980       1.000
           0.950       1.000
           0.900       1.000
           0.800       1.000
           0.700       1.000
           0.500       1.000
           0.300       1.000
           0.200       1.000
           0.100       1.000
           0.050       1.000
           0.020       1.000
           0.010       0.000

SRMR (Standardized Root Mean Square Residual) for the BETWEEN level

        Mean                                 0.035
        Std Dev                              0.008
        Number of successful computations       10

        Cumulative Distribution Function
           Value    Function Value
           0.990       1.000
           0.980       1.000
           0.950       1.000
           0.900       1.000
           0.800       1.000
           0.700       1.000
           0.500       1.000
           0.300       1.000
           0.200       1.000
           0.100       1.000
           0.050       1.000
           0.020       0.000
           0.010       0.000



MODEL RESULTS

                                                    Two-Tailed   Rate of
                    Estimate       S.E.  Est./S.E.    P-Value    Missing

Within Level

 FCFMLRTY   ON
    FLSCHOOL           1.902      0.072     26.505      0.000      0.100
    FLFAMILY           0.386      0.086      4.473      0.000      0.121
    NOBULLY            0.267      0.089      3.007      0.003      0.260
    ESCS               0.528      0.071      7.491      0.000      0.042
    IMMI2GEN           0.576      0.306      1.885      0.059      0.123
    MALE              -0.077      0.134     -0.571      0.568      0.041

 FLCONFIN   ON
    FLSCHOOL           0.136      0.016      8.418      0.000      0.225
    FLFAMILY           0.099      0.018      5.560      0.000      0.128
    NOBULLY            0.014      0.018      0.749      0.454      0.236
    ESCS               0.013      0.018      0.698      0.485      0.190
    IMMI2GEN           0.133      0.069      1.920      0.055      0.102
    MALE               0.234      0.036      6.443      0.000      0.246

 FLIT       ON
    FCFMLRTY           3.116      0.326      9.567      0.000      0.224
    FLCONFIN           3.284      1.496      2.196      0.028      0.344
    FLSCHOOL          -5.936      1.656     -3.584      0.000      0.349
    FLFAMILY          -0.637      1.316     -0.484      0.628      0.108
    NOBULLY            6.177      1.709      3.614      0.000      0.430
    ESCS              18.913      1.705     11.092      0.000      0.290
    IMMI1GEN          -0.606      5.787     -0.105      0.917      0.230

 FLSCHOOL WITH
    FLFAMILY           0.168      0.017      9.831      0.000      0.091
    NOBULLY           -0.022      0.018     -1.271      0.204      0.222
    ESCS               0.013      0.017      0.765      0.444      0.092

 FLFAMILY WITH
    NOBULLY           -0.005      0.018     -0.261      0.794      0.216
    ESCS               0.041      0.016      2.589      0.010      0.173

 FCFMLRTY WITH
    FLCONFIN           0.583      0.077      7.564      0.000      0.225

 ESCS     WITH
    IMMI1GEN          -0.042      0.005     -8.634      0.000      0.013
    IMMI2GEN          -0.033      0.005     -6.939      0.000      0.006

 Means
    IMMI1GEN           0.065      0.006     11.720      0.000      0.008
    IMMI2GEN           0.051      0.005     11.103      0.000      0.006
    ESCS              -0.042      0.036     -1.160      0.246      0.002

 Intercepts
    FCFMLRTY           7.599      0.100     75.957      0.000      0.027
    FLCONFIN          -0.370      0.029    -12.935      0.000      0.223

 Variances
    FLSCHOOL           1.003      0.021     48.664      0.000      0.111
    NOBULLY            0.907      0.028     31.942      0.000      0.160
    FLFAMILY           0.991      0.023     43.900      0.000      0.077
    IMMI1GEN           0.061      0.005     12.694      0.000      0.000
    IMMI2GEN           0.048      0.004     11.848      0.000      0.002
    ESCS               1.049      0.027     38.656      0.000      0.010

 Residual Variances
    FLIT            6174.648    175.427     35.198      0.000      0.306
    FCFMLRTY          21.854      0.470     46.526      0.000      0.138
    FLCONFIN           0.992      0.026     38.683      0.000      0.213

Between Level

 FLIT       ON
    FLSCHOOL          43.740     91.970      0.476      0.634      0.157
    FLFAMILY         -98.094    153.773     -0.638      0.524      0.190
    NOBULLY           43.304     50.672      0.855      0.393      0.274
    EDUSHORT          -1.262      4.654     -0.271      0.786      0.197
    STRATIO            0.498      0.448      1.112      0.266      0.152

 FLSCHOOL WITH
    FLFAMILY           0.009      0.004      2.110      0.035      0.119
    NOBULLY           -0.001      0.004     -0.359      0.720      0.168
    EDUSHORT           0.010      0.022      0.458      0.647      0.029
    STRATIO           -0.085      0.104     -0.816      0.414      0.410

 FLFAMILY WITH
    NOBULLY           -0.001      0.004     -0.199      0.843      0.300
    EDUSHORT           0.036      0.022      1.617      0.106      0.252

 NOBULLY  WITH
    EDUSHORT          -0.010      0.019     -0.534      0.594      0.216

 STRATIO  WITH
    EDUSHORT          -0.576      0.387     -1.491      0.136      0.173

 Means
    EDUSHORT           0.146      0.080      1.817      0.069      0.068
    STRATIO           12.416      0.346     35.868      0.000      0.185
    FLSCHOOL          -0.149      0.018     -8.406      0.000      0.050
    NOBULLY            0.133      0.018      7.392      0.000      0.225
    FLFAMILY          -0.024      0.016     -1.473      0.141      0.116

 Intercepts
    FLIT             462.119     11.607     39.815      0.000      0.161

 Variances
    EDUSHORT           1.268      0.118     10.721      0.000      0.035
    STRATIO           28.695      4.325      6.634      0.000      0.214
    FLSCHOOL           0.020      0.005      3.743      0.000      0.083
    NOBULLY            0.017      0.006      2.768      0.006      0.294
    FLFAMILY           0.012      0.006      1.914      0.056      0.205

 Residual Variances
    FLIT             456.345    176.468      2.586      0.010      0.314

New/Additional Parameters
    CTX_A             49.676     92.092      0.539      0.590      0.000
    CTX_C            -97.457    154.092     -0.632      0.527      0.000
    CTX_S             37.127     51.284      0.724      0.469      0.000
    CTX_A_ST           0.085      0.153      0.555      0.579      0.000
    CTX_C_ST          -0.123      0.172     -0.717      0.474      0.000
    CTX_S_ST           0.060      0.083      0.725      0.469      0.000
    ES1_A              0.177      0.322      0.550      0.583      0.000
    ES1_C             -0.260      0.373     -0.696      0.486      0.000
    ES1_S              0.125      0.172      0.724      0.469      0.000
    ES2_A              0.177      0.321      0.550      0.583      0.000
    ES2_C             -0.260      0.373     -0.696      0.486      0.000
    ES2_S              0.124      0.172      0.724      0.469      0.000
    ES3_A              0.175      0.312      0.562      0.574      0.000
    ES3_C             -0.255      0.351     -0.727      0.467      0.000
    ES3_S              0.124      0.170      0.728      0.466      0.000


STANDARDIZED MODEL RESULTS


STDYX Standardization

                                                    Two-Tailed   Rate of
                    Estimate       S.E.  Est./S.E.    P-Value    Missing

Within Level

 FCFMLRTY   ON
    FLSCHOOL           0.372      0.014     27.377      0.000      0.101
    FLFAMILY           0.075      0.017      4.492      0.000      0.120
    NOBULLY            0.050      0.017      2.998      0.003      0.250
    ESCS               0.106      0.014      7.550      0.000      0.041
    IMMI2GEN           0.025      0.013      1.856      0.063      0.119
    MALE              -0.007      0.013     -0.571      0.568      0.040

 FLCONFIN   ON
    FLSCHOOL           0.134      0.016      8.295      0.000      0.246
    FLFAMILY           0.097      0.017      5.525      0.000      0.133
    NOBULLY            0.013      0.017      0.748      0.454      0.236
    ESCS               0.013      0.018      0.698      0.485      0.191
    IMMI2GEN           0.029      0.015      1.918      0.055      0.100
    MALE               0.115      0.018      6.445      0.000      0.239

 FLIT       ON
    FCFMLRTY           0.192      0.020      9.680      0.000      0.256
    FLCONFIN           0.040      0.018      2.209      0.027      0.332
    FLSCHOOL          -0.072      0.020     -3.608      0.000      0.353
    FLFAMILY          -0.008      0.016     -0.483      0.629      0.108
    NOBULLY            0.071      0.020      3.568      0.000      0.445
    ESCS               0.233      0.020     11.666      0.000      0.258
    IMMI1GEN          -0.002      0.017     -0.106      0.916      0.229

 FLSCHOOL WITH
    FLFAMILY           0.169      0.017     10.092      0.000      0.097
    NOBULLY           -0.024      0.018     -1.273      0.203      0.227
    ESCS               0.012      0.016      0.764      0.445      0.092

 FLFAMILY WITH
    NOBULLY           -0.005      0.018     -0.261      0.794      0.217
    ESCS               0.040      0.016      2.554      0.011      0.173

 FCFMLRTY WITH
    FLCONFIN           0.125      0.016      7.685      0.000      0.217

 ESCS     WITH
    IMMI1GEN          -0.165      0.016    -10.527      0.000      0.019
    IMMI2GEN          -0.146      0.017     -8.483      0.000      0.010

 Means
    IMMI1GEN           0.264      0.012     21.487      0.000      0.030
    IMMI2GEN           0.232      0.011     20.584      0.000      0.021
    ESCS              -0.041      0.035     -1.167      0.243      0.002

 Intercepts
    FCFMLRTY           1.483      0.023     63.512      0.000      0.023
    FLCONFIN          -0.363      0.028    -13.103      0.000      0.224

 Variances
    FLSCHOOL           1.000      0.000  *********      0.000      0.000
    NOBULLY            1.000      0.000  *********      0.000      0.000
    FLFAMILY           1.000      0.000  *********      0.000      0.000
    IMMI1GEN           1.000      0.000  *********      0.000      0.000
    IMMI2GEN           1.000      0.000  *********      0.000      0.000
    ESCS               1.000      0.000  *********      0.000      0.000

 Residual Variances
    FLIT               0.894      0.011     81.838      0.000      0.290
    FCFMLRTY           0.832      0.011     73.831      0.000      0.107
    FLCONFIN           0.954      0.008    118.929      0.000      0.281

Between Level

 FLIT       ON
    FLSCHOOL           0.254      0.522      0.486      0.627      0.157
    FLFAMILY          -0.422      0.598     -0.705      0.481      0.216
    NOBULLY            0.238      0.275      0.863      0.388      0.318
    EDUSHORT          -0.060      0.214     -0.278      0.781      0.198
    STRATIO            0.110      0.097      1.129      0.259      0.148

 FLSCHOOL WITH
    FLFAMILY           0.597      0.252      2.368      0.018      0.118
    NOBULLY           -0.078      0.215     -0.362      0.717      0.169
    EDUSHORT           0.062      0.135      0.460      0.646      0.027
    STRATIO           -0.114      0.138     -0.830      0.407      0.441

 FLFAMILY WITH
    NOBULLY           -0.071      0.305     -0.232      0.817      0.292
    EDUSHORT           0.300      0.184      1.635      0.102      0.267

 NOBULLY  WITH
    EDUSHORT          -0.073      0.132     -0.555      0.579      0.252

 STRATIO  WITH
    EDUSHORT          -0.096      0.064     -1.489      0.137      0.186

 Means
    EDUSHORT           0.130      0.069      1.873      0.061      0.074
    STRATIO            2.321      0.170     13.645      0.000      0.203
    FLSCHOOL          -1.062      0.192     -5.516      0.000      0.023
    NOBULLY            1.029      0.278      3.704      0.000      0.312
    FLFAMILY          -0.223      0.157     -1.423      0.155      0.106

 Intercepts
    FLIT              19.092      1.749     10.913      0.000      0.277

 Variances
    EDUSHORT           1.000      0.000  *********      0.000      0.000
    STRATIO            1.000      0.000  *********      0.000      0.000
    FLSCHOOL           1.000      0.000  *********      0.000      0.000
    NOBULLY            1.000      0.000  *********      0.000      0.000
    FLFAMILY           1.000      0.000  *********      0.000      0.000

 Residual Variances
    FLIT               0.774      0.273      2.833      0.005      0.274


R-SQUARE

Within Level

    Observed                                        Two-Tailed   Rate of
    Variable        Estimate       S.E.  Est./S.E.    P-Value    Missing

    FLIT               0.106      0.011      9.670      0.000      0.290
    FCFMLRTY           0.168      0.011     14.857      0.000      0.107
    FLCONFIN           0.046      0.008      5.740      0.000      0.281

Between Level

    Observed                                        Two-Tailed   Rate of
    Variable        Estimate       S.E.  Est./S.E.    P-Value    Missing

    FLIT               0.226      0.273      0.828      0.408      0.274


QUALITY OF NUMERICAL RESULTS

     Average Condition Number for the Information Matrix      0.530E-09
       (ratio of smallest to largest eigenvalue)


TOTAL, TOTAL INDIRECT, SPECIFIC INDIRECT, AND DIRECT EFFECTS


                                                    Two-Tailed   Rate of
                    Estimate       S.E.  Est./S.E.    P-Value    Missing

WITHIN

Effects from FLSCHOOL to FLIT

  Total                0.440      1.543      0.285      0.775      0.285
  Total indirect       6.376      0.708      9.011      0.000      0.273

  Specific indirect 1
    FLIT
    FCFMLRTY
    FLSCHOOL           5.928      0.669      8.862      0.000      0.252

  Specific indirect 2
    FLIT
    FLCONFIN
    FLSCHOOL           0.448      0.212      2.114      0.035      0.354

  Direct
    FLIT
    FLSCHOOL          -5.936      1.656     -3.584      0.000      0.349


Effects from FLFAMILY to FLIT

  Total                0.892      1.356      0.658      0.511      0.076
  Total indirect       1.529      0.348      4.391      0.000      0.149

  Specific indirect 1
    FLIT
    FCFMLRTY
    FLFAMILY           1.202      0.306      3.923      0.000      0.108

  Specific indirect 2
    FLIT
    FLCONFIN
    FLFAMILY           0.326      0.158      2.065      0.039      0.360

  Direct
    FLIT
    FLFAMILY          -0.637      1.316     -0.484      0.628      0.108


Effects from NOBULLY to FLIT

  Total                7.058      1.734      4.071      0.000      0.418
  Total indirect       0.881      0.308      2.863      0.004      0.247

  Specific indirect 1
    FLIT
    FCFMLRTY
    NOBULLY            0.833      0.294      2.834      0.005      0.255

  Specific indirect 2
    FLIT
    FLCONFIN
    NOBULLY            0.048      0.069      0.697      0.486      0.267

  Direct
    FLIT
    NOBULLY            6.177      1.709      3.614      0.000      0.430


Effects from ESCS to FLIT

  Total               20.602      1.659     12.421      0.000      0.286
  Total indirect       1.689      0.290      5.820      0.000      0.142

  Specific indirect 1
    FLIT
    FCFMLRTY
    ESCS               1.646      0.280      5.886      0.000      0.102

  Specific indirect 2
    FLIT
    FLCONFIN
    ESCS               0.043      0.067      0.654      0.513      0.223

  Direct
    FLIT
    ESCS              18.913      1.705     11.092      0.000      0.290


Effects from IMMI2GEN to FLIT

  Total                2.225      1.042      2.136      0.033      0.152
  Total indirect       2.225      1.042      2.136      0.033      0.152

  Specific indirect 1
    FLIT
    FCFMLRTY
    IMMI2GEN           1.800      0.960      1.875      0.061      0.145

  Specific indirect 2
    FLIT
    FLCONFIN
    IMMI2GEN           0.425      0.288      1.476      0.140      0.086


Effects from MALE to FLIT

  Total                0.530      0.551      0.962      0.336      0.120
  Total indirect       0.530      0.551      0.962      0.336      0.120

  Specific indirect 1
    FLIT
    FCFMLRTY
    MALE              -0.238      0.419     -0.569      0.570      0.041

  Specific indirect 2
    FLIT
    FLCONFIN
    MALE               0.768      0.360      2.134      0.033      0.335


BETWEEN

Effects from FLSCHOOL to FLIT

  Total               43.740     91.970      0.476      0.634      0.157
  Total indirect       0.000      0.000     -0.302      0.763      0.167

  Direct
    FLIT
    FLSCHOOL          43.740     91.970      0.476      0.634      0.157


Effects from FLFAMILY to FLIT

  Total              -98.094    153.773     -0.638      0.524      0.190
  Total indirect       0.000      0.000      0.302      0.763      0.167

  Direct
    FLIT
    FLFAMILY         -98.094    153.773     -0.638      0.524      0.190


Effects from NOBULLY to FLIT

  Total               43.304     50.672      0.855      0.393      0.274
  Total indirect       0.000      0.000    999.000      0.000      0.167

  Direct
    FLIT
    NOBULLY           43.304     50.672      0.855      0.393      0.274


Effects from ESCS to FLIT

  Total                0.000      0.000    999.000      0.000      0.167
  Total indirect       0.000      0.000    999.000      0.000      0.167


Effects from IMMI2GEN to FLIT

  Total                0.000      0.000    999.000      0.000      0.167
  Total indirect       0.000      0.000    999.000      0.000      0.167


Effects from MALE to FLIT

  Total                0.000      0.000    999.000      0.000      0.167
  Total indirect       0.000      0.000    999.000      0.000      0.167



STANDARDIZED TOTAL, TOTAL INDIRECT, SPECIFIC INDIRECT, AND DIRECT EFFECTS


STDYX Standardization

                                                    Two-Tailed   Rate of
                    Estimate       S.E.  Est./S.E.    P-Value    Missing

WITHIN

Effects from FLSCHOOL to FLIT

  Total                0.005      0.019      0.286      0.775      0.284
  Total indirect       0.077      0.009      8.995      0.000      0.299

  Specific indirect 1
    FLIT
    FCFMLRTY
    FLSCHOOL           0.071      0.008      8.811      0.000      0.285

  Specific indirect 2
    FLIT
    FLCONFIN
    FLSCHOOL           0.005      0.003      2.119      0.034      0.349

  Direct
    FLIT
    FLSCHOOL          -0.072      0.020     -3.608      0.000      0.353


Effects from FLFAMILY to FLIT

  Total                0.011      0.016      0.658      0.510      0.077
  Total indirect       0.018      0.004      4.477      0.000      0.149

  Specific indirect 1
    FLIT
    FCFMLRTY
    FLFAMILY           0.014      0.004      3.973      0.000      0.114

  Specific indirect 2
    FLIT
    FLCONFIN
    FLFAMILY           0.004      0.002      2.077      0.038      0.356

  Direct
    FLIT
    FLFAMILY          -0.008      0.016     -0.483      0.629      0.108


Effects from NOBULLY to FLIT

  Total                0.081      0.020      4.020      0.000      0.432
  Total indirect       0.010      0.004      2.883      0.004      0.234

  Specific indirect 1
    FLIT
    FCFMLRTY
    NOBULLY            0.010      0.003      2.854      0.004      0.242

  Specific indirect 2
    FLIT
    FLCONFIN
    NOBULLY            0.001      0.001      0.698      0.485      0.267

  Direct
    FLIT
    NOBULLY            0.071      0.020      3.568      0.000      0.445


Effects from ESCS to FLIT

  Total                0.254      0.019     13.171      0.000      0.254
  Total indirect       0.021      0.004      5.824      0.000      0.153

  Specific indirect 1
    FLIT
    FCFMLRTY
    ESCS               0.020      0.003      5.902      0.000      0.115

  Specific indirect 2
    FLIT
    FLCONFIN
    ESCS               0.001      0.001      0.653      0.513      0.222

  Direct
    FLIT
    ESCS               0.233      0.020     11.666      0.000      0.258


Effects from IMMI2GEN to FLIT

  Total                0.006      0.003      2.106      0.035      0.146
  Total indirect       0.006      0.003      2.106      0.035      0.146

  Specific indirect 1
    FLIT
    FCFMLRTY
    IMMI2GEN           0.005      0.003      1.848      0.065      0.141

  Specific indirect 2
    FLIT
    FLCONFIN
    IMMI2GEN           0.001      0.001      1.479      0.139      0.084


Effects from MALE to FLIT

  Total                0.003      0.003      0.962      0.336      0.117
  Total indirect       0.003      0.003      0.962      0.336      0.117

  Specific indirect 1
    FLIT
    FCFMLRTY
    MALE              -0.001      0.003     -0.568      0.570      0.041

  Specific indirect 2
    FLIT
    FLCONFIN
    MALE               0.005      0.002      2.141      0.032      0.327


BETWEEN

Effects from FLSCHOOL to FLIT

  Total                0.254      0.522      0.486      0.627      0.157
  Total indirect       0.000      0.000      0.000      1.000      0.167

  Direct
    FLIT
    FLSCHOOL           0.254      0.522      0.486      0.627      0.157


Effects from FLFAMILY to FLIT

  Total               -0.422      0.598     -0.705      0.481      0.216
  Total indirect       0.000      0.000      0.000      1.000      0.167

  Direct
    FLIT
    FLFAMILY          -0.422      0.598     -0.705      0.481      0.216


Effects from NOBULLY to FLIT

  Total                0.238      0.275      0.863      0.388      0.318
  Total indirect       0.000      0.000      0.000      1.000      0.167

  Direct
    FLIT
    NOBULLY            0.238      0.275      0.863      0.388      0.318


Effects from ESCS to FLIT

  Total                0.000      0.000      0.000      1.000      0.167
  Total indirect       0.000      0.000      0.000      1.000      0.167


Effects from IMMI2GEN to FLIT

  Total                0.000      0.000      0.000      1.000      0.167
  Total indirect       0.000      0.000      0.000      1.000      0.167


Effects from MALE to FLIT

  Total                0.000      0.000      0.000      1.000      0.167
  Total indirect       0.000      0.000      0.000      1.000      0.167




TECHNICAL 1 OUTPUT


     PARAMETER SPECIFICATION FOR WITHIN


           NU
              FLIT          FCFMLRTY      FLCONFIN      FLSCHOOL      NOBULLY
              ________      ________      ________      ________      ________
                    0             0             0             0             0


           NU
              FLFAMILY      IMMI1GEN      IMMI2GEN      ESCS          MALE
              ________      ________      ________      ________      ________
                    0             0             0             0             0


           LAMBDA
              FLIT          FCFMLRTY      FLCONFIN      FLSCHOOL      NOBULLY
              ________      ________      ________      ________      ________
 FLIT               0             0             0             0             0
 FCFMLRTY           0             0             0             0             0
 FLCONFIN           0             0             0             0             0
 FLSCHOOL           0             0             0             0             0
 NOBULLY            0             0             0             0             0
 FLFAMILY           0             0             0             0             0
 IMMI1GEN           0             0             0             0             0
 IMMI2GEN           0             0             0             0             0
 ESCS               0             0             0             0             0
 MALE               0             0             0             0             0


           LAMBDA
              FLFAMILY      IMMI1GEN      IMMI2GEN      ESCS          MALE
              ________      ________      ________      ________      ________
 FLIT               0             0             0             0             0
 FCFMLRTY           0             0             0             0             0
 FLCONFIN           0             0             0             0             0
 FLSCHOOL           0             0             0             0             0
 NOBULLY            0             0             0             0             0
 FLFAMILY           0             0             0             0             0
 IMMI1GEN           0             0             0             0             0
 IMMI2GEN           0             0             0             0             0
 ESCS               0             0             0             0             0
 MALE               0             0             0             0             0


           THETA
              FLIT          FCFMLRTY      FLCONFIN      FLSCHOOL      NOBULLY
              ________      ________      ________      ________      ________
 FLIT               0
 FCFMLRTY           0             0
 FLCONFIN           0             0             0
 FLSCHOOL           0             0             0             0
 NOBULLY            0             0             0             0             0
 FLFAMILY           0             0             0             0             0
 IMMI1GEN           0             0             0             0             0
 IMMI2GEN           0             0             0             0             0
 ESCS               0             0             0             0             0
 MALE               0             0             0             0             0


           THETA
              FLFAMILY      IMMI1GEN      IMMI2GEN      ESCS          MALE
              ________      ________      ________      ________      ________
 FLFAMILY           0
 IMMI1GEN           0             0
 IMMI2GEN           0             0             0
 ESCS               0             0             0             0
 MALE               0             0             0             0             0


           ALPHA
              FLIT          FCFMLRTY      FLCONFIN      FLSCHOOL      NOBULLY
              ________      ________      ________      ________      ________
                    0             1             2             0             0


           ALPHA
              FLFAMILY      IMMI1GEN      IMMI2GEN      ESCS          MALE
              ________      ________      ________      ________      ________
                    0             3             4             5             0


           BETA
              FLIT          FCFMLRTY      FLCONFIN      FLSCHOOL      NOBULLY
              ________      ________      ________      ________      ________
 FLIT               0             6             7             8             9
 FCFMLRTY           0             0             0            13            14
 FLCONFIN           0             0             0            19            20
 FLSCHOOL           0             0             0             0             0
 NOBULLY            0             0             0             0             0
 FLFAMILY           0             0             0             0             0
 IMMI1GEN           0             0             0             0             0
 IMMI2GEN           0             0             0             0             0
 ESCS               0             0             0             0             0
 MALE               0             0             0             0             0


           BETA
              FLFAMILY      IMMI1GEN      IMMI2GEN      ESCS          MALE
              ________      ________      ________      ________      ________
 FLIT              10            11             0            12             0
 FCFMLRTY          15             0            16            17            18
 FLCONFIN          21             0            22            23            24
 FLSCHOOL           0             0             0             0             0
 NOBULLY            0             0             0             0             0
 FLFAMILY           0             0             0             0             0
 IMMI1GEN           0             0             0             0             0
 IMMI2GEN           0             0             0             0             0
 ESCS               0             0             0             0             0
 MALE               0             0             0             0             0


           PSI
              FLIT          FCFMLRTY      FLCONFIN      FLSCHOOL      NOBULLY
              ________      ________      ________      ________      ________
 FLIT              25
 FCFMLRTY           0            26
 FLCONFIN           0            27            28
 FLSCHOOL           0             0             0            29
 NOBULLY            0             0             0            30            31
 FLFAMILY           0             0             0            32            33
 IMMI1GEN           0             0             0             0             0
 IMMI2GEN           0             0             0             0             0
 ESCS               0             0             0            37             0
 MALE               0             0             0             0             0


           PSI
              FLFAMILY      IMMI1GEN      IMMI2GEN      ESCS          MALE
              ________      ________      ________      ________      ________
 FLFAMILY          34
 IMMI1GEN           0            35
 IMMI2GEN           0             0            36
 ESCS              38            39            40            41
 MALE               0             0             0             0             0


     PARAMETER SPECIFICATION FOR BETWEEN


           NU
              EDUSHORT      STRATIO       FLIT          FLSCHOOL      NOBULLY
              ________      ________      ________      ________      ________
                    0             0             0             0             0


           NU
              FLFAMILY
              ________
                    0


           LAMBDA
              EDUSHORT      STRATIO       FLIT          FLSCHOOL      NOBULLY
              ________      ________      ________      ________      ________
 EDUSHORT           0             0             0             0             0
 STRATIO            0             0             0             0             0
 FLIT               0             0             0             0             0
 FLSCHOOL           0             0             0             0             0
 NOBULLY            0             0             0             0             0
 FLFAMILY           0             0             0             0             0


           LAMBDA
              FLFAMILY
              ________
 EDUSHORT           0
 STRATIO            0
 FLIT               0
 FLSCHOOL           0
 NOBULLY            0
 FLFAMILY           0


           THETA
              EDUSHORT      STRATIO       FLIT          FLSCHOOL      NOBULLY
              ________      ________      ________      ________      ________
 EDUSHORT           0
 STRATIO            0             0
 FLIT               0             0             0
 FLSCHOOL           0             0             0             0
 NOBULLY            0             0             0             0             0
 FLFAMILY           0             0             0             0             0


           THETA
              FLFAMILY
              ________
 FLFAMILY           0


           ALPHA
              EDUSHORT      STRATIO       FLIT          FLSCHOOL      NOBULLY
              ________      ________      ________      ________      ________
                   42            43            44            45            46


           ALPHA
              FLFAMILY
              ________
                   47


           BETA
              EDUSHORT      STRATIO       FLIT          FLSCHOOL      NOBULLY
              ________      ________      ________      ________      ________
 EDUSHORT           0             0             0             0             0
 STRATIO            0             0             0             0             0
 FLIT              48            49             0            50            51
 FLSCHOOL           0             0             0             0             0
 NOBULLY            0             0             0             0             0
 FLFAMILY           0             0             0             0             0


           BETA
              FLFAMILY
              ________
 EDUSHORT           0
 STRATIO            0
 FLIT              52
 FLSCHOOL           0
 NOBULLY            0
 FLFAMILY           0


           PSI
              EDUSHORT      STRATIO       FLIT          FLSCHOOL      NOBULLY
              ________      ________      ________      ________      ________
 EDUSHORT          53
 STRATIO           54            55
 FLIT               0             0            56
 FLSCHOOL          57            58             0            59
 NOBULLY           60             0             0            61            62
 FLFAMILY          63             0             0            64            65


           PSI
              FLFAMILY
              ________
 FLFAMILY          66


     PARAMETER SPECIFICATION FOR THE ADDITIONAL PARAMETERS


           NEW/ADDITIONAL PARAMETERS
              CTX_A         CTX_C         CTX_S         CTX_A_ST      CTX_C_ST
              ________      ________      ________      ________      ________
                   67            68            69            70            71


           NEW/ADDITIONAL PARAMETERS
              CTX_S_ST      ES1_A         ES1_C         ES1_S         ES2_A
              ________      ________      ________      ________      ________
                   72            73            74            75            76


           NEW/ADDITIONAL PARAMETERS
              ES2_C         ES2_S         ES3_A         ES3_C         ES3_S
              ________      ________      ________      ________      ________
                   77            78            79            80            81


     STARTING VALUES FOR WITHIN


           NU
              FLIT          FCFMLRTY      FLCONFIN      FLSCHOOL      NOBULLY
              ________      ________      ________      ________      ________
                0.000         0.000         0.000         0.000         0.000


           NU
              FLFAMILY      IMMI1GEN      IMMI2GEN      ESCS          MALE
              ________      ________      ________      ________      ________
                0.000         0.000         0.000         0.000         0.000


           LAMBDA
              FLIT          FCFMLRTY      FLCONFIN      FLSCHOOL      NOBULLY
              ________      ________      ________      ________      ________
 FLIT           1.000         0.000         0.000         0.000         0.000
 FCFMLRTY       0.000         1.000         0.000         0.000         0.000
 FLCONFIN       0.000         0.000         1.000         0.000         0.000
 FLSCHOOL       0.000         0.000         0.000         1.000         0.000
 NOBULLY        0.000         0.000         0.000         0.000         1.000
 FLFAMILY       0.000         0.000         0.000         0.000         0.000
 IMMI1GEN       0.000         0.000         0.000         0.000         0.000
 IMMI2GEN       0.000         0.000         0.000         0.000         0.000
 ESCS           0.000         0.000         0.000         0.000         0.000
 MALE           0.000         0.000         0.000         0.000         0.000


           LAMBDA
              FLFAMILY      IMMI1GEN      IMMI2GEN      ESCS          MALE
              ________      ________      ________      ________      ________
 FLIT           0.000         0.000         0.000         0.000         0.000
 FCFMLRTY       0.000         0.000         0.000         0.000         0.000
 FLCONFIN       0.000         0.000         0.000         0.000         0.000
 FLSCHOOL       0.000         0.000         0.000         0.000         0.000
 NOBULLY        0.000         0.000         0.000         0.000         0.000
 FLFAMILY       1.000         0.000         0.000         0.000         0.000
 IMMI1GEN       0.000         1.000         0.000         0.000         0.000
 IMMI2GEN       0.000         0.000         1.000         0.000         0.000
 ESCS           0.000         0.000         0.000         1.000         0.000
 MALE           0.000         0.000         0.000         0.000         1.000


           THETA
              FLIT          FCFMLRTY      FLCONFIN      FLSCHOOL      NOBULLY
              ________      ________      ________      ________      ________
 FLIT           0.000
 FCFMLRTY       0.000         0.000
 FLCONFIN       0.000         0.000         0.000
 FLSCHOOL       0.000         0.000         0.000         0.000
 NOBULLY        0.000         0.000         0.000         0.000         0.000
 FLFAMILY       0.000         0.000         0.000         0.000         0.000
 IMMI1GEN       0.000         0.000         0.000         0.000         0.000
 IMMI2GEN       0.000         0.000         0.000         0.000         0.000
 ESCS           0.000         0.000         0.000         0.000         0.000
 MALE           0.000         0.000         0.000         0.000         0.000


           THETA
              FLFAMILY      IMMI1GEN      IMMI2GEN      ESCS          MALE
              ________      ________      ________      ________      ________
 FLFAMILY       0.000
 IMMI1GEN       0.000         0.000
 IMMI2GEN       0.000         0.000         0.000
 ESCS           0.000         0.000         0.000         0.000
 MALE           0.000         0.000         0.000         0.000         0.000


           ALPHA
              FLIT          FCFMLRTY      FLCONFIN      FLSCHOOL      NOBULLY
              ________      ________      ________      ________      ________
                0.000         7.584        -0.272         0.000         0.000


           ALPHA
              FLFAMILY      IMMI1GEN      IMMI2GEN      ESCS          MALE
              ________      ________      ________      ________      ________
                0.000         0.072         0.050         0.066         0.000


           BETA
              FLIT          FCFMLRTY      FLCONFIN      FLSCHOOL      NOBULLY
              ________      ________      ________      ________      ________
 FLIT           0.000         0.000         0.000         0.000         0.000
 FCFMLRTY       0.000         0.000         0.000         0.000         0.000
 FLCONFIN       0.000         0.000         0.000         0.000         0.000
 FLSCHOOL       0.000         0.000         0.000         0.000         0.000
 NOBULLY        0.000         0.000         0.000         0.000         0.000
 FLFAMILY       0.000         0.000         0.000         0.000         0.000
 IMMI1GEN       0.000         0.000         0.000         0.000         0.000
 IMMI2GEN       0.000         0.000         0.000         0.000         0.000
 ESCS           0.000         0.000         0.000         0.000         0.000
 MALE           0.000         0.000         0.000         0.000         0.000


           BETA
              FLFAMILY      IMMI1GEN      IMMI2GEN      ESCS          MALE
              ________      ________      ________      ________      ________
 FLIT           0.000         0.000         0.000         0.000         0.000
 FCFMLRTY       0.000         0.000         0.000         0.000         0.000
 FLCONFIN       0.000         0.000         0.000         0.000         0.000
 FLSCHOOL       0.000         0.000         0.000         0.000         0.000
 NOBULLY        0.000         0.000         0.000         0.000         0.000
 FLFAMILY       0.000         0.000         0.000         0.000         0.000
 IMMI1GEN       0.000         0.000         0.000         0.000         0.000
 IMMI2GEN       0.000         0.000         0.000         0.000         0.000
 ESCS           0.000         0.000         0.000         0.000         0.000
 MALE           0.000         0.000         0.000         0.000         0.000


           PSI
              FLIT          FCFMLRTY      FLCONFIN      FLSCHOOL      NOBULLY
              ________      ________      ________      ________      ________
 FLIT        3670.205
 FCFMLRTY       0.000        13.532
 FLCONFIN       0.000         0.000         0.523
 FLSCHOOL       0.000         0.000         0.000         0.520
 NOBULLY        0.000         0.000         0.000         0.000         0.449
 FLFAMILY       0.000         0.000         0.000         0.000         0.000
 IMMI1GEN       0.000         0.000         0.000         0.000         0.000
 IMMI2GEN       0.000         0.000         0.000         0.000         0.000
 ESCS           0.000         0.000         0.000         0.000         0.000
 MALE           0.000         0.000         0.000         0.000         0.000


           PSI
              FLFAMILY      IMMI1GEN      IMMI2GEN      ESCS          MALE
              ________      ________      ________      ________      ________
 FLFAMILY       0.509
 IMMI1GEN       0.000         0.033
 IMMI2GEN       0.000         0.000         0.024
 ESCS           0.000         0.000         0.000         0.521
 MALE           0.000         0.000         0.000         0.000         0.125


     STARTING VALUES FOR BETWEEN


           NU
              EDUSHORT      STRATIO       FLIT          FLSCHOOL      NOBULLY
              ________      ________      ________      ________      ________
                0.000         0.000         0.000         0.000         0.000


           NU
              FLFAMILY
              ________
                0.000


           LAMBDA
              EDUSHORT      STRATIO       FLIT          FLSCHOOL      NOBULLY
              ________      ________      ________      ________      ________
 EDUSHORT       1.000         0.000         0.000         0.000         0.000
 STRATIO        0.000         1.000         0.000         0.000         0.000
 FLIT           0.000         0.000         1.000         0.000         0.000
 FLSCHOOL       0.000         0.000         0.000         1.000         0.000
 NOBULLY        0.000         0.000         0.000         0.000         1.000
 FLFAMILY       0.000         0.000         0.000         0.000         0.000


           LAMBDA
              FLFAMILY
              ________
 EDUSHORT       0.000
 STRATIO        0.000
 FLIT           0.000
 FLSCHOOL       0.000
 NOBULLY        0.000
 FLFAMILY       1.000


           THETA
              EDUSHORT      STRATIO       FLIT          FLSCHOOL      NOBULLY
              ________      ________      ________      ________      ________
 EDUSHORT       0.000
 STRATIO        0.000         0.000
 FLIT           0.000         0.000         0.000
 FLSCHOOL       0.000         0.000         0.000         0.000
 NOBULLY        0.000         0.000         0.000         0.000         0.000
 FLFAMILY       0.000         0.000         0.000         0.000         0.000


           THETA
              FLFAMILY
              ________
 FLFAMILY       0.000


           ALPHA
              EDUSHORT      STRATIO       FLIT          FLSCHOOL      NOBULLY
              ________      ________      ________      ________      ________
                0.009        12.598       496.254        -0.153         0.147


           ALPHA
              FLFAMILY
              ________
               -0.034


           BETA
              EDUSHORT      STRATIO       FLIT          FLSCHOOL      NOBULLY
              ________      ________      ________      ________      ________
 EDUSHORT       0.000         0.000         0.000         0.000         0.000
 STRATIO        0.000         0.000         0.000         0.000         0.000
 FLIT           0.000         0.000         0.000         0.000         0.000
 FLSCHOOL       0.000         0.000         0.000         0.000         0.000
 NOBULLY        0.000         0.000         0.000         0.000         0.000
 FLFAMILY       0.000         0.000         0.000         0.000         0.000


           BETA
              FLFAMILY
              ________
 EDUSHORT       0.000
 STRATIO        0.000
 FLIT           0.000
 FLSCHOOL       0.000
 NOBULLY        0.000
 FLFAMILY       0.000


           PSI
              EDUSHORT      STRATIO       FLIT          FLSCHOOL      NOBULLY
              ________      ________      ________      ________      ________
 EDUSHORT       0.553
 STRATIO        0.000        15.113
 FLIT           0.000         0.000      3670.205
 FLSCHOOL       0.000         0.000         0.000         0.520
 NOBULLY        0.000         0.000         0.000         0.000         0.449
 FLFAMILY       0.000         0.000         0.000         0.000         0.000


           PSI
              FLFAMILY
              ________
 FLFAMILY       0.509


     STARTING VALUES FOR THE ADDITIONAL PARAMETERS


           NEW/ADDITIONAL PARAMETERS
              CTX_A         CTX_C         CTX_S         CTX_A_ST      CTX_C_ST
              ________      ________      ________      ________      ________
                0.500         0.500         0.500         0.500         0.500


           NEW/ADDITIONAL PARAMETERS
              CTX_S_ST      ES1_A         ES1_C         ES1_S         ES2_A
              ________      ________      ________      ________      ________
                0.500         0.500         0.500         0.500         0.500


           NEW/ADDITIONAL PARAMETERS
              ES2_C         ES2_S         ES3_A         ES3_C         ES3_S
              ________      ________      ________      ________      ________
                0.500         0.500         0.500         0.500         0.500


     Beginning Time:  15:56:18
        Ending Time:  15:57:06
       Elapsed Time:  00:00:48



MUTHEN & MUTHEN
3463 Stoner Ave.
Los Angeles, CA  90066

Tel: (310) 391-9971
Fax: (310) 391-8971
Web: www.StatModel.com
Support: Support@StatModel.com

Copyright (c) 1998-2020 Muthen & Muthen
