Mplus VERSION 8.5 (Linux)
MUTHEN & MUTHEN
03/11/2021   6:22 PM

INPUT INSTRUCTIONS


  TITLE:
      Two-level structured model 620

  DATA:
      file = "~/implist.dat";

      type = imputation;


      VARIABLE:
      names =
          FKI CNTRYID CNTSCHID W_STU
          MATH READ FLIT                      ! PISA achievement variables
          MALE IMMI1GEN IMMI2GEN ESCS         ! Demographic info
          FCFMLRTY FLCONFIN                   ! Affect
          FLSCHOOL                            !   Lat var "Academic"
          NOBULLY                             !   Lat var "Safety"
          FLFAMILY                            !   Lat var "Community"
          W_SCH STRATIO                       ! School character
          EDUSHORT                            !   Lat var "inst. env."
          ;

      useobs = CNTRYID eq 620;          ! Pull out one country at a time

      usevar =
          FLIT                                ! PISA achievement variables
          FLSCHOOL                            !   Lat var "Academic"
          NOBULLY                             !   Lat var "Safety"
          FLFAMILY                            !   Lat var "Community"
          EDUSHORT STRATIO                    !   Lat var "Inst env"
          FCFMLRTY FLCONFIN                   ! Affect
          MALE IMMI1GEN IMMI2GEN ESCS         ! Demographic info
          ;

      ! Vars that ONLY appear in L1
      within =
          FCFMLRTY FLCONFIN                   ! Affective vars
          MALE IMMI1GEN IMMI2GEN ESCS         ! L1 control vars
          ;

      ! Vars that ONLY appear in L2
      between =
          EDUSHORT STRATIO                    ! L2: school
          ;

      weight = W_STU;                         ! Student weight
      wtscale = cluster;                      ! Scale L1 weight to cluster size
      bweight = W_SCH;                        ! School weight
      bwtscale = sample;                      ! Scale L2 weight to sample

      cluster = CNTSCHID;                     ! Cluster by school ID


  ANALYSIS:
      processors = 8;

      type = twolevel;


  MODEL:

  %Within%                                    ! === L1: Student-level ===

      ! Indirect pathways (1st half): school climate vars onto mediators
          ! Onto mediator FAMILIARITY
      FCFMLRTY on FLSCHOOL FLFAMILY NOBULLY ESCS IMMI2GEN MALE;
          ! Onto mediator CONFIDENCE
      FLCONFIN on FLSCHOOL FLFAMILY NOBULLY ESCS IMMI2GEN MALE;

      ! Total effect
      FLIT on
          ! Indirect pathways (2nd half): affective vars onto financial literacy
          FCFMLRTY FLCONFIN
          ! Direct pathways: school climate vars onto financial literacy
          FLSCHOOL FLFAMILY NOBULLY
          ! Demographic vars
          ESCS IMMI1GEN
          ;

      ! Covariances
          ! Between school climate vars
      FLSCHOOL with FLFAMILY;
      FLFAMILY with NOBULLY;
      FLSCHOOL with NOBULLY;
          ! Between mediators
      FCFMLRTY with FLCONFIN;

          ! SES with school climate vars
      ESCS with FLSCHOOL FLFAMILY;
          ! SES with demographic vars
      ESCS with IMMI1GEN IMMI2GEN;

  %Between%                                   ! === L2: School-level ===

      FLIT on
          FLSCHOOL FLFAMILY NOBULLY EDUSHORT  ! School climate variables
          STRATIO                             ! Control: Student-teacher ratio
          ;

      FLSCHOOL with FLFAMILY;
      FLFAMILY with NOBULLY;
      NOBULLY with EDUSHORT;

      FLSCHOOL with NOBULLY;
      FLFAMILY with EDUSHORT;

      FLSCHOOL with EDUSHORT;

      STRATIO with FLSCHOOL EDUSHORT;


  MODEL INDIRECT:

      ! Indirect effects
      FLIT ind FLSCHOOL;
      FLIT ind FLFAMILY;
      FLIT ind NOBULLY;

      FLIT ind ESCS;
      FLIT ind IMMI2GEN;
      FLIT ind MALE;


  OUTPUT:
      stdyx                                   ! Fully standardised solution
      ;



INPUT READING TERMINATED NORMALLY




Two-level structured model 620

SUMMARY OF ANALYSIS

Number of groups                                                 1
Average number of observations                                4568

Number of replications
    Requested                                                   10
    Completed                                                    7

Number of dependent variables                                    3
Number of independent variables                                  9
Number of continuous latent variables                            0

Observed dependent variables

  Continuous
   FLIT        FCFMLRTY    FLCONFIN

Observed independent variables
   FLSCHOOL    NOBULLY     FLFAMILY    EDUSHORT    STRATIO     MALE
   IMMI1GEN    IMMI2GEN    ESCS

Variables with special functions

  Cluster variable      CNTSCHID
  Weight variable (cluster-size scaling)
    W_STU
  Between weight variable (sample-size scaling)
    W_SCH

  Within variables
   FCFMLRTY    FLCONFIN    MALE        IMMI1GEN    IMMI2GEN    ESCS

  Between variables
   EDUSHORT    STRATIO


Estimator                                                      MLR
Information matrix                                        OBSERVED
Maximum number of iterations                                   100
Convergence criterion                                    0.100D-05
Maximum number of EM iterations                                500
Convergence criteria for the EM algorithm
  Loglikelihood change                                   0.100D-02
  Relative loglikelihood change                          0.100D-05
  Derivative                                             0.100D-03
Minimum variance                                         0.100D-03
Maximum number of steepest descent iterations                   20
Maximum number of iterations for H1                           2000
Convergence criterion for H1                             0.100D-03
Optimization algorithm                                         EMA

Input data file(s)
  Multiple data files from
    ~/implist.dat
Input data format  FREE


SUMMARY OF DATA FOR THE FIRST DATA SET

     Number of clusters                        276

     Average cluster size       16.551

     Estimated Intraclass Correlations for the Y Variables

                Intraclass              Intraclass              Intraclass
     Variable  Correlation   Variable  Correlation   Variable  Correlation

     FLIT         0.171      FCFMLRTY     0.000      FLCONFIN     0.000
     FLSCHOOL     0.016      NOBULLY      0.018      FLFAMILY     0.015
     IMMI1GEN     0.000      IMMI2GEN     0.000      ESCS         0.000



SAMPLE STATISTICS

NOTE:  The sample statistics for within and between refer to the
       maximum-likelihood estimated within and between covariance
       matrices, respectively.

NOTE:  These are average results over 7 data sets.


     ESTIMATED SAMPLE STATISTICS FOR WITHIN


           Means
              EDUSHORT      STRATIO       FLIT          FCFMLRTY      FLCONFIN
              ________      ________      ________      ________      ________
                0.000         0.000         0.000         6.443        -0.050


           Means
              FLSCHOOL      NOBULLY       FLFAMILY      IMMI1GEN      IMMI2GEN
              ________      ________      ________      ________      ________
                0.000         0.000         0.000         0.027         0.044


           Means
              ESCS          MALE
              ________      ________
               -0.346         0.503


           Covariances
              EDUSHORT      STRATIO       FLIT          FCFMLRTY      FLCONFIN
              ________      ________      ________      ________      ________
 EDUSHORT       0.000
 STRATIO        0.000         0.000
 FLIT           0.000         0.000      6328.697
 FCFMLRTY       0.000         0.000        20.314        26.492
 FLCONFIN       0.000         0.000         3.213         1.025         0.893
 FLSCHOOL       0.000         0.000        -2.781         1.761         0.155
 NOBULLY        0.000         0.000         5.230         0.119         0.012
 FLFAMILY       0.000         0.000         6.774         0.898         0.179
 IMMI1GEN       0.000         0.000        -1.439        -0.002         0.003
 IMMI2GEN       0.000         0.000        -0.008        -0.039        -0.006
 ESCS           0.000         0.000        26.720         0.485        -0.011
 MALE           0.000         0.000         1.782         0.156         0.048


           Covariances
              FLSCHOOL      NOBULLY       FLFAMILY      IMMI1GEN      IMMI2GEN
              ________      ________      ________      ________      ________
 FLSCHOOL       1.036
 NOBULLY       -0.042         0.813
 FLFAMILY       0.222        -0.029         0.993
 IMMI1GEN       0.001        -0.009        -0.004         0.026
 IMMI2GEN       0.003        -0.004         0.001        -0.001         0.043
 ESCS          -0.016         0.068         0.050        -0.010        -0.003
 MALE           0.030        -0.012        -0.028         0.001         0.001


           Covariances
              ESCS          MALE
              ________      ________
 ESCS           1.324
 MALE           0.008         0.250


           Correlations
              EDUSHORT      STRATIO       FLIT          FCFMLRTY      FLCONFIN
              ________      ________      ________      ________      ________
 EDUSHORT       0.000
 STRATIO        0.000         0.000
 FLIT           0.000         0.000         1.000
 FCFMLRTY       0.000         0.000         0.050         1.000
 FLCONFIN       0.000         0.000         0.043         0.211         1.000
 FLSCHOOL       0.000         0.000        -0.034         0.336         0.161
 NOBULLY        0.000         0.000         0.073         0.026         0.014
 FLFAMILY       0.000         0.000         0.085         0.175         0.190
 IMMI1GEN       0.000         0.000        -0.112        -0.003         0.022
 IMMI2GEN       0.000         0.000         0.000        -0.036        -0.029
 ESCS           0.000         0.000         0.292         0.082        -0.010
 MALE           0.000         0.000         0.045         0.061         0.103


           Correlations
              FLSCHOOL      NOBULLY       FLFAMILY      IMMI1GEN      IMMI2GEN
              ________      ________      ________      ________      ________
 FLSCHOOL       1.000
 NOBULLY       -0.046         1.000
 FLFAMILY       0.219        -0.032         1.000
 IMMI1GEN       0.007        -0.064        -0.028         1.000
 IMMI2GEN       0.013        -0.021         0.006        -0.034         1.000
 ESCS          -0.014         0.065         0.044        -0.052        -0.012
 MALE           0.058        -0.027        -0.057         0.008         0.005


           Correlations
              ESCS          MALE
              ________      ________
 ESCS           1.000
 MALE           0.014         1.000


     ESTIMATED SAMPLE STATISTICS FOR BETWEEN


           Means
              EDUSHORT      STRATIO       FLIT          FCFMLRTY      FLCONFIN
              ________      ________      ________      ________      ________
                0.546        10.821       507.877         0.000         0.000


           Means
              FLSCHOOL      NOBULLY       FLFAMILY      IMMI1GEN      IMMI2GEN
              ________      ________      ________      ________      ________
               -0.180         0.213         0.142         0.000         0.000


           Means
              ESCS          MALE
              ________      ________
                0.000         0.000


           Covariances
              EDUSHORT      STRATIO       FLIT          FCFMLRTY      FLCONFIN
              ________      ________      ________      ________      ________
 EDUSHORT       0.993
 STRATIO       -0.906        34.810
 FLIT          -7.717        15.612      1347.786
 FCFMLRTY       0.000         0.000         0.000         0.000
 FLCONFIN       0.000         0.000         0.000         0.000         0.000
 FLSCHOOL       0.009        -0.004        -1.847         0.000         0.000
 NOBULLY       -0.030         0.014         3.237         0.000         0.000
 FLFAMILY      -0.007        -0.139         1.475         0.000         0.000
 IMMI1GEN       0.000         0.000         0.000         0.000         0.000
 IMMI2GEN       0.000         0.000         0.000         0.000         0.000
 ESCS           0.000         0.000         0.000         0.000         0.000
 MALE           0.000         0.000         0.000         0.000         0.000


           Covariances
              FLSCHOOL      NOBULLY       FLFAMILY      IMMI1GEN      IMMI2GEN
              ________      ________      ________      ________      ________
 FLSCHOOL       0.014
 NOBULLY       -0.007         0.015
 FLFAMILY       0.002         0.009         0.014
 IMMI1GEN       0.000         0.000         0.000         0.000
 IMMI2GEN       0.000         0.000         0.000         0.000         0.000
 ESCS           0.000         0.000         0.000         0.000         0.000
 MALE           0.000         0.000         0.000         0.000         0.000


           Covariances
              ESCS          MALE
              ________      ________
 ESCS           0.000
 MALE           0.000         0.000


           Correlations
              EDUSHORT      STRATIO       FLIT          FCFMLRTY      FLCONFIN
              ________      ________      ________      ________      ________
 EDUSHORT       1.000
 STRATIO       -0.154         1.000
 FLIT          -0.211         0.072         1.000
 FCFMLRTY       0.000         0.000         0.000         0.000
 FLCONFIN       0.000         0.000         0.000         0.000         0.000
 FLSCHOOL       0.074        -0.006        -0.428         0.000         0.000
 NOBULLY       -0.248         0.019         0.717         0.000         0.000
 FLFAMILY      -0.061        -0.201         0.343         0.000         0.000
 IMMI1GEN       0.000         0.000         0.000         0.000         0.000
 IMMI2GEN       0.000         0.000         0.000         0.000         0.000
 ESCS           0.000         0.000         0.000         0.000         0.000
 MALE           0.000         0.000         0.000         0.000         0.000


           Correlations
              FLSCHOOL      NOBULLY       FLFAMILY      IMMI1GEN      IMMI2GEN
              ________      ________      ________      ________      ________
 FLSCHOOL       1.000
 NOBULLY       -0.482         1.000
 FLFAMILY       0.155         0.654         1.000
 IMMI1GEN       0.000         0.000         0.000         0.000
 IMMI2GEN       0.000         0.000         0.000         0.000         0.000
 ESCS           0.000         0.000         0.000         0.000         0.000
 MALE           0.000         0.000         0.000         0.000         0.000


           Correlations
              ESCS          MALE
              ________      ________
 ESCS           0.000
 MALE           0.000         0.000




MODEL FIT INFORMATION

Number of Free Parameters                       66

Loglikelihood

    H0 Value

        Mean                            -70757.615
        Std Dev                             83.892
        Number of successful computations        7

             Proportions                   Percentiles
        Expected    Observed         Expected       Observed
           0.990       1.000       -70952.773     -70909.742
           0.980       1.000       -70929.904     -70909.742
           0.950       0.857       -70895.609     -70909.742
           0.900       0.857       -70865.131     -70909.742
           0.800       0.714       -70828.218     -70909.742
           0.700       0.714       -70801.608     -70845.970
           0.500       0.571       -70757.615     -70759.624
           0.300       0.429       -70713.622     -70734.635
           0.200       0.143       -70687.011     -70712.294
           0.100       0.000       -70650.099     -70687.230
           0.050       0.000       -70619.621     -70687.230
           0.020       0.000       -70585.326     -70687.230
           0.010       0.000       -70562.457     -70687.230

    H1 Value

        Mean                            -70700.350
        Std Dev                             86.344
        Number of successful computations        7

             Proportions                   Percentiles
        Expected    Observed         Expected       Observed
           0.990       1.000       -70901.213     -70864.598
           0.980       1.000       -70877.676     -70864.598
           0.950       0.857       -70842.378     -70864.598
           0.900       0.857       -70811.009     -70864.598
           0.800       0.714       -70773.017     -70864.598
           0.700       0.714       -70745.629     -70786.617
           0.500       0.714       -70700.350     -70689.202
           0.300       0.286       -70655.071     -70674.240
           0.200       0.143       -70627.683     -70659.129
           0.100       0.000       -70589.691     -70629.574
           0.050       0.000       -70558.322     -70629.574
           0.020       0.000       -70523.024     -70629.574
           0.010       0.000       -70499.487     -70629.574

Information Criteria

    Akaike (AIC)

        Mean                            141647.229
        Std Dev                            167.784
        Number of successful computations        7

             Proportions                   Percentiles
        Expected    Observed         Expected       Observed
           0.990       1.000       141256.913     141439.616
           0.980       1.000       141302.651     141439.616
           0.950       1.000       141371.241     141439.616
           0.900       1.000       141432.197     141439.616
           0.800       0.857       141506.022     141439.616
           0.700       0.571       141559.243     141506.460
           0.500       0.429       141647.229     141556.588
           0.300       0.286       141735.215     141601.271
           0.200       0.286       141788.436     141651.248
           0.100       0.143       141862.261     141823.940
           0.050       0.143       141923.217     141823.940
           0.020       0.000       141991.808     141823.940
           0.010       0.000       142037.545     141823.940

    Bayesian (BIC)

        Mean                            142071.400
        Std Dev                            167.784
        Number of successful computations        7

             Proportions                   Percentiles
        Expected    Observed         Expected       Observed
           0.990       1.000       141681.084     141863.786
           0.980       1.000       141726.822     141863.786
           0.950       1.000       141795.412     141863.786
           0.900       1.000       141856.368     141863.786
           0.800       0.857       141930.193     141863.786
           0.700       0.571       141983.414     141930.631
           0.500       0.429       142071.400     141980.759
           0.300       0.286       142159.386     142025.442
           0.200       0.286       142212.607     142075.418
           0.100       0.143       142286.432     142248.111
           0.050       0.143       142347.388     142248.111
           0.020       0.000       142415.978     142248.111
           0.010       0.000       142461.716     142248.111

    Sample-Size Adjusted BIC (n* = (n + 2) / 24)

        Mean                            141861.677
        Std Dev                            167.784
        Number of successful computations        7

             Proportions                   Percentiles
        Expected    Observed         Expected       Observed
           0.990       1.000       141471.361     141654.064
           0.980       1.000       141517.099     141654.064
           0.950       1.000       141585.689     141654.064
           0.900       1.000       141646.645     141654.064
           0.800       0.857       141720.470     141654.064
           0.700       0.571       141773.691     141720.908
           0.500       0.429       141861.677     141771.036
           0.300       0.286       141949.663     141815.719
           0.200       0.286       142002.885     141865.696
           0.100       0.143       142076.710     142038.388
           0.050       0.143       142137.666     142038.388
           0.020       0.000       142206.256     142038.388
           0.010       0.000       142251.994     142038.388

Chi-Square Test of Model Fit

        Degrees of freedom                      20

        Mean                               184.752
        Std Dev                            165.909
        Number of successful computations        7

             Proportions                   Percentiles
        Expected    Observed         Expected       Observed
           0.990       1.000            8.260         85.193
           0.980       1.000            9.237         85.193
           0.950       1.000           10.851         85.193
           0.900       1.000           12.443         85.193
           0.800       1.000           14.578         85.193
           0.700       1.000           16.266         90.286
           0.500       1.000           19.337        106.330
           0.300       1.000           22.775        109.436
           0.200       1.000           25.038        146.095
           0.100       1.000           28.412        170.756
           0.050       1.000           31.410        170.756
           0.020       1.000           35.020        170.756
           0.010       1.000           37.566        170.756

RMSEA (Root Mean Square Error Of Approximation)

        Mean                                 0.039
        Std Dev                              0.017
        Number of successful computations        7

        Cumulative Distribution Function
           Value    Function Value
           0.990       1.000
           0.980       1.000
           0.950       1.000
           0.900       1.000
           0.800       1.000
           0.700       1.000
           0.500       1.000
           0.300       1.000
           0.200       1.000
           0.100       1.000
           0.050       0.857
           0.020       0.000
           0.010       0.000

CFI/TLI

    CFI

        Mean                                 0.887
        Std Dev                              0.114
        Number of successful computations        7

        Cumulative Distribution Function
           Value    Function Value
           0.990       1.000
           0.980       1.000
           0.950       0.857
           0.900       0.286
           0.800       0.143
           0.700       0.143
           0.500       0.000
           0.300       0.000
           0.200       0.000
           0.100       0.000
           0.050       0.000
           0.020       0.000
           0.010       0.000

    TLI

        Mean                                 0.661
        Std Dev                              0.343
        Number of successful computations        7

        Cumulative Distribution Function
           Value    Function Value
           0.990       1.000
           0.980       1.000
           0.950       1.000
           0.900       1.000
           0.800       0.429
           0.700       0.286
           0.500       0.143
           0.300       0.143
           0.200       0.143
           0.100       0.143
           0.050       0.143
           0.020       0.143
           0.010       0.143

SRMR (Standardized Root Mean Square Residual) for the WITHIN level

        Mean                                 0.020
        Std Dev                              0.001
        Number of successful computations        7

        Cumulative Distribution Function
           Value    Function Value
           0.990       1.000
           0.980       1.000
           0.950       1.000
           0.900       1.000
           0.800       1.000
           0.700       1.000
           0.500       1.000
           0.300       1.000
           0.200       1.000
           0.100       1.000
           0.050       1.000
           0.020       0.571
           0.010       0.000

SRMR (Standardized Root Mean Square Residual) for the BETWEEN level

        Mean                                 0.089
        Std Dev                              0.016
        Number of successful computations        7

        Cumulative Distribution Function
           Value    Function Value
           0.990       1.000
           0.980       1.000
           0.950       1.000
           0.900       1.000
           0.800       1.000
           0.700       1.000
           0.500       1.000
           0.300       1.000
           0.200       1.000
           0.100       0.714
           0.050       0.000
           0.020       0.000
           0.010       0.000



MODEL RESULTS

                                                    Two-Tailed   Rate of
                    Estimate       S.E.  Est./S.E.    P-Value    Missing

Within Level

 FCFMLRTY   ON
    FLSCHOOL           1.586      0.101     15.632      0.000      0.168
    FLFAMILY           0.551      0.090      6.113      0.000      0.156
    NOBULLY            0.218      0.112      1.945      0.052      0.289
    ESCS               0.349      0.084      4.135      0.000      0.079
    IMMI2GEN          -0.984      0.457     -2.154      0.031      0.144
    MALE               0.503      0.158      3.175      0.001      0.166

 FLCONFIN   ON
    FLSCHOOL           0.110      0.017      6.388      0.000      0.105
    FLFAMILY           0.163      0.020      8.264      0.000      0.132
    NOBULLY            0.030      0.022      1.398      0.162      0.290
    ESCS              -0.016      0.014     -1.123      0.261      0.089
    IMMI2GEN          -0.144      0.090     -1.608      0.108      0.195
    MALE               0.201      0.038      5.359      0.000      0.221

 FLIT       ON
    FCFMLRTY           0.393      0.407      0.965      0.334      0.442
    FLCONFIN           3.097      1.510      2.050      0.040      0.171
    FLSCHOOL          -4.476      1.918     -2.333      0.020      0.052
    FLFAMILY           5.826      1.481      3.933      0.000      0.241
    NOBULLY            4.024      1.951      2.063      0.039      0.375
    ESCS              19.192      2.311      8.304      0.000      0.170
    IMMI1GEN         -45.058     11.613     -3.880      0.000      0.252

 FLSCHOOL WITH
    FLFAMILY           0.223      0.022     10.298      0.000      0.103
    NOBULLY           -0.042      0.021     -2.052      0.040      0.296
    ESCS              -0.010      0.043     -0.244      0.807      0.010

 FLFAMILY WITH
    NOBULLY           -0.033      0.018     -1.806      0.071      0.167
    ESCS               0.046      0.022      2.035      0.042      0.129

 FCFMLRTY WITH
    FLCONFIN           0.653      0.082      7.958      0.000      0.207

 ESCS     WITH
    IMMI1GEN          -0.010      0.050     -0.193      0.847      0.000
    IMMI2GEN          -0.003      0.035     -0.092      0.926      0.000

 Means
    IMMI1GEN           0.027      0.023      1.150      0.250      0.001
    IMMI2GEN           0.044      0.011      4.182      0.000      0.015
    ESCS              -0.347      0.045     -7.631      0.000      0.005

 Intercepts
    FCFMLRTY           6.354      0.121     52.418      0.000      0.143
    FLCONFIN          -0.151      0.028     -5.408      0.000      0.192

 Variances
    FLSCHOOL           1.036      0.026     39.674      0.000      0.114
    NOBULLY            0.813      0.034     24.013      0.000      0.163
    FLFAMILY           0.993      0.026     38.253      0.000      0.073
    IMMI1GEN           0.026      0.417      0.063      0.950      0.000
    IMMI2GEN           0.043      5.632      0.008      0.994      0.000
    ESCS               1.324      0.031     42.175      0.000      0.037

 Residual Variances
    FLIT            5656.316    202.895     27.878      0.000      0.240
    FCFMLRTY          22.888      0.674     33.965      0.000      0.214
    FLCONFIN           0.835      0.025     33.443      0.000      0.110

Between Level

 FLIT       ON
    FLSCHOOL         253.055   1120.004      0.226      0.821      0.034
    FLFAMILY        -494.383    941.983     -0.525      0.600      0.040
    NOBULLY          705.205   1115.473      0.632      0.527      0.014
    EDUSHORT          15.556    114.959      0.135      0.892      0.004
    STRATIO            1.138     44.489      0.026      0.980      0.000

 FLSCHOOL WITH
    FLFAMILY           0.000     25.800      0.000      1.000      0.000
    NOBULLY           -0.008      3.092     -0.003      0.998      0.000
    EDUSHORT           0.012      0.145      0.081      0.936      0.002
    STRATIO           -0.012      1.838     -0.007      0.995      0.001

 FLFAMILY WITH
    NOBULLY            0.012     19.262      0.001      1.000      0.000
    EDUSHORT          -0.008      0.213     -0.037      0.971      0.002

 NOBULLY  WITH
    EDUSHORT          -0.042      0.180     -0.234      0.815      0.001

 STRATIO  WITH
    EDUSHORT          -0.942      0.853     -1.104      0.269      0.139

 Means
    EDUSHORT           0.546      0.074      7.416      0.000      0.021
    STRATIO           10.821      0.435     24.885      0.000      0.035
    FLSCHOOL          -0.179      0.028     -6.336      0.000      0.019
    NOBULLY            0.218      0.021     10.427      0.000      0.209
    FLFAMILY           0.136      0.021      6.438      0.000      0.056

 Intercepts
    FLIT             451.835    487.841      0.926      0.354      0.008

 Variances
    EDUSHORT           0.995      0.132      7.523      0.000      0.031
    STRATIO           34.810     11.902      2.925      0.003      0.050
    FLSCHOOL           0.015      9.754      0.002      0.999      0.000
    NOBULLY            0.018      6.871      0.003      0.998      0.000
    FLFAMILY           0.014     35.966      0.000      1.000      0.000

 Residual Variances
    FLIT               0.260    742.323      0.000      1.000      0.000


STANDARDIZED MODEL RESULTS


STDYX Standardization

                                                    Two-Tailed   Rate of
                    Estimate       S.E.  Est./S.E.    P-Value    Missing

Within Level

 FCFMLRTY   ON
