Mplus VERSION 8.5 (Linux)
MUTHEN & MUTHEN
03/11/2021   6:22 PM

INPUT INSTRUCTIONS


  TITLE:
      Two-level structured model 688

  DATA:
      file = "~/implist.dat";

      type = imputation;


      VARIABLE:
      names =
          FKI CNTRYID CNTSCHID W_STU
          MATH READ FLIT                      ! PISA achievement variables
          MALE IMMI1GEN IMMI2GEN ESCS         ! Demographic info
          FCFMLRTY FLCONFIN                   ! Affect
          FLSCHOOL                            !   Lat var "Academic"
          NOBULLY                             !   Lat var "Safety"
          FLFAMILY                            !   Lat var "Community"
          W_SCH STRATIO                       ! School character
          EDUSHORT                            !   Lat var "inst. env."
          ;

      useobs = CNTRYID eq 688;          ! Pull out one country at a time

      usevar =
          FLIT                                ! PISA achievement variables
          FLSCHOOL                            !   Lat var "Academic"
          NOBULLY                             !   Lat var "Safety"
          FLFAMILY                            !   Lat var "Community"
          EDUSHORT STRATIO                    !   Lat var "Inst env"
          FCFMLRTY FLCONFIN                   ! Affect
          MALE IMMI1GEN IMMI2GEN ESCS         ! Demographic info
          ;

      ! Vars that ONLY appear in L1
      within =
          FCFMLRTY FLCONFIN                   ! Affective vars
          MALE IMMI1GEN IMMI2GEN ESCS         ! L1 control vars
          ;

      ! Vars that ONLY appear in L2
      between =
          EDUSHORT STRATIO                    ! L2: school
          ;

      weight = W_STU;                         ! Student weight
      wtscale = cluster;                      ! Scale L1 weight to cluster size
      bweight = W_SCH;                        ! School weight
      bwtscale = sample;                      ! Scale L2 weight to sample

      cluster = CNTSCHID;                     ! Cluster by school ID


  ANALYSIS:
      processors = 8;

      type = twolevel;


  MODEL:

  %Within%                                    ! === L1: Student-level ===

      ! Indirect pathways (1st half): school climate vars onto mediators
          ! Onto mediator FAMILIARITY
      FCFMLRTY on FLSCHOOL FLFAMILY NOBULLY ESCS IMMI2GEN MALE;
          ! Onto mediator CONFIDENCE
      FLCONFIN on FLSCHOOL FLFAMILY NOBULLY ESCS IMMI2GEN MALE;

      ! Total effect
      FLIT on
          ! Indirect pathways (2nd half): affective vars onto financial literacy
          FCFMLRTY FLCONFIN
          ! Direct pathways: school climate vars onto financial literacy
          FLSCHOOL FLFAMILY NOBULLY
          ! Demographic vars
          ESCS IMMI1GEN
          ;

      ! Covariances
          ! Between school climate vars
      FLSCHOOL with FLFAMILY;
      FLFAMILY with NOBULLY;
      FLSCHOOL with NOBULLY;
          ! Between mediators
      FCFMLRTY with FLCONFIN;

          ! SES with school climate vars
      ESCS with FLSCHOOL FLFAMILY;
          ! SES with demographic vars
      ESCS with IMMI1GEN IMMI2GEN;

  %Between%                                   ! === L2: School-level ===

      FLIT on
          FLSCHOOL FLFAMILY NOBULLY EDUSHORT  ! School climate variables
          STRATIO                             ! Control: Student-teacher ratio
          ;

      FLSCHOOL with FLFAMILY;
      FLFAMILY with NOBULLY;
      NOBULLY with EDUSHORT;

      FLSCHOOL with NOBULLY;
      FLFAMILY with EDUSHORT;

      FLSCHOOL with EDUSHORT;

      STRATIO with FLSCHOOL EDUSHORT;


  MODEL INDIRECT:

      ! Indirect effects
      FLIT ind FLSCHOOL;
      FLIT ind FLFAMILY;
      FLIT ind NOBULLY;

      FLIT ind ESCS;
      FLIT ind IMMI2GEN;
      FLIT ind MALE;


  OUTPUT:
      stdyx                                   ! Fully standardised solution
      ;



INPUT READING TERMINATED NORMALLY




Two-level structured model 688

SUMMARY OF ANALYSIS

Number of groups                                                 1
Average number of observations                                3874

Number of replications
    Requested                                                   10
    Completed                                                   10

Number of dependent variables                                    3
Number of independent variables                                  9
Number of continuous latent variables                            0

Observed dependent variables

  Continuous
   FLIT        FCFMLRTY    FLCONFIN

Observed independent variables
   FLSCHOOL    NOBULLY     FLFAMILY    EDUSHORT    STRATIO     MALE
   IMMI1GEN    IMMI2GEN    ESCS

Variables with special functions

  Cluster variable      CNTSCHID
  Weight variable (cluster-size scaling)
    W_STU
  Between weight variable (sample-size scaling)
    W_SCH

  Within variables
   FCFMLRTY    FLCONFIN    MALE        IMMI1GEN    IMMI2GEN    ESCS

  Between variables
   EDUSHORT    STRATIO


Estimator                                                      MLR
Information matrix                                        OBSERVED
Maximum number of iterations                                   100
Convergence criterion                                    0.100D-05
Maximum number of EM iterations                                500
Convergence criteria for the EM algorithm
  Loglikelihood change                                   0.100D-02
  Relative loglikelihood change                          0.100D-05
  Derivative                                             0.100D-03
Minimum variance                                         0.100D-03
Maximum number of steepest descent iterations                   20
Maximum number of iterations for H1                           2000
Convergence criterion for H1                             0.100D-03
Optimization algorithm                                         EMA

Input data file(s)
  Multiple data files from
    ~/implist.dat
Input data format  FREE


SUMMARY OF DATA FOR THE FIRST DATA SET

     Number of clusters                        186

     Average cluster size       20.828

     Estimated Intraclass Correlations for the Y Variables

                Intraclass              Intraclass              Intraclass
     Variable  Correlation   Variable  Correlation   Variable  Correlation

     FLIT         0.335      FCFMLRTY     0.000      FLCONFIN     0.000
     FLSCHOOL     0.096      NOBULLY      0.033      FLFAMILY     0.016
     IMMI1GEN     0.000      IMMI2GEN     0.000      ESCS         0.000



SAMPLE STATISTICS

NOTE:  The sample statistics for within and between refer to the
       maximum-likelihood estimated within and between covariance
       matrices, respectively.

NOTE:  These are average results over 10 data sets.


     ESTIMATED SAMPLE STATISTICS FOR WITHIN


           Means
              EDUSHORT      STRATIO       FLIT          FCFMLRTY      FLCONFIN
              ________      ________      ________      ________      ________
                0.000         0.000         0.000         6.188        -0.308


           Means
              FLSCHOOL      NOBULLY       FLFAMILY      IMMI1GEN      IMMI2GEN
              ________      ________      ________      ________      ________
                0.000         0.000         0.000         0.010         0.081


           Means
              ESCS          MALE
              ________      ________
               -0.237         0.508


           Covariances
              EDUSHORT      STRATIO       FLIT          FCFMLRTY      FLCONFIN
              ________      ________      ________      ________      ________
 EDUSHORT       0.000
 STRATIO        0.000         0.000
 FLIT           0.000         0.000      5781.856
 FCFMLRTY       0.000         0.000        56.540        34.265
 FLCONFIN       0.000         0.000         6.277         1.141         1.352
 FLSCHOOL       0.000         0.000        -6.124         0.959         0.170
 NOBULLY        0.000         0.000         4.661         0.262        -0.040
 FLFAMILY       0.000         0.000         3.065         0.969         0.189
 IMMI1GEN       0.000         0.000        -0.054        -0.004        -0.001
 IMMI2GEN       0.000         0.000        -0.319        -0.002         0.003
 ESCS           0.000         0.000         7.136         0.326         0.036
 MALE           0.000         0.000         1.699         0.011         0.049


           Covariances
              FLSCHOOL      NOBULLY       FLFAMILY      IMMI1GEN      IMMI2GEN
              ________      ________      ________      ________      ________
 FLSCHOOL       1.002
 NOBULLY       -0.104         1.125
 FLFAMILY       0.124        -0.028         1.247
 IMMI1GEN      -0.003         0.002        -0.003         0.010
 IMMI2GEN      -0.009        -0.003        -0.002        -0.001         0.074
 ESCS           0.029         0.008         0.038        -0.001        -0.002
 MALE           0.027        -0.043        -0.044         0.002         0.000


           Covariances
              ESCS          MALE
              ________      ________
 ESCS           0.679
 MALE           0.003         0.250


           Correlations
              EDUSHORT      STRATIO       FLIT          FCFMLRTY      FLCONFIN
              ________      ________      ________      ________      ________
 EDUSHORT       0.000
 STRATIO        0.000         0.000
 FLIT           0.000         0.000         1.000
 FCFMLRTY       0.000         0.000         0.127         1.000
 FLCONFIN       0.000         0.000         0.071         0.168         1.000
 FLSCHOOL       0.000         0.000        -0.080         0.164         0.146
 NOBULLY        0.000         0.000         0.058         0.042        -0.032
 FLFAMILY       0.000         0.000         0.036         0.148         0.146
 IMMI1GEN       0.000         0.000        -0.007        -0.006        -0.007
 IMMI2GEN       0.000         0.000        -0.015        -0.001         0.009
 ESCS           0.000         0.000         0.114         0.068         0.038
 MALE           0.000         0.000         0.045         0.004         0.084


           Correlations
              FLSCHOOL      NOBULLY       FLFAMILY      IMMI1GEN      IMMI2GEN
              ________      ________      ________      ________      ________
 FLSCHOOL       1.000
 NOBULLY       -0.098         1.000
 FLFAMILY       0.111        -0.024         1.000
 IMMI1GEN      -0.025         0.020        -0.027         1.000
 IMMI2GEN      -0.034        -0.010        -0.007        -0.030         1.000
 ESCS           0.036         0.009         0.042        -0.011        -0.010
 MALE           0.054        -0.081        -0.079         0.034        -0.003


           Correlations
              ESCS          MALE
              ________      ________
 ESCS           1.000
 MALE           0.007         1.000


     ESTIMATED SAMPLE STATISTICS FOR BETWEEN


           Means
              EDUSHORT      STRATIO       FLIT          FCFMLRTY      FLCONFIN
              ________      ________      ________      ________      ________
                0.264        12.835       443.825         0.000         0.000


           Means
              FLSCHOOL      NOBULLY       FLFAMILY      IMMI1GEN      IMMI2GEN
              ________      ________      ________      ________      ________
               -0.351         0.041         0.200         0.000         0.000


           Means
              ESCS          MALE
              ________      ________
                0.000         0.000


           Covariances
              EDUSHORT      STRATIO       FLIT          FCFMLRTY      FLCONFIN
              ________      ________      ________      ________      ________
 EDUSHORT       0.511
 STRATIO       -0.175       162.976
 FLIT          -4.221        43.756      2837.320
 FCFMLRTY       0.000         0.000         0.000         0.000
 FLCONFIN       0.000         0.000         0.000         0.000         0.000
 FLSCHOOL       0.012        -0.230       -13.567         0.000         0.000
 NOBULLY       -0.011         0.485         4.405         0.000         0.000
 FLFAMILY      -0.003         0.009        -0.434         0.000         0.000
 IMMI1GEN       0.000         0.000         0.000         0.000         0.000
 IMMI2GEN       0.000         0.000         0.000         0.000         0.000
 ESCS           0.000         0.000         0.000         0.000         0.000
 MALE           0.000         0.000         0.000         0.000         0.000


           Covariances
              FLSCHOOL      NOBULLY       FLFAMILY      IMMI1GEN      IMMI2GEN
              ________      ________      ________      ________      ________
 FLSCHOOL       0.115
 NOBULLY       -0.026         0.030
 FLFAMILY      -0.005         0.007         0.021
 IMMI1GEN       0.000         0.000         0.000         0.000
 IMMI2GEN       0.000         0.000         0.000         0.000         0.000
 ESCS           0.000         0.000         0.000         0.000         0.000
 MALE           0.000         0.000         0.000         0.000         0.000


           Covariances
              ESCS          MALE
              ________      ________
 ESCS           0.000
 MALE           0.000         0.000


           Correlations
              EDUSHORT      STRATIO       FLIT          FCFMLRTY      FLCONFIN
              ________      ________      ________      ________      ________
 EDUSHORT       1.000
 STRATIO       -0.019         1.000
 FLIT          -0.111         0.064         1.000
 FCFMLRTY       0.000         0.000         0.000         0.000
 FLCONFIN       0.000         0.000         0.000         0.000         0.000
 FLSCHOOL       0.051        -0.053        -0.751         0.000         0.000
 NOBULLY       -0.087         0.220         0.479         0.000         0.000
 FLFAMILY      -0.024         0.005        -0.056         0.000         0.000
 IMMI1GEN       0.000         0.000         0.000         0.000         0.000
 IMMI2GEN       0.000         0.000         0.000         0.000         0.000
 ESCS           0.000         0.000         0.000         0.000         0.000
 MALE           0.000         0.000         0.000         0.000         0.000


           Correlations
              FLSCHOOL      NOBULLY       FLFAMILY      IMMI1GEN      IMMI2GEN
              ________      ________      ________      ________      ________
 FLSCHOOL       1.000
 NOBULLY       -0.439         1.000
 FLFAMILY      -0.097         0.287         1.000
 IMMI1GEN       0.000         0.000         0.000         0.000
 IMMI2GEN       0.000         0.000         0.000         0.000         0.000
 ESCS           0.000         0.000         0.000         0.000         0.000
 MALE           0.000         0.000         0.000         0.000         0.000


           Correlations
              ESCS          MALE
              ________      ________
 ESCS           0.000
 MALE           0.000         0.000




MODEL FIT INFORMATION

Number of Free Parameters                       66

Loglikelihood

    H0 Value

        Mean                            -60487.808
        Std Dev                             58.557
        Number of successful computations       10

             Proportions                   Percentiles
        Expected    Observed         Expected       Observed
           0.990       1.000       -60624.030     -60592.450
           0.980       1.000       -60608.067     -60592.450
           0.950       0.900       -60584.129     -60592.450
           0.900       0.900       -60562.855     -60592.450
           0.800       0.700       -60537.090     -60592.450
           0.700       0.600       -60518.515     -60542.890
           0.500       0.600       -60487.808     -60483.815
           0.300       0.400       -60457.100     -60450.059
           0.200       0.200       -60438.526     -60442.044
           0.100       0.000       -60412.761     -60413.501
           0.050       0.000       -60391.487     -60413.501
           0.020       0.000       -60367.548     -60413.501
           0.010       0.000       -60351.586     -60413.501

    H1 Value

        Mean                            -60441.007
        Std Dev                             58.737
        Number of successful computations       10

             Proportions                   Percentiles
        Expected    Observed         Expected       Observed
           0.990       1.000       -60577.647     -60549.814
           0.980       1.000       -60561.636     -60549.814
           0.950       0.900       -60537.624     -60549.814
           0.900       0.900       -60516.285     -60549.814
           0.800       0.700       -60490.440     -60549.814
           0.700       0.600       -60471.809     -60495.500
           0.500       0.600       -60441.007     -60436.576
           0.300       0.400       -60410.205     -60400.521
           0.200       0.200       -60391.574     -60400.109
           0.100       0.000       -60365.729     -60368.329
           0.050       0.000       -60344.390     -60368.329
           0.020       0.000       -60320.378     -60368.329
           0.010       0.000       -60304.366     -60368.329

Information Criteria

    Akaike (AIC)

        Mean                            121107.616
        Std Dev                            117.115
        Number of successful computations       10

             Proportions                   Percentiles
        Expected    Observed         Expected       Observed
           0.990       1.000       120835.171     120957.967
           0.980       1.000       120867.097     120957.967
           0.950       1.000       120914.973     120957.967
           0.900       1.000       120957.521     120957.967
           0.800       0.800       121009.052     120957.967
           0.700       0.600       121046.201     121016.088
           0.500       0.400       121107.616     121061.287
           0.300       0.400       121169.031     121193.118
           0.200       0.300       121206.180     121217.780
           0.100       0.100       121257.710     121222.265
           0.050       0.100       121300.258     121222.265
           0.020       0.000       121348.134     121222.265
           0.010       0.000       121380.060     121222.265

    Bayesian (BIC)

        Mean                            121520.911
        Std Dev                            117.115
        Number of successful computations       10

             Proportions                   Percentiles
        Expected    Observed         Expected       Observed
           0.990       1.000       121248.466     121371.262
           0.980       1.000       121280.392     121371.262
           0.950       1.000       121328.268     121371.262
           0.900       1.000       121370.816     121371.262
           0.800       0.800       121422.347     121371.262
           0.700       0.600       121459.495     121429.383
           0.500       0.400       121520.911     121474.581
           0.300       0.400       121582.326     121606.413
           0.200       0.300       121619.474     121631.075
           0.100       0.100       121671.005     121635.559
           0.050       0.100       121713.553     121635.559
           0.020       0.000       121761.429     121635.559
           0.010       0.000       121793.355     121635.559

    Sample-Size Adjusted BIC (n* = (n + 2) / 24)

        Mean                            121311.193
        Std Dev                            117.115
        Number of successful computations       10

             Proportions                   Percentiles
        Expected    Observed         Expected       Observed
           0.990       1.000       121038.749     121161.545
           0.980       1.000       121070.674     121161.545
           0.950       1.000       121118.551     121161.545
           0.900       1.000       121161.099     121161.545
           0.800       0.800       121212.629     121161.545
           0.700       0.600       121249.778     121219.665
           0.500       0.400       121311.193     121264.864
           0.300       0.400       121372.608     121396.695
           0.200       0.300       121409.757     121421.357
           0.100       0.100       121461.287     121425.842
           0.050       0.100       121503.835     121425.842
           0.020       0.000       121551.712     121425.842
           0.010       0.000       121583.637     121425.842

Chi-Square Test of Model Fit

        Degrees of freedom                      20

        Mean                                95.548
        Std Dev                              8.314
        Number of successful computations       10

             Proportions                   Percentiles
        Expected    Observed         Expected       Observed
           0.990       1.000            8.260         82.774
           0.980       1.000            9.237         82.774
           0.950       1.000           10.851         82.774
           0.900       1.000           12.443         82.774
           0.800       1.000           14.578         82.774
           0.700       1.000           16.266         90.511
           0.500       1.000           19.337         95.465
           0.300       1.000           22.775         97.938
           0.200       1.000           25.038         99.674
           0.100       1.000           28.412        105.717
           0.050       1.000           31.410        105.717
           0.020       1.000           35.020        105.717
           0.010       1.000           37.566        105.717

RMSEA (Root Mean Square Error Of Approximation)

        Mean                                 0.031
        Std Dev                              0.002
        Number of successful computations       10

        Cumulative Distribution Function
           Value    Function Value
           0.990       1.000
           0.980       1.000
           0.950       1.000
           0.900       1.000
           0.800       1.000
           0.700       1.000
           0.500       1.000
           0.300       1.000
           0.200       1.000
           0.100       1.000
           0.050       1.000
           0.020       0.000
           0.010       0.000

CFI/TLI

    CFI

        Mean                                 0.906
        Std Dev                              0.011
        Number of successful computations       10

        Cumulative Distribution Function
           Value    Function Value
           0.990       1.000
           0.980       1.000
           0.950       1.000
           0.900       0.200
           0.800       0.000
           0.700       0.000
           0.500       0.000
           0.300       0.000
           0.200       0.000
           0.100       0.000
           0.050       0.000
           0.020       0.000
           0.010       0.000

    TLI

        Mean                                 0.718
        Std Dev                              0.034
        Number of successful computations       10

        Cumulative Distribution Function
           Value    Function Value
           0.990       1.000
           0.980       1.000
           0.950       1.000
           0.900       1.000
           0.800       1.000
           0.700       0.200
           0.500       0.000
           0.300       0.000
           0.200       0.000
           0.100       0.000
           0.050       0.000
           0.020       0.000
           0.010       0.000

SRMR (Standardized Root Mean Square Residual) for the WITHIN level

        Mean                                 0.020
        Std Dev                              0.001
        Number of successful computations       10

        Cumulative Distribution Function
           Value    Function Value
           0.990       1.000
           0.980       1.000
           0.950       1.000
           0.900       1.000
           0.800       1.000
           0.700       1.000
           0.500       1.000
           0.300       1.000
           0.200       1.000
           0.100       1.000
           0.050       1.000
           0.020       0.400
           0.010       0.000

SRMR (Standardized Root Mean Square Residual) for the BETWEEN level

        Mean                                 0.090
        Std Dev                              0.019
        Number of successful computations       10

        Cumulative Distribution Function
           Value    Function Value
           0.990       1.000
           0.980       1.000
           0.950       1.000
           0.900       1.000
           0.800       1.000
           0.700       1.000
           0.500       1.000
           0.300       1.000
           0.200       1.000
           0.100       0.900
           0.050       0.000
           0.020       0.000
           0.010       0.000



MODEL RESULTS

                                                    Two-Tailed   Rate of
                    Estimate       S.E.  Est./S.E.    P-Value    Missing

Within Level

 FCFMLRTY   ON
    FLSCHOOL           0.894      0.117      7.612      0.000      0.117
    FLFAMILY           0.687      0.095      7.242      0.000      0.182
    NOBULLY            0.337      0.106      3.172      0.002      0.212
    ESCS               0.401      0.137      2.930      0.003      0.171
    IMMI2GEN           0.120      0.342      0.351      0.725      0.123
    MALE               0.114      0.248      0.459      0.646      0.124

 FLCONFIN   ON
    FLSCHOOL           0.144      0.023      6.384      0.000      0.144
    FLFAMILY           0.144      0.021      7.012      0.000      0.142
    NOBULLY           -0.010      0.021     -0.485      0.628      0.292
    ESCS               0.039      0.026      1.491      0.136      0.161
    IMMI2GEN           0.060      0.072      0.835      0.404      0.188
    MALE               0.203      0.041      4.900      0.000      0.217

 FLIT       ON
    FCFMLRTY           1.605      0.269      5.958      0.000      0.371
    FLCONFIN           3.964      1.432      2.768      0.006      0.454
    FLSCHOOL          -8.463      1.790     -4.728      0.000      0.444
    FLFAMILY           1.234      1.480      0.834      0.404      0.359
    NOBULLY            3.162      1.679      1.883      0.060      0.420
    ESCS              10.105      2.224      4.544      0.000      0.340
    IMMI1GEN          -5.837     13.404     -0.435      0.663      0.371

 FLSCHOOL WITH
    FLFAMILY           0.125      0.023      5.414      0.000      0.220
    NOBULLY           -0.102      0.021     -4.798      0.000      0.175
    ESCS               0.033      0.017      1.928      0.054      0.087

 FLFAMILY WITH
    NOBULLY           -0.032      0.023     -1.386      0.166      0.159
    ESCS               0.034      0.019      1.804      0.071      0.078

 FCFMLRTY WITH
    FLCONFIN           0.852      0.118      7.190      0.000      0.091

 ESCS     WITH
    IMMI1GEN          -0.001      0.001     -0.549      0.583      0.081
    IMMI2GEN          -0.002      0.004     -0.490      0.624      0.048

 Means
    IMMI1GEN           0.010      0.002      5.780      0.000      0.080
    IMMI2GEN           0.081      0.006     12.502      0.000      0.013
    ESCS              -0.237      0.033     -7.274      0.000      0.003

 Intercepts
    FCFMLRTY           6.215      0.170     36.663      0.000      0.090
    FLCONFIN          -0.407      0.030    -13.589      0.000      0.111

 Variances
    FLSCHOOL           1.002      0.032     31.787      0.000      0.270
    NOBULLY            1.121      0.041     27.061      0.000      0.122
    FLFAMILY           1.244      0.029     42.997      0.000      0.146
    IMMI1GEN           0.010      0.002      6.228      0.000      0.008
    IMMI2GEN           0.074      0.005     13.832      0.000      0.001
    ESCS               0.679      0.023     29.819      0.000      0.072

 Residual Variances
    FLIT            5522.401    200.812     27.500      0.000      0.460
    FCFMLRTY          32.515      0.793     41.011      0.000      0.112
    FLCONFIN           1.288      0.034     37.359      0.000      0.279

Between Level

 FLIT       ON
    FLSCHOOL        -101.050     21.056     -4.799      0.000      0.247
    FLFAMILY         -75.064     79.610     -0.943      0.346      0.188
    NOBULLY           73.479     66.711      1.101      0.271      0.180
    EDUSHORT          -3.665      5.505     -0.666      0.506      0.086
    STRATIO            0.042      0.229      0.184      0.854      0.295

 FLSCHOOL WITH
    FLFAMILY          -0.009      0.010     -0.917      0.359      0.162
    NOBULLY           -0.033      0.010     -3.274      0.001      0.217
    EDUSHORT           0.015      0.023      0.636      0.525      0.076
    STRATIO           -0.024      0.283     -0.086      0.932      0.268

 FLFAMILY WITH
    NOBULLY            0.013      0.007      1.936      0.053      0.136
    EDUSHORT          -0.006      0.017     -0.332      0.740      0.040

 NOBULLY  WITH
    EDUSHORT          -0.015      0.016     -0.940      0.347      0.089

 STRATIO  WITH
    EDUSHORT          -0.083      0.802     -0.103      0.918      0.058

 Means
    EDUSHORT           0.264      0.055      4.832      0.000      0.014
    STRATIO           12.835      1.023     12.550      0.000      0.038
    FLSCHOOL          -0.351      0.032    -11.046      0.000      0.052
    NOBULLY            0.041      0.024      1.694      0.090      0.088
    FLFAMILY           0.199      0.024      8.221      0.000      0.182

 Intercepts
    FLIT             414.445     19.115     21.682      0.000      0.197

 Variances
    EDUSHORT           0.511      0.041     12.476      0.000      0.140
    STRATIO          162.976     81.467      2.001      0.045      0.001
    FLSCHOOL           0.121      0.017      7.165      0.000      0.166
    NOBULLY            0.037      0.012      3.228      0.001      0.254
    FLFAMILY           0.025      0.009      2.812      0.005      0.209

 Residual Variances
    FLIT             983.576    321.827      3.056      0.002      0.217


STANDARDIZED MODEL RESULTS


STDYX Standardization

                                                    Two-Tailed   Rate of
                    Estimate       S.E.  Est./S.E.    P-Value    Missing

Within Level

 FCFMLRTY   ON
    FLSCHOOL           0.153      0.020      7.627      0.000      0.122
    FLFAMILY           0.131      0.018      7.297      0.000      0.161
    NOBULLY            0.061      0.019      3.172      0.002      0.211
    ESCS               0.056      0.019      2.945      0.003      0.176
    IMMI2GEN           0.006      0.016      0.352      0.725      0.124
    MALE               0.010      0.021      0.459      0.646      0.124

 FLCONFIN   ON
    FLSCHOOL           0.124      0.020      6.322      0.000      0.160
    FLFAMILY           0.138      0.020      7.057      0.000      0.157
    NOBULLY           -0.009      0.019     -0.485      0.628      0.292
    ESCS               0.027      0.018      1.497      0.134      0.159
    IMMI2GEN           0.014      0.017      0.830      0.406      0.184
    MALE               0.087      0.018      4.917      0.000      0.213

 FLIT       ON
    FCFMLRTY           0.123      0.020      6.161      0.000      0.325
    FLCONFIN           0.061      0.022      2.807      0.005      0.448
    FLSCHOOL          -0.111      0.023     -4.834      0.000      0.425
    FLFAMILY           0.018      0.022      0.833      0.405      0.365
    NOBULLY            0.044      0.024      1.873      0.061      0.431
    ESCS               0.109      0.024      4.626      0.000      0.334
    IMMI1GEN          -0.008      0.018     -0.435      0.663      0.371

 FLSCHOOL WITH
    FLFAMILY           0.112      0.020      5.520      0.000      0.217
    NOBULLY           -0.097      0.019     -4.992      0.000      0.178
    ESCS               0.040      0.020      1.943      0.052      0.091

 FLFAMILY WITH
    NOBULLY           -0.027      0.020     -1.389      0.165      0.162
    ESCS               0.037      0.021      1.808      0.071      0.078

 FCFMLRTY WITH
    FLCONFIN           0.132      0.018      7.335      0.000      0.098

 ESCS     WITH
    IMMI1GEN          -0.010      0.018     -0.553      0.581      0.081
    IMMI2GEN          -0.009      0.017     -0.488      0.626      0.048

 Means
    IMMI1GEN           0.101      0.011      9.527      0.000      0.254
    IMMI2GEN           0.296      0.013     22.357      0.000      0.048
    ESCS              -0.287      0.041     -7.051      0.000      0.004

 Intercepts
    FCFMLRTY           1.062      0.029     36.366      0.000      0.101
    FLCONFIN          -0.350      0.026    -13.559      0.000      0.135

 Variances
    FLSCHOOL           1.000      0.000  *********      0.000      0.000
    NOBULLY            1.000      0.000  *********      0.000      0.000
    FLFAMILY           1.000      0.000  *********      0.000      0.000
    IMMI1GEN           1.000      0.000    999.000    999.000      0.000
    IMMI2GEN           1.000      0.000    999.000    999.000      0.000
    ESCS               1.000      0.000  *********      0.000      0.000

 Residual Variances
    FLIT               0.954      0.009    111.342      0.000      0.332
    FCFMLRTY           0.949      0.008    115.258      0.000      0.063
    FLCONFIN           0.952      0.008    117.692      0.000      0.169

Between Level

 FLIT       ON
    FLSCHOOL          -0.664      0.125     -5.305      0.000      0.255
    FLFAMILY          -0.218      0.208     -1.047      0.295      0.162
    NOBULLY            0.267      0.236      1.130      0.258      0.194
    EDUSHORT          -0.050      0.075     -0.667      0.505      0.092
    STRATIO            0.010      0.055      0.188      0.851      0.307

 FLSCHOOL WITH
    FLFAMILY          -0.166      0.181     -0.919      0.358      0.154
    NOBULLY           -0.492      0.141     -3.495      0.000      0.283
    EDUSHORT           0.060      0.094      0.641      0.522      0.080
    STRATIO           -0.006      0.064     -0.088      0.930      0.270

 FLFAMILY WITH
    NOBULLY            0.435      0.224      1.937      0.053      0.208
    EDUSHORT          -0.051      0.154     -0.333      0.739      0.038

 NOBULLY  WITH
    EDUSHORT          -0.109      0.119     -0.921      0.357      0.105

 STRATIO  WITH
    EDUSHORT          -0.009      0.088     -0.104      0.917      0.057

 Means
    EDUSHORT           0.369      0.071      5.200      0.000      0.037
    STRATIO            1.005      0.179      5.605      0.000      0.009
    FLSCHOOL          -1.013      0.108     -9.413      0.000      0.141
    NOBULLY            0.213      0.135      1.581      0.114      0.085
    FLFAMILY           1.286      0.306      4.197      0.000      0.233

 Intercepts
    FLIT               7.853      0.565     13.899      0.000      0.097

 Variances
    EDUSHORT           1.000      0.000  *********      0.000      0.000
    STRATIO            1.000      0.000  *********      0.000      0.000
    FLSCHOOL           1.000      0.000    999.000    999.000      0.000
    NOBULLY            1.000      0.000  *********      0.000      0.000
    FLFAMILY           1.000      0.000  *********      0.000      0.000

 Residual Variances
    FLIT               0.353      0.114      3.092      0.002      0.219


R-SQUARE

Within Level

    Observed                                        Two-Tailed   Rate of
    Variable        Estimate       S.E.  Est./S.E.    P-Value    Missing

    FLIT               0.046      0.009      5.355      0.000      0.332
    FCFMLRTY           0.051      0.008      6.226      0.000      0.063
    FLCONFIN           0.048      0.008      5.940      0.000      0.169

Between Level

    Observed                                        Two-Tailed   Rate of
    Variable        Estimate       S.E.  Est./S.E.    P-Value    Missing

    FLIT               0.647      0.114      5.663      0.000      0.219


QUALITY OF NUMERICAL RESULTS

     Average Condition Number for the Information Matrix      0.224E-08
       (ratio of smallest to largest eigenvalue)


TOTAL, TOTAL INDIRECT, SPECIFIC INDIRECT, AND DIRECT EFFECTS


                                                    Two-Tailed   Rate of
                    Estimate       S.E.  Est./S.E.    P-Value    Missing

WITHIN

Effects from FLSCHOOL to FLIT

  Total               -6.452      1.765     -3.656      0.000      0.405
  Total indirect       2.011      0.401      5.009      0.000      0.351

  Specific indirect 1
    FLIT
    FCFMLRTY
    FLSCHOOL           1.439      0.340      4.230      0.000      0.346

  Specific indirect 2
    FLIT
    FLCONFIN
    FLSCHOOL           0.572      0.220      2.602      0.009      0.429

  Direct
    FLIT
    FLSCHOOL          -8.463      1.790     -4.728      0.000      0.444


Effects from FLFAMILY to FLIT

  Total                2.905      1.400      2.075      0.038      0.286
  Total indirect       1.671      0.297      5.627      0.000      0.347

  Specific indirect 1
    FLIT
    FCFMLRTY
    FLFAMILY           1.099      0.206      5.341      0.000      0.091

  Specific indirect 2
    FLIT
    FLCONFIN
    FLFAMILY           0.572      0.227      2.525      0.012      0.446

  Direct
    FLIT
    FLFAMILY           1.234      1.480      0.834      0.404      0.359


Effects from NOBULLY to FLIT

  Total                3.658      1.695      2.159      0.031      0.397
  Total indirect       0.497      0.232      2.136      0.033      0.273

  Specific indirect 1
    FLIT
    FCFMLRTY
    NOBULLY            0.543      0.201      2.703      0.007      0.300

  Specific indirect 2
    FLIT
    FLCONFIN
    NOBULLY           -0.046      0.090     -0.514      0.607      0.306

  Direct
    FLIT
    NOBULLY            3.162      1.679      1.883      0.060      0.420


Effects from ESCS to FLIT

  Total               10.903      2.237      4.875      0.000      0.339
  Total indirect       0.799      0.274      2.915      0.004      0.215

  Specific indirect 1
    FLIT
    FCFMLRTY
    ESCS               0.642      0.248      2.593      0.010      0.175

  Specific indirect 2
    FLIT
    FLCONFIN
    ESCS               0.156      0.116      1.344      0.179      0.279

  Direct
    FLIT
    ESCS              10.105      2.224      4.544      0.000      0.340


Effects from IMMI2GEN to FLIT

  Total                0.434      0.647      0.670      0.503      0.120
  Total indirect       0.434      0.647      0.670      0.503      0.120

  Specific indirect 1
    FLIT
    FCFMLRTY
    IMMI2GEN           0.200      0.555      0.360      0.719      0.138

  Specific indirect 2
    FLIT
    FLCONFIN
    IMMI2GEN           0.234      0.294      0.794      0.427      0.149


Effects from MALE to FLIT

  Total                0.980      0.513      1.911      0.056      0.127
  Total indirect       0.980      0.513      1.911      0.056      0.127

  Specific indirect 1
    FLIT
    FCFMLRTY
    MALE               0.177      0.395      0.448      0.655      0.108

  Specific indirect 2
    FLIT
    FLCONFIN
    MALE               0.803      0.328      2.450      0.014      0.375


BETWEEN

Effects from FLSCHOOL to FLIT

  Total             -101.050     21.056     -4.799      0.000      0.247
  Total indirect       0.000      0.000      0.000      1.000      0.167

  Direct
    FLIT
    FLSCHOOL        -101.050     21.056     -4.799      0.000      0.247


Effects from FLFAMILY to FLIT

  Total              -75.064     79.610     -0.943      0.346      0.188
  Total indirect       0.000      0.000     -0.545      0.585      0.167

  Direct
    FLIT
    FLFAMILY         -75.064     79.610     -0.943      0.346      0.188


Effects from NOBULLY to FLIT

  Total               73.479     66.711      1.101      0.271      0.180
  Total indirect       0.000      0.000      0.075      0.940      0.167

  Direct
    FLIT
    NOBULLY           73.479     66.711      1.101      0.271      0.180


Effects from ESCS to FLIT

  Total                0.000      0.000    999.000      0.000      0.167
  Total indirect       0.000      0.000    999.000      0.000      0.167


Effects from IMMI2GEN to FLIT

  Total                0.000      0.000    999.000      0.000      0.167
  Total indirect       0.000      0.000    999.000      0.000      0.167


Effects from MALE to FLIT

  Total                0.000      0.000    999.000      0.000      0.167
  Total indirect       0.000      0.000    999.000      0.000      0.167



STANDARDIZED TOTAL, TOTAL INDIRECT, SPECIFIC INDIRECT, AND DIRECT EFFECTS


STDYX Standardization

                                                    Two-Tailed   Rate of
                    Estimate       S.E.  Est./S.E.    P-Value    Missing

WITHIN

Effects from FLSCHOOL to FLIT

  Total               -0.085      0.023     -3.703      0.000      0.392
  Total indirect       0.026      0.005      5.170      0.000      0.315

  Specific indirect 1
    FLIT
    FCFMLRTY
    FLSCHOOL           0.019      0.004      4.352      0.000      0.310

  Specific indirect 2
    FLIT
    FLCONFIN
    FLSCHOOL           0.008      0.003      2.609      0.009      0.427

  Direct
    FLIT
    FLSCHOOL          -0.111      0.023     -4.834      0.000      0.425


Effects from FLFAMILY to FLIT

  Total                0.043      0.021      2.061      0.039      0.298
  Total indirect       0.024      0.004      5.755      0.000      0.332

  Specific indirect 1
    FLIT
    FCFMLRTY
    FLFAMILY           0.016      0.003      5.396      0.000      0.079

  Specific indirect 2
    FLIT
    FLCONFIN
    FLFAMILY           0.008      0.003      2.546      0.011      0.443

  Direct
    FLIT
    FLFAMILY           0.018      0.022      0.833      0.405      0.365


Effects from NOBULLY to FLIT

  Total                0.051      0.024      2.147      0.032      0.408
  Total indirect       0.007      0.003      2.147      0.032      0.265

  Specific indirect 1
    FLIT
    FCFMLRTY
    NOBULLY            0.008      0.003      2.732      0.006      0.287

  Specific indirect 2
    FLIT
    FLCONFIN
    NOBULLY           -0.001      0.001     -0.514      0.607      0.308

  Direct
    FLIT
    NOBULLY            0.044      0.024      1.873      0.061      0.431


Effects from ESCS to FLIT

  Total                0.118      0.024      4.982      0.000      0.332
  Total indirect       0.009      0.003      2.950      0.003      0.210

  Specific indirect 1
    FLIT
    FCFMLRTY
    ESCS               0.007      0.003      2.622      0.009      0.166

  Specific indirect 2
    FLIT
    FLCONFIN
    ESCS               0.002      0.001      1.345      0.179      0.283

  Direct
    FLIT
    ESCS               0.109      0.024      4.626      0.000      0.334


Effects from IMMI2GEN to FLIT

  Total                0.002      0.002      0.671      0.502      0.121
  Total indirect       0.002      0.002      0.671      0.502      0.121

  Specific indirect 1
    FLIT
    FCFMLRTY
    IMMI2GEN           0.001      0.002      0.360      0.719      0.137

  Specific indirect 2
    FLIT
    FLCONFIN
    IMMI2GEN           0.001      0.001      0.791      0.429      0.149


Effects from MALE to FLIT

  Total                0.006      0.003      1.908      0.056      0.131
  Total indirect       0.006      0.003      1.908      0.056      0.131

  Specific indirect 1
    FLIT
    FCFMLRTY
    MALE               0.001      0.003      0.449      0.653      0.110

  Specific indirect 2
    FLIT
    FLCONFIN
    MALE               0.005      0.002      2.452      0.014      0.376


BETWEEN

Effects from FLSCHOOL to FLIT

  Total               -0.664      0.125     -5.305      0.000      0.255
  Total indirect       0.000      0.000      0.000      1.000      0.167

  Direct
    FLIT
    FLSCHOOL          -0.664      0.125     -5.305      0.000      0.255


Effects from FLFAMILY to FLIT

  Total               -0.218      0.208     -1.047      0.295      0.162
  Total indirect       0.000      0.000      0.000      1.000      0.167

  Direct
    FLIT
    FLFAMILY          -0.218      0.208     -1.047      0.295      0.162


Effects from NOBULLY to FLIT

  Total                0.267      0.236      1.130      0.258      0.194
  Total indirect       0.000      0.000      0.000      1.000      0.167

  Direct
    FLIT
    NOBULLY            0.267      0.236      1.130      0.258      0.194


Effects from ESCS to FLIT

  Total                0.000      0.000      0.000      1.000      0.167
  Total indirect       0.000      0.000      0.000      1.000      0.167


Effects from IMMI2GEN to FLIT

  Total                0.000      0.000      0.000      1.000      0.167
  Total indirect       0.000      0.000      0.000      1.000      0.167


Effects from MALE to FLIT

  Total                0.000      0.000      0.000      1.000      0.167
  Total indirect       0.000      0.000      0.000      1.000      0.167




TECHNICAL 1 OUTPUT


     PARAMETER SPECIFICATION FOR WITHIN


           NU
              FLIT          FCFMLRTY      FLCONFIN      FLSCHOOL      NOBULLY
              ________      ________      ________      ________      ________
                    0             0             0             0             0


           NU
              FLFAMILY      IMMI1GEN      IMMI2GEN      ESCS          MALE
              ________      ________      ________      ________      ________
                    0             0             0             0             0


           LAMBDA
              FLIT          FCFMLRTY      FLCONFIN      FLSCHOOL      NOBULLY
              ________      ________      ________      ________      ________
 FLIT               0             0             0             0             0
 FCFMLRTY           0             0             0             0             0
 FLCONFIN           0             0             0             0             0
 FLSCHOOL           0             0             0             0             0
 NOBULLY            0             0             0             0             0
 FLFAMILY           0             0             0             0             0
 IMMI1GEN           0             0             0             0             0
 IMMI2GEN           0             0             0             0             0
 ESCS               0             0             0             0             0
 MALE               0             0             0             0             0


           LAMBDA
              FLFAMILY      IMMI1GEN      IMMI2GEN      ESCS          MALE
              ________      ________      ________      ________      ________
 FLIT               0             0             0             0             0
 FCFMLRTY           0             0             0             0             0
 FLCONFIN           0             0             0             0             0
 FLSCHOOL           0             0             0             0             0
 NOBULLY            0             0             0             0             0
 FLFAMILY           0             0             0             0             0
 IMMI1GEN           0             0             0             0             0
 IMMI2GEN           0             0             0             0             0
 ESCS               0             0             0             0             0
 MALE               0             0             0             0             0


           THETA
              FLIT          FCFMLRTY      FLCONFIN      FLSCHOOL      NOBULLY
              ________      ________      ________      ________      ________
 FLIT               0
 FCFMLRTY           0             0
 FLCONFIN           0             0             0
 FLSCHOOL           0             0             0             0
 NOBULLY            0             0             0             0             0
 FLFAMILY           0             0             0             0             0
 IMMI1GEN           0             0             0             0             0
 IMMI2GEN           0             0             0             0             0
 ESCS               0             0             0             0             0
 MALE               0             0             0             0             0


           THETA
              FLFAMILY      IMMI1GEN      IMMI2GEN      ESCS          MALE
              ________      ________      ________      ________      ________
 FLFAMILY           0
 IMMI1GEN           0             0
 IMMI2GEN           0             0             0
 ESCS               0             0             0             0
 MALE               0             0             0             0             0


           ALPHA
              FLIT          FCFMLRTY      FLCONFIN      FLSCHOOL      NOBULLY
              ________      ________      ________      ________      ________
                    0             1             2             0             0


           ALPHA
              FLFAMILY      IMMI1GEN      IMMI2GEN      ESCS          MALE
              ________      ________      ________      ________      ________
                    0             3             4             5             0


           BETA
              FLIT          FCFMLRTY      FLCONFIN      FLSCHOOL      NOBULLY
              ________      ________      ________      ________      ________
 FLIT               0             6             7             8             9
 FCFMLRTY           0             0             0            13            14
 FLCONFIN           0             0             0            19            20
 FLSCHOOL           0             0             0             0             0
 NOBULLY            0             0             0             0             0
 FLFAMILY           0             0             0             0             0
 IMMI1GEN           0             0             0             0             0
 IMMI2GEN           0             0             0             0             0
 ESCS               0             0             0             0             0
 MALE               0             0             0             0             0


           BETA
              FLFAMILY      IMMI1GEN      IMMI2GEN      ESCS          MALE
              ________      ________      ________      ________      ________
 FLIT              10            11             0            12             0
 FCFMLRTY          15             0            16            17            18
 FLCONFIN          21             0            22            23            24
 FLSCHOOL           0             0             0             0             0
 NOBULLY            0             0             0             0             0
 FLFAMILY           0             0             0             0             0
 IMMI1GEN           0             0             0             0             0
 IMMI2GEN           0             0             0             0             0
 ESCS               0             0             0             0             0
 MALE               0             0             0             0             0


           PSI
              FLIT          FCFMLRTY      FLCONFIN      FLSCHOOL      NOBULLY
              ________      ________      ________      ________      ________
 FLIT              25
 FCFMLRTY           0            26
 FLCONFIN           0            27            28
 FLSCHOOL           0             0             0            29
 NOBULLY            0             0             0            30            31
 FLFAMILY           0             0             0            32            33
 IMMI1GEN           0             0             0             0             0
 IMMI2GEN           0             0             0             0             0
 ESCS               0             0             0            37             0
 MALE               0             0             0             0             0


           PSI
              FLFAMILY      IMMI1GEN      IMMI2GEN      ESCS          MALE
              ________      ________      ________      ________      ________
 FLFAMILY          34
 IMMI1GEN           0            35
 IMMI2GEN           0             0            36
 ESCS              38            39            40            41
 MALE               0             0             0             0             0


     PARAMETER SPECIFICATION FOR BETWEEN


           NU
              EDUSHORT      STRATIO       FLIT          FLSCHOOL      NOBULLY
              ________      ________      ________      ________      ________
                    0             0             0             0             0


           NU
              FLFAMILY
              ________
                    0


           LAMBDA
              EDUSHORT      STRATIO       FLIT          FLSCHOOL      NOBULLY
              ________      ________      ________      ________      ________
 EDUSHORT           0             0             0             0             0
 STRATIO            0             0             0             0             0
 FLIT               0             0             0             0             0
 FLSCHOOL           0             0             0             0             0
 NOBULLY            0             0             0             0             0
 FLFAMILY           0             0             0             0             0


           LAMBDA
              FLFAMILY
              ________
 EDUSHORT           0
 STRATIO            0
 FLIT               0
 FLSCHOOL           0
 NOBULLY            0
 FLFAMILY           0


           THETA
              EDUSHORT      STRATIO       FLIT          FLSCHOOL      NOBULLY
              ________      ________      ________      ________      ________
 EDUSHORT           0
 STRATIO            0             0
 FLIT               0             0             0
 FLSCHOOL           0             0             0             0
 NOBULLY            0             0             0             0             0
 FLFAMILY           0             0             0             0             0


           THETA
              FLFAMILY
              ________
 FLFAMILY           0


           ALPHA
              EDUSHORT      STRATIO       FLIT          FLSCHOOL      NOBULLY
              ________      ________      ________      ________      ________
                   42            43            44            45            46


           ALPHA
              FLFAMILY
              ________
                   47


           BETA
              EDUSHORT      STRATIO       FLIT          FLSCHOOL      NOBULLY
              ________      ________      ________      ________      ________
 EDUSHORT           0             0             0             0             0
 STRATIO            0             0             0             0             0
 FLIT              48            49             0            50            51
 FLSCHOOL           0             0             0             0             0
 NOBULLY            0             0             0             0             0
 FLFAMILY           0             0             0             0             0


           BETA
              FLFAMILY
              ________
 EDUSHORT           0
 STRATIO            0
 FLIT              52
 FLSCHOOL           0
 NOBULLY            0
 FLFAMILY           0


           PSI
              EDUSHORT      STRATIO       FLIT          FLSCHOOL      NOBULLY
              ________      ________      ________      ________      ________
 EDUSHORT          53
 STRATIO           54            55
 FLIT               0             0            56
 FLSCHOOL          57            58             0            59
 NOBULLY           60             0             0            61            62
 FLFAMILY          63             0             0            64            65


           PSI
              FLFAMILY
              ________
 FLFAMILY          66


     STARTING VALUES FOR WITHIN


           NU
              FLIT          FCFMLRTY      FLCONFIN      FLSCHOOL      NOBULLY
              ________      ________      ________      ________      ________
                0.000         0.000         0.000         0.000         0.000


           NU
              FLFAMILY      IMMI1GEN      IMMI2GEN      ESCS          MALE
              ________      ________      ________      ________      ________
                0.000         0.000         0.000         0.000         0.000


           LAMBDA
              FLIT          FCFMLRTY      FLCONFIN      FLSCHOOL      NOBULLY
              ________      ________      ________      ________      ________
 FLIT           1.000         0.000         0.000         0.000         0.000
 FCFMLRTY       0.000         1.000         0.000         0.000         0.000
 FLCONFIN       0.000         0.000         1.000         0.000         0.000
 FLSCHOOL       0.000         0.000         0.000         1.000         0.000
 NOBULLY        0.000         0.000         0.000         0.000         1.000
 FLFAMILY       0.000         0.000         0.000         0.000         0.000
 IMMI1GEN       0.000         0.000         0.000         0.000         0.000
 IMMI2GEN       0.000         0.000         0.000         0.000         0.000
 ESCS           0.000         0.000         0.000         0.000         0.000
 MALE           0.000         0.000         0.000         0.000         0.000


           LAMBDA
              FLFAMILY      IMMI1GEN      IMMI2GEN      ESCS          MALE
              ________      ________      ________      ________      ________
 FLIT           0.000         0.000         0.000         0.000         0.000
 FCFMLRTY       0.000         0.000         0.000         0.000         0.000
 FLCONFIN       0.000         0.000         0.000         0.000         0.000
 FLSCHOOL       0.000         0.000         0.000         0.000         0.000
 NOBULLY        0.000         0.000         0.000         0.000         0.000
 FLFAMILY       1.000         0.000         0.000         0.000         0.000
 IMMI1GEN       0.000         1.000         0.000         0.000         0.000
 IMMI2GEN       0.000         0.000         1.000         0.000         0.000
 ESCS           0.000         0.000         0.000         1.000         0.000
 MALE           0.000         0.000         0.000         0.000         1.000


           THETA
              FLIT          FCFMLRTY      FLCONFIN      FLSCHOOL      NOBULLY
              ________      ________      ________      ________      ________
 FLIT           0.000
 FCFMLRTY       0.000         0.000
 FLCONFIN       0.000         0.000         0.000
 FLSCHOOL       0.000         0.000         0.000         0.000
 NOBULLY        0.000         0.000         0.000         0.000         0.000
 FLFAMILY       0.000         0.000         0.000         0.000         0.000
 IMMI1GEN       0.000         0.000         0.000         0.000         0.000
 IMMI2GEN       0.000         0.000         0.000         0.000         0.000
 ESCS           0.000         0.000         0.000         0.000         0.000
 MALE           0.000         0.000         0.000         0.000         0.000


           THETA
              FLFAMILY      IMMI1GEN      IMMI2GEN      ESCS          MALE
              ________      ________      ________      ________      ________
 FLFAMILY       0.000
 IMMI1GEN       0.000         0.000
 IMMI2GEN       0.000         0.000         0.000
 ESCS           0.000         0.000         0.000         0.000
 MALE           0.000         0.000         0.000         0.000         0.000


           ALPHA
              FLIT          FCFMLRTY      FLCONFIN      FLSCHOOL      NOBULLY
              ________      ________      ________      ________      ________
                0.000         6.164        -0.298         0.000         0.000


           ALPHA
              FLFAMILY      IMMI1GEN      IMMI2GEN      ESCS          MALE
              ________      ________      ________      ________      ________
                0.000         0.010         0.082        -0.249         0.000


           BETA
              FLIT          FCFMLRTY      FLCONFIN      FLSCHOOL      NOBULLY
              ________      ________      ________      ________      ________
 FLIT           0.000         0.000         0.000         0.000         0.000
 FCFMLRTY       0.000         0.000         0.000         0.000         0.000
 FLCONFIN       0.000         0.000         0.000         0.000         0.000
 FLSCHOOL       0.000         0.000         0.000         0.000         0.000
 NOBULLY        0.000         0.000         0.000         0.000         0.000
 FLFAMILY       0.000         0.000         0.000         0.000         0.000
 IMMI1GEN       0.000         0.000         0.000         0.000         0.000
 IMMI2GEN       0.000         0.000         0.000         0.000         0.000
 ESCS           0.000         0.000         0.000         0.000         0.000
 MALE           0.000         0.000         0.000         0.000         0.000


           BETA
              FLFAMILY      IMMI1GEN      IMMI2GEN      ESCS          MALE
              ________      ________      ________      ________      ________
 FLIT           0.000         0.000         0.000         0.000         0.000
 FCFMLRTY       0.000         0.000         0.000         0.000         0.000
 FLCONFIN       0.000         0.000         0.000         0.000         0.000
 FLSCHOOL       0.000         0.000         0.000         0.000         0.000
 NOBULLY        0.000         0.000         0.000         0.000         0.000
 FLFAMILY       0.000         0.000         0.000         0.000         0.000
 IMMI1GEN       0.000         0.000         0.000         0.000         0.000
 IMMI2GEN       0.000         0.000         0.000         0.000         0.000
 ESCS           0.000         0.000         0.000         0.000         0.000
 MALE           0.000         0.000         0.000         0.000         0.000


           PSI
              FLIT          FCFMLRTY      FLCONFIN      FLSCHOOL      NOBULLY
              ________      ________      ________      ________      ________
 FLIT        4453.712
 FCFMLRTY       0.000        17.182
 FLCONFIN       0.000         0.000         0.679
 FLSCHOOL       0.000         0.000         0.000         0.554
 NOBULLY        0.000         0.000         0.000         0.000         0.573
 FLFAMILY       0.000         0.000         0.000         0.000         0.000
 IMMI1GEN       0.000         0.000         0.000         0.000         0.000
 IMMI2GEN       0.000         0.000         0.000         0.000         0.000
 ESCS           0.000         0.000         0.000         0.000         0.000
 MALE           0.000         0.000         0.000         0.000         0.000


           PSI
              FLFAMILY      IMMI1GEN      IMMI2GEN      ESCS          MALE
              ________      ________      ________      ________      ________
 FLFAMILY       0.642
 IMMI1GEN       0.000         0.005
 IMMI2GEN       0.000         0.000         0.037
 ESCS           0.000         0.000         0.000         0.337
 MALE           0.000         0.000         0.000         0.000         0.125


     STARTING VALUES FOR BETWEEN


           NU
              EDUSHORT      STRATIO       FLIT          FLSCHOOL      NOBULLY
              ________      ________      ________      ________      ________
                0.000         0.000         0.000         0.000         0.000


           NU
              FLFAMILY
              ________
                0.000


           LAMBDA
              EDUSHORT      STRATIO       FLIT          FLSCHOOL      NOBULLY
              ________      ________      ________      ________      ________
 EDUSHORT       1.000         0.000         0.000         0.000         0.000
 STRATIO        0.000         1.000         0.000         0.000         0.000
 FLIT           0.000         0.000         1.000         0.000         0.000
 FLSCHOOL       0.000         0.000         0.000         1.000         0.000
 NOBULLY        0.000         0.000         0.000         0.000         1.000
 FLFAMILY       0.000         0.000         0.000         0.000         0.000


           LAMBDA
              FLFAMILY
              ________
 EDUSHORT       0.000
 STRATIO        0.000
 FLIT           0.000
 FLSCHOOL       0.000
 NOBULLY        0.000
 FLFAMILY       1.000


           THETA
              EDUSHORT      STRATIO       FLIT          FLSCHOOL      NOBULLY
              ________      ________      ________      ________      ________
 EDUSHORT       0.000
 STRATIO        0.000         0.000
 FLIT           0.000         0.000         0.000
 FLSCHOOL       0.000         0.000         0.000         0.000
 NOBULLY        0.000         0.000         0.000         0.000         0.000
 FLFAMILY       0.000         0.000         0.000         0.000         0.000


           THETA
              FLFAMILY
              ________
 FLFAMILY       0.000


           ALPHA
              EDUSHORT      STRATIO       FLIT          FLSCHOOL      NOBULLY
              ________      ________      ________      ________      ________
                0.273        12.512       443.658        -0.352         0.044


           ALPHA
              FLFAMILY
              ________
                0.189


           BETA
              EDUSHORT      STRATIO       FLIT          FLSCHOOL      NOBULLY
              ________      ________      ________      ________      ________
 EDUSHORT       0.000         0.000         0.000         0.000         0.000
 STRATIO        0.000         0.000         0.000         0.000         0.000
 FLIT           0.000         0.000         0.000         0.000         0.000
 FLSCHOOL       0.000         0.000         0.000         0.000         0.000
 NOBULLY        0.000         0.000         0.000         0.000         0.000
 FLFAMILY       0.000         0.000         0.000         0.000         0.000


           BETA
              FLFAMILY
              ________
 EDUSHORT       0.000
 STRATIO        0.000
 FLIT           0.000
 FLSCHOOL       0.000
 NOBULLY        0.000
 FLFAMILY       0.000


           PSI
              EDUSHORT      STRATIO       FLIT          FLSCHOOL      NOBULLY
              ________      ________      ________      ________      ________
 EDUSHORT       0.259
 STRATIO        0.000        75.891
 FLIT           0.000         0.000      4453.712
 FLSCHOOL       0.000         0.000         0.000         0.554
 NOBULLY        0.000         0.000         0.000         0.000         0.573
 FLFAMILY       0.000         0.000         0.000         0.000         0.000


           PSI
              FLFAMILY
              ________
 FLFAMILY       0.642


     Beginning Time:  18:22:56
        Ending Time:  18:23:54
       Elapsed Time:  00:00:58



MUTHEN & MUTHEN
3463 Stoner Ave.
Los Angeles, CA  90066

Tel: (310) 391-9971
Fax: (310) 391-8971
Web: www.StatModel.com
Support: Support@StatModel.com

Copyright (c) 1998-2020 Muthen & Muthen
