Mplus VERSION 8.5 (Linux)
MUTHEN & MUTHEN
04/18/2021   3:56 PM

INPUT INSTRUCTIONS


  TITLE:
      Two-level structured model 840

  DATA:
      file = "~/implist.dat";

      type = imputation;


      VARIABLE:
      names =
          FKI CNTRYID CNTSCHID W_STU
          MATH READ FLIT                      ! PISA achievement variables
          MALE IMMI1GEN IMMI2GEN ESCS         ! Demographic info
          FCFMLRTY FLCONFIN                   ! Affect
          FLSCHOOL                            !   Lat var "Academic"
          NOBULLY                             !   Lat var "Safety"
          FLFAMILY                            !   Lat var "Community"
          W_SCH STRATIO                       ! School character
          EDUSHORT                            !   Lat var "inst. env."
          ;

      useobs = CNTRYID eq 840;          ! Pull out one country at a time

      usevar =
          FLIT                                ! PISA achievement variables
          FLSCHOOL                            !   Lat var "Academic"
          NOBULLY                             !   Lat var "Safety"
          FLFAMILY                            !   Lat var "Community"
          EDUSHORT STRATIO                    !   Lat var "Inst env"
          FCFMLRTY FLCONFIN                   ! Affect
          MALE IMMI1GEN IMMI2GEN ESCS         ! Demographic info
          ;

      ! Vars that ONLY appear in L1
      within =
          FCFMLRTY FLCONFIN                   ! Affective vars
          MALE IMMI1GEN IMMI2GEN ESCS         ! L1 control vars
          ;

      ! Vars that ONLY appear in L2
      between =
          EDUSHORT STRATIO                    ! L2: school
          ;

      weight = W_STU;                         ! Student weight
      wtscale = cluster;                      ! Scale L1 weight to cluster size
      bweight = W_SCH;                        ! School weight
      bwtscale = sample;                      ! Scale L2 weight to sample

      cluster = CNTSCHID;                     ! Cluster by school ID


  ANALYSIS:
      processors = 64;

      type = twolevel;


  MODEL:

  %Within%                                    ! === L1: Student-level ===

      ! Save the variances of L1 FLSCHOOL, FLFAMILY, NOBULLY and FLIT
      FLSCHOOL (va_w);                        ! variance of academic (within)
      FLFAMILY (vc_w);                        ! variance of community (within)
      NOBULLY (vs_w);                         ! variance of safety (within)
      FLIT (vf_w);                            ! variance of FLIT (within)

      ! Indirect pathways (1st half): school climate vars onto mediators
          ! Onto mediator FAMILIARITY
      FCFMLRTY on
          FLSCHOOL FLFAMILY NOBULLY
          ESCS IMMI2GEN MALE
          ;
          ! Onto mediator CONFIDENCE
      FLCONFIN on
          FLSCHOOL FLFAMILY NOBULLY
          ESCS IMMI2GEN MALE
          ;

      ! Total effect
      FLIT on
          ! Indirect pathways (2nd half): affective vars onto financial literacy
          FCFMLRTY FLCONFIN
          ! Direct pathways: school climate vars onto financial literacy
          FLSCHOOL (a_w)                      ! academic_within
          FLFAMILY (c_w)                      ! community_within
          NOBULLY (s_w)                       ! safety_within
          ! Demographic vars
          ESCS IMMI1GEN
          ;

      ! Covariances

          ! Between school climate vars
      FLSCHOOL with FLFAMILY;
      FLFAMILY with NOBULLY;
      FLSCHOOL with NOBULLY;

          ! Between mediators
      FCFMLRTY with FLCONFIN;

          ! SES with school climate vars
      ESCS with FLSCHOOL FLFAMILY;
          ! SES with demographic vars
      ESCS with IMMI1GEN IMMI2GEN;

  %Between%                                   ! === L2: School-level ===

      ! Save the variances of L1 FLSCHOOL, FLFAMILY and NOBULLY
      FLSCHOOL (va_b);                        ! variance of academic (between)
      FLFAMILY (vc_b);                        ! variance of community (between)
      NOBULLY (vs_b);                         ! variance of safety (between)
      FLIT (vf_b);                            ! variance of FLIT (between)

      FLIT on                                 ! School climate variables
          FLSCHOOL (a_b)                          ! academic_between
          FLFAMILY (c_b)                          ! community_between
          NOBULLY (s_b)                           ! safety_between
          EDUSHORT
          STRATIO                             ! Control: Student-teacher ratio
          ;

      ! Covariances

          ! Between school climate vars
      FLSCHOOL with FLFAMILY;
      FLFAMILY with NOBULLY;
      NOBULLY with EDUSHORT;

      FLSCHOOL with NOBULLY;
      FLFAMILY with EDUSHORT;

      FLSCHOOL with EDUSHORT;

      STRATIO with FLSCHOOL EDUSHORT;


  MODEL INDIRECT:

      ! Indirect effects
      FLIT ind FLSCHOOL;
      FLIT ind FLFAMILY;
      FLIT ind NOBULLY;

      FLIT ind ESCS;
      FLIT ind IMMI2GEN;
      FLIT ind MALE;


  MODEL CONSTRAINT:

      ! Save non-standardised contextual effects
      new(ctx_a);
      ctx_a = a_b - a_w;
      new(ctx_c);
      ctx_c = c_b - c_w;
      new(ctx_s);
      ctx_s = s_b - s_w;

      ! Standardise contextual effects
      new(ctx_a_st);
      ctx_a_st = ctx_a*(sqrt(va_b)/sqrt(va_b*a_b**2+vf_b+va_w*a_w**2+vf_w));
      new(ctx_c_st);
      ctx_c_st = ctx_c*(sqrt(vc_b)/sqrt(vc_b*c_b**2+vf_b+vc_w*c_w**2+vf_w));
      new(ctx_s_st);
      ctx_s_st = ctx_s*(sqrt(vs_b)/sqrt(vs_b*s_b**2+vf_b+vs_w*s_w**2+vf_w));

      ! Compute effect sizes (EF)
      new(es1_a);
      es1_a = ctx_a*(2*sqrt(va_b)/sqrt(vf_w));
      new(es1_c);
      es1_c = ctx_c*(2*sqrt(vc_b)/sqrt(vf_w));
      new(es1_s);
      es1_s = ctx_s*(2*sqrt(vs_b)/sqrt(vf_w));

      new(es2_a);
      es2_a = ctx_a*(2*sqrt(va_b)/sqrt(va_w*a_w**2+vf_w));
      new(es2_c);
      es2_c = ctx_c*(2*sqrt(vc_b)/sqrt(vc_w*c_w**2+vf_w));
      new(es2_s);
      es2_s = ctx_s*(2*sqrt(vs_b)/sqrt(vs_w*s_w**2+vf_w));

      new(es3_a);
      es3_a = ctx_a*(2*sqrt(va_b)/sqrt(va_b*a_b**2+va_w*a_w**2+vf_w));
      new(es3_c);
      es3_c = ctx_c*(2*sqrt(vc_b)/sqrt(vc_b*c_b**2+vc_w*c_w**2+vf_w));
      new(es3_s);
      es3_s = ctx_s*(2*sqrt(vs_b)/sqrt(vs_b*s_b**2+vs_w*s_w**2+vf_w));


  OUTPUT:
      stdyx                                   ! Fully standardised solution
      ;



INPUT READING TERMINATED NORMALLY




Two-level structured model 840

SUMMARY OF ANALYSIS

Number of groups                                                 1
Average number of observations                                3738

Number of replications
    Requested                                                   10
    Completed                                                   10

Number of dependent variables                                    3
Number of independent variables                                  9
Number of continuous latent variables                            0

Observed dependent variables

  Continuous
   FLIT        FCFMLRTY    FLCONFIN

Observed independent variables
   FLSCHOOL    NOBULLY     FLFAMILY    EDUSHORT    STRATIO     MALE
   IMMI1GEN    IMMI2GEN    ESCS

Variables with special functions

  Cluster variable      CNTSCHID
  Weight variable (cluster-size scaling)
    W_STU
  Between weight variable (sample-size scaling)
    W_SCH

  Within variables
   FCFMLRTY    FLCONFIN    MALE        IMMI1GEN    IMMI2GEN    ESCS

  Between variables
   EDUSHORT    STRATIO


Estimator                                                      MLR
Information matrix                                        OBSERVED
Maximum number of iterations                                   100
Convergence criterion                                    0.100D-05
Maximum number of EM iterations                                500
Convergence criteria for the EM algorithm
  Loglikelihood change                                   0.100D-02
  Relative loglikelihood change                          0.100D-05
  Derivative                                             0.100D-03
Minimum variance                                         0.100D-03
Maximum number of steepest descent iterations                   20
Maximum number of iterations for H1                           2000
Convergence criterion for H1                             0.100D-03
Optimization algorithm                                         EMA

Input data file(s)
  Multiple data files from
    ~/implist.dat
Input data format  FREE


SUMMARY OF DATA FOR THE FIRST DATA SET

     Number of clusters                        163

     Average cluster size       22.933

     Estimated Intraclass Correlations for the Y Variables

                Intraclass              Intraclass              Intraclass
     Variable  Correlation   Variable  Correlation   Variable  Correlation

     FLIT         0.084      FCFMLRTY     0.000      FLCONFIN     0.000
     FLSCHOOL     0.054      NOBULLY      0.030      FLFAMILY     0.010
     IMMI1GEN     0.000      IMMI2GEN     0.000      ESCS         0.000



SAMPLE STATISTICS

NOTE:  The sample statistics for within and between refer to the
       maximum-likelihood estimated within and between covariance
       matrices, respectively.

NOTE:  These are average results over 10 data sets.


     ESTIMATED SAMPLE STATISTICS FOR WITHIN


           Means
              EDUSHORT      STRATIO       FLIT          FCFMLRTY      FLCONFIN
              ________      ________      ________      ________      ________
                0.000         0.000         0.000         6.899        -0.173


           Means
              FLSCHOOL      NOBULLY       FLFAMILY      IMMI1GEN      IMMI2GEN
              ________      ________      ________      ________      ________
                0.000         0.000         0.000         0.058         0.174


           Means
              ESCS          MALE
              ________      ________
                0.070         0.499


           Covariances
              EDUSHORT      STRATIO       FLIT          FCFMLRTY      FLCONFIN
              ________      ________      ________      ________      ________
 EDUSHORT       0.000
 STRATIO        0.000         0.000
 FLIT           0.000         0.000      8989.524
 FCFMLRTY       0.000         0.000        97.179        24.564
 FLCONFIN       0.000         0.000         1.978         1.274         1.064
 FLSCHOOL       0.000         0.000        -6.706         1.586         0.245
 NOBULLY        0.000         0.000         7.166         0.100         0.016
 FLFAMILY       0.000         0.000        -1.103         0.651         0.244
 IMMI1GEN       0.000         0.000        -1.691        -0.061         0.003
 IMMI2GEN       0.000         0.000        -0.741        -0.144        -0.017
 ESCS           0.000         0.000        30.458         0.911         0.008
 MALE           0.000         0.000         1.920         0.192         0.084


           Covariances
              FLSCHOOL      NOBULLY       FLFAMILY      IMMI1GEN      IMMI2GEN
              ________      ________      ________      ________      ________
 FLSCHOOL       1.107
 NOBULLY       -0.021         1.057
 FLFAMILY       0.205        -0.040         1.106
 IMMI1GEN      -0.003         0.006        -0.003         0.054
 IMMI2GEN      -0.004         0.017        -0.001        -0.010         0.144
 ESCS           0.022         0.022         0.074        -0.019        -0.083
 MALE           0.041        -0.019        -0.032        -0.001        -0.003


           Covariances
              ESCS          MALE
              ________      ________
 ESCS           1.082
 MALE          -0.008         0.250


           Correlations
              EDUSHORT      STRATIO       FLIT          FCFMLRTY      FLCONFIN
              ________      ________      ________      ________      ________
 EDUSHORT       0.000
 STRATIO        0.000         0.000
 FLIT           0.000         0.000         1.000
 FCFMLRTY       0.000         0.000         0.207         1.000
 FLCONFIN       0.000         0.000         0.020         0.249         1.000
 FLSCHOOL       0.000         0.000        -0.067         0.304         0.226
 NOBULLY        0.000         0.000         0.074         0.020         0.015
 FLFAMILY       0.000         0.000        -0.011         0.125         0.225
 IMMI1GEN       0.000         0.000        -0.077        -0.052         0.013
 IMMI2GEN       0.000         0.000        -0.021        -0.077        -0.043
 ESCS           0.000         0.000         0.309         0.177         0.008
 MALE           0.000         0.000         0.040         0.078         0.163


           Correlations
              FLSCHOOL      NOBULLY       FLFAMILY      IMMI1GEN      IMMI2GEN
              ________      ________      ________      ________      ________
 FLSCHOOL       1.000
 NOBULLY       -0.020         1.000
 FLFAMILY       0.185        -0.037         1.000
 IMMI1GEN      -0.010         0.026        -0.012         1.000
 IMMI2GEN      -0.011         0.044        -0.002        -0.114         1.000
 ESCS           0.020         0.021         0.068        -0.076        -0.211
 MALE           0.078        -0.037        -0.062        -0.007        -0.016


           Correlations
              ESCS          MALE
              ________      ________
 ESCS           1.000
 MALE          -0.016         1.000


     ESTIMATED SAMPLE STATISTICS FOR BETWEEN


           Means
              EDUSHORT      STRATIO       FLIT          FCFMLRTY      FLCONFIN
              ________      ________      ________      ________      ________
               -0.423        16.614       505.034         0.000         0.000


           Means
              FLSCHOOL      NOBULLY       FLFAMILY      IMMI1GEN      IMMI2GEN
              ________      ________      ________      ________      ________
               -0.089        -0.143         0.121         0.000         0.000


           Means
              ESCS          MALE
              ________      ________
                0.000         0.000


           Covariances
              EDUSHORT      STRATIO       FLIT          FCFMLRTY      FLCONFIN
              ________      ________      ________      ________      ________
 EDUSHORT       0.931
 STRATIO       -0.757        91.798
 FLIT          -4.184        32.076       894.810
 FCFMLRTY       0.000         0.000         0.000         0.000
 FLCONFIN       0.000         0.000         0.000         0.000         0.000
 FLSCHOOL       0.028        -0.616        -4.987         0.000         0.000
 NOBULLY        0.011         0.014        -0.629         0.000         0.000
 FLFAMILY       0.012        -0.092        -2.684         0.000         0.000
 IMMI1GEN       0.000         0.000         0.000         0.000         0.000
 IMMI2GEN       0.000         0.000         0.000         0.000         0.000
 ESCS           0.000         0.000         0.000         0.000         0.000
 MALE           0.000         0.000         0.000         0.000         0.000


           Covariances
              FLSCHOOL      NOBULLY       FLFAMILY      IMMI1GEN      IMMI2GEN
              ________      ________      ________      ________      ________
 FLSCHOOL       0.062
 NOBULLY       -0.003         0.032
 FLFAMILY       0.012         0.002         0.012
 IMMI1GEN       0.000         0.000         0.000         0.000
 IMMI2GEN       0.000         0.000         0.000         0.000         0.000
 ESCS           0.000         0.000         0.000         0.000         0.000
 MALE           0.000         0.000         0.000         0.000         0.000


           Covariances
              ESCS          MALE
              ________      ________
 ESCS           0.000
 MALE           0.000         0.000


           Correlations
              EDUSHORT      STRATIO       FLIT          FCFMLRTY      FLCONFIN
              ________      ________      ________      ________      ________
 EDUSHORT       1.000
 STRATIO       -0.082         1.000
 FLIT          -0.145         0.112         1.000
 FCFMLRTY       0.000         0.000         0.000         0.000
 FLCONFIN       0.000         0.000         0.000         0.000         0.000
 FLSCHOOL       0.119        -0.259        -0.672         0.000         0.000
 NOBULLY        0.066         0.008        -0.117         0.000         0.000
 FLFAMILY       0.112        -0.089        -0.827         0.000         0.000
 IMMI1GEN       0.000         0.000         0.000         0.000         0.000
 IMMI2GEN       0.000         0.000         0.000         0.000         0.000
 ESCS           0.000         0.000         0.000         0.000         0.000
 MALE           0.000         0.000         0.000         0.000         0.000


           Correlations
              FLSCHOOL      NOBULLY       FLFAMILY      IMMI1GEN      IMMI2GEN
              ________      ________      ________      ________      ________
 FLSCHOOL       1.000
 NOBULLY       -0.077         1.000
 FLFAMILY       0.446         0.099         1.000
 IMMI1GEN       0.000         0.000         0.000         0.000
 IMMI2GEN       0.000         0.000         0.000         0.000         0.000
 ESCS           0.000         0.000         0.000         0.000         0.000
 MALE           0.000         0.000         0.000         0.000         0.000


           Correlations
              ESCS          MALE
              ________      ________
 ESCS           0.000
 MALE           0.000         0.000




MODEL FIT INFORMATION

Number of Free Parameters                       66

Loglikelihood

    H0 Value

        Mean                            -62392.402
        Std Dev                             42.726
        Number of successful computations       10

             Proportions                   Percentiles
        Expected    Observed         Expected       Observed
           0.990       1.000       -62491.795     -62456.179
           0.980       1.000       -62480.148     -62456.179
           0.950       1.000       -62462.682     -62456.179
           0.900       0.900       -62447.159     -62456.179
           0.800       0.900       -62428.360     -62456.179
           0.700       0.600       -62414.808     -62417.439
           0.500       0.300       -62392.402     -62409.751
           0.300       0.300       -62369.997     -62395.897
           0.200       0.300       -62356.445     -62352.214
           0.100       0.200       -62337.645     -62330.149
           0.050       0.100       -62322.123     -62330.149
           0.020       0.000       -62304.657     -62330.149
           0.010       0.000       -62293.010     -62330.149

    H1 Value

        Mean                            -62321.962
        Std Dev                             41.678
        Number of successful computations       10

             Proportions                   Percentiles
        Expected    Observed         Expected       Observed
           0.990       1.000       -62418.919     -62386.860
           0.980       1.000       -62407.557     -62386.860
           0.950       1.000       -62390.519     -62386.860
           0.900       0.900       -62375.377     -62386.860
           0.800       0.900       -62357.039     -62386.860
           0.700       0.600       -62343.819     -62348.077
           0.500       0.300       -62321.962     -62334.036
           0.300       0.300       -62300.106     -62327.754
           0.200       0.200       -62286.886     -62289.728
           0.100       0.200       -62268.547     -62257.147
           0.050       0.100       -62253.405     -62257.147
           0.020       0.000       -62236.367     -62257.147
           0.010       0.000       -62225.006     -62257.147

Information Criteria

    Akaike (AIC)

        Mean                            124916.805
        Std Dev                             85.451
        Number of successful computations       10

             Proportions                   Percentiles
        Expected    Observed         Expected       Observed
           0.990       1.000       124718.020     124762.609
           0.980       1.000       124741.314     124762.609
           0.950       0.900       124776.246     124762.609
           0.900       0.800       124807.291     124762.609
           0.800       0.700       124844.889     124762.609
           0.700       0.700       124871.994     124836.427
           0.500       0.700       124916.805     124943.473
           0.300       0.400       124961.615     124964.898
           0.200       0.100       124988.720     124966.878
           0.100       0.100       125026.319     124981.811
           0.050       0.000       125057.363     124981.811
           0.020       0.000       125092.296     124981.811
           0.010       0.000       125115.590     124981.811

    Bayesian (BIC)

        Mean                            125327.741
        Std Dev                             85.451
        Number of successful computations       10

             Proportions                   Percentiles
        Expected    Observed         Expected       Observed
           0.990       1.000       125128.956     125173.545
           0.980       1.000       125152.250     125173.545
           0.950       0.900       125187.183     125173.545
           0.900       0.800       125218.227     125173.545
           0.800       0.700       125255.825     125173.545
           0.700       0.700       125282.931     125247.364
           0.500       0.700       125327.741     125354.410
           0.300       0.400       125372.552     125375.834
           0.200       0.100       125399.657     125377.814
           0.100       0.100       125437.255     125392.747
           0.050       0.000       125468.299     125392.747
           0.020       0.000       125503.232     125392.747
           0.010       0.000       125526.526     125392.747

    Sample-Size Adjusted BIC (n* = (n + 2) / 24)

        Mean                            125118.025
        Std Dev                             85.451
        Number of successful computations       10

             Proportions                   Percentiles
        Expected    Observed         Expected       Observed
           0.990       1.000       124919.240     124963.829
           0.980       1.000       124942.534     124963.829
           0.950       0.900       124977.466     124963.829
           0.900       0.800       125008.511     124963.829
           0.800       0.700       125046.109     124963.829
           0.700       0.700       125073.214     125037.647
           0.500       0.700       125118.025     125144.693
           0.300       0.400       125162.835     125166.118
           0.200       0.100       125189.940     125168.097
           0.100       0.100       125227.539     125183.031
           0.050       0.000       125258.583     125183.031
           0.020       0.000       125293.516     125183.031
           0.010       0.000       125316.810     125183.031

Chi-Square Test of Model Fit

        Degrees of freedom                      20

        Mean                               136.632
        Std Dev                              8.063
        Number of successful computations       10

             Proportions                   Percentiles
        Expected    Observed         Expected       Observed
           0.990       1.000            8.260        119.616
           0.980       1.000            9.237        119.616
           0.950       1.000           10.851        119.616
           0.900       1.000           12.443        119.616
           0.800       1.000           14.578        119.616
           0.700       1.000           16.266        133.167
           0.500       1.000           19.337        134.007
           0.300       1.000           22.775        140.982
           0.200       1.000           25.038        143.382
           0.100       1.000           28.412        146.575
           0.050       1.000           31.410        146.575
           0.020       1.000           35.020        146.575
           0.010       1.000           37.566        146.575

RMSEA (Root Mean Square Error Of Approximation)

        Mean                                 0.039
        Std Dev                              0.001
        Number of successful computations       10

        Cumulative Distribution Function
           Value    Function Value
           0.990       1.000
           0.980       1.000
           0.950       1.000
           0.900       1.000
           0.800       1.000
           0.700       1.000
           0.500       1.000
           0.300       1.000
           0.200       1.000
           0.100       1.000
           0.050       1.000
           0.020       0.000
           0.010       0.000

CFI/TLI

    CFI

        Mean                                 0.934
        Std Dev                              0.005
        Number of successful computations       10

        Cumulative Distribution Function
           Value    Function Value
           0.990       1.000
           0.980       1.000
           0.950       1.000
           0.900       0.000
           0.800       0.000
           0.700       0.000
           0.500       0.000
           0.300       0.000
           0.200       0.000
           0.100       0.000
           0.050       0.000
           0.020       0.000
           0.010       0.000

    TLI

        Mean                                 0.802
        Std Dev                              0.014
        Number of successful computations       10

        Cumulative Distribution Function
           Value    Function Value
           0.990       1.000
           0.980       1.000
           0.950       1.000
           0.900       1.000
           0.800       0.400
           0.700       0.000
           0.500       0.000
           0.300       0.000
           0.200       0.000
           0.100       0.000
           0.050       0.000
           0.020       0.000
           0.010       0.000

SRMR (Standardized Root Mean Square Residual) for the WITHIN level

        Mean                                 0.025
        Std Dev                              0.001
        Number of successful computations       10

        Cumulative Distribution Function
           Value    Function Value
           0.990       1.000
           0.980       1.000
           0.950       1.000
           0.900       1.000
           0.800       1.000
           0.700       1.000
           0.500       1.000
           0.300       1.000
           0.200       1.000
           0.100       1.000
           0.050       1.000
           0.020       0.000
           0.010       0.000

SRMR (Standardized Root Mean Square Residual) for the BETWEEN level

        Mean                                 0.048
        Std Dev                              0.013
        Number of successful computations       10

        Cumulative Distribution Function
           Value    Function Value
           0.990       1.000
           0.980       1.000
           0.950       1.000
           0.900       1.000
           0.800       1.000
           0.700       1.000
           0.500       1.000
           0.300       1.000
           0.200       1.000
           0.100       1.000
           0.050       0.700
           0.020       0.000
           0.010       0.000



MODEL RESULTS

                                                    Two-Tailed   Rate of
                    Estimate       S.E.  Est./S.E.    P-Value    Missing

Within Level

 FCFMLRTY   ON
    FLSCHOOL           1.337      0.090     14.814      0.000      0.029
    FLFAMILY           0.311      0.094      3.321      0.001      0.098
    NOBULLY            0.137      0.089      1.539      0.124      0.094
    ESCS               0.755      0.092      8.204      0.000      0.097
    IMMI2GEN          -0.535      0.251     -2.127      0.033      0.052
    MALE               0.623      0.168      3.712      0.000      0.092

 FLCONFIN   ON
    FLSCHOOL           0.172      0.019      9.068      0.000      0.147
    FLFAMILY           0.202      0.018     11.077      0.000      0.095
    NOBULLY            0.035      0.017      2.036      0.042      0.098
    ESCS              -0.016      0.019     -0.885      0.376      0.158
    IMMI2GEN          -0.118      0.051     -2.294      0.022      0.084
    MALE               0.335      0.035      9.597      0.000      0.153

 FLIT       ON
    FCFMLRTY           3.757      0.366     10.270      0.000      0.084
    FLCONFIN           0.491      1.735      0.283      0.777      0.113
    FLSCHOOL         -11.368      1.685     -6.745      0.000      0.271
    FLFAMILY          -2.812      1.747     -1.610      0.107      0.272
    NOBULLY            5.493      1.739      3.158      0.002      0.182
    ESCS              24.937      2.090     11.932      0.000      0.129
    IMMI1GEN         -20.934      8.201     -2.553      0.011      0.105

 FLSCHOOL WITH
    FLFAMILY           0.205      0.022      9.427      0.000      0.075
    NOBULLY           -0.020      0.021     -0.986      0.324      0.086
    ESCS               0.019      0.024      0.825      0.409      0.044

 FLFAMILY WITH
    NOBULLY           -0.043      0.020     -2.135      0.033      0.185
    ESCS               0.073      0.020      3.631      0.000      0.056

 FCFMLRTY WITH
    FLCONFIN           0.801      0.101      7.904      0.000      0.131

 ESCS     WITH
    IMMI1GEN          -0.024      0.007     -3.733      0.000      0.014
    IMMI2GEN          -0.088      0.014     -6.348      0.000      0.008

 Means
    IMMI1GEN           0.058      0.006      9.629      0.000      0.009
    IMMI2GEN           0.174      0.015     11.322      0.000      0.002
    ESCS               0.070      0.044      1.617      0.106      0.004

 Intercepts
    FCFMLRTY           6.628      0.135     49.201      0.000      0.036
    FLCONFIN          -0.318      0.030    -10.586      0.000      0.080

 Variances
    FLSCHOOL           1.107      0.030     37.047      0.000      0.085
    NOBULLY            1.054      0.033     32.130      0.000      0.033
    FLFAMILY           1.106      0.029     38.083      0.000      0.082
    IMMI1GEN           0.054      0.005     10.290      0.000      0.000
    IMMI2GEN           0.144      0.010     14.408      0.000      0.000
    ESCS               1.087      0.042     25.902      0.000      0.016

 Residual Variances
    FLIT            7699.591    263.085     29.267      0.000      0.484
    FCFMLRTY          21.344      0.617     34.581      0.000      0.091
    FLCONFIN           0.942      0.027     35.462      0.000      0.051

Between Level

 FLIT       ON
    FLSCHOOL         -51.251     32.099     -1.597      0.110      0.041
    FLFAMILY        -175.857    126.080     -1.395      0.163      0.021
    NOBULLY           -5.489     32.456     -0.169      0.866      0.070
    EDUSHORT          -0.940      5.145     -0.183      0.855      0.144
    STRATIO            0.008      0.325      0.025      0.980      0.149

 FLSCHOOL WITH
    FLFAMILY           0.012      0.006      1.859      0.063      0.094
    NOBULLY           -0.007      0.007     -1.040      0.299      0.053
    EDUSHORT           0.027      0.030      0.911      0.362      0.161
    STRATIO           -0.604      0.253     -2.384      0.017      0.126

 FLFAMILY WITH
    NOBULLY            0.001      0.005      0.264      0.792      0.047
    EDUSHORT           0.013      0.020      0.643      0.520      0.110

 NOBULLY  WITH
    EDUSHORT           0.007      0.023      0.298      0.765      0.157

 STRATIO  WITH
    EDUSHORT          -0.748      0.729     -1.027      0.305      0.152

 Means
    EDUSHORT          -0.423      0.082     -5.136      0.000      0.097
    STRATIO           16.614      0.802     20.728      0.000      0.105
    FLSCHOOL          -0.090      0.030     -3.032      0.002      0.015
    NOBULLY           -0.142      0.024     -5.940      0.000      0.062
    FLFAMILY           0.120      0.020      5.954      0.000      0.076

 Intercepts
    FLIT             493.961     19.147     25.798      0.000      0.034

 Variances
    EDUSHORT           0.931      0.102      9.170      0.000      0.141
    STRATIO           91.798     35.898      2.557      0.011      0.009
    FLSCHOOL           0.063      0.012      5.401      0.000      0.087
    NOBULLY            0.035      0.011      3.244      0.001      0.037
    FLFAMILY           0.011      0.006      1.797      0.072      0.055

 Residual Variances
    FLIT             200.566    217.642      0.922      0.357      0.086

New/Additional Parameters
    CTX_A            -39.883     32.166     -1.240      0.215      0.000
    CTX_C           -173.044    126.207     -1.371      0.170      0.000
    CTX_S            -10.982     32.510     -0.338      0.736      0.000
    CTX_A_ST          -0.110      0.086     -1.278      0.201      0.000
    CTX_C_ST          -0.199      0.102     -1.956      0.050      0.000
    CTX_S_ST          -0.023      0.068     -0.341      0.733      0.000
    ES1_A             -0.228      0.183     -1.248      0.212      0.000
    ES1_C             -0.412      0.215     -1.919      0.055      0.000
    ES1_S             -0.047      0.138     -0.340      0.734      0.000
    ES2_A             -0.226      0.181     -1.248      0.212      0.000
    ES2_C             -0.412      0.215     -1.918      0.055      0.000
    ES2_S             -0.047      0.138     -0.340      0.734      0.000
    ES3_A             -0.223      0.176     -1.269      0.204      0.000
    ES3_C             -0.403      0.202     -1.997      0.046      0.000
    ES3_S             -0.047      0.138     -0.340      0.734      0.000


STANDARDIZED MODEL RESULTS


STDYX Standardization

                                                    Two-Tailed   Rate of
                    Estimate       S.E.  Est./S.E.    P-Value    Missing

Within Level

 FCFMLRTY   ON
    FLSCHOOL           0.284      0.019     15.132      0.000      0.034
    FLFAMILY           0.066      0.020      3.311      0.001      0.097
    NOBULLY            0.028      0.018      1.537      0.124      0.093
    ESCS               0.159      0.020      8.020      0.000      0.088
    IMMI2GEN          -0.041      0.019     -2.149      0.032      0.055
    MALE               0.063      0.017      3.704      0.000      0.093

 FLCONFIN   ON
    FLSCHOOL           0.175      0.019      9.291      0.000      0.140
    FLFAMILY           0.206      0.018     11.444      0.000      0.106
    NOBULLY            0.035      0.017      2.029      0.042      0.100
    ESCS              -0.017      0.019     -0.883      0.377      0.156
    IMMI2GEN          -0.043      0.019     -2.275      0.023      0.084
    MALE               0.162      0.017      9.691      0.000      0.142

 FLIT       ON
    FCFMLRTY           0.196      0.018     10.906      0.000      0.053
    FLCONFIN           0.005      0.019      0.282      0.778      0.113
    FLSCHOOL          -0.126      0.019     -6.723      0.000      0.282
    FLFAMILY          -0.031      0.019     -1.606      0.108      0.275
    NOBULLY            0.060      0.019      3.117      0.002      0.198
    ESCS               0.274      0.021     12.932      0.000      0.081
    IMMI1GEN          -0.051      0.020     -2.513      0.012      0.102

 FLSCHOOL WITH
    FLFAMILY           0.185      0.019      9.878      0.000      0.070
    NOBULLY           -0.019      0.019     -0.985      0.324      0.086
    ESCS               0.018      0.022      0.826      0.409      0.044

 FLFAMILY WITH
    NOBULLY           -0.040      0.019     -2.147      0.032      0.189
    ESCS               0.066      0.018      3.678      0.000      0.056

 FCFMLRTY WITH
    FLCONFIN           0.179      0.021      8.489      0.000      0.131

 ESCS     WITH
    IMMI1GEN          -0.101      0.026     -3.923      0.000      0.016
    IMMI2GEN          -0.222      0.030     -7.335      0.000      0.014

 Means
    IMMI1GEN           0.248      0.014     17.818      0.000      0.035
    IMMI2GEN           0.460      0.025     18.596      0.000      0.006
    ESCS               0.068      0.042      1.594      0.111      0.004

 Intercepts
    FCFMLRTY           1.339      0.028     47.867      0.000      0.057
    FLCONFIN          -0.308      0.029    -10.664      0.000      0.075

 Variances
    FLSCHOOL           1.000      0.000  *********      0.000      0.000
    NOBULLY            1.000      0.000  *********      0.000      0.000
    FLFAMILY           1.000      0.000  *********      0.000      0.000
    IMMI1GEN           1.000      0.000    999.000    999.000      0.000
    IMMI2GEN           1.000      0.000  *********      0.000      0.000
    ESCS               1.000      0.000  *********      0.000      0.000

 Residual Variances
    FLIT               0.857      0.015     56.144      0.000      0.060
    FCFMLRTY           0.871      0.013     66.931      0.000      0.070
    FLCONFIN           0.885      0.012     73.554      0.000      0.130

Between Level

 FLIT       ON
    FLSCHOOL          -0.422      0.259     -1.630      0.103      0.029
    FLFAMILY          -0.605      0.303     -1.995      0.046      0.039
    NOBULLY           -0.034      0.199     -0.168      0.867      0.070
    EDUSHORT          -0.029      0.163     -0.179      0.858      0.143
    STRATIO            0.003      0.102      0.025      0.980      0.158

 FLSCHOOL WITH
    FLFAMILY           0.443      0.203      2.183      0.029      0.136
    NOBULLY           -0.155      0.146     -1.066      0.287      0.059
    EDUSHORT           0.114      0.124      0.914      0.361      0.174
    STRATIO           -0.252      0.090     -2.781      0.005      0.217

 FLFAMILY WITH
    NOBULLY            0.069      0.266      0.258      0.796      0.042
    EDUSHORT           0.128      0.208      0.617      0.538      0.122

 NOBULLY  WITH
    EDUSHORT           0.037      0.125      0.297      0.767      0.158

 STRATIO  WITH
    EDUSHORT          -0.081      0.073     -1.114      0.265      0.184

 Means
    EDUSHORT          -0.438      0.098     -4.461      0.000      0.108
    STRATIO            1.735      0.298      5.830      0.000      0.031
    FLSCHOOL          -0.357      0.122     -2.934      0.003      0.016
    NOBULLY           -0.759      0.151     -5.029      0.000      0.082
    FLFAMILY           1.151      0.372      3.094      0.002      0.064

 Intercepts
    FLIT              16.256      1.597     10.179      0.000      0.104

 Variances
    EDUSHORT           1.000      0.000  *********      0.000      0.000
    STRATIO            1.000      0.000    999.000    999.000      0.000
    FLSCHOOL           1.000      0.000  *********      0.000      0.000
    NOBULLY            1.000      0.000  *********      0.000      0.000
    FLFAMILY           1.000      0.000  *********      0.000      0.000

 Residual Variances
    FLIT               0.215      0.232      0.927      0.354      0.071


R-SQUARE

Within Level

    Observed                                        Two-Tailed   Rate of
    Variable        Estimate       S.E.  Est./S.E.    P-Value    Missing

    FLIT               0.143      0.015      9.391      0.000      0.060
    FCFMLRTY           0.129      0.013      9.942      0.000      0.070
    FLCONFIN           0.115      0.012      9.516      0.000      0.130

Between Level

    Observed                                        Two-Tailed   Rate of
    Variable        Estimate       S.E.  Est./S.E.    P-Value    Missing

    FLIT               0.785      0.232      3.374      0.001      0.071


QUALITY OF NUMERICAL RESULTS

     Average Condition Number for the Information Matrix      0.731E-09
       (ratio of smallest to largest eigenvalue)


TOTAL, TOTAL INDIRECT, SPECIFIC INDIRECT, AND DIRECT EFFECTS


                                                    Two-Tailed   Rate of
                    Estimate       S.E.  Est./S.E.    P-Value    Missing

WITHIN

Effects from FLSCHOOL to FLIT

  Total               -6.260      1.726     -3.628      0.000      0.257
  Total indirect       5.108      0.623      8.203      0.000      0.089

  Specific indirect 1
    FLIT
    FCFMLRTY
    FLSCHOOL           5.024      0.572      8.780      0.000      0.059

  Specific indirect 2
    FLIT
    FLCONFIN
    FLSCHOOL           0.083      0.296      0.281      0.778      0.114

  Direct
    FLIT
    FLSCHOOL         -11.368      1.685     -6.745      0.000      0.271


Effects from FLFAMILY to FLIT

  Total               -1.547      1.752     -0.883      0.377      0.240
  Total indirect       1.266      0.465      2.720      0.007      0.090

  Specific indirect 1
    FLIT
    FCFMLRTY
    FLFAMILY           1.166      0.363      3.213      0.001      0.078

  Specific indirect 2
    FLIT
    FLCONFIN
    FLFAMILY           0.099      0.350      0.284      0.777      0.115

  Direct
    FLIT
    FLFAMILY          -2.812      1.747     -1.610      0.107      0.272


Effects from NOBULLY to FLIT

  Total                6.023      1.768      3.407      0.001      0.208
  Total indirect       0.530      0.339      1.561      0.119      0.073

  Specific indirect 1
    FLIT
    FCFMLRTY
    NOBULLY            0.513      0.336      1.525      0.127      0.088

  Specific indirect 2
    FLIT
    FLCONFIN
    NOBULLY            0.017      0.063      0.267      0.789      0.099

  Direct
    FLIT
    NOBULLY            5.493      1.739      3.158      0.002      0.182


Effects from ESCS to FLIT

  Total               27.771      2.237     12.412      0.000      0.149
  Total indirect       2.833      0.479      5.918      0.000      0.112

  Specific indirect 1
    FLIT
    FCFMLRTY
    ESCS               2.839      0.475      5.980      0.000      0.115

  Specific indirect 2
    FLIT
    FLCONFIN
    ESCS              -0.006      0.032     -0.181      0.856      0.043

  Direct
    FLIT
    ESCS              24.937      2.090     11.932      0.000      0.129


Effects from IMMI2GEN to FLIT

  Total               -2.070      0.968     -2.139      0.032      0.086
  Total indirect      -2.070      0.968     -2.139      0.032      0.086

  Specific indirect 1
    FLIT
    FCFMLRTY
    IMMI2GEN          -2.010      0.954     -2.108      0.035      0.059

  Specific indirect 2
    FLIT
    FLCONFIN
    IMMI2GEN          -0.060      0.207     -0.290      0.772      0.126


Effects from MALE to FLIT

  Total                2.502      0.882      2.836      0.005      0.125
  Total indirect       2.502      0.882      2.836      0.005      0.125

  Specific indirect 1
    FLIT
    FCFMLRTY
    MALE               2.338      0.692      3.381      0.001      0.075

  Specific indirect 2
    FLIT
    FLCONFIN
    MALE               0.164      0.583      0.281      0.779      0.113


BETWEEN

Effects from FLSCHOOL to FLIT

  Total              -51.251     32.099     -1.597      0.110      0.041
  Total indirect       0.000      0.000      0.000      1.000      0.167

  Direct
    FLIT
    FLSCHOOL         -51.251     32.099     -1.597      0.110      0.041


Effects from FLFAMILY to FLIT

  Total             -175.857    126.080     -1.395      0.163      0.021
  Total indirect       0.000      0.000      0.000      1.000      0.167

  Direct
    FLIT
    FLFAMILY        -175.857    126.080     -1.395      0.163      0.021


Effects from NOBULLY to FLIT

  Total               -5.489     32.456     -0.169      0.866      0.070
  Total indirect       0.000      0.000      0.269      0.788      0.167

  Direct
    FLIT
    NOBULLY           -5.489     32.456     -0.169      0.866      0.070


Effects from ESCS to FLIT

  Total                0.000      0.000    999.000      0.000      0.167
  Total indirect       0.000      0.000    999.000      0.000      0.167


Effects from IMMI2GEN to FLIT

  Total                0.000      0.000    999.000      0.000      0.167
  Total indirect       0.000      0.000    999.000      0.000      0.167


Effects from MALE to FLIT

  Total                0.000      0.000    999.000      0.000      0.167
  Total indirect       0.000      0.000    999.000      0.000      0.167



STANDARDIZED TOTAL, TOTAL INDIRECT, SPECIFIC INDIRECT, AND DIRECT EFFECTS


STDYX Standardization

                                                    Two-Tailed   Rate of
                    Estimate       S.E.  Est./S.E.    P-Value    Missing

WITHIN

Effects from FLSCHOOL to FLIT

  Total               -0.069      0.019     -3.612      0.000      0.265
  Total indirect       0.057      0.007      8.367      0.000      0.064

  Specific indirect 1
    FLIT
    FCFMLRTY
    FLSCHOOL           0.056      0.006      9.055      0.000      0.030

  Specific indirect 2
    FLIT
    FLCONFIN
    FLSCHOOL           0.001      0.003      0.281      0.779      0.114

  Direct
    FLIT
    FLSCHOOL          -0.126      0.019     -6.723      0.000      0.282


Effects from FLFAMILY to FLIT

  Total               -0.017      0.019     -0.882      0.378      0.242
  Total indirect       0.014      0.005      2.704      0.007      0.099

  Specific indirect 1
    FLIT
    FCFMLRTY
    FLFAMILY           0.013      0.004      3.186      0.001      0.088

  Specific indirect 2
    FLIT
    FLCONFIN
    FLFAMILY           0.001      0.004      0.284      0.777      0.115

  Direct
    FLIT
    FLFAMILY          -0.031      0.019     -1.606      0.108      0.275


Effects from NOBULLY to FLIT

  Total                0.065      0.019      3.355      0.001      0.224
  Total indirect       0.006      0.004      1.556      0.120      0.074

  Specific indirect 1
    FLIT
    FCFMLRTY
    NOBULLY            0.006      0.004      1.522      0.128      0.089

  Specific indirect 2
    FLIT
    FLCONFIN
    NOBULLY            0.000      0.001      0.267      0.790      0.099

  Direct
    FLIT
    NOBULLY            0.060      0.019      3.117      0.002      0.198


Effects from ESCS to FLIT

  Total                0.305      0.023     13.531      0.000      0.089
  Total indirect       0.031      0.005      6.008      0.000      0.079

  Specific indirect 1
    FLIT
    FCFMLRTY
    ESCS               0.031      0.005      6.069      0.000      0.081

  Specific indirect 2
    FLIT
    FLCONFIN
    ESCS               0.000      0.000     -0.181      0.856      0.043

  Direct
    FLIT
    ESCS               0.274      0.021     12.932      0.000      0.081


Effects from IMMI2GEN to FLIT

  Total               -0.008      0.004     -2.144      0.032      0.086
  Total indirect      -0.008      0.004     -2.144      0.032      0.086

  Specific indirect 1
    FLIT
    FCFMLRTY
    IMMI2GEN          -0.008      0.004     -2.116      0.034      0.060

  Specific indirect 2
    FLIT
    FLCONFIN
    IMMI2GEN           0.000      0.001     -0.290      0.772      0.126


Effects from MALE to FLIT

  Total                0.013      0.005      2.851      0.004      0.122
  Total indirect       0.013      0.005      2.851      0.004      0.122

  Specific indirect 1
    FLIT
    FCFMLRTY
    MALE               0.012      0.004      3.412      0.001      0.072

  Specific indirect 2
    FLIT
    FLCONFIN
    MALE               0.001      0.003      0.280      0.779      0.113


BETWEEN

Effects from FLSCHOOL to FLIT

  Total               -0.422      0.259     -1.630      0.103      0.029
  Total indirect       0.000      0.000      0.000      1.000      0.167

  Direct
    FLIT
    FLSCHOOL          -0.422      0.259     -1.630      0.103      0.029


Effects from FLFAMILY to FLIT

  Total               -0.605      0.303     -1.995      0.046      0.039
  Total indirect       0.000      0.000      0.000      1.000      0.167

  Direct
    FLIT
    FLFAMILY          -0.605      0.303     -1.995      0.046      0.039


Effects from NOBULLY to FLIT

  Total               -0.034      0.199     -0.168      0.867      0.070
  Total indirect       0.000      0.000      0.000      1.000      0.167

  Direct
    FLIT
    NOBULLY           -0.034      0.199     -0.168      0.867      0.070


Effects from ESCS to FLIT

  Total                0.000      0.000      0.000      1.000      0.167
  Total indirect       0.000      0.000      0.000      1.000      0.167


Effects from IMMI2GEN to FLIT

  Total                0.000      0.000      0.000      1.000      0.167
  Total indirect       0.000      0.000      0.000      1.000      0.167


Effects from MALE to FLIT

  Total                0.000      0.000      0.000      1.000      0.167
  Total indirect       0.000      0.000      0.000      1.000      0.167




TECHNICAL 1 OUTPUT


     PARAMETER SPECIFICATION FOR WITHIN


           NU
              FLIT          FCFMLRTY      FLCONFIN      FLSCHOOL      NOBULLY
              ________      ________      ________      ________      ________
                    0             0             0             0             0


           NU
              FLFAMILY      IMMI1GEN      IMMI2GEN      ESCS          MALE
              ________      ________      ________      ________      ________
                    0             0             0             0             0


           LAMBDA
              FLIT          FCFMLRTY      FLCONFIN      FLSCHOOL      NOBULLY
              ________      ________      ________      ________      ________
 FLIT               0             0             0             0             0
 FCFMLRTY           0             0             0             0             0
 FLCONFIN           0             0             0             0             0
 FLSCHOOL           0             0             0             0             0
 NOBULLY            0             0             0             0             0
 FLFAMILY           0             0             0             0             0
 IMMI1GEN           0             0             0             0             0
 IMMI2GEN           0             0             0             0             0
 ESCS               0             0             0             0             0
 MALE               0             0             0             0             0


           LAMBDA
              FLFAMILY      IMMI1GEN      IMMI2GEN      ESCS          MALE
              ________      ________      ________      ________      ________
 FLIT               0             0             0             0             0
 FCFMLRTY           0             0             0             0             0
 FLCONFIN           0             0             0             0             0
 FLSCHOOL           0             0             0             0             0
 NOBULLY            0             0             0             0             0
 FLFAMILY           0             0             0             0             0
 IMMI1GEN           0             0             0             0             0
 IMMI2GEN           0             0             0             0             0
 ESCS               0             0             0             0             0
 MALE               0             0             0             0             0


           THETA
              FLIT          FCFMLRTY      FLCONFIN      FLSCHOOL      NOBULLY
              ________      ________      ________      ________      ________
 FLIT               0
 FCFMLRTY           0             0
 FLCONFIN           0             0             0
 FLSCHOOL           0             0             0             0
 NOBULLY            0             0             0             0             0
 FLFAMILY           0             0             0             0             0
 IMMI1GEN           0             0             0             0             0
 IMMI2GEN           0             0             0             0             0
 ESCS               0             0             0             0             0
 MALE               0             0             0             0             0


           THETA
              FLFAMILY      IMMI1GEN      IMMI2GEN      ESCS          MALE
              ________      ________      ________      ________      ________
 FLFAMILY           0
 IMMI1GEN           0             0
 IMMI2GEN           0             0             0
 ESCS               0             0             0             0
 MALE               0             0             0             0             0


           ALPHA
              FLIT          FCFMLRTY      FLCONFIN      FLSCHOOL      NOBULLY
              ________      ________      ________      ________      ________
                    0             1             2             0             0


           ALPHA
              FLFAMILY      IMMI1GEN      IMMI2GEN      ESCS          MALE
              ________      ________      ________      ________      ________
                    0             3             4             5             0


           BETA
              FLIT          FCFMLRTY      FLCONFIN      FLSCHOOL      NOBULLY
              ________      ________      ________      ________      ________
 FLIT               0             6             7             8             9
 FCFMLRTY           0             0             0            13            14
 FLCONFIN           0             0             0            19            20
 FLSCHOOL           0             0             0             0             0
 NOBULLY            0             0             0             0             0
 FLFAMILY           0             0             0             0             0
 IMMI1GEN           0             0             0             0             0
 IMMI2GEN           0             0             0             0             0
 ESCS               0             0             0             0             0
 MALE               0             0             0             0             0


           BETA
              FLFAMILY      IMMI1GEN      IMMI2GEN      ESCS          MALE
              ________      ________      ________      ________      ________
 FLIT              10            11             0            12             0
 FCFMLRTY          15             0            16            17            18
 FLCONFIN          21             0            22            23            24
 FLSCHOOL           0             0             0             0             0
 NOBULLY            0             0             0             0             0
 FLFAMILY           0             0             0             0             0
 IMMI1GEN           0             0             0             0             0
 IMMI2GEN           0             0             0             0             0
 ESCS               0             0             0             0             0
 MALE               0             0             0             0             0


           PSI
              FLIT          FCFMLRTY      FLCONFIN      FLSCHOOL      NOBULLY
              ________      ________      ________      ________      ________
 FLIT              25
 FCFMLRTY           0            26
 FLCONFIN           0            27            28
 FLSCHOOL           0             0             0            29
 NOBULLY            0             0             0            30            31
 FLFAMILY           0             0             0            32            33
 IMMI1GEN           0             0             0             0             0
 IMMI2GEN           0             0             0             0             0
 ESCS               0             0             0            37             0
 MALE               0             0             0             0             0


           PSI
              FLFAMILY      IMMI1GEN      IMMI2GEN      ESCS          MALE
              ________      ________      ________      ________      ________
 FLFAMILY          34
 IMMI1GEN           0            35
 IMMI2GEN           0             0            36
 ESCS              38            39            40            41
 MALE               0             0             0             0             0


     PARAMETER SPECIFICATION FOR BETWEEN


           NU
              EDUSHORT      STRATIO       FLIT          FLSCHOOL      NOBULLY
              ________      ________      ________      ________      ________
                    0             0             0             0             0


           NU
              FLFAMILY
              ________
                    0


           LAMBDA
              EDUSHORT      STRATIO       FLIT          FLSCHOOL      NOBULLY
              ________      ________      ________      ________      ________
 EDUSHORT           0             0             0             0             0
 STRATIO            0             0             0             0             0
 FLIT               0             0             0             0             0
 FLSCHOOL           0             0             0             0             0
 NOBULLY            0             0             0             0             0
 FLFAMILY           0             0             0             0             0


           LAMBDA
              FLFAMILY
              ________
 EDUSHORT           0
 STRATIO            0
 FLIT               0
 FLSCHOOL           0
 NOBULLY            0
 FLFAMILY           0


           THETA
              EDUSHORT      STRATIO       FLIT          FLSCHOOL      NOBULLY
              ________      ________      ________      ________      ________
 EDUSHORT           0
 STRATIO            0             0
 FLIT               0             0             0
 FLSCHOOL           0             0             0             0
 NOBULLY            0             0             0             0             0
 FLFAMILY           0             0             0             0             0


           THETA
              FLFAMILY
              ________
 FLFAMILY           0


           ALPHA
              EDUSHORT      STRATIO       FLIT          FLSCHOOL      NOBULLY
              ________      ________      ________      ________      ________
                   42            43            44            45            46


           ALPHA
              FLFAMILY
              ________
                   47


           BETA
              EDUSHORT      STRATIO       FLIT          FLSCHOOL      NOBULLY
              ________      ________      ________      ________      ________
 EDUSHORT           0             0             0             0             0
 STRATIO            0             0             0             0             0
 FLIT              48            49             0            50            51
 FLSCHOOL           0             0             0             0             0
 NOBULLY            0             0             0             0             0
 FLFAMILY           0             0             0             0             0


           BETA
              FLFAMILY
              ________
 EDUSHORT           0
 STRATIO            0
 FLIT              52
 FLSCHOOL           0
 NOBULLY            0
 FLFAMILY           0


           PSI
              EDUSHORT      STRATIO       FLIT          FLSCHOOL      NOBULLY
              ________      ________      ________      ________      ________
 EDUSHORT          53
 STRATIO           54            55
 FLIT               0             0            56
 FLSCHOOL          57            58             0            59
 NOBULLY           60             0             0            61            62
 FLFAMILY          63             0             0            64            65


           PSI
              FLFAMILY
              ________
 FLFAMILY          66


     PARAMETER SPECIFICATION FOR THE ADDITIONAL PARAMETERS


           NEW/ADDITIONAL PARAMETERS
              CTX_A         CTX_C         CTX_S         CTX_A_ST      CTX_C_ST
              ________      ________      ________      ________      ________
                   67            68            69            70            71


           NEW/ADDITIONAL PARAMETERS
              CTX_S_ST      ES1_A         ES1_C         ES1_S         ES2_A
              ________      ________      ________      ________      ________
                   72            73            74            75            76


           NEW/ADDITIONAL PARAMETERS
              ES2_C         ES2_S         ES3_A         ES3_C         ES3_S
              ________      ________      ________      ________      ________
                   77            78            79            80            81


     STARTING VALUES FOR WITHIN


           NU
              FLIT          FCFMLRTY      FLCONFIN      FLSCHOOL      NOBULLY
              ________      ________      ________      ________      ________
                0.000         0.000         0.000         0.000         0.000


           NU
              FLFAMILY      IMMI1GEN      IMMI2GEN      ESCS          MALE
              ________      ________      ________      ________      ________
                0.000         0.000         0.000         0.000         0.000


           LAMBDA
              FLIT          FCFMLRTY      FLCONFIN      FLSCHOOL      NOBULLY
              ________      ________      ________      ________      ________
 FLIT           1.000         0.000         0.000         0.000         0.000
 FCFMLRTY       0.000         1.000         0.000         0.000         0.000
 FLCONFIN       0.000         0.000         1.000         0.000         0.000
 FLSCHOOL       0.000         0.000         0.000         1.000         0.000
 NOBULLY        0.000         0.000         0.000         0.000         1.000
 FLFAMILY       0.000         0.000         0.000         0.000         0.000
 IMMI1GEN       0.000         0.000         0.000         0.000         0.000
 IMMI2GEN       0.000         0.000         0.000         0.000         0.000
 ESCS           0.000         0.000         0.000         0.000         0.000
 MALE           0.000         0.000         0.000         0.000         0.000


           LAMBDA
              FLFAMILY      IMMI1GEN      IMMI2GEN      ESCS          MALE
              ________      ________      ________      ________      ________
 FLIT           0.000         0.000         0.000         0.000         0.000
 FCFMLRTY       0.000         0.000         0.000         0.000         0.000
 FLCONFIN       0.000         0.000         0.000         0.000         0.000
 FLSCHOOL       0.000         0.000         0.000         0.000         0.000
 NOBULLY        0.000         0.000         0.000         0.000         0.000
 FLFAMILY       1.000         0.000         0.000         0.000         0.000
 IMMI1GEN       0.000         1.000         0.000         0.000         0.000
 IMMI2GEN       0.000         0.000         1.000         0.000         0.000
 ESCS           0.000         0.000         0.000         1.000         0.000
 MALE           0.000         0.000         0.000         0.000         1.000


           THETA
              FLIT          FCFMLRTY      FLCONFIN      FLSCHOOL      NOBULLY
              ________      ________      ________      ________      ________
 FLIT           0.000
 FCFMLRTY       0.000         0.000
 FLCONFIN       0.000         0.000         0.000
 FLSCHOOL       0.000         0.000         0.000         0.000
 NOBULLY        0.000         0.000         0.000         0.000         0.000
 FLFAMILY       0.000         0.000         0.000         0.000         0.000
 IMMI1GEN       0.000         0.000         0.000         0.000         0.000
 IMMI2GEN       0.000         0.000         0.000         0.000         0.000
 ESCS           0.000         0.000         0.000         0.000         0.000
 MALE           0.000         0.000         0.000         0.000         0.000


           THETA
              FLFAMILY      IMMI1GEN      IMMI2GEN      ESCS          MALE
              ________      ________      ________      ________      ________
 FLFAMILY       0.000
 IMMI1GEN       0.000         0.000
 IMMI2GEN       0.000         0.000         0.000
 ESCS           0.000         0.000         0.000         0.000
 MALE           0.000         0.000         0.000         0.000         0.000


           ALPHA
              FLIT          FCFMLRTY      FLCONFIN      FLSCHOOL      NOBULLY
              ________      ________      ________      ________      ________
                0.000         6.963        -0.160         0.000         0.000


           ALPHA
              FLFAMILY      IMMI1GEN      IMMI2GEN      ESCS          MALE
              ________      ________      ________      ________      ________
                0.000         0.054         0.163         0.042         0.000


           BETA
              FLIT          FCFMLRTY      FLCONFIN      FLSCHOOL      NOBULLY
              ________      ________      ________      ________      ________
 FLIT           0.000         0.000         0.000         0.000         0.000
 FCFMLRTY       0.000         0.000         0.000         0.000         0.000
 FLCONFIN       0.000         0.000         0.000         0.000         0.000
 FLSCHOOL       0.000         0.000         0.000         0.000         0.000
 NOBULLY        0.000         0.000         0.000         0.000         0.000
 FLFAMILY       0.000         0.000         0.000         0.000         0.000
 IMMI1GEN       0.000         0.000         0.000         0.000         0.000
 IMMI2GEN       0.000         0.000         0.000         0.000         0.000
 ESCS           0.000         0.000         0.000         0.000         0.000
 MALE           0.000         0.000         0.000         0.000         0.000


           BETA
              FLFAMILY      IMMI1GEN      IMMI2GEN      ESCS          MALE
              ________      ________      ________      ________      ________
 FLIT           0.000         0.000         0.000         0.000         0.000
 FCFMLRTY       0.000         0.000         0.000         0.000         0.000
 FLCONFIN       0.000         0.000         0.000         0.000         0.000
 FLSCHOOL       0.000         0.000         0.000         0.000         0.000
 NOBULLY        0.000         0.000         0.000         0.000         0.000
 FLFAMILY       0.000         0.000         0.000         0.000         0.000
 IMMI1GEN       0.000         0.000         0.000         0.000         0.000
 IMMI2GEN       0.000         0.000         0.000         0.000         0.000
 ESCS           0.000         0.000         0.000         0.000         0.000
 MALE           0.000         0.000         0.000         0.000         0.000


           PSI
              FLIT          FCFMLRTY      FLCONFIN      FLSCHOOL      NOBULLY
              ________      ________      ________      ________      ________
 FLIT        5232.568
 FCFMLRTY       0.000        12.547
 FLCONFIN       0.000         0.000         0.535
 FLSCHOOL       0.000         0.000         0.000         0.597
 NOBULLY        0.000         0.000         0.000         0.000         0.556
 FLFAMILY       0.000         0.000         0.000         0.000         0.000
 IMMI1GEN       0.000         0.000         0.000         0.000         0.000
 IMMI2GEN       0.000         0.000         0.000         0.000         0.000
 ESCS           0.000         0.000         0.000         0.000         0.000
 MALE           0.000         0.000         0.000         0.000         0.000


           PSI
              FLFAMILY      IMMI1GEN      IMMI2GEN      ESCS          MALE
              ________      ________      ________      ________      ________
 FLFAMILY       0.566
 IMMI1GEN       0.000         0.026
 IMMI2GEN       0.000         0.000         0.068
 ESCS           0.000         0.000         0.000         0.532
 MALE           0.000         0.000         0.000         0.000         0.125


     STARTING VALUES FOR BETWEEN


           NU
              EDUSHORT      STRATIO       FLIT          FLSCHOOL      NOBULLY
              ________      ________      ________      ________      ________
                0.000         0.000         0.000         0.000         0.000


           NU
              FLFAMILY
              ________
                0.000


           LAMBDA
              EDUSHORT      STRATIO       FLIT          FLSCHOOL      NOBULLY
              ________      ________      ________      ________      ________
 EDUSHORT       1.000         0.000         0.000         0.000         0.000
 STRATIO        0.000         1.000         0.000         0.000         0.000
 FLIT           0.000         0.000         1.000         0.000         0.000
 FLSCHOOL       0.000         0.000         0.000         1.000         0.000
 NOBULLY        0.000         0.000         0.000         0.000         1.000
 FLFAMILY       0.000         0.000         0.000         0.000         0.000


           LAMBDA
              FLFAMILY
              ________
 EDUSHORT       0.000
 STRATIO        0.000
 FLIT           0.000
 FLSCHOOL       0.000
 NOBULLY        0.000
 FLFAMILY       1.000


           THETA
              EDUSHORT      STRATIO       FLIT          FLSCHOOL      NOBULLY
              ________      ________      ________      ________      ________
 EDUSHORT       0.000
 STRATIO        0.000         0.000
 FLIT           0.000         0.000         0.000
 FLSCHOOL       0.000         0.000         0.000         0.000
 NOBULLY        0.000         0.000         0.000         0.000         0.000
 FLFAMILY       0.000         0.000         0.000         0.000         0.000


           THETA
              FLFAMILY
              ________
 FLFAMILY       0.000


           ALPHA
              EDUSHORT      STRATIO       FLIT          FLSCHOOL      NOBULLY
              ________      ________      ________      ________      ________
               -0.384        17.124       499.497        -0.071        -0.147


           ALPHA
              FLFAMILY
              ________
                0.130


           BETA
              EDUSHORT      STRATIO       FLIT          FLSCHOOL      NOBULLY
              ________      ________      ________      ________      ________
 EDUSHORT       0.000         0.000         0.000         0.000         0.000
 STRATIO        0.000         0.000         0.000         0.000         0.000
 FLIT           0.000         0.000         0.000         0.000         0.000
 FLSCHOOL       0.000         0.000         0.000         0.000         0.000
 NOBULLY        0.000         0.000         0.000         0.000         0.000
 FLFAMILY       0.000         0.000         0.000         0.000         0.000


           BETA
              FLFAMILY
              ________
 EDUSHORT       0.000
 STRATIO        0.000
 FLIT           0.000
 FLSCHOOL       0.000
 NOBULLY        0.000
 FLFAMILY       0.000


           PSI
              EDUSHORT      STRATIO       FLIT          FLSCHOOL      NOBULLY
              ________      ________      ________      ________      ________
 EDUSHORT       0.454
 STRATIO        0.000        53.141
 FLIT           0.000         0.000      5232.568
 FLSCHOOL       0.000         0.000         0.000         0.597
 NOBULLY        0.000         0.000         0.000         0.000         0.556
 FLFAMILY       0.000         0.000         0.000         0.000         0.000


           PSI
              FLFAMILY
              ________
 FLFAMILY       0.566


     STARTING VALUES FOR THE ADDITIONAL PARAMETERS


           NEW/ADDITIONAL PARAMETERS
              CTX_A         CTX_C         CTX_S         CTX_A_ST      CTX_C_ST
              ________      ________      ________      ________      ________
                0.500         0.500         0.500         0.500         0.500


           NEW/ADDITIONAL PARAMETERS
              CTX_S_ST      ES1_A         ES1_C         ES1_S         ES2_A
              ________      ________      ________      ________      ________
                0.500         0.500         0.500         0.500         0.500


           NEW/ADDITIONAL PARAMETERS
              ES2_C         ES2_S         ES3_A         ES3_C         ES3_S
              ________      ________      ________      ________      ________
                0.500         0.500         0.500         0.500         0.500


     Beginning Time:  15:56:18
        Ending Time:  15:56:47
       Elapsed Time:  00:00:29



MUTHEN & MUTHEN
3463 Stoner Ave.
Los Angeles, CA  90066

Tel: (310) 391-9971
Fax: (310) 391-8971
Web: www.StatModel.com
Support: Support@StatModel.com

Copyright (c) 1998-2020 Muthen & Muthen
