Mplus VERSION 8.5 (Linux)
MUTHEN & MUTHEN
03/11/2021   6:22 PM

INPUT INSTRUCTIONS


  TITLE:
      Two-level structured model 528

  DATA:
      file = "~/implist.dat";

      type = imputation;


      VARIABLE:
      names =
          FKI CNTRYID CNTSCHID W_STU
          MATH READ FLIT                      ! PISA achievement variables
          MALE IMMI1GEN IMMI2GEN ESCS         ! Demographic info
          FCFMLRTY FLCONFIN                   ! Affect
          FLSCHOOL                            !   Lat var "Academic"
          NOBULLY                             !   Lat var "Safety"
          FLFAMILY                            !   Lat var "Community"
          W_SCH STRATIO                       ! School character
          EDUSHORT                            !   Lat var "inst. env."
          ;

      useobs = CNTRYID eq 528;          ! Pull out one country at a time

      usevar =
          FLIT                                ! PISA achievement variables
          FLSCHOOL                            !   Lat var "Academic"
          NOBULLY                             !   Lat var "Safety"
          FLFAMILY                            !   Lat var "Community"
          EDUSHORT STRATIO                    !   Lat var "Inst env"
          FCFMLRTY FLCONFIN                   ! Affect
          MALE IMMI1GEN IMMI2GEN ESCS         ! Demographic info
          ;

      ! Vars that ONLY appear in L1
      within =
          FCFMLRTY FLCONFIN                   ! Affective vars
          MALE IMMI1GEN IMMI2GEN ESCS         ! L1 control vars
          ;

      ! Vars that ONLY appear in L2
      between =
          EDUSHORT STRATIO                    ! L2: school
          ;

      weight = W_STU;                         ! Student weight
      wtscale = cluster;                      ! Scale L1 weight to cluster size
      bweight = W_SCH;                        ! School weight
      bwtscale = sample;                      ! Scale L2 weight to sample

      cluster = CNTSCHID;                     ! Cluster by school ID


  ANALYSIS:
      processors = 8;

      type = twolevel;


  MODEL:

  %Within%                                    ! === L1: Student-level ===

      ! Indirect pathways (1st half): school climate vars onto mediators
          ! Onto mediator FAMILIARITY
      FCFMLRTY on FLSCHOOL FLFAMILY NOBULLY ESCS IMMI2GEN MALE;
          ! Onto mediator CONFIDENCE
      FLCONFIN on FLSCHOOL FLFAMILY NOBULLY ESCS IMMI2GEN MALE;

      ! Total effect
      FLIT on
          ! Indirect pathways (2nd half): affective vars onto financial literacy
          FCFMLRTY FLCONFIN
          ! Direct pathways: school climate vars onto financial literacy
          FLSCHOOL FLFAMILY NOBULLY
          ! Demographic vars
          ESCS IMMI1GEN
          ;

      ! Covariances
          ! Between school climate vars
      FLSCHOOL with FLFAMILY;
      FLFAMILY with NOBULLY;
      FLSCHOOL with NOBULLY;
          ! Between mediators
      FCFMLRTY with FLCONFIN;

          ! SES with school climate vars
      ESCS with FLSCHOOL FLFAMILY;
          ! SES with demographic vars
      ESCS with IMMI1GEN IMMI2GEN;

  %Between%                                   ! === L2: School-level ===

      FLIT on
          FLSCHOOL FLFAMILY NOBULLY EDUSHORT  ! School climate variables
          STRATIO                             ! Control: Student-teacher ratio
          ;

      FLSCHOOL with FLFAMILY;
      FLFAMILY with NOBULLY;
      NOBULLY with EDUSHORT;

      FLSCHOOL with NOBULLY;
      FLFAMILY with EDUSHORT;

      FLSCHOOL with EDUSHORT;

      STRATIO with FLSCHOOL EDUSHORT;


  MODEL INDIRECT:

      ! Indirect effects
      FLIT ind FLSCHOOL;
      FLIT ind FLFAMILY;
      FLIT ind NOBULLY;

      FLIT ind ESCS;
      FLIT ind IMMI2GEN;
      FLIT ind MALE;


  OUTPUT:
      stdyx                                   ! Fully standardised solution
      ;



INPUT READING TERMINATED NORMALLY




Two-level structured model 528

SUMMARY OF ANALYSIS

Number of groups                                                 1
Average number of observations                                3042

Number of replications
    Requested                                                   10
    Completed                                                    9

Number of dependent variables                                    3
Number of independent variables                                  9
Number of continuous latent variables                            0

Observed dependent variables

  Continuous
   FLIT        FCFMLRTY    FLCONFIN

Observed independent variables
   FLSCHOOL    NOBULLY     FLFAMILY    EDUSHORT    STRATIO     MALE
   IMMI1GEN    IMMI2GEN    ESCS

Variables with special functions

  Cluster variable      CNTSCHID
  Weight variable (cluster-size scaling)
    W_STU
  Between weight variable (sample-size scaling)
    W_SCH

  Within variables
   FCFMLRTY    FLCONFIN    MALE        IMMI1GEN    IMMI2GEN    ESCS

  Between variables
   EDUSHORT    STRATIO


Estimator                                                      MLR
Information matrix                                        OBSERVED
Maximum number of iterations                                   100
Convergence criterion                                    0.100D-05
Maximum number of EM iterations                                500
Convergence criteria for the EM algorithm
  Loglikelihood change                                   0.100D-02
  Relative loglikelihood change                          0.100D-05
  Derivative                                             0.100D-03
Minimum variance                                         0.100D-03
Maximum number of steepest descent iterations                   20
Maximum number of iterations for H1                           2000
Convergence criterion for H1                             0.100D-03
Optimization algorithm                                         EMA

Input data file(s)
  Multiple data files from
    ~/implist.dat
Input data format  FREE


SUMMARY OF DATA FOR THE FIRST DATA SET

     Number of clusters                        151

     Average cluster size       20.146

     Estimated Intraclass Correlations for the Y Variables

                Intraclass              Intraclass              Intraclass
     Variable  Correlation   Variable  Correlation   Variable  Correlation

     FLIT         0.449      FCFMLRTY     0.000      FLCONFIN     0.000
     FLSCHOOL     0.019      NOBULLY      0.016      FLFAMILY     0.005
     IMMI1GEN     0.000      IMMI2GEN     0.000      ESCS         0.000



SAMPLE STATISTICS

NOTE:  The sample statistics for within and between refer to the
       maximum-likelihood estimated within and between covariance
       matrices, respectively.

NOTE:  These are average results over 9 data sets.


     ESTIMATED SAMPLE STATISTICS FOR WITHIN


           Means
              EDUSHORT      STRATIO       FLIT          FCFMLRTY      FLCONFIN
              ________      ________      ________      ________      ________
                0.000         0.000         0.000        10.486         0.411


           Means
              FLSCHOOL      NOBULLY       FLFAMILY      IMMI1GEN      IMMI2GEN
              ________      ________      ________      ________      ________
                0.000         0.000         0.000         0.016         0.099


           Means
              ESCS          MALE
              ________      ________
                0.365         0.504


           Covariances
              EDUSHORT      STRATIO       FLIT          FCFMLRTY      FLCONFIN
              ________      ________      ________      ________      ________
 EDUSHORT       0.000
 STRATIO        0.000         0.000
 FLIT           0.000         0.000      5875.592
 FCFMLRTY       0.000         0.000        82.936        18.744
 FLCONFIN       0.000         0.000         6.658         1.014         0.724
 FLSCHOOL       0.000         0.000         4.803         1.337         0.111
 NOBULLY        0.000         0.000        -0.399         0.267         0.016
 FLFAMILY       0.000         0.000        -3.976         0.323         0.076
 IMMI1GEN       0.000         0.000        -0.775        -0.026         0.002
 IMMI2GEN       0.000         0.000        -3.296         0.001         0.000
 ESCS           0.000         0.000         7.166         0.501         0.081
 MALE           0.000         0.000         1.099         0.134         0.070


           Covariances
              FLSCHOOL      NOBULLY       FLFAMILY      IMMI1GEN      IMMI2GEN
              ________      ________      ________      ________      ________
 FLSCHOOL       0.912
 NOBULLY        0.009         0.612
 FLFAMILY       0.153        -0.011         0.788
 IMMI1GEN       0.000        -0.002         0.000         0.015
 IMMI2GEN       0.008         0.009         0.017        -0.001         0.089
 ESCS           0.037        -0.032         0.023        -0.011        -0.057
 MALE           0.038        -0.043        -0.030         0.001        -0.001


           Covariances
              ESCS          MALE
              ________      ________
 ESCS           0.703
 MALE           0.005         0.250


           Correlations
              EDUSHORT      STRATIO       FLIT          FCFMLRTY      FLCONFIN
              ________      ________      ________      ________      ________
 EDUSHORT       0.000
 STRATIO        0.000         0.000
 FLIT           0.000         0.000         1.000
 FCFMLRTY       0.000         0.000         0.250         1.000
 FLCONFIN       0.000         0.000         0.102         0.275         1.000
 FLSCHOOL       0.000         0.000         0.066         0.323         0.137
 NOBULLY        0.000         0.000        -0.007         0.079         0.025
 FLFAMILY       0.000         0.000        -0.058         0.084         0.101
 IMMI1GEN       0.000         0.000        -0.081        -0.048         0.014
 IMMI2GEN       0.000         0.000        -0.144         0.000         0.002
 ESCS           0.000         0.000         0.112         0.138         0.113
 MALE           0.000         0.000         0.029         0.062         0.165


           Correlations
              FLSCHOOL      NOBULLY       FLFAMILY      IMMI1GEN      IMMI2GEN
              ________      ________      ________      ________      ________
 FLSCHOOL       1.000
 NOBULLY        0.012         1.000
 FLFAMILY       0.180        -0.015         1.000
 IMMI1GEN      -0.001        -0.024        -0.002         1.000
 IMMI2GEN       0.026         0.039         0.066        -0.039         1.000
 ESCS           0.047        -0.050         0.031        -0.108        -0.228
 MALE           0.080        -0.109        -0.068         0.018        -0.008


           Correlations
              ESCS          MALE
              ________      ________
 ESCS           1.000
 MALE           0.013         1.000


     ESTIMATED SAMPLE STATISTICS FOR BETWEEN


           Means
              EDUSHORT      STRATIO       FLIT          FCFMLRTY      FLCONFIN
              ________      ________      ________      ________      ________
               -0.370        17.175       549.171         0.000         0.000


           Means
              FLSCHOOL      NOBULLY       FLFAMILY      IMMI1GEN      IMMI2GEN
              ________      ________      ________      ________      ________
                0.142         0.276        -0.150         0.000         0.000


           Means
              ESCS          MALE
              ________      ________
                0.000         0.000


           Covariances
              EDUSHORT      STRATIO       FLIT          FCFMLRTY      FLCONFIN
              ________      ________      ________      ________      ________
 EDUSHORT       0.736
 STRATIO        0.269        47.134
 FLIT          -0.128       147.556      4840.573
 FCFMLRTY       0.000         0.000         0.000         0.000
 FLCONFIN       0.000         0.000         0.000         0.000         0.000
 FLSCHOOL       0.000        -0.247        -4.876         0.000         0.000
 NOBULLY       -0.012        -0.016         2.096         0.000         0.000
 FLFAMILY       0.000         0.145        -2.024         0.000         0.000
 IMMI1GEN       0.000         0.000         0.000         0.000         0.000
 IMMI2GEN       0.000         0.000         0.000         0.000         0.000
 ESCS           0.000         0.000         0.000         0.000         0.000
 MALE           0.000         0.000         0.000         0.000         0.000


           Covariances
              FLSCHOOL      NOBULLY       FLFAMILY      IMMI1GEN      IMMI2GEN
              ________      ________      ________      ________      ________
 FLSCHOOL       0.016
 NOBULLY       -0.004         0.008
 FLFAMILY       0.002         0.002         0.005
 IMMI1GEN       0.000         0.000         0.000         0.000
 IMMI2GEN       0.000         0.000         0.000         0.000         0.000
 ESCS           0.000         0.000         0.000         0.000         0.000
 MALE           0.000         0.000         0.000         0.000         0.000


           Covariances
              ESCS          MALE
              ________      ________
 ESCS           0.000
 MALE           0.000         0.000


           Correlations
              EDUSHORT      STRATIO       FLIT          FCFMLRTY      FLCONFIN
              ________      ________      ________      ________      ________
 EDUSHORT       1.000
 STRATIO        0.046         1.000
 FLIT          -0.002         0.309         1.000
 FCFMLRTY       0.000         0.000         0.000         0.000
 FLCONFIN       0.000         0.000         0.000         0.000         0.000
 FLSCHOOL       0.003        -0.281        -0.547         0.000         0.000
 NOBULLY       -0.156        -0.026         0.338         0.000         0.000
 FLFAMILY       0.007         0.285        -0.393         0.000         0.000
 IMMI1GEN       0.000         0.000         0.000         0.000         0.000
 IMMI2GEN       0.000         0.000         0.000         0.000         0.000
 ESCS           0.000         0.000         0.000         0.000         0.000
 MALE           0.000         0.000         0.000         0.000         0.000


           Correlations
              FLSCHOOL      NOBULLY       FLFAMILY      IMMI1GEN      IMMI2GEN
              ________      ________      ________      ________      ________
 FLSCHOOL       1.000
 NOBULLY       -0.356         1.000
 FLFAMILY       0.263         0.346         1.000
 IMMI1GEN       0.000         0.000         0.000         0.000
 IMMI2GEN       0.000         0.000         0.000         0.000         0.000
 ESCS           0.000         0.000         0.000         0.000         0.000
 MALE           0.000         0.000         0.000         0.000         0.000


           Correlations
              ESCS          MALE
              ________      ________
 ESCS           0.000
 MALE           0.000         0.000




MODEL FIT INFORMATION

Number of Free Parameters                       66

Loglikelihood

    H0 Value

        Mean                            -44431.465
        Std Dev                             71.225
        Number of successful computations        9

             Proportions                   Percentiles
        Expected    Observed         Expected       Observed
           0.990       1.000       -44597.157     -44595.959
           0.980       0.889       -44577.741     -44595.959
           0.950       0.889       -44548.624     -44595.959
           0.900       0.889       -44522.747     -44595.959
           0.800       0.889       -44491.408     -44595.959
           0.700       0.667       -44468.816     -44484.428
           0.500       0.667       -44431.465     -44400.832
           0.300       0.444       -44394.114     -44389.384
           0.200       0.111       -44371.522     -44388.673
           0.100       0.000       -44340.183     -44379.009
           0.050       0.000       -44314.306     -44379.009
           0.020       0.000       -44285.189     -44379.009
           0.010       0.000       -44265.773     -44379.009

    H1 Value

        Mean                            -44347.948
        Std Dev                             73.570
        Number of successful computations        9

             Proportions                   Percentiles
        Expected    Observed         Expected       Observed
           0.990       1.000       -44519.093     -44518.363
           0.980       0.889       -44499.038     -44518.363
           0.950       0.889       -44468.963     -44518.363
           0.900       0.889       -44442.235     -44518.363
           0.800       0.889       -44409.864     -44518.363
           0.700       0.667       -44386.528     -44406.930
           0.500       0.667       -44347.948     -44321.049
           0.300       0.333       -44309.368     -44310.614
           0.200       0.111       -44286.032     -44299.422
           0.100       0.000       -44253.661     -44289.706
           0.050       0.000       -44226.933     -44289.706
           0.020       0.000       -44196.858     -44289.706
           0.010       0.000       -44176.803     -44289.706

Information Criteria

    Akaike (AIC)

        Mean                             88994.930
        Std Dev                            142.451
        Number of successful computations        9

             Proportions                   Percentiles
        Expected    Observed         Expected       Observed
           0.990       1.000        88663.547      88854.724
           0.980       1.000        88702.379      88854.724
           0.950       1.000        88760.613      88854.724
           0.900       1.000        88812.365      88854.724
           0.800       0.889        88875.043      88854.724
           0.700       0.556        88920.229      88890.018
           0.500       0.333        88994.930      88910.769
           0.300       0.333        89069.631      88933.663
           0.200       0.111        89114.817      89097.701
           0.100       0.111        89177.495      89100.856
           0.050       0.111        89229.247      89100.856
           0.020       0.111        89287.481      89100.856
           0.010       0.000        89326.313      89100.856

    Bayesian (BIC)

        Mean                             89392.268
        Std Dev                            142.451
        Number of successful computations        9

             Proportions                   Percentiles
        Expected    Observed         Expected       Observed
           0.990       1.000        89060.885      89252.062
           0.980       1.000        89099.717      89252.062
           0.950       1.000        89157.951      89252.062
           0.900       1.000        89209.703      89252.062
           0.800       0.889        89272.381      89252.062
           0.700       0.556        89317.567      89287.356
           0.500       0.333        89392.268      89308.106
           0.300       0.333        89466.969      89331.001
           0.200       0.111        89512.154      89495.039
           0.100       0.111        89574.833      89498.194
           0.050       0.111        89626.585      89498.194
           0.020       0.111        89684.819      89498.194
           0.010       0.000        89723.651      89498.194

    Sample-Size Adjusted BIC (n* = (n + 2) / 24)

        Mean                             89182.560
        Std Dev                            142.451
        Number of successful computations        9

             Proportions                   Percentiles
        Expected    Observed         Expected       Observed
           0.990       1.000        88851.176      89042.354
           0.980       1.000        88890.009      89042.354
           0.950       1.000        88948.242      89042.354
           0.900       1.000        88999.995      89042.354
           0.800       0.889        89062.673      89042.354
           0.700       0.556        89107.858      89077.648
           0.500       0.333        89182.560      89098.398
           0.300       0.333        89257.261      89121.293
           0.200       0.111        89302.446      89285.331
           0.100       0.111        89365.125      89288.486
           0.050       0.111        89416.877      89288.486
           0.020       0.111        89475.111      89288.486
           0.010       0.000        89513.943      89288.486

Chi-Square Test of Model Fit

        Degrees of freedom                      20

        Mean                               160.703
        Std Dev                             15.559
        Number of successful computations        9

             Proportions                   Percentiles
        Expected    Observed         Expected       Observed
           0.990       1.000            8.260        137.551
           0.980       1.000            9.237        137.551
           0.950       1.000           10.851        137.551
           0.900       1.000           12.443        137.551
           0.800       1.000           14.578        137.551
           0.700       1.000           16.266        141.046
           0.500       1.000           19.337        159.278
           0.300       1.000           22.775        170.441
           0.200       1.000           25.038        170.865
           0.100       1.000           28.412        178.501
           0.050       1.000           31.410        178.501
           0.020       1.000           35.020        178.501
           0.010       1.000           37.566        178.501

RMSEA (Root Mean Square Error Of Approximation)

        Mean                                 0.048
        Std Dev                              0.003
        Number of successful computations        9

        Cumulative Distribution Function
           Value    Function Value
           0.990       1.000
           0.980       1.000
           0.950       1.000
           0.900       1.000
           0.800       1.000
           0.700       1.000
           0.500       1.000
           0.300       1.000
           0.200       1.000
           0.100       1.000
           0.050       0.778
           0.020       0.000
           0.010       0.000

CFI/TLI

    CFI

        Mean                                 0.885
        Std Dev                              0.011
        Number of successful computations        9

        Cumulative Distribution Function
           Value    Function Value
           0.990       1.000
           0.980       1.000
           0.950       1.000
           0.900       1.000
           0.800       0.000
           0.700       0.000
           0.500       0.000
           0.300       0.000
           0.200       0.000
           0.100       0.000
           0.050       0.000
           0.020       0.000
           0.010       0.000

    TLI

        Mean                                 0.656
        Std Dev                              0.033
        Number of successful computations        9

        Cumulative Distribution Function
           Value    Function Value
           0.990       1.000
           0.980       1.000
           0.950       1.000
           0.900       1.000
           0.800       1.000
           0.700       1.000
           0.500       0.000
           0.300       0.000
           0.200       0.000
           0.100       0.000
           0.050       0.000
           0.020       0.000
           0.010       0.000

SRMR (Standardized Root Mean Square Residual) for the WITHIN level

        Mean                                 0.031
        Std Dev                              0.001
        Number of successful computations        9

        Cumulative Distribution Function
           Value    Function Value
           0.990       1.000
           0.980       1.000
           0.950       1.000
           0.900       1.000
           0.800       1.000
           0.700       1.000
           0.500       1.000
           0.300       1.000
           0.200       1.000
           0.100       1.000
           0.050       1.000
           0.020       0.000
           0.010       0.000

SRMR (Standardized Root Mean Square Residual) for the BETWEEN level

        Mean                                 0.088
        Std Dev                              0.018
        Number of successful computations        9

        Cumulative Distribution Function
           Value    Function Value
           0.990       1.000
           0.980       1.000
           0.950       1.000
           0.900       1.000
           0.800       1.000
           0.700       1.000
           0.500       1.000
           0.300       1.000
           0.200       1.000
           0.100       0.778
           0.050       0.000
           0.020       0.000
           0.010       0.000



MODEL RESULTS

                                                    Two-Tailed   Rate of
                    Estimate       S.E.  Est./S.E.    P-Value    Missing

Within Level

 FCFMLRTY   ON
    FLSCHOOL           1.395      0.093     14.939      0.000      0.108
    FLFAMILY           0.142      0.123      1.155      0.248      0.218
    NOBULLY            0.480      0.132      3.645      0.000      0.249
    ESCS               0.665      0.112      5.923      0.000      0.029
    IMMI2GEN           0.263      0.272      0.967      0.334      0.043
    MALE               0.415      0.163      2.542      0.011      0.047

 FLCONFIN   ON
    FLSCHOOL           0.091      0.019      4.708      0.000      0.038
    FLFAMILY           0.086      0.023      3.718      0.000      0.011
    NOBULLY            0.053      0.026      2.024      0.043      0.098
    ESCS               0.110      0.023      4.817      0.000      0.093
    IMMI2GEN           0.052      0.075      0.694      0.488      0.061
    MALE               0.284      0.035      8.039      0.000      0.083

 FLIT       ON
    FCFMLRTY           4.229      0.555      7.622      0.000      0.359
    FLCONFIN           3.624      2.472      1.466      0.143      0.385
    FLSCHOOL          -0.264      1.874     -0.141      0.888      0.243
    FLFAMILY          -7.129      1.975     -3.609      0.000      0.338
    NOBULLY           -2.336      2.364     -0.988      0.323      0.356
    ESCS               5.734      2.271      2.525      0.012      0.111
    IMMI1GEN         -38.444     13.546     -2.838      0.005      0.316

 FLSCHOOL WITH
    FLFAMILY           0.154      0.026      5.954      0.000      0.038
    NOBULLY            0.011      0.040      0.283      0.777      0.033
    ESCS               0.045      0.033      1.373      0.170      0.011

 FLFAMILY WITH
    NOBULLY           -0.010      0.018     -0.539      0.590      0.062
    ESCS               0.038      0.060      0.634      0.526      0.005

 FCFMLRTY WITH
    FLCONFIN           0.756      0.078      9.694      0.000      0.084

 ESCS     WITH
    IMMI1GEN          -0.012      0.016     -0.750      0.453      0.001
    IMMI2GEN          -0.059      0.010     -5.821      0.000      0.015

 Means
    IMMI1GEN           0.016      0.003      5.602      0.000      0.031
    IMMI2GEN           0.099      0.011      8.679      0.000      0.002
    ESCS               0.365      0.035     10.531      0.000      0.015

 Intercepts
    FCFMLRTY          10.007      0.150     66.785      0.000      0.039
    FLCONFIN           0.222      0.026      8.684      0.000      0.113

 Variances
    FLSCHOOL           0.912      0.024     38.437      0.000      0.084
    NOBULLY            0.611      0.032     19.143      0.000      0.107
    FLFAMILY           0.788      0.028     28.254      0.000      0.081
    IMMI1GEN           0.015      0.477      0.032      0.974      0.000
    IMMI2GEN           0.089      0.011      7.904      0.000      0.001
    ESCS               0.706      0.027     26.588      0.000      0.039

 Residual Variances
    FLIT            5379.887    215.149     25.005      0.000      0.477
    FCFMLRTY          16.302      0.736     22.150      0.000      0.030
    FLCONFIN           0.678      0.027     24.809      0.000      0.052

Between Level

 FLIT       ON
    FLSCHOOL         117.792    503.861      0.234      0.815      0.136
    FLFAMILY       -1040.622   1004.692     -1.036      0.300      0.235
    NOBULLY          700.428    897.107      0.781      0.435      0.096
    EDUSHORT           7.748     44.358      0.175      0.861      0.042
    STRATIO            4.436      3.951      1.123      0.261      0.259

 FLSCHOOL WITH
    FLFAMILY           0.004      0.926      0.004      0.997      0.000
    NOBULLY           -0.004      0.535     -0.008      0.994      0.000
    EDUSHORT           0.001      0.029      0.023      0.981      0.025
    STRATIO           -0.315      0.113     -2.787      0.005      0.195

 FLFAMILY WITH
    NOBULLY            0.003      2.754      0.001      0.999      0.000
    EDUSHORT          -0.002      0.080     -0.025      0.980      0.002

 NOBULLY  WITH
    EDUSHORT          -0.014      0.066     -0.207      0.836      0.007

 STRATIO  WITH
    EDUSHORT           0.261      0.513      0.508      0.611      0.341

 Means
    EDUSHORT          -0.370      0.074     -5.016      0.000      0.054
    STRATIO           17.175      0.640     26.830      0.000      0.105
    FLSCHOOL           0.144      0.024      5.915      0.000      0.032
    NOBULLY            0.277      0.043      6.385      0.000      0.021
    FLFAMILY          -0.148      0.046     -3.221      0.001      0.007

 Intercepts
    FLIT              62.166    507.513      0.122      0.903      0.151

 Variances
    EDUSHORT           0.736      0.087      8.476      0.000      0.104
    STRATIO           47.134     15.069      3.128      0.002      0.146
    FLSCHOOL           0.019      0.302      0.062      0.951      0.000
    NOBULLY            0.008      0.911      0.009      0.993      0.000
    FLFAMILY           0.006      3.093      0.002      0.998      0.000

 Residual Variances
    FLIT             782.797   2100.087      0.373      0.709      0.236


STANDARDIZED MODEL RESULTS


STDYX Standardization

                                                    Two-Tailed   Rate of
                    Estimate       S.E.  Est./S.E.    P-Value    Missing

Within Level

 FCFMLRTY   ON
    FLSCHOOL           0.308      0.020     15.755      0.000      0.112
    FLFAMILY           0.029      0.025      1.155      0.248      0.221
    NOBULLY            0.087      0.023      3.696      0.000      0.228
    ESCS               0.129      0.021      6.177      0.000      0.033
    IMMI2GEN           0.018      0.019      0.968      0.333      0.043
    MALE               0.048      0.019      2.496      0.013      0.044

 FLCONFIN   ON
    FLSCHOOL           0.102      0.022      4.704      0.000      0.037
    FLFAMILY           0.090      0.024      3.760      0.000      0.010
    NOBULLY            0.048      0.024      2.035      0.042      0.099
    ESCS               0.109      0.022      4.899      0.000      0.093
    IMMI2GEN           0.018      0.027      0.689      0.491      0.060
    MALE               0.167      0.021      7.922      0.000      0.082

 FLIT       ON
    FCFMLRTY           0.239      0.031      7.834      0.000      0.302
    FLCONFIN           0.040      0.027      1.475      0.140      0.363
    FLSCHOOL          -0.003      0.023     -0.138      0.891      0.246
    FLFAMILY          -0.083      0.023     -3.581      0.000      0.353
    NOBULLY           -0.024      0.024     -0.991      0.321      0.357
    ESCS               0.063      0.025      2.508      0.012      0.127
    IMMI1GEN          -0.062      0.772     -0.081      0.936      0.000

 FLSCHOOL WITH
    FLFAMILY           0.181      0.030      5.969      0.000      0.041
    NOBULLY            0.015      0.054      0.279      0.780      0.032
    ESCS               0.056      0.041      1.372      0.170      0.010

 FLFAMILY WITH
    NOBULLY           -0.014      0.026     -0.537      0.591      0.062
    ESCS               0.051      0.081      0.628      0.530      0.005

 FCFMLRTY WITH
    FLCONFIN           0.227      0.021     10.763      0.000      0.124

 ESCS     WITH
    IMMI1GEN          -0.117      1.940     -0.060      0.952      0.000
    IMMI2GEN          -0.236      0.032     -7.282      0.000      0.025

 Means
    IMMI1GEN           0.125      1.937      0.065      0.948      0.000
    IMMI2GEN           0.330      0.024     14.048      0.000      0.008
    ESCS               0.435      0.046      9.534      0.000      0.018

 Intercepts
    FCFMLRTY           2.312      0.073     31.848      0.000      0.054
    FLCONFIN           0.261      0.031      8.333      0.000      0.116

 Variances
    FLSCHOOL           1.000      0.000  *********      0.000      0.000
    NOBULLY            1.000      0.000  *********      0.000      0.000
    FLFAMILY           1.000      0.000    999.000    999.000      0.000
    IMMI1GEN           1.000      0.000  *********      0.000      0.000
    IMMI2GEN           1.000      0.000  *********      0.000      0.000
    ESCS               1.000      0.000  *********      0.000      0.000

 Residual Variances
    FLIT               0.920      0.071     12.915      0.000      0.015
    FCFMLRTY           0.870      0.012     73.185      0.000      0.131
    FLCONFIN           0.934      0.010     92.514      0.000      0.087

Between Level

 FLIT       ON
    FLSCHOOL           0.234   1028.638      0.000      1.000      0.000
    FLFAMILY          -1.095   1642.716     -0.001      0.999      0.000
    NOBULLY            0.902   1639.941      0.001      1.000      0.000
    EDUSHORT           0.095    180.241      0.001      1.000      0.000
    STRATIO            0.422    803.304      0.001      1.000      0.000

 FLSCHOOL WITH
    FLFAMILY           0.349    188.166      0.002      0.999      0.000
    NOBULLY           -0.335     39.336     -0.009      0.993      0.000
    EDUSHORT           0.005      0.352      0.014      0.989      0.012
    STRATIO           -0.337      2.772     -0.122      0.903      0.000

 FLFAMILY WITH
    NOBULLY            0.482    276.831      0.002      0.999      0.000
    EDUSHORT          -0.033     29.950     -0.001      0.999      0.000

 NOBULLY  WITH
    EDUSHORT          -0.178      8.898     -0.020      0.984      0.000

 STRATIO  WITH
    EDUSHORT           0.045      0.089      0.507      0.612      0.315

 Means
    EDUSHORT          -0.432      0.100     -4.307      0.000      0.077
    STRATIO            2.514      0.383      6.564      0.000      0.218
    FLSCHOOL           1.053      7.943      0.133      0.895      0.000
    NOBULLY            3.063    119.031      0.026      0.979      0.000
    FLFAMILY          -1.939    904.547     -0.002      0.998      0.000

 Intercepts
    FLIT               0.869   4618.333      0.000      1.000      0.000

 Variances
    EDUSHORT           1.000      0.000    999.000    999.000      0.000
    STRATIO            1.000      0.000  *********      0.000      0.000
    FLSCHOOL           1.000      0.000  *********      0.000      0.000
    NOBULLY            1.000      0.000  *********      0.000      0.000
    FLFAMILY           1.000      0.000  *********      0.000      0.000

 Residual Variances
    FLIT               0.156      0.431      0.361      0.718      0.218


R-SQUARE

Within Level

    Observed                                        Two-Tailed   Rate of
    Variable        Estimate       S.E.  Est./S.E.    P-Value    Missing

    FLIT               0.080      0.071      1.126      0.260      0.015
    FCFMLRTY           0.130      0.012     10.959      0.000      0.131
    FLCONFIN           0.066      0.010      6.495      0.000      0.087

Between Level

    Observed                                        Two-Tailed   Rate of
    Variable        Estimate       S.E.  Est./S.E.    P-Value    Missing

    FLIT               0.844      0.431      1.958      0.050      0.218


QUALITY OF NUMERICAL RESULTS

     Average Condition Number for the Information Matrix     -0.102E+01
       (ratio of smallest to largest eigenvalue)


TOTAL, TOTAL INDIRECT, SPECIFIC INDIRECT, AND DIRECT EFFECTS


                                                    Two-Tailed   Rate of
                    Estimate       S.E.  Est./S.E.    P-Value    Missing

WITHIN

Effects from FLSCHOOL to FLIT

  Total                5.965      1.649      3.618      0.000      0.104
  Total indirect       6.229      0.813      7.663      0.000      0.409

  Specific indirect 1
    FLIT
    FCFMLRTY
    FLSCHOOL           5.901      0.784      7.522      0.000      0.370

  Specific indirect 2
    FLIT
    FLCONFIN
    FLSCHOOL           0.328      0.238      1.379      0.168      0.329

  Direct
    FLIT
    FLSCHOOL          -0.264      1.874     -0.141      0.888      0.243


Effects from FLFAMILY to FLIT

  Total               -6.218      1.863     -3.337      0.001      0.262
  Total indirect       0.910      0.623      1.460      0.144      0.302

  Specific indirect 1
    FLIT
    FCFMLRTY
    FLFAMILY           0.598      0.533      1.121      0.262      0.208

  Specific indirect 2
    FLIT
    FLCONFIN
    FLFAMILY           0.313      0.225      1.388      0.165      0.334

  Direct
    FLIT
    FLFAMILY          -7.129      1.975     -3.609      0.000      0.338


Effects from NOBULLY to FLIT

  Total               -0.118      2.396     -0.049      0.961      0.314
  Total indirect       2.218      0.588      3.770      0.000      0.177

  Specific indirect 1
    FLIT
    FCFMLRTY
    NOBULLY            2.025      0.574      3.525      0.000      0.250

  Specific indirect 2
    FLIT
    FLCONFIN
    NOBULLY            0.193      0.161      1.204      0.229      0.366

  Direct
    FLIT
    NOBULLY           -2.336      2.364     -0.988      0.323      0.356


Effects from ESCS to FLIT

  Total                8.944      2.304      3.882      0.000      0.098
  Total indirect       3.210      0.640      5.019      0.000      0.209

  Specific indirect 1
    FLIT
    FCFMLRTY
    ESCS               2.813      0.583      4.826      0.000      0.129

  Specific indirect 2
    FLIT
    FLCONFIN
    ESCS               0.397      0.275      1.442      0.149      0.312

  Direct
    FLIT
    ESCS               5.734      2.271      2.525      0.012      0.111


Effects from IMMI2GEN to FLIT

  Total                1.288      1.196      1.078      0.281      0.027
  Total indirect       1.288      1.196      1.078      0.281      0.027

  Specific indirect 1
    FLIT
    FCFMLRTY
    IMMI2GEN           1.103      1.120      0.984      0.325      0.026

  Specific indirect 2
    FLIT
    FLCONFIN
    IMMI2GEN           0.186      0.307      0.604      0.546      0.068


Effects from MALE to FLIT

  Total                2.785      1.067      2.610      0.009      0.309
  Total indirect       2.785      1.067      2.610      0.009      0.309

  Specific indirect 1
    FLIT
    FCFMLRTY
    MALE               1.756      0.745      2.356      0.018      0.084

  Specific indirect 2
    FLIT
    FLCONFIN
    MALE               1.029      0.710      1.449      0.147      0.353


BETWEEN

Effects from FLSCHOOL to FLIT

  Total              117.792    503.861      0.234      0.815      0.136
  Total indirect       0.000      0.000     -0.476      0.634      0.182

  Direct
    FLIT
    FLSCHOOL         117.792    503.861      0.234      0.815      0.136


Effects from FLFAMILY to FLIT

  Total            -1040.622   1004.692     -1.036      0.300      0.235
  Total indirect       0.000      0.000      0.162      0.872      0.182

  Direct
    FLIT
    FLFAMILY       -1040.622   1004.692     -1.036      0.300      0.235


Effects from NOBULLY to FLIT

  Total              700.428    897.107      0.781      0.435      0.096
  Total indirect       0.000      0.000     -0.038      0.970      0.182

  Direct
    FLIT
    NOBULLY          700.428    897.107      0.781      0.435      0.096


Effects from ESCS to FLIT

  Total                0.000      0.000    999.000      0.000      0.182
  Total indirect       0.000      0.000    999.000      0.000      0.182


Effects from IMMI2GEN to FLIT

  Total                0.000      0.000    999.000      0.000      0.182
  Total indirect       0.000      0.000    999.000      0.000      0.182


Effects from MALE to FLIT

  Total                0.000      0.000    999.000      0.000      0.182
  Total indirect       0.000      0.000    999.000      0.000      0.182



STANDARDIZED TOTAL, TOTAL INDIRECT, SPECIFIC INDIRECT, AND DIRECT EFFECTS


STDYX Standardization

                                                    Two-Tailed   Rate of
                    Estimate       S.E.  Est./S.E.    P-Value    Missing

WITHIN

Effects from FLSCHOOL to FLIT

  Total                0.075      0.021      3.551      0.000      0.114
  Total indirect       0.078      0.010      7.710      0.000      0.327

  Specific indirect 1
    FLIT
    FCFMLRTY
    FLSCHOOL           0.074      0.010      7.461      0.000      0.308

  Specific indirect 2
    FLIT
    FLCONFIN
    FLSCHOOL           0.004      0.003      1.394      0.163      0.310

  Direct
    FLIT
    FLSCHOOL          -0.003      0.023     -0.138      0.891      0.246


Effects from FLFAMILY to FLIT

  Total               -0.072      0.022     -3.305      0.001      0.281
  Total indirect       0.011      0.007      1.465      0.143      0.292

  Specific indirect 1
    FLIT
    FCFMLRTY
    FLFAMILY           0.007      0.006      1.122      0.262      0.207

  Specific indirect 2
    FLIT
    FLCONFIN
    FLFAMILY           0.004      0.003      1.394      0.163      0.313

  Direct
    FLIT
    FLFAMILY          -0.083      0.023     -3.581      0.000      0.353


Effects from NOBULLY to FLIT

  Total               -0.001      0.025     -0.048      0.961      0.316
  Total indirect       0.023      0.006      3.743      0.000      0.147

  Specific indirect 1
    FLIT
    FCFMLRTY
    NOBULLY            0.021      0.006      3.491      0.000      0.225

  Specific indirect 2
    FLIT
    FLCONFIN
    NOBULLY            0.002      0.002      1.215      0.224      0.353

  Direct
    FLIT
    NOBULLY           -0.024      0.024     -0.991      0.321      0.357


Effects from ESCS to FLIT

  Total                0.098      0.025      3.856      0.000      0.113
  Total indirect       0.035      0.007      5.133      0.000      0.165

  Specific indirect 1
    FLIT
    FCFMLRTY
    ESCS               0.031      0.006      4.874      0.000      0.109

  Specific indirect 2
    FLIT
    FLCONFIN
    ESCS               0.004      0.003      1.452      0.147      0.292

  Direct
    FLIT
    ESCS               0.063      0.025      2.508      0.012      0.127


Effects from IMMI2GEN to FLIT

  Total                0.005      0.005      1.074      0.283      0.029
  Total indirect       0.005      0.005      1.074      0.283      0.029

  Specific indirect 1
    FLIT
    FCFMLRTY
    IMMI2GEN           0.004      0.004      0.982      0.326      0.029

  Specific indirect 2
    FLIT
    FLCONFIN
    IMMI2GEN           0.001      0.001      0.606      0.545      0.067


Effects from MALE to FLIT

  Total                0.018      0.007      2.613      0.009      0.270
  Total indirect       0.018      0.007      2.613      0.009      0.270

  Specific indirect 1
    FLIT
    FCFMLRTY
    MALE               0.011      0.005      2.351      0.019      0.068

  Specific indirect 2
    FLIT
    FLCONFIN
    MALE               0.007      0.005      1.451      0.147      0.328


BETWEEN

Effects from FLSCHOOL to FLIT

  Total                0.234   1028.638      0.000      1.000      0.000
  Total indirect       0.000      0.000      0.000      1.000      0.182

  Direct
    FLIT
    FLSCHOOL           0.234   1028.638      0.000      1.000      0.000


Effects from FLFAMILY to FLIT

  Total               -1.095   1642.716     -0.001      0.999      0.000
  Total indirect       0.000      0.000      0.000      1.000      0.182

  Direct
    FLIT
    FLFAMILY          -1.095   1642.716     -0.001      0.999      0.000


Effects from NOBULLY to FLIT

  Total                0.902   1639.941      0.001      1.000      0.000
  Total indirect       0.000      0.000      0.000      1.000      0.182

  Direct
    FLIT
    NOBULLY            0.902   1639.941      0.001      1.000      0.000


Effects from ESCS to FLIT

  Total                0.000      0.000      0.000      1.000      0.182
  Total indirect       0.000      0.000      0.000      1.000      0.182


Effects from IMMI2GEN to FLIT

  Total                0.000      0.000      0.000      1.000      0.182
  Total indirect       0.000      0.000      0.000      1.000      0.182


Effects from MALE to FLIT

  Total                0.000      0.000      0.000      1.000      0.182
  Total indirect       0.000      0.000      0.000      1.000      0.182




TECHNICAL 1 OUTPUT


     PARAMETER SPECIFICATION FOR WITHIN


           NU
              FLIT          FCFMLRTY      FLCONFIN      FLSCHOOL      NOBULLY
              ________      ________      ________      ________      ________
                    0             0             0             0             0


           NU
              FLFAMILY      IMMI1GEN      IMMI2GEN      ESCS          MALE
              ________      ________      ________      ________      ________
                    0             0             0             0             0


           LAMBDA
              FLIT          FCFMLRTY      FLCONFIN      FLSCHOOL      NOBULLY
              ________      ________      ________      ________      ________
 FLIT               0             0             0             0             0
 FCFMLRTY           0             0             0             0             0
 FLCONFIN           0             0             0             0             0
 FLSCHOOL           0             0             0             0             0
 NOBULLY            0             0             0             0             0
 FLFAMILY           0             0             0             0             0
 IMMI1GEN           0             0             0             0             0
 IMMI2GEN           0             0             0             0             0
 ESCS               0             0             0             0             0
 MALE               0             0             0             0             0


           LAMBDA
              FLFAMILY      IMMI1GEN      IMMI2GEN      ESCS          MALE
              ________      ________      ________      ________      ________
 FLIT               0             0             0             0             0
 FCFMLRTY           0             0             0             0             0
 FLCONFIN           0             0             0             0             0
 FLSCHOOL           0             0             0             0             0
 NOBULLY            0             0             0             0             0
 FLFAMILY           0             0             0             0             0
 IMMI1GEN           0             0             0             0             0
 IMMI2GEN           0             0             0             0             0
 ESCS               0             0             0             0             0
 MALE               0             0             0             0             0


           THETA
              FLIT          FCFMLRTY      FLCONFIN      FLSCHOOL      NOBULLY
              ________      ________      ________      ________      ________
 FLIT               0
 FCFMLRTY           0             0
 FLCONFIN           0             0             0
 FLSCHOOL           0             0             0             0
 NOBULLY            0             0             0             0             0
 FLFAMILY           0             0             0             0             0
 IMMI1GEN           0             0             0             0             0
 IMMI2GEN           0             0             0             0             0
 ESCS               0             0             0             0             0
 MALE               0             0             0             0             0


           THETA
              FLFAMILY      IMMI1GEN      IMMI2GEN      ESCS          MALE
              ________      ________      ________      ________      ________
 FLFAMILY           0
 IMMI1GEN           0             0
 IMMI2GEN           0             0             0
 ESCS               0             0             0             0
 MALE               0             0             0             0             0


           ALPHA
              FLIT          FCFMLRTY      FLCONFIN      FLSCHOOL      NOBULLY
              ________      ________      ________      ________      ________
                    0             1             2             0             0


           ALPHA
              FLFAMILY      IMMI1GEN      IMMI2GEN      ESCS          MALE
              ________      ________      ________      ________      ________
                    0             3             4             5             0


           BETA
              FLIT          FCFMLRTY      FLCONFIN      FLSCHOOL      NOBULLY
              ________      ________      ________      ________      ________
 FLIT               0             6             7             8             9
 FCFMLRTY           0             0             0            13            14
 FLCONFIN           0             0             0            19            20
 FLSCHOOL           0             0             0             0             0
 NOBULLY            0             0             0             0             0
 FLFAMILY           0             0             0             0             0
 IMMI1GEN           0             0             0             0             0
 IMMI2GEN           0             0             0             0             0
 ESCS               0             0             0             0             0
 MALE               0             0             0             0             0


           BETA
              FLFAMILY      IMMI1GEN      IMMI2GEN      ESCS          MALE
              ________      ________      ________      ________      ________
 FLIT              10            11             0            12             0
 FCFMLRTY          15             0            16            17            18
 FLCONFIN          21             0            22            23            24
 FLSCHOOL           0             0             0             0             0
 NOBULLY            0             0             0             0             0
 FLFAMILY           0             0             0             0             0
 IMMI1GEN           0             0             0             0             0
 IMMI2GEN           0             0             0             0             0
 ESCS               0             0             0             0             0
 MALE               0             0             0             0             0


           PSI
              FLIT          FCFMLRTY      FLCONFIN      FLSCHOOL      NOBULLY
              ________      ________      ________      ________      ________
 FLIT              25
 FCFMLRTY           0            26
 FLCONFIN           0            27            28
 FLSCHOOL           0             0             0            29
 NOBULLY            0             0             0            30            31
 FLFAMILY           0             0             0            32            33
 IMMI1GEN           0             0             0             0             0
 IMMI2GEN           0             0             0             0             0
 ESCS               0             0             0            37             0
 MALE               0             0             0             0             0


           PSI
              FLFAMILY      IMMI1GEN      IMMI2GEN      ESCS          MALE
              ________      ________      ________      ________      ________
 FLFAMILY          34
 IMMI1GEN           0            35
 IMMI2GEN           0             0            36
 ESCS              38            39            40            41
 MALE               0             0             0             0             0


     PARAMETER SPECIFICATION FOR BETWEEN


           NU
              EDUSHORT      STRATIO       FLIT          FLSCHOOL      NOBULLY
              ________      ________      ________      ________      ________
                    0             0             0             0             0


           NU
              FLFAMILY
              ________
                    0


           LAMBDA
              EDUSHORT      STRATIO       FLIT          FLSCHOOL      NOBULLY
              ________      ________      ________      ________      ________
 EDUSHORT           0             0             0             0             0
 STRATIO            0             0             0             0             0
 FLIT               0             0             0             0             0
 FLSCHOOL           0             0             0             0             0
 NOBULLY            0             0             0             0             0
 FLFAMILY           0             0             0             0             0


           LAMBDA
              FLFAMILY
              ________
 EDUSHORT           0
 STRATIO            0
 FLIT               0
 FLSCHOOL           0
 NOBULLY            0
 FLFAMILY           0


           THETA
              EDUSHORT      STRATIO       FLIT          FLSCHOOL      NOBULLY
              ________      ________      ________      ________      ________
 EDUSHORT           0
 STRATIO            0             0
 FLIT               0             0             0
 FLSCHOOL           0             0             0             0
 NOBULLY            0             0             0             0             0
 FLFAMILY           0             0             0             0             0


           THETA
              FLFAMILY
              ________
 FLFAMILY           0


           ALPHA
              EDUSHORT      STRATIO       FLIT          FLSCHOOL      NOBULLY
              ________      ________      ________      ________      ________
                   42            43            44            45            46


           ALPHA
              FLFAMILY
              ________
                   47


           BETA
              EDUSHORT      STRATIO       FLIT          FLSCHOOL      NOBULLY
              ________      ________      ________      ________      ________
 EDUSHORT           0             0             0             0             0
 STRATIO            0             0             0             0             0
 FLIT              48            49             0            50            51
 FLSCHOOL           0             0             0             0             0
 NOBULLY            0             0             0             0             0
 FLFAMILY           0             0             0             0             0


           BETA
              FLFAMILY
              ________
 EDUSHORT           0
 STRATIO            0
 FLIT              52
 FLSCHOOL           0
 NOBULLY            0
 FLFAMILY           0


           PSI
              EDUSHORT      STRATIO       FLIT          FLSCHOOL      NOBULLY
              ________      ________      ________      ________      ________
 EDUSHORT          53
 STRATIO           54            55
 FLIT               0             0            56
 FLSCHOOL          57            58             0            59
 NOBULLY           60             0             0            61            62
 FLFAMILY          63             0             0            64            65


           PSI
              FLFAMILY
              ________
 FLFAMILY          66


     STARTING VALUES FOR WITHIN


           NU
              FLIT          FCFMLRTY      FLCONFIN      FLSCHOOL      NOBULLY
              ________      ________      ________      ________      ________
                0.000         0.000         0.000         0.000         0.000


           NU
              FLFAMILY      IMMI1GEN      IMMI2GEN      ESCS          MALE
              ________      ________      ________      ________      ________
                0.000         0.000         0.000         0.000         0.000


           LAMBDA
              FLIT          FCFMLRTY      FLCONFIN      FLSCHOOL      NOBULLY
              ________      ________      ________      ________      ________
 FLIT           1.000         0.000         0.000         0.000         0.000
 FCFMLRTY       0.000         1.000         0.000         0.000         0.000
 FLCONFIN       0.000         0.000         1.000         0.000         0.000
 FLSCHOOL       0.000         0.000         0.000         1.000         0.000
 NOBULLY        0.000         0.000         0.000         0.000         1.000
 FLFAMILY       0.000         0.000         0.000         0.000         0.000
 IMMI1GEN       0.000         0.000         0.000         0.000         0.000
 IMMI2GEN       0.000         0.000         0.000         0.000         0.000
 ESCS           0.000         0.000         0.000         0.000         0.000
 MALE           0.000         0.000         0.000         0.000         0.000


           LAMBDA
              FLFAMILY      IMMI1GEN      IMMI2GEN      ESCS          MALE
              ________      ________      ________      ________      ________
 FLIT           0.000         0.000         0.000         0.000         0.000
 FCFMLRTY       0.000         0.000         0.000         0.000         0.000
 FLCONFIN       0.000         0.000         0.000         0.000         0.000
 FLSCHOOL       0.000         0.000         0.000         0.000         0.000
 NOBULLY        0.000         0.000         0.000         0.000         0.000
 FLFAMILY       1.000         0.000         0.000         0.000         0.000
 IMMI1GEN       0.000         1.000         0.000         0.000         0.000
 IMMI2GEN       0.000         0.000         1.000         0.000         0.000
 ESCS           0.000         0.000         0.000         1.000         0.000
 MALE           0.000         0.000         0.000         0.000         1.000


           THETA
              FLIT          FCFMLRTY      FLCONFIN      FLSCHOOL      NOBULLY
              ________      ________      ________      ________      ________
 FLIT           0.000
 FCFMLRTY       0.000         0.000
 FLCONFIN       0.000         0.000         0.000
 FLSCHOOL       0.000         0.000         0.000         0.000
 NOBULLY        0.000         0.000         0.000         0.000         0.000
 FLFAMILY       0.000         0.000         0.000         0.000         0.000
 IMMI1GEN       0.000         0.000         0.000         0.000         0.000
 IMMI2GEN       0.000         0.000         0.000         0.000         0.000
 ESCS           0.000         0.000         0.000         0.000         0.000
 MALE           0.000         0.000         0.000         0.000         0.000


           THETA
              FLFAMILY      IMMI1GEN      IMMI2GEN      ESCS          MALE
              ________      ________      ________      ________      ________
 FLFAMILY       0.000
 IMMI1GEN       0.000         0.000
 IMMI2GEN       0.000         0.000         0.000
 ESCS           0.000         0.000         0.000         0.000
 MALE           0.000         0.000         0.000         0.000         0.000


           ALPHA
              FLIT          FCFMLRTY      FLCONFIN      FLSCHOOL      NOBULLY
              ________      ________      ________      ________      ________
                0.000        10.414         0.402         0.000         0.000


           ALPHA
              FLFAMILY      IMMI1GEN      IMMI2GEN      ESCS          MALE
              ________      ________      ________      ________      ________
                0.000         0.016         0.096         0.351         0.000


           BETA
              FLIT          FCFMLRTY      FLCONFIN      FLSCHOOL      NOBULLY
              ________      ________      ________      ________      ________
 FLIT           0.000         0.000         0.000         0.000         0.000
 FCFMLRTY       0.000         0.000         0.000         0.000         0.000
 FLCONFIN       0.000         0.000         0.000         0.000         0.000
 FLSCHOOL       0.000         0.000         0.000         0.000         0.000
 NOBULLY        0.000         0.000         0.000         0.000         0.000
 FLFAMILY       0.000         0.000         0.000         0.000         0.000
 IMMI1GEN       0.000         0.000         0.000         0.000         0.000
 IMMI2GEN       0.000         0.000         0.000         0.000         0.000
 ESCS           0.000         0.000         0.000         0.000         0.000
 MALE           0.000         0.000         0.000         0.000         0.000


           BETA
              FLFAMILY      IMMI1GEN      IMMI2GEN      ESCS          MALE
              ________      ________      ________      ________      ________
 FLIT           0.000         0.000         0.000         0.000         0.000
 FCFMLRTY       0.000         0.000         0.000         0.000         0.000
 FLCONFIN       0.000         0.000         0.000         0.000         0.000
 FLSCHOOL       0.000         0.000         0.000         0.000         0.000
 NOBULLY        0.000         0.000         0.000         0.000         0.000
 FLFAMILY       0.000         0.000         0.000         0.000         0.000
 IMMI1GEN       0.000         0.000         0.000         0.000         0.000
 IMMI2GEN       0.000         0.000         0.000         0.000         0.000
 ESCS           0.000         0.000         0.000         0.000         0.000
 MALE           0.000         0.000         0.000         0.000         0.000


           PSI
              FLIT          FCFMLRTY      FLCONFIN      FLSCHOOL      NOBULLY
              ________      ________      ________      ________      ________
 FLIT        5578.213
 FCFMLRTY       0.000         9.527
 FLCONFIN       0.000         0.000         0.365
 FLSCHOOL       0.000         0.000         0.000         0.460
 NOBULLY        0.000         0.000         0.000         0.000         0.308
 FLFAMILY       0.000         0.000         0.000         0.000         0.000
 IMMI1GEN       0.000         0.000         0.000         0.000         0.000
 IMMI2GEN       0.000         0.000         0.000         0.000         0.000
 ESCS           0.000         0.000         0.000         0.000         0.000
 MALE           0.000         0.000         0.000         0.000         0.000


           PSI
              FLFAMILY      IMMI1GEN      IMMI2GEN      ESCS          MALE
              ________      ________      ________      ________      ________
 FLFAMILY       0.402
 IMMI1GEN       0.000         0.008
 IMMI2GEN       0.000         0.000         0.044
 ESCS           0.000         0.000         0.000         0.355
 MALE           0.000         0.000         0.000         0.000         0.125


     STARTING VALUES FOR BETWEEN


           NU
              EDUSHORT      STRATIO       FLIT          FLSCHOOL      NOBULLY
              ________      ________      ________      ________      ________
                0.000         0.000         0.000         0.000         0.000


           NU
              FLFAMILY
              ________
                0.000


           LAMBDA
              EDUSHORT      STRATIO       FLIT          FLSCHOOL      NOBULLY
              ________      ________      ________      ________      ________
 EDUSHORT       1.000         0.000         0.000         0.000         0.000
 STRATIO        0.000         1.000         0.000         0.000         0.000
 FLIT           0.000         0.000         1.000         0.000         0.000
 FLSCHOOL       0.000         0.000         0.000         1.000         0.000
 NOBULLY        0.000         0.000         0.000         0.000         1.000
 FLFAMILY       0.000         0.000         0.000         0.000         0.000


           LAMBDA
              FLFAMILY
              ________
 EDUSHORT       0.000
 STRATIO        0.000
 FLIT           0.000
 FLSCHOOL       0.000
 NOBULLY        0.000
 FLFAMILY       1.000


           THETA
              EDUSHORT      STRATIO       FLIT          FLSCHOOL      NOBULLY
              ________      ________      ________      ________      ________
 EDUSHORT       0.000
 STRATIO        0.000         0.000
 FLIT           0.000         0.000         0.000
 FLSCHOOL       0.000         0.000         0.000         0.000
 NOBULLY        0.000         0.000         0.000         0.000         0.000
 FLFAMILY       0.000         0.000         0.000         0.000         0.000


           THETA
              FLFAMILY
              ________
 FLFAMILY       0.000


           ALPHA
              EDUSHORT      STRATIO       FLIT          FLSCHOOL      NOBULLY
              ________      ________      ________      ________      ________
               -0.408        17.335       558.316         0.128         0.280


           ALPHA
              FLFAMILY
              ________
               -0.146


           BETA
              EDUSHORT      STRATIO       FLIT          FLSCHOOL      NOBULLY
              ________      ________      ________      ________      ________
 EDUSHORT       0.000         0.000         0.000         0.000         0.000
 STRATIO        0.000         0.000         0.000         0.000         0.000
 FLIT           0.000         0.000         0.000         0.000         0.000
 FLSCHOOL       0.000         0.000         0.000         0.000         0.000
 NOBULLY        0.000         0.000         0.000         0.000         0.000
 FLFAMILY       0.000         0.000         0.000         0.000         0.000


           BETA
              FLFAMILY
              ________
 EDUSHORT       0.000
 STRATIO        0.000
 FLIT           0.000
 FLSCHOOL       0.000
 NOBULLY        0.000
 FLFAMILY       0.000


           PSI
              EDUSHORT      STRATIO       FLIT          FLSCHOOL      NOBULLY
              ________      ________      ________      ________      ________
 EDUSHORT       0.375
 STRATIO        0.000        24.735
 FLIT           0.000         0.000      5578.213
 FLSCHOOL       0.000         0.000         0.000         0.460
 NOBULLY        0.000         0.000         0.000         0.000         0.308
 FLFAMILY       0.000         0.000         0.000         0.000         0.000


           PSI
              FLFAMILY
              ________
 FLFAMILY       0.402


THE FOLLOWING DATA SET(S) DID NOT RESULT IN A COMPLETED REPLICATION:

  ~/finlit7.dat


TECHNICAL 9 OUTPUT


Errors for replication with data file ~/finlit1.dat:

*** WARNING
  One or more individual-level variables have no variation within a
  cluster for the following clusters.

     Variable   Cluster IDs with no within-cluster variation

      IMMI1GEN    52800048 52800097 52800084 52800157 52800151 52800160 52800030 52800054 52800057
                  52800059 52800008 52800109 52800105 52800112 52800032 52800095 52800099 52800041
                  52800081 52800082 52800093 52800120 52800121 52800141 52800144 52800056 52800076
                  52800137 52800086 52800118 52800067 52800002 52800017 52800075 52800149 52800031
                  52800046 52800098 52800116 52800148 52800156 52800005 52800009 52800083 52800101
                  52800129 52800130 52800136 52800024 52800047 52800058 52800132 52800043 52800062
                  52800094 52800096 52800001 52800134 52800019 52800021 52800026 52800159 52800085
                  52800027 52800033 52800044 52800051 52800145 52800045 52800025 52800004 52800102
      IMMI2GEN    52800048 52800097 52800084 52800157 52800151 52800030 52800054 52800059 52800008
                  52800109 52800105 52800112 52800153 52800032 52800099 52800108 52800081 52800082
                  52800093 52800120 52800056 52800055 52800137 52800086 52800118 52800067 52800016
                  52800031 52800116 52800101 52800147 52800024 52800124 52800062 52800007 52800021
                  52800026 52800159 52800027 52800025
      MALE        52800097

     THE STANDARD ERRORS OF THE MODEL PARAMETER ESTIMATES MAY NOT BE
     TRUSTWORTHY FOR SOME PARAMETERS DUE TO A NON-POSITIVE DEFINITE
     FIRST-ORDER DERIVATIVE PRODUCT MATRIX.  THIS MAY BE DUE TO THE STARTING
     VALUES BUT MAY ALSO BE AN INDICATION OF MODEL NONIDENTIFICATION.  THE
     CONDITION NUMBER IS       0.111D-10.  PROBLEM INVOLVING THE FOLLOWING PARAMETER:
     Parameter 48, %BETWEEN%: FLIT ON EDUSHORT


THE MODEL ESTIMATION TERMINATED NORMALLY

Errors for replication with data file ~/finlit2.dat:

*** WARNING
  One or more individual-level variables have no variation within a
  cluster for the following clusters.

     Variable   Cluster IDs with no within-cluster variation

      IMMI1GEN    52800048 52800097 52800084 52800157 52800151 52800160 52800030 52800054 52800057
                  52800059 52800008 52800109 52800105 52800112 52800032 52800095 52800099 52800041
                  52800081 52800082 52800093 52800120 52800121 52800141 52800144 52800056 52800076
                  52800137 52800086 52800118 52800067 52800002 52800017 52800075 52800149 52800031
                  52800046 52800098 52800116 52800148 52800156 52800005 52800009 52800083 52800101
                  52800129 52800130 52800136 52800024 52800047 52800058 52800132 52800043 52800062
                  52800094 52800096 52800001 52800134 52800019 52800021 52800026 52800159 52800085
                  52800027 52800033 52800044 52800051 52800145 52800045 52800025 52800004 52800102
      IMMI2GEN    52800048 52800097 52800084 52800157 52800151 52800030 52800054 52800059 52800008
                  52800109 52800105 52800112 52800153 52800032 52800099 52800108 52800081 52800082
                  52800093 52800120 52800056 52800055 52800137 52800086 52800118 52800067 52800016
                  52800031 52800116 52800101 52800147 52800024 52800124 52800062 52800007 52800021
                  52800026 52800159 52800027 52800025
      MALE        52800097

     WARNING: THE MODEL ESTIMATION HAS REACHED A SADDLE POINT OR A POINT WHERE THE
     OBSERVED AND THE EXPECTED INFORMATION MATRICES DO NOT MATCH.
     AN ADJUSTMENT TO THE ESTIMATION OF THE INFORMATION MATRIX HAS BEEN MADE.
     THE CONDITION NUMBER IS      -0.421D+00.
     THE PROBLEM MAY ALSO BE RESOLVED BY DECREASING THE VALUE OF THE
     MCONVERGENCE OR LOGCRITERION OPTIONS OR BY CHANGING THE STARTING VALUES
     OR BY USING THE MLF ESTIMATOR.

     THE STANDARD ERRORS OF THE MODEL PARAMETER ESTIMATES MAY NOT BE
     TRUSTWORTHY FOR SOME PARAMETERS DUE TO A NON-POSITIVE DEFINITE
     FIRST-ORDER DERIVATIVE PRODUCT MATRIX.  THIS MAY BE DUE TO THE STARTING
     VALUES BUT MAY ALSO BE AN INDICATION OF MODEL NONIDENTIFICATION.  THE
     CONDITION NUMBER IS       0.663D-19.  PROBLEM INVOLVING THE FOLLOWING PARAMETER:
     Parameter 56, %BETWEEN%: FLIT


THE MODEL ESTIMATION TERMINATED NORMALLY

Errors for replication with data file ~/finlit3.dat:

*** WARNING
  One or more individual-level variables have no variation within a
  cluster for the following clusters.

     Variable   Cluster IDs with no within-cluster variation

      IMMI1GEN    52800048 52800097 52800084 52800157 52800151 52800160 52800030 52800054 52800057
                  52800059 52800008 52800109 52800105 52800112 52800032 52800095 52800099 52800041
                  52800081 52800082 52800093 52800120 52800121 52800141 52800144 52800056 52800076
                  52800137 52800086 52800118 52800067 52800002 52800017 52800075 52800149 52800031
                  52800046 52800098 52800116 52800148 52800156 52800005 52800009 52800083 52800101
                  52800129 52800130 52800136 52800024 52800047 52800058 52800132 52800043 52800062
                  52800094 52800096 52800001 52800134 52800019 52800021 52800026 52800159 52800085
                  52800027 52800033 52800044 52800051 52800145 52800045 52800025 52800004 52800102
      IMMI2GEN    52800048 52800097 52800084 52800157 52800151 52800030 52800054 52800059 52800008
                  52800109 52800105 52800112 52800153 52800032 52800099 52800108 52800081 52800082
                  52800093 52800120 52800056 52800055 52800137 52800086 52800118 52800067 52800016
                  52800031 52800116 52800101 52800147 52800024 52800124 52800062 52800007 52800021
                  52800026 52800159 52800027 52800025
      MALE        52800097

     THE STANDARD ERRORS OF THE MODEL PARAMETER ESTIMATES MAY NOT BE
     TRUSTWORTHY FOR SOME PARAMETERS DUE TO A NON-POSITIVE DEFINITE
     FIRST-ORDER DERIVATIVE PRODUCT MATRIX.  THIS MAY BE DUE TO THE STARTING
     VALUES BUT MAY ALSO BE AN INDICATION OF MODEL NONIDENTIFICATION.  THE
     CONDITION NUMBER IS       0.266D-11.  PROBLEM INVOLVING THE FOLLOWING PARAMETER:
     Parameter 48, %BETWEEN%: FLIT ON EDUSHORT


THE MODEL ESTIMATION TERMINATED NORMALLY

Errors for replication with data file ~/finlit4.dat:

*** WARNING
  One or more individual-level variables have no variation within a
  cluster for the following clusters.

     Variable   Cluster IDs with no within-cluster variation

      IMMI1GEN    52800048 52800097 52800084 52800157 52800151 52800160 52800030 52800054 52800057
                  52800059 52800008 52800109 52800105 52800112 52800032 52800095 52800099 52800041
                  52800081 52800082 52800093 52800120 52800121 52800141 52800144 52800056 52800076
                  52800137 52800086 52800118 52800067 52800068 52800002 52800017 52800075 52800149
                  52800031 52800046 52800098 52800116 52800148 52800156 52800005 52800009 52800083
                  52800101 52800129 52800130 52800136 52800024 52800047 52800058 52800132 52800043
                  52800062 52800094 52800096 52800001 52800134 52800019 52800021 52800026 52800159
                  52800085 52800027 52800033 52800044 52800051 52800145 52800045 52800025 52800004
                  52800102
      IMMI2GEN    52800048 52800097 52800084 52800157 52800151 52800030 52800054 52800059 52800008
                  52800109 52800105 52800112 52800153 52800032 52800099 52800108 52800081 52800082
                  52800093 52800120 52800056 52800055 52800137 52800086 52800118 52800067 52800016
                  52800031 52800116 52800101 52800147 52800024 52800124 52800062 52800007 52800021
                  52800026 52800159 52800027 52800025
      MALE        52800097

     THE STANDARD ERRORS OF THE MODEL PARAMETER ESTIMATES MAY NOT BE
     TRUSTWORTHY FOR SOME PARAMETERS DUE TO A NON-POSITIVE DEFINITE
     FIRST-ORDER DERIVATIVE PRODUCT MATRIX.  THIS MAY BE DUE TO THE STARTING
     VALUES BUT MAY ALSO BE AN INDICATION OF MODEL NONIDENTIFICATION.  THE
     CONDITION NUMBER IS       0.228D-11.  PROBLEM INVOLVING THE FOLLOWING PARAMETER:
     Parameter 56, %BETWEEN%: FLIT


THE MODEL ESTIMATION TERMINATED NORMALLY

Errors for replication with data file ~/finlit5.dat:

*** WARNING
  One or more individual-level variables have no variation within a
  cluster for the following clusters.

     Variable   Cluster IDs with no within-cluster variation

      IMMI1GEN    52800048 52800097 52800084 52800157 52800151 52800160 52800030 52800054 52800057
                  52800059 52800008 52800109 52800105 52800112 52800032 52800095 52800099 52800041
                  52800081 52800082 52800093 52800120 52800121 52800141 52800144 52800056 52800076
                  52800137 52800086 52800118 52800067 52800002 52800017 52800075 52800149 52800031
                  52800046 52800098 52800116 52800148 52800156 52800005 52800009 52800083 52800101
                  52800129 52800130 52800136 52800024 52800047 52800058 52800132 52800043 52800062
                  52800094 52800096 52800001 52800134 52800019 52800021 52800026 52800159 52800085
                  52800027 52800033 52800044 52800051 52800145 52800045 52800025 52800004 52800102
      IMMI2GEN    52800048 52800097 52800084 52800157 52800151 52800030 52800054 52800059 52800008
                  52800109 52800105 52800112 52800153 52800032 52800099 52800108 52800081 52800082
                  52800093 52800120 52800056 52800055 52800137 52800086 52800118 52800067 52800016
                  52800031 52800116 52800101 52800147 52800024 52800124 52800062 52800007 52800021
                  52800026 52800159 52800027 52800025
      MALE        52800097

     WARNING: THE MODEL ESTIMATION HAS REACHED A SADDLE POINT OR A POINT WHERE THE
     OBSERVED AND THE EXPECTED INFORMATION MATRICES DO NOT MATCH.
     AN ADJUSTMENT TO THE ESTIMATION OF THE INFORMATION MATRIX HAS BEEN MADE.
     THE CONDITION NUMBER IS      -0.240D+00.
     THE PROBLEM MAY ALSO BE RESOLVED BY DECREASING THE VALUE OF THE
     MCONVERGENCE OR LOGCRITERION OPTIONS OR BY CHANGING THE STARTING VALUES
     OR BY USING THE MLF ESTIMATOR.

     THE STANDARD ERRORS OF THE MODEL PARAMETER ESTIMATES MAY NOT BE
     TRUSTWORTHY FOR SOME PARAMETERS DUE TO A NON-POSITIVE DEFINITE
     FIRST-ORDER DERIVATIVE PRODUCT MATRIX.  THIS MAY BE DUE TO THE STARTING
     VALUES BUT MAY ALSO BE AN INDICATION OF MODEL NONIDENTIFICATION.  THE
     CONDITION NUMBER IS       0.624D-19.  PROBLEM INVOLVING THE FOLLOWING PARAMETER:
     Parameter 56, %BETWEEN%: FLIT


THE MODEL ESTIMATION TERMINATED NORMALLY

Errors for replication with data file ~/finlit6.dat:

*** WARNING
  One or more individual-level variables have no variation within a
  cluster for the following clusters.

     Variable   Cluster IDs with no within-cluster variation

      IMMI1GEN    52800048 52800097 52800084 52800157 52800151 52800160 52800030 52800054 52800057
                  52800059 52800008 52800109 52800105 52800112 52800032 52800095 52800099 52800041
                  52800081 52800082 52800093 52800120 52800121 52800141 52800144 52800056 52800076
                  52800137 52800086 52800118 52800067 52800002 52800017 52800075 52800149 52800031
                  52800046 52800098 52800116 52800148 52800156 52800005 52800009 52800083 52800101
                  52800129 52800130 52800136 52800024 52800047 52800058 52800132 52800043 52800062
                  52800094 52800096 52800001 52800134 52800019 52800021 52800026 52800159 52800085
                  52800027 52800033 52800044 52800051 52800145 52800045 52800025 52800004 52800102
      IMMI2GEN    52800048 52800097 52800084 52800157 52800151 52800030 52800054 52800059 52800008
                  52800109 52800105 52800112 52800153 52800032 52800099 52800108 52800081 52800082
                  52800093 52800120 52800056 52800055 52800137 52800086 52800118 52800067 52800016
                  52800031 52800116 52800101 52800147 52800024 52800124 52800062 52800007 52800021
                  52800026 52800159 52800027 52800025
      MALE        52800097

     WARNING: THE MODEL ESTIMATION HAS REACHED A SADDLE POINT OR A POINT WHERE THE
     OBSERVED AND THE EXPECTED INFORMATION MATRICES DO NOT MATCH.
     AN ADJUSTMENT TO THE ESTIMATION OF THE INFORMATION MATRIX HAS BEEN MADE.
     THE CONDITION NUMBER IS      -0.140D+01.
     THE PROBLEM MAY ALSO BE RESOLVED BY DECREASING THE VALUE OF THE
     MCONVERGENCE OR LOGCRITERION OPTIONS OR BY CHANGING THE STARTING VALUES
     OR BY USING THE MLF ESTIMATOR.

     THE STANDARD ERRORS OF THE MODEL PARAMETER ESTIMATES MAY NOT BE
     TRUSTWORTHY FOR SOME PARAMETERS DUE TO A NON-POSITIVE DEFINITE
     FIRST-ORDER DERIVATIVE PRODUCT MATRIX.  THIS MAY BE DUE TO THE STARTING
     VALUES BUT MAY ALSO BE AN INDICATION OF MODEL NONIDENTIFICATION.  THE
     CONDITION NUMBER IS       0.400D-18.  PROBLEM INVOLVING THE FOLLOWING PARAMETER:
     Parameter 56, %BETWEEN%: FLIT


THE MODEL ESTIMATION TERMINATED NORMALLY

Errors for replication with data file ~/finlit7.dat:

*** WARNING
  One or more individual-level variables have no variation within a
  cluster for the following clusters.

     Variable   Cluster IDs with no within-cluster variation

      IMMI1GEN    52800048 52800097 52800084 52800157 52800151 52800160 52800030 52800054 52800057
                  52800059 52800008 52800109 52800053 52800105 52800112 52800032 52800095 52800099
                  52800041 52800081 52800082 52800093 52800120 52800121 52800141 52800144 52800056
                  52800076 52800137 52800086 52800118 52800067 52800002 52800017 52800075 52800149
                  52800031 52800046 52800098 52800116 52800148 52800156 52800005 52800009 52800083
                  52800101 52800129 52800130 52800136 52800024 52800047 52800058 52800132 52800043
                  52800062 52800094 52800096 52800001 52800134 52800019 52800021 52800026 52800159
                  52800085 52800027 52800033 52800044 52800051 52800145 52800045 52800025 52800004
                  52800102
      IMMI2GEN    52800048 52800097 52800084 52800157 52800151 52800030 52800054 52800059 52800008
                  52800109 52800105 52800112 52800153 52800032 52800099 52800108 52800081 52800082
                  52800093 52800120 52800056 52800055 52800137 52800086 52800118 52800067 52800016
                  52800031 52800116 52800101 52800147 52800024 52800124 52800062 52800007 52800021
                  52800026 52800159 52800027 52800025
      MALE        52800097

     THE MODEL ESTIMATION DID NOT TERMINATE NORMALLY DUE TO AN ILL-CONDITIONED
     FISHER INFORMATION MATRIX.  CHANGE YOUR MODEL AND/OR STARTING VALUES.

     THE MODEL ESTIMATION DID NOT TERMINATE NORMALLY DUE TO A NON-POSITIVE
     DEFINITE FISHER INFORMATION MATRIX.  THIS MAY BE DUE TO THE STARTING VALUES
     BUT MAY ALSO BE AN INDICATION OF MODEL NONIDENTIFICATION.  THE CONDITION
     NUMBER IS       0.108D-13.

     THE STANDARD ERRORS OF THE MODEL PARAMETER ESTIMATES COULD NOT BE
     COMPUTED.  THIS IS OFTEN DUE TO THE STARTING VALUES BUT MAY ALSO BE
     AN INDICATION OF MODEL NONIDENTIFICATION.  CHANGE YOUR MODEL AND/OR
     STARTING VALUES.  PROBLEM INVOLVING THE FOLLOWING PARAMETER:
     Parameter 56, %BETWEEN%: FLIT


Errors for replication with data file ~/finlit8.dat:

*** WARNING
  One or more individual-level variables have no variation within a
  cluster for the following clusters.

     Variable   Cluster IDs with no within-cluster variation

      IMMI1GEN    52800048 52800097 52800084 52800157 52800151 52800160 52800030 52800054 52800057
                  52800059 52800008 52800109 52800105 52800112 52800032 52800095 52800099 52800041
                  52800081 52800082 52800093 52800120 52800121 52800141 52800144 52800056 52800076
                  52800137 52800086 52800118 52800067 52800002 52800017 52800075 52800149 52800031
                  52800046 52800098 52800116 52800148 52800156 52800005 52800009 52800083 52800101
                  52800129 52800130 52800136 52800024 52800047 52800058 52800132 52800043 52800062
                  52800094 52800096 52800001 52800134 52800019 52800021 52800026 52800159 52800085
                  52800027 52800033 52800044 52800051 52800145 52800045 52800025 52800004 52800102
      IMMI2GEN    52800048 52800097 52800084 52800157 52800151 52800030 52800054 52800059 52800008
                  52800109 52800105 52800112 52800153 52800032 52800099 52800108 52800081 52800082
                  52800093 52800120 52800056 52800055 52800137 52800086 52800118 52800067 52800016
                  52800031 52800116 52800101 52800147 52800024 52800124 52800062 52800007 52800021
                  52800026 52800159 52800027 52800025
      MALE        52800097

     THE STANDARD ERRORS OF THE MODEL PARAMETER ESTIMATES MAY NOT BE
     TRUSTWORTHY FOR SOME PARAMETERS DUE TO A NON-POSITIVE DEFINITE
     FIRST-ORDER DERIVATIVE PRODUCT MATRIX.  THIS MAY BE DUE TO THE STARTING
     VALUES BUT MAY ALSO BE AN INDICATION OF MODEL NONIDENTIFICATION.  THE
     CONDITION NUMBER IS       0.352D-12.  PROBLEM INVOLVING THE FOLLOWING PARAMETER:
     Parameter 50, %BETWEEN%: FLIT ON FLSCHOOL


THE MODEL ESTIMATION TERMINATED NORMALLY

Errors for replication with data file ~/finlit9.dat:

*** WARNING
  One or more individual-level variables have no variation within a
  cluster for the following clusters.

     Variable   Cluster IDs with no within-cluster variation

      IMMI1GEN    52800048 52800097 52800084 52800157 52800151 52800160 52800030 52800054 52800057
                  52800059 52800008 52800109 52800105 52800112 52800032 52800095 52800099 52800041
                  52800081 52800082 52800093 52800120 52800121 52800141 52800144 52800056 52800076
                  52800137 52800086 52800118 52800067 52800002 52800017 52800075 52800149 52800031
                  52800046 52800098 52800116 52800148 52800156 52800005 52800009 52800083 52800101
                  52800129 52800130 52800136 52800024 52800047 52800058 52800132 52800043 52800062
                  52800094 52800096 52800001 52800134 52800019 52800021 52800026 52800159 52800085
                  52800027 52800033 52800044 52800051 52800145 52800045 52800025 52800004 52800102
      IMMI2GEN    52800048 52800097 52800084 52800157 52800151 52800030 52800054 52800059 52800008
                  52800109 52800105 52800112 52800153 52800032 52800099 52800108 52800081 52800082
                  52800093 52800120 52800056 52800055 52800137 52800086 52800118 52800067 52800016
                  52800031 52800116 52800101 52800147 52800024 52800124 52800062 52800007 52800021
                  52800026 52800159 52800027 52800025
      MALE        52800097

     WARNING: THE MODEL ESTIMATION HAS REACHED A SADDLE POINT OR A POINT WHERE THE
     OBSERVED AND THE EXPECTED INFORMATION MATRICES DO NOT MATCH.
     AN ADJUSTMENT TO THE ESTIMATION OF THE INFORMATION MATRIX HAS BEEN MADE.
     THE CONDITION NUMBER IS      -0.194D-03.
     THE PROBLEM MAY ALSO BE RESOLVED BY DECREASING THE VALUE OF THE
     MCONVERGENCE OR LOGCRITERION OPTIONS OR BY CHANGING THE STARTING VALUES
     OR BY USING THE MLF ESTIMATOR.

     THE STANDARD ERRORS OF THE MODEL PARAMETER ESTIMATES MAY NOT BE
     TRUSTWORTHY FOR SOME PARAMETERS DUE TO A NON-POSITIVE DEFINITE
     FIRST-ORDER DERIVATIVE PRODUCT MATRIX.  THIS MAY BE DUE TO THE STARTING
     VALUES BUT MAY ALSO BE AN INDICATION OF MODEL NONIDENTIFICATION.  THE
     CONDITION NUMBER IS       0.786D-16.  PROBLEM INVOLVING THE FOLLOWING PARAMETER:
     Parameter 56, %BETWEEN%: FLIT


THE MODEL ESTIMATION TERMINATED NORMALLY

Errors for replication with data file ~/finlit10.dat:

*** WARNING
  One or more individual-level variables have no variation within a
  cluster for the following clusters.

     Variable   Cluster IDs with no within-cluster variation

      IMMI1GEN    52800048 52800097 52800084 52800157 52800151 52800160 52800030 52800054 52800057
                  52800059 52800008 52800109 52800105 52800112 52800032 52800095 52800099 52800041
                  52800081 52800082 52800093 52800120 52800121 52800141 52800144 52800056 52800076
                  52800137 52800086 52800118 52800067 52800002 52800017 52800075 52800149 52800031
                  52800046 52800098 52800116 52800148 52800156 52800005 52800009 52800083 52800101
                  52800129 52800130 52800136 52800024 52800047 52800058 52800132 52800043 52800062
                  52800094 52800096 52800001 52800134 52800019 52800021 52800026 52800159 52800085
                  52800027 52800033 52800044 52800051 52800145 52800045 52800025 52800004 52800102
      IMMI2GEN    52800048 52800097 52800084 52800157 52800151 52800030 52800054 52800059 52800008
                  52800109 52800105 52800112 52800153 52800032 52800099 52800108 52800081 52800082
                  52800093 52800120 52800056 52800055 52800137 52800086 52800118 52800067 52800016
                  52800031 52800116 52800101 52800147 52800024 52800124 52800062 52800007 52800021
                  52800026 52800159 52800027 52800025
      MALE        52800097

     WARNING: THE MODEL ESTIMATION HAS REACHED A SADDLE POINT OR A POINT WHERE THE
     OBSERVED AND THE EXPECTED INFORMATION MATRICES DO NOT MATCH.
     AN ADJUSTMENT TO THE ESTIMATION OF THE INFORMATION MATRIX HAS BEEN MADE.
     THE CONDITION NUMBER IS      -0.710D+01.
     THE PROBLEM MAY ALSO BE RESOLVED BY DECREASING THE VALUE OF THE
     MCONVERGENCE OR LOGCRITERION OPTIONS OR BY CHANGING THE STARTING VALUES
     OR BY USING THE MLF ESTIMATOR.

     THE STANDARD ERRORS OF THE MODEL PARAMETER ESTIMATES MAY NOT BE
     TRUSTWORTHY FOR SOME PARAMETERS DUE TO A NON-POSITIVE DEFINITE
     FIRST-ORDER DERIVATIVE PRODUCT MATRIX.  THIS MAY BE DUE TO THE STARTING
     VALUES BUT MAY ALSO BE AN INDICATION OF MODEL NONIDENTIFICATION.  THE
     CONDITION NUMBER IS       0.257D-15.  PROBLEM INVOLVING THE FOLLOWING PARAMETER:
     Parameter 56, %BETWEEN%: FLIT


THE MODEL ESTIMATION TERMINATED NORMALLY


     Beginning Time:  18:22:56
        Ending Time:  18:25:49
       Elapsed Time:  00:02:53



MUTHEN & MUTHEN
3463 Stoner Ave.
Los Angeles, CA  90066

Tel: (310) 391-9971
Fax: (310) 391-8971
Web: www.StatModel.com
Support: Support@StatModel.com

Copyright (c) 1998-2020 Muthen & Muthen
