Mplus VERSION 8.5 (Linux)
MUTHEN & MUTHEN
04/18/2021   3:56 PM

INPUT INSTRUCTIONS


  TITLE:
      Two-level structured model 620

  DATA:
      file = "~/implist.dat";

      type = imputation;


      VARIABLE:
      names =
          FKI CNTRYID CNTSCHID W_STU
          MATH READ FLIT                      ! PISA achievement variables
          MALE IMMI1GEN IMMI2GEN ESCS         ! Demographic info
          FCFMLRTY FLCONFIN                   ! Affect
          FLSCHOOL                            !   Lat var "Academic"
          NOBULLY                             !   Lat var "Safety"
          FLFAMILY                            !   Lat var "Community"
          W_SCH STRATIO                       ! School character
          EDUSHORT                            !   Lat var "inst. env."
          ;

      useobs = CNTRYID eq 620;          ! Pull out one country at a time

      usevar =
          FLIT                                ! PISA achievement variables
          FLSCHOOL                            !   Lat var "Academic"
          NOBULLY                             !   Lat var "Safety"
          FLFAMILY                            !   Lat var "Community"
          EDUSHORT STRATIO                    !   Lat var "Inst env"
          FCFMLRTY FLCONFIN                   ! Affect
          MALE IMMI1GEN IMMI2GEN ESCS         ! Demographic info
          ;

      ! Vars that ONLY appear in L1
      within =
          FCFMLRTY FLCONFIN                   ! Affective vars
          MALE IMMI1GEN IMMI2GEN ESCS         ! L1 control vars
          ;

      ! Vars that ONLY appear in L2
      between =
          EDUSHORT STRATIO                    ! L2: school
          ;

      weight = W_STU;                         ! Student weight
      wtscale = cluster;                      ! Scale L1 weight to cluster size
      bweight = W_SCH;                        ! School weight
      bwtscale = sample;                      ! Scale L2 weight to sample

      cluster = CNTSCHID;                     ! Cluster by school ID


  ANALYSIS:
      processors = 64;

      type = twolevel;


  MODEL:

  %Within%                                    ! === L1: Student-level ===

      ! Save the variances of L1 FLSCHOOL, FLFAMILY, NOBULLY and FLIT
      FLSCHOOL (va_w);                        ! variance of academic (within)
      FLFAMILY (vc_w);                        ! variance of community (within)
      NOBULLY (vs_w);                         ! variance of safety (within)
      FLIT (vf_w);                            ! variance of FLIT (within)

      ! Indirect pathways (1st half): school climate vars onto mediators
          ! Onto mediator FAMILIARITY
      FCFMLRTY on
          FLSCHOOL FLFAMILY NOBULLY
          ESCS IMMI2GEN MALE
          ;
          ! Onto mediator CONFIDENCE
      FLCONFIN on
          FLSCHOOL FLFAMILY NOBULLY
          ESCS IMMI2GEN MALE
          ;

      ! Total effect
      FLIT on
          ! Indirect pathways (2nd half): affective vars onto financial literacy
          FCFMLRTY FLCONFIN
          ! Direct pathways: school climate vars onto financial literacy
          FLSCHOOL (a_w)                      ! academic_within
          FLFAMILY (c_w)                      ! community_within
          NOBULLY (s_w)                       ! safety_within
          ! Demographic vars
          ESCS IMMI1GEN
          ;

      ! Covariances

          ! Between school climate vars
      FLSCHOOL with FLFAMILY;
      FLFAMILY with NOBULLY;
      FLSCHOOL with NOBULLY;

          ! Between mediators
      FCFMLRTY with FLCONFIN;

          ! SES with school climate vars
      ESCS with FLSCHOOL FLFAMILY;
          ! SES with demographic vars
      ESCS with IMMI1GEN IMMI2GEN;

  %Between%                                   ! === L2: School-level ===

      ! Save the variances of L1 FLSCHOOL, FLFAMILY and NOBULLY
      FLSCHOOL (va_b);                        ! variance of academic (between)
      FLFAMILY (vc_b);                        ! variance of community (between)
      NOBULLY (vs_b);                         ! variance of safety (between)
      FLIT (vf_b);                            ! variance of FLIT (between)

      FLIT on                                 ! School climate variables
          FLSCHOOL (a_b)                          ! academic_between
          FLFAMILY (c_b)                          ! community_between
          NOBULLY (s_b)                           ! safety_between
          EDUSHORT
          STRATIO                             ! Control: Student-teacher ratio
          ;

      ! Covariances

          ! Between school climate vars
      FLSCHOOL with FLFAMILY;
      FLFAMILY with NOBULLY;
      NOBULLY with EDUSHORT;

      FLSCHOOL with NOBULLY;
      FLFAMILY with EDUSHORT;

      FLSCHOOL with EDUSHORT;

      STRATIO with FLSCHOOL EDUSHORT;


  MODEL INDIRECT:

      ! Indirect effects
      FLIT ind FLSCHOOL;
      FLIT ind FLFAMILY;
      FLIT ind NOBULLY;

      FLIT ind ESCS;
      FLIT ind IMMI2GEN;
      FLIT ind MALE;


  MODEL CONSTRAINT:

      ! Save non-standardised contextual effects
      new(ctx_a);
      ctx_a = a_b - a_w;
      new(ctx_c);
      ctx_c = c_b - c_w;
      new(ctx_s);
      ctx_s = s_b - s_w;

      ! Standardise contextual effects
      new(ctx_a_st);
      ctx_a_st = ctx_a*(sqrt(va_b)/sqrt(va_b*a_b**2+vf_b+va_w*a_w**2+vf_w));
      new(ctx_c_st);
      ctx_c_st = ctx_c*(sqrt(vc_b)/sqrt(vc_b*c_b**2+vf_b+vc_w*c_w**2+vf_w));
      new(ctx_s_st);
      ctx_s_st = ctx_s*(sqrt(vs_b)/sqrt(vs_b*s_b**2+vf_b+vs_w*s_w**2+vf_w));

      ! Compute effect sizes (EF)
      new(es1_a);
      es1_a = ctx_a*(2*sqrt(va_b)/sqrt(vf_w));
      new(es1_c);
      es1_c = ctx_c*(2*sqrt(vc_b)/sqrt(vf_w));
      new(es1_s);
      es1_s = ctx_s*(2*sqrt(vs_b)/sqrt(vf_w));

      new(es2_a);
      es2_a = ctx_a*(2*sqrt(va_b)/sqrt(va_w*a_w**2+vf_w));
      new(es2_c);
      es2_c = ctx_c*(2*sqrt(vc_b)/sqrt(vc_w*c_w**2+vf_w));
      new(es2_s);
      es2_s = ctx_s*(2*sqrt(vs_b)/sqrt(vs_w*s_w**2+vf_w));

      new(es3_a);
      es3_a = ctx_a*(2*sqrt(va_b)/sqrt(va_b*a_b**2+va_w*a_w**2+vf_w));
      new(es3_c);
      es3_c = ctx_c*(2*sqrt(vc_b)/sqrt(vc_b*c_b**2+vc_w*c_w**2+vf_w));
      new(es3_s);
      es3_s = ctx_s*(2*sqrt(vs_b)/sqrt(vs_b*s_b**2+vs_w*s_w**2+vf_w));


  OUTPUT:
      stdyx                                   ! Fully standardised solution
      ;



INPUT READING TERMINATED NORMALLY




Two-level structured model 620

SUMMARY OF ANALYSIS

Number of groups                                                 1
Average number of observations                                4568

Number of replications
    Requested                                                   10
    Completed                                                    5

Number of dependent variables                                    3
Number of independent variables                                  9
Number of continuous latent variables                            0

Observed dependent variables

  Continuous
   FLIT        FCFMLRTY    FLCONFIN

Observed independent variables
   FLSCHOOL    NOBULLY     FLFAMILY    EDUSHORT    STRATIO     MALE
   IMMI1GEN    IMMI2GEN    ESCS

Variables with special functions

  Cluster variable      CNTSCHID
  Weight variable (cluster-size scaling)
    W_STU
  Between weight variable (sample-size scaling)
    W_SCH

  Within variables
   FCFMLRTY    FLCONFIN    MALE        IMMI1GEN    IMMI2GEN    ESCS

  Between variables
   EDUSHORT    STRATIO


Estimator                                                      MLR
Information matrix                                        OBSERVED
Maximum number of iterations                                   100
Convergence criterion                                    0.100D-05
Maximum number of EM iterations                                500
Convergence criteria for the EM algorithm
  Loglikelihood change                                   0.100D-02
  Relative loglikelihood change                          0.100D-05
  Derivative                                             0.100D-03
Minimum variance                                         0.100D-03
Maximum number of steepest descent iterations                   20
Maximum number of iterations for H1                           2000
Convergence criterion for H1                             0.100D-03
Optimization algorithm                                         EMA

Input data file(s)
  Multiple data files from
    ~/implist.dat
Input data format  FREE


SUMMARY OF DATA FOR THE FIRST DATA SET

     Number of clusters                        276

     Average cluster size       16.551

     Estimated Intraclass Correlations for the Y Variables

                Intraclass              Intraclass              Intraclass
     Variable  Correlation   Variable  Correlation   Variable  Correlation

     FLIT         0.171      FCFMLRTY     0.000      FLCONFIN     0.000
     FLSCHOOL     0.016      NOBULLY      0.018      FLFAMILY     0.015
     IMMI1GEN     0.000      IMMI2GEN     0.000      ESCS         0.000



SAMPLE STATISTICS

NOTE:  The sample statistics for within and between refer to the
       maximum-likelihood estimated within and between covariance
       matrices, respectively.

NOTE:  These are average results over 5 data sets.


     ESTIMATED SAMPLE STATISTICS FOR WITHIN


           Means
              EDUSHORT      STRATIO       FLIT          FCFMLRTY      FLCONFIN
              ________      ________      ________      ________      ________
                0.000         0.000         0.000         6.450        -0.048


           Means
              FLSCHOOL      NOBULLY       FLFAMILY      IMMI1GEN      IMMI2GEN
              ________      ________      ________      ________      ________
                0.000         0.000         0.000         0.027         0.044


           Means
              ESCS          MALE
              ________      ________
               -0.346         0.503


           Covariances
              EDUSHORT      STRATIO       FLIT          FCFMLRTY      FLCONFIN
              ________      ________      ________      ________      ________
 EDUSHORT       0.000
 STRATIO        0.000         0.000
 FLIT           0.000         0.000      6355.384
 FCFMLRTY       0.000         0.000        19.367        26.584
 FLCONFIN       0.000         0.000         3.123         1.028         0.893
 FLSCHOOL       0.000         0.000        -2.958         1.760         0.154
 NOBULLY        0.000         0.000         5.234         0.120         0.008
 FLFAMILY       0.000         0.000         6.759         0.894         0.179
 IMMI1GEN       0.000         0.000        -1.376        -0.005         0.004
 IMMI2GEN       0.000         0.000         0.088        -0.041        -0.006
 ESCS           0.000         0.000        26.982         0.488        -0.012
 MALE           0.000         0.000         1.810         0.153         0.049


           Covariances
              FLSCHOOL      NOBULLY       FLFAMILY      IMMI1GEN      IMMI2GEN
              ________      ________      ________      ________      ________
 FLSCHOOL       1.038
 NOBULLY       -0.040         0.813
 FLFAMILY       0.219        -0.031         0.995
 IMMI1GEN       0.001        -0.010        -0.004         0.026
 IMMI2GEN       0.003        -0.004         0.002        -0.001         0.043
 ESCS          -0.015         0.063         0.047        -0.010        -0.003
 MALE           0.030        -0.012        -0.028         0.001         0.000


           Covariances
              ESCS          MALE
              ________      ________
 ESCS           1.325
 MALE           0.009         0.250


           Correlations
              EDUSHORT      STRATIO       FLIT          FCFMLRTY      FLCONFIN
              ________      ________      ________      ________      ________
 EDUSHORT       0.000
 STRATIO        0.000         0.000
 FLIT           0.000         0.000         1.000
 FCFMLRTY       0.000         0.000         0.047         1.000
 FLCONFIN       0.000         0.000         0.041         0.211         1.000
 FLSCHOOL       0.000         0.000        -0.036         0.335         0.160
 NOBULLY        0.000         0.000         0.073         0.026         0.010
 FLFAMILY       0.000         0.000         0.085         0.174         0.190
 IMMI1GEN       0.000         0.000        -0.107        -0.006         0.025
 IMMI2GEN       0.000         0.000         0.005        -0.038        -0.031
 ESCS           0.000         0.000         0.294         0.082        -0.011
 MALE           0.000         0.000         0.045         0.059         0.104


           Correlations
              FLSCHOOL      NOBULLY       FLFAMILY      IMMI1GEN      IMMI2GEN
              ________      ________      ________      ________      ________
 FLSCHOOL       1.000
 NOBULLY       -0.043         1.000
 FLFAMILY       0.216        -0.035         1.000
 IMMI1GEN       0.008        -0.066        -0.026         1.000
 IMMI2GEN       0.013        -0.021         0.009        -0.036         1.000
 ESCS          -0.013         0.061         0.041        -0.051        -0.011
 MALE           0.060        -0.028        -0.057         0.009         0.005


           Correlations
              ESCS          MALE
              ________      ________
 ESCS           1.000
 MALE           0.015         1.000


     ESTIMATED SAMPLE STATISTICS FOR BETWEEN


           Means
              EDUSHORT      STRATIO       FLIT          FCFMLRTY      FLCONFIN
              ________      ________      ________      ________      ________
                0.551        10.838       507.712         0.000         0.000


           Means
              FLSCHOOL      NOBULLY       FLFAMILY      IMMI1GEN      IMMI2GEN
              ________      ________      ________      ________      ________
               -0.181         0.216         0.141         0.000         0.000


           Means
              ESCS          MALE
              ________      ________
                0.000         0.000


           Covariances
              EDUSHORT      STRATIO       FLIT          FCFMLRTY      FLCONFIN
              ________      ________      ________      ________      ________
 EDUSHORT       0.980
 STRATIO       -0.952        34.604
 FLIT          -7.772        14.208      1342.508
 FCFMLRTY       0.000         0.000         0.000         0.000
 FLCONFIN       0.000         0.000         0.000         0.000         0.000
 FLSCHOOL       0.009        -0.005        -1.886         0.000         0.000
 NOBULLY       -0.032         0.017         3.372         0.000         0.000
 FLFAMILY      -0.009        -0.169         1.508         0.000         0.000
 IMMI1GEN       0.000         0.000         0.000         0.000         0.000
 IMMI2GEN       0.000         0.000         0.000         0.000         0.000
 ESCS           0.000         0.000         0.000         0.000         0.000
 MALE           0.000         0.000         0.000         0.000         0.000


           Covariances
              FLSCHOOL      NOBULLY       FLFAMILY      IMMI1GEN      IMMI2GEN
              ________      ________      ________      ________      ________
 FLSCHOOL       0.014
 NOBULLY       -0.007         0.016
 FLFAMILY       0.003         0.010         0.015
 IMMI1GEN       0.000         0.000         0.000         0.000
 IMMI2GEN       0.000         0.000         0.000         0.000         0.000
 ESCS           0.000         0.000         0.000         0.000         0.000
 MALE           0.000         0.000         0.000         0.000         0.000


           Covariances
              ESCS          MALE
              ________      ________
 ESCS           0.000
 MALE           0.000         0.000


           Correlations
              EDUSHORT      STRATIO       FLIT          FCFMLRTY      FLCONFIN
              ________      ________      ________      ________      ________
 EDUSHORT       1.000
 STRATIO       -0.164         1.000
 FLIT          -0.214         0.066         1.000
 FCFMLRTY       0.000         0.000         0.000         0.000
 FLCONFIN       0.000         0.000         0.000         0.000         0.000
 FLSCHOOL       0.081        -0.007        -0.441         0.000         0.000
 NOBULLY       -0.257         0.023         0.737         0.000         0.000
 FLFAMILY      -0.078        -0.237         0.341         0.000         0.000
 IMMI1GEN       0.000         0.000         0.000         0.000         0.000
 IMMI2GEN       0.000         0.000         0.000         0.000         0.000
 ESCS           0.000         0.000         0.000         0.000         0.000
 MALE           0.000         0.000         0.000         0.000         0.000


           Correlations
              FLSCHOOL      NOBULLY       FLFAMILY      IMMI1GEN      IMMI2GEN
              ________      ________      ________      ________      ________
 FLSCHOOL       1.000
 NOBULLY       -0.471         1.000
 FLFAMILY       0.196         0.639         1.000
 IMMI1GEN       0.000         0.000         0.000         0.000
 IMMI2GEN       0.000         0.000         0.000         0.000         0.000
 ESCS           0.000         0.000         0.000         0.000         0.000
 MALE           0.000         0.000         0.000         0.000         0.000


           Correlations
              ESCS          MALE
              ________      ________
 ESCS           0.000
 MALE           0.000         0.000




MODEL FIT INFORMATION

Number of Free Parameters                       66

Loglikelihood

    H0 Value

        Mean                            -70787.236
        Std Dev                             80.075
        Number of successful computations        5

             Proportions                   Percentiles
        Expected    Observed         Expected       Observed
           0.990       1.000       -70973.514     -70909.742
           0.980       1.000       -70951.686     -70909.742
           0.950       1.000       -70918.951     -70909.742
           0.900       0.800       -70889.860     -70909.742
           0.800       0.800       -70854.627     -70909.742
           0.700       0.600       -70829.227     -70909.742
           0.500       0.600       -70787.236     -70846.066
           0.300       0.400       -70745.244     -70758.444
           0.200       0.200       -70719.845     -70734.708
           0.100       0.000       -70684.612     -70734.708
           0.050       0.000       -70655.520     -70734.708
           0.020       0.000       -70622.786     -70734.708
           0.010       0.000       -70600.957     -70734.708

    H1 Value

        Mean                            -70728.846
        Std Dev                             85.058
        Number of successful computations        5

             Proportions                   Percentiles
        Expected    Observed         Expected       Observed
           0.990       1.000       -70926.717     -70864.598
           0.980       1.000       -70903.530     -70864.598
           0.950       1.000       -70868.758     -70864.598
           0.900       0.800       -70837.857     -70864.598
           0.800       0.800       -70800.431     -70864.598
           0.700       0.600       -70773.451     -70864.598
           0.500       0.600       -70728.846     -70786.617
           0.300       0.400       -70684.242     -70689.202
           0.200       0.200       -70657.261     -70674.240
           0.100       0.000       -70619.836     -70674.240
           0.050       0.000       -70588.934     -70674.240
           0.020       0.000       -70554.162     -70674.240
           0.010       0.000       -70530.975     -70674.240

Information Criteria

    Akaike (AIC)

        Mean                            141706.472
        Std Dev                            160.150
        Number of successful computations        5

             Proportions                   Percentiles
        Expected    Observed         Expected       Observed
           0.990       1.000       141333.914     141506.439
           0.980       1.000       141377.571     141506.439
           0.950       1.000       141443.040     141506.439
           0.900       1.000       141501.223     141506.439
           0.800       0.800       141571.689     141506.439
           0.700       0.600       141622.489     141506.439
           0.500       0.400       141706.472     141601.416
           0.300       0.400       141790.454     141648.888
           0.200       0.200       141841.254     141824.132
           0.100       0.200       141911.720     141824.132
           0.050       0.000       141969.903     141824.132
           0.020       0.000       142035.372     141824.132
           0.010       0.000       142079.029     141824.132

    Bayesian (BIC)

        Mean                            142130.642
        Std Dev                            160.150
        Number of successful computations        5

             Proportions                   Percentiles
        Expected    Observed         Expected       Observed
           0.990       1.000       141758.085     141930.610
           0.980       1.000       141801.742     141930.610
           0.950       1.000       141867.211     141930.610
           0.900       1.000       141925.394     141930.610
           0.800       0.800       141995.860     141930.610
           0.700       0.600       142046.660     141930.610
           0.500       0.400       142130.642     142025.587
           0.300       0.400       142214.625     142073.058
           0.200       0.200       142265.425     142248.303
           0.100       0.200       142335.891     142248.303
           0.050       0.000       142394.073     142248.303
           0.020       0.000       142459.543     142248.303
           0.010       0.000       142503.200     142248.303

    Sample-Size Adjusted BIC (n* = (n + 2) / 24)

        Mean                            141920.920
        Std Dev                            160.150
        Number of successful computations        5

             Proportions                   Percentiles
        Expected    Observed         Expected       Observed
           0.990       1.000       141548.362     141720.887
           0.980       1.000       141592.019     141720.887
           0.950       1.000       141657.489     141720.887
           0.900       1.000       141715.671     141720.887
           0.800       0.800       141786.137     141720.887
           0.700       0.600       141836.937     141720.887
           0.500       0.400       141920.920     141815.864
           0.300       0.400       142004.902     141863.336
           0.200       0.200       142055.702     142038.580
           0.100       0.200       142126.168     142038.580
           0.050       0.000       142184.351     142038.580
           0.020       0.000       142249.820     142038.580
           0.010       0.000       142293.477     142038.580

Chi-Square Test of Model Fit

        Degrees of freedom                      20

        Mean                               134.876
        Std Dev                             60.009
        Number of successful computations        5

             Proportions                   Percentiles
        Expected    Observed         Expected       Observed
           0.990       1.000            8.260         80.131
           0.980       1.000            9.237         80.131
           0.950       1.000           10.851         80.131
           0.900       1.000           12.443         80.131
           0.800       1.000           14.578         80.131
           0.700       1.000           16.266         80.131
           0.500       1.000           19.337         90.287
           0.300       1.000           22.775        117.834
           0.200       1.000           25.038        138.483
           0.100       1.000           28.412        138.483
           0.050       1.000           31.410        138.483
           0.020       1.000           35.020        138.483
           0.010       1.000           37.566        138.483

RMSEA (Root Mean Square Error Of Approximation)

        Mean                                 0.034
        Std Dev                              0.009
        Number of successful computations        5

        Cumulative Distribution Function
           Value    Function Value
           0.990       1.000
           0.980       1.000
           0.950       1.000
           0.900       1.000
           0.800       1.000
           0.700       1.000
           0.500       1.000
           0.300       1.000
           0.200       1.000
           0.100       1.000
           0.050       1.000
           0.020       0.000
           0.010       0.000

CFI/TLI

    CFI

        Mean                                 0.922
        Std Dev                              0.039
        Number of successful computations        5

        Cumulative Distribution Function
           Value    Function Value
           0.990       1.000
           0.980       1.000
           0.950       0.800
           0.900       0.200
           0.800       0.000
           0.700       0.000
           0.500       0.000
           0.300       0.000
           0.200       0.000
           0.100       0.000
           0.050       0.000
           0.020       0.000
           0.010       0.000

    TLI

        Mean                                 0.766
        Std Dev                              0.118
        Number of successful computations        5

        Cumulative Distribution Function
           Value    Function Value
           0.990       1.000
           0.980       1.000
           0.950       1.000
           0.900       1.000
           0.800       0.400
           0.700       0.200
           0.500       0.000
           0.300       0.000
           0.200       0.000
           0.100       0.000
           0.050       0.000
           0.020       0.000
           0.010       0.000

SRMR (Standardized Root Mean Square Residual) for the WITHIN level

        Mean                                 0.020
        Std Dev                              0.001
        Number of successful computations        5

        Cumulative Distribution Function
           Value    Function Value
           0.990       1.000
           0.980       1.000
           0.950       1.000
           0.900       1.000
           0.800       1.000
           0.700       1.000
           0.500       1.000
           0.300       1.000
           0.200       1.000
           0.100       1.000
           0.050       1.000
           0.020       0.400
           0.010       0.000

SRMR (Standardized Root Mean Square Residual) for the BETWEEN level

        Mean                                 0.090
        Std Dev                              0.016
        Number of successful computations        5

        Cumulative Distribution Function
           Value    Function Value
           0.990       1.000
           0.980       1.000
           0.950       1.000
           0.900       1.000
           0.800       1.000
           0.700       1.000
           0.500       1.000
           0.300       1.000
           0.200       1.000
           0.100       0.800
           0.050       0.000
           0.020       0.000
           0.010       0.000



MODEL RESULTS

                                                    Two-Tailed   Rate of
                    Estimate       S.E.  Est./S.E.    P-Value    Missing

Within Level

 FCFMLRTY   ON
    FLSCHOOL           1.584      0.110     14.336      0.000      0.217
    FLFAMILY           0.550      0.096      5.702      0.000      0.224
    NOBULLY            0.217      0.119      1.833      0.067      0.369
    ESCS               0.352      0.085      4.152      0.000      0.119
    IMMI2GEN          -1.042      0.452     -2.304      0.021      0.143
    MALE               0.484      0.162      2.991      0.003      0.173

 FLCONFIN   ON
    FLSCHOOL           0.109      0.018      5.892      0.000      0.118
    FLFAMILY           0.163      0.022      7.536      0.000      0.176
    NOBULLY            0.027      0.021      1.247      0.212      0.266
    ESCS              -0.016      0.014     -1.144      0.253      0.131
    IMMI2GEN          -0.155      0.090     -1.731      0.083      0.167
    MALE               0.203      0.038      5.342      0.000      0.249

 FLIT       ON
    FCFMLRTY           0.345      0.679      0.508      0.612      0.186
    FLCONFIN           3.110      1.975      1.575      0.115      0.150
    FLSCHOOL          -4.579      1.682     -2.723      0.006      0.086
    FLFAMILY           5.940      3.892      1.526      0.127      0.045
    NOBULLY            4.179      3.722      1.123      0.262      0.090
    ESCS              19.436     12.955      1.500      0.134      0.006
    IMMI1GEN         -42.739     10.461     -4.085      0.000      0.074

 FLSCHOOL WITH
    FLFAMILY           0.220      0.021     10.369      0.000      0.066
    NOBULLY           -0.040      0.022     -1.858      0.063      0.372
    ESCS              -0.010      0.051     -0.191      0.849      0.008

 FLFAMILY WITH
    NOBULLY           -0.035      0.018     -1.963      0.050      0.193
    ESCS               0.042      0.038      1.108      0.268      0.018

 FCFMLRTY WITH
    FLCONFIN           0.659      0.083      7.945      0.000      0.255

 ESCS     WITH
    IMMI1GEN          -0.009      0.006     -1.570      0.116      0.015
    IMMI2GEN          -0.003      0.005     -0.629      0.530      0.004

 Means
    IMMI1GEN           0.027      0.004      6.949      0.000      0.019
    IMMI2GEN           0.044      0.005      8.431      0.000      0.050
    ESCS              -0.346      0.046     -7.613      0.000      0.008

 Intercepts
    FCFMLRTY           6.374      0.116     55.019      0.000      0.077
    FLCONFIN          -0.150      0.029     -5.255      0.000      0.246

 Variances
    FLSCHOOL           1.038      0.025     41.353      0.000      0.132
    NOBULLY            0.814      0.036     22.484      0.000      0.223
    FLFAMILY           0.996      0.027     36.552      0.000      0.049
    IMMI1GEN           0.026      0.065      0.403      0.687      0.000
    IMMI2GEN           0.043      0.020      2.111      0.035      0.000
    ESCS               1.325      0.031     42.259      0.000      0.038

 Residual Variances
    FLIT            5676.727    237.588     23.893      0.000      0.238
    FCFMLRTY          22.983      0.673     34.140      0.000      0.232
    FLCONFIN           0.835      0.024     34.689      0.000      0.047

Between Level

 FLIT       ON
    FLSCHOOL         268.534    561.839      0.478      0.633      0.233
    FLFAMILY        -516.154    793.253     -0.651      0.515      0.056
    NOBULLY          708.567    952.964      0.744      0.457      0.023
    EDUSHORT          13.373     99.460      0.134      0.893      0.005
    STRATIO            1.089      8.503      0.128      0.898      0.000

 FLSCHOOL WITH
    FLFAMILY           0.001      0.748      0.001      0.999      0.000
    NOBULLY           -0.007      0.442     -0.016      0.987      0.000
    EDUSHORT           0.012      0.017      0.719      0.472      0.096
    STRATIO           -0.007      0.106     -0.065      0.948      0.113

 FLFAMILY WITH
    NOBULLY            0.012      0.742      0.017      0.987      0.000
    EDUSHORT          -0.012      0.021     -0.552      0.581      0.110

 NOBULLY  WITH
    EDUSHORT          -0.043      0.032     -1.362      0.173      0.041

 STRATIO  WITH
    EDUSHORT          -1.005    218.000     -0.005      0.996      0.000

 Means
    EDUSHORT           0.551      0.073      7.586      0.000      0.010
    STRATIO           10.838      0.432     25.107      0.000      0.029
    FLSCHOOL          -0.180      0.021     -8.719      0.000      0.055
    NOBULLY            0.220      0.019     11.514      0.000      0.159
    FLFAMILY           0.136      0.021      6.633      0.000      0.108

 Intercepts
    FLIT             458.110     70.320      6.515      0.000      0.631

 Variances
    EDUSHORT           0.984      4.985      0.197      0.844      0.000
    STRATIO           34.604   2897.549      0.012      0.990      0.000
    FLSCHOOL           0.014      0.649      0.022      0.982      0.000
    NOBULLY            0.018      0.645      0.028      0.977      0.000
    FLFAMILY           0.014      0.227      0.061      0.952      0.000

 Residual Variances
    FLIT               0.576    461.174      0.001      0.999      0.000

New/Additional Parameters
    CTX_A            273.113    562.236      0.486      0.627      0.232
    CTX_C           -522.094    789.854     -0.661      0.509      0.057
    CTX_S            704.388    949.753      0.742      0.458      0.023
    CTX_A_ST           0.348     11.370      0.031      0.976      0.000
    CTX_C_ST          -0.616      2.947     -0.209      0.834      0.001
    CTX_S_ST           0.773      3.347      0.231      0.817      0.000
    ES1_A              0.813     58.075      0.014      0.989      0.000
    ES1_C             -1.617     18.380     -0.088      0.930      0.001
    ES1_S              2.546     54.448      0.047      0.963      0.000
    ES2_A              0.811     57.994      0.014      0.989      0.000
    ES2_C             -1.612     18.332     -0.088      0.930      0.001
    ES2_S              2.543     54.383      0.047      0.963      0.000
    ES3_A              0.696     22.741      0.031      0.976      0.000
    ES3_C             -1.232      5.894     -0.209      0.834      0.001
    ES3_S              1.546      6.695      0.231      0.817      0.000


STANDARDIZED MODEL RESULTS


STDYX Standardization

                                                    Two-Tailed   Rate of
                    Estimate       S.E.  Est./S.E.    P-Value    Missing

Within Level

 FCFMLRTY   ON
