Mplus VERSION 8.5 (Linux)
MUTHEN & MUTHEN
04/18/2021   3:56 PM

INPUT INSTRUCTIONS


  TITLE:
      Two-level structured model 616

  DATA:
      file = "~/implist.dat";

      type = imputation;


      VARIABLE:
      names =
          FKI CNTRYID CNTSCHID W_STU
          MATH READ FLIT                      ! PISA achievement variables
          MALE IMMI1GEN IMMI2GEN ESCS         ! Demographic info
          FCFMLRTY FLCONFIN                   ! Affect
          FLSCHOOL                            !   Lat var "Academic"
          NOBULLY                             !   Lat var "Safety"
          FLFAMILY                            !   Lat var "Community"
          W_SCH STRATIO                       ! School character
          EDUSHORT                            !   Lat var "inst. env."
          ;

      useobs = CNTRYID eq 616;          ! Pull out one country at a time

      usevar =
          FLIT                                ! PISA achievement variables
          FLSCHOOL                            !   Lat var "Academic"
          NOBULLY                             !   Lat var "Safety"
          FLFAMILY                            !   Lat var "Community"
          EDUSHORT STRATIO                    !   Lat var "Inst env"
          FCFMLRTY FLCONFIN                   ! Affect
          MALE IMMI1GEN IMMI2GEN ESCS         ! Demographic info
          ;

      ! Vars that ONLY appear in L1
      within =
          FCFMLRTY FLCONFIN                   ! Affective vars
          MALE IMMI1GEN IMMI2GEN ESCS         ! L1 control vars
          ;

      ! Vars that ONLY appear in L2
      between =
          EDUSHORT STRATIO                    ! L2: school
          ;

      weight = W_STU;                         ! Student weight
      wtscale = cluster;                      ! Scale L1 weight to cluster size
      bweight = W_SCH;                        ! School weight
      bwtscale = sample;                      ! Scale L2 weight to sample

      cluster = CNTSCHID;                     ! Cluster by school ID


  ANALYSIS:
      processors = 64;

      type = twolevel;


  MODEL:

  %Within%                                    ! === L1: Student-level ===

      ! Save the variances of L1 FLSCHOOL, FLFAMILY, NOBULLY and FLIT
      FLSCHOOL (va_w);                        ! variance of academic (within)
      FLFAMILY (vc_w);                        ! variance of community (within)
      NOBULLY (vs_w);                         ! variance of safety (within)
      FLIT (vf_w);                            ! variance of FLIT (within)

      ! Indirect pathways (1st half): school climate vars onto mediators
          ! Onto mediator FAMILIARITY
      FCFMLRTY on
          FLSCHOOL FLFAMILY NOBULLY
          ESCS IMMI2GEN MALE
          ;
          ! Onto mediator CONFIDENCE
      FLCONFIN on
          FLSCHOOL FLFAMILY NOBULLY
          ESCS IMMI2GEN MALE
          ;

      ! Total effect
      FLIT on
          ! Indirect pathways (2nd half): affective vars onto financial literacy
          FCFMLRTY FLCONFIN
          ! Direct pathways: school climate vars onto financial literacy
          FLSCHOOL (a_w)                      ! academic_within
          FLFAMILY (c_w)                      ! community_within
          NOBULLY (s_w)                       ! safety_within
          ! Demographic vars
          ESCS IMMI1GEN
          ;

      ! Covariances

          ! Between school climate vars
      FLSCHOOL with FLFAMILY;
      FLFAMILY with NOBULLY;
      FLSCHOOL with NOBULLY;

          ! Between mediators
      FCFMLRTY with FLCONFIN;

          ! SES with school climate vars
      ESCS with FLSCHOOL FLFAMILY;
          ! SES with demographic vars
      ESCS with IMMI1GEN IMMI2GEN;

  %Between%                                   ! === L2: School-level ===

      ! Save the variances of L1 FLSCHOOL, FLFAMILY and NOBULLY
      FLSCHOOL (va_b);                        ! variance of academic (between)
      FLFAMILY (vc_b);                        ! variance of community (between)
      NOBULLY (vs_b);                         ! variance of safety (between)
      FLIT (vf_b);                            ! variance of FLIT (between)

      FLIT on                                 ! School climate variables
          FLSCHOOL (a_b)                          ! academic_between
          FLFAMILY (c_b)                          ! community_between
          NOBULLY (s_b)                           ! safety_between
          EDUSHORT
          STRATIO                             ! Control: Student-teacher ratio
          ;

      ! Covariances

          ! Between school climate vars
      FLSCHOOL with FLFAMILY;
      FLFAMILY with NOBULLY;
      NOBULLY with EDUSHORT;

      FLSCHOOL with NOBULLY;
      FLFAMILY with EDUSHORT;

      FLSCHOOL with EDUSHORT;

      STRATIO with FLSCHOOL EDUSHORT;


  MODEL INDIRECT:

      ! Indirect effects
      FLIT ind FLSCHOOL;
      FLIT ind FLFAMILY;
      FLIT ind NOBULLY;

      FLIT ind ESCS;
      FLIT ind IMMI2GEN;
      FLIT ind MALE;


  MODEL CONSTRAINT:

      ! Save non-standardised contextual effects
      new(ctx_a);
      ctx_a = a_b - a_w;
      new(ctx_c);
      ctx_c = c_b - c_w;
      new(ctx_s);
      ctx_s = s_b - s_w;

      ! Standardise contextual effects
      new(ctx_a_st);
      ctx_a_st = ctx_a*(sqrt(va_b)/sqrt(va_b*a_b**2+vf_b+va_w*a_w**2+vf_w));
      new(ctx_c_st);
      ctx_c_st = ctx_c*(sqrt(vc_b)/sqrt(vc_b*c_b**2+vf_b+vc_w*c_w**2+vf_w));
      new(ctx_s_st);
      ctx_s_st = ctx_s*(sqrt(vs_b)/sqrt(vs_b*s_b**2+vf_b+vs_w*s_w**2+vf_w));

      ! Compute effect sizes (EF)
      new(es1_a);
      es1_a = ctx_a*(2*sqrt(va_b)/sqrt(vf_w));
      new(es1_c);
      es1_c = ctx_c*(2*sqrt(vc_b)/sqrt(vf_w));
      new(es1_s);
      es1_s = ctx_s*(2*sqrt(vs_b)/sqrt(vf_w));

      new(es2_a);
      es2_a = ctx_a*(2*sqrt(va_b)/sqrt(va_w*a_w**2+vf_w));
      new(es2_c);
      es2_c = ctx_c*(2*sqrt(vc_b)/sqrt(vc_w*c_w**2+vf_w));
      new(es2_s);
      es2_s = ctx_s*(2*sqrt(vs_b)/sqrt(vs_w*s_w**2+vf_w));

      new(es3_a);
      es3_a = ctx_a*(2*sqrt(va_b)/sqrt(va_b*a_b**2+va_w*a_w**2+vf_w));
      new(es3_c);
      es3_c = ctx_c*(2*sqrt(vc_b)/sqrt(vc_b*c_b**2+vc_w*c_w**2+vf_w));
      new(es3_s);
      es3_s = ctx_s*(2*sqrt(vs_b)/sqrt(vs_b*s_b**2+vs_w*s_w**2+vf_w));


  OUTPUT:
      stdyx                                   ! Fully standardised solution
      ;



INPUT READING TERMINATED NORMALLY




Two-level structured model 616

SUMMARY OF ANALYSIS

Number of groups                                                 1
Average number of observations                                4294

Number of replications
    Requested                                                   10
    Completed                                                   10

Number of dependent variables                                    3
Number of independent variables                                  9
Number of continuous latent variables                            0

Observed dependent variables

  Continuous
   FLIT        FCFMLRTY    FLCONFIN

Observed independent variables
   FLSCHOOL    NOBULLY     FLFAMILY    EDUSHORT    STRATIO     MALE
   IMMI1GEN    IMMI2GEN    ESCS

Variables with special functions

  Cluster variable      CNTSCHID
  Weight variable (cluster-size scaling)
    W_STU
  Between weight variable (sample-size scaling)
    W_SCH

  Within variables
   FCFMLRTY    FLCONFIN    MALE        IMMI1GEN    IMMI2GEN    ESCS

  Between variables
   EDUSHORT    STRATIO


Estimator                                                      MLR
Information matrix                                        OBSERVED
Maximum number of iterations                                   100
Convergence criterion                                    0.100D-05
Maximum number of EM iterations                                500
Convergence criteria for the EM algorithm
  Loglikelihood change                                   0.100D-02
  Relative loglikelihood change                          0.100D-05
  Derivative                                             0.100D-03
Minimum variance                                         0.100D-03
Maximum number of steepest descent iterations                   20
Maximum number of iterations for H1                           2000
Convergence criterion for H1                             0.100D-03
Optimization algorithm                                         EMA

Input data file(s)
  Multiple data files from
    ~/implist.dat
Input data format  FREE


SUMMARY OF DATA FOR THE FIRST DATA SET

     Number of clusters                        235

     Average cluster size       18.272

     Estimated Intraclass Correlations for the Y Variables

                Intraclass              Intraclass              Intraclass
     Variable  Correlation   Variable  Correlation   Variable  Correlation

     FLIT         0.094      FCFMLRTY     0.000      FLCONFIN     0.000
     FLSCHOOL     0.038      NOBULLY      0.022      FLFAMILY     0.018
     IMMI1GEN     0.000      IMMI2GEN     0.000      ESCS         0.000



SAMPLE STATISTICS

NOTE:  The sample statistics for within and between refer to the
       maximum-likelihood estimated within and between covariance
       matrices, respectively.

NOTE:  These are average results over 10 data sets.


     ESTIMATED SAMPLE STATISTICS FOR WITHIN


           Means
              EDUSHORT      STRATIO       FLIT          FCFMLRTY      FLCONFIN
              ________      ________      ________      ________      ________
                0.000         0.000         0.000         7.188         0.020


           Means
              FLSCHOOL      NOBULLY       FLFAMILY      IMMI1GEN      IMMI2GEN
              ________      ________      ________      ________      ________
                0.000         0.000         0.000         0.004         0.003


           Means
              ESCS          MALE
              ________      ________
               -0.163         0.491


           Covariances
              EDUSHORT      STRATIO       FLIT          FCFMLRTY      FLCONFIN
              ________      ________      ________      ________      ________
 EDUSHORT       0.000
 STRATIO        0.000         0.000
 FLIT           0.000         0.000      6780.627
 FCFMLRTY       0.000         0.000       103.364        30.102
 FLCONFIN       0.000         0.000        14.642         1.318         1.000
 FLSCHOOL       0.000         0.000        -6.479         1.049         0.118
 NOBULLY        0.000         0.000         5.594         0.053         0.007
 FLFAMILY       0.000         0.000        -3.094         0.592         0.141
 IMMI1GEN       0.000         0.000        -0.251         0.006         0.001
 IMMI2GEN       0.000         0.000        -0.087         0.001        -0.001
 ESCS           0.000         0.000        17.607         0.596         0.070
 MALE           0.000         0.000         2.338         0.289         0.099


           Covariances
              FLSCHOOL      NOBULLY       FLFAMILY      IMMI1GEN      IMMI2GEN
              ________      ________      ________      ________      ________
 FLSCHOOL       0.902
 NOBULLY       -0.026         1.034
 FLFAMILY       0.182        -0.031         0.910
 IMMI1GEN       0.000        -0.001         0.001         0.004
 IMMI2GEN      -0.001        -0.001         0.000         0.000         0.003
 ESCS          -0.002         0.001         0.035         0.001        -0.001
 MALE           0.041        -0.061        -0.015         0.001         0.000


           Covariances
              ESCS          MALE
              ________      ________
 ESCS           0.725
 MALE          -0.003         0.250


           Correlations
              EDUSHORT      STRATIO       FLIT          FCFMLRTY      FLCONFIN
              ________      ________      ________      ________      ________
 EDUSHORT       0.000
 STRATIO        0.000         0.000
 FLIT           0.000         0.000         1.000
 FCFMLRTY       0.000         0.000         0.229         1.000
 FLCONFIN       0.000         0.000         0.178         0.240         1.000
 FLSCHOOL       0.000         0.000        -0.083         0.201         0.124
 NOBULLY        0.000         0.000         0.067         0.010         0.007
 FLFAMILY       0.000         0.000        -0.039         0.113         0.148
 IMMI1GEN       0.000         0.000        -0.050         0.017         0.020
 IMMI2GEN       0.000         0.000        -0.019         0.004        -0.010
 ESCS           0.000         0.000         0.251         0.128         0.083
 MALE           0.000         0.000         0.057         0.105         0.199


           Correlations
              FLSCHOOL      NOBULLY       FLFAMILY      IMMI1GEN      IMMI2GEN
              ________      ________      ________      ________      ________
 FLSCHOOL       1.000
 NOBULLY       -0.027         1.000
 FLFAMILY       0.201        -0.032         1.000
 IMMI1GEN      -0.003        -0.013         0.013         1.000
 IMMI2GEN      -0.010        -0.025         0.001         0.009         1.000
 ESCS          -0.003         0.001         0.043         0.028        -0.012
 MALE           0.087        -0.119        -0.031         0.027         0.013


           Correlations
              ESCS          MALE
              ________      ________
 ESCS           1.000
 MALE          -0.007         1.000


     ESTIMATED SAMPLE STATISTICS FOR BETWEEN


           Means
              EDUSHORT      STRATIO       FLIT          FCFMLRTY      FLCONFIN
              ________      ________      ________      ________      ________
               -0.167         8.072       519.980         0.000         0.000


           Means
              FLSCHOOL      NOBULLY       FLFAMILY      IMMI1GEN      IMMI2GEN
              ________      ________      ________      ________      ________
               -0.067        -0.045        -0.046         0.000         0.000


           Means
              ESCS          MALE
              ________      ________
                0.000         0.000


           Covariances
              EDUSHORT      STRATIO       FLIT          FCFMLRTY      FLCONFIN
              ________      ________      ________      ________      ________
 EDUSHORT       0.764
 STRATIO        0.091         8.806
 FLIT          -0.288         0.888       719.695
 FCFMLRTY       0.000         0.000         0.000         0.000
 FLCONFIN       0.000         0.000         0.000         0.000         0.000
 FLSCHOOL       0.010        -0.111        -3.068         0.000         0.000
 NOBULLY       -0.010         0.069         2.274         0.000         0.000
 FLFAMILY      -0.011        -0.065        -1.523         0.000         0.000
 IMMI1GEN       0.000         0.000         0.000         0.000         0.000
 IMMI2GEN       0.000         0.000         0.000         0.000         0.000
 ESCS           0.000         0.000         0.000         0.000         0.000
 MALE           0.000         0.000         0.000         0.000         0.000


           Covariances
              FLSCHOOL      NOBULLY       FLFAMILY      IMMI1GEN      IMMI2GEN
              ________      ________      ________      ________      ________
 FLSCHOOL       0.037
 NOBULLY       -0.010         0.023
 FLFAMILY       0.010        -0.002         0.015
 IMMI1GEN       0.000         0.000         0.000         0.000
 IMMI2GEN       0.000         0.000         0.000         0.000         0.000
 ESCS           0.000         0.000         0.000         0.000         0.000
 MALE           0.000         0.000         0.000         0.000         0.000


           Covariances
              ESCS          MALE
              ________      ________
 ESCS           0.000
 MALE           0.000         0.000


           Correlations
              EDUSHORT      STRATIO       FLIT          FCFMLRTY      FLCONFIN
              ________      ________      ________      ________      ________
 EDUSHORT       1.000
 STRATIO        0.035         1.000
 FLIT          -0.012         0.011         1.000
 FCFMLRTY       0.000         0.000         0.000         0.000
 FLCONFIN       0.000         0.000         0.000         0.000         0.000
 FLSCHOOL       0.056        -0.193        -0.591         0.000         0.000
 NOBULLY       -0.078         0.154         0.558         0.000         0.000
 FLFAMILY      -0.099        -0.175        -0.456         0.000         0.000
 IMMI1GEN       0.000         0.000         0.000         0.000         0.000
 IMMI2GEN       0.000         0.000         0.000         0.000         0.000
 ESCS           0.000         0.000         0.000         0.000         0.000
 MALE           0.000         0.000         0.000         0.000         0.000


           Correlations
              FLSCHOOL      NOBULLY       FLFAMILY      IMMI1GEN      IMMI2GEN
              ________      ________      ________      ________      ________
 FLSCHOOL       1.000
 NOBULLY       -0.333         1.000
 FLFAMILY       0.408        -0.080         1.000
 IMMI1GEN       0.000         0.000         0.000         0.000
 IMMI2GEN       0.000         0.000         0.000         0.000         0.000
 ESCS           0.000         0.000         0.000         0.000         0.000
 MALE           0.000         0.000         0.000         0.000         0.000


           Correlations
              ESCS          MALE
              ________      ________
 ESCS           0.000
 MALE           0.000         0.000




MODEL FIT INFORMATION

Number of Free Parameters                       66

Loglikelihood

    H0 Value

        Mean                            -55876.680
        Std Dev                             88.596
        Number of successful computations       10

             Proportions                   Percentiles
        Expected    Observed         Expected       Observed
           0.990       1.000       -56082.781     -56033.864
           0.980       1.000       -56058.630     -56033.864
           0.950       0.900       -56022.412     -56033.864
           0.900       0.900       -55990.225     -56033.864
           0.800       0.800       -55951.242     -56033.864
           0.700       0.800       -55923.140     -55918.125
           0.500       0.500       -55876.680     -55892.902
           0.300       0.300       -55830.220     -55862.411
           0.200       0.100       -55802.117     -55812.874
           0.100       0.100       -55763.135     -55812.489
           0.050       0.100       -55730.948     -55812.489
           0.020       0.100       -55694.730     -55812.489
           0.010       0.000       -55670.578     -55812.489

    H1 Value

        Mean                            -55813.974
        Std Dev                             89.686
        Number of successful computations       10

             Proportions                   Percentiles
        Expected    Observed         Expected       Observed
           0.990       1.000       -56022.610     -55971.547
           0.980       1.000       -55998.161     -55971.547
           0.950       0.900       -55961.498     -55971.547
           0.900       0.900       -55928.915     -55971.547
           0.800       0.800       -55889.454     -55971.547
           0.700       0.800       -55861.005     -55855.117
           0.500       0.400       -55813.974     -55826.149
           0.300       0.300       -55766.943     -55805.337
           0.200       0.100       -55738.495     -55753.800
           0.100       0.100       -55699.033     -55739.844
           0.050       0.100       -55666.451     -55739.844
           0.020       0.100       -55629.787     -55739.844
           0.010       0.000       -55605.339     -55739.844

Information Criteria

    Akaike (AIC)

        Mean                            111885.360
        Std Dev                            177.192
        Number of successful computations       10

             Proportions                   Percentiles
        Expected    Observed         Expected       Observed
           0.990       1.000       111473.157     111515.061
           0.980       0.900       111521.460     111515.061
           0.950       0.900       111593.896     111515.061
           0.900       0.900       111658.270     111515.061
           0.800       0.900       111736.234     111515.061
           0.700       0.700       111792.440     111757.749
           0.500       0.500       111885.360     111883.031
           0.300       0.200       111978.279     111926.129
           0.200       0.200       112034.485     111968.250
           0.100       0.100       112112.450     112072.045
           0.050       0.100       112176.824     112072.045
           0.020       0.000       112249.260     112072.045
           0.010       0.000       112297.562     112072.045

    Bayesian (BIC)

        Mean                            112305.448
        Std Dev                            177.192
        Number of successful computations       10

             Proportions                   Percentiles
        Expected    Observed         Expected       Observed
           0.990       1.000       111893.245     111935.150
           0.980       0.900       111941.548     111935.150
           0.950       0.900       112013.984     111935.150
           0.900       0.900       112078.358     111935.150
           0.800       0.900       112156.323     111935.150
           0.700       0.700       112212.528     112177.837
           0.500       0.500       112305.448     112303.119
           0.300       0.200       112398.368     112346.217
           0.200       0.200       112454.573     112388.338
           0.100       0.100       112532.538     112492.134
           0.050       0.100       112596.912     112492.134
           0.020       0.000       112669.348     112492.134
           0.010       0.000       112717.651     112492.134

    Sample-Size Adjusted BIC (n* = (n + 2) / 24)

        Mean                            112095.727
        Std Dev                            177.192
        Number of successful computations       10

             Proportions                   Percentiles
        Expected    Observed         Expected       Observed
           0.990       1.000       111683.524     111725.429
           0.980       0.900       111731.827     111725.429
           0.950       0.900       111804.263     111725.429
           0.900       0.900       111868.637     111725.429
           0.800       0.900       111946.602     111725.429
           0.700       0.700       112002.807     111968.116
           0.500       0.500       112095.727     112093.398
           0.300       0.200       112188.647     112136.496
           0.200       0.200       112244.852     112178.617
           0.100       0.100       112322.817     112282.413
           0.050       0.100       112387.191     112282.413
           0.020       0.000       112459.627     112282.413
           0.010       0.000       112507.930     112282.413

Chi-Square Test of Model Fit

        Degrees of freedom                      20

        Mean                                99.939
        Std Dev                              8.520
        Number of successful computations       10

             Proportions                   Percentiles
        Expected    Observed         Expected       Observed
           0.990       1.000            8.260         87.728
           0.980       1.000            9.237         87.728
           0.950       1.000           10.851         87.728
           0.900       1.000           12.443         87.728
           0.800       1.000           14.578         87.728
           0.700       1.000           16.266         93.845
           0.500       1.000           19.337         96.706
           0.300       1.000           22.775        102.868
           0.200       1.000           25.038        103.069
           0.100       1.000           28.412        110.810
           0.050       1.000           31.410        110.810
           0.020       1.000           35.020        110.810
           0.010       1.000           37.566        110.810

RMSEA (Root Mean Square Error Of Approximation)

        Mean                                 0.030
        Std Dev                              0.002
        Number of successful computations       10

        Cumulative Distribution Function
           Value    Function Value
           0.990       1.000
           0.980       1.000
           0.950       1.000
           0.900       1.000
           0.800       1.000
           0.700       1.000
           0.500       1.000
           0.300       1.000
           0.200       1.000
           0.100       1.000
           0.050       1.000
           0.020       0.000
           0.010       0.000

CFI/TLI

    CFI

        Mean                                 0.945
        Std Dev                              0.005
        Number of successful computations       10

        Cumulative Distribution Function
           Value    Function Value
           0.990       1.000
           0.980       1.000
           0.950       0.800
           0.900       0.000
           0.800       0.000
           0.700       0.000
           0.500       0.000
           0.300       0.000
           0.200       0.000
           0.100       0.000
           0.050       0.000
           0.020       0.000
           0.010       0.000

    TLI

        Mean                                 0.835
        Std Dev                              0.014
        Number of successful computations       10

        Cumulative Distribution Function
           Value    Function Value
           0.990       1.000
           0.980       1.000
           0.950       1.000
           0.900       1.000
           0.800       0.000
           0.700       0.000
           0.500       0.000
           0.300       0.000
           0.200       0.000
           0.100       0.000
           0.050       0.000
           0.020       0.000
           0.010       0.000

SRMR (Standardized Root Mean Square Residual) for the WITHIN level

        Mean                                 0.022
        Std Dev                              0.001
        Number of successful computations       10

        Cumulative Distribution Function
           Value    Function Value
           0.990       1.000
           0.980       1.000
           0.950       1.000
           0.900       1.000
           0.800       1.000
           0.700       1.000
           0.500       1.000
           0.300       1.000
           0.200       1.000
           0.100       1.000
           0.050       1.000
           0.020       0.000
           0.010       0.000

SRMR (Standardized Root Mean Square Residual) for the BETWEEN level

        Mean                                 0.051
        Std Dev                              0.005
        Number of successful computations       10

        Cumulative Distribution Function
           Value    Function Value
           0.990       1.000
           0.980       1.000
           0.950       1.000
           0.900       1.000
           0.800       1.000
           0.700       1.000
           0.500       1.000
           0.300       1.000
           0.200       1.000
           0.100       1.000
           0.050       0.500
           0.020       0.000
           0.010       0.000



MODEL RESULTS

                                                    Two-Tailed   Rate of
                    Estimate       S.E.  Est./S.E.    P-Value    Missing

Within Level

 FCFMLRTY   ON
    FLSCHOOL           1.036      0.099     10.507      0.000      0.059
    FLFAMILY           0.433      0.099      4.363      0.000      0.110
    NOBULLY            0.153      0.100      1.526      0.127      0.227
    ESCS               0.808      0.105      7.734      0.000      0.040
    IMMI2GEN           0.622      1.470      0.423      0.672      0.148
    MALE               1.059      0.156      6.795      0.000      0.029

 FLCONFIN   ON
    FLSCHOOL           0.085      0.018      4.609      0.000      0.126
    FLFAMILY           0.143      0.020      7.139      0.000      0.183
    NOBULLY            0.037      0.017      2.139      0.032      0.078
    ESCS               0.092      0.020      4.601      0.000      0.121
    IMMI2GEN          -0.174      0.376     -0.463      0.643      0.257
    MALE               0.403      0.030     13.428      0.000      0.146

 FLIT       ON
    FCFMLRTY           3.020      0.267     11.302      0.000      0.257
    FLCONFIN          11.350      1.558      7.287      0.000      0.367
    FLSCHOOL         -10.823      1.531     -7.068      0.000      0.231
    FLFAMILY          -5.569      1.617     -3.443      0.001      0.356
    NOBULLY            4.604      1.576      2.921      0.003      0.311
    ESCS              21.180      2.258      9.378      0.000      0.397
    IMMI1GEN         -83.309     25.138     -3.314      0.001      0.199

 FLSCHOOL WITH
    FLFAMILY           0.181      0.019      9.618      0.000      0.125
    NOBULLY           -0.026      0.019     -1.364      0.173      0.182
    ESCS              -0.001      0.014     -0.075      0.940      0.065

 FLFAMILY WITH
    NOBULLY           -0.031      0.019     -1.609      0.108      0.203
    ESCS               0.034      0.014      2.359      0.018      0.064

 FCFMLRTY WITH
    FLCONFIN           0.972      0.088     11.019      0.000      0.029

 ESCS     WITH
    IMMI1GEN           0.001      0.001      1.180      0.238      0.077
    IMMI2GEN          -0.001      0.001     -0.587      0.557      0.402

 Means
    IMMI1GEN           0.004      0.001      3.537      0.000      0.085
    IMMI2GEN           0.003      0.001      3.004      0.003      0.137
    ESCS              -0.163      0.030     -5.525      0.000      0.002

 Intercepts
    FCFMLRTY           6.798      0.114     59.710      0.000      0.029
    FLCONFIN          -0.162      0.023     -6.996      0.000      0.130

 Variances
    FLSCHOOL           0.902      0.022     40.317      0.000      0.069
    NOBULLY            1.034      0.029     35.392      0.000      0.046
    FLFAMILY           0.910      0.022     41.048      0.000      0.039
    IMMI1GEN           0.004      0.001      3.868      0.000      0.004
    IMMI2GEN           0.003      0.001      3.328      0.001      0.015
    ESCS               0.725      0.019     38.303      0.000      0.037

 Residual Variances
    FLIT            5796.720    198.136     29.256      0.000      0.514
    FCFMLRTY          27.957      0.616     45.422      0.000      0.034
    FLCONFIN           0.923      0.024     39.154      0.000      0.032

Between Level

 FLIT       ON
    FLSCHOOL         -53.205     28.495     -1.867      0.062      0.135
    FLFAMILY         -53.245     56.001     -0.951      0.342      0.144
    NOBULLY           81.031     38.205      2.121      0.034      0.193
    EDUSHORT           1.095      3.290      0.333      0.739      0.234
    STRATIO           -0.915      0.822     -1.113      0.266      0.087

 FLSCHOOL WITH
    FLFAMILY           0.010      0.005      1.803      0.071      0.066
    NOBULLY           -0.010      0.005     -1.826      0.068      0.164
    EDUSHORT           0.011      0.017      0.617      0.537      0.020
    STRATIO           -0.083      0.058     -1.431      0.152      0.034

 FLFAMILY WITH
    NOBULLY           -0.002      0.006     -0.385      0.701      0.081
    EDUSHORT          -0.011      0.017     -0.647      0.518      0.040

 NOBULLY  WITH
    EDUSHORT          -0.013      0.019     -0.665      0.506      0.161

 STRATIO  WITH
    EDUSHORT           0.090      0.174      0.519      0.604      0.002

 Means
    EDUSHORT          -0.167      0.059     -2.852      0.004      0.000
    STRATIO            8.072      0.200     40.416      0.000      0.000
    FLSCHOOL          -0.067      0.020     -3.299      0.001      0.027
    NOBULLY           -0.045      0.019     -2.298      0.022      0.042
    FLFAMILY          -0.046      0.017     -2.727      0.006      0.043

 Intercepts
    FLIT             507.006      8.464     59.904      0.000      0.093

 Variances
    EDUSHORT           0.764      0.062     12.272      0.000      0.000
    STRATIO            8.806      0.801     10.993      0.000      0.000
    FLSCHOOL           0.037      0.008      4.966      0.000      0.030
    NOBULLY            0.023      0.008      2.887      0.004      0.066
    FLFAMILY           0.015      0.007      2.145      0.032      0.101

 Residual Variances
    FLIT             257.811    145.673      1.770      0.077      0.293

New/Additional Parameters
    CTX_A            -42.382     28.791     -1.472      0.141      0.000
    CTX_C            -47.676     56.164     -0.849      0.396      0.000
    CTX_S             76.428     38.209      2.000      0.045      0.000
    CTX_A_ST          -0.103      0.068     -1.510      0.131      0.000
    CTX_C_ST          -0.074      0.080     -0.922      0.357      0.000
    CTX_S_ST           0.148      0.065      2.270      0.023      0.000
    ES1_A             -0.215      0.144     -1.489      0.136      0.000
    ES1_C             -0.152      0.165     -0.921      0.357      0.000
    ES1_S              0.307      0.136      2.249      0.024      0.000
    ES2_A             -0.213      0.143     -1.489      0.137      0.000
    ES2_C             -0.151      0.164     -0.920      0.357      0.000
    ES2_S              0.306      0.136      2.249      0.024      0.000
    ES3_A             -0.211      0.140     -1.508      0.132      0.000
    ES3_C             -0.150      0.162     -0.926      0.355      0.000
    ES3_S              0.302      0.131      2.303      0.021      0.000


STANDARDIZED MODEL RESULTS


STDYX Standardization

                                                    Two-Tailed   Rate of
                    Estimate       S.E.  Est./S.E.    P-Value    Missing

Within Level

 FCFMLRTY   ON
    FLSCHOOL           0.180      0.017     10.434      0.000      0.058
    FLFAMILY           0.075      0.017      4.339      0.000      0.106
    NOBULLY            0.028      0.019      1.526      0.127      0.229
    ESCS               0.126      0.016      7.693      0.000      0.040
    IMMI2GEN           0.006      0.016      0.416      0.678      0.144
    MALE               0.097      0.014      6.769      0.000      0.029

 FLCONFIN   ON
    FLSCHOOL           0.081      0.018      4.606      0.000      0.130
    FLFAMILY           0.136      0.019      7.184      0.000      0.169
    NOBULLY            0.037      0.017      2.141      0.032      0.077
    ESCS               0.078      0.017      4.590      0.000      0.124
    IMMI2GEN          -0.010      0.021     -0.467      0.640      0.263
    MALE               0.201      0.015     13.357      0.000      0.142

 FLIT       ON
    FCFMLRTY           0.201      0.018     11.428      0.000      0.259
    FLCONFIN           0.138      0.019      7.312      0.000      0.375
    FLSCHOOL          -0.125      0.017     -7.126      0.000      0.247
    FLFAMILY          -0.064      0.019     -3.435      0.001      0.358
    NOBULLY            0.057      0.019      2.929      0.003      0.313
    ESCS               0.219      0.023      9.520      0.000      0.443
    IMMI1GEN          -0.061      0.020     -3.101      0.002      0.161

 FLSCHOOL WITH
    FLFAMILY           0.200      0.020     10.118      0.000      0.129
    NOBULLY           -0.027      0.020     -1.374      0.169      0.184
    ESCS              -0.001      0.018     -0.075      0.940      0.065

 FLFAMILY WITH
    NOBULLY           -0.032      0.020     -1.614      0.107      0.203
    ESCS               0.041      0.018      2.364      0.018      0.066

 FCFMLRTY WITH
    FLCONFIN           0.191      0.017     11.198      0.000      0.028

 ESCS     WITH
    IMMI1GEN           0.027      0.022      1.239      0.215      0.086
    IMMI2GEN          -0.012      0.020     -0.587      0.557      0.393

 Means
    IMMI1GEN           0.061      0.011      5.813      0.000      0.225
    IMMI2GEN           0.059      0.012      4.707      0.000      0.315
    ESCS              -0.192      0.036     -5.340      0.000      0.001

 Intercepts
    FCFMLRTY           1.240      0.025     49.794      0.000      0.025
    FLCONFIN          -0.162      0.023     -6.949      0.000      0.128

 Variances
    FLSCHOOL           1.000      0.000  *********      0.000      0.000
    NOBULLY            1.000      0.000    999.000    999.000      0.000
    FLFAMILY           1.000      0.000  *********      0.000      0.000
    IMMI1GEN           1.000      0.000  *********      0.000      0.000
    IMMI2GEN           1.000      0.000  *********      0.000      0.000
    ESCS               1.000      0.000  *********      0.000      0.000

 Residual Variances
    FLIT               0.852      0.016     53.098      0.000      0.466
    FCFMLRTY           0.930      0.009    106.577      0.000      0.064
    FLCONFIN           0.922      0.009     99.931      0.000      0.110

Between Level

 FLIT       ON
    FLSCHOOL          -0.384      0.200     -1.921      0.055      0.129
    FLFAMILY          -0.241      0.233     -1.032      0.302      0.156
    NOBULLY            0.463      0.193      2.396      0.017      0.234
    EDUSHORT           0.036      0.107      0.335      0.738      0.235
    STRATIO           -0.101      0.089     -1.143      0.253      0.092

 FLSCHOOL WITH
    FLFAMILY           0.417      0.201      2.070      0.038      0.079
    NOBULLY           -0.330      0.179     -1.846      0.065      0.179
    EDUSHORT           0.063      0.104      0.610      0.542      0.020
    STRATIO           -0.145      0.098     -1.482      0.138      0.035

 FLFAMILY WITH
    NOBULLY           -0.116      0.304     -0.381      0.703      0.072
    EDUSHORT          -0.103      0.168     -0.615      0.538      0.034

 NOBULLY  WITH
    EDUSHORT          -0.094      0.140     -0.672      0.502      0.170

 STRATIO  WITH
    EDUSHORT           0.035      0.067      0.517      0.605      0.002

 Means
    EDUSHORT          -0.191      0.068     -2.798      0.005      0.000
    STRATIO            2.720      0.154     17.611      0.000      0.000
    FLSCHOOL          -0.347      0.112     -3.107      0.002      0.017
    NOBULLY           -0.293      0.131     -2.245      0.025      0.062
    FLFAMILY          -0.385      0.169     -2.275      0.023      0.079

 Intercepts
    FLIT              18.961      1.623     11.681      0.000      0.079

 Variances
    EDUSHORT           1.000      0.000  *********      0.000      0.000
    STRATIO            1.000      0.000  *********      0.000      0.000
    FLSCHOOL           1.000      0.000  *********      0.000      0.000
    NOBULLY            1.000      0.000  *********      0.000      0.000
    FLFAMILY           1.000      0.000    999.000    999.000      0.000

 Residual Variances
    FLIT               0.359      0.192      1.873      0.061      0.286


R-SQUARE

Within Level

    Observed                                        Two-Tailed   Rate of
    Variable        Estimate       S.E.  Est./S.E.    P-Value    Missing

    FLIT               0.148      0.016      9.198      0.000      0.466
    FCFMLRTY           0.070      0.009      7.986      0.000      0.064
    FLCONFIN           0.078      0.009      8.464      0.000      0.110

Between Level

    Observed                                        Two-Tailed   Rate of
    Variable        Estimate       S.E.  Est./S.E.    P-Value    Missing

    FLIT               0.641      0.192      3.348      0.001      0.286


QUALITY OF NUMERICAL RESULTS

     Average Condition Number for the Information Matrix      0.598E-09
       (ratio of smallest to largest eigenvalue)


TOTAL, TOTAL INDIRECT, SPECIFIC INDIRECT, AND DIRECT EFFECTS


                                                    Two-Tailed   Rate of
                    Estimate       S.E.  Est./S.E.    P-Value    Missing

WITHIN

Effects from FLSCHOOL to FLIT

  Total               -6.729      1.550     -4.342      0.000      0.183
  Total indirect       4.094      0.548      7.466      0.000      0.200

  Specific indirect 1
    FLIT
    FCFMLRTY
    FLSCHOOL           3.131      0.415      7.541      0.000      0.176

  Specific indirect 2
    FLIT
    FLCONFIN
    FLSCHOOL           0.963      0.255      3.773      0.000      0.148

  Direct
    FLIT
    FLSCHOOL         -10.823      1.531     -7.068      0.000      0.231


Effects from FLFAMILY to FLIT

  Total               -2.639      1.607     -1.642      0.101      0.277
  Total indirect       2.929      0.477      6.136      0.000      0.287

  Specific indirect 1
    FLIT
    FCFMLRTY
    FLFAMILY           1.308      0.317      4.133      0.000      0.122

  Specific indirect 2
    FLIT
    FLCONFIN
    FLFAMILY           1.621      0.325      4.992      0.000      0.378

  Direct
    FLIT
    FLFAMILY          -5.569      1.617     -3.443      0.001      0.356


Effects from NOBULLY to FLIT

  Total                5.485      1.624      3.376      0.001      0.270
  Total indirect       0.881      0.399      2.208      0.027      0.212

  Specific indirect 1
    FLIT
    FCFMLRTY
    NOBULLY            0.463      0.313      1.481      0.139      0.241

  Specific indirect 2
    FLIT
    FLCONFIN
    NOBULLY            0.418      0.203      2.062      0.039      0.089

  Direct
    FLIT
    NOBULLY            4.604      1.576      2.921      0.003      0.311


Effects from ESCS to FLIT

  Total               24.668      2.343     10.528      0.000      0.392
  Total indirect       3.489      0.473      7.378      0.000      0.165

  Specific indirect 1
    FLIT
    FCFMLRTY
    ESCS               2.443      0.398      6.145      0.000      0.161

  Specific indirect 2
    FLIT
    FLCONFIN
    ESCS               1.045      0.270      3.867      0.000      0.213

  Direct
    FLIT
    ESCS              21.180      2.258      9.378      0.000      0.397


Effects from IMMI2GEN to FLIT

  Total               -0.094      7.635     -0.012      0.990      0.204
  Total indirect      -0.094      7.635     -0.012      0.990      0.204

  Specific indirect 1
    FLIT
    FCFMLRTY
    IMMI2GEN           1.864      4.421      0.422      0.673      0.138

  Specific indirect 2
    FLIT
    FLCONFIN
    IMMI2GEN          -1.957      4.246     -0.461      0.645      0.241


Effects from MALE to FLIT

  Total                7.768      0.908      8.553      0.000      0.224
  Total indirect       7.768      0.908      8.553      0.000      0.224

  Specific indirect 1
    FLIT
    FCFMLRTY
    MALE               3.199      0.539      5.931      0.000      0.081

  Specific indirect 2
    FLIT
    FLCONFIN
    MALE               4.569      0.730      6.263      0.000      0.322


BETWEEN

Effects from FLSCHOOL to FLIT

  Total              -53.205     28.495     -1.867      0.062      0.135
  Total indirect       0.000      0.000      0.000      1.000      0.167

  Direct
    FLIT
    FLSCHOOL         -53.205     28.495     -1.867      0.062      0.135


Effects from FLFAMILY to FLIT

  Total              -53.245     56.001     -0.951      0.342      0.144
  Total indirect       0.000      0.000     -0.302      0.763      0.167

  Direct
    FLIT
    FLFAMILY         -53.245     56.001     -0.951      0.342      0.144


Effects from NOBULLY to FLIT

  Total               81.031     38.205      2.121      0.034      0.193
  Total indirect       0.000      0.000      0.000      1.000      0.167

  Direct
    FLIT
    NOBULLY           81.031     38.205      2.121      0.034      0.193


Effects from ESCS to FLIT

  Total                0.000      0.000    999.000      0.000      0.167
  Total indirect       0.000      0.000    999.000      0.000      0.167


Effects from IMMI2GEN to FLIT

  Total                0.000      0.000    999.000      0.000      0.167
  Total indirect       0.000      0.000    999.000      0.000      0.167


Effects from MALE to FLIT

  Total                0.000      0.000    999.000      0.000      0.167
  Total indirect       0.000      0.000    999.000      0.000      0.167



STANDARDIZED TOTAL, TOTAL INDIRECT, SPECIFIC INDIRECT, AND DIRECT EFFECTS


STDYX Standardization

                                                    Two-Tailed   Rate of
                    Estimate       S.E.  Est./S.E.    P-Value    Missing

WITHIN

Effects from FLSCHOOL to FLIT

  Total               -0.078      0.018     -4.359      0.000      0.187
  Total indirect       0.047      0.006      7.514      0.000      0.224

  Specific indirect 1
    FLIT
    FCFMLRTY
    FLSCHOOL           0.036      0.005      7.569      0.000      0.196

  Specific indirect 2
    FLIT
    FLCONFIN
    FLSCHOOL           0.011      0.003      3.788      0.000      0.156

  Direct
    FLIT
    FLSCHOOL          -0.125      0.017     -7.126      0.000      0.247


Effects from FLFAMILY to FLIT

  Total               -0.031      0.019     -1.642      0.101      0.278
  Total indirect       0.034      0.006      6.132      0.000      0.281

  Specific indirect 1
    FLIT
    FCFMLRTY
    FLFAMILY           0.015      0.004      4.098      0.000      0.121

  Specific indirect 2
    FLIT
    FLCONFIN
    FLFAMILY           0.019      0.004      5.040      0.000      0.376

  Direct
    FLIT
    FLFAMILY          -0.064      0.019     -3.435      0.001      0.358


Effects from NOBULLY to FLIT

  Total                0.068      0.020      3.396      0.001      0.273
  Total indirect       0.011      0.005      2.220      0.026      0.217

  Specific indirect 1
    FLIT
    FCFMLRTY
    NOBULLY            0.006      0.004      1.484      0.138      0.245

  Specific indirect 2
    FLIT
    FLCONFIN
    NOBULLY            0.005      0.002      2.072      0.038      0.091

  Direct
    FLIT
    NOBULLY            0.057      0.019      2.929      0.003      0.313


Effects from ESCS to FLIT

  Total                0.255      0.024     10.732      0.000      0.442
  Total indirect       0.036      0.005      7.454      0.000      0.162

  Specific indirect 1
    FLIT
    FCFMLRTY
    ESCS               0.025      0.004      6.145      0.000      0.160

  Specific indirect 2
    FLIT
    FLCONFIN
    ESCS               0.011      0.003      3.904      0.000      0.212

  Direct
    FLIT
    ESCS               0.219      0.023      9.520      0.000      0.443


Effects from IMMI2GEN to FLIT

  Total                0.000      0.005     -0.010      0.992      0.207
  Total indirect       0.000      0.005     -0.010      0.992      0.207

  Specific indirect 1
    FLIT
    FCFMLRTY
    IMMI2GEN           0.001      0.003      0.414      0.679      0.134

  Specific indirect 2
    FLIT
    FLCONFIN
    IMMI2GEN          -0.001      0.003     -0.463      0.643      0.245


Effects from MALE to FLIT

  Total                0.047      0.005      8.634      0.000      0.233
  Total indirect       0.047      0.005      8.634      0.000      0.233

  Specific indirect 1
    FLIT
    FCFMLRTY
    MALE               0.019      0.003      5.934      0.000      0.078

  Specific indirect 2
    FLIT
    FLCONFIN
    MALE               0.028      0.004      6.316      0.000      0.334


BETWEEN

Effects from FLSCHOOL to FLIT

  Total               -0.384      0.200     -1.921      0.055      0.129
  Total indirect       0.000      0.000      0.000      1.000      0.167

  Direct
    FLIT
    FLSCHOOL          -0.384      0.200     -1.921      0.055      0.129


Effects from FLFAMILY to FLIT

  Total               -0.241      0.233     -1.032      0.302      0.156
  Total indirect       0.000      0.000      0.000      1.000      0.167

  Direct
    FLIT
    FLFAMILY          -0.241      0.233     -1.032      0.302      0.156


Effects from NOBULLY to FLIT

  Total                0.463      0.193      2.396      0.017      0.234
  Total indirect       0.000      0.000      0.000      1.000      0.167

  Direct
    FLIT
    NOBULLY            0.463      0.193      2.396      0.017      0.234


Effects from ESCS to FLIT

  Total                0.000      0.000      0.000      1.000      0.167
  Total indirect       0.000      0.000      0.000      1.000      0.167


Effects from IMMI2GEN to FLIT

  Total                0.000      0.000      0.000      1.000      0.167
  Total indirect       0.000      0.000      0.000      1.000      0.167


Effects from MALE to FLIT

  Total                0.000      0.000      0.000      1.000      0.167
  Total indirect       0.000      0.000      0.000      1.000      0.167




TECHNICAL 1 OUTPUT


     PARAMETER SPECIFICATION FOR WITHIN


           NU
              FLIT          FCFMLRTY      FLCONFIN      FLSCHOOL      NOBULLY
              ________      ________      ________      ________      ________
                    0             0             0             0             0


           NU
              FLFAMILY      IMMI1GEN      IMMI2GEN      ESCS          MALE
              ________      ________      ________      ________      ________
                    0             0             0             0             0


           LAMBDA
              FLIT          FCFMLRTY      FLCONFIN      FLSCHOOL      NOBULLY
              ________      ________      ________      ________      ________
 FLIT               0             0             0             0             0
 FCFMLRTY           0             0             0             0             0
 FLCONFIN           0             0             0             0             0
 FLSCHOOL           0             0             0             0             0
 NOBULLY            0             0             0             0             0
 FLFAMILY           0             0             0             0             0
 IMMI1GEN           0             0             0             0             0
 IMMI2GEN           0             0             0             0             0
 ESCS               0             0             0             0             0
 MALE               0             0             0             0             0


           LAMBDA
              FLFAMILY      IMMI1GEN      IMMI2GEN      ESCS          MALE
              ________      ________      ________      ________      ________
 FLIT               0             0             0             0             0
 FCFMLRTY           0             0             0             0             0
 FLCONFIN           0             0             0             0             0
 FLSCHOOL           0             0             0             0             0
 NOBULLY            0             0             0             0             0
 FLFAMILY           0             0             0             0             0
 IMMI1GEN           0             0             0             0             0
 IMMI2GEN           0             0             0             0             0
 ESCS               0             0             0             0             0
 MALE               0             0             0             0             0


           THETA
              FLIT          FCFMLRTY      FLCONFIN      FLSCHOOL      NOBULLY
              ________      ________      ________      ________      ________
 FLIT               0
 FCFMLRTY           0             0
 FLCONFIN           0             0             0
 FLSCHOOL           0             0             0             0
 NOBULLY            0             0             0             0             0
 FLFAMILY           0             0             0             0             0
 IMMI1GEN           0             0             0             0             0
 IMMI2GEN           0             0             0             0             0
 ESCS               0             0             0             0             0
 MALE               0             0             0             0             0


           THETA
              FLFAMILY      IMMI1GEN      IMMI2GEN      ESCS          MALE
              ________      ________      ________      ________      ________
 FLFAMILY           0
 IMMI1GEN           0             0
 IMMI2GEN           0             0             0
 ESCS               0             0             0             0
 MALE               0             0             0             0             0


           ALPHA
              FLIT          FCFMLRTY      FLCONFIN      FLSCHOOL      NOBULLY
              ________      ________      ________      ________      ________
                    0             1             2             0             0


           ALPHA
              FLFAMILY      IMMI1GEN      IMMI2GEN      ESCS          MALE
              ________      ________      ________      ________      ________
                    0             3             4             5             0


           BETA
              FLIT          FCFMLRTY      FLCONFIN      FLSCHOOL      NOBULLY
              ________      ________      ________      ________      ________
 FLIT               0             6             7             8             9
 FCFMLRTY           0             0             0            13            14
 FLCONFIN           0             0             0            19            20
 FLSCHOOL           0             0             0             0             0
 NOBULLY            0             0             0             0             0
 FLFAMILY           0             0             0             0             0
 IMMI1GEN           0             0             0             0             0
 IMMI2GEN           0             0             0             0             0
 ESCS               0             0             0             0             0
 MALE               0             0             0             0             0


           BETA
              FLFAMILY      IMMI1GEN      IMMI2GEN      ESCS          MALE
              ________      ________      ________      ________      ________
 FLIT              10            11             0            12             0
 FCFMLRTY          15             0            16            17            18
 FLCONFIN          21             0            22            23            24
 FLSCHOOL           0             0             0             0             0
 NOBULLY            0             0             0             0             0
 FLFAMILY           0             0             0             0             0
 IMMI1GEN           0             0             0             0             0
 IMMI2GEN           0             0             0             0             0
 ESCS               0             0             0             0             0
 MALE               0             0             0             0             0


           PSI
              FLIT          FCFMLRTY      FLCONFIN      FLSCHOOL      NOBULLY
              ________      ________      ________      ________      ________
 FLIT              25
 FCFMLRTY           0            26
 FLCONFIN           0            27            28
 FLSCHOOL           0             0             0            29
 NOBULLY            0             0             0            30            31
 FLFAMILY           0             0             0            32            33
 IMMI1GEN           0             0             0             0             0
 IMMI2GEN           0             0             0             0             0
 ESCS               0             0             0            37             0
 MALE               0             0             0             0             0


           PSI
              FLFAMILY      IMMI1GEN      IMMI2GEN      ESCS          MALE
              ________      ________      ________      ________      ________
 FLFAMILY          34
 IMMI1GEN           0            35
 IMMI2GEN           0             0            36
 ESCS              38            39            40            41
 MALE               0             0             0             0             0


     PARAMETER SPECIFICATION FOR BETWEEN


           NU
              EDUSHORT      STRATIO       FLIT          FLSCHOOL      NOBULLY
              ________      ________      ________      ________      ________
                    0             0             0             0             0


           NU
              FLFAMILY
              ________
                    0


           LAMBDA
              EDUSHORT      STRATIO       FLIT          FLSCHOOL      NOBULLY
              ________      ________      ________      ________      ________
 EDUSHORT           0             0             0             0             0
 STRATIO            0             0             0             0             0
 FLIT               0             0             0             0             0
 FLSCHOOL           0             0             0             0             0
 NOBULLY            0             0             0             0             0
 FLFAMILY           0             0             0             0             0


           LAMBDA
              FLFAMILY
              ________
 EDUSHORT           0
 STRATIO            0
 FLIT               0
 FLSCHOOL           0
 NOBULLY            0
 FLFAMILY           0


           THETA
              EDUSHORT      STRATIO       FLIT          FLSCHOOL      NOBULLY
              ________      ________      ________      ________      ________
 EDUSHORT           0
 STRATIO            0             0
 FLIT               0             0             0
 FLSCHOOL           0             0             0             0
 NOBULLY            0             0             0             0             0
 FLFAMILY           0             0             0             0             0


           THETA
              FLFAMILY
              ________
 FLFAMILY           0


           ALPHA
              EDUSHORT      STRATIO       FLIT          FLSCHOOL      NOBULLY
              ________      ________      ________      ________      ________
                   42            43            44            45            46


           ALPHA
              FLFAMILY
              ________
                   47


           BETA
              EDUSHORT      STRATIO       FLIT          FLSCHOOL      NOBULLY
              ________      ________      ________      ________      ________
 EDUSHORT           0             0             0             0             0
 STRATIO            0             0             0             0             0
 FLIT              48            49             0            50            51
 FLSCHOOL           0             0             0             0             0
 NOBULLY            0             0             0             0             0
 FLFAMILY           0             0             0             0             0


           BETA
              FLFAMILY
              ________
 EDUSHORT           0
 STRATIO            0
 FLIT              52
 FLSCHOOL           0
 NOBULLY            0
 FLFAMILY           0


           PSI
              EDUSHORT      STRATIO       FLIT          FLSCHOOL      NOBULLY
              ________      ________      ________      ________      ________
 EDUSHORT          53
 STRATIO           54            55
 FLIT               0             0            56
 FLSCHOOL          57            58             0            59
 NOBULLY           60             0             0            61            62
 FLFAMILY          63             0             0            64            65


           PSI
              FLFAMILY
              ________
 FLFAMILY          66


     PARAMETER SPECIFICATION FOR THE ADDITIONAL PARAMETERS


           NEW/ADDITIONAL PARAMETERS
              CTX_A         CTX_C         CTX_S         CTX_A_ST      CTX_C_ST
              ________      ________      ________      ________      ________
                   67            68            69            70            71


           NEW/ADDITIONAL PARAMETERS
              CTX_S_ST      ES1_A         ES1_C         ES1_S         ES2_A
              ________      ________      ________      ________      ________
                   72            73            74            75            76


           NEW/ADDITIONAL PARAMETERS
              ES2_C         ES2_S         ES3_A         ES3_C         ES3_S
              ________      ________      ________      ________      ________
                   77            78            79            80            81


     STARTING VALUES FOR WITHIN


           NU
              FLIT          FCFMLRTY      FLCONFIN      FLSCHOOL      NOBULLY
              ________      ________      ________      ________      ________
                0.000         0.000         0.000         0.000         0.000


           NU
              FLFAMILY      IMMI1GEN      IMMI2GEN      ESCS          MALE
              ________      ________      ________      ________      ________
                0.000         0.000         0.000         0.000         0.000


           LAMBDA
              FLIT          FCFMLRTY      FLCONFIN      FLSCHOOL      NOBULLY
              ________      ________      ________      ________      ________
 FLIT           1.000         0.000         0.000         0.000         0.000
 FCFMLRTY       0.000         1.000         0.000         0.000         0.000
 FLCONFIN       0.000         0.000         1.000         0.000         0.000
 FLSCHOOL       0.000         0.000         0.000         1.000         0.000
 NOBULLY        0.000         0.000         0.000         0.000         1.000
 FLFAMILY       0.000         0.000         0.000         0.000         0.000
 IMMI1GEN       0.000         0.000         0.000         0.000         0.000
 IMMI2GEN       0.000         0.000         0.000         0.000         0.000
 ESCS           0.000         0.000         0.000         0.000         0.000
 MALE           0.000         0.000         0.000         0.000         0.000


           LAMBDA
              FLFAMILY      IMMI1GEN      IMMI2GEN      ESCS          MALE
              ________      ________      ________      ________      ________
 FLIT           0.000         0.000         0.000         0.000         0.000
 FCFMLRTY       0.000         0.000         0.000         0.000         0.000
 FLCONFIN       0.000         0.000         0.000         0.000         0.000
 FLSCHOOL       0.000         0.000         0.000         0.000         0.000
 NOBULLY        0.000         0.000         0.000         0.000         0.000
 FLFAMILY       1.000         0.000         0.000         0.000         0.000
 IMMI1GEN       0.000         1.000         0.000         0.000         0.000
 IMMI2GEN       0.000         0.000         1.000         0.000         0.000
 ESCS           0.000         0.000         0.000         1.000         0.000
 MALE           0.000         0.000         0.000         0.000         1.000


           THETA
              FLIT          FCFMLRTY      FLCONFIN      FLSCHOOL      NOBULLY
              ________      ________      ________      ________      ________
 FLIT           0.000
 FCFMLRTY       0.000         0.000
 FLCONFIN       0.000         0.000         0.000
 FLSCHOOL       0.000         0.000         0.000         0.000
 NOBULLY        0.000         0.000         0.000         0.000         0.000
 FLFAMILY       0.000         0.000         0.000         0.000         0.000
 IMMI1GEN       0.000         0.000         0.000         0.000         0.000
 IMMI2GEN       0.000         0.000         0.000         0.000         0.000
 ESCS           0.000         0.000         0.000         0.000         0.000
 MALE           0.000         0.000         0.000         0.000         0.000


           THETA
              FLFAMILY      IMMI1GEN      IMMI2GEN      ESCS          MALE
              ________      ________      ________      ________      ________
 FLFAMILY       0.000
 IMMI1GEN       0.000         0.000
 IMMI2GEN       0.000         0.000         0.000
 ESCS           0.000         0.000         0.000         0.000
 MALE           0.000         0.000         0.000         0.000         0.000


           ALPHA
              FLIT          FCFMLRTY      FLCONFIN      FLSCHOOL      NOBULLY
              ________      ________      ________      ________      ________
                0.000         7.148         0.014         0.000         0.000


           ALPHA
              FLFAMILY      IMMI1GEN      IMMI2GEN      ESCS          MALE
              ________      ________      ________      ________      ________
                0.000         0.004         0.003        -0.173         0.000


           BETA
              FLIT          FCFMLRTY      FLCONFIN      FLSCHOOL      NOBULLY
              ________      ________      ________      ________      ________
 FLIT           0.000         0.000         0.000         0.000         0.000
 FCFMLRTY       0.000         0.000         0.000         0.000         0.000
 FLCONFIN       0.000         0.000         0.000         0.000         0.000
 FLSCHOOL       0.000         0.000         0.000         0.000         0.000
 NOBULLY        0.000         0.000         0.000         0.000         0.000
 FLFAMILY       0.000         0.000         0.000         0.000         0.000
 IMMI1GEN       0.000         0.000         0.000         0.000         0.000
 IMMI2GEN       0.000         0.000         0.000         0.000         0.000
 ESCS           0.000         0.000         0.000         0.000         0.000
 MALE           0.000         0.000         0.000         0.000         0.000


           BETA
              FLFAMILY      IMMI1GEN      IMMI2GEN      ESCS          MALE
              ________      ________      ________      ________      ________
 FLIT           0.000         0.000         0.000         0.000         0.000
 FCFMLRTY       0.000         0.000         0.000         0.000         0.000
 FLCONFIN       0.000         0.000         0.000         0.000         0.000
 FLSCHOOL       0.000         0.000         0.000         0.000         0.000
 NOBULLY        0.000         0.000         0.000         0.000         0.000
 FLFAMILY       0.000         0.000         0.000         0.000         0.000
 IMMI1GEN       0.000         0.000         0.000         0.000         0.000
 IMMI2GEN       0.000         0.000         0.000         0.000         0.000
 ESCS           0.000         0.000         0.000         0.000         0.000
 MALE           0.000         0.000         0.000         0.000         0.000


           PSI
              FLIT          FCFMLRTY      FLCONFIN      FLSCHOOL      NOBULLY
              ________      ________      ________      ________      ________
 FLIT        3933.752
 FCFMLRTY       0.000        15.049
 FLCONFIN       0.000         0.000         0.503
 FLSCHOOL       0.000         0.000         0.000         0.468
 NOBULLY        0.000         0.000         0.000         0.000         0.532
 FLFAMILY       0.000         0.000         0.000         0.000         0.000
 IMMI1GEN       0.000         0.000         0.000         0.000         0.000
 IMMI2GEN       0.000         0.000         0.000         0.000         0.000
 ESCS           0.000         0.000         0.000         0.000         0.000
 MALE           0.000         0.000         0.000         0.000         0.000


           PSI
              FLFAMILY      IMMI1GEN      IMMI2GEN      ESCS          MALE
              ________      ________      ________      ________      ________
 FLFAMILY       0.460
 IMMI1GEN       0.000         0.002
 IMMI2GEN       0.000         0.000         0.002
 ESCS           0.000         0.000         0.000         0.365
 MALE           0.000         0.000         0.000         0.000         0.125


     STARTING VALUES FOR BETWEEN


           NU
              EDUSHORT      STRATIO       FLIT          FLSCHOOL      NOBULLY
              ________      ________      ________      ________      ________
                0.000         0.000         0.000         0.000         0.000


           NU
              FLFAMILY
              ________
                0.000


           LAMBDA
              EDUSHORT      STRATIO       FLIT          FLSCHOOL      NOBULLY
              ________      ________      ________      ________      ________
 EDUSHORT       1.000         0.000         0.000         0.000         0.000
 STRATIO        0.000         1.000         0.000         0.000         0.000
 FLIT           0.000         0.000         1.000         0.000         0.000
 FLSCHOOL       0.000         0.000         0.000         1.000         0.000
 NOBULLY        0.000         0.000         0.000         0.000         1.000
 FLFAMILY       0.000         0.000         0.000         0.000         0.000


           LAMBDA
              FLFAMILY
              ________
 EDUSHORT       0.000
 STRATIO        0.000
 FLIT           0.000
 FLSCHOOL       0.000
 NOBULLY        0.000
 FLFAMILY       1.000


           THETA
              EDUSHORT      STRATIO       FLIT          FLSCHOOL      NOBULLY
              ________      ________      ________      ________      ________
 EDUSHORT       0.000
 STRATIO        0.000         0.000
 FLIT           0.000         0.000         0.000
 FLSCHOOL       0.000         0.000         0.000         0.000
 NOBULLY        0.000         0.000         0.000         0.000         0.000
 FLFAMILY       0.000         0.000         0.000         0.000         0.000


           THETA
              FLFAMILY
              ________
 FLFAMILY       0.000


           ALPHA
              EDUSHORT      STRATIO       FLIT          FLSCHOOL      NOBULLY
              ________      ________      ________      ________      ________
               -0.178         8.101       520.727        -0.065        -0.051


           ALPHA
              FLFAMILY
              ________
               -0.043


           BETA
              EDUSHORT      STRATIO       FLIT          FLSCHOOL      NOBULLY
              ________      ________      ________      ________      ________
 EDUSHORT       0.000         0.000         0.000         0.000         0.000
 STRATIO        0.000         0.000         0.000         0.000         0.000
 FLIT           0.000         0.000         0.000         0.000         0.000
 FLSCHOOL       0.000         0.000         0.000         0.000         0.000
 NOBULLY        0.000         0.000         0.000         0.000         0.000
 FLFAMILY       0.000         0.000         0.000         0.000         0.000


           BETA
              FLFAMILY
              ________
 EDUSHORT       0.000
 STRATIO        0.000
 FLIT           0.000
 FLSCHOOL       0.000
 NOBULLY        0.000
 FLFAMILY       0.000


           PSI
              EDUSHORT      STRATIO       FLIT          FLSCHOOL      NOBULLY
              ________      ________      ________      ________      ________
 EDUSHORT       0.372
 STRATIO        0.000         4.327
 FLIT           0.000         0.000      3933.752
 FLSCHOOL       0.000         0.000         0.000         0.468
 NOBULLY        0.000         0.000         0.000         0.000         0.532
 FLFAMILY       0.000         0.000         0.000         0.000         0.000


           PSI
              FLFAMILY
              ________
 FLFAMILY       0.460


     STARTING VALUES FOR THE ADDITIONAL PARAMETERS


           NEW/ADDITIONAL PARAMETERS
              CTX_A         CTX_C         CTX_S         CTX_A_ST      CTX_C_ST
              ________      ________      ________      ________      ________
                0.500         0.500         0.500         0.500         0.500


           NEW/ADDITIONAL PARAMETERS
              CTX_S_ST      ES1_A         ES1_C         ES1_S         ES2_A
              ________      ________      ________      ________      ________
                0.500         0.500         0.500         0.500         0.500


           NEW/ADDITIONAL PARAMETERS
              ES2_C         ES2_S         ES3_A         ES3_C         ES3_S
              ________      ________      ________      ________      ________
                0.500         0.500         0.500         0.500         0.500


     Beginning Time:  15:56:18
        Ending Time:  15:56:42
       Elapsed Time:  00:00:24



MUTHEN & MUTHEN
3463 Stoner Ave.
Los Angeles, CA  90066

Tel: (310) 391-9971
Fax: (310) 391-8971
Web: www.StatModel.com
Support: Support@StatModel.com

Copyright (c) 1998-2020 Muthen & Muthen
