Mplus VERSION 8.3
MUTHEN & MUTHEN
02/22/2021   1:19 PM

INPUT INSTRUCTIONS


  TITLE:
      Two-level structured model 124

  DATA:
      file = "C:\Users\tctan\implist.dat";

      type = imputation;


  VARIABLE:
      names =
          FKI CNTRYID CNTSCHID W_STU
          MATH READ FLIT                      ! PISA achievement variables
          MALE IMMI1GEN IMMI2GEN ESCS         ! Demographic info
          FCFMLRTY FLCONFIN                   ! Affect
          FLSCHOOL                            !   Lat var "Academic"
          NOBULLY                             !   Lat var "Safety"
          FLFAMILY                            !   Lat var "Community"
          W_SCH STRATIO                       ! School character
          EDUSHORT                            !   Lat var "inst. env."
          ;

      useobs = CNTRYID eq 124;          ! Pull out one country at a time

      usevar =
          FLIT                                ! PISA achievement variables
          FLSCHOOL                            !   Lat var "Academic"
          NOBULLY                             !   Lat var "Safety"
          FLFAMILY                            !   Lat var "Community"
          EDUSHORT STRATIO                    !   Lat var "Inst env"
          FCFMLRTY FLCONFIN                   ! Affect
          MALE IMMI1GEN IMMI2GEN ESCS         ! Demographic info
          ;

      ! Vars that ONLY appear in L1
      within =
          FCFMLRTY FLCONFIN                   ! Affective vars
          MALE IMMI1GEN IMMI2GEN ESCS         ! L1 control vars
          ;

      ! Vars that ONLY appear in L2
      between =
          EDUSHORT STRATIO                    ! L2: school
          ;

      weight = W_STU;                         ! Student weight
      wtscale = cluster;                      ! Scale L1 weight to cluster size
      bweight = W_SCH;                        ! School weight
      bwtscale = sample;                      ! Scale L2 weight to sample

      cluster = CNTSCHID;                     ! Cluster by school ID


  ANALYSIS:
      processors = 4;

      type = twolevel;


  MODEL:

  %Within%                                    ! === L1: Student-level ===

      ! Indirect pathways (1st half): school climate vars onto mediators
          ! Onto mediator FAMILIARITY
      FCFMLRTY on FLSCHOOL NOBULLY FLFAMILY MALE;
          ! Onto mediator CONFIDENCE
      FLCONFIN on FLSCHOOL NOBULLY FLFAMILY MALE;

      ! Total effect
      FLIT on
          ! Direct pathways: school climate vars onto financial literacy
          FLSCHOOL NOBULLY FLFAMILY
          ! Indirect pathways (2nd half): affective vars onto financial literacy
          FCFMLRTY FLCONFIN
          ! Control vars (demographic info)
          MALE IMMI1GEN IMMI2GEN ESCS
          ;

      ! Covariances
          ! Between school climate vars
      FLSCHOOL with NOBULLY;
      FLSCHOOL with FLFAMILY;
      NOBULLY with FLFAMILY;
          ! Between mediators
      FCFMLRTY with FLCONFIN;
          ! ESCS with FLFAMILY
      ESCS with FLFAMILY;
          ! ESCS with IMMI1GEN and IMMI2GEN
      ESCS with IMMI1GEN IMMI2GEN;

  %Between%                                   ! === L2: School-level ===

      FLIT on
          FLSCHOOL NOBULLY FLFAMILY EDUSHORT  ! School climate variables
          STRATIO                             ! Control: Student-teacher ratio
          ;

      FLSCHOOL with NOBULLY;
      NOBULLY with FLFAMILY;
      FLFAMILY with EDUSHORT;

      FLSCHOOL with FLFAMILY;
      NOBULLY with EDUSHORT;

      FLSCHOOL with EDUSHORT;


  MODEL INDIRECT:

      ! Indirect effects
      FLIT ind FLSCHOOL;
      FLIT ind NOBULLY;
      FLIT ind FLFAMILY;


  OUTPUT:
      stdyx                                   ! Fully standardised solution
      mod(all)                                ! Mod indices (all)
      ;



*** WARNING in OUTPUT command
  MODINDICES option is not available for multiple imputation.
  Request for MODINDICES is ignored.
   1 WARNING(S) FOUND IN THE INPUT INSTRUCTIONS




Two-level structured model 124

SUMMARY OF ANALYSIS

Number of groups                                                 1
Average number of observations                                7762

Number of replications
    Requested                                                   10
    Completed                                                   10

Number of dependent variables                                    3
Number of independent variables                                  9
Number of continuous latent variables                            0

Observed dependent variables

  Continuous
   FLIT        FCFMLRTY    FLCONFIN

Observed independent variables
   FLSCHOOL    NOBULLY     FLFAMILY    EDUSHORT    STRATIO     MALE
   IMMI1GEN    IMMI2GEN    ESCS

Variables with special functions

  Cluster variable      CNTSCHID
  Weight variable (cluster-size scaling)
    W_STU
  Between weight variable (sample-size scaling)
    W_SCH

  Within variables
   FCFMLRTY    FLCONFIN    MALE        IMMI1GEN    IMMI2GEN    ESCS

  Between variables
   EDUSHORT    STRATIO


Estimator                                                      MLR
Information matrix                                        OBSERVED
Maximum number of iterations                                   100
Convergence criterion                                    0.100D-05
Maximum number of EM iterations                                500
Convergence criteria for the EM algorithm
  Loglikelihood change                                   0.100D-02
  Relative loglikelihood change                          0.100D-05
  Derivative                                             0.100D-03
Minimum variance                                         0.100D-03
Maximum number of steepest descent iterations                   20
Maximum number of iterations for H1                           2000
Convergence criterion for H1                             0.100D-03
Optimization algorithm                                         EMA

Input data file(s)
  Multiple data files from
    C:\Users\tctan\implist.dat
Input data format  FREE


SUMMARY OF DATA FOR THE FIRST DATA SET

     Number of clusters                        492

     Average cluster size       15.776

     Estimated Intraclass Correlations for the Y Variables

                Intraclass              Intraclass              Intraclass
     Variable  Correlation   Variable  Correlation   Variable  Correlation

     FLIT         0.081      FCFMLRTY     0.000      FLCONFIN     0.000
     FLSCHOOL     0.018      NOBULLY      0.008      FLFAMILY     0.010
     IMMI1GEN     0.000      IMMI2GEN     0.000      ESCS         0.000



SAMPLE STATISTICS

NOTE:  The sample statistics for within and between refer to the
       maximum-likelihood estimated within and between covariance
       matrices, respectively.

NOTE:  These are average results over 10 data sets.


     ESTIMATED SAMPLE STATISTICS FOR WITHIN


           Means
              EDUSHORT      FLIT          FCFMLRTY      FLCONFIN      FLSCHOOL
              ________      ________      ________      ________      ________
                0.000         0.000         7.616        -0.013         0.000


           Means
              NOBULLY       FLFAMILY      IMMI1GEN      IMMI2GEN      ESCS
              ________      ________      ________      ________      ________
                0.000         0.000         0.156         0.223         0.439


           Means
              MALE          STRATIO
              ________      ________
                0.504         0.000


           Covariances
              EDUSHORT      FLIT          FCFMLRTY      FLCONFIN      FLSCHOOL
              ________      ________      ________      ________      ________
 EDUSHORT       0.000
 FLIT           0.000      8173.485
 FCFMLRTY       0.000       113.959        27.858
 FLCONFIN       0.000         6.348         1.545         1.013
 FLSCHOOL       0.000        -1.880         2.176         0.289         1.174
 NOBULLY        0.000         8.522         0.120        -0.014        -0.033
 FLFAMILY       0.000        -1.331         0.743         0.232         0.262
 IMMI1GEN       0.000        -0.009         0.079        -0.003         0.026
 IMMI2GEN       0.000         0.738         0.043        -0.006         0.004
 ESCS           0.000        15.608         0.773         0.086         0.049
 MALE           0.000         1.476         0.298         0.095         0.048
 STRATIO        0.000         0.000         0.000         0.000         0.000


           Covariances
              NOBULLY       FLFAMILY      IMMI1GEN      IMMI2GEN      ESCS
              ________      ________      ________      ________      ________
 NOBULLY        1.155
 FLFAMILY      -0.045         1.068
 IMMI1GEN      -0.003         0.014         0.132
 IMMI2GEN       0.008         0.000        -0.035         0.173
 ESCS           0.019         0.066         0.003        -0.010         0.679
 MALE          -0.042        -0.020        -0.001         0.004        -0.013
 STRATIO        0.000         0.000         0.000         0.000         0.000


           Covariances
              MALE          STRATIO
              ________      ________
 MALE           0.250
 STRATIO        0.000         0.000


           Correlations
              EDUSHORT      FLIT          FCFMLRTY      FLCONFIN      FLSCHOOL
              ________      ________      ________      ________      ________
 EDUSHORT       0.000
 FLIT           0.000         1.000
 FCFMLRTY       0.000         0.239         1.000
 FLCONFIN       0.000         0.070         0.291         1.000
 FLSCHOOL       0.000        -0.019         0.380         0.265         1.000
 NOBULLY        0.000         0.088         0.021        -0.013        -0.029
 FLFAMILY       0.000        -0.014         0.136         0.223         0.234
 IMMI1GEN       0.000         0.000         0.041        -0.007         0.066
 IMMI2GEN       0.000         0.020         0.019        -0.014         0.009
 ESCS           0.000         0.210         0.178         0.104         0.055
 MALE           0.000         0.033         0.113         0.189         0.088
 STRATIO        0.000         0.000         0.000         0.000         0.000


           Correlations
              NOBULLY       FLFAMILY      IMMI1GEN      IMMI2GEN      ESCS
              ________      ________      ________      ________      ________
 NOBULLY        1.000
 FLFAMILY      -0.041         1.000
 IMMI1GEN      -0.008         0.036         1.000
 IMMI2GEN       0.017         0.001        -0.230         1.000
 ESCS           0.021         0.077         0.009        -0.029         1.000
 MALE          -0.079        -0.038        -0.005         0.021        -0.031
 STRATIO        0.000         0.000         0.000         0.000         0.000


           Correlations
              MALE          STRATIO
              ________      ________
 MALE           1.000
 STRATIO        0.000         0.000


     ESTIMATED SAMPLE STATISTICS FOR BETWEEN


           Means
              EDUSHORT      FLIT          FCFMLRTY      FLCONFIN      FLSCHOOL
              ________      ________      ________      ________      ________
               -0.556       532.413         0.000         0.000         0.189


           Means
              NOBULLY       FLFAMILY      IMMI1GEN      IMMI2GEN      ESCS
              ________      ________      ________      ________      ________
               -0.181         0.051         0.000         0.000         0.000


           Means
              MALE          STRATIO
              ________      ________
                0.000        13.848


           Covariances
              EDUSHORT      FLIT          FCFMLRTY      FLCONFIN      FLSCHOOL
              ________      ________      ________      ________      ________
 EDUSHORT       0.726
 FLIT          -4.542       708.165
 FCFMLRTY       0.000         0.000         0.000
 FLCONFIN       0.000         0.000         0.000         0.000
 FLSCHOOL       0.002        -0.335         0.000         0.000         0.017
 NOBULLY       -0.002         0.606         0.000         0.000         0.004
 FLFAMILY       0.006        -0.837         0.000         0.000        -0.002
 IMMI1GEN       0.000         0.000         0.000         0.000         0.000
 IMMI2GEN       0.000         0.000         0.000         0.000         0.000
 ESCS           0.000         0.000         0.000         0.000         0.000
 MALE           0.000         0.000         0.000         0.000         0.000
 STRATIO       -0.048         6.855         0.000         0.000         0.011


           Covariances
              NOBULLY       FLFAMILY      IMMI1GEN      IMMI2GEN      ESCS
              ________      ________      ________      ________      ________
 NOBULLY        0.013
 FLFAMILY      -0.003         0.012
 IMMI1GEN       0.000         0.000         0.000
 IMMI2GEN       0.000         0.000         0.000         0.000
 ESCS           0.000         0.000         0.000         0.000         0.000
 MALE           0.000         0.000         0.000         0.000         0.000
 STRATIO        0.007        -0.048         0.000         0.000         0.000


           Covariances
              MALE          STRATIO
              ________      ________
 MALE           0.000
 STRATIO        0.000       101.329


           Correlations
              EDUSHORT      FLIT          FCFMLRTY      FLCONFIN      FLSCHOOL
              ________      ________      ________      ________      ________
 EDUSHORT       1.000
 FLIT          -0.200         1.000
 FCFMLRTY       0.000         0.000         0.000
 FLCONFIN       0.000         0.000         0.000         0.000
 FLSCHOOL       0.021        -0.098         0.000         0.000         1.000
 NOBULLY       -0.019         0.196         0.000         0.000         0.297
 FLFAMILY       0.066        -0.291         0.000         0.000        -0.175
 IMMI1GEN       0.000         0.000         0.000         0.000         0.000
 IMMI2GEN       0.000         0.000         0.000         0.000         0.000
 ESCS           0.000         0.000         0.000         0.000         0.000
 MALE           0.000         0.000         0.000         0.000         0.000
 STRATIO       -0.006         0.026         0.000         0.000         0.008


           Correlations
              NOBULLY       FLFAMILY      IMMI1GEN      IMMI2GEN      ESCS
              ________      ________      ________      ________      ________
 NOBULLY        1.000
 FLFAMILY      -0.204         1.000
 IMMI1GEN       0.000         0.000         0.000
 IMMI2GEN       0.000         0.000         0.000         0.000
 ESCS           0.000         0.000         0.000         0.000         0.000
 MALE           0.000         0.000         0.000         0.000         0.000
 STRATIO        0.006        -0.044         0.000         0.000         0.000


           Correlations
              MALE          STRATIO
              ________      ________
 MALE           0.000
 STRATIO        0.000         1.000




MODEL FIT INFORMATION

Number of Free Parameters                       59

Loglikelihood

    H0 Value

        Mean                           -131140.186
        Std Dev                            136.020
        Number of successful computations       10

             Proportions                   Percentiles
        Expected    Observed         Expected       Observed
           0.990       1.000      -131456.610    -131374.596
           0.980       1.000      -131419.531    -131374.596
           0.950       0.900      -131363.926    -131374.596
           0.900       0.800      -131314.510    -131374.596
           0.800       0.700      -131254.661    -131374.596
           0.700       0.700      -131211.515    -131280.774
           0.500       0.700      -131140.186    -131109.555
           0.300       0.400      -131068.857    -131067.993
           0.200       0.200      -131025.711    -131059.781
           0.100       0.000      -130965.862    -130978.813
           0.050       0.000      -130916.446    -130978.813
           0.020       0.000      -130860.841    -130978.813
           0.010       0.000      -130823.762    -130978.813

    H1 Value

        Mean                           -130676.863
        Std Dev                            136.733
        Number of successful computations       10

             Proportions                   Percentiles
        Expected    Observed         Expected       Observed
           0.990       1.000      -130994.945    -130918.466
           0.980       1.000      -130957.671    -130918.466
           0.950       0.900      -130901.775    -130918.466
           0.900       0.800      -130852.100    -130918.466
           0.800       0.700      -130791.937    -130918.466
           0.700       0.700      -130748.565    -130827.879
           0.500       0.700      -130676.863    -130644.285
           0.300       0.400      -130605.160    -130595.071
           0.200       0.200      -130561.788    -130587.447
           0.100       0.000      -130501.626    -130521.138
           0.050       0.000      -130451.951    -130521.138
           0.020       0.000      -130396.054    -130521.138
           0.010       0.000      -130358.781    -130521.138

Information Criteria

    Akaike (AIC)

        Mean                            262398.372
        Std Dev                            272.041
        Number of successful computations       10

             Proportions                   Percentiles
        Expected    Observed         Expected       Observed
           0.990       1.000       261765.523     262071.749
           0.980       1.000       261839.682     262071.749
           0.950       1.000       261950.892     262071.749
           0.900       1.000       262049.724     262071.749
           0.800       0.800       262169.422     262071.749
           0.700       0.600       262255.714     262237.563
           0.500       0.300       262398.372     262312.118
           0.300       0.300       262541.030     262339.380
           0.200       0.300       262627.322     262679.548
           0.100       0.200       262747.020     262809.447
           0.050       0.100       262845.852     262809.447
           0.020       0.000       262957.062     262809.447
           0.010       0.000       263031.221     262809.447

    Bayesian (BIC)

        Mean                            262808.835
        Std Dev                            272.041
        Number of successful computations       10

             Proportions                   Percentiles
        Expected    Observed         Expected       Observed
           0.990       1.000       262175.986     262482.212
           0.980       1.000       262250.144     262482.212
           0.950       1.000       262361.355     262482.212
           0.900       1.000       262460.187     262482.212
           0.800       0.800       262579.885     262482.212
           0.700       0.600       262666.177     262648.025
           0.500       0.300       262808.835     262722.580
           0.300       0.300       262951.493     262749.843
           0.200       0.300       263037.784     263090.010
           0.100       0.200       263157.482     263219.910
           0.050       0.100       263256.315     263219.910
           0.020       0.000       263367.525     263219.910
           0.010       0.000       263441.684     263219.910

    Sample-Size Adjusted BIC (n* = (n + 2) / 24)

        Mean                            262621.345
        Std Dev                            272.041
        Number of successful computations       10

             Proportions                   Percentiles
        Expected    Observed         Expected       Observed
           0.990       1.000       261988.496     262294.722
           0.980       1.000       262062.654     262294.722
           0.950       1.000       262173.865     262294.722
           0.900       1.000       262272.697     262294.722
           0.800       0.800       262392.395     262294.722
           0.700       0.600       262478.687     262460.536
           0.500       0.300       262621.345     262535.090
           0.300       0.300       262764.003     262562.353
           0.200       0.300       262850.294     262902.520
           0.100       0.200       262969.992     263032.420
           0.050       0.100       263068.825     263032.420
           0.020       0.000       263180.035     263032.420
           0.010       0.000       263254.194     263032.420

Chi-Square Test of Model Fit

        Degrees of freedom                      25

        Mean                               426.078
        Std Dev                              6.412
        Number of successful computations       10

             Proportions                   Percentiles
        Expected    Observed         Expected       Observed
           0.990       1.000           11.524        416.805
           0.980       1.000           12.697        416.805
           0.950       1.000           14.611        416.805
           0.900       1.000           16.473        416.805
           0.800       1.000           18.940        416.805
           0.700       1.000           20.867        421.135
           0.500       1.000           24.337        422.852
           0.300       1.000           28.172        429.799
           0.200       1.000           30.675        430.457
           0.100       1.000           34.382        434.487
           0.050       1.000           37.652        434.487
           0.020       1.000           41.566        434.487
           0.010       1.000           44.314        434.487

RMSEA (Root Mean Square Error Of Approximation)

        Mean                                 0.045
        Std Dev                              0.000
        Number of successful computations       10

             Proportions                   Percentiles
        Expected    Observed         Expected       Observed
           0.990       1.000            0.045          0.045
           0.980       1.000            0.045          0.045
           0.950       1.000            0.045          0.045
           0.900       0.900            0.045          0.045
           0.800       0.800            0.045          0.045
           0.700       0.600            0.045          0.045
           0.500       0.500            0.045          0.045
           0.300       0.400            0.046          0.046
           0.200       0.200            0.046          0.046
           0.100       0.200            0.046          0.046
           0.050       0.100            0.046          0.046
           0.020       0.000            0.046          0.046
           0.010       0.000            0.046          0.046

CFI/TLI

    CFI

        Mean                                 0.808
        Std Dev                              0.003
        Number of successful computations       10

             Proportions                   Percentiles
        Expected    Observed         Expected       Observed
           0.990       1.000            0.801          0.805
           0.980       1.000            0.801          0.805
           0.950       1.000            0.803          0.805
           0.900       1.000            0.804          0.805
           0.800       0.700            0.805          0.805
           0.700       0.700            0.806          0.805
           0.500       0.300            0.808          0.807
           0.300       0.200            0.810          0.808
           0.200       0.100            0.811          0.809
           0.100       0.100            0.812          0.810
           0.050       0.100            0.813          0.810
           0.020       0.100            0.815          0.810
           0.010       0.100            0.816          0.810

    TLI

        Mean                                 0.540
        Std Dev                              0.008
        Number of successful computations       10

             Proportions                   Percentiles
        Expected    Observed         Expected       Observed
           0.990       1.000            0.521          0.533
           0.980       1.000            0.524          0.533
           0.950       1.000            0.527          0.533
           0.900       1.000            0.530          0.533
           0.800       0.700            0.533          0.533
           0.700       0.700            0.535          0.533
           0.500       0.300            0.540          0.537
           0.300       0.200            0.544          0.540
           0.200       0.100            0.546          0.541
           0.100       0.100            0.550          0.545
           0.050       0.100            0.552          0.545
           0.020       0.100            0.556          0.545
           0.010       0.100            0.558          0.545

SRMR (Standardized Root Mean Square Residual) for the WITHIN level

        Mean                                 0.046
        Std Dev                              0.000
        Number of successful computations       10

             Proportions                   Percentiles
        Expected    Observed         Expected       Observed
           0.990       1.000            0.045          0.046
           0.980       1.000            0.045          0.046
           0.950       1.000            0.045          0.046
           0.900       1.000            0.046          0.046
           0.800       0.800            0.046          0.046
           0.700       0.700            0.046          0.046
           0.500       0.400            0.046          0.046
           0.300       0.200            0.046          0.046
           0.200       0.100            0.047          0.046
           0.100       0.100            0.047          0.046
           0.050       0.100            0.047          0.046
           0.020       0.100            0.047          0.046
           0.010       0.100            0.047          0.046

SRMR (Standardized Root Mean Square Residual) for the BETWEEN level

        Mean                                 0.087
        Std Dev                              0.016
        Number of successful computations       10

             Proportions                   Percentiles
        Expected    Observed         Expected       Observed
           0.990       1.000            0.051          0.071
           0.980       1.000            0.055          0.071
           0.950       1.000            0.061          0.071
           0.900       1.000            0.067          0.071
           0.800       0.800            0.074          0.071
           0.700       0.600            0.079          0.075
           0.500       0.400            0.087          0.080
           0.300       0.200            0.095          0.095
           0.200       0.100            0.100          0.095
           0.100       0.100            0.107          0.097
           0.050       0.100            0.113          0.097
           0.020       0.100            0.119          0.097
           0.010       0.100            0.123          0.097



MODEL RESULTS

                                                    Two-Tailed   Rate of
                    Estimate       S.E.  Est./S.E.    P-Value    Missing

Within Level

 FCFMLRTY   ON
    FLSCHOOL           1.758      0.096     18.340      0.000      0.216
    NOBULLY            0.198      0.087      2.263      0.024      0.120
    FLFAMILY           0.293      0.096      3.036      0.002      0.262
    MALE               0.920      0.166      5.531      0.000      0.064

 FLCONFIN   ON
    FLSCHOOL           0.193      0.016     12.221      0.000      0.108
    NOBULLY            0.014      0.014      1.002      0.316      0.057
    FLFAMILY           0.178      0.018      9.833      0.000      0.136
    MALE               0.360      0.033     10.918      0.000      0.193

 FLIT       ON
    FLSCHOOL         -10.022      1.684     -5.951      0.000      0.359
    NOBULLY            6.312      1.752      3.604      0.000      0.290
    FLFAMILY          -2.878      1.696     -1.697      0.090      0.150
    FCFMLRTY           4.270      0.388     10.999      0.000      0.186
    FLCONFIN           1.416      1.669      0.848      0.396      0.203
    MALE               3.921      3.476      1.128      0.259      0.363
    IMMI1GEN           0.688      5.591      0.123      0.902      0.260
    IMMI2GEN           4.322      4.762      0.907      0.364      0.153
    ESCS              18.875      2.238      8.432      0.000      0.202

 FLSCHOOL WITH
    NOBULLY           -0.034      0.021     -1.639      0.101      0.099
    FLFAMILY           0.256      0.022     11.792      0.000      0.041

 NOBULLY  WITH
    FLFAMILY          -0.047      0.024     -1.958      0.050      0.109

 FCFMLRTY WITH
    FLCONFIN           0.885      0.095      9.297      0.000      0.152

 ESCS     WITH
    FLFAMILY           0.056      0.016      3.631      0.000      0.208
    IMMI1GEN           0.000      0.008      0.029      0.977      0.026
    IMMI2GEN          -0.010      0.009     -1.141      0.254      0.042

 Means
    IMMI1GEN           0.156      0.010     15.474      0.000      0.004
    IMMI2GEN           0.223      0.016     14.286      0.000      0.003
    ESCS               0.439      0.026     17.165      0.000      0.062

 Intercepts
    FCFMLRTY           7.152      0.139     51.512      0.000      0.062
    FLCONFIN          -0.194      0.022     -8.800      0.000      0.084

 Variances
    FLSCHOOL           1.170      0.029     40.423      0.000      0.255
    NOBULLY            1.155      0.032     35.980      0.000      0.102
    FLFAMILY           1.065      0.025     43.184      0.000      0.093
    IMMI1GEN           0.132      0.007     18.975      0.000      0.004
    IMMI2GEN           0.173      0.009     20.018      0.000      0.003
    ESCS               0.679      0.025     27.459      0.000      0.196

 Residual Variances
    FLIT            7291.576    254.782     28.619      0.000      0.424
    FCFMLRTY          23.525      0.557     42.256      0.000      0.149
    FLCONFIN           0.882      0.023     38.148      0.000      0.089

Between Level

 FLIT       ON
    FLSCHOOL         -41.024     82.952     -0.495      0.621      0.117
    NOBULLY           78.058    165.260      0.472      0.637      0.108
    FLFAMILY         -59.025     82.247     -0.718      0.473      0.133
    EDUSHORT          -4.995      3.966     -1.259      0.208      0.169
    STRATIO            0.048      0.389      0.125      0.901      0.719

 FLSCHOOL WITH
    NOBULLY            0.005      0.006      0.925      0.355      0.179
    FLFAMILY          -0.001      0.005     -0.169      0.865      0.068
    EDUSHORT           0.007      0.016      0.428      0.669      0.106

 NOBULLY  WITH
    FLFAMILY          -0.002      0.007     -0.339      0.735      0.282
    EDUSHORT          -0.002      0.018     -0.107      0.915      0.133

 FLFAMILY WITH
    EDUSHORT           0.010      0.015      0.680      0.496      0.066

 Means
    EDUSHORT          -0.556      0.058     -9.567      0.000      0.015
    FLSCHOOL           0.189      0.023      8.239      0.000      0.069
    NOBULLY           -0.181      0.021     -8.790      0.000      0.118
    FLFAMILY           0.051      0.019      2.635      0.008      0.145

 Intercepts
    FLIT             509.937     46.104     11.061      0.000      0.159

 Variances
    EDUSHORT           0.726      0.089      8.157      0.000      0.049
    FLSCHOOL           0.021      0.008      2.704      0.007      0.191
    NOBULLY            0.014      0.008      1.603      0.109      0.205
    FLFAMILY           0.013      0.007      1.740      0.082      0.146

 Residual Variances
    FLIT             545.833    183.597      2.973      0.003      0.092


STANDARDIZED MODEL RESULTS


STDYX Standardization

                                                    Two-Tailed   Rate of
                    Estimate       S.E.  Est./S.E.    P-Value    Missing

Within Level

 FCFMLRTY   ON
    FLSCHOOL           0.361      0.020     18.076      0.000      0.246
    NOBULLY            0.040      0.018      2.262      0.024      0.121
    FLFAMILY           0.057      0.019      3.041      0.002      0.268
    MALE               0.087      0.016      5.538      0.000      0.067

 FLCONFIN   ON
    FLSCHOOL           0.208      0.016     12.818      0.000      0.067
    NOBULLY            0.015      0.015      1.004      0.315      0.057
    FLFAMILY           0.183      0.018     10.267      0.000      0.159
    MALE               0.179      0.016     11.127      0.000      0.184

 FLIT       ON
    FLSCHOOL          -0.121      0.020     -6.047      0.000      0.325
    NOBULLY            0.076      0.021      3.632      0.000      0.284
    FLFAMILY          -0.033      0.020     -1.693      0.090      0.151
    FCFMLRTY           0.250      0.022     11.270      0.000      0.198
    FLCONFIN           0.016      0.019      0.849      0.396      0.203
    MALE               0.022      0.019      1.130      0.259      0.361
    IMMI1GEN           0.003      0.023      0.121      0.904      0.262
    IMMI2GEN           0.020      0.022      0.907      0.365      0.148
    ESCS               0.173      0.020      8.674      0.000      0.228

 FLSCHOOL WITH
    NOBULLY           -0.030      0.018     -1.632      0.103      0.103
    FLFAMILY           0.230      0.019     12.385      0.000      0.039

 NOBULLY  WITH
    FLFAMILY          -0.043      0.022     -1.968      0.049      0.106

 FCFMLRTY WITH
    FLCONFIN           0.194      0.020      9.689      0.000      0.159

 ESCS     WITH
    FLFAMILY           0.066      0.018      3.652      0.000      0.188
    IMMI1GEN           0.001      0.026      0.029      0.977      0.026
    IMMI2GEN          -0.028      0.025     -1.143      0.253      0.043

 Means
    IMMI1GEN           0.430      0.016     26.127      0.000      0.004
    IMMI2GEN           0.535      0.024     22.211      0.000      0.003
    ESCS               0.533      0.036     14.612      0.000      0.098

 Intercepts
    FCFMLRTY           1.358      0.029     46.284      0.000      0.050
    FLCONFIN          -0.193      0.021     -9.045      0.000      0.082

 Variances
    FLSCHOOL           1.000      0.000  *********      0.000      0.000
    NOBULLY            1.000      0.000  *********      0.000      0.000
    FLFAMILY           1.000      0.000  *********      0.000      0.000
    IMMI1GEN           1.000      0.000  *********      0.000      0.000
    IMMI2GEN           1.000      0.000  *********      0.000      0.000
    ESCS               1.000      0.000  *********      0.000      0.000

 Residual Variances
    FLIT               0.904      0.012     72.992      0.000      0.201
    FCFMLRTY           0.848      0.014     62.467      0.000      0.219
    FLCONFIN           0.874      0.011     81.347      0.000      0.115

Between Level

 FLIT       ON
    FLSCHOOL          -0.223      0.453     -0.492      0.623      0.125
    NOBULLY            0.316      0.516      0.613      0.540      0.106
    FLFAMILY          -0.249      0.320     -0.776      0.437      0.144
    EDUSHORT          -0.159      0.127     -1.251      0.211      0.152
    STRATIO            0.018      0.145      0.126      0.900      0.714

 FLSCHOOL WITH
    NOBULLY            0.327      0.393      0.833      0.405      0.209
    FLFAMILY          -0.059      0.338     -0.175      0.861      0.070
    EDUSHORT           0.058      0.131      0.442      0.659      0.124

 NOBULLY  WITH
    FLFAMILY          -0.173      0.511     -0.338      0.735      0.289
    EDUSHORT          -0.019      0.186     -0.104      0.917      0.126

 FLFAMILY WITH
    EDUSHORT           0.107      0.157      0.680      0.496      0.069

 Means
    EDUSHORT          -0.653      0.094     -6.929      0.000      0.028
    FLSCHOOL           1.318      0.290      4.535      0.000      0.154
    NOBULLY           -1.591      0.579     -2.751      0.006      0.166
    FLFAMILY           0.457      0.219      2.084      0.037      0.155

 Intercepts
    FLIT              19.168      2.129      9.004      0.000      0.163

 Variances
    EDUSHORT           1.000      0.000  *********      0.000      0.000
    FLSCHOOL           1.000      0.000  *********      0.000      0.000
    NOBULLY            1.000      0.000  *********      0.000      0.000
    FLFAMILY           1.000      0.000  *********      0.000      0.000

 Residual Variances
    FLIT               0.770      0.250      3.082      0.002      0.076


R-SQUARE

Within Level

    Observed                                        Two-Tailed   Rate of
    Variable        Estimate       S.E.  Est./S.E.    P-Value    Missing

    FLIT               0.096      0.012      7.768      0.000      0.201
    FCFMLRTY           0.152      0.014     11.158      0.000      0.219
    FLCONFIN           0.126      0.011     11.729      0.000      0.115

Between Level

    Observed                                        Two-Tailed   Rate of
    Variable        Estimate       S.E.  Est./S.E.    P-Value    Missing

    FLIT               0.230      0.250      0.921      0.357      0.076


QUALITY OF NUMERICAL RESULTS

     Average Condition Number for the Information Matrix     -0.337E-16
       (ratio of smallest to largest eigenvalue)


TOTAL, TOTAL INDIRECT, SPECIFIC INDIRECT, AND DIRECT EFFECTS


                                                    Two-Tailed   Rate of
                    Estimate       S.E.  Est./S.E.    P-Value    Missing

WITHIN

Effects from FLSCHOOL to FLIT

  Total               -2.243      1.602     -1.400      0.161      0.268
  Total indirect       7.779      0.825      9.425      0.000      0.172

  Specific indirect 1
    FLIT
    FCFMLRTY
    FLSCHOOL           7.505      0.826      9.090      0.000      0.208

  Specific indirect 2
    FLIT
    FLCONFIN
    FLSCHOOL           0.273      0.326      0.840      0.401      0.206

  Direct
    FLIT
    FLSCHOOL         -10.022      1.684     -5.951      0.000      0.359


Effects from NOBULLY to FLIT

  Total                7.176      1.769      4.056      0.000      0.292
  Total indirect       0.864      0.390      2.214      0.027      0.111

  Specific indirect 1
    FLIT
    FCFMLRTY
    NOBULLY            0.844      0.384      2.197      0.028      0.112

  Specific indirect 2
    FLIT
    FLCONFIN
    NOBULLY            0.020      0.033      0.600      0.549      0.131

  Direct
    FLIT
    NOBULLY            6.312      1.752      3.604      0.000      0.290


Effects from FLFAMILY to FLIT

  Total               -1.375      1.755     -0.784      0.433      0.198
  Total indirect       1.502      0.541      2.775      0.006      0.322

  Specific indirect 1
    FLIT
    FCFMLRTY
    FLFAMILY           1.251      0.434      2.882      0.004      0.273

  Specific indirect 2
    FLIT
    FLCONFIN
    FLFAMILY           0.251      0.300      0.837      0.402      0.201

  Direct
    FLIT
    FLFAMILY          -2.878      1.696     -1.697      0.090      0.150


BETWEEN

Effects from FLSCHOOL to FLIT

  Total              -41.024     82.952     -0.495      0.621      0.117
  Total indirect       0.000      0.000      0.136      0.892      0.167

  Direct
    FLIT
    FLSCHOOL         -41.024     82.952     -0.495      0.621      0.117


Effects from NOBULLY to FLIT

  Total               78.058    165.260      0.472      0.637      0.108
  Total indirect       0.000      0.000      0.499      0.618      0.167

  Direct
    FLIT
    NOBULLY           78.058    165.260      0.472      0.637      0.108


Effects from FLFAMILY to FLIT

  Total              -59.025     82.247     -0.718      0.473      0.133
  Total indirect       0.000      0.000     -0.678      0.498      0.167

  Direct
    FLIT
    FLFAMILY         -59.025     82.247     -0.718      0.473      0.133



STANDARDIZED TOTAL, TOTAL INDIRECT, SPECIFIC INDIRECT, AND DIRECT EFFECTS


STDYX Standardization

                                                    Two-Tailed   Rate of
                    Estimate       S.E.  Est./S.E.    P-Value    Missing

WITHIN

Effects from FLSCHOOL to FLIT

  Total               -0.027      0.019     -1.403      0.161      0.259
  Total indirect       0.094      0.010      9.302      0.000      0.182

  Specific indirect 1
    FLIT
    FCFMLRTY
    FLSCHOOL           0.090      0.010      8.958      0.000      0.216

  Specific indirect 2
    FLIT
    FLCONFIN
    FLSCHOOL           0.003      0.004      0.842      0.400      0.204

  Direct
    FLIT
    FLSCHOOL          -0.121      0.020     -6.047      0.000      0.325


Effects from NOBULLY to FLIT

  Total                0.086      0.021      4.101      0.000      0.288
  Total indirect       0.010      0.005      2.225      0.026      0.117

  Specific indirect 1
    FLIT
    FCFMLRTY
    NOBULLY            0.010      0.005      2.208      0.027      0.119

  Specific indirect 2
    FLIT
    FLCONFIN
    NOBULLY            0.000      0.000      0.601      0.548      0.129

  Direct
    FLIT
    NOBULLY            0.076      0.021      3.632      0.000      0.284


Effects from FLFAMILY to FLIT

  Total               -0.016      0.020     -0.783      0.434      0.199
  Total indirect       0.017      0.006      2.787      0.005      0.330

  Specific indirect 1
    FLIT
    FCFMLRTY
    FLFAMILY           0.014      0.005      2.896      0.004      0.277

  Specific indirect 2
    FLIT
    FLCONFIN
    FLFAMILY           0.003      0.003      0.840      0.401      0.200

  Direct
    FLIT
    FLFAMILY          -0.033      0.020     -1.693      0.090      0.151


BETWEEN

Effects from FLSCHOOL to FLIT

  Total               -0.223      0.453     -0.492      0.623      0.125
  Total indirect       0.000      0.000      0.000      1.000      0.167

  Direct
    FLIT
    FLSCHOOL          -0.223      0.453     -0.492      0.623      0.125


Effects from NOBULLY to FLIT

  Total                0.316      0.516      0.613      0.540      0.106
  Total indirect       0.000      0.000      0.000      1.000      0.167

  Direct
    FLIT
    NOBULLY            0.316      0.516      0.613      0.540      0.106


Effects from FLFAMILY to FLIT

  Total               -0.249      0.320     -0.776      0.437      0.144
  Total indirect       0.000      0.000      0.000      1.000      0.167

  Direct
    FLIT
    FLFAMILY          -0.249      0.320     -0.776      0.437      0.144




TECHNICAL 1 OUTPUT


     PARAMETER SPECIFICATION FOR WITHIN


           NU
              FLIT          FCFMLRTY      FLCONFIN      FLSCHOOL      NOBULLY
              ________      ________      ________      ________      ________
                    0             0             0             0             0


           NU
              FLFAMILY      IMMI1GEN      IMMI2GEN      ESCS          MALE
              ________      ________      ________      ________      ________
                    0             0             0             0             0


           LAMBDA
              FLIT          FCFMLRTY      FLCONFIN      FLSCHOOL      NOBULLY
              ________      ________      ________      ________      ________
 FLIT               0             0             0             0             0
 FCFMLRTY           0             0             0             0             0
 FLCONFIN           0             0             0             0             0
 FLSCHOOL           0             0             0             0             0
 NOBULLY            0             0             0             0             0
 FLFAMILY           0             0             0             0             0
 IMMI1GEN           0             0             0             0             0
 IMMI2GEN           0             0             0             0             0
 ESCS               0             0             0             0             0
 MALE               0             0             0             0             0


           LAMBDA
              FLFAMILY      IMMI1GEN      IMMI2GEN      ESCS          MALE
              ________      ________      ________      ________      ________
 FLIT               0             0             0             0             0
 FCFMLRTY           0             0             0             0             0
 FLCONFIN           0             0             0             0             0
 FLSCHOOL           0             0             0             0             0
 NOBULLY            0             0             0             0             0
 FLFAMILY           0             0             0             0             0
 IMMI1GEN           0             0             0             0             0
 IMMI2GEN           0             0             0             0             0
 ESCS               0             0             0             0             0
 MALE               0             0             0             0             0


           THETA
              FLIT          FCFMLRTY      FLCONFIN      FLSCHOOL      NOBULLY
              ________      ________      ________      ________      ________
 FLIT               0
 FCFMLRTY           0             0
 FLCONFIN           0             0             0
 FLSCHOOL           0             0             0             0
 NOBULLY            0             0             0             0             0
 FLFAMILY           0             0             0             0             0
 IMMI1GEN           0             0             0             0             0
 IMMI2GEN           0             0             0             0             0
 ESCS               0             0             0             0             0
 MALE               0             0             0             0             0


           THETA
              FLFAMILY      IMMI1GEN      IMMI2GEN      ESCS          MALE
              ________      ________      ________      ________      ________
 FLFAMILY           0
 IMMI1GEN           0             0
 IMMI2GEN           0             0             0
 ESCS               0             0             0             0
 MALE               0             0             0             0             0


           ALPHA
              FLIT          FCFMLRTY      FLCONFIN      FLSCHOOL      NOBULLY
              ________      ________      ________      ________      ________
                    0             1             2             0             0


           ALPHA
              FLFAMILY      IMMI1GEN      IMMI2GEN      ESCS          MALE
              ________      ________      ________      ________      ________
                    0             3             4             5             0


           BETA
              FLIT          FCFMLRTY      FLCONFIN      FLSCHOOL      NOBULLY
              ________      ________      ________      ________      ________
 FLIT               0             6             7             8             9
 FCFMLRTY           0             0             0            15            16
 FLCONFIN           0             0             0            19            20
 FLSCHOOL           0             0             0             0             0
 NOBULLY            0             0             0             0             0
 FLFAMILY           0             0             0             0             0
 IMMI1GEN           0             0             0             0             0
 IMMI2GEN           0             0             0             0             0
 ESCS               0             0             0             0             0
 MALE               0             0             0             0             0


           BETA
              FLFAMILY      IMMI1GEN      IMMI2GEN      ESCS          MALE
              ________      ________      ________      ________      ________
 FLIT              10            11            12            13            14
 FCFMLRTY          17             0             0             0            18
 FLCONFIN          21             0             0             0            22
 FLSCHOOL           0             0             0             0             0
 NOBULLY            0             0             0             0             0
 FLFAMILY           0             0             0             0             0
 IMMI1GEN           0             0             0             0             0
 IMMI2GEN           0             0             0             0             0
 ESCS               0             0             0             0             0
 MALE               0             0             0             0             0


           PSI
              FLIT          FCFMLRTY      FLCONFIN      FLSCHOOL      NOBULLY
              ________      ________      ________      ________      ________
 FLIT              23
 FCFMLRTY           0            24
 FLCONFIN           0            25            26
 FLSCHOOL           0             0             0            27
 NOBULLY            0             0             0            28            29
 FLFAMILY           0             0             0            30            31
 IMMI1GEN           0             0             0             0             0
 IMMI2GEN           0             0             0             0             0
 ESCS               0             0             0             0             0
 MALE               0             0             0             0             0


           PSI
              FLFAMILY      IMMI1GEN      IMMI2GEN      ESCS          MALE
              ________      ________      ________      ________      ________
 FLFAMILY          32
 IMMI1GEN           0            33
 IMMI2GEN           0             0            34
 ESCS              35            36            37            38
 MALE               0             0             0             0             0


     PARAMETER SPECIFICATION FOR BETWEEN


           NU
              EDUSHORT      FLIT          FLSCHOOL      NOBULLY       FLFAMILY
              ________      ________      ________      ________      ________
                    0             0             0             0             0


           NU
              STRATIO
              ________
                    0


           LAMBDA
              EDUSHORT      FLIT          FLSCHOOL      NOBULLY       FLFAMILY
              ________      ________      ________      ________      ________
 EDUSHORT           0             0             0             0             0
 FLIT               0             0             0             0             0
 FLSCHOOL           0             0             0             0             0
 NOBULLY            0             0             0             0             0
 FLFAMILY           0             0             0             0             0
 STRATIO            0             0             0             0             0


           LAMBDA
              STRATIO
              ________
 EDUSHORT           0
 FLIT               0
 FLSCHOOL           0
 NOBULLY            0
 FLFAMILY           0
 STRATIO            0


           THETA
              EDUSHORT      FLIT          FLSCHOOL      NOBULLY       FLFAMILY
              ________      ________      ________      ________      ________
 EDUSHORT           0
 FLIT               0             0
 FLSCHOOL           0             0             0
 NOBULLY            0             0             0             0
 FLFAMILY           0             0             0             0             0
 STRATIO            0             0             0             0             0


           THETA
              STRATIO
              ________
 STRATIO            0


           ALPHA
              EDUSHORT      FLIT          FLSCHOOL      NOBULLY       FLFAMILY
              ________      ________      ________      ________      ________
                   39            40            41            42            43


           ALPHA
              STRATIO
              ________
                    0


           BETA
              EDUSHORT      FLIT          FLSCHOOL      NOBULLY       FLFAMILY
              ________      ________      ________      ________      ________
 EDUSHORT           0             0             0             0             0
 FLIT              44             0            45            46            47
 FLSCHOOL           0             0             0             0             0
 NOBULLY            0             0             0             0             0
 FLFAMILY           0             0             0             0             0
 STRATIO            0             0             0             0             0


           BETA
              STRATIO
              ________
 EDUSHORT           0
 FLIT              48
 FLSCHOOL           0
 NOBULLY            0
 FLFAMILY           0
 STRATIO            0


           PSI
              EDUSHORT      FLIT          FLSCHOOL      NOBULLY       FLFAMILY
              ________      ________      ________      ________      ________
 EDUSHORT          49
 FLIT               0            50
 FLSCHOOL          51             0            52
 NOBULLY           53             0            54            55
 FLFAMILY          56             0            57            58            59
 STRATIO            0             0             0             0             0


           PSI
              STRATIO
              ________
 STRATIO            0


     STARTING VALUES FOR WITHIN


           NU
              FLIT          FCFMLRTY      FLCONFIN      FLSCHOOL      NOBULLY
              ________      ________      ________      ________      ________
                0.000         0.000         0.000         0.000         0.000


           NU
              FLFAMILY      IMMI1GEN      IMMI2GEN      ESCS          MALE
              ________      ________      ________      ________      ________
                0.000         0.000         0.000         0.000         0.000


           LAMBDA
              FLIT          FCFMLRTY      FLCONFIN      FLSCHOOL      NOBULLY
              ________      ________      ________      ________      ________
 FLIT           1.000         0.000         0.000         0.000         0.000
 FCFMLRTY       0.000         1.000         0.000         0.000         0.000
 FLCONFIN       0.000         0.000         1.000         0.000         0.000
 FLSCHOOL       0.000         0.000         0.000         1.000         0.000
 NOBULLY        0.000         0.000         0.000         0.000         1.000
 FLFAMILY       0.000         0.000         0.000         0.000         0.000
 IMMI1GEN       0.000         0.000         0.000         0.000         0.000
 IMMI2GEN       0.000         0.000         0.000         0.000         0.000
 ESCS           0.000         0.000         0.000         0.000         0.000
 MALE           0.000         0.000         0.000         0.000         0.000


           LAMBDA
              FLFAMILY      IMMI1GEN      IMMI2GEN      ESCS          MALE
              ________      ________      ________      ________      ________
 FLIT           0.000         0.000         0.000         0.000         0.000
 FCFMLRTY       0.000         0.000         0.000         0.000         0.000
 FLCONFIN       0.000         0.000         0.000         0.000         0.000
 FLSCHOOL       0.000         0.000         0.000         0.000         0.000
 NOBULLY        0.000         0.000         0.000         0.000         0.000
 FLFAMILY       1.000         0.000         0.000         0.000         0.000
 IMMI1GEN       0.000         1.000         0.000         0.000         0.000
 IMMI2GEN       0.000         0.000         1.000         0.000         0.000
 ESCS           0.000         0.000         0.000         1.000         0.000
 MALE           0.000         0.000         0.000         0.000         1.000


           THETA
              FLIT          FCFMLRTY      FLCONFIN      FLSCHOOL      NOBULLY
              ________      ________      ________      ________      ________
 FLIT           0.000
 FCFMLRTY       0.000         0.000
 FLCONFIN       0.000         0.000         0.000
 FLSCHOOL       0.000         0.000         0.000         0.000
 NOBULLY        0.000         0.000         0.000         0.000         0.000
 FLFAMILY       0.000         0.000         0.000         0.000         0.000
 IMMI1GEN       0.000         0.000         0.000         0.000         0.000
 IMMI2GEN       0.000         0.000         0.000         0.000         0.000
 ESCS           0.000         0.000         0.000         0.000         0.000
 MALE           0.000         0.000         0.000         0.000         0.000


           THETA
              FLFAMILY      IMMI1GEN      IMMI2GEN      ESCS          MALE
              ________      ________      ________      ________      ________
 FLFAMILY       0.000
 IMMI1GEN       0.000         0.000
 IMMI2GEN       0.000         0.000         0.000
 ESCS           0.000         0.000         0.000         0.000
 MALE           0.000         0.000         0.000         0.000         0.000


           ALPHA
              FLIT          FCFMLRTY      FLCONFIN      FLSCHOOL      NOBULLY
              ________      ________      ________      ________      ________
                0.000         7.286        -0.036         0.000         0.000


           ALPHA
              FLFAMILY      IMMI1GEN      IMMI2GEN      ESCS          MALE
              ________      ________      ________      ________      ________
                0.000         0.123         0.128         0.362         0.000


           BETA
              FLIT          FCFMLRTY      FLCONFIN      FLSCHOOL      NOBULLY
              ________      ________      ________      ________      ________
 FLIT           0.000         0.000         0.000         0.000         0.000
 FCFMLRTY       0.000         0.000         0.000         0.000         0.000
 FLCONFIN       0.000         0.000         0.000         0.000         0.000
 FLSCHOOL       0.000         0.000         0.000         0.000         0.000
 NOBULLY        0.000         0.000         0.000         0.000         0.000
 FLFAMILY       0.000         0.000         0.000         0.000         0.000
 IMMI1GEN       0.000         0.000         0.000         0.000         0.000
 IMMI2GEN       0.000         0.000         0.000         0.000         0.000
 ESCS           0.000         0.000         0.000         0.000         0.000
 MALE           0.000         0.000         0.000         0.000         0.000


           BETA
              FLFAMILY      IMMI1GEN      IMMI2GEN      ESCS          MALE
              ________      ________      ________      ________      ________
 FLIT           0.000         0.000         0.000         0.000         0.000
 FCFMLRTY       0.000         0.000         0.000         0.000         0.000
 FLCONFIN       0.000         0.000         0.000         0.000         0.000
 FLSCHOOL       0.000         0.000         0.000         0.000         0.000
 NOBULLY        0.000         0.000         0.000         0.000         0.000
 FLFAMILY       0.000         0.000         0.000         0.000         0.000
 IMMI1GEN       0.000         0.000         0.000         0.000         0.000
 IMMI2GEN       0.000         0.000         0.000         0.000         0.000
 ESCS           0.000         0.000         0.000         0.000         0.000
 MALE           0.000         0.000         0.000         0.000         0.000


           PSI
              FLIT          FCFMLRTY      FLCONFIN      FLSCHOOL      NOBULLY
              ________      ________      ________      ________      ________
 FLIT        4547.770
 FCFMLRTY       0.000        14.078
 FLCONFIN       0.000         0.000         0.508
 FLSCHOOL       0.000         0.000         0.000         0.578
 NOBULLY        0.000         0.000         0.000         0.000         0.602
 FLFAMILY       0.000         0.000         0.000         0.000         0.000
 IMMI1GEN       0.000         0.000         0.000         0.000         0.000
 IMMI2GEN       0.000         0.000         0.000         0.000         0.000
 ESCS           0.000         0.000         0.000         0.000         0.000
 MALE           0.000         0.000         0.000         0.000         0.000


           PSI
              FLFAMILY      IMMI1GEN      IMMI2GEN      ESCS          MALE
              ________      ________      ________      ________      ________
 FLFAMILY       0.544
 IMMI1GEN       0.000         0.054
 IMMI2GEN       0.000         0.000         0.056
 ESCS           0.000         0.000         0.000         0.356
 MALE           0.000         0.000         0.000         0.000         0.125


     STARTING VALUES FOR BETWEEN


           NU
              EDUSHORT      FLIT          FLSCHOOL      NOBULLY       FLFAMILY
              ________      ________      ________      ________      ________
                0.000         0.000         0.000         0.000         0.000


           NU
              STRATIO
              ________
                0.000


           LAMBDA
              EDUSHORT      FLIT          FLSCHOOL      NOBULLY       FLFAMILY
              ________      ________      ________      ________      ________
 EDUSHORT       1.000         0.000         0.000         0.000         0.000
 FLIT           0.000         1.000         0.000         0.000         0.000
 FLSCHOOL       0.000         0.000         1.000         0.000         0.000
 NOBULLY        0.000         0.000         0.000         1.000         0.000
 FLFAMILY       0.000         0.000         0.000         0.000         1.000
 STRATIO        0.000         0.000         0.000         0.000         0.000


           LAMBDA
              STRATIO
              ________
 EDUSHORT       0.000
 FLIT           0.000
 FLSCHOOL       0.000
 NOBULLY        0.000
 FLFAMILY       0.000
 STRATIO        1.000


           THETA
              EDUSHORT      FLIT          FLSCHOOL      NOBULLY       FLFAMILY
              ________      ________      ________      ________      ________
 EDUSHORT       0.000
 FLIT           0.000         0.000
 FLSCHOOL       0.000         0.000         0.000
 NOBULLY        0.000         0.000         0.000         0.000
 FLFAMILY       0.000         0.000         0.000         0.000         0.000
 STRATIO        0.000         0.000         0.000         0.000         0.000


           THETA
              STRATIO
              ________
 STRATIO        0.000


           ALPHA
              EDUSHORT      FLIT          FLSCHOOL      NOBULLY       FLFAMILY
              ________      ________      ________      ________      ________
               -0.449       514.196         0.142        -0.216         0.023


           ALPHA
              STRATIO
              ________
                0.000


           BETA
              EDUSHORT      FLIT          FLSCHOOL      NOBULLY       FLFAMILY
              ________      ________      ________      ________      ________
 EDUSHORT       0.000         0.000         0.000         0.000         0.000
 FLIT           0.000         0.000         0.000         0.000         0.000
 FLSCHOOL       0.000         0.000         0.000         0.000         0.000
 NOBULLY        0.000         0.000         0.000         0.000         0.000
 FLFAMILY       0.000         0.000         0.000         0.000         0.000
 STRATIO        0.000         0.000         0.000         0.000         0.000


           BETA
              STRATIO
              ________
 EDUSHORT       0.000
 FLIT           0.000
 FLSCHOOL       0.000
 NOBULLY        0.000
 FLFAMILY       0.000
 STRATIO        0.000


           PSI
              EDUSHORT      FLIT          FLSCHOOL      NOBULLY       FLFAMILY
              ________      ________      ________      ________      ________
 EDUSHORT       0.383
 FLIT           0.000      4547.770
 FLSCHOOL       0.000         0.000         0.578
 NOBULLY        0.000         0.000         0.000         0.602
 FLFAMILY       0.000         0.000         0.000         0.000         0.544
 STRATIO        0.000         0.000         0.000         0.000         0.000


           PSI
              STRATIO
              ________
 STRATIO       52.544


     Beginning Time:  13:19:00
        Ending Time:  13:24:21
       Elapsed Time:  00:05:21



MUTHEN & MUTHEN
3463 Stoner Ave.
Los Angeles, CA  90066

Tel: (310) 391-9971
Fax: (310) 391-8971
Web: www.StatModel.com
Support: Support@StatModel.com

Copyright (c) 1998-2019 Muthen & Muthen
