Mplus VERSION 8.3
MUTHEN & MUTHEN
01/22/2021   8:09 PM

INPUT INSTRUCTIONS


  TITLE:
      Two-level structured model 233

  DATA:
      file = "C:\Users\tctan\implist.dat";

      type = imputation;


  VARIABLE:
      names =
          FKI CNTRYID CNTSCHID CNTSTUID W_STU
          MATH READ FLIT                      ! PISA achievement variables
          MALE IMMI1GEN IMMI2GEN ESCS         ! Demographic info
          FCFMLRTY FLCONFIN                   ! Affect
          FLSCHOOL                            !   Lat var "Academic"
          NOBULLY                             !   Lat var "Safety"
          FLFAMILY                            !   Lat var "Community"
          W_SCH STRATIO                       ! School character
          EDUSHORT                            !   Lat var "inst. env."
          ;

      useobs = CNTRYID eq 233;          ! Pull out one country at a time

      usevar =
          FLIT                                ! PISA achievement variables
          FLSCHOOL                            !   Lat var "Academic"
          NOBULLY                             !   Lat var "Safety"
          FLFAMILY                            !   Lat var "Community"
          EDUSHORT STRATIO                    !   Lat var "Inst env"
          FCFMLRTY FLCONFIN                   ! Affect
          MALE IMMI1GEN IMMI2GEN ESCS         ! Demographic info
          ;

      ! Vars that ONLY appear in L1
      within =
          FCFMLRTY FLCONFIN                   ! Affective vars
          MALE IMMI1GEN IMMI2GEN ESCS         ! L1 control vars
          ;

      ! Vars that ONLY appear in L2
      between =
          EDUSHORT STRATIO                    ! L2: school
          ;

      missing = all (-99);

      weight = W_STU;                         ! Student weight
      wtscale = cluster;                      ! Scale L1 weight to cluster size
      bweight = W_SCH;                        ! School weight
      bwtscale = sample;                      ! Scale L2 weight to sample

      cluster = CNTSCHID;                     ! Cluster by school ID


  ANALYSIS:
      processors = 4;

      type = twolevel;


  MODEL:

  %Within%                                    ! === L1: Student-level ===

      ! Indirect pathways (1st half): school climate vars onto mediators
          ! Onto mediator FAMILIARITY
      FCFMLRTY on FLSCHOOL NOBULLY FLFAMILY;
          ! Onto mediator CONFIDENCE
      FLCONFIN on FLSCHOOL NOBULLY FLFAMILY;

      ! Total effect
      FLIT on
          ! Direct pathways: school climate vars onto financial literacy
          FLSCHOOL NOBULLY FLFAMILY
          ! Indirect pathways (2nd half): affective vars onto financial literacy
          FCFMLRTY FLCONFIN
          ! Control vars (demographic info)
          MALE IMMI1GEN IMMI2GEN ESCS
          ;

      ! Covariances
          ! Between school climate vars
      FLSCHOOL with NOBULLY;
      FLSCHOOL with FLFAMILY;
      NOBULLY with FLFAMILY;
          ! Between mediators
      FCFMLRTY with FLCONFIN;
          ! ESCS with FLFAMILY
      ESCS with FLFAMILY

  %Between%                                   ! === L2: School-level ===

      FLIT on
          FLSCHOOL NOBULLY FLFAMILY EDUSHORT  ! School climate variables
          STRATIO                             ! Control: Student-teacher ratio
          ;

      FLSCHOOL with NOBULLY;
      NOBULLY with FLFAMILY;
      FLFAMILY with EDUSHORT;

      FLSCHOOL with FLFAMILY;
      NOBULLY with EDUSHORT;

      FLSCHOOL with EDUSHORT;


  MODEL INDIRECT:

      ! Indirect effects
      FLIT ind FLSCHOOL;
      FLIT ind NOBULLY;
      FLIT ind FLFAMILY;


  OUTPUT:
      stdyx                                   ! Fully standardised solution
      mod(all)                                ! Mod indices (all)
      ;



*** WARNING in OUTPUT command
  MODINDICES option is not available for multiple imputation.
  Request for MODINDICES is ignored.
   1 WARNING(S) FOUND IN THE INPUT INSTRUCTIONS




Two-level structured model 233

SUMMARY OF ANALYSIS

Number of groups                                                 1
Average number of observations                                4032

Number of replications
    Requested                                                   10
    Completed                                                   10

Number of dependent variables                                    3
Number of independent variables                                  9
Number of continuous latent variables                            0

Observed dependent variables

  Continuous
   FLIT        FCFMLRTY    FLCONFIN

Observed independent variables
   FLSCHOOL    NOBULLY     FLFAMILY    EDUSHORT    STRATIO     MALE
   IMMI1GEN    IMMI2GEN    ESCS

Variables with special functions

  Cluster variable      CNTSCHID
  Weight variable (cluster-size scaling)
    W_STU
  Between weight variable (sample-size scaling)
    W_SCH

  Within variables
   FCFMLRTY    FLCONFIN    MALE        IMMI1GEN    IMMI2GEN    ESCS

  Between variables
   EDUSHORT    STRATIO


Estimator                                                      MLR
Information matrix                                        OBSERVED
Maximum number of iterations                                   100
Convergence criterion                                    0.100D-05
Maximum number of EM iterations                                500
Convergence criteria for the EM algorithm
  Loglikelihood change                                   0.100D-02
  Relative loglikelihood change                          0.100D-05
  Derivative                                             0.100D-03
Minimum variance                                         0.100D-03
Maximum number of steepest descent iterations                   20
Maximum number of iterations for H1                           2000
Convergence criterion for H1                             0.100D-03
Optimization algorithm                                         EMA

Input data file(s)
  Multiple data files from
    C:\Users\tctan\implist.dat
Input data format  FREE


SUMMARY OF DATA FOR THE FIRST DATA SET

     Number of missing data patterns            32
     Number of clusters                        229

     Average cluster size       17.607

     Estimated Intraclass Correlations for the Y Variables

                Intraclass              Intraclass              Intraclass
     Variable  Correlation   Variable  Correlation   Variable  Correlation

     FLIT         0.110      FCFMLRTY     0.000      FLCONFIN     0.000
     FLSCHOOL     0.073      NOBULLY      0.015      FLFAMILY     0.009
     ESCS         0.000



SUMMARY OF MISSING DATA PATTERNS FOR THE FIRST DATA SET


     MISSING DATA PATTERNS (x = not missing)

           1  2  3  4  5  6  7  8  9 10 11 12 13 14 15 16 17 18 19 20
 EDUSHORT  x  x  x  x  x  x  x  x  x  x  x  x  x  x  x  x  x  x  x  x
 FLIT      x  x  x  x  x  x  x  x  x  x  x  x  x  x  x  x  x  x  x  x
 FCFMLRTY  x  x  x  x  x  x  x  x  x        x  x  x  x  x        x
 FLCONFIN  x     x  x  x        x  x        x     x  x
 FLSCHOOL  x  x  x     x  x     x                 x  x  x  x        x
 NOBULLY   x        x  x  x        x     x     x     x  x  x     x
 FLFAMILY  x  x  x        x        x              x  x     x     x  x
 ESCS      x  x  x  x  x  x  x  x  x  x  x  x  x        x  x     x  x
 MALE      x  x  x  x  x  x  x  x  x  x  x  x  x  x  x  x  x  x  x  x
 IMMI1GEN  x  x  x  x  x  x  x  x  x  x  x  x  x  x  x  x  x  x  x  x
 IMMI2GEN  x  x  x  x  x  x  x  x  x  x  x  x  x  x  x  x  x  x  x  x
 STRATIO   x  x  x  x  x  x  x  x  x  x  x  x  x  x  x  x  x  x  x  x

          21 22 23 24 25 26 27 28 29 30 31 32
 EDUSHORT  x  x  x  x  x  x  x  x  x  x  x  x
 FLIT      x  x  x  x  x  x  x  x  x  x  x  x
 FCFMLRTY              x        x        x
 FLCONFIN  x     x  x     x  x        x  x
 FLSCHOOL  x     x     x  x        x
 NOBULLY      x           x  x        x
 FLFAMILY  x              x     x     x  x  x
 ESCS      x     x  x  x  x  x  x  x  x  x  x
 MALE      x  x  x  x  x  x  x  x  x  x  x  x
 IMMI1GEN  x  x  x  x  x  x  x  x  x  x  x  x
 IMMI2GEN  x  x  x  x  x  x  x  x  x  x  x  x
 STRATIO   x  x  x  x  x  x  x  x  x  x  x  x


     MISSING DATA PATTERN FREQUENCIES

    Pattern   Frequency     Pattern   Frequency     Pattern   Frequency
          1        3576          12           3          23           3
          2          40          13          19          24           3
          3         194          14           1          25          14
          4           3          15           4          26           3
          5           4          16           9          27           2
          6          30          17           4          28           4
          7          23          18           3          29           3
          8          11          19           4          30           1
          9           5          20           2          31           1
         10          25          21           2          32           1
         11          34          22           1


COVARIANCE COVERAGE OF DATA FOR THE FIRST DATA SET

Minimum covariance coverage value   0.100


     PROPORTION OF DATA PRESENT


           Covariance Coverage
              EDUSHORT      FLIT          FCFMLRTY      FLCONFIN      FLSCHOOL
              ________      ________      ________      ________      ________
 EDUSHORT       1.000
 FLIT           1.000         1.000
 FCFMLRTY       0.978         0.978         0.978
 FLCONFIN       0.946         0.946         0.943         0.946
 FLSCHOOL       0.967         0.967         0.963         0.942         0.967
 NOBULLY        0.917         0.917         0.906         0.892         0.900
 FLFAMILY       0.960         0.960         0.957         0.939         0.956
 ESCS           0.998         0.998         0.977         0.945         0.966
 MALE           1.000         1.000         0.978         0.946         0.967
 IMMI1GEN       1.000         1.000         0.978         0.946         0.967
 IMMI2GEN       1.000         1.000         0.978         0.946         0.967
 STRATIO        1.000         1.000         0.978         0.946         0.967


           Covariance Coverage
              NOBULLY       FLFAMILY      ESCS          MALE          IMMI1GEN
              ________      ________      ________      ________      ________
 NOBULLY        0.917
 FLFAMILY       0.900         0.960
 ESCS           0.916         0.959         0.998
 MALE           0.917         0.960         0.998         1.000
 IMMI1GEN       0.917         0.960         0.998         1.000         1.000
 IMMI2GEN       0.917         0.960         0.998         1.000         1.000
 STRATIO        0.917         0.960         0.998         1.000         1.000


           Covariance Coverage
              IMMI2GEN      STRATIO
              ________      ________
 IMMI2GEN       1.000
 STRATIO        1.000         1.000


SAMPLE STATISTICS

NOTE:  The sample statistics for within and between refer to the
       maximum-likelihood estimated within and between covariance
       matrices, respectively.

NOTE:  These are average results over 10 data sets.


     ESTIMATED SAMPLE STATISTICS FOR WITHIN


           Means
              EDUSHORT      FLIT          FCFMLRTY      FLCONFIN      FLSCHOOL
              ________      ________      ________      ________      ________
                0.000         0.000         7.632         0.202         0.000


           Means
              NOBULLY       FLFAMILY      ESCS          MALE          IMMI1GEN
              ________      ________      ________      ________      ________
                0.000         0.000         0.150         0.491         0.007


           Means
              IMMI2GEN      STRATIO
              ________      ________
                0.097         0.000


           Covariances
              EDUSHORT      FLIT          FCFMLRTY      FLCONFIN      FLSCHOOL
              ________      ________      ________      ________      ________
 EDUSHORT       0.000
 FLIT           0.000      6398.393
 FCFMLRTY       0.000        99.136        24.835
 FLCONFIN       0.000        11.864         1.125         0.801
 FLSCHOOL       0.000         1.143         1.027         0.137         0.714
 NOBULLY        0.000         3.462         0.085         0.035        -0.063
 FLFAMILY       0.000        -2.756         0.508         0.128         0.195
 ESCS           0.000        11.829         0.531         0.065         0.049
 MALE           0.000         1.333        -0.012         0.053         0.031
 IMMI1GEN       0.000        -0.192         0.000        -0.002        -0.001
 IMMI2GEN       0.000        -1.132        -0.057        -0.016         0.002
 STRATIO        0.000         0.000         0.000         0.000         0.000


           Covariances
              NOBULLY       FLFAMILY      ESCS          MALE          IMMI1GEN
              ________      ________      ________      ________      ________
 NOBULLY        0.986
 FLFAMILY      -0.049         0.870
 ESCS           0.008         0.053         0.586
 MALE          -0.055        -0.036         0.018         0.250
 IMMI1GEN      -0.002         0.002         0.001         0.000         0.007
 IMMI2GEN      -0.014         0.005        -0.004         0.006        -0.001
 STRATIO        0.000         0.000         0.000         0.000         0.000


           Covariances
              IMMI2GEN      STRATIO
              ________      ________
 IMMI2GEN       0.087
 STRATIO        0.000         0.000


           Correlations
              EDUSHORT      FLIT          FCFMLRTY      FLCONFIN      FLSCHOOL
              ________      ________      ________      ________      ________
 EDUSHORT       0.000
 FLIT           0.000         1.000
 FCFMLRTY       0.000         0.249         1.000
 FLCONFIN       0.000         0.166         0.252         1.000
 FLSCHOOL       0.000         0.017         0.244         0.181         1.000
 NOBULLY        0.000         0.044         0.017         0.039        -0.076
 FLFAMILY       0.000        -0.037         0.109         0.153         0.247
 ESCS           0.000         0.193         0.139         0.096         0.076
 MALE           0.000         0.033        -0.005         0.119         0.073
 IMMI1GEN       0.000        -0.030        -0.001        -0.028        -0.013
 IMMI2GEN       0.000        -0.048        -0.039        -0.059         0.006
 STRATIO        0.000         0.000         0.000         0.000         0.000


           Correlations
              NOBULLY       FLFAMILY      ESCS          MALE          IMMI1GEN
              ________      ________      ________      ________      ________
 NOBULLY        1.000
 FLFAMILY      -0.053         1.000
 ESCS           0.010         0.075         1.000
 MALE          -0.111        -0.078         0.046         1.000
 IMMI1GEN      -0.019         0.026         0.021         0.011         1.000
 IMMI2GEN      -0.049         0.018        -0.018         0.043        -0.027
 STRATIO        0.000         0.000         0.000         0.000         0.000


           Correlations
              IMMI2GEN      STRATIO
              ________      ________
 IMMI2GEN       1.000
 STRATIO        0.000         0.000


     ESTIMATED SAMPLE STATISTICS FOR BETWEEN


           Means
              EDUSHORT      FLIT          FCFMLRTY      FLCONFIN      FLSCHOOL
              ________      ________      ________      ________      ________
                0.108       549.937         0.000         0.000         0.076


           Means
              NOBULLY       FLFAMILY      ESCS          MALE          IMMI1GEN
              ________      ________      ________      ________      ________
               -0.109        -0.133         0.000         0.000         0.000


           Means
              IMMI2GEN      STRATIO
              ________      ________
                0.000        12.361


           Covariances
              EDUSHORT      FLIT          FCFMLRTY      FLCONFIN      FLSCHOOL
              ________      ________      ________      ________      ________
 EDUSHORT       0.735
 FLIT          -3.785       786.849
 FCFMLRTY       0.000         0.000         0.000
 FLCONFIN       0.000         0.000         0.000         0.000
 FLSCHOOL       0.018        -4.657         0.000         0.000         0.056
 NOBULLY       -0.031         1.837         0.000         0.000        -0.007
 FLFAMILY      -0.006        -1.984         0.000         0.000         0.019
 ESCS           0.000         0.000         0.000         0.000         0.000
 MALE           0.000         0.000         0.000         0.000         0.000
 IMMI1GEN       0.000         0.000         0.000         0.000         0.000
 IMMI2GEN       0.000         0.000         0.000         0.000         0.000
 STRATIO       -0.096        17.523         0.000         0.000        -0.149


           Covariances
              NOBULLY       FLFAMILY      ESCS          MALE          IMMI1GEN
              ________      ________      ________      ________      ________
 NOBULLY        0.015
 FLFAMILY      -0.005         0.008
 ESCS           0.000         0.000         0.000
 MALE           0.000         0.000         0.000         0.000
 IMMI1GEN       0.000         0.000         0.000         0.000         0.000
 IMMI2GEN       0.000         0.000         0.000         0.000         0.000
 STRATIO        0.002        -0.090         0.000         0.000         0.000


           Covariances
              IMMI2GEN      STRATIO
              ________      ________
 IMMI2GEN       0.000
 STRATIO        0.000        10.385


           Correlations
              EDUSHORT      FLIT          FCFMLRTY      FLCONFIN      FLSCHOOL
              ________      ________      ________      ________      ________
 EDUSHORT       1.000
 FLIT          -0.157         1.000
 FCFMLRTY       0.000         0.000         0.000
 FLCONFIN       0.000         0.000         0.000         0.000
 FLSCHOOL       0.087        -0.701         0.000         0.000         1.000
 NOBULLY       -0.293         0.529         0.000         0.000        -0.253
 FLFAMILY      -0.083        -0.784         0.000         0.000         0.889
 ESCS           0.000         0.000         0.000         0.000         0.000
 MALE           0.000         0.000         0.000         0.000         0.000
 IMMI1GEN       0.000         0.000         0.000         0.000         0.000
 IMMI2GEN       0.000         0.000         0.000         0.000         0.000
 STRATIO       -0.035         0.194         0.000         0.000        -0.195


           Correlations
              NOBULLY       FLFAMILY      ESCS          MALE          IMMI1GEN
              ________      ________      ________      ________      ________
 NOBULLY        1.000
 FLFAMILY      -0.476         1.000
 ESCS           0.000         0.000         0.000
 MALE           0.000         0.000         0.000         0.000
 IMMI1GEN       0.000         0.000         0.000         0.000         0.000
 IMMI2GEN       0.000         0.000         0.000         0.000         0.000
 STRATIO        0.006        -0.309         0.000         0.000         0.000


           Correlations
              IMMI2GEN      STRATIO
              ________      ________
 IMMI2GEN       0.000
 STRATIO        0.000         1.000




MODEL FIT INFORMATION

Number of Free Parameters                       51

Loglikelihood

    H0 Value

        Mean                            -60063.030
        Std Dev                             28.367
        Number of successful computations       10

             Proportions                   Percentiles
        Expected    Observed         Expected       Observed
           0.990       1.000       -60129.020     -60091.729
           0.980       1.000       -60121.287     -60091.729
           0.950       1.000       -60109.691     -60091.729
           0.900       1.000       -60099.385     -60091.729
           0.800       0.800       -60086.904     -60091.729
           0.700       0.500       -60077.906     -60085.861
           0.500       0.400       -60063.030     -60081.530
           0.300       0.300       -60048.154     -60057.363
           0.200       0.300       -60039.156     -60026.045
           0.100       0.300       -60026.674     -60023.112
           0.050       0.000       -60016.369     -60023.112
           0.020       0.000       -60004.772     -60023.112
           0.010       0.000       -59997.039     -60023.112

    H1 Value

        Mean                            -59904.311
        Std Dev                             28.361
        Number of successful computations       10

             Proportions                   Percentiles
        Expected    Observed         Expected       Observed
           0.990       1.000       -59970.287     -59932.818
           0.980       1.000       -59962.556     -59932.818
           0.950       1.000       -59950.962     -59932.818
           0.900       1.000       -59940.658     -59932.818
           0.800       0.800       -59928.180     -59932.818
           0.700       0.500       -59919.184     -59927.153
           0.500       0.400       -59904.311     -59922.388
           0.300       0.300       -59889.438     -59898.230
           0.200       0.300       -59880.442     -59867.403
           0.100       0.300       -59867.964     -59864.327
           0.050       0.000       -59857.660     -59864.327
           0.020       0.000       -59846.066     -59864.327
           0.010       0.000       -59838.335     -59864.327

Information Criteria

    Akaike (AIC)

        Mean                            120228.060
        Std Dev                             56.734
        Number of successful computations       10

             Proportions                   Percentiles
        Expected    Observed         Expected       Observed
           0.990       1.000       120096.079     120136.491
           0.980       1.000       120111.544     120136.491
           0.950       1.000       120134.737     120136.491
           0.900       0.700       120155.349     120136.491
           0.800       0.700       120180.312     120136.491
           0.700       0.700       120198.308     120154.090
           0.500       0.600       120228.060     120251.277
           0.300       0.500       120257.811     120265.373
           0.200       0.200       120275.807     120273.722
           0.100       0.000       120300.770     120284.176
           0.050       0.000       120321.382     120284.176
           0.020       0.000       120344.575     120284.176
           0.010       0.000       120360.041     120284.176

    Bayesian (BIC)

        Mean                            120549.463
        Std Dev                             56.734
        Number of successful computations       10

             Proportions                   Percentiles
        Expected    Observed         Expected       Observed
           0.990       1.000       120417.482     120457.894
           0.980       1.000       120432.947     120457.894
           0.950       1.000       120456.140     120457.894
           0.900       0.700       120476.752     120457.894
           0.800       0.700       120501.715     120457.894
           0.700       0.700       120519.711     120475.493
           0.500       0.600       120549.463     120572.680
           0.300       0.500       120579.214     120586.776
           0.200       0.200       120597.210     120595.125
           0.100       0.000       120622.173     120605.579
           0.050       0.000       120642.785     120605.579
           0.020       0.000       120665.978     120605.579
           0.010       0.000       120681.444     120605.579

    Sample-Size Adjusted BIC (n* = (n + 2) / 24)

        Mean                            120387.407
        Std Dev                             56.734
        Number of successful computations       10

             Proportions                   Percentiles
        Expected    Observed         Expected       Observed
           0.990       1.000       120255.426     120295.838
           0.980       1.000       120270.892     120295.838
           0.950       1.000       120294.085     120295.838
           0.900       0.700       120314.696     120295.838
           0.800       0.700       120339.660     120295.838
           0.700       0.700       120357.656     120313.438
           0.500       0.600       120387.407     120410.624
           0.300       0.500       120417.159     120424.721
           0.200       0.200       120435.155     120433.070
           0.100       0.000       120460.118     120443.524
           0.050       0.000       120480.729     120443.524
           0.020       0.000       120503.922     120443.524
           0.010       0.000       120519.388     120443.524

Chi-Square Test of Model Fit

        Degrees of freedom                      26

        Mean                               294.798
        Std Dev                              8.036
        Number of successful computations       10

             Proportions                   Percentiles
        Expected    Observed         Expected       Observed
           0.990       1.000           12.198        288.145
           0.980       1.000           13.409        288.145
           0.950       1.000           15.379        288.145
           0.900       1.000           17.292        288.145
           0.800       1.000           19.820        288.145
           0.700       1.000           21.792        289.611
           0.500       1.000           25.336        293.907
           0.300       1.000           29.246        294.483
           0.200       1.000           31.795        294.623
           0.100       1.000           35.563        295.646
           0.050       1.000           38.885        295.646
           0.020       1.000           42.856        295.646
           0.010       1.000           45.642        295.646

RMSEA (Root Mean Square Error Of Approximation)

        Mean                                 0.051
        Std Dev                              0.001
        Number of successful computations       10

             Proportions                   Percentiles
        Expected    Observed         Expected       Observed
           0.990       1.000            0.049          0.050
           0.980       1.000            0.049          0.050
           0.950       1.000            0.049          0.050
           0.900       1.000            0.050          0.050
           0.800       1.000            0.050          0.050
           0.700       0.700            0.050          0.050
           0.500       0.200            0.051          0.051
           0.300       0.100            0.051          0.051
           0.200       0.100            0.051          0.051
           0.100       0.100            0.052          0.051
           0.050       0.100            0.052          0.051
           0.020       0.100            0.052          0.051
           0.010       0.100            0.052          0.051

CFI/TLI

    CFI

        Mean                                 0.802
        Std Dev                              0.004
        Number of successful computations       10

             Proportions                   Percentiles
        Expected    Observed         Expected       Observed
           0.990       1.000            0.792          0.792
           0.980       0.900            0.793          0.792
           0.950       0.900            0.795          0.792
           0.900       0.900            0.796          0.792
           0.800       0.800            0.798          0.792
           0.700       0.800            0.799          0.800
           0.500       0.600            0.802          0.802
           0.300       0.300            0.804          0.803
           0.200       0.200            0.805          0.805
           0.100       0.100            0.807          0.805
           0.050       0.000            0.808          0.805
           0.020       0.000            0.810          0.805
           0.010       0.000            0.811          0.805

    TLI

        Mean                                 0.565
        Std Dev                              0.009
        Number of successful computations       10

             Proportions                   Percentiles
        Expected    Observed         Expected       Observed
           0.990       1.000            0.544          0.545
           0.980       0.900            0.547          0.545
           0.950       0.900            0.550          0.545
           0.900       0.900            0.553          0.545
           0.800       0.800            0.557          0.545
           0.700       0.800            0.560          0.561
           0.500       0.600            0.565          0.566
           0.300       0.300            0.570          0.568
           0.200       0.200            0.572          0.572
           0.100       0.100            0.576          0.573
           0.050       0.000            0.580          0.573
           0.020       0.000            0.583          0.573
           0.010       0.000            0.586          0.573

SRMR (Standardized Root Mean Square Residual) for the WITHIN level

        Mean                                 0.041
        Std Dev                              0.000
        Number of successful computations       10

             Proportions                   Percentiles
        Expected    Observed         Expected       Observed
           0.990       1.000            0.041          0.041
           0.980       1.000            0.041          0.041
           0.950       0.900            0.041          0.041
           0.900       0.800            0.041          0.041
           0.800       0.800            0.041          0.041
           0.700       0.800            0.041          0.041
           0.500       0.500            0.041          0.041
           0.300       0.400            0.041          0.041
           0.200       0.200            0.041          0.041
           0.100       0.100            0.041          0.041
           0.050       0.100            0.041          0.041
           0.020       0.000            0.041          0.041
           0.010       0.000            0.041          0.041

SRMR (Standardized Root Mean Square Residual) for the BETWEEN level

        Mean                                 0.107
        Std Dev                              0.004
        Number of successful computations       10

             Proportions                   Percentiles
        Expected    Observed         Expected       Observed
           0.990       0.900            0.097          0.095
           0.980       0.900            0.098          0.095
           0.950       0.900            0.100          0.095
           0.900       0.900            0.101          0.095
           0.800       0.900            0.103          0.095
           0.700       0.900            0.105          0.106
           0.500       0.600            0.107          0.108
           0.300       0.500            0.109          0.109
           0.200       0.000            0.110          0.109
           0.100       0.000            0.112          0.110
           0.050       0.000            0.114          0.110
           0.020       0.000            0.116          0.110
           0.010       0.000            0.117          0.110



MODEL RESULTS

                                                    Two-Tailed   Rate of
                    Estimate       S.E.  Est./S.E.    P-Value    Missing

Within Level

 FCFMLRTY   ON
    FLSCHOOL           1.375      0.106     13.029      0.000      0.001
    NOBULLY            0.174      0.096      1.808      0.071      0.000
    FLFAMILY           0.292      0.085      3.427      0.001      0.001

 FLCONFIN   ON
    FLSCHOOL           0.165      0.021      7.765      0.000      0.001
    NOBULLY            0.048      0.015      3.113      0.002      0.000
    FLFAMILY           0.115      0.023      4.936      0.000      0.000

 FLIT       ON
    FLSCHOOL          -4.649      1.938     -2.399      0.016      0.294
    NOBULLY            1.999      1.935      1.033      0.302      0.326
    FLFAMILY          -6.290      1.678     -3.748      0.000      0.300
    FCFMLRTY           3.477      0.344     10.102      0.000      0.355
    FLCONFIN           9.909      2.099      4.720      0.000      0.458
    MALE               2.683      3.113      0.862      0.389      0.162
    IMMI1GEN         -28.542     22.328     -1.278      0.201      0.172
    IMMI2GEN          -7.624      5.358     -1.423      0.155      0.256
    ESCS              16.955      2.103      8.063      0.000      0.154

 FLSCHOOL WITH
    NOBULLY           -0.064      0.017     -3.690      0.000      0.000
    FLFAMILY           0.191      0.015     12.358      0.000      0.000

 NOBULLY  WITH
    FLFAMILY          -0.049      0.018     -2.694      0.007      0.000

 FCFMLRTY WITH
    FLCONFIN           0.895      0.073     12.231      0.000      0.000

 ESCS     WITH
    FLFAMILY           0.040      0.012      3.281      0.001      0.003

 Means
    ESCS               0.150      0.030      5.053      0.000      0.000

 Intercepts
    FCFMLRTY           7.634      0.114     66.687      0.000      0.000
    FLCONFIN           0.202      0.020     10.082      0.000      0.000

 Variances
    FLSCHOOL           0.714      0.022     32.516      0.000      0.000
    NOBULLY            0.985      0.027     36.727      0.000      0.000
    FLFAMILY           0.867      0.029     30.168      0.000      0.000
    ESCS               0.586      0.014     41.280      0.000      0.000

 Residual Variances
    FLIT            5694.144    170.320     33.432      0.000      0.266
    FCFMLRTY          23.257      0.658     35.367      0.000      0.000
    FLCONFIN           0.762      0.025     30.048      0.000      0.000

Between Level

 FLIT       ON
    FLSCHOOL         -26.173    165.700     -0.158      0.874      0.209
    NOBULLY           52.606    174.845      0.301      0.764      0.194
    FLFAMILY        -114.577    499.526     -0.229      0.819      0.204
    EDUSHORT          -3.026     14.514     -0.208      0.835      0.184
    STRATIO            0.953      0.839      1.137      0.256      0.065

 FLSCHOOL WITH
    NOBULLY           -0.010      0.139     -0.073      0.942      0.000
    FLFAMILY           0.021      0.214      0.098      0.922      0.000
    EDUSHORT           0.017      0.037      0.455      0.649      0.000

 NOBULLY  WITH
    FLFAMILY          -0.008      0.131     -0.062      0.951      0.000
    EDUSHORT          -0.031      0.024     -1.272      0.203      0.000

 FLFAMILY WITH
    EDUSHORT          -0.005      0.171     -0.029      0.977      0.000

 Means
    EDUSHORT           0.108      0.066      1.641      0.101      0.000
    FLSCHOOL           0.068      0.025      2.740      0.006      0.000
    NOBULLY           -0.108      0.022     -4.889      0.000      0.001
    FLFAMILY          -0.137      0.035     -3.866      0.000      0.000

 Intercepts
    FLIT             498.997     97.456      5.120      0.000      0.215

 Variances
    EDUSHORT           0.735      0.083      8.834      0.000      0.000
    FLSCHOOL           0.055      0.022      2.452      0.014      0.000
    NOBULLY            0.018      0.016      1.137      0.256      0.000
    FLFAMILY           0.011      0.583      0.019      0.985      0.000

 Residual Variances
    FLIT             249.875    152.404      1.640      0.101      0.415


STANDARDIZED MODEL RESULTS


STDYX Standardization

                                                    Two-Tailed   Rate of
                    Estimate       S.E.  Est./S.E.    P-Value    Missing

Within Level

 FCFMLRTY   ON
    FLSCHOOL           0.233      0.018     13.095      0.000      0.001
    NOBULLY            0.035      0.019      1.811      0.070      0.000
    FLFAMILY           0.055      0.016      3.435      0.001      0.001

 FLCONFIN   ON
    FLSCHOOL           0.156      0.020      7.764      0.000      0.001
    NOBULLY            0.053      0.017      3.102      0.002      0.000
    FLFAMILY           0.119      0.024      5.031      0.000      0.000

 FLIT       ON
    FLSCHOOL          -0.049      0.020     -2.419      0.016      0.295
    NOBULLY            0.025      0.024      1.034      0.301      0.323
    FLFAMILY          -0.074      0.020     -3.741      0.000      0.300
    FCFMLRTY           0.218      0.020     10.687      0.000      0.383
    FLCONFIN           0.112      0.024      4.714      0.000      0.463
    MALE               0.017      0.020      0.861      0.389      0.163
    IMMI1GEN          -0.029      0.023     -1.282      0.200      0.177
    IMMI2GEN          -0.028      0.020     -1.423      0.155      0.261
    ESCS               0.163      0.020      8.305      0.000      0.146

 FLSCHOOL WITH
    NOBULLY           -0.076      0.021     -3.715      0.000      0.000
    FLFAMILY           0.242      0.018     13.169      0.000      0.000

 NOBULLY  WITH
    FLFAMILY          -0.053      0.019     -2.745      0.006      0.000

 FCFMLRTY WITH
    FLCONFIN           0.213      0.017     12.336      0.000      0.000

 ESCS     WITH
    FLFAMILY           0.057      0.017      3.305      0.001      0.003

 Means
    ESCS               0.196      0.039      5.043      0.000      0.000

 Intercepts
    FCFMLRTY           1.532      0.034     44.649      0.000      0.000
    FLCONFIN           0.225      0.024      9.484      0.000      0.000

 Variances
    FLSCHOOL           1.000      0.000    999.000    999.000      0.000
    NOBULLY            1.000      0.000  *********      0.000      0.000
    FLFAMILY           1.000      0.000  *********      0.000      0.000
    ESCS               1.000      0.000  *********      0.000      0.000

 Residual Variances
    FLIT               0.902      0.012     75.499      0.000      0.330
    FCFMLRTY           0.937      0.008    117.802      0.000      0.001
    FLCONFIN           0.952      0.009    103.289      0.000      0.001

Between Level

 FLIT       ON
    FLSCHOOL          -0.210    409.730     -0.001      1.000      0.000
    NOBULLY            0.246    203.529      0.001      0.999      0.000
    FLFAMILY          -0.441    659.516     -0.001      0.999      0.000
    EDUSHORT          -0.096    167.792     -0.001      1.000      0.000
    STRATIO            0.110     36.547      0.003      0.998      0.000

 FLSCHOOL WITH
    NOBULLY           -0.323      4.317     -0.075      0.940      0.000
    FLFAMILY           0.852     33.106      0.026      0.979      0.000
    EDUSHORT           0.084      0.180      0.468      0.640      0.000

 NOBULLY  WITH
    FLFAMILY          -0.580     26.732     -0.022      0.983      0.000
    EDUSHORT          -0.270      0.179     -1.507      0.132      0.000

 FLFAMILY WITH
    EDUSHORT          -0.055      3.529     -0.016      0.988      0.000

 Means
    EDUSHORT           0.125      0.076      1.652      0.099      0.000
    FLSCHOOL           0.290      0.121      2.391      0.017      0.000
    NOBULLY           -0.813      0.440     -1.846      0.065      0.000
    FLFAMILY          -1.304     36.387     -0.036      0.971      0.000

 Intercepts
    FLIT              17.898   3853.468      0.005      0.996      0.000

 Variances
    EDUSHORT           1.000      0.000    999.000    999.000      0.000
    FLSCHOOL           1.000      0.000  *********      0.000      0.000
    NOBULLY            1.000      0.000  *********      0.000      0.000
    FLFAMILY           1.000      0.000  *********      0.000      0.000

 Residual Variances
    FLIT               0.318      0.192      1.661      0.097      0.430


R-SQUARE

Within Level

    Observed                                        Two-Tailed   Rate of
    Variable        Estimate       S.E.  Est./S.E.    P-Value    Missing

    FLIT               0.098      0.012      8.247      0.000      0.330
    FCFMLRTY           0.063      0.008      7.963      0.000      0.001
    FLCONFIN           0.048      0.009      5.263      0.000      0.001

Between Level

    Observed                                        Two-Tailed   Rate of
    Variable        Estimate       S.E.  Est./S.E.    P-Value    Missing

    FLIT               0.682      0.192      3.560      0.000      0.430


QUALITY OF NUMERICAL RESULTS

     Average Condition Number for the Information Matrix     -0.621E-02
       (ratio of smallest to largest eigenvalue)


TOTAL, TOTAL INDIRECT, SPECIFIC INDIRECT, AND DIRECT EFFECTS


                                                    Two-Tailed   Rate of
                    Estimate       S.E.  Est./S.E.    P-Value    Missing

WITHIN

Effects from FLSCHOOL to FLIT

  Total                1.770      1.982      0.893      0.372      0.319
  Total indirect       6.419      0.718      8.942      0.000      0.267

  Specific indirect 1
    FLIT
    FCFMLRTY
    FLSCHOOL           4.782      0.566      8.446      0.000      0.248

  Specific indirect 2
    FLIT
    FLCONFIN
    FLSCHOOL           1.637      0.416      3.936      0.000      0.319

  Direct
    FLIT
    FLSCHOOL          -4.649      1.938     -2.399      0.016      0.294


Effects from NOBULLY to FLIT

  Total                3.080      1.977      1.558      0.119      0.312
  Total indirect       1.081      0.394      2.748      0.006      0.036

  Specific indirect 1
    FLIT
    FCFMLRTY
    NOBULLY            0.604      0.340      1.778      0.075      0.010

  Specific indirect 2
    FLIT
    FLCONFIN
    NOBULLY            0.478      0.189      2.524      0.012      0.124

  Direct
    FLIT
    NOBULLY            1.999      1.935      1.033      0.302      0.326


Effects from FLFAMILY to FLIT

  Total               -4.137      1.754     -2.358      0.018      0.306
  Total indirect       2.153      0.472      4.561      0.000      0.141

  Specific indirect 1
    FLIT
    FCFMLRTY
    FLFAMILY           1.017      0.321      3.168      0.002      0.035

  Specific indirect 2
    FLIT
    FLCONFIN
    FLFAMILY           1.136      0.334      3.400      0.001      0.241

  Direct
    FLIT
    FLFAMILY          -6.290      1.678     -3.748      0.000      0.300


BETWEEN

Effects from FLSCHOOL to FLIT

  Total              -26.173    165.700     -0.158      0.874      0.209
  Total indirect       0.000      0.000     -0.302      0.763      0.167

  Direct
    FLIT
    FLSCHOOL         -26.173    165.700     -0.158      0.874      0.209


Effects from NOBULLY to FLIT

  Total               52.606    174.845      0.301      0.764      0.194
  Total indirect       0.000      0.000      0.064      0.949      0.167

  Direct
    FLIT
    NOBULLY           52.606    174.845      0.301      0.764      0.194


Effects from FLFAMILY to FLIT

  Total             -114.577    499.526     -0.229      0.819      0.204
  Total indirect       0.000      0.000     -0.302      0.763      0.167

  Direct
    FLIT
    FLFAMILY        -114.577    499.526     -0.229      0.819      0.204



STANDARDIZED TOTAL, TOTAL INDIRECT, SPECIFIC INDIRECT, AND DIRECT EFFECTS


STDYX Standardization

                                                    Two-Tailed   Rate of
                    Estimate       S.E.  Est./S.E.    P-Value    Missing

WITHIN

Effects from FLSCHOOL to FLIT

  Total                0.019      0.021      0.892      0.372      0.318
  Total indirect       0.068      0.008      9.071      0.000      0.272

  Specific indirect 1
    FLIT
    FCFMLRTY
    FLSCHOOL           0.051      0.006      8.747      0.000      0.257

  Specific indirect 2
    FLIT
    FLCONFIN
    FLSCHOOL           0.017      0.004      3.893      0.000      0.316

  Direct
    FLIT
    FLSCHOOL          -0.049      0.020     -2.419      0.016      0.295


Effects from NOBULLY to FLIT

  Total                0.038      0.025      1.563      0.118      0.308
  Total indirect       0.014      0.005      2.752      0.006      0.036

  Specific indirect 1
    FLIT
    FCFMLRTY
    NOBULLY            0.008      0.004      1.781      0.075      0.010

  Specific indirect 2
    FLIT
    FLCONFIN
    NOBULLY            0.006      0.002      2.519      0.012      0.125

  Direct
    FLIT
    NOBULLY            0.025      0.024      1.034      0.301      0.323


Effects from FLFAMILY to FLIT

  Total               -0.048      0.021     -2.352      0.019      0.305
  Total indirect       0.025      0.005      4.613      0.000      0.146

  Specific indirect 1
    FLIT
    FCFMLRTY
    FLFAMILY           0.012      0.004      3.194      0.001      0.034

  Specific indirect 2
    FLIT
    FLCONFIN
    FLFAMILY           0.013      0.004      3.413      0.001      0.247

  Direct
    FLIT
    FLFAMILY          -0.074      0.020     -3.741      0.000      0.300


BETWEEN

Effects from FLSCHOOL to FLIT

  Total               -0.210    409.730     -0.001      1.000      0.000
  Total indirect       0.000      0.000      0.000      1.000      0.167

  Direct
    FLIT
    FLSCHOOL          -0.210    409.730     -0.001      1.000      0.000


Effects from NOBULLY to FLIT

  Total                0.246    203.529      0.001      0.999      0.000
  Total indirect       0.000      0.000      0.000      1.000      0.167

  Direct
    FLIT
    NOBULLY            0.246    203.529      0.001      0.999      0.000


Effects from FLFAMILY to FLIT

  Total               -0.441    659.516     -0.001      0.999      0.000
  Total indirect       0.000      0.000      0.000      1.000      0.167

  Direct
    FLIT
    FLFAMILY          -0.441    659.516     -0.001      0.999      0.000




TECHNICAL 1 OUTPUT


     PARAMETER SPECIFICATION FOR WITHIN


           NU
              FLIT          FCFMLRTY      FLCONFIN      FLSCHOOL      NOBULLY
              ________      ________      ________      ________      ________
                    0             0             0             0             0


           NU
              FLFAMILY      ESCS          MALE          IMMI1GEN      IMMI2GEN
              ________      ________      ________      ________      ________
                    0             0             0             0             0


           LAMBDA
              FLIT          FCFMLRTY      FLCONFIN      FLSCHOOL      NOBULLY
              ________      ________      ________      ________      ________
 FLIT               0             0             0             0             0
 FCFMLRTY           0             0             0             0             0
 FLCONFIN           0             0             0             0             0
 FLSCHOOL           0             0             0             0             0
 NOBULLY            0             0             0             0             0
 FLFAMILY           0             0             0             0             0
 ESCS               0             0             0             0             0
 MALE               0             0             0             0             0
 IMMI1GEN           0             0             0             0             0
 IMMI2GEN           0             0             0             0             0


           LAMBDA
              FLFAMILY      ESCS          MALE          IMMI1GEN      IMMI2GEN
              ________      ________      ________      ________      ________
 FLIT               0             0             0             0             0
 FCFMLRTY           0             0             0             0             0
 FLCONFIN           0             0             0             0             0
 FLSCHOOL           0             0             0             0             0
 NOBULLY            0             0             0             0             0
 FLFAMILY           0             0             0             0             0
 ESCS               0             0             0             0             0
 MALE               0             0             0             0             0
 IMMI1GEN           0             0             0             0             0
 IMMI2GEN           0             0             0             0             0


           THETA
              FLIT          FCFMLRTY      FLCONFIN      FLSCHOOL      NOBULLY
              ________      ________      ________      ________      ________
 FLIT               0
 FCFMLRTY           0             0
 FLCONFIN           0             0             0
 FLSCHOOL           0             0             0             0
 NOBULLY            0             0             0             0             0
 FLFAMILY           0             0             0             0             0
 ESCS               0             0             0             0             0
 MALE               0             0             0             0             0
 IMMI1GEN           0             0             0             0             0
 IMMI2GEN           0             0             0             0             0


           THETA
              FLFAMILY      ESCS          MALE          IMMI1GEN      IMMI2GEN
              ________      ________      ________      ________      ________
 FLFAMILY           0
 ESCS               0             0
 MALE               0             0             0
 IMMI1GEN           0             0             0             0
 IMMI2GEN           0             0             0             0             0


           ALPHA
              FLIT          FCFMLRTY      FLCONFIN      FLSCHOOL      NOBULLY
              ________      ________      ________      ________      ________
                    0             1             2             0             0


           ALPHA
              FLFAMILY      ESCS          MALE          IMMI1GEN      IMMI2GEN
              ________      ________      ________      ________      ________
                    0             3             0             0             0


           BETA
              FLIT          FCFMLRTY      FLCONFIN      FLSCHOOL      NOBULLY
              ________      ________      ________      ________      ________
 FLIT               0             4             5             6             7
 FCFMLRTY           0             0             0            13            14
 FLCONFIN           0             0             0            16            17
 FLSCHOOL           0             0             0             0             0
 NOBULLY            0             0             0             0             0
 FLFAMILY           0             0             0             0             0
 ESCS               0             0             0             0             0
 MALE               0             0             0             0             0
 IMMI1GEN           0             0             0             0             0
 IMMI2GEN           0             0             0             0             0


           BETA
              FLFAMILY      ESCS          MALE          IMMI1GEN      IMMI2GEN
              ________      ________      ________      ________      ________
 FLIT               8             9            10            11            12
 FCFMLRTY          15             0             0             0             0
 FLCONFIN          18             0             0             0             0
 FLSCHOOL           0             0             0             0             0
 NOBULLY            0             0             0             0             0
 FLFAMILY           0             0             0             0             0
 ESCS               0             0             0             0             0
 MALE               0             0             0             0             0
 IMMI1GEN           0             0             0             0             0
 IMMI2GEN           0             0             0             0             0


           PSI
              FLIT          FCFMLRTY      FLCONFIN      FLSCHOOL      NOBULLY
              ________      ________      ________      ________      ________
 FLIT              19
 FCFMLRTY           0            20
 FLCONFIN           0            21            22
 FLSCHOOL           0             0             0            23
 NOBULLY            0             0             0            24            25
 FLFAMILY           0             0             0            26            27
 ESCS               0             0             0             0             0
 MALE               0             0             0             0             0
 IMMI1GEN           0             0             0             0             0
 IMMI2GEN           0             0             0             0             0


           PSI
              FLFAMILY      ESCS          MALE          IMMI1GEN      IMMI2GEN
              ________      ________      ________      ________      ________
 FLFAMILY          28
 ESCS              29            30
 MALE               0             0             0
 IMMI1GEN           0             0             0             0
 IMMI2GEN           0             0             0             0             0


     PARAMETER SPECIFICATION FOR BETWEEN


           NU
              EDUSHORT      FLIT          FLSCHOOL      NOBULLY       FLFAMILY
              ________      ________      ________      ________      ________
                    0             0             0             0             0


           NU
              STRATIO
              ________
                    0


           LAMBDA
              EDUSHORT      FLIT          FLSCHOOL      NOBULLY       FLFAMILY
              ________      ________      ________      ________      ________
 EDUSHORT           0             0             0             0             0
 FLIT               0             0             0             0             0
 FLSCHOOL           0             0             0             0             0
 NOBULLY            0             0             0             0             0
 FLFAMILY           0             0             0             0             0
 STRATIO            0             0             0             0             0


           LAMBDA
              STRATIO
              ________
 EDUSHORT           0
 FLIT               0
 FLSCHOOL           0
 NOBULLY            0
 FLFAMILY           0
 STRATIO            0


           THETA
              EDUSHORT      FLIT          FLSCHOOL      NOBULLY       FLFAMILY
              ________      ________      ________      ________      ________
 EDUSHORT           0
 FLIT               0             0
 FLSCHOOL           0             0             0
 NOBULLY            0             0             0             0
 FLFAMILY           0             0             0             0             0
 STRATIO            0             0             0             0             0


           THETA
              STRATIO
              ________
 STRATIO            0


           ALPHA
              EDUSHORT      FLIT          FLSCHOOL      NOBULLY       FLFAMILY
              ________      ________      ________      ________      ________
                   31            32            33            34            35


           ALPHA
              STRATIO
              ________
                    0


           BETA
              EDUSHORT      FLIT          FLSCHOOL      NOBULLY       FLFAMILY
              ________      ________      ________      ________      ________
 EDUSHORT           0             0             0             0             0
 FLIT              36             0            37            38            39
 FLSCHOOL           0             0             0             0             0
 NOBULLY            0             0             0             0             0
 FLFAMILY           0             0             0             0             0
 STRATIO            0             0             0             0             0


           BETA
              STRATIO
              ________
 EDUSHORT           0
 FLIT              40
 FLSCHOOL           0
 NOBULLY            0
 FLFAMILY           0
 STRATIO            0


           PSI
              EDUSHORT      FLIT          FLSCHOOL      NOBULLY       FLFAMILY
              ________      ________      ________      ________      ________
 EDUSHORT          41
 FLIT               0            42
 FLSCHOOL          43             0            44
 NOBULLY           45             0            46            47
 FLFAMILY          48             0            49            50            51
 STRATIO            0             0             0             0             0


           PSI
              STRATIO
              ________
 STRATIO            0


     STARTING VALUES FOR WITHIN


           NU
              FLIT          FCFMLRTY      FLCONFIN      FLSCHOOL      NOBULLY
              ________      ________      ________      ________      ________
                0.000         0.000         0.000         0.000         0.000


           NU
              FLFAMILY      ESCS          MALE          IMMI1GEN      IMMI2GEN
              ________      ________      ________      ________      ________
                0.000         0.000         0.000         0.000         0.000


           LAMBDA
              FLIT          FCFMLRTY      FLCONFIN      FLSCHOOL      NOBULLY
              ________      ________      ________      ________      ________
 FLIT           1.000         0.000         0.000         0.000         0.000
 FCFMLRTY       0.000         1.000         0.000         0.000         0.000
 FLCONFIN       0.000         0.000         1.000         0.000         0.000
 FLSCHOOL       0.000         0.000         0.000         1.000         0.000
 NOBULLY        0.000         0.000         0.000         0.000         1.000
 FLFAMILY       0.000         0.000         0.000         0.000         0.000
 ESCS           0.000         0.000         0.000         0.000         0.000
 MALE           0.000         0.000         0.000         0.000         0.000
 IMMI1GEN       0.000         0.000         0.000         0.000         0.000
 IMMI2GEN       0.000         0.000         0.000         0.000         0.000


           LAMBDA
              FLFAMILY      ESCS          MALE          IMMI1GEN      IMMI2GEN
              ________      ________      ________      ________      ________
 FLIT           0.000         0.000         0.000         0.000         0.000
 FCFMLRTY       0.000         0.000         0.000         0.000         0.000
 FLCONFIN       0.000         0.000         0.000         0.000         0.000
 FLSCHOOL       0.000         0.000         0.000         0.000         0.000
 NOBULLY        0.000         0.000         0.000         0.000         0.000
 FLFAMILY       1.000         0.000         0.000         0.000         0.000
 ESCS           0.000         1.000         0.000         0.000         0.000
 MALE           0.000         0.000         1.000         0.000         0.000
 IMMI1GEN       0.000         0.000         0.000         1.000         0.000
 IMMI2GEN       0.000         0.000         0.000         0.000         1.000


           THETA
              FLIT          FCFMLRTY      FLCONFIN      FLSCHOOL      NOBULLY
              ________      ________      ________      ________      ________
 FLIT           0.000
 FCFMLRTY       0.000         0.000
 FLCONFIN       0.000         0.000         0.000
 FLSCHOOL       0.000         0.000         0.000         0.000
 NOBULLY        0.000         0.000         0.000         0.000         0.000
 FLFAMILY       0.000         0.000         0.000         0.000         0.000
 ESCS           0.000         0.000         0.000         0.000         0.000
 MALE           0.000         0.000         0.000         0.000         0.000
 IMMI1GEN       0.000         0.000         0.000         0.000         0.000
 IMMI2GEN       0.000         0.000         0.000         0.000         0.000


           THETA
              FLFAMILY      ESCS          MALE          IMMI1GEN      IMMI2GEN
              ________      ________      ________      ________      ________
 FLFAMILY       0.000
 ESCS           0.000         0.000
 MALE           0.000         0.000         0.000
 IMMI1GEN       0.000         0.000         0.000         0.000
 IMMI2GEN       0.000         0.000         0.000         0.000         0.000


           ALPHA
              FLIT          FCFMLRTY      FLCONFIN      FLSCHOOL      NOBULLY
              ________      ________      ________      ________      ________
                0.000         7.642         0.205         0.000         0.000


           ALPHA
              FLFAMILY      ESCS          MALE          IMMI1GEN      IMMI2GEN
              ________      ________      ________      ________      ________
                0.000         0.096         0.000         0.000         0.000


           BETA
              FLIT          FCFMLRTY      FLCONFIN      FLSCHOOL      NOBULLY
              ________      ________      ________      ________      ________
 FLIT           0.000         0.000         0.000         0.000         0.000
 FCFMLRTY       0.000         0.000         0.000         0.000         0.000
 FLCONFIN       0.000         0.000         0.000         0.000         0.000
 FLSCHOOL       0.000         0.000         0.000         0.000         0.000
 NOBULLY        0.000         0.000         0.000         0.000         0.000
 FLFAMILY       0.000         0.000         0.000         0.000         0.000
 ESCS           0.000         0.000         0.000         0.000         0.000
 MALE           0.000         0.000         0.000         0.000         0.000
 IMMI1GEN       0.000         0.000         0.000         0.000         0.000
 IMMI2GEN       0.000         0.000         0.000         0.000         0.000


           BETA
              FLFAMILY      ESCS          MALE          IMMI1GEN      IMMI2GEN
              ________      ________      ________      ________      ________
 FLIT           0.000         0.000         0.000         0.000         0.000
 FCFMLRTY       0.000         0.000         0.000         0.000         0.000
 FLCONFIN       0.000         0.000         0.000         0.000         0.000
 FLSCHOOL       0.000         0.000         0.000         0.000         0.000
 NOBULLY        0.000         0.000         0.000         0.000         0.000
 FLFAMILY       0.000         0.000         0.000         0.000         0.000
 ESCS           0.000         0.000         0.000         0.000         0.000
 MALE           0.000         0.000         0.000         0.000         0.000
 IMMI1GEN       0.000         0.000         0.000         0.000         0.000
 IMMI2GEN       0.000         0.000         0.000         0.000         0.000


           PSI
              FLIT          FCFMLRTY      FLCONFIN      FLSCHOOL      NOBULLY
              ________      ________      ________      ________      ________
 FLIT        3773.287
 FCFMLRTY       0.000        12.474
 FLCONFIN       0.000         0.000         0.408
 FLSCHOOL       0.000         0.000         0.000         0.373
 NOBULLY        0.000         0.000         0.000         0.000         0.507
 FLFAMILY       0.000         0.000         0.000         0.000         0.000
 ESCS           0.000         0.000         0.000         0.000         0.000
 MALE           0.000         0.000         0.000         0.000         0.000
 IMMI1GEN       0.000         0.000         0.000         0.000         0.000
 IMMI2GEN       0.000         0.000         0.000         0.000         0.000


           PSI
              FLFAMILY      ESCS          MALE          IMMI1GEN      IMMI2GEN
              ________      ________      ________      ________      ________
 FLFAMILY       0.433
 ESCS           0.000         0.305
 MALE           0.000         0.000         0.125
 IMMI1GEN       0.000         0.000         0.000         0.004
 IMMI2GEN       0.000         0.000         0.000         0.000         0.041


     STARTING VALUES FOR BETWEEN


           NU
              EDUSHORT      FLIT          FLSCHOOL      NOBULLY       FLFAMILY
              ________      ________      ________      ________      ________
                0.000         0.000         0.000         0.000         0.000


           NU
              STRATIO
              ________
                0.000


           LAMBDA
              EDUSHORT      FLIT          FLSCHOOL      NOBULLY       FLFAMILY
              ________      ________      ________      ________      ________
 EDUSHORT       1.000         0.000         0.000         0.000         0.000
 FLIT           0.000         1.000         0.000         0.000         0.000
 FLSCHOOL       0.000         0.000         1.000         0.000         0.000
 NOBULLY        0.000         0.000         0.000         1.000         0.000
 FLFAMILY       0.000         0.000         0.000         0.000         1.000
 STRATIO        0.000         0.000         0.000         0.000         0.000


           LAMBDA
              STRATIO
              ________
 EDUSHORT       0.000
 FLIT           0.000
 FLSCHOOL       0.000
 NOBULLY        0.000
 FLFAMILY       0.000
 STRATIO        1.000


           THETA
              EDUSHORT      FLIT          FLSCHOOL      NOBULLY       FLFAMILY
              ________      ________      ________      ________      ________
 EDUSHORT       0.000
 FLIT           0.000         0.000
 FLSCHOOL       0.000         0.000         0.000
 NOBULLY        0.000         0.000         0.000         0.000
 FLFAMILY       0.000         0.000         0.000         0.000         0.000
 STRATIO        0.000         0.000         0.000         0.000         0.000


           THETA
              STRATIO
              ________
 STRATIO        0.000


           ALPHA
              EDUSHORT      FLIT          FLSCHOOL      NOBULLY       FLFAMILY
              ________      ________      ________      ________      ________
                0.108       549.393         0.073        -0.102        -0.154


           ALPHA
              STRATIO
              ________
                0.000


           BETA
              EDUSHORT      FLIT          FLSCHOOL      NOBULLY       FLFAMILY
              ________      ________      ________      ________      ________
 EDUSHORT       0.000         0.000         0.000         0.000         0.000
 FLIT           0.000         0.000         0.000         0.000         0.000
 FLSCHOOL       0.000         0.000         0.000         0.000         0.000
 NOBULLY        0.000         0.000         0.000         0.000         0.000
 FLFAMILY       0.000         0.000         0.000         0.000         0.000
 STRATIO        0.000         0.000         0.000         0.000         0.000


           BETA
              STRATIO
              ________
 EDUSHORT       0.000
 FLIT           0.000
 FLSCHOOL       0.000
 NOBULLY        0.000
 FLFAMILY       0.000
 STRATIO        0.000


           PSI
              EDUSHORT      FLIT          FLSCHOOL      NOBULLY       FLFAMILY
              ________      ________      ________      ________      ________
 EDUSHORT       0.371
 FLIT           0.000      3773.287
 FLSCHOOL       0.000         0.000         0.373
 NOBULLY        0.000         0.000         0.000         0.507
 FLFAMILY       0.000         0.000         0.000         0.000         0.433
 STRATIO        0.000         0.000         0.000         0.000         0.000


           PSI
              STRATIO
              ________
 STRATIO        4.350


     Beginning Time:  20:09:57
        Ending Time:  20:17:25
       Elapsed Time:  00:07:28



MUTHEN & MUTHEN
3463 Stoner Ave.
Los Angeles, CA  90066

Tel: (310) 391-9971
Fax: (310) 391-8971
Web: www.StatModel.com
Support: Support@StatModel.com

Copyright (c) 1998-2019 Muthen & Muthen
