Mplus VERSION 8.3
MUTHEN & MUTHEN
02/27/2021  11:48 PM

INPUT INSTRUCTIONS


  TITLE:
      Two-level structured model 380

  DATA:
      file = "C:\Users\tctan\implist.dat";

      type = imputation;


  VARIABLE:
      names =
          FKI CNTRYID CNTSCHID W_STU
          MATH READ FLIT                      ! PISA achievement variables
          MALE IMMI1GEN IMMI2GEN ESCS         ! Demographic info
          FCFMLRTY FLCONFIN                   ! Affect
          FLSCHOOL                            !   Lat var "Academic"
          NOBULLY                             !   Lat var "Safety"
          FLFAMILY                            !   Lat var "Community"
          W_SCH STRATIO                       ! School character
          EDUSHORT                            !   Lat var "inst. env."
          ;

      useobs = CNTRYID eq 380;          ! Pull out one country at a time

      usevar =
          FLIT                                ! PISA achievement variables
          FLSCHOOL                            !   Lat var "Academic"
          NOBULLY                             !   Lat var "Safety"
          FLFAMILY                            !   Lat var "Community"
          EDUSHORT STRATIO                    !   Lat var "Inst env"
          FCFMLRTY FLCONFIN                   ! Affect
          MALE IMMI1GEN IMMI2GEN ESCS         ! Demographic info
          ;

      ! Vars that ONLY appear in L1
      within =
          FCFMLRTY FLCONFIN                   ! Affective vars
          MALE IMMI1GEN IMMI2GEN ESCS         ! L1 control vars
          ;

      ! Vars that ONLY appear in L2
      between =
          EDUSHORT STRATIO                    ! L2: school
          ;

      weight = W_STU;                         ! Student weight
      wtscale = cluster;                      ! Scale L1 weight to cluster size
      bweight = W_SCH;                        ! School weight
      bwtscale = sample;                      ! Scale L2 weight to sample

      cluster = CNTSCHID;                     ! Cluster by school ID


  ANALYSIS:
      processors = 4;

      type = twolevel;


  MODEL:

  %Within%                                    ! === L1: Student-level ===

      ! Indirect pathways (1st half): school climate vars onto mediators
          ! Onto mediator FAMILIARITY
      FCFMLRTY on FLSCHOOL FLFAMILY NOBULLY ESCS IMMI2GEN MALE;
          ! Onto mediator CONFIDENCE
      FLCONFIN on FLSCHOOL FLFAMILY NOBULLY ESCS IMMI2GEN MALE;

      ! Total effect
      FLIT on
          ! Indirect pathways (2nd half): affective vars onto financial literacy
          FCFMLRTY FLCONFIN
          ! Direct pathways: school climate vars onto financial literacy
          FLSCHOOL FLFAMILY NOBULLY
          ! Dmographic vars
          ESCS IMMI1GEN
          ;

      ! Covariances
          ! Between school climate vars
      FLSCHOOL with FLFAMILY;
      FLFAMILY with NOBULLY;
      FLSCHOOL with NOBULLY;
          ! Between mediators
      FCFMLRTY with FLCONFIN;

          ! SES with school climate vars
      ESCS with FLSCHOOL FLFAMILY;
          ! SES with demographic vars
      ESCS with IMMI1GEN IMMI2GEN;

  %Between%                                   ! === L2: School-level ===

      FLIT on
          FLSCHOOL FLFAMILY NOBULLY EDUSHORT  ! School climate variables
          STRATIO                             ! Control: Student-teacher ratio
          ;

      FLSCHOOL with FLFAMILY;
      FLFAMILY with NOBULLY;
      NOBULLY with EDUSHORT;

      FLSCHOOL with NOBULLY;
      FLFAMILY with EDUSHORT;

      FLSCHOOL with EDUSHORT;

      STRATIO with FLSCHOOL EDUSHORT;


  MODEL INDIRECT:

      ! Indirect effects
      FLIT ind FLSCHOOL;
      FLIT ind FLFAMILY;
      FLIT ind NOBULLY;

      FLIT ind ESCS;
      FLIT ind IMMI2GEN;
      FLIT ind MALE;


  OUTPUT:
      stdyx                                   ! Fully standardised solution
      ;



INPUT READING TERMINATED NORMALLY




Two-level structured model 380

SUMMARY OF ANALYSIS

Number of groups                                                 1
Average number of observations                                9182

Number of replications
    Requested                                                   10
    Completed                                                   10

Number of dependent variables                                    3
Number of independent variables                                  9
Number of continuous latent variables                            0

Observed dependent variables

  Continuous
   FLIT        FCFMLRTY    FLCONFIN

Observed independent variables
   FLSCHOOL    NOBULLY     FLFAMILY    EDUSHORT    STRATIO     MALE
   IMMI1GEN    IMMI2GEN    ESCS

Variables with special functions

  Cluster variable      CNTSCHID
  Weight variable (cluster-size scaling)
    W_STU
  Between weight variable (sample-size scaling)
    W_SCH

  Within variables
   FCFMLRTY    FLCONFIN    MALE        IMMI1GEN    IMMI2GEN    ESCS

  Between variables
   EDUSHORT    STRATIO


Estimator                                                      MLR
Information matrix                                        OBSERVED
Maximum number of iterations                                   100
Convergence criterion                                    0.100D-05
Maximum number of EM iterations                                500
Convergence criteria for the EM algorithm
  Loglikelihood change                                   0.100D-02
  Relative loglikelihood change                          0.100D-05
  Derivative                                             0.100D-03
Minimum variance                                         0.100D-03
Maximum number of steepest descent iterations                   20
Maximum number of iterations for H1                           2000
Convergence criterion for H1                             0.100D-03
Optimization algorithm                                         EMA

Input data file(s)
  Multiple data files from
    C:\Users\tctan\implist.dat
Input data format  FREE


SUMMARY OF DATA FOR THE FIRST DATA SET

     Number of clusters                        539

     Average cluster size       17.035

     Estimated Intraclass Correlations for the Y Variables

                Intraclass              Intraclass              Intraclass
     Variable  Correlation   Variable  Correlation   Variable  Correlation

     FLIT         0.348      FCFMLRTY     0.000      FLCONFIN     0.000
     FLSCHOOL     0.088      NOBULLY      0.031      FLFAMILY     0.009
     IMMI1GEN     0.000      IMMI2GEN     0.000      ESCS         0.000



SAMPLE STATISTICS

NOTE:  The sample statistics for within and between refer to the
       maximum-likelihood estimated within and between covariance
       matrices, respectively.

NOTE:  These are average results over 10 data sets.


     ESTIMATED SAMPLE STATISTICS FOR WITHIN


           Means
              EDUSHORT      STRATIO       FLIT          FCFMLRTY      FLCONFIN
              ________      ________      ________      ________      ________
                0.000         0.000         0.000         6.479        -0.351


           Means
              FLSCHOOL      NOBULLY       FLFAMILY      IMMI1GEN      IMMI2GEN
              ________      ________      ________      ________      ________
                0.000         0.000         0.000         0.035         0.055


           Means
              ESCS          MALE
              ________      ________
               -0.169         0.507


           Covariances
              EDUSHORT      STRATIO       FLIT          FCFMLRTY      FLCONFIN
              ________      ________      ________      ________      ________
 EDUSHORT       0.000
 STRATIO        0.000         0.000
 FLIT           0.000         0.000      5248.627
 FCFMLRTY       0.000         0.000        57.947        25.314
 FLCONFIN       0.000         0.000         7.641         1.311         1.012
 FLSCHOOL       0.000         0.000        -2.652         1.332         0.184
 NOBULLY        0.000         0.000         4.079         0.184        -0.026
 FLFAMILY       0.000         0.000         6.197         0.935         0.209
 IMMI1GEN       0.000         0.000        -1.218        -0.001         0.005
 IMMI2GEN       0.000         0.000        -0.616        -0.014         0.011
 ESCS           0.000         0.000         5.830         0.280         0.009
 MALE           0.000         0.000         4.720         0.181         0.097


           Covariances
              FLSCHOOL      NOBULLY       FLFAMILY      IMMI1GEN      IMMI2GEN
              ________      ________      ________      ________      ________
 FLSCHOOL       0.844
 NOBULLY       -0.064         1.025
 FLFAMILY       0.195        -0.037         1.042
 IMMI1GEN       0.005        -0.003        -0.003         0.034
 IMMI2GEN       0.006        -0.007         0.001        -0.002         0.052
 ESCS          -0.021         0.019         0.032        -0.021        -0.026
 MALE           0.026        -0.052         0.006        -0.001         0.000


           Covariances
              ESCS          MALE
              ________      ________
 ESCS           0.810
 MALE           0.012         0.250


           Correlations
              EDUSHORT      STRATIO       FLIT          FCFMLRTY      FLCONFIN
              ________      ________      ________      ________      ________
 EDUSHORT       0.000
 STRATIO        0.000         0.000
 FLIT           0.000         0.000         1.000
 FCFMLRTY       0.000         0.000         0.159         1.000
 FLCONFIN       0.000         0.000         0.105         0.259         1.000
 FLSCHOOL       0.000         0.000        -0.040         0.288         0.199
 NOBULLY        0.000         0.000         0.056         0.036        -0.025
 FLFAMILY       0.000         0.000         0.084         0.182         0.204
 IMMI1GEN       0.000         0.000        -0.092        -0.001         0.026
 IMMI2GEN       0.000         0.000        -0.037        -0.012         0.047
 ESCS           0.000         0.000         0.089         0.062         0.010
 MALE           0.000         0.000         0.130         0.072         0.193


           Correlations
              FLSCHOOL      NOBULLY       FLFAMILY      IMMI1GEN      IMMI2GEN
              ________      ________      ________      ________      ________
 FLSCHOOL       1.000
 NOBULLY       -0.069         1.000
 FLFAMILY       0.208        -0.036         1.000
 IMMI1GEN       0.028        -0.014        -0.014         1.000
 IMMI2GEN       0.028        -0.030         0.003        -0.046         1.000
 ESCS          -0.025         0.021         0.035        -0.125        -0.128
 MALE           0.057        -0.103         0.011        -0.008         0.002


           Correlations
              ESCS          MALE
              ________      ________
 ESCS           1.000
 MALE           0.026         1.000


     ESTIMATED SAMPLE STATISTICS FOR BETWEEN


           Means
              EDUSHORT      STRATIO       FLIT          FCFMLRTY      FLCONFIN
              ________      ________      ________      ________      ________
                0.307         9.821       477.742         0.000         0.000


           Means
              FLSCHOOL      NOBULLY       FLFAMILY      IMMI1GEN      IMMI2GEN
              ________      ________      ________      ________      ________
               -0.244         0.043         0.050         0.000         0.000


           Means
              ESCS          MALE
              ________      ________
                0.000         0.000


           Covariances
              EDUSHORT      STRATIO       FLIT          FCFMLRTY      FLCONFIN
              ________      ________      ________      ________      ________
 EDUSHORT       0.824
 STRATIO       -0.573        46.076
 FLIT          -7.940        61.311      2891.295
 FCFMLRTY       0.000         0.000         0.000         0.000
 FLCONFIN       0.000         0.000         0.000         0.000         0.000
 FLSCHOOL       0.035        -0.194       -12.158         0.000         0.000
 NOBULLY       -0.003         0.119         5.784         0.000         0.000
 FLFAMILY       0.007         0.055        -0.721         0.000         0.000
 IMMI1GEN       0.000         0.000         0.000         0.000         0.000
 IMMI2GEN       0.000         0.000         0.000         0.000         0.000
 ESCS           0.000         0.000         0.000         0.000         0.000
 MALE           0.000         0.000         0.000         0.000         0.000


           Covariances
              FLSCHOOL      NOBULLY       FLFAMILY      IMMI1GEN      IMMI2GEN
              ________      ________      ________      ________      ________
 FLSCHOOL       0.085
 NOBULLY       -0.032         0.025
 FLFAMILY      -0.007        -0.001         0.010
 IMMI1GEN       0.000         0.000         0.000         0.000
 IMMI2GEN       0.000         0.000         0.000         0.000         0.000
 ESCS           0.000         0.000         0.000         0.000         0.000
 MALE           0.000         0.000         0.000         0.000         0.000


           Covariances
              ESCS          MALE
              ________      ________
 ESCS           0.000
 MALE           0.000         0.000


           Correlations
              EDUSHORT      STRATIO       FLIT          FCFMLRTY      FLCONFIN
              ________      ________      ________      ________      ________
 EDUSHORT       1.000
 STRATIO       -0.093         1.000
 FLIT          -0.163         0.168         1.000
 FCFMLRTY       0.000         0.000         0.000         0.000
 FLCONFIN       0.000         0.000         0.000         0.000         0.000
 FLSCHOOL       0.131        -0.098        -0.778         0.000         0.000
 NOBULLY       -0.020         0.110         0.677         0.000         0.000
 FLFAMILY       0.076         0.083        -0.137         0.000         0.000
 IMMI1GEN       0.000         0.000         0.000         0.000         0.000
 IMMI2GEN       0.000         0.000         0.000         0.000         0.000
 ESCS           0.000         0.000         0.000         0.000         0.000
 MALE           0.000         0.000         0.000         0.000         0.000


           Correlations
              FLSCHOOL      NOBULLY       FLFAMILY      IMMI1GEN      IMMI2GEN
              ________      ________      ________      ________      ________
 FLSCHOOL       1.000
 NOBULLY       -0.699         1.000
 FLFAMILY      -0.246        -0.073         1.000
 IMMI1GEN       0.000         0.000         0.000         0.000
 IMMI2GEN       0.000         0.000         0.000         0.000         0.000
 ESCS           0.000         0.000         0.000         0.000         0.000
 MALE           0.000         0.000         0.000         0.000         0.000


           Correlations
              ESCS          MALE
              ________      ________
 ESCS           0.000
 MALE           0.000         0.000




MODEL FIT INFORMATION

Number of Free Parameters                       66

Loglikelihood

    H0 Value

        Mean                           -142196.766
        Std Dev                            125.658
        Number of successful computations       10

             Proportions                   Percentiles
        Expected    Observed         Expected       Observed
           0.990       1.000      -142489.085    -142369.463
           0.980       1.000      -142454.831    -142369.463
           0.950       1.000      -142403.461    -142369.463
           0.900       0.900      -142357.810    -142369.463
           0.800       0.700      -142302.520    -142369.463
           0.700       0.700      -142262.661    -142313.438
           0.500       0.400      -142196.766    -142236.719
           0.300       0.300      -142130.871    -142169.449
           0.200       0.200      -142091.012    -142095.932
           0.100       0.200      -142035.722    -142027.593
           0.050       0.100      -141990.070    -142027.593
           0.020       0.000      -141938.701    -142027.593
           0.010       0.000      -141904.447    -142027.593

    H1 Value

        Mean                           -142043.264
        Std Dev                            122.265
        Number of successful computations       10

             Proportions                   Percentiles
        Expected    Observed         Expected       Observed
           0.990       1.000      -142327.690    -142216.269
           0.980       1.000      -142294.360    -142216.269
           0.950       1.000      -142244.378    -142216.269
           0.900       0.900      -142199.959    -142216.269
           0.800       0.800      -142146.162    -142216.269
           0.700       0.700      -142107.380    -142144.311
           0.500       0.400      -142043.264    -142080.300
           0.300       0.300      -141979.148    -142013.520
           0.200       0.200      -141940.365    -141940.383
           0.100       0.200      -141886.569    -141874.785
           0.050       0.100      -141842.150    -141874.785
           0.020       0.000      -141792.168    -141874.785
           0.010       0.000      -141758.838    -141874.785

Information Criteria

    Akaike (AIC)

        Mean                            284525.532
        Std Dev                            251.317
        Number of successful computations       10

             Proportions                   Percentiles
        Expected    Observed         Expected       Observed
           0.990       1.000       283940.893     284058.288
           0.980       1.000       284009.402     284058.288
           0.950       0.900       284112.141     284058.288
           0.900       0.800       284203.444     284058.288
           0.800       0.800       284314.023     284058.288
           0.700       0.700       284393.741     284323.865
           0.500       0.600       284525.532     284571.986
           0.300       0.300       284657.322     284636.056
           0.200       0.300       284737.040     284758.877
           0.100       0.100       284847.619     284771.798
           0.050       0.000       284938.923     284771.798
           0.020       0.000       285041.661     284771.798
           0.010       0.000       285110.170     284771.798

    Bayesian (BIC)

        Mean                            284995.782
        Std Dev                            251.317
        Number of successful computations       10

             Proportions                   Percentiles
        Expected    Observed         Expected       Observed
           0.990       1.000       284411.143     284528.538
           0.980       1.000       284479.652     284528.538
           0.950       0.900       284582.391     284528.538
           0.900       0.800       284673.694     284528.538
           0.800       0.800       284784.273     284528.538
           0.700       0.700       284863.991     284794.115
           0.500       0.600       284995.782     285042.236
           0.300       0.300       285127.572     285106.306
           0.200       0.300       285207.290     285229.127
           0.100       0.100       285317.869     285242.048
           0.050       0.000       285409.173     285242.048
           0.020       0.000       285511.911     285242.048
           0.010       0.000       285580.420     285242.048

    Sample-Size Adjusted BIC (n* = (n + 2) / 24)

        Mean                            284786.045
        Std Dev                            251.317
        Number of successful computations       10

             Proportions                   Percentiles
        Expected    Observed         Expected       Observed
           0.990       1.000       284201.406     284318.801
           0.980       1.000       284269.915     284318.801
           0.950       0.900       284372.653     284318.801
           0.900       0.800       284463.957     284318.801
           0.800       0.800       284574.536     284318.801
           0.700       0.700       284654.254     284584.378
           0.500       0.600       284786.045     284832.499
           0.300       0.300       284917.835     284896.569
           0.200       0.300       284997.553     285019.389
           0.100       0.100       285108.132     285032.311
           0.050       0.000       285199.436     285032.311
           0.020       0.000       285302.174     285032.311
           0.010       0.000       285370.683     285032.311

Chi-Square Test of Model Fit

        Degrees of freedom                      20

        Mean                               150.127
        Std Dev                             12.634
        Number of successful computations       10

             Proportions                   Percentiles
        Expected    Observed         Expected       Observed
           0.990       1.000            8.260        131.675
           0.980       1.000            9.237        131.675
           0.950       1.000           10.851        131.675
           0.900       1.000           12.443        131.675
           0.800       1.000           14.578        131.675
           0.700       1.000           16.266        141.623
           0.500       1.000           19.337        147.200
           0.300       1.000           22.775        151.557
           0.200       1.000           25.038        157.396
           0.100       1.000           28.412        170.333
           0.050       1.000           31.410        170.333
           0.020       1.000           35.020        170.333
           0.010       1.000           37.566        170.333

RMSEA (Root Mean Square Error Of Approximation)

        Mean                                 0.027
        Std Dev                              0.001
        Number of successful computations       10

             Proportions                   Percentiles
        Expected    Observed         Expected       Observed
           0.990       1.000            0.024          0.025
           0.980       1.000            0.024          0.025
           0.950       1.000            0.024          0.025
           0.900       0.800            0.025          0.025
           0.800       0.800            0.026          0.025
           0.700       0.700            0.026          0.026
           0.500       0.500            0.027          0.026
           0.300       0.300            0.027          0.027
           0.200       0.200            0.028          0.027
           0.100       0.200            0.028          0.029
           0.050       0.000            0.029          0.029
           0.020       0.000            0.029          0.029
           0.010       0.000            0.030          0.029

CFI/TLI

    CFI

        Mean                                 0.932
        Std Dev                              0.007
        Number of successful computations       10

             Proportions                   Percentiles
        Expected    Observed         Expected       Observed
           0.990       1.000            0.915          0.920
           0.980       1.000            0.917          0.920
           0.950       1.000            0.920          0.920
           0.900       0.800            0.922          0.920
           0.800       0.800            0.926          0.920
           0.700       0.700            0.928          0.928
           0.500       0.600            0.932          0.933
           0.300       0.300            0.935          0.933
           0.200       0.200            0.938          0.936
           0.100       0.200            0.941          0.941
           0.050       0.000            0.943          0.941
           0.020       0.000            0.946          0.941
           0.010       0.000            0.948          0.941

    TLI

        Mean                                 0.795
        Std Dev                              0.022
        Number of successful computations       10

             Proportions                   Percentiles
        Expected    Observed         Expected       Observed
           0.990       1.000            0.745          0.760
           0.980       1.000            0.751          0.760
           0.950       1.000            0.759          0.760
           0.900       0.800            0.767          0.760
           0.800       0.800            0.777          0.760
           0.700       0.700            0.784          0.783
           0.500       0.600            0.795          0.799
           0.300       0.300            0.806          0.799
           0.200       0.200            0.813          0.808
           0.100       0.200            0.822          0.824
           0.050       0.000            0.830          0.824
           0.020       0.000            0.839          0.824
           0.010       0.000            0.845          0.824

SRMR (Standardized Root Mean Square Residual) for the WITHIN level

        Mean                                 0.024
        Std Dev                              0.001
        Number of successful computations       10

             Proportions                   Percentiles
        Expected    Observed         Expected       Observed
           0.990       1.000            0.022          0.023
           0.980       1.000            0.023          0.023
           0.950       0.900            0.023          0.023
           0.900       0.800            0.023          0.023
           0.800       0.800            0.024          0.023
           0.700       0.700            0.024          0.024
           0.500       0.700            0.024          0.025
           0.300       0.200            0.025          0.025
           0.200       0.200            0.025          0.025
           0.100       0.100            0.026          0.025
           0.050       0.100            0.026          0.025
           0.020       0.000            0.026          0.025
           0.010       0.000            0.027          0.025

SRMR (Standardized Root Mean Square Residual) for the BETWEEN level

        Mean                                 0.081
        Std Dev                              0.021
        Number of successful computations       10

             Proportions                   Percentiles
        Expected    Observed         Expected       Observed
           0.990       1.000            0.031          0.057
           0.980       1.000            0.037          0.057
           0.950       1.000            0.045          0.057
           0.900       1.000            0.053          0.057
           0.800       0.900            0.063          0.057
           0.700       0.700            0.069          0.067
           0.500       0.400            0.081          0.075
           0.300       0.100            0.092          0.082
           0.200       0.100            0.099          0.087
           0.100       0.100            0.108          0.088
           0.050       0.100            0.116          0.088
           0.020       0.100            0.125          0.088
           0.010       0.100            0.131          0.088



MODEL RESULTS

                                                    Two-Tailed   Rate of
                    Estimate       S.E.  Est./S.E.    P-Value    Missing

Within Level

 FCFMLRTY   ON
    FLSCHOOL           1.446      0.096     15.129      0.000      0.056
    FLFAMILY           0.625      0.086      7.276      0.000      0.190
    NOBULLY            0.321      0.082      3.938      0.000      0.276
    ESCS               0.332      0.088      3.790      0.000      0.119
    IMMI2GEN          -0.220      0.257     -0.854      0.393      0.132
    MALE               0.616      0.167      3.686      0.000      0.011

 FLCONFIN   ON
    FLSCHOOL           0.167      0.021      8.014      0.000      0.217
    FLFAMILY           0.167      0.019      8.983      0.000      0.227
    NOBULLY            0.012      0.016      0.727      0.467      0.133
    ESCS               0.009      0.017      0.518      0.605      0.112
    IMMI2GEN           0.193      0.071      2.721      0.007      0.110
    MALE               0.371      0.030     12.459      0.000      0.144

 FLIT       ON
    FCFMLRTY           2.169      0.326      6.661      0.000      0.508
    FLCONFIN           5.308      1.515      3.503      0.000      0.402
    FLSCHOOL          -8.429      1.688     -4.994      0.000      0.265
    FLFAMILY           4.385      1.535      2.856      0.004      0.374
    NOBULLY            3.336      1.322      2.523      0.012      0.287
    ESCS               5.461      1.650      3.310      0.001      0.402
    IMMI1GEN         -31.710      8.021     -3.954      0.000      0.353

 FLSCHOOL WITH
    FLFAMILY           0.196      0.018     10.736      0.000      0.019
    NOBULLY           -0.060      0.018     -3.360      0.001      0.208
    ESCS              -0.012      0.015     -0.794      0.427      0.138

 FLFAMILY WITH
    NOBULLY           -0.039      0.021     -1.876      0.061      0.374
    ESCS               0.032      0.015      2.068      0.039      0.049

 FCFMLRTY WITH
    FLCONFIN           0.864      0.083     10.391      0.000      0.141

 ESCS     WITH
    IMMI1GEN          -0.021      0.003     -6.198      0.000      0.056
    IMMI2GEN          -0.027      0.004     -7.143      0.000      0.054

 Means
    IMMI1GEN           0.035      0.003     10.989      0.000      0.009
    IMMI2GEN           0.055      0.005     11.359      0.000      0.014
    ESCS              -0.169      0.028     -5.982      0.000      0.005

 Intercepts
    FCFMLRTY           6.235      0.128     48.891      0.000      0.036
    FLCONFIN          -0.548      0.024    -22.686      0.000      0.064

 Variances
    FLSCHOOL           0.841      0.022     38.932      0.000      0.096
    NOBULLY            1.021      0.033     30.584      0.000      0.141
    FLFAMILY           1.043      0.026     39.445      0.000      0.030
    IMMI1GEN           0.034      0.003     11.401      0.000      0.009
    IMMI2GEN           0.052      0.004     12.067      0.000      0.014
    ESCS               0.811      0.019     43.738      0.000      0.028

 Residual Variances
    FLIT            4933.753    165.568     29.799      0.000      0.372
    FCFMLRTY          22.539      0.527     42.804      0.000      0.053
    FLCONFIN           0.908      0.022     40.518      0.000      0.094

Between Level

 FLIT       ON
    FLSCHOOL        -179.050    255.683     -0.700      0.484      0.102
    FLFAMILY        -321.693    637.557     -0.505      0.614      0.071
    NOBULLY          -27.686    372.129     -0.074      0.941      0.118
    EDUSHORT           1.074     25.313      0.042      0.966      0.085
    STRATIO            0.571      0.645      0.885      0.376      0.318

 FLSCHOOL WITH
    FLFAMILY          -0.008      0.007     -1.151      0.250      0.151
    NOBULLY           -0.040      0.008     -4.924      0.000      0.199
    EDUSHORT           0.034      0.023      1.455      0.146      0.089
    STRATIO           -0.134      0.135     -0.992      0.321      0.250

 FLFAMILY WITH
    NOBULLY            0.001      0.006      0.154      0.877      0.353
    EDUSHORT           0.007      0.017      0.412      0.680      0.098

 NOBULLY  WITH
    EDUSHORT           0.000      0.025      0.001      0.999      0.354

 STRATIO  WITH
    EDUSHORT          -0.576      0.427     -1.347      0.178      0.332

 Means
    EDUSHORT           0.307      0.063      4.885      0.000      0.139
    STRATIO            9.821      0.445     22.088      0.000      0.242
    FLSCHOOL          -0.243      0.026     -9.186      0.000      0.052
    NOBULLY            0.042      0.023      1.867      0.062      0.266
    FLFAMILY           0.050      0.017      2.871      0.004      0.066

 Intercepts
    FLIT             435.377     25.640     16.980      0.000      0.108

 Variances
    EDUSHORT           0.824      0.090      9.142      0.000      0.088
    STRATIO           46.076     19.211      2.398      0.016      0.049
    FLSCHOOL           0.090      0.012      7.628      0.000      0.129
    NOBULLY            0.033      0.010      3.118      0.002      0.338
    FLFAMILY           0.009      0.006      1.443      0.149      0.246

 Residual Variances
    FLIT             606.865   1069.512      0.567      0.570      0.071


STANDARDIZED MODEL RESULTS


STDYX Standardization

                                                    Two-Tailed   Rate of
                    Estimate       S.E.  Est./S.E.    P-Value    Missing

Within Level

 FCFMLRTY   ON
    FLSCHOOL           0.264      0.017     15.351      0.000      0.061
    FLFAMILY           0.127      0.017      7.319      0.000      0.182
    NOBULLY            0.064      0.016      3.980      0.000      0.270
    ESCS               0.059      0.016      3.784      0.000      0.114
    IMMI2GEN          -0.010      0.012     -0.854      0.393      0.134
    MALE               0.061      0.017      3.710      0.000      0.011

 FLCONFIN   ON
    FLSCHOOL           0.152      0.019      8.083      0.000      0.197
    FLFAMILY           0.170      0.018      9.209      0.000      0.225
    NOBULLY            0.012      0.017      0.728      0.467      0.133
    ESCS               0.008      0.015      0.517      0.605      0.111
    IMMI2GEN           0.044      0.017      2.664      0.008      0.106
    MALE               0.185      0.015     12.710      0.000      0.107

 FLIT       ON
    FCFMLRTY           0.151      0.022      6.797      0.000      0.517
    FLCONFIN           0.074      0.021      3.463      0.001      0.408
    FLSCHOOL          -0.107      0.021     -5.014      0.000      0.263
    FLFAMILY           0.062      0.021      2.881      0.004      0.364
    NOBULLY            0.047      0.019      2.507      0.012      0.292
    ESCS               0.068      0.021      3.299      0.001      0.409
    IMMI1GEN          -0.080      0.021     -3.900      0.000      0.337

 FLSCHOOL WITH
    FLFAMILY           0.209      0.018     11.570      0.000      0.020
    NOBULLY           -0.065      0.019     -3.419      0.001      0.217
    ESCS              -0.015      0.019     -0.794      0.427      0.137

 FLFAMILY WITH
    NOBULLY           -0.038      0.020     -1.879      0.060      0.374
    ESCS               0.034      0.017      2.061      0.039      0.049

 FCFMLRTY WITH
    FLCONFIN           0.191      0.017     11.036      0.000      0.169

 ESCS     WITH
    IMMI1GEN          -0.130      0.018     -7.190      0.000      0.072
    IMMI2GEN          -0.133      0.016     -8.187      0.000      0.065

 Means
    IMMI1GEN           0.190      0.009     21.210      0.000      0.009
    IMMI2GEN           0.242      0.011     21.458      0.000      0.014
    ESCS              -0.187      0.031     -5.972      0.000      0.005

 Intercepts
    FCFMLRTY           1.240      0.028     44.186      0.000      0.034
    FLCONFIN          -0.546      0.025    -21.873      0.000      0.097

 Variances
    FLSCHOOL           1.000      0.000  *********      0.000      0.000
    NOBULLY            1.000      0.000    999.000    999.000      0.000
    FLFAMILY           1.000      0.000  *********      0.000      0.000
    IMMI1GEN           1.000      0.000  *********      0.000      0.000
    IMMI2GEN           1.000      0.000  *********      0.000      0.000
    ESCS               1.000      0.000    999.000    999.000      0.000

 Residual Variances
    FLIT               0.942      0.009    110.317      0.000      0.189
    FCFMLRTY           0.891      0.010     89.949      0.000      0.073
    FLCONFIN           0.901      0.010     88.219      0.000      0.180

Between Level

 FLIT       ON
    FLSCHOOL          -1.009      1.437     -0.703      0.482      0.101
    FLFAMILY          -0.537      0.978     -0.549      0.583      0.069
    NOBULLY           -0.114      1.365     -0.084      0.933      0.108
    EDUSHORT           0.018      0.431      0.043      0.966      0.085
    STRATIO            0.072      0.082      0.885      0.376      0.330

 FLSCHOOL WITH
    FLFAMILY          -0.295      0.268     -1.100      0.271      0.186
    NOBULLY           -0.749      0.115     -6.507      0.000      0.310
    EDUSHORT           0.124      0.082      1.510      0.131      0.096
    STRATIO           -0.067      0.075     -0.891      0.373      0.214

 FLFAMILY WITH
    NOBULLY            0.062      0.361      0.170      0.865      0.322
    EDUSHORT           0.084      0.204      0.414      0.679      0.099

 NOBULLY  WITH
    EDUSHORT          -0.003      0.147     -0.021      0.983      0.350

 STRATIO  WITH
    EDUSHORT          -0.093      0.071     -1.313      0.189      0.270

 Means
    EDUSHORT           0.339      0.070      4.846      0.000      0.170
    STRATIO            1.451      0.273      5.321      0.000      0.068
    FLSCHOOL          -0.811      0.111     -7.279      0.000      0.103
    NOBULLY            0.237      0.142      1.668      0.095      0.291
    FLFAMILY           0.545      0.294      1.852      0.064      0.167

 Intercepts
    FLIT               8.174      0.641     12.756      0.000      0.036

 Variances
    EDUSHORT           1.000      0.000  *********      0.000      0.000
    STRATIO            1.000      0.000    999.000    999.000      0.000
    FLSCHOOL           1.000      0.000  *********      0.000      0.000
    NOBULLY            1.000      0.000  *********      0.000      0.000
    FLFAMILY           1.000      0.000    999.000    999.000      0.000

 Residual Variances
    FLIT               0.213      0.381      0.560      0.576      0.067


R-SQUARE

Within Level

    Observed                                        Two-Tailed   Rate of
    Variable        Estimate       S.E.  Est./S.E.    P-Value    Missing

    FLIT               0.058      0.009      6.776      0.000      0.189
    FCFMLRTY           0.109      0.010     10.964      0.000      0.073
    FLCONFIN           0.099      0.010      9.692      0.000      0.180

Between Level

    Observed                                        Two-Tailed   Rate of
    Variable        Estimate       S.E.  Est./S.E.    P-Value    Missing

    FLIT               0.787      0.381      2.067      0.039      0.067


QUALITY OF NUMERICAL RESULTS

     Average Condition Number for the Information Matrix     -0.407E-16
       (ratio of smallest to largest eigenvalue)


TOTAL, TOTAL INDIRECT, SPECIFIC INDIRECT, AND DIRECT EFFECTS


                                                    Two-Tailed   Rate of
                    Estimate       S.E.  Est./S.E.    P-Value    Missing

WITHIN

Effects from FLSCHOOL to FLIT

  Total               -4.408      1.634     -2.698      0.007      0.293
  Total indirect       4.021      0.479      8.393      0.000      0.206

  Specific indirect 1
    FLIT
    FCFMLRTY
    FLSCHOOL           3.135      0.502      6.243      0.000      0.442

  Specific indirect 2
    FLIT
    FLCONFIN
    FLSCHOOL           0.886      0.283      3.131      0.002      0.424

  Direct
    FLIT
    FLSCHOOL          -8.429      1.688     -4.994      0.000      0.265


Effects from FLFAMILY to FLIT

  Total                6.630      1.468      4.516      0.000      0.338
  Total indirect       2.245      0.361      6.225      0.000      0.212

  Specific indirect 1
    FLIT
    FCFMLRTY
    FLFAMILY           1.356      0.283      4.784      0.000      0.395

  Specific indirect 2
    FLIT
    FLCONFIN
    FLFAMILY           0.889      0.281      3.163      0.002      0.353

  Direct
    FLIT
    FLFAMILY           4.385      1.535      2.856      0.004      0.374


Effects from NOBULLY to FLIT

  Total                4.096      1.339      3.059      0.002      0.293
  Total indirect       0.760      0.242      3.142      0.002      0.307

  Specific indirect 1
    FLIT
    FCFMLRTY
    NOBULLY            0.698      0.218      3.210      0.001      0.376

  Specific indirect 2
    FLIT
    FLCONFIN
    NOBULLY            0.062      0.090      0.681      0.496      0.106

  Direct
    FLIT
    NOBULLY            3.336      1.322      2.523      0.012      0.287


Effects from ESCS to FLIT

  Total                6.223      1.633      3.810      0.000      0.383
  Total indirect       0.762      0.255      2.983      0.003      0.090

  Specific indirect 1
    FLIT
    FCFMLRTY
    ESCS               0.717      0.215      3.329      0.001      0.096

  Specific indirect 2
    FLIT
    FLCONFIN
    ESCS               0.045      0.091      0.494      0.621      0.089

  Direct
    FLIT
    ESCS               5.461      1.650      3.310      0.001      0.402


Effects from IMMI2GEN to FLIT

  Total                0.542      0.778      0.697      0.486      0.124
  Total indirect       0.542      0.778      0.697      0.486      0.124

  Specific indirect 1
    FLIT
    FCFMLRTY
    IMMI2GEN          -0.474      0.563     -0.842      0.400      0.151

  Specific indirect 2
    FLIT
    FLCONFIN
    IMMI2GEN           1.017      0.451      2.256      0.024      0.117


Effects from MALE to FLIT

  Total                3.303      0.654      5.052      0.000      0.135
  Total indirect       3.303      0.654      5.052      0.000      0.135

  Specific indirect 1
    FLIT
    FCFMLRTY
    MALE               1.338      0.418      3.201      0.001      0.146

  Specific indirect 2
    FLIT
    FLCONFIN
    MALE               1.965      0.586      3.354      0.001      0.366


BETWEEN

Effects from FLSCHOOL to FLIT

  Total             -179.050    255.683     -0.700      0.484      0.102
  Total indirect       0.000      0.000     -0.302      0.763      0.167

  Direct
    FLIT
    FLSCHOOL        -179.050    255.683     -0.700      0.484      0.102


Effects from FLFAMILY to FLIT

  Total             -321.693    637.557     -0.505      0.614      0.071
  Total indirect       0.000      0.000      0.000      1.000      0.167

  Direct
    FLIT
    FLFAMILY        -321.693    637.557     -0.505      0.614      0.071


Effects from NOBULLY to FLIT

  Total              -27.686    372.129     -0.074      0.941      0.118
  Total indirect       0.000      0.000      0.322      0.747      0.167

  Direct
    FLIT
    NOBULLY          -27.686    372.129     -0.074      0.941      0.118


Effects from ESCS to FLIT

  Total                0.000      0.000    999.000      0.000      0.167
  Total indirect       0.000      0.000    999.000      0.000      0.167


Effects from IMMI2GEN to FLIT

  Total                0.000      0.000    999.000      0.000      0.167
  Total indirect       0.000      0.000    999.000      0.000      0.167


Effects from MALE to FLIT

  Total                0.000      0.000    999.000      0.000      0.167
  Total indirect       0.000      0.000    999.000      0.000      0.167



STANDARDIZED TOTAL, TOTAL INDIRECT, SPECIFIC INDIRECT, AND DIRECT EFFECTS


STDYX Standardization

                                                    Two-Tailed   Rate of
                    Estimate       S.E.  Est./S.E.    P-Value    Missing

WITHIN

Effects from FLSCHOOL to FLIT

  Total               -0.056      0.021     -2.703      0.007      0.293
  Total indirect       0.051      0.006      8.435      0.000      0.193

  Specific indirect 1
    FLIT
    FCFMLRTY
    FLSCHOOL           0.040      0.006      6.310      0.000      0.434

  Specific indirect 2
    FLIT
    FLCONFIN
    FLSCHOOL           0.011      0.004      3.125      0.002      0.419

  Direct
    FLIT
    FLSCHOOL          -0.107      0.021     -5.014      0.000      0.263


Effects from FLFAMILY to FLIT

  Total                0.094      0.020      4.580      0.000      0.325
  Total indirect       0.032      0.005      6.179      0.000      0.237

  Specific indirect 1
    FLIT
    FCFMLRTY
    FLFAMILY           0.019      0.004      4.828      0.000      0.408

  Specific indirect 2
    FLIT
    FLCONFIN
    FLFAMILY           0.013      0.004      3.136      0.002      0.358

  Direct
    FLIT
    FLFAMILY           0.062      0.021      2.881      0.004      0.364


Effects from NOBULLY to FLIT

  Total                0.057      0.019      3.042      0.002      0.297
  Total indirect       0.011      0.003      3.181      0.001      0.295

  Specific indirect 1
    FLIT
    FCFMLRTY
    NOBULLY            0.010      0.003      3.255      0.001      0.364

  Specific indirect 2
    FLIT
    FLCONFIN
    NOBULLY            0.001      0.001      0.681      0.496      0.107

  Direct
    FLIT
    NOBULLY            0.047      0.019      2.507      0.012      0.292


Effects from ESCS to FLIT

  Total                0.077      0.020      3.797      0.000      0.391
  Total indirect       0.009      0.003      2.995      0.003      0.086

  Specific indirect 1
    FLIT
    FCFMLRTY
    ESCS               0.009      0.003      3.344      0.001      0.088

  Specific indirect 2
    FLIT
    FLCONFIN
    ESCS               0.001      0.001      0.495      0.621      0.090

  Direct
    FLIT
    ESCS               0.068      0.021      3.299      0.001      0.409


Effects from IMMI2GEN to FLIT

  Total                0.002      0.002      0.693      0.488      0.125
  Total indirect       0.002      0.002      0.693      0.488      0.125

  Specific indirect 1
    FLIT
    FCFMLRTY
    IMMI2GEN          -0.002      0.002     -0.841      0.400      0.154

  Specific indirect 2
    FLIT
    FLCONFIN
    IMMI2GEN           0.003      0.001      2.205      0.027      0.115


Effects from MALE to FLIT

  Total                0.023      0.005      5.011      0.000      0.140
  Total indirect       0.023      0.005      5.011      0.000      0.140

  Specific indirect 1
    FLIT
    FCFMLRTY
    MALE               0.009      0.003      3.214      0.001      0.143

  Specific indirect 2
    FLIT
    FLCONFIN
    MALE               0.014      0.004      3.329      0.001      0.366


BETWEEN

Effects from FLSCHOOL to FLIT

  Total               -1.009      1.437     -0.703      0.482      0.101
  Total indirect       0.000      0.000      0.000      1.000      0.167

  Direct
    FLIT
    FLSCHOOL          -1.009      1.437     -0.703      0.482      0.101


Effects from FLFAMILY to FLIT

  Total               -0.537      0.978     -0.549      0.583      0.069
  Total indirect       0.000      0.000      0.000      1.000      0.167

  Direct
    FLIT
    FLFAMILY          -0.537      0.978     -0.549      0.583      0.069


Effects from NOBULLY to FLIT

  Total               -0.114      1.365     -0.084      0.933      0.108
  Total indirect       0.000      0.000      0.000      1.000      0.167

  Direct
    FLIT
    NOBULLY           -0.114      1.365     -0.084      0.933      0.108


Effects from ESCS to FLIT

  Total                0.000      0.000      0.000      1.000      0.167
  Total indirect       0.000      0.000      0.000      1.000      0.167


Effects from IMMI2GEN to FLIT

  Total                0.000      0.000      0.000      1.000      0.167
  Total indirect       0.000      0.000      0.000      1.000      0.167


Effects from MALE to FLIT

  Total                0.000      0.000      0.000      1.000      0.167
  Total indirect       0.000      0.000      0.000      1.000      0.167




TECHNICAL 1 OUTPUT


     PARAMETER SPECIFICATION FOR WITHIN


           NU
              FLIT          FCFMLRTY      FLCONFIN      FLSCHOOL      NOBULLY
              ________      ________      ________      ________      ________
                    0             0             0             0             0


           NU
              FLFAMILY      IMMI1GEN      IMMI2GEN      ESCS          MALE
              ________      ________      ________      ________      ________
                    0             0             0             0             0


           LAMBDA
              FLIT          FCFMLRTY      FLCONFIN      FLSCHOOL      NOBULLY
              ________      ________      ________      ________      ________
 FLIT               0             0             0             0             0
 FCFMLRTY           0             0             0             0             0
 FLCONFIN           0             0             0             0             0
 FLSCHOOL           0             0             0             0             0
 NOBULLY            0             0             0             0             0
 FLFAMILY           0             0             0             0             0
 IMMI1GEN           0             0             0             0             0
 IMMI2GEN           0             0             0             0             0
 ESCS               0             0             0             0             0
 MALE               0             0             0             0             0


           LAMBDA
              FLFAMILY      IMMI1GEN      IMMI2GEN      ESCS          MALE
              ________      ________      ________      ________      ________
 FLIT               0             0             0             0             0
 FCFMLRTY           0             0             0             0             0
 FLCONFIN           0             0             0             0             0
 FLSCHOOL           0             0             0             0             0
 NOBULLY            0             0             0             0             0
 FLFAMILY           0             0             0             0             0
 IMMI1GEN           0             0             0             0             0
 IMMI2GEN           0             0             0             0             0
 ESCS               0             0             0             0             0
 MALE               0             0             0             0             0


           THETA
              FLIT          FCFMLRTY      FLCONFIN      FLSCHOOL      NOBULLY
              ________      ________      ________      ________      ________
 FLIT               0
 FCFMLRTY           0             0
 FLCONFIN           0             0             0
 FLSCHOOL           0             0             0             0
 NOBULLY            0             0             0             0             0
 FLFAMILY           0             0             0             0             0
 IMMI1GEN           0             0             0             0             0
 IMMI2GEN           0             0             0             0             0
 ESCS               0             0             0             0             0
 MALE               0             0             0             0             0


           THETA
              FLFAMILY      IMMI1GEN      IMMI2GEN      ESCS          MALE
              ________      ________      ________      ________      ________
 FLFAMILY           0
 IMMI1GEN           0             0
 IMMI2GEN           0             0             0
 ESCS               0             0             0             0
 MALE               0             0             0             0             0


           ALPHA
              FLIT          FCFMLRTY      FLCONFIN      FLSCHOOL      NOBULLY
              ________      ________      ________      ________      ________
                    0             1             2             0             0


           ALPHA
              FLFAMILY      IMMI1GEN      IMMI2GEN      ESCS          MALE
              ________      ________      ________      ________      ________
                    0             3             4             5             0


           BETA
              FLIT          FCFMLRTY      FLCONFIN      FLSCHOOL      NOBULLY
              ________      ________      ________      ________      ________
 FLIT               0             6             7             8             9
 FCFMLRTY           0             0             0            13            14
 FLCONFIN           0             0             0            19            20
 FLSCHOOL           0             0             0             0             0
 NOBULLY            0             0             0             0             0
 FLFAMILY           0             0             0             0             0
 IMMI1GEN           0             0             0             0             0
 IMMI2GEN           0             0             0             0             0
 ESCS               0             0             0             0             0
 MALE               0             0             0             0             0


           BETA
              FLFAMILY      IMMI1GEN      IMMI2GEN      ESCS          MALE
              ________      ________      ________      ________      ________
 FLIT              10            11             0            12             0
 FCFMLRTY          15             0            16            17            18
 FLCONFIN          21             0            22            23            24
 FLSCHOOL           0             0             0             0             0
 NOBULLY            0             0             0             0             0
 FLFAMILY           0             0             0             0             0
 IMMI1GEN           0             0             0             0             0
 IMMI2GEN           0             0             0             0             0
 ESCS               0             0             0             0             0
 MALE               0             0             0             0             0


           PSI
              FLIT          FCFMLRTY      FLCONFIN      FLSCHOOL      NOBULLY
              ________      ________      ________      ________      ________
 FLIT              25
 FCFMLRTY           0            26
 FLCONFIN           0            27            28
 FLSCHOOL           0             0             0            29
 NOBULLY            0             0             0            30            31
 FLFAMILY           0             0             0            32            33
 IMMI1GEN           0             0             0             0             0
 IMMI2GEN           0             0             0             0             0
 ESCS               0             0             0            37             0
 MALE               0             0             0             0             0


           PSI
              FLFAMILY      IMMI1GEN      IMMI2GEN      ESCS          MALE
              ________      ________      ________      ________      ________
 FLFAMILY          34
 IMMI1GEN           0            35
 IMMI2GEN           0             0            36
 ESCS              38            39            40            41
 MALE               0             0             0             0             0


     PARAMETER SPECIFICATION FOR BETWEEN


           NU
              EDUSHORT      STRATIO       FLIT          FLSCHOOL      NOBULLY
              ________      ________      ________      ________      ________
                    0             0             0             0             0


           NU
              FLFAMILY
              ________
                    0


           LAMBDA
              EDUSHORT      STRATIO       FLIT          FLSCHOOL      NOBULLY
              ________      ________      ________      ________      ________
 EDUSHORT           0             0             0             0             0
 STRATIO            0             0             0             0             0
 FLIT               0             0             0             0             0
 FLSCHOOL           0             0             0             0             0
 NOBULLY            0             0             0             0             0
 FLFAMILY           0             0             0             0             0


           LAMBDA
              FLFAMILY
              ________
 EDUSHORT           0
 STRATIO            0
 FLIT               0
 FLSCHOOL           0
 NOBULLY            0
 FLFAMILY           0


           THETA
              EDUSHORT      STRATIO       FLIT          FLSCHOOL      NOBULLY
              ________      ________      ________      ________      ________
 EDUSHORT           0
 STRATIO            0             0
 FLIT               0             0             0
 FLSCHOOL           0             0             0             0
 NOBULLY            0             0             0             0             0
 FLFAMILY           0             0             0             0             0


           THETA
              FLFAMILY
              ________
 FLFAMILY           0


           ALPHA
              EDUSHORT      STRATIO       FLIT          FLSCHOOL      NOBULLY
              ________      ________      ________      ________      ________
                   42            43            44            45            46


           ALPHA
              FLFAMILY
              ________
                   47


           BETA
              EDUSHORT      STRATIO       FLIT          FLSCHOOL      NOBULLY
              ________      ________      ________      ________      ________
 EDUSHORT           0             0             0             0             0
 STRATIO            0             0             0             0             0
 FLIT              48            49             0            50            51
 FLSCHOOL           0             0             0             0             0
 NOBULLY            0             0             0             0             0
 FLFAMILY           0             0             0             0             0


           BETA
              FLFAMILY
              ________
 EDUSHORT           0
 STRATIO            0
 FLIT              52
 FLSCHOOL           0
 NOBULLY            0
 FLFAMILY           0


           PSI
              EDUSHORT      STRATIO       FLIT          FLSCHOOL      NOBULLY
              ________      ________      ________      ________      ________
 EDUSHORT          53
 STRATIO           54            55
 FLIT               0             0            56
 FLSCHOOL          57            58             0            59
 NOBULLY           60             0             0            61            62
 FLFAMILY          63             0             0            64            65


           PSI
              FLFAMILY
              ________
 FLFAMILY          66


     STARTING VALUES FOR WITHIN


           NU
              FLIT          FCFMLRTY      FLCONFIN      FLSCHOOL      NOBULLY
              ________      ________      ________      ________      ________
                0.000         0.000         0.000         0.000         0.000


           NU
              FLFAMILY      IMMI1GEN      IMMI2GEN      ESCS          MALE
              ________      ________      ________      ________      ________
                0.000         0.000         0.000         0.000         0.000


           LAMBDA
              FLIT          FCFMLRTY      FLCONFIN      FLSCHOOL      NOBULLY
              ________      ________      ________      ________      ________
 FLIT           1.000         0.000         0.000         0.000         0.000
 FCFMLRTY       0.000         1.000         0.000         0.000         0.000
 FLCONFIN       0.000         0.000         1.000         0.000         0.000
 FLSCHOOL       0.000         0.000         0.000         1.000         0.000
 NOBULLY        0.000         0.000         0.000         0.000         1.000
 FLFAMILY       0.000         0.000         0.000         0.000         0.000
 IMMI1GEN       0.000         0.000         0.000         0.000         0.000
 IMMI2GEN       0.000         0.000         0.000         0.000         0.000
 ESCS           0.000         0.000         0.000         0.000         0.000
 MALE           0.000         0.000         0.000         0.000         0.000


           LAMBDA
              FLFAMILY      IMMI1GEN      IMMI2GEN      ESCS          MALE
              ________      ________      ________      ________      ________
 FLIT           0.000         0.000         0.000         0.000         0.000
 FCFMLRTY       0.000         0.000         0.000         0.000         0.000
 FLCONFIN       0.000         0.000         0.000         0.000         0.000
 FLSCHOOL       0.000         0.000         0.000         0.000         0.000
 NOBULLY        0.000         0.000         0.000         0.000         0.000
 FLFAMILY       1.000         0.000         0.000         0.000         0.000
 IMMI1GEN       0.000         1.000         0.000         0.000         0.000
 IMMI2GEN       0.000         0.000         1.000         0.000         0.000
 ESCS           0.000         0.000         0.000         1.000         0.000
 MALE           0.000         0.000         0.000         0.000         1.000


           THETA
              FLIT          FCFMLRTY      FLCONFIN      FLSCHOOL      NOBULLY
              ________      ________      ________      ________      ________
 FLIT           0.000
 FCFMLRTY       0.000         0.000
 FLCONFIN       0.000         0.000         0.000
 FLSCHOOL       0.000         0.000         0.000         0.000
 NOBULLY        0.000         0.000         0.000         0.000         0.000
 FLFAMILY       0.000         0.000         0.000         0.000         0.000
 IMMI1GEN       0.000         0.000         0.000         0.000         0.000
 IMMI2GEN       0.000         0.000         0.000         0.000         0.000
 ESCS           0.000         0.000         0.000         0.000         0.000
 MALE           0.000         0.000         0.000         0.000         0.000


           THETA
              FLFAMILY      IMMI1GEN      IMMI2GEN      ESCS          MALE
              ________      ________      ________      ________      ________
 FLFAMILY       0.000
 IMMI1GEN       0.000         0.000
 IMMI2GEN       0.000         0.000         0.000
 ESCS           0.000         0.000         0.000         0.000
 MALE           0.000         0.000         0.000         0.000         0.000


           ALPHA
              FLIT          FCFMLRTY      FLCONFIN      FLSCHOOL      NOBULLY
              ________      ________      ________      ________      ________
                0.000         6.340        -0.329         0.000         0.000


           ALPHA
              FLFAMILY      IMMI1GEN      IMMI2GEN      ESCS          MALE
              ________      ________      ________      ________      ________
                0.000         0.045         0.053        -0.223         0.000


           BETA
              FLIT          FCFMLRTY      FLCONFIN      FLSCHOOL      NOBULLY
              ________      ________      ________      ________      ________
 FLIT           0.000         0.000         0.000         0.000         0.000
 FCFMLRTY       0.000         0.000         0.000         0.000         0.000
 FLCONFIN       0.000         0.000         0.000         0.000         0.000
 FLSCHOOL       0.000         0.000         0.000         0.000         0.000
 NOBULLY        0.000         0.000         0.000         0.000         0.000
 FLFAMILY       0.000         0.000         0.000         0.000         0.000
 IMMI1GEN       0.000         0.000         0.000         0.000         0.000
 IMMI2GEN       0.000         0.000         0.000         0.000         0.000
 ESCS           0.000         0.000         0.000         0.000         0.000
 MALE           0.000         0.000         0.000         0.000         0.000


           BETA
              FLFAMILY      IMMI1GEN      IMMI2GEN      ESCS          MALE
              ________      ________      ________      ________      ________
 FLIT           0.000         0.000         0.000         0.000         0.000
 FCFMLRTY       0.000         0.000         0.000         0.000         0.000
 FLCONFIN       0.000         0.000         0.000         0.000         0.000
 FLSCHOOL       0.000         0.000         0.000         0.000         0.000
 NOBULLY        0.000         0.000         0.000         0.000         0.000
 FLFAMILY       0.000         0.000         0.000         0.000         0.000
 IMMI1GEN       0.000         0.000         0.000         0.000         0.000
 IMMI2GEN       0.000         0.000         0.000         0.000         0.000
 ESCS           0.000         0.000         0.000         0.000         0.000
 MALE           0.000         0.000         0.000         0.000         0.000


           PSI
              FLIT          FCFMLRTY      FLCONFIN      FLSCHOOL      NOBULLY
              ________      ________      ________      ________      ________
 FLIT        3938.215
 FCFMLRTY       0.000        12.674
 FLCONFIN       0.000         0.000         0.509
 FLSCHOOL       0.000         0.000         0.000         0.472
 NOBULLY        0.000         0.000         0.000         0.000         0.529
 FLFAMILY       0.000         0.000         0.000         0.000         0.000
 IMMI1GEN       0.000         0.000         0.000         0.000         0.000
 IMMI2GEN       0.000         0.000         0.000         0.000         0.000
 ESCS           0.000         0.000         0.000         0.000         0.000
 MALE           0.000         0.000         0.000         0.000         0.000


           PSI
              FLFAMILY      IMMI1GEN      IMMI2GEN      ESCS          MALE
              ________      ________      ________      ________      ________
 FLFAMILY       0.499
 IMMI1GEN       0.000         0.022
 IMMI2GEN       0.000         0.000         0.025
 ESCS           0.000         0.000         0.000         0.394
 MALE           0.000         0.000         0.000         0.000         0.125


     STARTING VALUES FOR BETWEEN


           NU
              EDUSHORT      STRATIO       FLIT          FLSCHOOL      NOBULLY
              ________      ________      ________      ________      ________
                0.000         0.000         0.000         0.000         0.000


           NU
              FLFAMILY
              ________
                0.000


           LAMBDA
              EDUSHORT      STRATIO       FLIT          FLSCHOOL      NOBULLY
              ________      ________      ________      ________      ________
 EDUSHORT       1.000         0.000         0.000         0.000         0.000
 STRATIO        0.000         1.000         0.000         0.000         0.000
 FLIT           0.000         0.000         1.000         0.000         0.000
 FLSCHOOL       0.000         0.000         0.000         1.000         0.000
 NOBULLY        0.000         0.000         0.000         0.000         1.000
 FLFAMILY       0.000         0.000         0.000         0.000         0.000


           LAMBDA
              FLFAMILY
              ________
 EDUSHORT       0.000
 STRATIO        0.000
 FLIT           0.000
 FLSCHOOL       0.000
 NOBULLY        0.000
 FLFAMILY       1.000


           THETA
              EDUSHORT      STRATIO       FLIT          FLSCHOOL      NOBULLY
              ________      ________      ________      ________      ________
 EDUSHORT       0.000
 STRATIO        0.000         0.000
 FLIT           0.000         0.000         0.000
 FLSCHOOL       0.000         0.000         0.000         0.000
 NOBULLY        0.000         0.000         0.000         0.000         0.000
 FLFAMILY       0.000         0.000         0.000         0.000         0.000


           THETA
              FLFAMILY
              ________
 FLFAMILY       0.000


           ALPHA
              EDUSHORT      STRATIO       FLIT          FLSCHOOL      NOBULLY
              ________      ________      ________      ________      ________
                0.250         9.577       480.295        -0.258         0.036


           ALPHA
              FLFAMILY
              ________
                0.009


           BETA
              EDUSHORT      STRATIO       FLIT          FLSCHOOL      NOBULLY
              ________      ________      ________      ________      ________
 EDUSHORT       0.000         0.000         0.000         0.000         0.000
 STRATIO        0.000         0.000         0.000         0.000         0.000
 FLIT           0.000         0.000         0.000         0.000         0.000
 FLSCHOOL       0.000         0.000         0.000         0.000         0.000
 NOBULLY        0.000         0.000         0.000         0.000         0.000
 FLFAMILY       0.000         0.000         0.000         0.000         0.000


           BETA
              FLFAMILY
              ________
 EDUSHORT       0.000
 STRATIO        0.000
 FLIT           0.000
 FLSCHOOL       0.000
 NOBULLY        0.000
 FLFAMILY       0.000


           PSI
              EDUSHORT      STRATIO       FLIT          FLSCHOOL      NOBULLY
              ________      ________      ________      ________      ________
 EDUSHORT       0.444
 STRATIO        0.000        28.286
 FLIT           0.000         0.000      3938.215
 FLSCHOOL       0.000         0.000         0.000         0.472
 NOBULLY        0.000         0.000         0.000         0.000         0.529
 FLFAMILY       0.000         0.000         0.000         0.000         0.000


           PSI
              FLFAMILY
              ________
 FLFAMILY       0.499


     Beginning Time:  23:48:28
        Ending Time:  23:54:46
       Elapsed Time:  00:06:18



MUTHEN & MUTHEN
3463 Stoner Ave.
Los Angeles, CA  90066

Tel: (310) 391-9971
Fax: (310) 391-8971
Web: www.StatModel.com
Support: Support@StatModel.com

Copyright (c) 1998-2019 Muthen & Muthen
