Mplus VERSION 8.5 (Linux)
MUTHEN & MUTHEN
03/11/2021   6:22 PM

INPUT INSTRUCTIONS


  TITLE:
      Two-level structured model 124

  DATA:
      file = "~/implist.dat";

      type = imputation;


      VARIABLE:
      names =
          FKI CNTRYID CNTSCHID W_STU
          MATH READ FLIT                      ! PISA achievement variables
          MALE IMMI1GEN IMMI2GEN ESCS         ! Demographic info
          FCFMLRTY FLCONFIN                   ! Affect
          FLSCHOOL                            !   Lat var "Academic"
          NOBULLY                             !   Lat var "Safety"
          FLFAMILY                            !   Lat var "Community"
          W_SCH STRATIO                       ! School character
          EDUSHORT                            !   Lat var "inst. env."
          ;

      useobs = CNTRYID eq 124;          ! Pull out one country at a time

      usevar =
          FLIT                                ! PISA achievement variables
          FLSCHOOL                            !   Lat var "Academic"
          NOBULLY                             !   Lat var "Safety"
          FLFAMILY                            !   Lat var "Community"
          EDUSHORT STRATIO                    !   Lat var "Inst env"
          FCFMLRTY FLCONFIN                   ! Affect
          MALE IMMI1GEN IMMI2GEN ESCS         ! Demographic info
          ;

      ! Vars that ONLY appear in L1
      within =
          FCFMLRTY FLCONFIN                   ! Affective vars
          MALE IMMI1GEN IMMI2GEN ESCS         ! L1 control vars
          ;

      ! Vars that ONLY appear in L2
      between =
          EDUSHORT STRATIO                    ! L2: school
          ;

      weight = W_STU;                         ! Student weight
      wtscale = cluster;                      ! Scale L1 weight to cluster size
      bweight = W_SCH;                        ! School weight
      bwtscale = sample;                      ! Scale L2 weight to sample

      cluster = CNTSCHID;                     ! Cluster by school ID


  ANALYSIS:
      processors = 8;

      type = twolevel;


  MODEL:

  %Within%                                    ! === L1: Student-level ===

      ! Indirect pathways (1st half): school climate vars onto mediators
          ! Onto mediator FAMILIARITY
      FCFMLRTY on FLSCHOOL FLFAMILY NOBULLY ESCS IMMI2GEN MALE;
          ! Onto mediator CONFIDENCE
      FLCONFIN on FLSCHOOL FLFAMILY NOBULLY ESCS IMMI2GEN MALE;

      ! Total effect
      FLIT on
          ! Indirect pathways (2nd half): affective vars onto financial literacy
          FCFMLRTY FLCONFIN
          ! Direct pathways: school climate vars onto financial literacy
          FLSCHOOL FLFAMILY NOBULLY
          ! Demographic vars
          ESCS IMMI1GEN
          ;

      ! Covariances
          ! Between school climate vars
      FLSCHOOL with FLFAMILY;
      FLFAMILY with NOBULLY;
      FLSCHOOL with NOBULLY;
          ! Between mediators
      FCFMLRTY with FLCONFIN;

          ! SES with school climate vars
      ESCS with FLSCHOOL FLFAMILY;
          ! SES with demographic vars
      ESCS with IMMI1GEN IMMI2GEN;

  %Between%                                   ! === L2: School-level ===

      FLIT on
          FLSCHOOL FLFAMILY NOBULLY EDUSHORT  ! School climate variables
          STRATIO                             ! Control: Student-teacher ratio
          ;

      FLSCHOOL with FLFAMILY;
      FLFAMILY with NOBULLY;
      NOBULLY with EDUSHORT;

      FLSCHOOL with NOBULLY;
      FLFAMILY with EDUSHORT;

      FLSCHOOL with EDUSHORT;

      STRATIO with FLSCHOOL EDUSHORT;


  MODEL INDIRECT:

      ! Indirect effects
      FLIT ind FLSCHOOL;
      FLIT ind FLFAMILY;
      FLIT ind NOBULLY;

      FLIT ind ESCS;
      FLIT ind IMMI2GEN;
      FLIT ind MALE;


  OUTPUT:
      stdyx                                   ! Fully standardised solution
      ;



INPUT READING TERMINATED NORMALLY




Two-level structured model 124

SUMMARY OF ANALYSIS

Number of groups                                                 1
Average number of observations                                7762

Number of replications
    Requested                                                   10
    Completed                                                   10

Number of dependent variables                                    3
Number of independent variables                                  9
Number of continuous latent variables                            0

Observed dependent variables

  Continuous
   FLIT        FCFMLRTY    FLCONFIN

Observed independent variables
   FLSCHOOL    NOBULLY     FLFAMILY    EDUSHORT    STRATIO     MALE
   IMMI1GEN    IMMI2GEN    ESCS

Variables with special functions

  Cluster variable      CNTSCHID
  Weight variable (cluster-size scaling)
    W_STU
  Between weight variable (sample-size scaling)
    W_SCH

  Within variables
   FCFMLRTY    FLCONFIN    MALE        IMMI1GEN    IMMI2GEN    ESCS

  Between variables
   EDUSHORT    STRATIO


Estimator                                                      MLR
Information matrix                                        OBSERVED
Maximum number of iterations                                   100
Convergence criterion                                    0.100D-05
Maximum number of EM iterations                                500
Convergence criteria for the EM algorithm
  Loglikelihood change                                   0.100D-02
  Relative loglikelihood change                          0.100D-05
  Derivative                                             0.100D-03
Minimum variance                                         0.100D-03
Maximum number of steepest descent iterations                   20
Maximum number of iterations for H1                           2000
Convergence criterion for H1                             0.100D-03
Optimization algorithm                                         EMA

Input data file(s)
  Multiple data files from
    ~/implist.dat
Input data format  FREE


SUMMARY OF DATA FOR THE FIRST DATA SET

     Number of clusters                        492

     Average cluster size       15.776

     Estimated Intraclass Correlations for the Y Variables

                Intraclass              Intraclass              Intraclass
     Variable  Correlation   Variable  Correlation   Variable  Correlation

     FLIT         0.079      FCFMLRTY     0.000      FLCONFIN     0.000
     FLSCHOOL     0.011      NOBULLY      0.017      FLFAMILY     0.007
     IMMI1GEN     0.000      IMMI2GEN     0.000      ESCS         0.000



SAMPLE STATISTICS

NOTE:  The sample statistics for within and between refer to the
       maximum-likelihood estimated within and between covariance
       matrices, respectively.

NOTE:  These are average results over 10 data sets.


     ESTIMATED SAMPLE STATISTICS FOR WITHIN


           Means
              EDUSHORT      STRATIO       FLIT          FCFMLRTY      FLCONFIN
              ________      ________      ________      ________      ________
                0.000         0.000         0.000         7.583        -0.013


           Means
              FLSCHOOL      NOBULLY       FLFAMILY      IMMI1GEN      IMMI2GEN
              ________      ________      ________      ________      ________
                0.000         0.000         0.000         0.155         0.222


           Means
              ESCS          MALE
              ________      ________
                0.441         0.504


           Covariances
              EDUSHORT      STRATIO       FLIT          FCFMLRTY      FLCONFIN
              ________      ________      ________      ________      ________
 EDUSHORT       0.000
 STRATIO        0.000         0.000
 FLIT           0.000         0.000      8181.594
 FCFMLRTY       0.000         0.000       115.006        27.846
 FLCONFIN       0.000         0.000         6.406         1.338         1.014
 FLSCHOOL       0.000         0.000        -1.854         1.957         0.262
 NOBULLY        0.000         0.000         8.336         0.075        -0.015
 FLFAMILY       0.000         0.000        -1.938         0.593         0.207
 IMMI1GEN       0.000         0.000        -0.024         0.078        -0.003
 IMMI2GEN       0.000         0.000         0.726         0.041        -0.006
 ESCS           0.000         0.000        15.753         0.681         0.074
 MALE           0.000         0.000         1.476         0.294         0.085


           Covariances
              FLSCHOOL      NOBULLY       FLFAMILY      IMMI1GEN      IMMI2GEN
              ________      ________      ________      ________      ________
 FLSCHOOL       1.169
 NOBULLY       -0.023         1.158
 FLFAMILY       0.235        -0.036         1.070
 IMMI1GEN       0.025        -0.001         0.013         0.132
 IMMI2GEN       0.004         0.007         0.001        -0.035         0.173
 ESCS           0.043         0.012         0.059         0.003        -0.010
 MALE           0.043        -0.034        -0.018        -0.001         0.004


           Covariances
              ESCS          MALE
              ________      ________
 ESCS           0.676
 MALE          -0.012         0.250


           Correlations
              EDUSHORT      STRATIO       FLIT          FCFMLRTY      FLCONFIN
              ________      ________      ________      ________      ________
 EDUSHORT       0.000
 STRATIO        0.000         0.000
 FLIT           0.000         0.000         1.000
 FCFMLRTY       0.000         0.000         0.241         1.000
 FLCONFIN       0.000         0.000         0.070         0.252         1.000
 FLSCHOOL       0.000         0.000        -0.019         0.343         0.240
 NOBULLY        0.000         0.000         0.086         0.013        -0.014
 FLFAMILY       0.000         0.000        -0.021         0.109         0.199
 IMMI1GEN       0.000         0.000        -0.001         0.041        -0.009
 IMMI2GEN       0.000         0.000         0.019         0.019        -0.013
 ESCS           0.000         0.000         0.212         0.157         0.090
 MALE           0.000         0.000         0.033         0.111         0.168


           Correlations
              FLSCHOOL      NOBULLY       FLFAMILY      IMMI1GEN      IMMI2GEN
              ________      ________      ________      ________      ________
 FLSCHOOL       1.000
 NOBULLY       -0.020         1.000
 FLFAMILY       0.210        -0.032         1.000
 IMMI1GEN       0.064        -0.003         0.036         1.000
 IMMI2GEN       0.009         0.015         0.001        -0.229         1.000
 ESCS           0.048         0.014         0.069         0.010        -0.030
 MALE           0.079        -0.063        -0.035        -0.005         0.020


           Correlations
              ESCS          MALE
              ________      ________
 ESCS           1.000
 MALE          -0.030         1.000


     ESTIMATED SAMPLE STATISTICS FOR BETWEEN


           Means
              EDUSHORT      STRATIO       FLIT          FCFMLRTY      FLCONFIN
              ________      ________      ________      ________      ________
               -0.555        14.187       532.433         0.000         0.000


           Means
              FLSCHOOL      NOBULLY       FLFAMILY      IMMI1GEN      IMMI2GEN
              ________      ________      ________      ________      ________
                0.194        -0.180         0.057         0.000         0.000


           Means
              ESCS          MALE
              ________      ________
                0.000         0.000


           Covariances
              EDUSHORT      STRATIO       FLIT          FCFMLRTY      FLCONFIN
              ________      ________      ________      ________      ________
 EDUSHORT       0.728
 STRATIO       -0.287       102.132
 FLIT          -4.345         0.339       697.861
 FCFMLRTY       0.000         0.000         0.000         0.000
 FLCONFIN       0.000         0.000         0.000         0.000         0.000
 FLSCHOOL       0.000        -0.018        -0.280         0.000         0.000
 NOBULLY        0.000         0.012         0.703         0.000         0.000
 FLFAMILY       0.003        -0.008        -0.715         0.000         0.000
 IMMI1GEN       0.000         0.000         0.000         0.000         0.000
 IMMI2GEN       0.000         0.000         0.000         0.000         0.000
 ESCS           0.000         0.000         0.000         0.000         0.000
 MALE           0.000         0.000         0.000         0.000         0.000


           Covariances
              FLSCHOOL      NOBULLY       FLFAMILY      IMMI1GEN      IMMI2GEN
              ________      ________      ________      ________      ________
 FLSCHOOL       0.018
 NOBULLY        0.004         0.013
 FLFAMILY      -0.003        -0.002         0.011
 IMMI1GEN       0.000         0.000         0.000         0.000
 IMMI2GEN       0.000         0.000         0.000         0.000         0.000
 ESCS           0.000         0.000         0.000         0.000         0.000
 MALE           0.000         0.000         0.000         0.000         0.000


           Covariances
              ESCS          MALE
              ________      ________
 ESCS           0.000
 MALE           0.000         0.000


           Correlations
              EDUSHORT      STRATIO       FLIT          FCFMLRTY      FLCONFIN
              ________      ________      ________      ________      ________
 EDUSHORT       1.000
 STRATIO       -0.033         1.000
 FLIT          -0.193         0.001         1.000
 FCFMLRTY       0.000         0.000         0.000         0.000
 FLCONFIN       0.000         0.000         0.000         0.000         0.000
 FLSCHOOL      -0.001        -0.014        -0.080         0.000         0.000
 NOBULLY        0.001         0.010         0.234         0.000         0.000
 FLFAMILY       0.038        -0.008        -0.254         0.000         0.000
 IMMI1GEN       0.000         0.000         0.000         0.000         0.000
 IMMI2GEN       0.000         0.000         0.000         0.000         0.000
 ESCS           0.000         0.000         0.000         0.000         0.000
 MALE           0.000         0.000         0.000         0.000         0.000


           Correlations
              FLSCHOOL      NOBULLY       FLFAMILY      IMMI1GEN      IMMI2GEN
              ________      ________      ________      ________      ________
 FLSCHOOL       1.000
 NOBULLY        0.251         1.000
 FLFAMILY      -0.180        -0.132         1.000
 IMMI1GEN       0.000         0.000         0.000         0.000
 IMMI2GEN       0.000         0.000         0.000         0.000         0.000
 ESCS           0.000         0.000         0.000         0.000         0.000
 MALE           0.000         0.000         0.000         0.000         0.000


           Correlations
              ESCS          MALE
              ________      ________
 ESCS           0.000
 MALE           0.000         0.000




MODEL FIT INFORMATION

Number of Free Parameters                       66

Loglikelihood

    H0 Value

        Mean                           -132911.999
        Std Dev                            122.915
        Number of successful computations       10

             Proportions                   Percentiles
        Expected    Observed         Expected       Observed
           0.990       1.000      -133197.936    -133143.612
           0.980       1.000      -133164.430    -133143.612
           0.950       0.900      -133114.182    -133143.612
           0.900       0.900      -133069.527    -133143.612
           0.800       0.900      -133015.444    -133143.612
           0.700       0.800      -132976.455    -132967.886
           0.500       0.400      -132911.999    -132946.551
           0.300       0.200      -132847.542    -132874.939
           0.200       0.200      -132808.553    -132868.512
           0.100       0.100      -132754.470    -132797.039
           0.050       0.100      -132709.815    -132797.039
           0.020       0.100      -132659.567    -132797.039
           0.010       0.000      -132626.061    -132797.039

    H1 Value

        Mean                           -132613.771
        Std Dev                            125.784
        Number of successful computations       10

             Proportions                   Percentiles
        Expected    Observed         Expected       Observed
           0.990       1.000      -132906.383    -132850.312
           0.980       1.000      -132872.095    -132850.312
           0.950       0.900      -132820.674    -132850.312
           0.900       0.900      -132774.976    -132850.312
           0.800       0.900      -132719.631    -132850.312
           0.700       0.800      -132679.732    -132664.508
           0.500       0.400      -132613.771    -132640.188
           0.300       0.200      -132547.810    -132585.144
           0.200       0.200      -132507.911    -132563.635
           0.100       0.100      -132452.566    -132496.017
           0.050       0.100      -132406.868    -132496.017
           0.020       0.100      -132355.448    -132496.017
           0.010       0.000      -132321.159    -132496.017

Information Criteria

    Akaike (AIC)

        Mean                            265955.997
        Std Dev                            245.830
        Number of successful computations       10

             Proportions                   Percentiles
        Expected    Observed         Expected       Observed
           0.990       1.000       265384.122     265431.995
           0.980       0.900       265451.135     265431.995
           0.950       0.900       265551.630     265431.995
           0.900       0.900       265640.941     265431.995
           0.800       0.800       265749.106     265431.995
           0.700       0.800       265827.084     265869.024
           0.500       0.600       265955.997     265992.589
           0.300       0.200       266084.911     266033.221
           0.200       0.100       266162.888     266067.772
           0.100       0.100       266271.053     266113.088
           0.050       0.100       266360.364     266113.088
           0.020       0.000       266460.859     266113.088
           0.010       0.000       266527.872     266113.088

    Bayesian (BIC)

        Mean                            266415.159
        Std Dev                            245.830
        Number of successful computations       10

             Proportions                   Percentiles
        Expected    Observed         Expected       Observed
           0.990       1.000       265843.283     265891.157
           0.980       0.900       265910.297     265891.157
           0.950       0.900       266010.792     265891.157
           0.900       0.900       266100.102     265891.157
           0.800       0.800       266208.268     265891.157
           0.700       0.800       266286.245     266328.186
           0.500       0.600       266415.159     266451.751
           0.300       0.200       266544.072     266492.383
           0.200       0.100       266622.050     266526.933
           0.100       0.100       266730.215     266572.249
           0.050       0.100       266819.525     266572.249
           0.020       0.000       266920.021     266572.249
           0.010       0.000       266987.034     266572.249

    Sample-Size Adjusted BIC (n* = (n + 2) / 24)

        Mean                            266205.424
        Std Dev                            245.830
        Number of successful computations       10

             Proportions                   Percentiles
        Expected    Observed         Expected       Observed
           0.990       1.000       265633.549     265681.422
           0.980       0.900       265700.562     265681.422
           0.950       0.900       265801.058     265681.422
           0.900       0.900       265890.368     265681.422
           0.800       0.800       265998.533     265681.422
           0.700       0.800       266076.511     266118.451
           0.500       0.600       266205.424     266242.016
           0.300       0.200       266334.338     266282.649
           0.200       0.100       266412.315     266317.199
           0.100       0.100       266520.481     266362.515
           0.050       0.100       266609.791     266362.515
           0.020       0.000       266710.286     266362.515
           0.010       0.000       266777.300     266362.515

Chi-Square Test of Model Fit

        Degrees of freedom                      20

        Mean                               273.119
        Std Dev                              7.118
        Number of successful computations       10

             Proportions                   Percentiles
        Expected    Observed         Expected       Observed
           0.990       1.000            8.260        259.347
           0.980       1.000            9.237        259.347
           0.950       1.000           10.851        259.347
           0.900       1.000           12.443        259.347
           0.800       1.000           14.578        259.347
           0.700       1.000           16.266        267.691
           0.500       1.000           19.337        274.803
           0.300       1.000           22.775        276.025
           0.200       1.000           25.038        276.117
           0.100       1.000           28.412        281.356
           0.050       1.000           31.410        281.356
           0.020       1.000           35.020        281.356
           0.010       1.000           37.566        281.356

RMSEA (Root Mean Square Error Of Approximation)

        Mean                                 0.040
        Std Dev                              0.001
        Number of successful computations       10

        Cumulative Distribution Function
           Value    Function Value
           0.990       1.000
           0.980       1.000
           0.950       1.000
           0.900       1.000
           0.800       1.000
           0.700       1.000
           0.500       1.000
           0.300       1.000
           0.200       1.000
           0.100       1.000
           0.050       1.000
           0.020       0.000
           0.010       0.000

CFI/TLI

    CFI

        Mean                                 0.856
        Std Dev                              0.005
        Number of successful computations       10

        Cumulative Distribution Function
           Value    Function Value
           0.990       1.000
           0.980       1.000
           0.950       1.000
           0.900       1.000
           0.800       0.000
           0.700       0.000
           0.500       0.000
           0.300       0.000
           0.200       0.000
           0.100       0.000
           0.050       0.000
           0.020       0.000
           0.010       0.000

    TLI

        Mean                                 0.569
        Std Dev                              0.014
        Number of successful computations       10

        Cumulative Distribution Function
           Value    Function Value
           0.990       1.000
           0.980       1.000
           0.950       1.000
           0.900       1.000
           0.800       1.000
           0.700       1.000
           0.500       0.000
           0.300       0.000
           0.200       0.000
           0.100       0.000
           0.050       0.000
           0.020       0.000
           0.010       0.000

SRMR (Standardized Root Mean Square Residual) for the WITHIN level

        Mean                                 0.036
        Std Dev                              0.000
        Number of successful computations       10

        Cumulative Distribution Function
           Value    Function Value
           0.990       1.000
           0.980       1.000
           0.950       1.000
           0.900       1.000
           0.800       1.000
           0.700       1.000
           0.500       1.000
           0.300       1.000
           0.200       1.000
           0.100       1.000
           0.050       1.000
           0.020       0.000
           0.010       0.000

SRMR (Standardized Root Mean Square Residual) for the BETWEEN level

        Mean                                 0.068
        Std Dev                              0.013
        Number of successful computations       10

        Cumulative Distribution Function
           Value    Function Value
           0.990       1.000
           0.980       1.000
           0.950       1.000
           0.900       1.000
           0.800       1.000
           0.700       1.000
           0.500       1.000
           0.300       1.000
           0.200       1.000
           0.100       1.000
           0.050       0.200
           0.020       0.000
           0.010       0.000



MODEL RESULTS

                                                    Two-Tailed   Rate of
                    Estimate       S.E.  Est./S.E.    P-Value    Missing

Within Level

 FCFMLRTY   ON
    FLSCHOOL           1.569      0.087     17.939      0.000      0.061
    FLFAMILY           0.179      0.085      2.110      0.035      0.035
    NOBULLY            0.118      0.096      1.224      0.221      0.249
    ESCS               0.913      0.122      7.462      0.000      0.257
    IMMI2GEN           0.241      0.225      1.070      0.284      0.115
    MALE               0.984      0.168      5.852      0.000      0.106

 FLCONFIN   ON
    FLSCHOOL           0.178      0.017     10.710      0.000      0.226
    FLFAMILY           0.155      0.018      8.735      0.000      0.098
    NOBULLY            0.004      0.016      0.266      0.790      0.251
    ESCS               0.090      0.021      4.359      0.000      0.208
    IMMI2GEN          -0.038      0.041     -0.923      0.356      0.185
    MALE               0.326      0.032     10.229      0.000      0.090

 FLIT       ON
    FCFMLRTY           4.228      0.387     10.924      0.000      0.174
    FLCONFIN           2.510      1.855      1.353      0.176      0.371
    FLSCHOOL          -9.181      1.678     -5.471      0.000      0.346
    FLFAMILY          -3.543      1.981     -1.789      0.074      0.389
    NOBULLY            6.360      1.720      3.697      0.000      0.286
    ESCS              19.547      2.340      8.354      0.000      0.308
    IMMI1GEN          -1.344      5.106     -0.263      0.792      0.208

 FLSCHOOL WITH
    FLFAMILY           0.234      0.022     10.640      0.000      0.051
    NOBULLY           -0.025      0.022     -1.150      0.250      0.159
    ESCS               0.043      0.019      2.303      0.021      0.177

 FLFAMILY WITH
    NOBULLY           -0.037      0.024     -1.563      0.118      0.083
    ESCS               0.059      0.015      3.822      0.000      0.225

 FCFMLRTY WITH
    FLCONFIN           0.743      0.094      7.872      0.000      0.143

 ESCS     WITH
    IMMI1GEN           0.000      0.008     -0.052      0.959      0.019
    IMMI2GEN          -0.010      0.009     -1.229      0.219      0.024

 Means
    IMMI1GEN           0.155      0.010     15.492      0.000      0.003
    IMMI2GEN           0.222      0.016     14.249      0.000      0.005
    ESCS               0.441      0.025     17.724      0.000      0.016

 Intercepts
    FCFMLRTY           6.630      0.147     45.214      0.000      0.190
    FLCONFIN          -0.209      0.027     -7.839      0.000      0.188

 Variances
    FLSCHOOL           1.165      0.026     44.225      0.000      0.108
    NOBULLY            1.158      0.032     35.756      0.000      0.101
    FLFAMILY           1.070      0.025     42.400      0.000      0.087
    IMMI1GEN           0.132      0.007     18.961      0.000      0.002
    IMMI2GEN           0.173      0.009     19.956      0.000      0.002
    ESCS               0.676      0.023     29.378      0.000      0.087

 Residual Variances
    FLIT            7283.406    248.986     29.252      0.000      0.397
    FCFMLRTY          23.750      0.626     37.921      0.000      0.191
    FLCONFIN           0.900      0.024     37.056      0.000      0.122

Between Level

 FLIT       ON
    FLSCHOOL         -30.412     59.173     -0.514      0.607      0.100
    FLFAMILY         -49.279    113.095     -0.436      0.663      0.080
    NOBULLY           87.371    110.829      0.788      0.430      0.058
    EDUSHORT          -5.271      3.855     -1.367      0.172      0.157
    STRATIO           -0.035      0.386     -0.090      0.929      0.634

 FLSCHOOL WITH
    FLFAMILY          -0.002      0.006     -0.311      0.756      0.106
    NOBULLY            0.005      0.006      0.777      0.437      0.374
    EDUSHORT           0.003      0.017      0.188      0.851      0.224
    STRATIO           -0.011      0.282     -0.040      0.968      0.567

 FLFAMILY WITH
    NOBULLY           -0.001      0.006     -0.181      0.857      0.296
    EDUSHORT           0.005      0.016      0.333      0.739      0.153

 NOBULLY  WITH
    EDUSHORT           0.000      0.018      0.000      1.000      0.066

 STRATIO  WITH
    EDUSHORT          -0.294      0.871     -0.338      0.736      0.561

 Means
    EDUSHORT          -0.555      0.058     -9.549      0.000      0.009
    STRATIO           14.187      1.041     13.625      0.000      0.583
    FLSCHOOL           0.193      0.023      8.540      0.000      0.031
    NOBULLY           -0.180      0.020     -8.785      0.000      0.130
    FLFAMILY           0.057      0.019      3.015      0.003      0.070

 Intercepts
    FLIT             513.800     30.511     16.840      0.000      0.114

 Variances
    EDUSHORT           0.728      0.090      8.096      0.000      0.048
    STRATIO          102.132     16.117      6.337      0.000      0.680
    FLSCHOOL           0.022      0.008      2.736      0.006      0.240
    NOBULLY            0.013      0.009      1.542      0.123      0.245
    FLFAMILY           0.011      0.008      1.409      0.159      0.299

 Residual Variances
    FLIT             562.203    161.489      3.481      0.000      0.152


STANDARDIZED MODEL RESULTS


STDYX Standardization

                                                    Two-Tailed   Rate of
                    Estimate       S.E.  Est./S.E.    P-Value    Missing

Within Level

 FCFMLRTY   ON
    FLSCHOOL           0.321      0.018     17.528      0.000      0.066
    FLFAMILY           0.035      0.017      2.112      0.035      0.040
    NOBULLY            0.024      0.020      1.223      0.221      0.250
    ESCS               0.142      0.019      7.468      0.000      0.275
    IMMI2GEN           0.019      0.018      1.070      0.285      0.117
    MALE               0.093      0.016      5.883      0.000      0.105

 FLCONFIN   ON
    FLSCHOOL           0.191      0.018     10.903      0.000      0.230
    FLFAMILY           0.160      0.017      9.172      0.000      0.100
    NOBULLY            0.005      0.017      0.267      0.789      0.253
    ESCS               0.074      0.017      4.345      0.000      0.220
    IMMI2GEN          -0.016      0.017     -0.926      0.354      0.187
    MALE               0.162      0.016     10.364      0.000      0.093

 FLIT       ON
    FCFMLRTY           0.246      0.022     11.169      0.000      0.216
    FLCONFIN           0.028      0.021      1.356      0.175      0.369
    FLSCHOOL          -0.110      0.020     -5.547      0.000      0.320
    FLFAMILY          -0.041      0.023     -1.791      0.073      0.384
    NOBULLY            0.076      0.020      3.707      0.000      0.286
    ESCS               0.178      0.020      8.787      0.000      0.304
    IMMI1GEN          -0.005      0.021     -0.264      0.792      0.210

 FLSCHOOL WITH
    FLFAMILY           0.210      0.019     11.003      0.000      0.055
    NOBULLY           -0.022      0.019     -1.148      0.251      0.156
    ESCS               0.049      0.021      2.324      0.020      0.183

 FLFAMILY WITH
    NOBULLY           -0.033      0.021     -1.569      0.117      0.082
    ESCS               0.070      0.018      3.832      0.000      0.226

 FCFMLRTY WITH
    FLCONFIN           0.161      0.020      8.027      0.000      0.153

 ESCS     WITH
    IMMI1GEN          -0.001      0.026     -0.052      0.959      0.019
    IMMI2GEN          -0.031      0.025     -1.232      0.218      0.025

 Means
    IMMI1GEN           0.428      0.017     25.858      0.000      0.015
    IMMI2GEN           0.534      0.024     21.950      0.000      0.017
    ESCS               0.537      0.035     15.274      0.000      0.028

 Intercepts
    FCFMLRTY           1.259      0.031     40.996      0.000      0.178
    FLCONFIN          -0.208      0.026     -7.984      0.000      0.188

 Variances
    FLSCHOOL           1.000      0.000  *********      0.000      0.000
    NOBULLY            1.000      0.000  *********      0.000      0.000
    FLFAMILY           1.000      0.000  *********      0.000      0.000
    IMMI1GEN           1.000      0.000  *********      0.000      0.000
    IMMI2GEN           1.000      0.000  *********      0.000      0.000
    ESCS               1.000      0.000  *********      0.000      0.000

 Residual Variances
    FLIT               0.891      0.014     63.309      0.000      0.195
    FCFMLRTY           0.856      0.013     65.394      0.000      0.102
    FLCONFIN           0.890      0.011     81.886      0.000      0.118

Between Level

 FLIT       ON
    FLSCHOOL          -0.170      0.318     -0.535      0.593      0.112
    FLFAMILY          -0.190      0.397     -0.478      0.633      0.086
    NOBULLY            0.367      0.394      0.930      0.353      0.052
    EDUSHORT          -0.169      0.125     -1.353      0.176      0.135
    STRATIO           -0.012      0.146     -0.080      0.936      0.634

 FLSCHOOL WITH
    FLFAMILY          -0.120      0.377     -0.319      0.750      0.106
    NOBULLY            0.284      0.395      0.718      0.473      0.323
    EDUSHORT           0.027      0.138      0.199      0.842      0.229
    STRATIO           -0.010      0.191     -0.052      0.959      0.565

 FLFAMILY WITH
    NOBULLY           -0.122      0.566     -0.216      0.829      0.309
    EDUSHORT           0.066      0.192      0.346      0.729      0.173

 NOBULLY  WITH
    EDUSHORT           0.002      0.186      0.013      0.990      0.058

 STRATIO  WITH
    EDUSHORT          -0.033      0.099     -0.328      0.743      0.552

 Means
    EDUSHORT          -0.650      0.094     -6.911      0.000      0.022
    STRATIO            1.408      0.125     11.259      0.000      0.470
    FLSCHOOL           1.325      0.279      4.744      0.000      0.167
    NOBULLY           -1.610      0.592     -2.718      0.007      0.174
    FLFAMILY           0.556      0.281      1.979      0.048      0.091

 Intercepts
    FLIT              19.341      1.694     11.417      0.000      0.140

 Variances
    EDUSHORT           1.000      0.000  *********      0.000      0.000
    STRATIO            1.000      0.000  *********      0.000      0.000
    FLSCHOOL           1.000      0.000  *********      0.000      0.000
    NOBULLY            1.000      0.000  *********      0.000      0.000
    FLFAMILY           1.000      0.000  *********      0.000      0.000

 Residual Variances
    FLIT               0.795      0.222      3.575      0.000      0.103


R-SQUARE

Within Level

    Observed                                        Two-Tailed   Rate of
    Variable        Estimate       S.E.  Est./S.E.    P-Value    Missing

    FLIT               0.109      0.014      7.768      0.000      0.195
    FCFMLRTY           0.144      0.013     11.010      0.000      0.102
    FLCONFIN           0.110      0.011     10.147      0.000      0.118

Between Level

    Observed                                        Two-Tailed   Rate of
    Variable        Estimate       S.E.  Est./S.E.    P-Value    Missing

    FLIT               0.205      0.222      0.923      0.356      0.103


QUALITY OF NUMERICAL RESULTS

     Average Condition Number for the Information Matrix      0.160E-07
       (ratio of smallest to largest eigenvalue)


TOTAL, TOTAL INDIRECT, SPECIFIC INDIRECT, AND DIRECT EFFECTS


                                                    Two-Tailed   Rate of
                    Estimate       S.E.  Est./S.E.    P-Value    Missing

WITHIN

Effects from FLSCHOOL to FLIT

  Total               -2.100      1.650     -1.273      0.203      0.318
  Total indirect       7.082      0.727      9.735      0.000      0.061

  Specific indirect 1
    FLIT
    FCFMLRTY
    FLSCHOOL           6.633      0.726      9.140      0.000      0.106

  Specific indirect 2
    FLIT
    FLCONFIN
    FLSCHOOL           0.449      0.339      1.324      0.185      0.382

  Direct
    FLIT
    FLSCHOOL          -9.181      1.678     -5.471      0.000      0.346


Effects from FLFAMILY to FLIT

  Total               -2.396      1.955     -1.226      0.220      0.358
  Total indirect       1.147      0.474      2.418      0.016      0.149

  Specific indirect 1
    FLIT
    FCFMLRTY
    FLFAMILY           0.755      0.365      2.067      0.039      0.034

  Specific indirect 2
    FLIT
    FLCONFIN
    FLFAMILY           0.392      0.295      1.330      0.184      0.360

  Direct
    FLIT
    FLFAMILY          -3.543      1.981     -1.789      0.074      0.389


Effects from NOBULLY to FLIT

  Total                6.873      1.704      4.034      0.000      0.253
  Total indirect       0.513      0.424      1.209      0.227      0.251

  Specific indirect 1
    FLIT
    FCFMLRTY
    NOBULLY            0.501      0.420      1.195      0.232      0.265

  Specific indirect 2
    FLIT
    FLCONFIN
    NOBULLY            0.012      0.044      0.259      0.795      0.183

  Direct
    FLIT
    NOBULLY            6.360      1.720      3.697      0.000      0.286


Effects from ESCS to FLIT

  Total               23.628      2.418      9.770      0.000      0.249
  Total indirect       4.081      0.644      6.338      0.000      0.083

  Specific indirect 1
    FLIT
    FCFMLRTY
    ESCS               3.856      0.633      6.088      0.000      0.101

  Specific indirect 2
    FLIT
    FLCONFIN
    ESCS               0.225      0.173      1.301      0.193      0.320

  Direct
    FLIT
    ESCS              19.547      2.340      8.354      0.000      0.308


Effects from IMMI2GEN to FLIT

  Total                0.930      0.978      0.951      0.342      0.086
  Total indirect       0.930      0.978      0.951      0.342      0.086

  Specific indirect 1
    FLIT
    FCFMLRTY
    IMMI2GEN           1.013      0.961      1.055      0.292      0.095

  Specific indirect 2
    FLIT
    FLCONFIN
    IMMI2GEN          -0.083      0.126     -0.658      0.510      0.088


Effects from MALE to FLIT

  Total                4.978      0.956      5.206      0.000      0.129
  Total indirect       4.978      0.956      5.206      0.000      0.129

  Specific indirect 1
    FLIT
    FCFMLRTY
    MALE               4.162      0.818      5.085      0.000      0.128

  Specific indirect 2
    FLIT
    FLCONFIN
    MALE               0.816      0.610      1.336      0.181      0.357


BETWEEN

Effects from FLSCHOOL to FLIT

  Total              -30.412     59.173     -0.514      0.607      0.100
  Total indirect       0.000      0.000      0.458      0.647      0.167

  Direct
    FLIT
    FLSCHOOL         -30.412     59.173     -0.514      0.607      0.100


Effects from FLFAMILY to FLIT

  Total              -49.279    113.095     -0.436      0.663      0.080
  Total indirect       0.000      0.000      0.096      0.924      0.167

  Direct
    FLIT
    FLFAMILY         -49.279    113.095     -0.436      0.663      0.080


Effects from NOBULLY to FLIT

  Total               87.371    110.829      0.788      0.430      0.058
  Total indirect       0.000      0.000     -0.295      0.768      0.167

  Direct
    FLIT
    NOBULLY           87.371    110.829      0.788      0.430      0.058


Effects from ESCS to FLIT

  Total                0.000      0.000    999.000      0.000      0.167
  Total indirect       0.000      0.000    999.000      0.000      0.167


Effects from IMMI2GEN to FLIT

  Total                0.000      0.000    999.000      0.000      0.167
  Total indirect       0.000      0.000    999.000      0.000      0.167


Effects from MALE to FLIT

  Total                0.000      0.000    999.000      0.000      0.167
  Total indirect       0.000      0.000    999.000      0.000      0.167



STANDARDIZED TOTAL, TOTAL INDIRECT, SPECIFIC INDIRECT, AND DIRECT EFFECTS


STDYX Standardization

                                                    Two-Tailed   Rate of
                    Estimate       S.E.  Est./S.E.    P-Value    Missing

WITHIN

Effects from FLSCHOOL to FLIT

  Total               -0.025      0.020     -1.274      0.203      0.311
  Total indirect       0.085      0.009      9.727      0.000      0.064

  Specific indirect 1
    FLIT
    FCFMLRTY
    FLSCHOOL           0.079      0.009      9.027      0.000      0.121

  Specific indirect 2
    FLIT
    FLCONFIN
    FLSCHOOL           0.005      0.004      1.331      0.183      0.379

  Direct
    FLIT
    FLSCHOOL          -0.110      0.020     -5.547      0.000      0.320


Effects from FLFAMILY to FLIT

  Total               -0.027      0.022     -1.225      0.220      0.353
  Total indirect       0.013      0.005      2.434      0.015      0.153

  Specific indirect 1
    FLIT
    FCFMLRTY
    FLFAMILY           0.009      0.004      2.071      0.038      0.041

  Specific indirect 2
    FLIT
    FLCONFIN
    FLFAMILY           0.004      0.003      1.335      0.182      0.360

  Direct
    FLIT
    FLFAMILY          -0.041      0.023     -1.791      0.073      0.384


Effects from NOBULLY to FLIT

  Total                0.082      0.020      4.053      0.000      0.257
  Total indirect       0.006      0.005      1.213      0.225      0.253

  Specific indirect 1
    FLIT
    FCFMLRTY
    NOBULLY            0.006      0.005      1.198      0.231      0.268

  Specific indirect 2
    FLIT
    FLCONFIN
    NOBULLY            0.000      0.001      0.260      0.795      0.185

  Direct
    FLIT
    NOBULLY            0.076      0.020      3.707      0.000      0.286


Effects from ESCS to FLIT

  Total                0.215      0.021     10.457      0.000      0.251
  Total indirect       0.037      0.006      6.499      0.000      0.103

  Specific indirect 1
    FLIT
    FCFMLRTY
    ESCS               0.035      0.006      6.232      0.000      0.120

  Specific indirect 2
    FLIT
    FLCONFIN
    ESCS               0.002      0.002      1.305      0.192      0.320

  Direct
    FLIT
    ESCS               0.178      0.020      8.787      0.000      0.304


Effects from IMMI2GEN to FLIT

  Total                0.004      0.004      0.952      0.341      0.088
  Total indirect       0.004      0.004      0.952      0.341      0.088

  Specific indirect 1
    FLIT
    FCFMLRTY
    IMMI2GEN           0.005      0.004      1.057      0.291      0.096

  Specific indirect 2
    FLIT
    FLCONFIN
    IMMI2GEN           0.000      0.001     -0.661      0.508      0.090


Effects from MALE to FLIT

  Total                0.028      0.005      5.331      0.000      0.118
  Total indirect       0.028      0.005      5.331      0.000      0.118

  Specific indirect 1
    FLIT
    FCFMLRTY
    MALE               0.023      0.004      5.179      0.000      0.121

  Specific indirect 2
    FLIT
    FLCONFIN
    MALE               0.005      0.003      1.341      0.180      0.355


BETWEEN

Effects from FLSCHOOL to FLIT

  Total               -0.170      0.318     -0.535      0.593      0.112
  Total indirect       0.000      0.000      0.000      1.000      0.167

  Direct
    FLIT
    FLSCHOOL          -0.170      0.318     -0.535      0.593      0.112


Effects from FLFAMILY to FLIT

  Total               -0.190      0.397     -0.478      0.633      0.086
  Total indirect       0.000      0.000      0.000      1.000      0.167

  Direct
    FLIT
    FLFAMILY          -0.190      0.397     -0.478      0.633      0.086


Effects from NOBULLY to FLIT

  Total                0.367      0.394      0.930      0.353      0.052
  Total indirect       0.000      0.000      0.000      1.000      0.167

  Direct
    FLIT
    NOBULLY            0.367      0.394      0.930      0.353      0.052


Effects from ESCS to FLIT

  Total                0.000      0.000      0.000      1.000      0.167
  Total indirect       0.000      0.000      0.000      1.000      0.167


Effects from IMMI2GEN to FLIT

  Total                0.000      0.000      0.000      1.000      0.167
  Total indirect       0.000      0.000      0.000      1.000      0.167


Effects from MALE to FLIT

  Total                0.000      0.000      0.000      1.000      0.167
  Total indirect       0.000      0.000      0.000      1.000      0.167




TECHNICAL 1 OUTPUT


     PARAMETER SPECIFICATION FOR WITHIN


           NU
              FLIT          FCFMLRTY      FLCONFIN      FLSCHOOL      NOBULLY
              ________      ________      ________      ________      ________
                    0             0             0             0             0


           NU
              FLFAMILY      IMMI1GEN      IMMI2GEN      ESCS          MALE
              ________      ________      ________      ________      ________
                    0             0             0             0             0


           LAMBDA
              FLIT          FCFMLRTY      FLCONFIN      FLSCHOOL      NOBULLY
              ________      ________      ________      ________      ________
 FLIT               0             0             0             0             0
 FCFMLRTY           0             0             0             0             0
 FLCONFIN           0             0             0             0             0
 FLSCHOOL           0             0             0             0             0
 NOBULLY            0             0             0             0             0
 FLFAMILY           0             0             0             0             0
 IMMI1GEN           0             0             0             0             0
 IMMI2GEN           0             0             0             0             0
 ESCS               0             0             0             0             0
 MALE               0             0             0             0             0


           LAMBDA
              FLFAMILY      IMMI1GEN      IMMI2GEN      ESCS          MALE
              ________      ________      ________      ________      ________
 FLIT               0             0             0             0             0
 FCFMLRTY           0             0             0             0             0
 FLCONFIN           0             0             0             0             0
 FLSCHOOL           0             0             0             0             0
 NOBULLY            0             0             0             0             0
 FLFAMILY           0             0             0             0             0
 IMMI1GEN           0             0             0             0             0
 IMMI2GEN           0             0             0             0             0
 ESCS               0             0             0             0             0
 MALE               0             0             0             0             0


           THETA
              FLIT          FCFMLRTY      FLCONFIN      FLSCHOOL      NOBULLY
              ________      ________      ________      ________      ________
 FLIT               0
 FCFMLRTY           0             0
 FLCONFIN           0             0             0
 FLSCHOOL           0             0             0             0
 NOBULLY            0             0             0             0             0
 FLFAMILY           0             0             0             0             0
 IMMI1GEN           0             0             0             0             0
 IMMI2GEN           0             0             0             0             0
 ESCS               0             0             0             0             0
 MALE               0             0             0             0             0


           THETA
              FLFAMILY      IMMI1GEN      IMMI2GEN      ESCS          MALE
              ________      ________      ________      ________      ________
 FLFAMILY           0
 IMMI1GEN           0             0
 IMMI2GEN           0             0             0
 ESCS               0             0             0             0
 MALE               0             0             0             0             0


           ALPHA
              FLIT          FCFMLRTY      FLCONFIN      FLSCHOOL      NOBULLY
              ________      ________      ________      ________      ________
                    0             1             2             0             0


           ALPHA
              FLFAMILY      IMMI1GEN      IMMI2GEN      ESCS          MALE
              ________      ________      ________      ________      ________
                    0             3             4             5             0


           BETA
              FLIT          FCFMLRTY      FLCONFIN      FLSCHOOL      NOBULLY
              ________      ________      ________      ________      ________
 FLIT               0             6             7             8             9
 FCFMLRTY           0             0             0            13            14
 FLCONFIN           0             0             0            19            20
 FLSCHOOL           0             0             0             0             0
 NOBULLY            0             0             0             0             0
 FLFAMILY           0             0             0             0             0
 IMMI1GEN           0             0             0             0             0
 IMMI2GEN           0             0             0             0             0
 ESCS               0             0             0             0             0
 MALE               0             0             0             0             0


           BETA
              FLFAMILY      IMMI1GEN      IMMI2GEN      ESCS          MALE
              ________      ________      ________      ________      ________
 FLIT              10            11             0            12             0
 FCFMLRTY          15             0            16            17            18
 FLCONFIN          21             0            22            23            24
 FLSCHOOL           0             0             0             0             0
 NOBULLY            0             0             0             0             0
 FLFAMILY           0             0             0             0             0
 IMMI1GEN           0             0             0             0             0
 IMMI2GEN           0             0             0             0             0
 ESCS               0             0             0             0             0
 MALE               0             0             0             0             0


           PSI
              FLIT          FCFMLRTY      FLCONFIN      FLSCHOOL      NOBULLY
              ________      ________      ________      ________      ________
 FLIT              25
 FCFMLRTY           0            26
 FLCONFIN           0            27            28
 FLSCHOOL           0             0             0            29
 NOBULLY            0             0             0            30            31
 FLFAMILY           0             0             0            32            33
 IMMI1GEN           0             0             0             0             0
 IMMI2GEN           0             0             0             0             0
 ESCS               0             0             0            37             0
 MALE               0             0             0             0             0


           PSI
              FLFAMILY      IMMI1GEN      IMMI2GEN      ESCS          MALE
              ________      ________      ________      ________      ________
 FLFAMILY          34
 IMMI1GEN           0            35
 IMMI2GEN           0             0            36
 ESCS              38            39            40            41
 MALE               0             0             0             0             0


     PARAMETER SPECIFICATION FOR BETWEEN


           NU
              EDUSHORT      STRATIO       FLIT          FLSCHOOL      NOBULLY
              ________      ________      ________      ________      ________
                    0             0             0             0             0


           NU
              FLFAMILY
              ________
                    0


           LAMBDA
              EDUSHORT      STRATIO       FLIT          FLSCHOOL      NOBULLY
              ________      ________      ________      ________      ________
 EDUSHORT           0             0             0             0             0
 STRATIO            0             0             0             0             0
 FLIT               0             0             0             0             0
 FLSCHOOL           0             0             0             0             0
 NOBULLY            0             0             0             0             0
 FLFAMILY           0             0             0             0             0


           LAMBDA
              FLFAMILY
              ________
 EDUSHORT           0
 STRATIO            0
 FLIT               0
 FLSCHOOL           0
 NOBULLY            0
 FLFAMILY           0


           THETA
              EDUSHORT      STRATIO       FLIT          FLSCHOOL      NOBULLY
              ________      ________      ________      ________      ________
 EDUSHORT           0
 STRATIO            0             0
 FLIT               0             0             0
 FLSCHOOL           0             0             0             0
 NOBULLY            0             0             0             0             0
 FLFAMILY           0             0             0             0             0


           THETA
              FLFAMILY
              ________
 FLFAMILY           0


           ALPHA
              EDUSHORT      STRATIO       FLIT          FLSCHOOL      NOBULLY
              ________      ________      ________      ________      ________
                   42            43            44            45            46


           ALPHA
              FLFAMILY
              ________
                   47


           BETA
              EDUSHORT      STRATIO       FLIT          FLSCHOOL      NOBULLY
              ________      ________      ________      ________      ________
 EDUSHORT           0             0             0             0             0
 STRATIO            0             0             0             0             0
 FLIT              48            49             0            50            51
 FLSCHOOL           0             0             0             0             0
 NOBULLY            0             0             0             0             0
 FLFAMILY           0             0             0             0             0


           BETA
              FLFAMILY
              ________
 EDUSHORT           0
 STRATIO            0
 FLIT              52
 FLSCHOOL           0
 NOBULLY            0
 FLFAMILY           0


           PSI
              EDUSHORT      STRATIO       FLIT          FLSCHOOL      NOBULLY
              ________      ________      ________      ________      ________
 EDUSHORT          53
 STRATIO           54            55
 FLIT               0             0            56
 FLSCHOOL          57            58             0            59
 NOBULLY           60             0             0            61            62
 FLFAMILY          63             0             0            64            65


           PSI
              FLFAMILY
              ________
 FLFAMILY          66


     STARTING VALUES FOR WITHIN


           NU
              FLIT          FCFMLRTY      FLCONFIN      FLSCHOOL      NOBULLY
              ________      ________      ________      ________      ________
                0.000         0.000         0.000         0.000         0.000


           NU
              FLFAMILY      IMMI1GEN      IMMI2GEN      ESCS          MALE
              ________      ________      ________      ________      ________
                0.000         0.000         0.000         0.000         0.000


           LAMBDA
              FLIT          FCFMLRTY      FLCONFIN      FLSCHOOL      NOBULLY
              ________      ________      ________      ________      ________
 FLIT           1.000         0.000         0.000         0.000         0.000
 FCFMLRTY       0.000         1.000         0.000         0.000         0.000
 FLCONFIN       0.000         0.000         1.000         0.000         0.000
 FLSCHOOL       0.000         0.000         0.000         1.000         0.000
 NOBULLY        0.000         0.000         0.000         0.000         1.000
 FLFAMILY       0.000         0.000         0.000         0.000         0.000
 IMMI1GEN       0.000         0.000         0.000         0.000         0.000
 IMMI2GEN       0.000         0.000         0.000         0.000         0.000
 ESCS           0.000         0.000         0.000         0.000         0.000
 MALE           0.000         0.000         0.000         0.000         0.000


           LAMBDA
              FLFAMILY      IMMI1GEN      IMMI2GEN      ESCS          MALE
              ________      ________      ________      ________      ________
 FLIT           0.000         0.000         0.000         0.000         0.000
 FCFMLRTY       0.000         0.000         0.000         0.000         0.000
 FLCONFIN       0.000         0.000         0.000         0.000         0.000
 FLSCHOOL       0.000         0.000         0.000         0.000         0.000
 NOBULLY        0.000         0.000         0.000         0.000         0.000
 FLFAMILY       1.000         0.000         0.000         0.000         0.000
 IMMI1GEN       0.000         1.000         0.000         0.000         0.000
 IMMI2GEN       0.000         0.000         1.000         0.000         0.000
 ESCS           0.000         0.000         0.000         1.000         0.000
 MALE           0.000         0.000         0.000         0.000         1.000


           THETA
              FLIT          FCFMLRTY      FLCONFIN      FLSCHOOL      NOBULLY
              ________      ________      ________      ________      ________
 FLIT           0.000
 FCFMLRTY       0.000         0.000
 FLCONFIN       0.000         0.000         0.000
 FLSCHOOL       0.000         0.000         0.000         0.000
 NOBULLY        0.000         0.000         0.000         0.000         0.000
 FLFAMILY       0.000         0.000         0.000         0.000         0.000
 IMMI1GEN       0.000         0.000         0.000         0.000         0.000
 IMMI2GEN       0.000         0.000         0.000         0.000         0.000
 ESCS           0.000         0.000         0.000         0.000         0.000
 MALE           0.000         0.000         0.000         0.000         0.000


           THETA
              FLFAMILY      IMMI1GEN      IMMI2GEN      ESCS          MALE
              ________      ________      ________      ________      ________
 FLFAMILY       0.000
 IMMI1GEN       0.000         0.000
 IMMI2GEN       0.000         0.000         0.000
 ESCS           0.000         0.000         0.000         0.000
 MALE           0.000         0.000         0.000         0.000         0.000


           ALPHA
              FLIT          FCFMLRTY      FLCONFIN      FLSCHOOL      NOBULLY
              ________      ________      ________      ________      ________
                0.000         7.268        -0.044         0.000         0.000


           ALPHA
              FLFAMILY      IMMI1GEN      IMMI2GEN      ESCS          MALE
              ________      ________      ________      ________      ________
                0.000         0.123         0.128         0.355         0.000


           BETA
              FLIT          FCFMLRTY      FLCONFIN      FLSCHOOL      NOBULLY
              ________      ________      ________      ________      ________
 FLIT           0.000         0.000         0.000         0.000         0.000
 FCFMLRTY       0.000         0.000         0.000         0.000         0.000
 FLCONFIN       0.000         0.000         0.000         0.000         0.000
 FLSCHOOL       0.000         0.000         0.000         0.000         0.000
 NOBULLY        0.000         0.000         0.000         0.000         0.000
 FLFAMILY       0.000         0.000         0.000         0.000         0.000
 IMMI1GEN       0.000         0.000         0.000         0.000         0.000
 IMMI2GEN       0.000         0.000         0.000         0.000         0.000
 ESCS           0.000         0.000         0.000         0.000         0.000
 MALE           0.000         0.000         0.000         0.000         0.000


           BETA
              FLFAMILY      IMMI1GEN      IMMI2GEN      ESCS          MALE
              ________      ________      ________      ________      ________
 FLIT           0.000         0.000         0.000         0.000         0.000
 FCFMLRTY       0.000         0.000         0.000         0.000         0.000
 FLCONFIN       0.000         0.000         0.000         0.000         0.000
 FLSCHOOL       0.000         0.000         0.000         0.000         0.000
 NOBULLY        0.000         0.000         0.000         0.000         0.000
 FLFAMILY       0.000         0.000         0.000         0.000         0.000
 IMMI1GEN       0.000         0.000         0.000         0.000         0.000
 IMMI2GEN       0.000         0.000         0.000         0.000         0.000
 ESCS           0.000         0.000         0.000         0.000         0.000
 MALE           0.000         0.000         0.000         0.000         0.000


           PSI
              FLIT          FCFMLRTY      FLCONFIN      FLSCHOOL      NOBULLY
              ________      ________      ________      ________      ________
 FLIT        4547.770
 FCFMLRTY       0.000        13.998
 FLCONFIN       0.000         0.000         0.511
 FLSCHOOL       0.000         0.000         0.000         0.577
 NOBULLY        0.000         0.000         0.000         0.000         0.606
 FLFAMILY       0.000         0.000         0.000         0.000         0.000
 IMMI1GEN       0.000         0.000         0.000         0.000         0.000
 IMMI2GEN       0.000         0.000         0.000         0.000         0.000
 ESCS           0.000         0.000         0.000         0.000         0.000
 MALE           0.000         0.000         0.000         0.000         0.000


           PSI
              FLFAMILY      IMMI1GEN      IMMI2GEN      ESCS          MALE
              ________      ________      ________      ________      ________
 FLFAMILY       0.548
 IMMI1GEN       0.000         0.054
 IMMI2GEN       0.000         0.000         0.056
 ESCS           0.000         0.000         0.000         0.367
 MALE           0.000         0.000         0.000         0.000         0.125


     STARTING VALUES FOR BETWEEN


           NU
              EDUSHORT      STRATIO       FLIT          FLSCHOOL      NOBULLY
              ________      ________      ________      ________      ________
                0.000         0.000         0.000         0.000         0.000


           NU
              FLFAMILY
              ________
                0.000


           LAMBDA
              EDUSHORT      STRATIO       FLIT          FLSCHOOL      NOBULLY
              ________      ________      ________      ________      ________
 EDUSHORT       1.000         0.000         0.000         0.000         0.000
 STRATIO        0.000         1.000         0.000         0.000         0.000
 FLIT           0.000         0.000         1.000         0.000         0.000
 FLSCHOOL       0.000         0.000         0.000         1.000         0.000
 NOBULLY        0.000         0.000         0.000         0.000         1.000
 FLFAMILY       0.000         0.000         0.000         0.000         0.000


           LAMBDA
              FLFAMILY
              ________
 EDUSHORT       0.000
 STRATIO        0.000
 FLIT           0.000
 FLSCHOOL       0.000
 NOBULLY        0.000
 FLFAMILY       1.000


           THETA
              EDUSHORT      STRATIO       FLIT          FLSCHOOL      NOBULLY
              ________      ________      ________      ________      ________
 EDUSHORT       0.000
 STRATIO        0.000         0.000
 FLIT           0.000         0.000         0.000
 FLSCHOOL       0.000         0.000         0.000         0.000
 NOBULLY        0.000         0.000         0.000         0.000         0.000
 FLFAMILY       0.000         0.000         0.000         0.000         0.000


           THETA
              FLFAMILY
              ________
 FLFAMILY       0.000


           ALPHA
              EDUSHORT      STRATIO       FLIT          FLSCHOOL      NOBULLY
              ________      ________      ________      ________      ________
               -0.446        14.059       514.196         0.154        -0.214


           ALPHA
              FLFAMILY
              ________
                0.024


           BETA
              EDUSHORT      STRATIO       FLIT          FLSCHOOL      NOBULLY
              ________      ________      ________      ________      ________
 EDUSHORT       0.000         0.000         0.000         0.000         0.000
 STRATIO        0.000         0.000         0.000         0.000         0.000
 FLIT           0.000         0.000         0.000         0.000         0.000
 FLSCHOOL       0.000         0.000         0.000         0.000         0.000
 NOBULLY        0.000         0.000         0.000         0.000         0.000
 FLFAMILY       0.000         0.000         0.000         0.000         0.000


           BETA
              FLFAMILY
              ________
 EDUSHORT       0.000
 STRATIO        0.000
 FLIT           0.000
 FLSCHOOL       0.000
 NOBULLY        0.000
 FLFAMILY       0.000


           PSI
              EDUSHORT      STRATIO       FLIT          FLSCHOOL      NOBULLY
              ________      ________      ________      ________      ________
 EDUSHORT       0.384
 STRATIO        0.000        53.422
 FLIT           0.000         0.000      4547.770
 FLSCHOOL       0.000         0.000         0.000         0.577
 NOBULLY        0.000         0.000         0.000         0.000         0.606
 FLFAMILY       0.000         0.000         0.000         0.000         0.000


           PSI
              FLFAMILY
              ________
 FLFAMILY       0.548


     Beginning Time:  18:22:56
        Ending Time:  18:25:38
       Elapsed Time:  00:02:42



MUTHEN & MUTHEN
3463 Stoner Ave.
Los Angeles, CA  90066

Tel: (310) 391-9971
Fax: (310) 391-8971
Web: www.StatModel.com
Support: Support@StatModel.com

Copyright (c) 1998-2020 Muthen & Muthen
