Mplus VERSION 8.3
MUTHEN & MUTHEN
01/22/2021   8:09 PM

INPUT INSTRUCTIONS


  TITLE:
      Two-level structured model 246

  DATA:
      file = "C:\Users\tctan\implist.dat";

      type = imputation;


  VARIABLE:
      names =
          FKI CNTRYID CNTSCHID CNTSTUID W_STU
          MATH READ FLIT                      ! PISA achievement variables
          MALE IMMI1GEN IMMI2GEN ESCS         ! Demographic info
          FCFMLRTY FLCONFIN                   ! Affect
          FLSCHOOL                            !   Lat var "Academic"
          NOBULLY                             !   Lat var "Safety"
          FLFAMILY                            !   Lat var "Community"
          W_SCH STRATIO                       ! School character
          EDUSHORT                            !   Lat var "inst. env."
          ;

      useobs = CNTRYID eq 246;          ! Pull out one country at a time

      usevar =
          FLIT                                ! PISA achievement variables
          FLSCHOOL                            !   Lat var "Academic"
          NOBULLY                             !   Lat var "Safety"
          FLFAMILY                            !   Lat var "Community"
          EDUSHORT STRATIO                    !   Lat var "Inst env"
          FCFMLRTY FLCONFIN                   ! Affect
          MALE IMMI1GEN IMMI2GEN ESCS         ! Demographic info
          ;

      ! Vars that ONLY appear in L1
      within =
          FCFMLRTY FLCONFIN                   ! Affective vars
          MALE IMMI1GEN IMMI2GEN ESCS         ! L1 control vars
          ;

      ! Vars that ONLY appear in L2
      between =
          EDUSHORT STRATIO                    ! L2: school
          ;

      missing = all (-99);

      weight = W_STU;                         ! Student weight
      wtscale = cluster;                      ! Scale L1 weight to cluster size
      bweight = W_SCH;                        ! School weight
      bwtscale = sample;                      ! Scale L2 weight to sample

      cluster = CNTSCHID;                     ! Cluster by school ID


  ANALYSIS:
      processors = 4;

      type = twolevel;


  MODEL:

  %Within%                                    ! === L1: Student-level ===

      ! Indirect pathways (1st half): school climate vars onto mediators
          ! Onto mediator FAMILIARITY
      FCFMLRTY on FLSCHOOL NOBULLY FLFAMILY;
          ! Onto mediator CONFIDENCE
      FLCONFIN on FLSCHOOL NOBULLY FLFAMILY;

      ! Total effect
      FLIT on
          ! Direct pathways: school climate vars onto financial literacy
          FLSCHOOL NOBULLY FLFAMILY
          ! Indirect pathways (2nd half): affective vars onto financial literacy
          FCFMLRTY FLCONFIN
          ! Control vars (demographic info)
          MALE IMMI1GEN IMMI2GEN ESCS
          ;

      ! Covariances
          ! Between school climate vars
      FLSCHOOL with NOBULLY;
      FLSCHOOL with FLFAMILY;
      NOBULLY with FLFAMILY;
          ! Between mediators
      FCFMLRTY with FLCONFIN;
          ! ESCS with FLFAMILY
      ESCS with FLFAMILY

  %Between%                                   ! === L2: School-level ===

      FLIT on
          FLSCHOOL NOBULLY FLFAMILY EDUSHORT  ! School climate variables
          STRATIO                             ! Control: Student-teacher ratio
          ;

      FLSCHOOL with NOBULLY;
      NOBULLY with FLFAMILY;
      FLFAMILY with EDUSHORT;

      FLSCHOOL with FLFAMILY;
      NOBULLY with EDUSHORT;

      FLSCHOOL with EDUSHORT;


  MODEL INDIRECT:

      ! Indirect effects
      FLIT ind FLSCHOOL;
      FLIT ind NOBULLY;
      FLIT ind FLFAMILY;


  OUTPUT:
      stdyx                                   ! Fully standardised solution
      mod(all)                                ! Mod indices (all)
      ;



*** WARNING in OUTPUT command
  MODINDICES option is not available for multiple imputation.
  Request for MODINDICES is ignored.
   1 WARNING(S) FOUND IN THE INPUT INSTRUCTIONS




Two-level structured model 246

SUMMARY OF ANALYSIS

Number of groups                                                 1
Average number of observations                                4145

Number of replications
    Requested                                                   10
    Completed                                                   10

Number of dependent variables                                    3
Number of independent variables                                  9
Number of continuous latent variables                            0

Observed dependent variables

  Continuous
   FLIT        FCFMLRTY    FLCONFIN

Observed independent variables
   FLSCHOOL    NOBULLY     FLFAMILY    EDUSHORT    STRATIO     MALE
   IMMI1GEN    IMMI2GEN    ESCS

Variables with special functions

  Cluster variable      CNTSCHID
  Weight variable (cluster-size scaling)
    W_STU
  Between weight variable (sample-size scaling)
    W_SCH

  Within variables
   FCFMLRTY    FLCONFIN    MALE        IMMI1GEN    IMMI2GEN    ESCS

  Between variables
   EDUSHORT    STRATIO


Estimator                                                      MLR
Information matrix                                        OBSERVED
Maximum number of iterations                                   100
Convergence criterion                                    0.100D-05
Maximum number of EM iterations                                500
Convergence criteria for the EM algorithm
  Loglikelihood change                                   0.100D-02
  Relative loglikelihood change                          0.100D-05
  Derivative                                             0.100D-03
Minimum variance                                         0.100D-03
Maximum number of steepest descent iterations                   20
Maximum number of iterations for H1                           2000
Convergence criterion for H1                             0.100D-03
Optimization algorithm                                         EMA

Input data file(s)
  Multiple data files from
    C:\Users\tctan\implist.dat
Input data format  FREE


SUMMARY OF DATA FOR THE FIRST DATA SET

     Number of missing data patterns            54
     Number of clusters                        200

     Average cluster size       20.725

     Estimated Intraclass Correlations for the Y Variables

                Intraclass              Intraclass              Intraclass
     Variable  Correlation   Variable  Correlation   Variable  Correlation

     FLIT         0.016      FCFMLRTY     0.000      FLCONFIN     0.000
     FLSCHOOL     0.041      NOBULLY      0.024      FLFAMILY     0.008
     ESCS         0.000



SUMMARY OF MISSING DATA PATTERNS FOR THE FIRST DATA SET


     MISSING DATA PATTERNS (x = not missing)

           1  2  3  4  5  6  7  8  9 10 11 12 13 14 15 16 17 18 19 20
 EDUSHORT  x     x  x  x  x  x  x  x  x  x  x  x  x  x  x  x  x  x  x
 FLIT      x  x  x  x  x  x  x  x  x  x  x  x  x  x  x  x  x  x  x  x
 FCFMLRTY  x  x  x  x     x  x        x  x  x  x  x  x        x  x  x
 FLCONFIN  x  x     x        x           x           x              x
 FLSCHOOL  x  x  x  x     x     x        x  x  x              x
 NOBULLY   x  x  x     x  x           x  x  x        x     x        x
 FLFAMILY  x  x     x     x  x                 x     x  x  x
 ESCS      x  x     x  x  x  x  x  x  x  x  x  x  x  x  x  x  x     x
 MALE      x  x  x  x  x  x  x  x  x  x  x  x  x  x  x  x  x  x  x  x
 IMMI1GEN  x  x  x  x  x  x  x  x  x  x  x  x  x  x  x  x  x  x  x  x
 IMMI2GEN  x  x  x  x  x  x  x  x  x  x  x  x  x  x  x  x  x  x  x  x
 STRATIO   x  x  x  x  x  x  x  x  x  x  x  x  x  x  x  x  x  x  x  x

          21 22 23 24 25 26 27 28 29 30 31 32 33 34 35 36 37 38 39 40
 EDUSHORT  x  x  x                                x  x  x  x
 FLIT      x  x  x  x  x  x  x  x  x  x  x  x  x  x  x  x  x  x  x  x
 FCFMLRTY        x     x  x     x     x  x  x  x        x  x  x  x  x
 FLCONFIN     x  x     x        x     x     x        x        x  x
 FLSCHOOL  x     x  x  x  x     x        x        x           x     x
 NOBULLY         x  x     x  x  x     x           x  x     x  x  x  x
 FLFAMILY  x     x     x  x     x        x  x     x  x  x        x
 ESCS      x  x     x  x  x  x     x  x  x  x  x  x  x  x     x  x  x
 MALE      x  x  x  x  x  x  x  x  x  x  x  x  x  x  x  x  x  x  x  x
 IMMI1GEN  x  x  x  x  x  x  x  x  x  x  x  x  x  x  x  x  x  x  x  x
 IMMI2GEN  x  x  x  x  x  x  x  x  x  x  x  x  x  x  x  x  x  x  x  x
 STRATIO   x  x  x  x  x  x  x  x  x  x  x  x  x  x  x  x  x  x  x  x

          41 42 43 44 45 46 47 48 49 50 51 52 53 54
 EDUSHORT  x  x  x  x  x  x  x  x  x  x  x     x
 FLIT      x  x  x  x  x  x  x  x  x  x  x  x  x  x
 FCFMLRTY        x     x  x        x  x           x
 FLCONFIN  x  x     x  x  x  x        x     x  x  x
 FLSCHOOL  x  x        x  x     x  x        x  x  x
 NOBULLY   x     x  x           x           x
 FLFAMILY  x  x  x     x     x     x        x
 ESCS      x  x  x  x     x  x  x     x        x  x
 MALE      x  x  x  x  x  x  x  x  x  x  x  x  x  x
 IMMI1GEN  x  x  x  x  x  x  x  x  x  x  x  x  x  x
 IMMI2GEN  x  x  x  x  x  x  x  x  x  x  x  x  x  x
 STRATIO   x  x  x  x  x  x  x  x  x  x  x  x  x  x


     MISSING DATA PATTERN FREQUENCIES

    Pattern   Frequency     Pattern   Frequency     Pattern   Frequency
          1        3256          19           1          37           2
          2         220          20           8          38           1
          3           1          21           2          39           1
          4         197          22           2          40           2
          5          62          23           9          41           3
          6          87          24           1          42           2
          7           4          25          15          43           1
          8           2          26           5          44           2
          9          43          27           2          45           1
         10          29          28           1          46           1
         11          13          29           2          47           1
         12          16          30           2          48           1
         13          54          31           7          49           1
         14          28          32           1          50           2
         15          15          33           4          51           1
         16           2          34           5          52           1
         17           3          35           3          53           1
         18          14          36           4          54           1


COVARIANCE COVERAGE OF DATA FOR THE FIRST DATA SET

Minimum covariance coverage value   0.100


     PROPORTION OF DATA PRESENT


           Covariance Coverage
              EDUSHORT      FLIT          FCFMLRTY      FLCONFIN      FLSCHOOL
              ________      ________      ________      ________      ________
 EDUSHORT       0.936
 FLIT           0.936         1.000
 FCFMLRTY       0.903         0.966         0.966
 FLCONFIN       0.849         0.908         0.904         0.908
 FLSCHOOL       0.884         0.946         0.941         0.898         0.946
 NOBULLY        0.848         0.905         0.885         0.853         0.874
 FLFAMILY       0.881         0.941         0.936         0.900         0.933
 ESCS           0.932         0.996         0.962         0.905         0.942
 MALE           0.936         1.000         0.966         0.908         0.946
 IMMI1GEN       0.936         1.000         0.966         0.908         0.946
 IMMI2GEN       0.936         1.000         0.966         0.908         0.946
 STRATIO        0.936         1.000         0.966         0.908         0.946


           Covariance Coverage
              NOBULLY       FLFAMILY      ESCS          MALE          IMMI1GEN
              ________      ________      ________      ________      ________
 NOBULLY        0.905
 FLFAMILY       0.871         0.941
 ESCS           0.902         0.938         0.996
 MALE           0.905         0.941         0.996         1.000
 IMMI1GEN       0.905         0.941         0.996         1.000         1.000
 IMMI2GEN       0.905         0.941         0.996         1.000         1.000
 STRATIO        0.905         0.941         0.996         1.000         1.000


           Covariance Coverage
              IMMI2GEN      STRATIO
              ________      ________
 IMMI2GEN       1.000
 STRATIO        1.000         1.000


SAMPLE STATISTICS

NOTE:  The sample statistics for within and between refer to the
       maximum-likelihood estimated within and between covariance
       matrices, respectively.

NOTE:  These are average results over 10 data sets.


     ESTIMATED SAMPLE STATISTICS FOR WITHIN


           Means
              EDUSHORT      FLIT          FCFMLRTY      FLCONFIN      FLSCHOOL
              ________      ________      ________      ________      ________
                0.000         0.000         9.895        -0.013         0.000


           Means
              NOBULLY       FLFAMILY      ESCS          MALE          IMMI1GEN
              ________      ________      ________      ________      ________
                0.000         0.000         0.292         0.505         0.032


           Means
              IMMI2GEN      STRATIO
              ________      ________
                0.025         0.000


           Covariances
              EDUSHORT      FLIT          FCFMLRTY      FLCONFIN      FLSCHOOL
              ________      ________      ________      ________      ________
 EDUSHORT       0.000
 FLIT           0.000     10046.378
 FCFMLRTY       0.000       174.696        23.629
 FLCONFIN       0.000        12.189         1.265         0.835
 FLSCHOOL       0.000        16.292         1.542         0.178         0.763
 NOBULLY        0.000         3.510         0.172         0.003         0.016
 FLFAMILY       0.000         0.436         0.627         0.173         0.212
 ESCS           0.000        23.896         0.656         0.062         0.063
 MALE           0.000        -0.982         0.173         0.108         0.005
 IMMI1GEN       0.000        -2.839        -0.085        -0.004        -0.010
 IMMI2GEN       0.000        -1.450        -0.050        -0.003        -0.003
 STRATIO        0.000         0.000         0.000         0.000         0.000


           Covariances
              NOBULLY       FLFAMILY      ESCS          MALE          IMMI1GEN
              ________      ________      ________      ________      ________
 NOBULLY        0.920
 FLFAMILY      -0.032         0.748
 ESCS          -0.011         0.062         0.620
 MALE          -0.025        -0.017         0.010         0.250
 IMMI1GEN      -0.008         0.000        -0.020        -0.001         0.031
 IMMI2GEN       0.006        -0.003        -0.012        -0.002        -0.001
 STRATIO        0.000         0.000         0.000         0.000         0.000


           Covariances
              IMMI2GEN      STRATIO
              ________      ________
 IMMI2GEN       0.024
 STRATIO        0.000         0.000


           Correlations
              EDUSHORT      FLIT          FCFMLRTY      FLCONFIN      FLSCHOOL
              ________      ________      ________      ________      ________
 EDUSHORT       0.000
 FLIT           0.000         1.000
 FCFMLRTY       0.000         0.359         1.000
 FLCONFIN       0.000         0.133         0.285         1.000
 FLSCHOOL       0.000         0.186         0.363         0.223         1.000
 NOBULLY        0.000         0.037         0.037         0.003         0.020
 FLFAMILY       0.000         0.005         0.149         0.219         0.281
 ESCS           0.000         0.303         0.171         0.086         0.092
 MALE           0.000        -0.020         0.071         0.236         0.011
 IMMI1GEN       0.000        -0.162        -0.099        -0.025        -0.063
 IMMI2GEN       0.000        -0.093        -0.066        -0.022        -0.023
 STRATIO        0.000         0.000         0.000         0.000         0.000


           Correlations
              NOBULLY       FLFAMILY      ESCS          MALE          IMMI1GEN
              ________      ________      ________      ________      ________
 NOBULLY        1.000
 FLFAMILY      -0.038         1.000
 ESCS          -0.015         0.091         1.000
 MALE          -0.052        -0.038         0.024         1.000
 IMMI1GEN      -0.050         0.000        -0.144        -0.011         1.000
 IMMI2GEN       0.039        -0.019        -0.096        -0.026        -0.029
 STRATIO        0.000         0.000         0.000         0.000         0.000


           Correlations
              IMMI2GEN      STRATIO
              ________      ________
 IMMI2GEN       1.000
 STRATIO        0.000         0.000


     ESTIMATED SAMPLE STATISTICS FOR BETWEEN


           Means
              EDUSHORT      FLIT          FCFMLRTY      FLCONFIN      FLSCHOOL
              ________      ________      ________      ________      ________
                0.117       538.396         0.000         0.000         0.458


           Means
              NOBULLY       FLFAMILY      ESCS          MALE          IMMI1GEN
              ________      ________      ________      ________      ________
                0.018        -0.153         0.000         0.000         0.000


           Means
              IMMI2GEN      STRATIO
              ________      ________
                0.000        10.901


           Covariances
              EDUSHORT      FLIT          FCFMLRTY      FLCONFIN      FLSCHOOL
              ________      ________      ________      ________      ________
 EDUSHORT       0.653
 FLIT          -1.523       171.664
 FCFMLRTY       0.000         0.000         0.000
 FLCONFIN       0.000         0.000         0.000         0.000
 FLSCHOOL       0.014         0.245         0.000         0.000         0.032
 NOBULLY        0.018         0.377         0.000         0.000        -0.005
 FLFAMILY       0.010         0.247         0.000         0.000         0.006
 ESCS           0.000         0.000         0.000         0.000         0.000
 MALE           0.000         0.000         0.000         0.000         0.000
 IMMI1GEN       0.000         0.000         0.000         0.000         0.000
 IMMI2GEN       0.000         0.000         0.000         0.000         0.000
 STRATIO       -0.159         9.003         0.000         0.000         0.015


           Covariances
              NOBULLY       FLFAMILY      ESCS          MALE          IMMI1GEN
              ________      ________      ________      ________      ________
 NOBULLY        0.023
 FLFAMILY      -0.003         0.006
 ESCS           0.000         0.000         0.000
 MALE           0.000         0.000         0.000         0.000
 IMMI1GEN       0.000         0.000         0.000         0.000         0.000
 IMMI2GEN       0.000         0.000         0.000         0.000         0.000
 STRATIO       -0.032         0.007         0.000         0.000         0.000


           Covariances
              IMMI2GEN      STRATIO
              ________      ________
 IMMI2GEN       0.000
 STRATIO        0.000         4.137


           Correlations
              EDUSHORT      FLIT          FCFMLRTY      FLCONFIN      FLSCHOOL
              ________      ________      ________      ________      ________
 EDUSHORT       1.000
 FLIT          -0.144         1.000
 FCFMLRTY       0.000         0.000         0.000
 FLCONFIN       0.000         0.000         0.000         0.000
 FLSCHOOL       0.097         0.104         0.000         0.000         1.000
 NOBULLY        0.145         0.190         0.000         0.000        -0.172
 FLFAMILY       0.151         0.240         0.000         0.000         0.408
 ESCS           0.000         0.000         0.000         0.000         0.000
 MALE           0.000         0.000         0.000         0.000         0.000
 IMMI1GEN       0.000         0.000         0.000         0.000         0.000
 IMMI2GEN       0.000         0.000         0.000         0.000         0.000
 STRATIO       -0.096         0.338         0.000         0.000         0.040


           Correlations
              NOBULLY       FLFAMILY      ESCS          MALE          IMMI1GEN
              ________      ________      ________      ________      ________
 NOBULLY        1.000
 FLFAMILY      -0.247         1.000
 ESCS           0.000         0.000         0.000
 MALE           0.000         0.000         0.000         0.000
 IMMI1GEN       0.000         0.000         0.000         0.000         0.000
 IMMI2GEN       0.000         0.000         0.000         0.000         0.000
 STRATIO       -0.104         0.045         0.000         0.000         0.000


           Correlations
              IMMI2GEN      STRATIO
              ________      ________
 IMMI2GEN       0.000
 STRATIO        0.000         1.000




MODEL FIT INFORMATION

Number of Free Parameters                       51

Loglikelihood

    H0 Value

        Mean                            -61182.064
        Std Dev                             26.550
        Number of successful computations       10

             Proportions                   Percentiles
        Expected    Observed         Expected       Observed
           0.990       1.000       -61243.828     -61221.472
           0.980       1.000       -61236.591     -61221.472
           0.950       1.000       -61225.737     -61221.472
           0.900       0.900       -61216.091     -61221.472
           0.800       0.700       -61204.409     -61221.472
           0.700       0.600       -61195.987     -61209.907
           0.500       0.500       -61182.064     -61186.513
           0.300       0.500       -61168.141     -61162.714
           0.200       0.200       -61159.719     -61162.220
           0.100       0.100       -61148.037     -61151.353
           0.050       0.000       -61138.392     -61151.353
           0.020       0.000       -61127.538     -61151.353
           0.010       0.000       -61120.300     -61151.353

    H1 Value

        Mean                            -60896.902
        Std Dev                             26.693
        Number of successful computations       10

             Proportions                   Percentiles
        Expected    Observed         Expected       Observed
           0.990       1.000       -60958.997     -60936.060
           0.980       1.000       -60951.721     -60936.060
           0.950       1.000       -60940.809     -60936.060
           0.900       0.900       -60931.112     -60936.060
           0.800       0.700       -60919.367     -60936.060
           0.700       0.600       -60910.900     -60924.560
           0.500       0.500       -60896.902     -60901.602
           0.300       0.500       -60882.905     -60877.276
           0.200       0.200       -60874.438     -60877.001
           0.100       0.100       -60862.693     -60866.405
           0.050       0.000       -60852.996     -60866.405
           0.020       0.000       -60842.084     -60866.405
           0.010       0.000       -60834.808     -60866.405

Information Criteria

    Akaike (AIC)

        Mean                            122466.128
        Std Dev                             53.101
        Number of successful computations       10

             Proportions                   Percentiles
        Expected    Observed         Expected       Observed
           0.990       1.000       122342.601     122393.073
           0.980       1.000       122357.076     122393.073
           0.950       1.000       122378.783     122393.073
           0.900       0.900       122398.075     122393.073
           0.800       0.800       122421.439     122393.073
           0.700       0.500       122438.282     122426.440
           0.500       0.500       122466.128     122432.927
           0.300       0.400       122493.974     122506.302
           0.200       0.300       122510.818     122521.815
           0.100       0.100       122534.182     122528.625
           0.050       0.000       122553.474     122528.625
           0.020       0.000       122575.181     122528.625
           0.010       0.000       122589.656     122528.625

    Bayesian (BIC)

        Mean                            122788.941
        Std Dev                             53.101
        Number of successful computations       10

             Proportions                   Percentiles
        Expected    Observed         Expected       Observed
           0.990       1.000       122665.413     122715.885
           0.980       1.000       122679.888     122715.885
           0.950       1.000       122701.596     122715.885
           0.900       0.900       122720.887     122715.885
           0.800       0.800       122744.252     122715.885
           0.700       0.500       122761.095     122749.252
           0.500       0.500       122788.941     122755.739
           0.300       0.400       122816.787     122829.114
           0.200       0.300       122833.630     122844.627
           0.100       0.100       122856.995     122851.437
           0.050       0.000       122876.286     122851.437
           0.020       0.000       122897.994     122851.437
           0.010       0.000       122912.469     122851.437

    Sample-Size Adjusted BIC (n* = (n + 2) / 24)

        Mean                            122626.885
        Std Dev                             53.101
        Number of successful computations       10

             Proportions                   Percentiles
        Expected    Observed         Expected       Observed
           0.990       1.000       122503.357     122553.829
           0.980       1.000       122517.832     122553.829
           0.950       1.000       122539.540     122553.829
           0.900       0.900       122558.831     122553.829
           0.800       0.800       122582.195     122553.829
           0.700       0.500       122599.039     122587.196
           0.500       0.500       122626.885     122593.683
           0.300       0.400       122654.731     122667.058
           0.200       0.300       122671.574     122682.571
           0.100       0.100       122694.938     122689.381
           0.050       0.000       122714.230     122689.381
           0.020       0.000       122735.937     122689.381
           0.010       0.000       122750.413     122689.381

Chi-Square Test of Model Fit

        Degrees of freedom                      26

        Mean                               449.340
        Std Dev                              1.494
        Number of successful computations       10

             Proportions                   Percentiles
        Expected    Observed         Expected       Observed
           0.990       1.000           12.198        446.404
           0.980       1.000           13.409        446.404
           0.950       1.000           15.379        446.404
           0.900       1.000           17.292        446.404
           0.800       1.000           19.820        446.404
           0.700       1.000           21.792        448.355
           0.500       1.000           25.336        448.950
           0.300       1.000           29.246        449.958
           0.200       1.000           31.795        450.122
           0.100       1.000           35.563        451.478
           0.050       1.000           38.885        451.478
           0.020       1.000           42.856        451.478
           0.010       1.000           45.642        451.478

RMSEA (Root Mean Square Error Of Approximation)

        Mean                                 0.063
        Std Dev                              0.000
        Number of successful computations       10

             Proportions                   Percentiles
        Expected    Observed         Expected       Observed
           0.990       1.000            0.062          0.062
           0.980       1.000            0.062          0.062
           0.950       0.900            0.062          0.062
           0.900       0.900            0.063          0.062
           0.800       0.800            0.063          0.062
           0.700       0.700            0.063          0.063
           0.500       0.500            0.063          0.063
           0.300       0.200            0.063          0.063
           0.200       0.200            0.063          0.063
           0.100       0.200            0.063          0.063
           0.050       0.000            0.063          0.063
           0.020       0.000            0.063          0.063
           0.010       0.000            0.063          0.063

CFI/TLI

    CFI

        Mean                                 0.817
        Std Dev                              0.002
        Number of successful computations       10

             Proportions                   Percentiles
        Expected    Observed         Expected       Observed
           0.990       1.000            0.812          0.813
           0.980       1.000            0.812          0.813
           0.950       1.000            0.813          0.813
           0.900       0.800            0.814          0.813
           0.800       0.700            0.815          0.813
           0.700       0.700            0.816          0.815
           0.500       0.500            0.817          0.817
           0.300       0.400            0.819          0.819
           0.200       0.100            0.819          0.819
           0.100       0.100            0.820          0.819
           0.050       0.100            0.821          0.819
           0.020       0.000            0.822          0.819
           0.010       0.000            0.823          0.819

    TLI

        Mean                                 0.599
        Std Dev                              0.005
        Number of successful computations       10

             Proportions                   Percentiles
        Expected    Observed         Expected       Observed
           0.990       1.000            0.587          0.591
           0.980       1.000            0.588          0.591
           0.950       1.000            0.590          0.591
           0.900       0.800            0.592          0.591
           0.800       0.700            0.595          0.591
           0.700       0.700            0.597          0.595
           0.500       0.500            0.599          0.599
           0.300       0.400            0.602          0.602
           0.200       0.100            0.604          0.603
           0.100       0.100            0.606          0.604
           0.050       0.100            0.608          0.604
           0.020       0.000            0.611          0.604
           0.010       0.000            0.612          0.604

SRMR (Standardized Root Mean Square Residual) for the WITHIN level

        Mean                                 0.059
        Std Dev                              0.000
        Number of successful computations       10

             Proportions                   Percentiles
        Expected    Observed         Expected       Observed
           0.990       1.000            0.058          0.058
           0.980       0.900            0.058          0.058
           0.950       0.900            0.058          0.058
           0.900       0.900            0.059          0.058
           0.800       0.800            0.059          0.058
           0.700       0.700            0.059          0.059
           0.500       0.500            0.059          0.059
           0.300       0.400            0.059          0.059
           0.200       0.200            0.059          0.059
           0.100       0.100            0.059          0.059
           0.050       0.000            0.059          0.059
           0.020       0.000            0.059          0.059
           0.010       0.000            0.059          0.059

SRMR (Standardized Root Mean Square Residual) for the BETWEEN level

        Mean                                 0.040
        Std Dev                              0.001
        Number of successful computations       10

             Proportions                   Percentiles
        Expected    Observed         Expected       Observed
           0.990       1.000            0.038          0.039
           0.980       1.000            0.038          0.039
           0.950       1.000            0.039          0.039
           0.900       0.900            0.039          0.039
           0.800       0.700            0.039          0.039
           0.700       0.600            0.039          0.039
           0.500       0.500            0.040          0.039
           0.300       0.400            0.040          0.040
           0.200       0.200            0.040          0.040
           0.100       0.100            0.040          0.040
           0.050       0.000            0.040          0.040
           0.020       0.000            0.041          0.040
           0.010       0.000            0.041          0.040



MODEL RESULTS

                                                    Two-Tailed   Rate of
                    Estimate       S.E.  Est./S.E.    P-Value    Missing

Within Level

 FCFMLRTY   ON
    FLSCHOOL           1.928      0.096     20.125      0.000      0.000
    NOBULLY            0.154      0.091      1.688      0.091      0.001
    FLFAMILY           0.302      0.100      3.019      0.003      0.000

 FLCONFIN   ON
    FLSCHOOL           0.185      0.022      8.367      0.000      0.000
    NOBULLY            0.007      0.016      0.441      0.659      0.000
    FLFAMILY           0.179      0.023      7.887      0.000      0.000

 FLIT       ON
    FLSCHOOL           7.878      2.015      3.909      0.000      0.092
    NOBULLY            1.920      1.935      0.992      0.321      0.237
    FLFAMILY         -10.648      1.900     -5.605      0.000      0.131
    FCFMLRTY           5.833      0.433     13.461      0.000      0.280
    FLCONFIN           5.433      2.022      2.687      0.007      0.240
    MALE             -12.293      3.896     -3.155      0.002      0.508
    IMMI1GEN         -56.858     11.942     -4.761      0.000      0.165
    IMMI2GEN         -36.093     10.543     -3.423      0.001      0.126
    ESCS              29.982      2.363     12.690      0.000      0.175

 FLSCHOOL WITH
    NOBULLY            0.015      0.015      1.034      0.301      0.000
    FLFAMILY           0.208      0.015     13.895      0.000      0.000

 NOBULLY  WITH
    FLFAMILY          -0.030      0.016     -1.849      0.064      0.000

 FCFMLRTY WITH
    FLCONFIN           0.885      0.072     12.273      0.000      0.000

 ESCS     WITH
    FLFAMILY           0.044      0.012      3.489      0.000      0.000

 Means
    ESCS               0.293      0.024     12.300      0.000      0.000

 Intercepts
    FCFMLRTY           9.901      0.104     94.874      0.000      0.001
    FLCONFIN          -0.017      0.016     -1.058      0.290      0.001

 Variances
    FLSCHOOL           0.763      0.021     37.176      0.000      0.000
    NOBULLY            0.919      0.033     27.731      0.000      0.000
    FLFAMILY           0.746      0.021     35.990      0.000      0.000
    ESCS               0.619      0.017     35.721      0.000      0.000

 Residual Variances
    FLIT            7894.356    225.106     35.070      0.000      0.232
    FCFMLRTY          20.433      0.587     34.829      0.000      0.000
    FLCONFIN           0.773      0.026     30.290      0.000      0.000

Between Level

 FLIT       ON
    FLSCHOOL           3.591     20.285      0.177      0.859      0.041
    NOBULLY           29.756     27.988      1.063      0.288      0.080
    FLFAMILY          53.834    101.060      0.533      0.594      0.030
    EDUSHORT          -3.426      2.917     -1.174      0.240      0.037
    STRATIO            2.151      1.029      2.089      0.037      0.055

 FLSCHOOL WITH
    NOBULLY           -0.004      0.004     -0.966      0.334      0.000
    FLFAMILY           0.005      0.003      1.916      0.055      0.000
    EDUSHORT           0.014      0.017      0.825      0.409      0.000

 NOBULLY  WITH
    FLFAMILY          -0.003      0.004     -0.900      0.368      0.000
    EDUSHORT           0.019      0.017      1.115      0.265      0.000

 FLFAMILY WITH
    EDUSHORT           0.008      0.011      0.794      0.427      0.001

 Means
    EDUSHORT           0.115      0.060      1.907      0.056      0.000
    FLSCHOOL           0.460      0.021     22.255      0.000      0.000
    NOBULLY            0.019      0.019      0.988      0.323      0.000
    FLFAMILY          -0.152      0.016     -9.809      0.000      0.000

 Intercepts
    FLIT             463.791     26.482     17.514      0.000      0.049

 Variances
    EDUSHORT           0.653      0.066      9.851      0.000      0.000
    FLSCHOOL           0.031      0.008      3.800      0.000      0.000
    NOBULLY            0.023      0.008      3.022      0.003      0.000
    FLFAMILY           0.006      0.005      1.334      0.182      0.000

 Residual Variances
    FLIT             121.124     85.574      1.415      0.157      0.108


STANDARDIZED MODEL RESULTS


STDYX Standardization

                                                    Two-Tailed   Rate of
                    Estimate       S.E.  Est./S.E.    P-Value    Missing

Within Level

 FCFMLRTY   ON
    FLSCHOOL           0.347      0.017     20.500      0.000      0.000
    NOBULLY            0.030      0.018      1.685      0.092      0.001
    FLFAMILY           0.054      0.018      3.011      0.003      0.000

 FLCONFIN   ON
    FLSCHOOL           0.176      0.021      8.517      0.000      0.000
    NOBULLY            0.008      0.017      0.441      0.659      0.000
    FLFAMILY           0.169      0.021      7.925      0.000      0.000

 FLIT       ON
    FLSCHOOL           0.070      0.018      3.926      0.000      0.089
    NOBULLY            0.019      0.019      0.989      0.323      0.234
    FLFAMILY          -0.093      0.017     -5.649      0.000      0.119
    FCFMLRTY           0.288      0.021     13.829      0.000      0.266
    FLCONFIN           0.051      0.019      2.692      0.007      0.244
    MALE              -0.063      0.020     -3.156      0.002      0.514
    IMMI1GEN          -0.101      0.021     -4.811      0.000      0.163
    IMMI2GEN          -0.057      0.017     -3.414      0.001      0.131
    ESCS               0.240      0.018     13.424      0.000      0.184

 FLSCHOOL WITH
    NOBULLY            0.018      0.017      1.035      0.301      0.000
    FLFAMILY           0.276      0.018     15.448      0.000      0.000

 NOBULLY  WITH
    FLFAMILY          -0.037      0.020     -1.854      0.064      0.000

 FCFMLRTY WITH
    FLCONFIN           0.223      0.018     12.595      0.000      0.000

 ESCS     WITH
    FLFAMILY           0.064      0.018      3.512      0.000      0.000

 Means
    ESCS               0.372      0.031     11.819      0.000      0.000

 Intercepts
    FCFMLRTY           2.038      0.041     49.331      0.000      0.000
    FLCONFIN          -0.018      0.017     -1.059      0.290      0.001

 Variances
    FLSCHOOL           1.000      0.000  *********      0.000      0.000
    NOBULLY            1.000      0.000    999.000    999.000      0.000
    FLFAMILY           1.000      0.000  *********      0.000      0.000
    ESCS               1.000      0.000  *********      0.000      0.000

 Residual Variances
    FLIT               0.816      0.014     58.395      0.000      0.366
    FCFMLRTY           0.866      0.012     71.447      0.000      0.000
    FLCONFIN           0.924      0.011     86.006      0.000      0.000

Between Level

 FLIT       ON
    FLSCHOOL           0.050      0.273      0.183      0.854      0.041
    NOBULLY            0.343      0.319      1.077      0.282      0.085
    FLFAMILY           0.326      0.567      0.575      0.565      0.042
    EDUSHORT          -0.211      0.176     -1.200      0.230      0.042
    STRATIO            0.333      0.147      2.274      0.023      0.053

 FLSCHOOL WITH
    NOBULLY           -0.160      0.171     -0.938      0.348      0.000
    FLFAMILY           0.389      0.209      1.858      0.063      0.000
    EDUSHORT           0.096      0.114      0.843      0.399      0.000

 NOBULLY  WITH
    FLFAMILY          -0.278      0.297     -0.936      0.349      0.000
    EDUSHORT           0.158      0.139      1.137      0.256      0.000

 FLFAMILY WITH
    EDUSHORT           0.132      0.179      0.737      0.461      0.001

 Means
    EDUSHORT           0.142      0.075      1.885      0.059      0.000
    FLSCHOOL           2.595      0.374      6.933      0.000      0.000
    NOBULLY            0.127      0.132      0.955      0.339      0.000
    FLFAMILY          -1.931      0.784     -2.464      0.014      0.000

 Intercepts
    FLIT              35.413      8.254      4.290      0.000      0.074

 Variances
    EDUSHORT           1.000      0.000  *********      0.000      0.000
    FLSCHOOL           1.000      0.000  *********      0.000      0.000
    NOBULLY            1.000      0.000  *********      0.000      0.000
    FLFAMILY           1.000      0.000  *********      0.000      0.000

 Residual Variances
    FLIT               0.694      0.347      1.998      0.046      0.062


R-SQUARE

Within Level

    Observed                                        Two-Tailed   Rate of
    Variable        Estimate       S.E.  Est./S.E.    P-Value    Missing

    FLIT               0.184      0.014     13.148      0.000      0.366
    FCFMLRTY           0.134      0.012     11.091      0.000      0.000
    FLCONFIN           0.076      0.011      7.078      0.000      0.000

Between Level

    Observed                                        Two-Tailed   Rate of
    Variable        Estimate       S.E.  Est./S.E.    P-Value    Missing

    FLIT               0.306      0.347      0.880      0.379      0.062


QUALITY OF NUMERICAL RESULTS

     Average Condition Number for the Information Matrix      0.234E-06
       (ratio of smallest to largest eigenvalue)


TOTAL, TOTAL INDIRECT, SPECIFIC INDIRECT, AND DIRECT EFFECTS


                                                    Two-Tailed   Rate of
                    Estimate       S.E.  Est./S.E.    P-Value    Missing

WITHIN

Effects from FLSCHOOL to FLIT

  Total               20.124      2.182      9.224      0.000      0.166
  Total indirect      12.246      1.067     11.475      0.000      0.194

  Specific indirect 1
    FLIT
    FCFMLRTY
    FLSCHOOL          11.243      1.027     10.952      0.000      0.187

  Specific indirect 2
    FLIT
    FLCONFIN
    FLSCHOOL           1.003      0.387      2.593      0.010      0.226

  Direct
    FLIT
    FLSCHOOL           7.878      2.015      3.909      0.000      0.092


Effects from NOBULLY to FLIT

  Total                2.856      2.013      1.419      0.156      0.227
  Total indirect       0.936      0.560      1.673      0.094      0.004

  Specific indirect 1
    FLIT
    FCFMLRTY
    NOBULLY            0.897      0.539      1.663      0.096      0.004

  Specific indirect 2
    FLIT
    FLCONFIN
    NOBULLY            0.040      0.091      0.433      0.665      0.007

  Direct
    FLIT
    NOBULLY            1.920      1.935      0.992      0.321      0.237


Effects from FLFAMILY to FLIT

  Total               -7.917      1.871     -4.231      0.000      0.106
  Total indirect       2.731      0.712      3.837      0.000      0.063

  Specific indirect 1
    FLIT
    FCFMLRTY
    FLFAMILY           1.759      0.587      2.997      0.003      0.011

  Specific indirect 2
    FLIT
    FLCONFIN
    FLFAMILY           0.972      0.383      2.535      0.011      0.213

  Direct
    FLIT
    FLFAMILY         -10.648      1.900     -5.605      0.000      0.131


BETWEEN

Effects from FLSCHOOL to FLIT

  Total                3.591     20.285      0.177      0.859      0.041
  Total indirect       0.000      0.000     -0.219      0.827      0.167

  Direct
    FLIT
    FLSCHOOL           3.591     20.285      0.177      0.859      0.041


Effects from NOBULLY to FLIT

  Total               29.756     27.988      1.063      0.288      0.080
  Total indirect       0.000      0.000     -0.404      0.686      0.167

  Direct
    FLIT
    NOBULLY           29.756     27.988      1.063      0.288      0.080


Effects from FLFAMILY to FLIT

  Total               53.834    101.060      0.533      0.594      0.030
  Total indirect       0.000      0.000     -0.096      0.924      0.167

  Direct
    FLIT
    FLFAMILY          53.834    101.060      0.533      0.594      0.030



STANDARDIZED TOTAL, TOTAL INDIRECT, SPECIFIC INDIRECT, AND DIRECT EFFECTS


STDYX Standardization

                                                    Two-Tailed   Rate of
                    Estimate       S.E.  Est./S.E.    P-Value    Missing

WITHIN

Effects from FLSCHOOL to FLIT

  Total                0.179      0.019      9.413      0.000      0.159
  Total indirect       0.109      0.009     11.803      0.000      0.188

  Specific indirect 1
    FLIT
    FCFMLRTY
    FLSCHOOL           0.100      0.009     11.198      0.000      0.175

  Specific indirect 2
    FLIT
    FLCONFIN
    FLSCHOOL           0.009      0.003      2.603      0.009      0.230

  Direct
    FLIT
    FLSCHOOL           0.070      0.018      3.926      0.000      0.089


Effects from NOBULLY to FLIT

  Total                0.028      0.020      1.413      0.158      0.223
  Total indirect       0.009      0.005      1.669      0.095      0.004

  Specific indirect 1
    FLIT
    FCFMLRTY
    NOBULLY            0.009      0.005      1.659      0.097      0.004

  Specific indirect 2
    FLIT
    FLCONFIN
    NOBULLY            0.000      0.001      0.433      0.665      0.007

  Direct
    FLIT
    NOBULLY            0.019      0.019      0.989      0.323      0.234


Effects from FLFAMILY to FLIT

  Total               -0.070      0.016     -4.255      0.000      0.097
  Total indirect       0.024      0.006      3.837      0.000      0.064

  Specific indirect 1
    FLIT
    FCFMLRTY
    FLFAMILY           0.015      0.005      2.995      0.003      0.010

  Specific indirect 2
    FLIT
    FLCONFIN
    FLFAMILY           0.009      0.003      2.538      0.011      0.216

  Direct
    FLIT
    FLFAMILY          -0.093      0.017     -5.649      0.000      0.119


BETWEEN

Effects from FLSCHOOL to FLIT

  Total                0.050      0.273      0.183      0.854      0.041
  Total indirect       0.000      0.000      0.000      1.000      0.167

  Direct
    FLIT
    FLSCHOOL           0.050      0.273      0.183      0.854      0.041


Effects from NOBULLY to FLIT

  Total                0.343      0.319      1.077      0.282      0.085
  Total indirect       0.000      0.000      0.000      1.000      0.167

  Direct
    FLIT
    NOBULLY            0.343      0.319      1.077      0.282      0.085


Effects from FLFAMILY to FLIT

  Total                0.326      0.567      0.575      0.565      0.042
  Total indirect       0.000      0.000      0.000      1.000      0.167

  Direct
    FLIT
    FLFAMILY           0.326      0.567      0.575      0.565      0.042




TECHNICAL 1 OUTPUT


     PARAMETER SPECIFICATION FOR WITHIN


           NU
              FLIT          FCFMLRTY      FLCONFIN      FLSCHOOL      NOBULLY
              ________      ________      ________      ________      ________
                    0             0             0             0             0


           NU
              FLFAMILY      ESCS          MALE          IMMI1GEN      IMMI2GEN
              ________      ________      ________      ________      ________
                    0             0             0             0             0


           LAMBDA
              FLIT          FCFMLRTY      FLCONFIN      FLSCHOOL      NOBULLY
              ________      ________      ________      ________      ________
 FLIT               0             0             0             0             0
 FCFMLRTY           0             0             0             0             0
 FLCONFIN           0             0             0             0             0
 FLSCHOOL           0             0             0             0             0
 NOBULLY            0             0             0             0             0
 FLFAMILY           0             0             0             0             0
 ESCS               0             0             0             0             0
 MALE               0             0             0             0             0
 IMMI1GEN           0             0             0             0             0
 IMMI2GEN           0             0             0             0             0


           LAMBDA
              FLFAMILY      ESCS          MALE          IMMI1GEN      IMMI2GEN
              ________      ________      ________      ________      ________
 FLIT               0             0             0             0             0
 FCFMLRTY           0             0             0             0             0
 FLCONFIN           0             0             0             0             0
 FLSCHOOL           0             0             0             0             0
 NOBULLY            0             0             0             0             0
 FLFAMILY           0             0             0             0             0
 ESCS               0             0             0             0             0
 MALE               0             0             0             0             0
 IMMI1GEN           0             0             0             0             0
 IMMI2GEN           0             0             0             0             0


           THETA
              FLIT          FCFMLRTY      FLCONFIN      FLSCHOOL      NOBULLY
              ________      ________      ________      ________      ________
 FLIT               0
 FCFMLRTY           0             0
 FLCONFIN           0             0             0
 FLSCHOOL           0             0             0             0
 NOBULLY            0             0             0             0             0
 FLFAMILY           0             0             0             0             0
 ESCS               0             0             0             0             0
 MALE               0             0             0             0             0
 IMMI1GEN           0             0             0             0             0
 IMMI2GEN           0             0             0             0             0


           THETA
              FLFAMILY      ESCS          MALE          IMMI1GEN      IMMI2GEN
              ________      ________      ________      ________      ________
 FLFAMILY           0
 ESCS               0             0
 MALE               0             0             0
 IMMI1GEN           0             0             0             0
 IMMI2GEN           0             0             0             0             0


           ALPHA
              FLIT          FCFMLRTY      FLCONFIN      FLSCHOOL      NOBULLY
              ________      ________      ________      ________      ________
                    0             1             2             0             0


           ALPHA
              FLFAMILY      ESCS          MALE          IMMI1GEN      IMMI2GEN
              ________      ________      ________      ________      ________
                    0             3             0             0             0


           BETA
              FLIT          FCFMLRTY      FLCONFIN      FLSCHOOL      NOBULLY
              ________      ________      ________      ________      ________
 FLIT               0             4             5             6             7
 FCFMLRTY           0             0             0            13            14
 FLCONFIN           0             0             0            16            17
 FLSCHOOL           0             0             0             0             0
 NOBULLY            0             0             0             0             0
 FLFAMILY           0             0             0             0             0
 ESCS               0             0             0             0             0
 MALE               0             0             0             0             0
 IMMI1GEN           0             0             0             0             0
 IMMI2GEN           0             0             0             0             0


           BETA
              FLFAMILY      ESCS          MALE          IMMI1GEN      IMMI2GEN
              ________      ________      ________      ________      ________
 FLIT               8             9            10            11            12
 FCFMLRTY          15             0             0             0             0
 FLCONFIN          18             0             0             0             0
 FLSCHOOL           0             0             0             0             0
 NOBULLY            0             0             0             0             0
 FLFAMILY           0             0             0             0             0
 ESCS               0             0             0             0             0
 MALE               0             0             0             0             0
 IMMI1GEN           0             0             0             0             0
 IMMI2GEN           0             0             0             0             0


           PSI
              FLIT          FCFMLRTY      FLCONFIN      FLSCHOOL      NOBULLY
              ________      ________      ________      ________      ________
 FLIT              19
 FCFMLRTY           0            20
 FLCONFIN           0            21            22
 FLSCHOOL           0             0             0            23
 NOBULLY            0             0             0            24            25
 FLFAMILY           0             0             0            26            27
 ESCS               0             0             0             0             0
 MALE               0             0             0             0             0
 IMMI1GEN           0             0             0             0             0
 IMMI2GEN           0             0             0             0             0


           PSI
              FLFAMILY      ESCS          MALE          IMMI1GEN      IMMI2GEN
              ________      ________      ________      ________      ________
 FLFAMILY          28
 ESCS              29            30
 MALE               0             0             0
 IMMI1GEN           0             0             0             0
 IMMI2GEN           0             0             0             0             0


     PARAMETER SPECIFICATION FOR BETWEEN


           NU
              EDUSHORT      FLIT          FLSCHOOL      NOBULLY       FLFAMILY
              ________      ________      ________      ________      ________
                    0             0             0             0             0


           NU
              STRATIO
              ________
                    0


           LAMBDA
              EDUSHORT      FLIT          FLSCHOOL      NOBULLY       FLFAMILY
              ________      ________      ________      ________      ________
 EDUSHORT           0             0             0             0             0
 FLIT               0             0             0             0             0
 FLSCHOOL           0             0             0             0             0
 NOBULLY            0             0             0             0             0
 FLFAMILY           0             0             0             0             0
 STRATIO            0             0             0             0             0


           LAMBDA
              STRATIO
              ________
 EDUSHORT           0
 FLIT               0
 FLSCHOOL           0
 NOBULLY            0
 FLFAMILY           0
 STRATIO            0


           THETA
              EDUSHORT      FLIT          FLSCHOOL      NOBULLY       FLFAMILY
              ________      ________      ________      ________      ________
 EDUSHORT           0
 FLIT               0             0
 FLSCHOOL           0             0             0
 NOBULLY            0             0             0             0
 FLFAMILY           0             0             0             0             0
 STRATIO            0             0             0             0             0


           THETA
              STRATIO
              ________
 STRATIO            0


           ALPHA
              EDUSHORT      FLIT          FLSCHOOL      NOBULLY       FLFAMILY
              ________      ________      ________      ________      ________
                   31            32            33            34            35


           ALPHA
              STRATIO
              ________
                    0


           BETA
              EDUSHORT      FLIT          FLSCHOOL      NOBULLY       FLFAMILY
              ________      ________      ________      ________      ________
 EDUSHORT           0             0             0             0             0
 FLIT              36             0            37            38            39
 FLSCHOOL           0             0             0             0             0
 NOBULLY            0             0             0             0             0
 FLFAMILY           0             0             0             0             0
 STRATIO            0             0             0             0             0


           BETA
              STRATIO
              ________
 EDUSHORT           0
 FLIT              40
 FLSCHOOL           0
 NOBULLY            0
 FLFAMILY           0
 STRATIO            0


           PSI
              EDUSHORT      FLIT          FLSCHOOL      NOBULLY       FLFAMILY
              ________      ________      ________      ________      ________
 EDUSHORT          41
 FLIT               0            42
 FLSCHOOL          43             0            44
 NOBULLY           45             0            46            47
 FLFAMILY          48             0            49            50            51
 STRATIO            0             0             0             0             0


           PSI
              STRATIO
              ________
 STRATIO            0


     STARTING VALUES FOR WITHIN


           NU
              FLIT          FCFMLRTY      FLCONFIN      FLSCHOOL      NOBULLY
              ________      ________      ________      ________      ________
                0.000         0.000         0.000         0.000         0.000


           NU
              FLFAMILY      ESCS          MALE          IMMI1GEN      IMMI2GEN
              ________      ________      ________      ________      ________
                0.000         0.000         0.000         0.000         0.000


           LAMBDA
              FLIT          FCFMLRTY      FLCONFIN      FLSCHOOL      NOBULLY
              ________      ________      ________      ________      ________
 FLIT           1.000         0.000         0.000         0.000         0.000
 FCFMLRTY       0.000         1.000         0.000         0.000         0.000
 FLCONFIN       0.000         0.000         1.000         0.000         0.000
 FLSCHOOL       0.000         0.000         0.000         1.000         0.000
 NOBULLY        0.000         0.000         0.000         0.000         1.000
 FLFAMILY       0.000         0.000         0.000         0.000         0.000
 ESCS           0.000         0.000         0.000         0.000         0.000
 MALE           0.000         0.000         0.000         0.000         0.000
 IMMI1GEN       0.000         0.000         0.000         0.000         0.000
 IMMI2GEN       0.000         0.000         0.000         0.000         0.000


           LAMBDA
              FLFAMILY      ESCS          MALE          IMMI1GEN      IMMI2GEN
              ________      ________      ________      ________      ________
 FLIT           0.000         0.000         0.000         0.000         0.000
 FCFMLRTY       0.000         0.000         0.000         0.000         0.000
 FLCONFIN       0.000         0.000         0.000         0.000         0.000
 FLSCHOOL       0.000         0.000         0.000         0.000         0.000
 NOBULLY        0.000         0.000         0.000         0.000         0.000
 FLFAMILY       1.000         0.000         0.000         0.000         0.000
 ESCS           0.000         1.000         0.000         0.000         0.000
 MALE           0.000         0.000         1.000         0.000         0.000
 IMMI1GEN       0.000         0.000         0.000         1.000         0.000
 IMMI2GEN       0.000         0.000         0.000         0.000         1.000


           THETA
              FLIT          FCFMLRTY      FLCONFIN      FLSCHOOL      NOBULLY
              ________      ________      ________      ________      ________
 FLIT           0.000
 FCFMLRTY       0.000         0.000
 FLCONFIN       0.000         0.000         0.000
 FLSCHOOL       0.000         0.000         0.000         0.000
 NOBULLY        0.000         0.000         0.000         0.000         0.000
 FLFAMILY       0.000         0.000         0.000         0.000         0.000
 ESCS           0.000         0.000         0.000         0.000         0.000
 MALE           0.000         0.000         0.000         0.000         0.000
 IMMI1GEN       0.000         0.000         0.000         0.000         0.000
 IMMI2GEN       0.000         0.000         0.000         0.000         0.000


           THETA
              FLFAMILY      ESCS          MALE          IMMI1GEN      IMMI2GEN
              ________      ________      ________      ________      ________
 FLFAMILY       0.000
 ESCS           0.000         0.000
 MALE           0.000         0.000         0.000
 IMMI1GEN       0.000         0.000         0.000         0.000
 IMMI2GEN       0.000         0.000         0.000         0.000         0.000


           ALPHA
              FLIT          FCFMLRTY      FLCONFIN      FLSCHOOL      NOBULLY
              ________      ________      ________      ________      ________
                0.000         9.963        -0.004         0.000         0.000


           ALPHA
              FLFAMILY      ESCS          MALE          IMMI1GEN      IMMI2GEN
              ________      ________      ________      ________      ________
                0.000         0.291         0.000         0.000         0.000


           BETA
              FLIT          FCFMLRTY      FLCONFIN      FLSCHOOL      NOBULLY
              ________      ________      ________      ________      ________
 FLIT           0.000         0.000         0.000         0.000         0.000
 FCFMLRTY       0.000         0.000         0.000         0.000         0.000
 FLCONFIN       0.000         0.000         0.000         0.000         0.000
 FLSCHOOL       0.000         0.000         0.000         0.000         0.000
 NOBULLY        0.000         0.000         0.000         0.000         0.000
 FLFAMILY       0.000         0.000         0.000         0.000         0.000
 ESCS           0.000         0.000         0.000         0.000         0.000
 MALE           0.000         0.000         0.000         0.000         0.000
 IMMI1GEN       0.000         0.000         0.000         0.000         0.000
 IMMI2GEN       0.000         0.000         0.000         0.000         0.000


           BETA
              FLFAMILY      ESCS          MALE          IMMI1GEN      IMMI2GEN
              ________      ________      ________      ________      ________
 FLIT           0.000         0.000         0.000         0.000         0.000
 FCFMLRTY       0.000         0.000         0.000         0.000         0.000
 FLCONFIN       0.000         0.000         0.000         0.000         0.000
 FLSCHOOL       0.000         0.000         0.000         0.000         0.000
 NOBULLY        0.000         0.000         0.000         0.000         0.000
 FLFAMILY       0.000         0.000         0.000         0.000         0.000
 ESCS           0.000         0.000         0.000         0.000         0.000
 MALE           0.000         0.000         0.000         0.000         0.000
 IMMI1GEN       0.000         0.000         0.000         0.000         0.000
 IMMI2GEN       0.000         0.000         0.000         0.000         0.000


           PSI
              FLIT          FCFMLRTY      FLCONFIN      FLSCHOOL      NOBULLY
              ________      ________      ________      ________      ________
 FLIT        5182.641
 FCFMLRTY       0.000        11.813
 FLCONFIN       0.000         0.000         0.419
 FLSCHOOL       0.000         0.000         0.000         0.399
 NOBULLY        0.000         0.000         0.000         0.000         0.471
 FLFAMILY       0.000         0.000         0.000         0.000         0.000
 ESCS           0.000         0.000         0.000         0.000         0.000
 MALE           0.000         0.000         0.000         0.000         0.000
 IMMI1GEN       0.000         0.000         0.000         0.000         0.000
 IMMI2GEN       0.000         0.000         0.000         0.000         0.000


           PSI
              FLFAMILY      ESCS          MALE          IMMI1GEN      IMMI2GEN
              ________      ________      ________      ________      ________
 FLFAMILY       0.378
 ESCS           0.000         0.309
 MALE           0.000         0.000         0.125
 IMMI1GEN       0.000         0.000         0.000         0.015
 IMMI2GEN       0.000         0.000         0.000         0.000         0.012


     STARTING VALUES FOR BETWEEN


           NU
              EDUSHORT      FLIT          FLSCHOOL      NOBULLY       FLFAMILY
              ________      ________      ________      ________      ________
                0.000         0.000         0.000         0.000         0.000


           NU
              STRATIO
              ________
                0.000


           LAMBDA
              EDUSHORT      FLIT          FLSCHOOL      NOBULLY       FLFAMILY
              ________      ________      ________      ________      ________
 EDUSHORT       1.000         0.000         0.000         0.000         0.000
 FLIT           0.000         1.000         0.000         0.000         0.000
 FLSCHOOL       0.000         0.000         1.000         0.000         0.000
 NOBULLY        0.000         0.000         0.000         1.000         0.000
 FLFAMILY       0.000         0.000         0.000         0.000         1.000
 STRATIO        0.000         0.000         0.000         0.000         0.000


           LAMBDA
              STRATIO
              ________
 EDUSHORT       0.000
 FLIT           0.000
 FLSCHOOL       0.000
 NOBULLY        0.000
 FLFAMILY       0.000
 STRATIO        1.000


           THETA
              EDUSHORT      FLIT          FLSCHOOL      NOBULLY       FLFAMILY
              ________      ________      ________      ________      ________
 EDUSHORT       0.000
 FLIT           0.000         0.000
 FLSCHOOL       0.000         0.000         0.000
 NOBULLY        0.000         0.000         0.000         0.000
 FLFAMILY       0.000         0.000         0.000         0.000         0.000
 STRATIO        0.000         0.000         0.000         0.000         0.000


           THETA
              STRATIO
              ________
 STRATIO        0.000


           ALPHA
              EDUSHORT      FLIT          FLSCHOOL      NOBULLY       FLFAMILY
              ________      ________      ________      ________      ________
                0.106       539.183         0.470         0.020        -0.152


           ALPHA
              STRATIO
              ________
                0.000


           BETA
              EDUSHORT      FLIT          FLSCHOOL      NOBULLY       FLFAMILY
              ________      ________      ________      ________      ________
 EDUSHORT       0.000         0.000         0.000         0.000         0.000
 FLIT           0.000         0.000         0.000         0.000         0.000
 FLSCHOOL       0.000         0.000         0.000         0.000         0.000
 NOBULLY        0.000         0.000         0.000         0.000         0.000
 FLFAMILY       0.000         0.000         0.000         0.000         0.000
 STRATIO        0.000         0.000         0.000         0.000         0.000


           BETA
              STRATIO
              ________
 EDUSHORT       0.000
 FLIT           0.000
 FLSCHOOL       0.000
 NOBULLY        0.000
 FLFAMILY       0.000
 STRATIO        0.000


           PSI
              EDUSHORT      FLIT          FLSCHOOL      NOBULLY       FLFAMILY
              ________      ________      ________      ________      ________
 EDUSHORT       0.325
 FLIT           0.000      5182.641
 FLSCHOOL       0.000         0.000         0.399
 NOBULLY        0.000         0.000         0.000         0.471
 FLFAMILY       0.000         0.000         0.000         0.000         0.378
 STRATIO        0.000         0.000         0.000         0.000         0.000


           PSI
              STRATIO
              ________
 STRATIO        2.022


     Beginning Time:  20:09:57
        Ending Time:  20:14:01
       Elapsed Time:  00:04:04



MUTHEN & MUTHEN
3463 Stoner Ave.
Los Angeles, CA  90066

Tel: (310) 391-9971
Fax: (310) 391-8971
Web: www.StatModel.com
Support: Support@StatModel.com

Copyright (c) 1998-2019 Muthen & Muthen
