Mplus VERSION 8.3
MUTHEN & MUTHEN
02/22/2021  11:20 PM

INPUT INSTRUCTIONS


  TITLE:
      Two-level structured model 703

  DATA:
      file = "C:\Users\tctan\implist.dat";

      type = imputation;


  VARIABLE:
      names =
          FKI CNTRYID CNTSCHID W_STU
          MATH READ FLIT                      ! PISA achievement variables
          MALE IMMI1GEN IMMI2GEN ESCS         ! Demographic info
          FCFMLRTY FLCONFIN                   ! Affect
          FLSCHOOL                            !   Lat var "Academic"
          NOBULLY                             !   Lat var "Safety"
          FLFAMILY                            !   Lat var "Community"
          W_SCH STRATIO                       ! School character
          EDUSHORT                            !   Lat var "inst. env."
          ;

      useobs = CNTRYID eq 703;          ! Pull out one country at a time

      usevar =
          FLIT                                ! PISA achievement variables
          FLSCHOOL                            !   Lat var "Academic"
          NOBULLY                             !   Lat var "Safety"
          FLFAMILY                            !   Lat var "Community"
          EDUSHORT STRATIO                    !   Lat var "Inst env"
          FCFMLRTY FLCONFIN                   ! Affect
          MALE IMMI1GEN IMMI2GEN ESCS         ! Demographic info
          ;

      ! Vars that ONLY appear in L1
      within =
          FCFMLRTY FLCONFIN                   ! Affective vars
          MALE IMMI1GEN IMMI2GEN ESCS         ! L1 control vars
          ;

      ! Vars that ONLY appear in L2
      between =
          EDUSHORT STRATIO                    ! L2: school
          ;

      weight = W_STU;                         ! Student weight
      wtscale = cluster;                      ! Scale L1 weight to cluster size
      bweight = W_SCH;                        ! School weight
      bwtscale = sample;                      ! Scale L2 weight to sample

      cluster = CNTSCHID;                     ! Cluster by school ID


  ANALYSIS:
      processors = 4;

      type = twolevel;


  MODEL:

  %Within%                                    ! === L1: Student-level ===

      ! Indirect pathways (1st half): school climate vars onto mediators
          ! Onto mediator FAMILIARITY
      FCFMLRTY on FLSCHOOL NOBULLY FLFAMILY;
          ! Onto mediator CONFIDENCE
      FLCONFIN on FLSCHOOL NOBULLY FLFAMILY;

      ! Total effect
      FLIT on
          ! Direct pathways: school climate vars onto financial literacy
          FLSCHOOL NOBULLY FLFAMILY
          ! Indirect pathways (2nd half): affective vars onto financial literacy
          FCFMLRTY FLCONFIN
          ! Control vars (demographic info)
          MALE IMMI1GEN IMMI2GEN ESCS
          ;

      ! Covariances
          ! Between school climate vars
      FLSCHOOL with NOBULLY;
      FLSCHOOL with FLFAMILY;
      NOBULLY with FLFAMILY;
          ! Between mediators
      FCFMLRTY with FLCONFIN;

  %Between%                                   ! === L2: School-level ===

      FLIT on
          FLSCHOOL NOBULLY FLFAMILY EDUSHORT  ! School climate variables
          STRATIO                             ! Control: Student-teacher ratio
          ;

      FLSCHOOL with NOBULLY;
      NOBULLY with FLFAMILY;
      FLFAMILY with EDUSHORT;

      FLSCHOOL with FLFAMILY;
      NOBULLY with EDUSHORT;

      FLSCHOOL with EDUSHORT;


  MODEL INDIRECT:

      ! Indirect effects
      FLIT ind FLSCHOOL;
      FLIT ind NOBULLY;
      FLIT ind FLFAMILY;


  OUTPUT:
      stdyx                                   ! Fully standardised solution
      ;



INPUT READING TERMINATED NORMALLY




Two-level structured model 703

SUMMARY OF ANALYSIS

Number of groups                                                 1
Average number of observations                                3411

Number of replications
    Requested                                                   10
    Completed                                                   10

Number of dependent variables                                    3
Number of independent variables                                  9
Number of continuous latent variables                            0

Observed dependent variables

  Continuous
   FLIT        FCFMLRTY    FLCONFIN

Observed independent variables
   FLSCHOOL    NOBULLY     FLFAMILY    EDUSHORT    STRATIO     MALE
   IMMI1GEN    IMMI2GEN    ESCS

Variables with special functions

  Cluster variable      CNTSCHID
  Weight variable (cluster-size scaling)
    W_STU
  Between weight variable (sample-size scaling)
    W_SCH

  Within variables
   FCFMLRTY    FLCONFIN    MALE        IMMI1GEN    IMMI2GEN    ESCS

  Between variables
   EDUSHORT    STRATIO


Estimator                                                      MLR
Information matrix                                        OBSERVED
Maximum number of iterations                                   100
Convergence criterion                                    0.100D-05
Maximum number of EM iterations                                500
Convergence criteria for the EM algorithm
  Loglikelihood change                                   0.100D-02
  Relative loglikelihood change                          0.100D-05
  Derivative                                             0.100D-03
Minimum variance                                         0.100D-03
Maximum number of steepest descent iterations                   20
Maximum number of iterations for H1                           2000
Convergence criterion for H1                             0.100D-03
Optimization algorithm                                         EMA

Input data file(s)
  Multiple data files from
    C:\Users\tctan\implist.dat
Input data format  FREE


SUMMARY OF DATA FOR THE FIRST DATA SET

     Number of clusters                        357

     Average cluster size        9.555

     Estimated Intraclass Correlations for the Y Variables

                Intraclass              Intraclass              Intraclass
     Variable  Correlation   Variable  Correlation   Variable  Correlation

     FLIT         0.293      FCFMLRTY     0.000      FLCONFIN     0.000
     FLSCHOOL     0.040      NOBULLY      0.021      FLFAMILY     0.011



SAMPLE STATISTICS

NOTE:  The sample statistics for within and between refer to the
       maximum-likelihood estimated within and between covariance
       matrices, respectively.

NOTE:  These are average results over 10 data sets.


     ESTIMATED SAMPLE STATISTICS FOR WITHIN


           Means
              EDUSHORT      FLIT          FCFMLRTY      FLCONFIN      FLSCHOOL
              ________      ________      ________      ________      ________
                0.000         0.000         6.566        -0.114         0.000


           Means
              NOBULLY       FLFAMILY      MALE          IMMI1GEN      IMMI2GEN
              ________      ________      ________      ________      ________
                0.000         0.000         0.472         0.005         0.007


           Means
              ESCS          STRATIO
              ________      ________
               -0.069         0.000


           Covariances
              EDUSHORT      FLIT          FCFMLRTY      FLCONFIN      FLSCHOOL
              ________      ________      ________      ________      ________
 EDUSHORT       0.000
 FLIT           0.000      6220.450
 FCFMLRTY       0.000       104.198        25.710
 FLCONFIN       0.000         9.143         1.237         0.930
 FLSCHOOL       0.000         1.256         1.195         0.190         0.864
 NOBULLY        0.000         8.343         0.375        -0.030        -0.032
 FLFAMILY       0.000         2.378         0.825         0.164         0.181
 MALE           0.000         3.349         0.021         0.064         0.031
 IMMI1GEN       0.000        -0.329        -0.013         0.001         0.001
 IMMI2GEN       0.000        -0.308        -0.001         0.004        -0.002
 ESCS           0.000        15.289         0.788         0.091         0.035
 STRATIO        0.000         0.000         0.000         0.000         0.000


           Covariances
              NOBULLY       FLFAMILY      MALE          IMMI1GEN      IMMI2GEN
              ________      ________      ________      ________      ________
 NOBULLY        1.045
 FLFAMILY      -0.031         0.941
 MALE          -0.051        -0.027         0.249
 IMMI1GEN      -0.003         0.001         0.000         0.005
 IMMI2GEN      -0.001        -0.001         0.001         0.000         0.007
 ESCS           0.020         0.078        -0.003        -0.001         0.001
 STRATIO        0.000         0.000         0.000         0.000         0.000


           Covariances
              ESCS          STRATIO
              ________      ________
 ESCS           0.741
 STRATIO        0.000         0.000


           Correlations
              EDUSHORT      FLIT          FCFMLRTY      FLCONFIN      FLSCHOOL
              ________      ________      ________      ________      ________
 EDUSHORT       0.000
 FLIT           0.000         1.000
 FCFMLRTY       0.000         0.261         1.000
 FLCONFIN       0.000         0.120         0.253         1.000
 FLSCHOOL       0.000         0.017         0.254         0.212         1.000
 NOBULLY        0.000         0.103         0.072        -0.031        -0.034
 FLFAMILY       0.000         0.031         0.168         0.175         0.201
 MALE           0.000         0.085         0.008         0.133         0.066
 IMMI1GEN       0.000        -0.058        -0.036         0.013         0.022
 IMMI2GEN       0.000        -0.045        -0.002         0.048        -0.030
 ESCS           0.000         0.225         0.181         0.109         0.044
 STRATIO        0.000         0.000         0.000         0.000         0.000


           Correlations
              NOBULLY       FLFAMILY      MALE          IMMI1GEN      IMMI2GEN
              ________      ________      ________      ________      ________
 NOBULLY        1.000
 FLFAMILY      -0.031         1.000
 MALE          -0.101        -0.057         1.000
 IMMI1GEN      -0.040         0.015         0.014         1.000
 IMMI2GEN      -0.014        -0.006         0.013        -0.006         1.000
 ESCS           0.023         0.093        -0.008        -0.015         0.016
 STRATIO        0.000         0.000         0.000         0.000         0.000


           Correlations
              ESCS          STRATIO
              ________      ________
 ESCS           1.000
 STRATIO        0.000         0.000


     ESTIMATED SAMPLE STATISTICS FOR BETWEEN


           Means
              EDUSHORT      FLIT          FCFMLRTY      FLCONFIN      FLSCHOOL
              ________      ________      ________      ________      ________
                0.400       484.621         0.000         0.000         0.081


           Means
              NOBULLY       FLFAMILY      MALE          IMMI1GEN      IMMI2GEN
              ________      ________      ________      ________      ________
               -0.067        -0.023         0.000         0.000         0.000


           Means
              ESCS          STRATIO
              ________      ________
                0.000        13.093


           Covariances
              EDUSHORT      FLIT          FCFMLRTY      FLCONFIN      FLSCHOOL
              ________      ________      ________      ________      ________
 EDUSHORT       0.760
 FLIT           0.288      2615.716
 FCFMLRTY       0.000         0.000         0.000
 FLCONFIN       0.000         0.000         0.000         0.000
 FLSCHOOL       0.003        -6.563         0.000         0.000         0.037
 NOBULLY        0.050         5.277         0.000         0.000        -0.007
 FLFAMILY      -0.022        -1.308         0.000         0.000         0.000
 MALE           0.000         0.000         0.000         0.000         0.000
 IMMI1GEN       0.000         0.000         0.000         0.000         0.000
 IMMI2GEN       0.000         0.000         0.000         0.000         0.000
 ESCS           0.000         0.000         0.000         0.000         0.000
 STRATIO        0.136        -3.862         0.000         0.000         0.159


           Covariances
              NOBULLY       FLFAMILY      MALE          IMMI1GEN      IMMI2GEN
              ________      ________      ________      ________      ________
 NOBULLY        0.023
 FLFAMILY      -0.010         0.009
 MALE           0.000         0.000         0.000
 IMMI1GEN       0.000         0.000         0.000         0.000
 IMMI2GEN       0.000         0.000         0.000         0.000         0.000
 ESCS           0.000         0.000         0.000         0.000         0.000
 STRATIO       -0.101         0.158         0.000         0.000         0.000


           Covariances
              ESCS          STRATIO
              ________      ________
 ESCS           0.000
 STRATIO        0.000        41.329


           Correlations
              EDUSHORT      FLIT          FCFMLRTY      FLCONFIN      FLSCHOOL
              ________      ________      ________      ________      ________
 EDUSHORT       1.000
 FLIT           0.006         1.000
 FCFMLRTY       0.000         0.000         0.000
 FLCONFIN       0.000         0.000         0.000         0.000
 FLSCHOOL       0.017        -0.664         0.000         0.000         1.000
 NOBULLY        0.383         0.685         0.000         0.000        -0.239
 FLFAMILY      -0.268        -0.272         0.000         0.000         0.012
 MALE           0.000         0.000         0.000         0.000         0.000
 IMMI1GEN       0.000         0.000         0.000         0.000         0.000
 IMMI2GEN       0.000         0.000         0.000         0.000         0.000
 ESCS           0.000         0.000         0.000         0.000         0.000
 STRATIO        0.024        -0.012         0.000         0.000         0.128


           Correlations
              NOBULLY       FLFAMILY      MALE          IMMI1GEN      IMMI2GEN
              ________      ________      ________      ________      ________
 NOBULLY        1.000
 FLFAMILY      -0.671         1.000
 MALE           0.000         0.000         0.000
 IMMI1GEN       0.000         0.000         0.000         0.000
 IMMI2GEN       0.000         0.000         0.000         0.000         0.000
 ESCS           0.000         0.000         0.000         0.000         0.000
 STRATIO       -0.105         0.261         0.000         0.000         0.000


           Correlations
              ESCS          STRATIO
              ________      ________
 ESCS           0.000
 STRATIO        0.000         1.000




MODEL FIT INFORMATION

Number of Free Parameters                       48

Loglikelihood

    H0 Value

        Mean                            -49105.028
        Std Dev                             62.007
        Number of successful computations       10

             Proportions                   Percentiles
        Expected    Observed         Expected       Observed
           0.990       1.000       -49249.275     -49225.228
           0.980       1.000       -49232.372     -49225.228
           0.950       0.900       -49207.024     -49225.228
           0.900       0.900       -49184.496     -49225.228
           0.800       0.700       -49157.213     -49225.228
           0.700       0.700       -49137.545     -49166.145
           0.500       0.600       -49105.028     -49104.813
           0.300       0.300       -49072.512     -49080.943
           0.200       0.300       -49052.843     -49037.448
           0.100       0.000       -49025.560     -49032.504
           0.050       0.000       -49003.033     -49032.504
           0.020       0.000       -48977.685     -49032.504
           0.010       0.000       -48960.782     -49032.504

    H1 Value

        Mean                            -48956.151
        Std Dev                             62.680
        Number of successful computations       10

             Proportions                   Percentiles
        Expected    Observed         Expected       Observed
           0.990       1.000       -49101.964     -49068.783
           0.980       1.000       -49084.878     -49068.783
           0.950       0.900       -49059.254     -49068.783
           0.900       0.900       -49036.482     -49068.783
           0.800       0.700       -49008.903     -49068.783
           0.700       0.700       -48989.021     -49019.478
           0.500       0.500       -48956.151     -48963.679
           0.300       0.300       -48923.281     -48935.224
           0.200       0.300       -48903.399     -48884.504
           0.100       0.100       -48875.820     -48878.441
           0.050       0.000       -48853.048     -48878.441
           0.020       0.000       -48827.424     -48878.441
           0.010       0.000       -48810.338     -48878.441

Information Criteria

    Akaike (AIC)

        Mean                             98306.057
        Std Dev                            124.014
        Number of successful computations       10

             Proportions                   Percentiles
        Expected    Observed         Expected       Observed
           0.990       1.000        98017.564      98151.183
           0.980       1.000        98051.370      98151.183
           0.950       1.000        98102.067      98151.183
           0.900       1.000        98147.121      98151.183
           0.800       0.700        98201.687      98151.183
           0.700       0.700        98241.024      98170.895
           0.500       0.400        98306.057      98293.722
           0.300       0.300        98371.090      98316.189
           0.200       0.300        98410.427      98428.290
           0.100       0.100        98464.993      98429.315
           0.050       0.100        98510.047      98429.315
           0.020       0.000        98560.744      98429.315
           0.010       0.000        98594.550      98429.315

    Bayesian (BIC)

        Mean                             98600.525
        Std Dev                            124.014
        Number of successful computations       10

             Proportions                   Percentiles
        Expected    Observed         Expected       Observed
           0.990       1.000        98312.032      98445.652
           0.980       1.000        98345.838      98445.652
           0.950       1.000        98396.535      98445.652
           0.900       1.000        98441.589      98445.652
           0.800       0.700        98496.155      98445.652
           0.700       0.700        98535.492      98465.364
           0.500       0.400        98600.525      98588.190
           0.300       0.300        98665.558      98610.657
           0.200       0.300        98704.895      98722.758
           0.100       0.100        98759.461      98723.784
           0.050       0.100        98804.516      98723.784
           0.020       0.000        98855.212      98723.784
           0.010       0.000        98889.018      98723.784

    Sample-Size Adjusted BIC (n* = (n + 2) / 24)

        Mean                             98448.007
        Std Dev                            124.014
        Number of successful computations       10

             Proportions                   Percentiles
        Expected    Observed         Expected       Observed
           0.990       1.000        98159.514      98293.133
           0.980       1.000        98193.320      98293.133
           0.950       1.000        98244.017      98293.133
           0.900       1.000        98289.071      98293.133
           0.800       0.700        98343.637      98293.133
           0.700       0.700        98382.974      98312.845
           0.500       0.400        98448.007      98435.672
           0.300       0.300        98513.040      98458.139
           0.200       0.300        98552.377      98570.240
           0.100       0.100        98606.943      98571.265
           0.050       0.100        98651.997      98571.265
           0.020       0.000        98702.694      98571.265
           0.010       0.000        98736.500      98571.265

Chi-Square Test of Model Fit

        Degrees of freedom                      24

        Mean                               270.979
        Std Dev                             20.285
        Number of successful computations       10

             Proportions                   Percentiles
        Expected    Observed         Expected       Observed
           0.990       1.000           10.856        243.300
           0.980       1.000           11.992        243.300
           0.950       1.000           13.848        243.300
           0.900       1.000           15.659        243.300
           0.800       1.000           18.062        243.300
           0.700       1.000           19.943        259.315
           0.500       1.000           23.337        267.727
           0.300       1.000           27.096        270.364
           0.200       1.000           29.553        272.557
           0.100       1.000           33.196        294.575
           0.050       1.000           36.415        294.575
           0.020       1.000           40.270        294.575
           0.010       1.000           42.980        294.575

RMSEA (Root Mean Square Error Of Approximation)

        Mean                                 0.055
        Std Dev                              0.002
        Number of successful computations       10

             Proportions                   Percentiles
        Expected    Observed         Expected       Observed
           0.990       1.000            0.050          0.052
           0.980       1.000            0.050          0.052
           0.950       1.000            0.051          0.052
           0.900       0.900            0.052          0.052
           0.800       0.800            0.053          0.052
           0.700       0.700            0.054          0.054
           0.500       0.300            0.055          0.055
           0.300       0.200            0.056          0.055
           0.200       0.200            0.057          0.055
           0.100       0.100            0.058          0.057
           0.050       0.100            0.059          0.057
           0.020       0.100            0.059          0.057
           0.010       0.000            0.060          0.057

CFI/TLI

    CFI

        Mean                                 0.799
        Std Dev                              0.013
        Number of successful computations       10

             Proportions                   Percentiles
        Expected    Observed         Expected       Observed
           0.990       0.900            0.769          0.768
           0.980       0.900            0.773          0.768
           0.950       0.900            0.778          0.768
           0.900       0.900            0.783          0.768
           0.800       0.900            0.788          0.768
           0.700       0.900            0.792          0.793
           0.500       0.400            0.799          0.797
           0.300       0.400            0.806          0.807
           0.200       0.200            0.810          0.809
           0.100       0.000            0.816          0.813
           0.050       0.000            0.820          0.813
           0.020       0.000            0.826          0.813
           0.010       0.000            0.829          0.813

    TLI

        Mean                                 0.548
        Std Dev                              0.029
        Number of successful computations       10

             Proportions                   Percentiles
        Expected    Observed         Expected       Observed
           0.990       0.900            0.481          0.478
           0.980       0.900            0.489          0.478
           0.950       0.900            0.501          0.478
           0.900       0.900            0.511          0.478
           0.800       0.900            0.524          0.478
           0.700       0.900            0.533          0.535
           0.500       0.400            0.548          0.544
           0.300       0.400            0.563          0.566
           0.200       0.200            0.572          0.571
           0.100       0.000            0.585          0.579
           0.050       0.000            0.596          0.579
           0.020       0.000            0.607          0.579
           0.010       0.000            0.615          0.579

SRMR (Standardized Root Mean Square Residual) for the WITHIN level

        Mean                                 0.047
        Std Dev                              0.001
        Number of successful computations       10

             Proportions                   Percentiles
        Expected    Observed         Expected       Observed
           0.990       1.000            0.045          0.045
           0.980       1.000            0.045          0.045
           0.950       1.000            0.045          0.045
           0.900       0.900            0.046          0.045
           0.800       0.900            0.046          0.045
           0.700       0.600            0.047          0.046
           0.500       0.400            0.047          0.047
           0.300       0.400            0.048          0.048
           0.200       0.300            0.048          0.048
           0.100       0.100            0.048          0.048
           0.050       0.100            0.049          0.048
           0.020       0.000            0.049          0.048
           0.010       0.000            0.049          0.048

SRMR (Standardized Root Mean Square Residual) for the BETWEEN level

        Mean                                 0.145
        Std Dev                              0.020
        Number of successful computations       10

             Proportions                   Percentiles
        Expected    Observed         Expected       Observed
           0.990       1.000            0.099          0.109
           0.980       1.000            0.105          0.109
           0.950       0.900            0.113          0.109
           0.900       0.800            0.120          0.109
           0.800       0.800            0.128          0.109
           0.700       0.600            0.135          0.133
           0.500       0.600            0.145          0.145
           0.300       0.500            0.155          0.160
           0.200       0.200            0.162          0.161
           0.100       0.000            0.170          0.165
           0.050       0.000            0.177          0.165
           0.020       0.000            0.185          0.165
           0.010       0.000            0.191          0.165



MODEL RESULTS

                                                    Two-Tailed   Rate of
                    Estimate       S.E.  Est./S.E.    P-Value    Missing

Within Level

 FCFMLRTY   ON
    FLSCHOOL           1.277      0.115     11.110      0.000      0.060
    NOBULLY            0.402      0.107      3.748      0.000      0.204
    FLFAMILY           0.619      0.106      5.828      0.000      0.057

 FLCONFIN   ON
    FLSCHOOL           0.192      0.026      7.389      0.000      0.071
    NOBULLY           -0.020      0.020     -0.991      0.322      0.190
    FLFAMILY           0.135      0.025      5.491      0.000      0.111

 FLIT       ON
    FLSCHOOL          -4.952      1.942     -2.549      0.011      0.188
    NOBULLY            6.772      1.601      4.229      0.000      0.174
    FLFAMILY          -1.265      2.192     -0.577      0.564      0.514
    FCFMLRTY           3.479      0.347     10.036      0.000      0.161
    FLCONFIN           4.318      2.249      1.920      0.055      0.539
    MALE              15.232      3.615      4.213      0.000      0.293
    IMMI1GEN         -48.695     20.879     -2.332      0.020      0.254
    IMMI2GEN         -47.837     19.691     -2.429      0.015      0.176
    ESCS              16.511      2.416      6.834      0.000      0.101

 FLSCHOOL WITH
    NOBULLY           -0.031      0.023     -1.396      0.163      0.210
    FLFAMILY           0.183      0.024      7.609      0.000      0.053

 NOBULLY  WITH
    FLFAMILY          -0.033      0.022     -1.510      0.131      0.122

 FCFMLRTY WITH
    FLCONFIN           0.905      0.094      9.602      0.000      0.034

 Intercepts
    FCFMLRTY           6.566      0.146     44.894      0.000      0.025
    FLCONFIN          -0.114      0.022     -5.187      0.000      0.073

 Variances
    FLSCHOOL           0.863      0.028     30.363      0.000      0.044
    NOBULLY            1.042      0.035     29.401      0.000      0.072
    FLFAMILY           0.939      0.031     30.730      0.000      0.103

 Residual Variances
    FLIT            5429.798    209.538     25.913      0.000      0.495
    FCFMLRTY          23.532      0.624     37.742      0.000      0.057
    FLCONFIN           0.870      0.028     30.944      0.000      0.085

Between Level

 FLIT       ON
    FLSCHOOL         -75.003    174.600     -0.430      0.668      0.096
    NOBULLY          269.217    245.376      1.097      0.273      0.125
    FLFAMILY         165.227    529.453      0.312      0.755      0.085
    EDUSHORT         -11.463     11.062     -1.036      0.300      0.097
    STRATIO            0.242      0.328      0.735      0.462      0.246

 FLSCHOOL WITH
    NOBULLY           -0.011      0.021     -0.504      0.614      0.022
    FLFAMILY          -0.006      0.040     -0.149      0.882      0.003
    EDUSHORT           0.004      0.019      0.242      0.809      0.086

 NOBULLY  WITH
    FLFAMILY          -0.006      0.079     -0.081      0.936      0.001
    EDUSHORT           0.049      0.142      0.346      0.729      0.003

 FLFAMILY WITH
    EDUSHORT          -0.025      0.141     -0.177      0.860      0.002

 Means
    EDUSHORT           0.400      0.053      7.501      0.000      0.054
    FLSCHOOL           0.083      0.021      3.878      0.000      0.033
    NOBULLY           -0.071      0.023     -3.106      0.002      0.109
    FLFAMILY          -0.029      0.020     -1.477      0.140      0.067

 Intercepts
    FLIT             488.116     21.329     22.885      0.000      0.093

 Variances
    EDUSHORT           0.760      0.070     10.853      0.000      0.060
    FLSCHOOL           0.041      0.010      3.941      0.000      0.020
    NOBULLY            0.028      0.155      0.181      0.856      0.001
    FLFAMILY           0.009      1.285      0.007      0.994      0.000

 Residual Variances
    FLIT             346.179    755.352      0.458      0.647      0.117


STANDARDIZED MODEL RESULTS


STDYX Standardization

                                                    Two-Tailed   Rate of
                    Estimate       S.E.  Est./S.E.    P-Value    Missing

Within Level

 FCFMLRTY   ON
    FLSCHOOL           0.234      0.021     11.131      0.000      0.059
    NOBULLY            0.081      0.021      3.781      0.000      0.208
    FLFAMILY           0.118      0.020      5.803      0.000      0.059

 FLCONFIN   ON
    FLSCHOOL           0.185      0.024      7.568      0.000      0.075
    NOBULLY           -0.021      0.021     -0.991      0.321      0.190
    FLFAMILY           0.136      0.025      5.492      0.000      0.109

 FLIT       ON
    FLSCHOOL          -0.059      0.023     -2.534      0.011      0.184
    NOBULLY            0.088      0.021      4.225      0.000      0.164
    FLFAMILY          -0.016      0.027     -0.578      0.563      0.516
    FCFMLRTY           0.226      0.022     10.328      0.000      0.207
    FLCONFIN           0.053      0.028      1.927      0.054      0.547
    MALE               0.097      0.023      4.268      0.000      0.270
    IMMI1GEN          -0.045      0.019     -2.297      0.022      0.292
    IMMI2GEN          -0.053      0.022     -2.431      0.015      0.180
    ESCS               0.182      0.026      6.992      0.000      0.120

 FLSCHOOL WITH
    NOBULLY           -0.033      0.024     -1.398      0.162      0.212
    FLFAMILY           0.203      0.025      8.137      0.000      0.056

 NOBULLY  WITH
    FLFAMILY          -0.033      0.022     -1.517      0.129      0.122

 FCFMLRTY WITH
    FLCONFIN           0.200      0.020     10.000      0.000      0.036

 Intercepts
    FCFMLRTY           1.295      0.033     38.716      0.000      0.016
    FLCONFIN          -0.118      0.023     -5.216      0.000      0.072

 Variances
    FLSCHOOL           1.000      0.000  *********      0.000      0.000
    NOBULLY            1.000      0.000  *********      0.000      0.000
    FLFAMILY           1.000      0.000  *********      0.000      0.000

 Residual Variances
    FLIT               0.887      0.014     63.811      0.000      0.271
    FCFMLRTY           0.915      0.011     84.018      0.000      0.062
    FLCONFIN           0.936      0.012     77.093      0.000      0.156

Between Level

 FLIT       ON
    FLSCHOOL          -0.294      0.810     -0.363      0.717      0.069
    NOBULLY            0.863     58.290      0.015      0.988      0.000
    FLFAMILY           0.299     23.527      0.013      0.990      0.000
    EDUSHORT          -0.194      7.204     -0.027      0.979      0.000
    STRATIO            0.030      2.039      0.015      0.988      0.000

 FLSCHOOL WITH
    NOBULLY           -0.324      1.271     -0.255      0.799      0.007
    FLFAMILY          -0.325     29.751     -0.011      0.991      0.000
    EDUSHORT           0.026      0.105      0.243      0.808      0.085

 NOBULLY  WITH
    FLFAMILY          -0.409     47.197     -0.009      0.993      0.000
    EDUSHORT           0.338      1.719      0.197      0.844      0.001

 FLFAMILY WITH
    EDUSHORT          -0.309     26.171     -0.012      0.991      0.000

 Means
    EDUSHORT           0.459      0.069      6.621      0.000      0.060
    FLSCHOOL           0.413      0.125      3.308      0.001      0.016
    NOBULLY           -0.426      1.175     -0.363      0.717      0.002
    FLFAMILY          -0.320     26.333     -0.012      0.990      0.000

 Intercepts
    FLIT               9.486    473.912      0.020      0.984      0.000

 Variances
    EDUSHORT           1.000      0.000  *********      0.000      0.000
    FLSCHOOL           1.000      0.000  *********      0.000      0.000
    NOBULLY            1.000      0.000  *********      0.000      0.000
    FLFAMILY           1.000      0.000  *********      0.000      0.000

 Residual Variances
    FLIT               0.133      0.284      0.468      0.640      0.134


R-SQUARE

Within Level

    Observed                                        Two-Tailed   Rate of
    Variable        Estimate       S.E.  Est./S.E.    P-Value    Missing

    FLIT               0.113      0.014      8.103      0.000      0.271
    FCFMLRTY           0.085      0.011      7.776      0.000      0.062
    FLCONFIN           0.064      0.012      5.261      0.000      0.156

Between Level

    Observed                                        Two-Tailed   Rate of
    Variable        Estimate       S.E.  Est./S.E.    P-Value    Missing

    FLIT               0.867      0.284      3.058      0.002      0.134


QUALITY OF NUMERICAL RESULTS

     Average Condition Number for the Information Matrix     -0.122E+01
       (ratio of smallest to largest eigenvalue)


TOTAL, TOTAL INDIRECT, SPECIFIC INDIRECT, AND DIRECT EFFECTS


                                                    Two-Tailed   Rate of
                    Estimate       S.E.  Est./S.E.    P-Value    Missing

WITHIN

Effects from FLSCHOOL to FLIT

  Total                0.322      1.966      0.164      0.870      0.203
  Total indirect       5.274      0.702      7.509      0.000      0.337

  Specific indirect 1
    FLIT
    FCFMLRTY
    FLSCHOOL           4.443      0.573      7.754      0.000      0.145

  Specific indirect 2
    FLIT
    FLCONFIN
    FLSCHOOL           0.831      0.444      1.871      0.061      0.559

  Direct
    FLIT
    FLSCHOOL          -4.952      1.942     -2.549      0.011      0.188


Effects from NOBULLY to FLIT

  Total                8.082      1.640      4.928      0.000      0.143
  Total indirect       1.311      0.443      2.958      0.003      0.242

  Specific indirect 1
    FLIT
    FCFMLRTY
    NOBULLY            1.398      0.398      3.513      0.000      0.185

  Specific indirect 2
    FLIT
    FLCONFIN
    NOBULLY           -0.087      0.110     -0.794      0.427      0.345

  Direct
    FLIT
    NOBULLY            6.772      1.601      4.229      0.000      0.174


Effects from FLFAMILY to FLIT

  Total                1.471      2.154      0.683      0.495      0.465
  Total indirect       2.737      0.558      4.908      0.000      0.268

  Specific indirect 1
    FLIT
    FCFMLRTY
    FLFAMILY           2.150      0.421      5.113      0.000      0.039

  Specific indirect 2
    FLIT
    FLCONFIN
    FLFAMILY           0.586      0.322      1.818      0.069      0.544

  Direct
    FLIT
    FLFAMILY          -1.265      2.192     -0.577      0.564      0.514


BETWEEN

Effects from FLSCHOOL to FLIT

  Total              -75.003    174.600     -0.430      0.668      0.096
  Total indirect       0.000      0.000      0.046      0.963      0.167

  Direct
    FLIT
    FLSCHOOL         -75.003    174.600     -0.430      0.668      0.096


Effects from NOBULLY to FLIT

  Total              269.217    245.376      1.097      0.273      0.125
  Total indirect       0.000      0.000     -0.302      0.763      0.167

  Direct
    FLIT
    NOBULLY          269.217    245.376      1.097      0.273      0.125


Effects from FLFAMILY to FLIT

  Total              165.227    529.453      0.312      0.755      0.085
  Total indirect       0.000      0.000     -0.341      0.733      0.167

  Direct
    FLIT
    FLFAMILY         165.227    529.453      0.312      0.755      0.085



STANDARDIZED TOTAL, TOTAL INDIRECT, SPECIFIC INDIRECT, AND DIRECT EFFECTS


STDYX Standardization

                                                    Two-Tailed   Rate of
                    Estimate       S.E.  Est./S.E.    P-Value    Missing

WITHIN

Effects from FLSCHOOL to FLIT

  Total                0.004      0.023      0.165      0.869      0.204
  Total indirect       0.063      0.008      7.403      0.000      0.349

  Specific indirect 1
    FLIT
    FCFMLRTY
    FLSCHOOL           0.053      0.007      7.615      0.000      0.171

  Specific indirect 2
    FLIT
    FLCONFIN
    FLSCHOOL           0.010      0.005      1.873      0.061      0.556

  Direct
    FLIT
    FLSCHOOL          -0.059      0.023     -2.534      0.011      0.184


Effects from NOBULLY to FLIT

  Total                0.105      0.021      4.937      0.000      0.137
  Total indirect       0.017      0.006      2.981      0.003      0.253

  Specific indirect 1
    FLIT
    FCFMLRTY
    NOBULLY            0.018      0.005      3.544      0.000      0.199

  Specific indirect 2
    FLIT
    FLCONFIN
    NOBULLY           -0.001      0.001     -0.794      0.427      0.342

  Direct
    FLIT
    NOBULLY            0.088      0.021      4.225      0.000      0.164


Effects from FLFAMILY to FLIT

  Total                0.018      0.027      0.683      0.495      0.464
  Total indirect       0.034      0.007      4.903      0.000      0.281

  Specific indirect 1
    FLIT
    FCFMLRTY
    FLFAMILY           0.027      0.005      5.115      0.000      0.055

  Specific indirect 2
    FLIT
    FLCONFIN
    FLFAMILY           0.007      0.004      1.820      0.069      0.542

  Direct
    FLIT
    FLFAMILY          -0.016      0.027     -0.578      0.563      0.516


BETWEEN

Effects from FLSCHOOL to FLIT

  Total               -0.294      0.810     -0.363      0.717      0.069
  Total indirect       0.000      0.000      0.000      1.000      0.167

  Direct
    FLIT
    FLSCHOOL          -0.294      0.810     -0.363      0.717      0.069


Effects from NOBULLY to FLIT

  Total                0.863     58.290      0.015      0.988      0.000
  Total indirect       0.000      0.000      0.000      1.000      0.167

  Direct
    FLIT
    NOBULLY            0.863     58.290      0.015      0.988      0.000


Effects from FLFAMILY to FLIT

  Total                0.299     23.527      0.013      0.990      0.000
  Total indirect       0.000      0.000      0.000      1.000      0.167

  Direct
    FLIT
    FLFAMILY           0.299     23.527      0.013      0.990      0.000




TECHNICAL 1 OUTPUT


     PARAMETER SPECIFICATION FOR WITHIN


           NU
              FLIT          FCFMLRTY      FLCONFIN      FLSCHOOL      NOBULLY
              ________      ________      ________      ________      ________
                    0             0             0             0             0


           NU
              FLFAMILY      MALE          IMMI1GEN      IMMI2GEN      ESCS
              ________      ________      ________      ________      ________
                    0             0             0             0             0


           LAMBDA
              FLIT          FCFMLRTY      FLCONFIN      FLSCHOOL      NOBULLY
              ________      ________      ________      ________      ________
 FLIT               0             0             0             0             0
 FCFMLRTY           0             0             0             0             0
 FLCONFIN           0             0             0             0             0
 FLSCHOOL           0             0             0             0             0
 NOBULLY            0             0             0             0             0
 FLFAMILY           0             0             0             0             0
 MALE               0             0             0             0             0
 IMMI1GEN           0             0             0             0             0
 IMMI2GEN           0             0             0             0             0
 ESCS               0             0             0             0             0


           LAMBDA
              FLFAMILY      MALE          IMMI1GEN      IMMI2GEN      ESCS
              ________      ________      ________      ________      ________
 FLIT               0             0             0             0             0
 FCFMLRTY           0             0             0             0             0
 FLCONFIN           0             0             0             0             0
 FLSCHOOL           0             0             0             0             0
 NOBULLY            0             0             0             0             0
 FLFAMILY           0             0             0             0             0
 MALE               0             0             0             0             0
 IMMI1GEN           0             0             0             0             0
 IMMI2GEN           0             0             0             0             0
 ESCS               0             0             0             0             0


           THETA
              FLIT          FCFMLRTY      FLCONFIN      FLSCHOOL      NOBULLY
              ________      ________      ________      ________      ________
 FLIT               0
 FCFMLRTY           0             0
 FLCONFIN           0             0             0
 FLSCHOOL           0             0             0             0
 NOBULLY            0             0             0             0             0
 FLFAMILY           0             0             0             0             0
 MALE               0             0             0             0             0
 IMMI1GEN           0             0             0             0             0
 IMMI2GEN           0             0             0             0             0
 ESCS               0             0             0             0             0


           THETA
              FLFAMILY      MALE          IMMI1GEN      IMMI2GEN      ESCS
              ________      ________      ________      ________      ________
 FLFAMILY           0
 MALE               0             0
 IMMI1GEN           0             0             0
 IMMI2GEN           0             0             0             0
 ESCS               0             0             0             0             0


           ALPHA
              FLIT          FCFMLRTY      FLCONFIN      FLSCHOOL      NOBULLY
              ________      ________      ________      ________      ________
                    0             1             2             0             0


           ALPHA
              FLFAMILY      MALE          IMMI1GEN      IMMI2GEN      ESCS
              ________      ________      ________      ________      ________
                    0             0             0             0             0


           BETA
              FLIT          FCFMLRTY      FLCONFIN      FLSCHOOL      NOBULLY
              ________      ________      ________      ________      ________
 FLIT               0             3             4             5             6
 FCFMLRTY           0             0             0            12            13
 FLCONFIN           0             0             0            15            16
 FLSCHOOL           0             0             0             0             0
 NOBULLY            0             0             0             0             0
 FLFAMILY           0             0             0             0             0
 MALE               0             0             0             0             0
 IMMI1GEN           0             0             0             0             0
 IMMI2GEN           0             0             0             0             0
 ESCS               0             0             0             0             0


           BETA
              FLFAMILY      MALE          IMMI1GEN      IMMI2GEN      ESCS
              ________      ________      ________      ________      ________
 FLIT               7             8             9            10            11
 FCFMLRTY          14             0             0             0             0
 FLCONFIN          17             0             0             0             0
 FLSCHOOL           0             0             0             0             0
 NOBULLY            0             0             0             0             0
 FLFAMILY           0             0             0             0             0
 MALE               0             0             0             0             0
 IMMI1GEN           0             0             0             0             0
 IMMI2GEN           0             0             0             0             0
 ESCS               0             0             0             0             0


           PSI
              FLIT          FCFMLRTY      FLCONFIN      FLSCHOOL      NOBULLY
              ________      ________      ________      ________      ________
 FLIT              18
 FCFMLRTY           0            19
 FLCONFIN           0            20            21
 FLSCHOOL           0             0             0            22
 NOBULLY            0             0             0            23            24
 FLFAMILY           0             0             0            25            26
 MALE               0             0             0             0             0
 IMMI1GEN           0             0             0             0             0
 IMMI2GEN           0             0             0             0             0
 ESCS               0             0             0             0             0


           PSI
              FLFAMILY      MALE          IMMI1GEN      IMMI2GEN      ESCS
              ________      ________      ________      ________      ________
 FLFAMILY          27
 MALE               0             0
 IMMI1GEN           0             0             0
 IMMI2GEN           0             0             0             0
 ESCS               0             0             0             0             0


     PARAMETER SPECIFICATION FOR BETWEEN


           NU
              EDUSHORT      FLIT          FLSCHOOL      NOBULLY       FLFAMILY
              ________      ________      ________      ________      ________
                    0             0             0             0             0


           NU
              STRATIO
              ________
                    0


           LAMBDA
              EDUSHORT      FLIT          FLSCHOOL      NOBULLY       FLFAMILY
              ________      ________      ________      ________      ________
 EDUSHORT           0             0             0             0             0
 FLIT               0             0             0             0             0
 FLSCHOOL           0             0             0             0             0
 NOBULLY            0             0             0             0             0
 FLFAMILY           0             0             0             0             0
 STRATIO            0             0             0             0             0


           LAMBDA
              STRATIO
              ________
 EDUSHORT           0
 FLIT               0
 FLSCHOOL           0
 NOBULLY            0
 FLFAMILY           0
 STRATIO            0


           THETA
              EDUSHORT      FLIT          FLSCHOOL      NOBULLY       FLFAMILY
              ________      ________      ________      ________      ________
 EDUSHORT           0
 FLIT               0             0
 FLSCHOOL           0             0             0
 NOBULLY            0             0             0             0
 FLFAMILY           0             0             0             0             0
 STRATIO            0             0             0             0             0


           THETA
              STRATIO
              ________
 STRATIO            0


           ALPHA
              EDUSHORT      FLIT          FLSCHOOL      NOBULLY       FLFAMILY
              ________      ________      ________      ________      ________
                   28            29            30            31            32


           ALPHA
              STRATIO
              ________
                    0


           BETA
              EDUSHORT      FLIT          FLSCHOOL      NOBULLY       FLFAMILY
              ________      ________      ________      ________      ________
 EDUSHORT           0             0             0             0             0
 FLIT              33             0            34            35            36
 FLSCHOOL           0             0             0             0             0
 NOBULLY            0             0             0             0             0
 FLFAMILY           0             0             0             0             0
 STRATIO            0             0             0             0             0


           BETA
              STRATIO
              ________
 EDUSHORT           0
 FLIT              37
 FLSCHOOL           0
 NOBULLY            0
 FLFAMILY           0
 STRATIO            0


           PSI
              EDUSHORT      FLIT          FLSCHOOL      NOBULLY       FLFAMILY
              ________      ________      ________      ________      ________
 EDUSHORT          38
 FLIT               0            39
 FLSCHOOL          40             0            41
 NOBULLY           42             0            43            44
 FLFAMILY          45             0            46            47            48
 STRATIO            0             0             0             0             0


           PSI
              STRATIO
              ________
 STRATIO            0


     STARTING VALUES FOR WITHIN


           NU
              FLIT          FCFMLRTY      FLCONFIN      FLSCHOOL      NOBULLY
              ________      ________      ________      ________      ________
                0.000         0.000         0.000         0.000         0.000


           NU
              FLFAMILY      MALE          IMMI1GEN      IMMI2GEN      ESCS
              ________      ________      ________      ________      ________
                0.000         0.000         0.000         0.000         0.000


           LAMBDA
              FLIT          FCFMLRTY      FLCONFIN      FLSCHOOL      NOBULLY
              ________      ________      ________      ________      ________
 FLIT           1.000         0.000         0.000         0.000         0.000
 FCFMLRTY       0.000         1.000         0.000         0.000         0.000
 FLCONFIN       0.000         0.000         1.000         0.000         0.000
 FLSCHOOL       0.000         0.000         0.000         1.000         0.000
 NOBULLY        0.000         0.000         0.000         0.000         1.000
 FLFAMILY       0.000         0.000         0.000         0.000         0.000
 MALE           0.000         0.000         0.000         0.000         0.000
 IMMI1GEN       0.000         0.000         0.000         0.000         0.000
 IMMI2GEN       0.000         0.000         0.000         0.000         0.000
 ESCS           0.000         0.000         0.000         0.000         0.000


           LAMBDA
              FLFAMILY      MALE          IMMI1GEN      IMMI2GEN      ESCS
              ________      ________      ________      ________      ________
 FLIT           0.000         0.000         0.000         0.000         0.000
 FCFMLRTY       0.000         0.000         0.000         0.000         0.000
 FLCONFIN       0.000         0.000         0.000         0.000         0.000
 FLSCHOOL       0.000         0.000         0.000         0.000         0.000
 NOBULLY        0.000         0.000         0.000         0.000         0.000
 FLFAMILY       1.000         0.000         0.000         0.000         0.000
 MALE           0.000         1.000         0.000         0.000         0.000
 IMMI1GEN       0.000         0.000         1.000         0.000         0.000
 IMMI2GEN       0.000         0.000         0.000         1.000         0.000
 ESCS           0.000         0.000         0.000         0.000         1.000


           THETA
              FLIT          FCFMLRTY      FLCONFIN      FLSCHOOL      NOBULLY
              ________      ________      ________      ________      ________
 FLIT           0.000
 FCFMLRTY       0.000         0.000
 FLCONFIN       0.000         0.000         0.000
 FLSCHOOL       0.000         0.000         0.000         0.000
 NOBULLY        0.000         0.000         0.000         0.000         0.000
 FLFAMILY       0.000         0.000         0.000         0.000         0.000
 MALE           0.000         0.000         0.000         0.000         0.000
 IMMI1GEN       0.000         0.000         0.000         0.000         0.000
 IMMI2GEN       0.000         0.000         0.000         0.000         0.000
 ESCS           0.000         0.000         0.000         0.000         0.000


           THETA
              FLFAMILY      MALE          IMMI1GEN      IMMI2GEN      ESCS
              ________      ________      ________      ________      ________
 FLFAMILY       0.000
 MALE           0.000         0.000
 IMMI1GEN       0.000         0.000         0.000
 IMMI2GEN       0.000         0.000         0.000         0.000
 ESCS           0.000         0.000         0.000         0.000         0.000


           ALPHA
              FLIT          FCFMLRTY      FLCONFIN      FLSCHOOL      NOBULLY
              ________      ________      ________      ________      ________
                0.000         6.517        -0.121         0.000         0.000


           ALPHA
              FLFAMILY      MALE          IMMI1GEN      IMMI2GEN      ESCS
              ________      ________      ________      ________      ________
                0.000         0.000         0.000         0.000         0.000


           BETA
              FLIT          FCFMLRTY      FLCONFIN      FLSCHOOL      NOBULLY
              ________      ________      ________      ________      ________
 FLIT           0.000         0.000         0.000         0.000         0.000
 FCFMLRTY       0.000         0.000         0.000         0.000         0.000
 FLCONFIN       0.000         0.000         0.000         0.000         0.000
 FLSCHOOL       0.000         0.000         0.000         0.000         0.000
 NOBULLY        0.000         0.000         0.000         0.000         0.000
 FLFAMILY       0.000         0.000         0.000         0.000         0.000
 MALE           0.000         0.000         0.000         0.000         0.000
 IMMI1GEN       0.000         0.000         0.000         0.000         0.000
 IMMI2GEN       0.000         0.000         0.000         0.000         0.000
 ESCS           0.000         0.000         0.000         0.000         0.000


           BETA
              FLFAMILY      MALE          IMMI1GEN      IMMI2GEN      ESCS
              ________      ________      ________      ________      ________
 FLIT           0.000         0.000         0.000         0.000         0.000
 FCFMLRTY       0.000         0.000         0.000         0.000         0.000
 FLCONFIN       0.000         0.000         0.000         0.000         0.000
 FLSCHOOL       0.000         0.000         0.000         0.000         0.000
 NOBULLY        0.000         0.000         0.000         0.000         0.000
 FLFAMILY       0.000         0.000         0.000         0.000         0.000
 MALE           0.000         0.000         0.000         0.000         0.000
 IMMI1GEN       0.000         0.000         0.000         0.000         0.000
 IMMI2GEN       0.000         0.000         0.000         0.000         0.000
 ESCS           0.000         0.000         0.000         0.000         0.000


           PSI
              FLIT          FCFMLRTY      FLCONFIN      FLSCHOOL      NOBULLY
              ________      ________      ________      ________      ________
 FLIT        4897.408
 FCFMLRTY       0.000        13.151
 FLCONFIN       0.000         0.000         0.466
 FLSCHOOL       0.000         0.000         0.000         0.451
 NOBULLY        0.000         0.000         0.000         0.000         0.547
 FLFAMILY       0.000         0.000         0.000         0.000         0.000
 MALE           0.000         0.000         0.000         0.000         0.000
 IMMI1GEN       0.000         0.000         0.000         0.000         0.000
 IMMI2GEN       0.000         0.000         0.000         0.000         0.000
 ESCS           0.000         0.000         0.000         0.000         0.000


           PSI
              FLFAMILY      MALE          IMMI1GEN      IMMI2GEN      ESCS
              ________      ________      ________      ________      ________
 FLFAMILY       0.487
 MALE           0.000         0.125
 IMMI1GEN       0.000         0.000         0.002
 IMMI2GEN       0.000         0.000         0.000         0.004
 ESCS           0.000         0.000         0.000         0.000         0.387


     STARTING VALUES FOR BETWEEN


           NU
              EDUSHORT      FLIT          FLSCHOOL      NOBULLY       FLFAMILY
              ________      ________      ________      ________      ________
                0.000         0.000         0.000         0.000         0.000


           NU
              STRATIO
              ________
                0.000


           LAMBDA
              EDUSHORT      FLIT          FLSCHOOL      NOBULLY       FLFAMILY
              ________      ________      ________      ________      ________
 EDUSHORT       1.000         0.000         0.000         0.000         0.000
 FLIT           0.000         1.000         0.000         0.000         0.000
 FLSCHOOL       0.000         0.000         1.000         0.000         0.000
 NOBULLY        0.000         0.000         0.000         1.000         0.000
 FLFAMILY       0.000         0.000         0.000         0.000         1.000
 STRATIO        0.000         0.000         0.000         0.000         0.000


           LAMBDA
              STRATIO
              ________
 EDUSHORT       0.000
 FLIT           0.000
 FLSCHOOL       0.000
 NOBULLY        0.000
 FLFAMILY       0.000
 STRATIO        1.000


           THETA
              EDUSHORT      FLIT          FLSCHOOL      NOBULLY       FLFAMILY
              ________      ________      ________      ________      ________
 EDUSHORT       0.000
 FLIT           0.000         0.000
 FLSCHOOL       0.000         0.000         0.000
 NOBULLY        0.000         0.000         0.000         0.000
 FLFAMILY       0.000         0.000         0.000         0.000         0.000
 STRATIO        0.000         0.000         0.000         0.000         0.000


           THETA
              STRATIO
              ________
 STRATIO        0.000


           ALPHA
              EDUSHORT      FLIT          FLSCHOOL      NOBULLY       FLFAMILY
              ________      ________      ________      ________      ________
                0.394       483.239         0.094        -0.104        -0.022


           ALPHA
              STRATIO
              ________
                0.000


           BETA
              EDUSHORT      FLIT          FLSCHOOL      NOBULLY       FLFAMILY
              ________      ________      ________      ________      ________
 EDUSHORT       0.000         0.000         0.000         0.000         0.000
 FLIT           0.000         0.000         0.000         0.000         0.000
 FLSCHOOL       0.000         0.000         0.000         0.000         0.000
 NOBULLY        0.000         0.000         0.000         0.000         0.000
 FLFAMILY       0.000         0.000         0.000         0.000         0.000
 STRATIO        0.000         0.000         0.000         0.000         0.000


           BETA
              STRATIO
              ________
 EDUSHORT       0.000
 FLIT           0.000
 FLSCHOOL       0.000
 NOBULLY        0.000
 FLFAMILY       0.000
 STRATIO        0.000


           PSI
              EDUSHORT      FLIT          FLSCHOOL      NOBULLY       FLFAMILY
              ________      ________      ________      ________      ________
 EDUSHORT       0.383
 FLIT           0.000      4897.408
 FLSCHOOL       0.000         0.000         0.451
 NOBULLY        0.000         0.000         0.000         0.547
 FLFAMILY       0.000         0.000         0.000         0.000         0.487
 STRATIO        0.000         0.000         0.000         0.000         0.000


           PSI
              STRATIO
              ________
 STRATIO       24.652


     Beginning Time:  23:20:48
        Ending Time:  23:26:43
       Elapsed Time:  00:05:55



MUTHEN & MUTHEN
3463 Stoner Ave.
Los Angeles, CA  90066

Tel: (310) 391-9971
Fax: (310) 391-8971
Web: www.StatModel.com
Support: Support@StatModel.com

Copyright (c) 1998-2019 Muthen & Muthen
