Mplus VERSION 8.3
MUTHEN & MUTHEN
03/04/2021   6:11 PM

INPUT INSTRUCTIONS


  TITLE:
      One-level 440

  DATA:
      file = "C:\Users\tctan\implist.dat";

      type = imputation;

  VARIABLE:
      names =
          FKI CNTRYID CNTSCHID W_STU
          MATH READ FLIT                      ! PISA achievement variables
          MALE IMMI1GEN IMMI2GEN ESCS         ! Demographic info
          FCFMLRTY FLCONFIN                   ! Affect
          FLSCHOOL                            !   Lat var "Academic"
          NOBULLY                             !   Lat var "Safety"
          FLFAMILY                            !   Lat var "Community"
          W_SCH STRATIO                       ! School character
          EDUSHORT                            !   Lat var "inst. env."
          ;

      useobs = CNTRYID eq 440;          ! Pull out one country at a time

      usevar =
          FLIT                                ! PISA achievement variables
          FLSCHOOL                            !   Lat var "Academic"
          NOBULLY                             !   Lat var "Safety"
          FLFAMILY                            !   Lat var "Community"
          FCFMLRTY FLCONFIN                   ! Affect
          MALE IMMI1GEN IMMI2GEN ESCS         ! Demographic info
          ;

      weight = W_STU;                         ! Student weight


  ANALYSIS:
      processors = 4;

      estimator = MLR;


  MODEL:

      ! Indirect pathways (1st half): school climate vars onto mediators
          ! Onto mediator FAMILIARITY
      FCFMLRTY on FLSCHOOL FLFAMILY NOBULLY ESCS IMMI2GEN MALE;
          ! Onto mediator CONFIDENCE
      FLCONFIN on FLSCHOOL FLFAMILY NOBULLY ESCS IMMI2GEN MALE;

      ! Total effect
      FLIT on
          ! Indirect pathways (2nd half): affective vars onto financial literacy
          FCFMLRTY FLCONFIN
          ! Direct pathways: school climate vars onto financial literacy
          FLSCHOOL FLFAMILY NOBULLY
          ! Dmographic vars
          ESCS IMMI1GEN
          ;

      ! Covariances
          ! Between school climate vars
      FLSCHOOL with FLFAMILY;
      FLFAMILY with NOBULLY;
      FLSCHOOL with NOBULLY;
          ! Between mediators
      FCFMLRTY with FLCONFIN;

          ! SES with school climate vars
      ESCS with FLSCHOOL FLFAMILY;
          ! SES with demographic vars
      ESCS with IMMI1GEN IMMI2GEN;

  MODEL INDIRECT:
  ! Indirect effects
      FLIT ind FLSCHOOL;
      FLIT ind FLFAMILY;
      FLIT ind NOBULLY;

      FLIT ind ESCS;
      FLIT ind IMMI2GEN;
      FLIT ind MALE;


  OUTPUT:
      stdyx                                   ! Fully standardised solution
      ;



INPUT READING TERMINATED NORMALLY




One-level 440

SUMMARY OF ANALYSIS

Number of groups                                                 1
Average number of observations                                4075

Number of replications
    Requested                                                   10
    Completed                                                   10

Number of dependent variables                                    3
Number of independent variables                                  7
Number of continuous latent variables                            0

Observed dependent variables

  Continuous
   FLIT        FCFMLRTY    FLCONFIN

Observed independent variables
   FLSCHOOL    NOBULLY     FLFAMILY    MALE        IMMI1GEN    IMMI2GEN
   ESCS

Variables with special functions

  Weight variable       W_STU

Estimator                                                      MLR
Information matrix                                        OBSERVED
Maximum number of iterations                                  1000
Convergence criterion                                    0.500D-04
Maximum number of steepest descent iterations                   20

Input data file(s)
  Multiple data files from
    C:\Users\tctan\implist.dat

Input data format  FREE


SAMPLE STATISTICS

NOTE:  These are average results over 10 data sets.


     SAMPLE STATISTICS


           Means
              FLIT          FCFMLRTY      FLCONFIN      FLSCHOOL      NOBULLY
              ________      ________      ________      ________      ________
              498.321         7.484         0.134         0.045        -0.023


           Means
              FLFAMILY      IMMI1GEN      IMMI2GEN      ESCS          MALE
              ________      ________      ________      ________      ________
                0.243         0.004         0.014         0.013         0.508


           Covariances
              FLIT          FCFMLRTY      FLCONFIN      FLSCHOOL      NOBULLY
              ________      ________      ________      ________      ________
 FLIT        8012.468
 FCFMLRTY     122.324        34.633
 FLCONFIN      13.590         1.536         1.171
 FLSCHOOL      -3.384         1.435         0.184         1.018
 NOBULLY       16.023         0.467         0.013        -0.082         1.109
 FLFAMILY       3.979         1.063         0.197         0.217         0.017
 IMMI1GEN      -0.231         0.003         0.001         0.001        -0.002
 IMMI2GEN      -0.748        -0.008         0.002         0.000         0.000
 ESCS          26.600         0.709         0.091        -0.014         0.077
 MALE          -1.031        -0.043         0.093         0.029        -0.056


           Covariances
              FLFAMILY      IMMI1GEN      IMMI2GEN      ESCS          MALE
              ________      ________      ________      ________      ________
 FLFAMILY       1.100
 IMMI1GEN       0.002         0.004
 IMMI2GEN      -0.001         0.000         0.014
 ESCS           0.048        -0.001         0.000         0.768
 MALE          -0.031         0.000         0.001         0.000         0.250


           Correlations
              FLIT          FCFMLRTY      FLCONFIN      FLSCHOOL      NOBULLY
              ________      ________      ________      ________      ________
 FLIT           1.000
 FCFMLRTY       0.232         1.000
 FLCONFIN       0.140         0.241         1.000
 FLSCHOOL      -0.037         0.242         0.169         1.000
 NOBULLY        0.170         0.075         0.011        -0.077         1.000
 FLFAMILY       0.042         0.172         0.174         0.205         0.015
 IMMI1GEN      -0.040         0.007         0.018         0.011        -0.030
 IMMI2GEN      -0.072        -0.012         0.017         0.003         0.002
 ESCS           0.339         0.137         0.096        -0.016         0.083
 MALE          -0.023        -0.015         0.172         0.058        -0.107


           Correlations
              FLFAMILY      IMMI1GEN      IMMI2GEN      ESCS          MALE
              ________      ________      ________      ________      ________
 FLFAMILY       1.000
 IMMI1GEN       0.023         1.000
 IMMI2GEN      -0.009        -0.008         1.000
 ESCS           0.052        -0.016         0.004         1.000
 MALE          -0.059         0.012         0.015        -0.001         1.000


MODEL FIT INFORMATION

Number of Free Parameters                       53

Loglikelihood

    H0 Value

        Mean                            -56835.178
        Std Dev                            328.997
        Number of successful computations       10

             Proportions                   Percentiles
        Expected    Observed         Expected       Observed
           0.990       1.000       -57600.524     -57313.930
           0.980       1.000       -57510.839     -57313.930
           0.950       1.000       -57376.345     -57313.930
           0.900       0.900       -57256.820     -57313.930
           0.800       0.700       -57112.062     -57313.930
           0.700       0.600       -57007.704     -57149.133
           0.500       0.500       -56835.178     -56890.703
           0.300       0.300       -56662.652     -56718.853
           0.200       0.300       -56558.294     -56554.690
           0.100       0.100       -56413.535     -56424.316
           0.050       0.000       -56294.011     -56424.316
           0.020       0.000       -56159.517     -56424.316
           0.010       0.000       -56069.832     -56424.316

    H1 Value

        Mean                            -56780.829
        Std Dev                            327.148
        Number of successful computations       10

             Proportions                   Percentiles
        Expected    Observed         Expected       Observed
           0.990       1.000       -57541.874     -57253.463
           0.980       1.000       -57452.693     -57253.463
           0.950       1.000       -57318.955     -57253.463
           0.900       0.900       -57200.102     -57253.463
           0.800       0.700       -57056.157     -57253.463
           0.700       0.600       -56952.385     -57098.979
           0.500       0.500       -56780.829     -56837.899
           0.300       0.300       -56609.272     -56666.018
           0.200       0.200       -56505.501     -56509.750
           0.100       0.100       -56361.556     -56370.525
           0.050       0.000       -56242.703     -56370.525
           0.020       0.000       -56108.964     -56370.525
           0.010       0.000       -56019.784     -56370.525

Information Criteria

    Akaike (AIC)

        Mean                            113776.356
        Std Dev                            657.994
        Number of successful computations       10

             Proportions                   Percentiles
        Expected    Observed         Expected       Observed
           0.990       1.000       112245.664     112703.600
           0.980       1.000       112425.033     112703.600
           0.950       1.000       112694.021     112703.600
           0.900       0.900       112933.070     112703.600
           0.800       0.700       113222.588     112703.600
           0.700       0.700       113431.304     113215.381
           0.500       0.500       113776.356     113556.716
           0.300       0.400       114121.408     114260.645
           0.200       0.300       114330.123     114404.265
           0.100       0.100       114619.641     114503.344
           0.050       0.000       114858.690     114503.344
           0.020       0.000       115127.678     114503.344
           0.010       0.000       115307.047     114503.344

    Bayesian (BIC)

        Mean                            114110.925
        Std Dev                            657.994
        Number of successful computations       10

             Proportions                   Percentiles
        Expected    Observed         Expected       Observed
           0.990       1.000       112580.233     113038.169
           0.980       1.000       112759.602     113038.169
           0.950       1.000       113028.590     113038.169
           0.900       0.900       113267.640     113038.169
           0.800       0.700       113557.157     113038.169
           0.700       0.700       113765.873     113549.950
           0.500       0.500       114110.925     113891.286
           0.300       0.400       114455.977     114595.215
           0.200       0.300       114664.693     114738.834
           0.100       0.100       114954.210     114837.913
           0.050       0.000       115193.259     114837.913
           0.020       0.000       115462.247     114837.913
           0.010       0.000       115641.616     114837.913

    Sample-Size Adjusted BIC (n* = (n + 2) / 24)

        Mean                            113942.514
        Std Dev                            657.994
        Number of successful computations       10

             Proportions                   Percentiles
        Expected    Observed         Expected       Observed
           0.990       1.000       112411.822     112869.758
           0.980       1.000       112591.192     112869.758
           0.950       1.000       112860.180     112869.758
           0.900       0.900       113099.229     112869.758
           0.800       0.700       113388.746     112869.758
           0.700       0.700       113597.462     113381.539
           0.500       0.500       113942.514     113722.875
           0.300       0.400       114287.566     114426.804
           0.200       0.300       114496.282     114570.424
           0.100       0.100       114785.799     114669.502
           0.050       0.000       115024.848     114669.502
           0.020       0.000       115293.836     114669.502
           0.010       0.000       115473.205     114669.502

Chi-Square Test of Model Fit

        Degrees of freedom                      10

        Mean                                89.644
        Std Dev                              6.334
        Number of successful computations       10

             Proportions                   Percentiles
        Expected    Observed         Expected       Observed
           0.990       1.000            2.558         77.793
           0.980       1.000            3.059         77.793
           0.950       1.000            3.940         77.793
           0.900       1.000            4.865         77.793
           0.800       1.000            6.179         77.793
           0.700       1.000            7.267         87.999
           0.500       1.000            9.342         90.552
           0.300       1.000           11.781         91.759
           0.200       1.000           13.442         94.187
           0.100       1.000           15.987         95.613
           0.050       1.000           18.307         95.613
           0.020       1.000           21.161         95.613
           0.010       1.000           23.209         95.613

RMSEA (Root Mean Square Error Of Approximation)

        Mean                                 0.044
        Std Dev                              0.002
        Number of successful computations       10

             Proportions                   Percentiles
        Expected    Observed         Expected       Observed
           0.990       1.000            0.040          0.041
           0.980       1.000            0.041          0.041
           0.950       0.900            0.041          0.041
           0.900       0.800            0.042          0.041
           0.800       0.800            0.043          0.041
           0.700       0.800            0.043          0.044
           0.500       0.600            0.044          0.044
           0.300       0.300            0.045          0.045
           0.200       0.200            0.046          0.045
           0.100       0.100            0.046          0.046
           0.050       0.000            0.047          0.046
           0.020       0.000            0.048          0.046
           0.010       0.000            0.048          0.046

CFI/TLI

    CFI

        Mean                                 0.939
        Std Dev                              0.005
        Number of successful computations       10

             Proportions                   Percentiles
        Expected    Observed         Expected       Observed
           0.990       1.000            0.927          0.932
           0.980       1.000            0.928          0.932
           0.950       1.000            0.930          0.932
           0.900       1.000            0.932          0.932
           0.800       0.800            0.934          0.932
           0.700       0.600            0.936          0.934
           0.500       0.400            0.939          0.937
           0.300       0.300            0.941          0.940
           0.200       0.300            0.943          0.943
           0.100       0.100            0.945          0.944
           0.050       0.100            0.947          0.944
           0.020       0.000            0.949          0.944
           0.010       0.000            0.950          0.944

    TLI

        Mean                                 0.852
        Std Dev                              0.012
        Number of successful computations       10

             Proportions                   Percentiles
        Expected    Observed         Expected       Observed
           0.990       1.000            0.825          0.838
           0.980       1.000            0.828          0.838
           0.950       1.000            0.833          0.838
           0.900       1.000            0.837          0.838
           0.800       0.800            0.842          0.838
           0.700       0.600            0.846          0.843
           0.500       0.400            0.852          0.848
           0.300       0.300            0.859          0.856
           0.200       0.300            0.862          0.864
           0.100       0.100            0.868          0.867
           0.050       0.100            0.872          0.867
           0.020       0.000            0.877          0.867
           0.010       0.000            0.880          0.867

SRMR (Standardized Root Mean Square Residual)

        Mean                                 0.020
        Std Dev                              0.001
        Number of successful computations       10

             Proportions                   Percentiles
        Expected    Observed         Expected       Observed
           0.990       1.000            0.019          0.019
           0.980       1.000            0.019          0.019
           0.950       0.900            0.019          0.019
           0.900       0.900            0.019          0.019
           0.800       0.800            0.020          0.019
           0.700       0.800            0.020          0.020
           0.500       0.400            0.020          0.020
           0.300       0.400            0.021          0.021
           0.200       0.200            0.021          0.021
           0.100       0.100            0.021          0.021
           0.050       0.100            0.022          0.021
           0.020       0.000            0.022          0.021
           0.010       0.000            0.022          0.021


MODEL RESULTS

                                                    Two-Tailed   Rate of
                    Estimate       S.E.  Est./S.E.    P-Value    Missing

 FCFMLRTY ON
    FLSCHOOL           1.321      0.103     12.779      0.000      0.054
    FLFAMILY           0.657      0.105      6.278      0.000      0.062
    NOBULLY            0.442      0.117      3.762      0.000      0.305
    ESCS               0.862      0.123      6.996      0.000      0.079
    IMMI2GEN          -0.591      0.908     -0.651      0.515      0.088
    MALE              -0.142      0.206     -0.690      0.490      0.104

 FLCONFIN ON
    FLSCHOOL           0.141      0.021      6.688      0.000      0.102
    FLFAMILY           0.157      0.021      7.367      0.000      0.056
    NOBULLY            0.031      0.018      1.751      0.080      0.088
    ESCS               0.108      0.024      4.556      0.000      0.167
    IMMI2GEN           0.139      0.119      1.172      0.241      0.081
    MALE               0.381      0.040      9.655      0.000      0.165

 FLIT     ON
    FCFMLRTY           2.783      0.339      8.217      0.000      0.400
    FLCONFIN           6.734      1.565      4.304      0.000      0.214
    FLSCHOOL          -7.097      1.656     -4.285      0.000      0.201
    FLFAMILY          -0.299      1.780     -0.168      0.867      0.328
    NOBULLY           10.512      1.533      6.858      0.000      0.262
    ESCS              30.061      2.129     14.119      0.000      0.338
    IMMI1GEN         -47.310     29.384     -1.610      0.107      0.269

 FLSCHOOL WITH
    FLFAMILY           0.217      0.021     10.254      0.000      0.070
    NOBULLY           -0.082      0.020     -4.091      0.000      0.196
    ESCS              -0.014      0.017     -0.865      0.387      0.113

 FLFAMILY WITH
    NOBULLY            0.017      0.022      0.776      0.438      0.209
    ESCS               0.048      0.018      2.716      0.007      0.079

 FCFMLRTY WITH
    FLCONFIN           1.092      0.112      9.742      0.000      0.041

 ESCS     WITH
    IMMI1GEN          -0.001      0.002     -0.577      0.564      0.199
    IMMI2GEN           0.000      0.002      0.222      0.824      0.255
    NOBULLY            0.077      0.018      4.277      0.000      0.098

 IMMI1GEN WITH
    FLSCHOOL           0.001      0.001      0.670      0.503      0.199
    NOBULLY           -0.002      0.001     -1.436      0.151      0.104
    FLFAMILY           0.002      0.001      1.034      0.301      0.063

 IMMI2GEN WITH
    FLSCHOOL           0.000      0.002      0.140      0.889      0.239
    NOBULLY            0.000      0.002      0.140      0.889      0.307
    FLFAMILY          -0.001      0.002     -0.458      0.647      0.097
    IMMI1GEN           0.000      0.000     -3.056      0.002      0.000

 Means
    FLSCHOOL           0.045      0.018      2.494      0.013      0.063
    NOBULLY           -0.023      0.019     -1.204      0.229      0.102
    FLFAMILY           0.243      0.019     12.915      0.000      0.072
    IMMI1GEN           0.004      0.001      3.377      0.001      0.324
    IMMI2GEN           0.014      0.002      7.167      0.000      0.078
    ESCS               0.013      0.016      0.826      0.409      0.039

 Intercepts
    FLIT             477.039      2.981    160.002      0.000      0.403
    FCFMLRTY           7.345      0.133     55.264      0.000      0.027
    FLCONFIN          -0.107      0.027     -3.920      0.000      0.139

 Variances
    FLSCHOOL           1.018      0.024     42.243      0.000      0.038
    NOBULLY            1.109      0.032     34.151      0.000      0.115
    FLFAMILY           1.100      0.028     38.714      0.000      0.062
    IMMI1GEN           0.004      0.001      3.392      0.001      0.324
    IMMI2GEN           0.014      0.002      7.269      0.000      0.078
    ESCS               0.768      0.018     42.850      0.000      0.085

 Residual Variances
    FLIT            6573.882    238.212     27.597      0.000      0.541
    FCFMLRTY          31.203      0.604     51.662      0.000      0.083
    FLCONFIN           1.068      0.029     36.840      0.000      0.038


STANDARDIZED MODEL RESULTS


STDYX Standardization

                                                    Two-Tailed   Rate of
                    Estimate       S.E.  Est./S.E.    P-Value    Missing

 FCFMLRTY ON
    FLSCHOOL           0.227      0.018     12.690      0.000      0.050
    FLFAMILY           0.117      0.019      6.251      0.000      0.069
    NOBULLY            0.079      0.021      3.780      0.000      0.303
    ESCS               0.128      0.018      6.998      0.000      0.078
    IMMI2GEN          -0.012      0.018     -0.651      0.515      0.094
    MALE              -0.012      0.017     -0.690      0.490      0.104

 FLCONFIN ON
    FLSCHOOL           0.131      0.020      6.699      0.000      0.106
    FLFAMILY           0.152      0.021      7.406      0.000      0.062
    NOBULLY            0.031      0.017      1.752      0.080      0.092
    ESCS               0.088      0.019      4.565      0.000      0.156
    IMMI2GEN           0.015      0.013      1.154      0.248      0.082
    MALE               0.176      0.018      9.841      0.000      0.157

 FLIT     ON
    FCFMLRTY           0.183      0.022      8.421      0.000      0.396
    FLCONFIN           0.081      0.019      4.391      0.000      0.188
    FLSCHOOL          -0.080      0.019     -4.286      0.000      0.203
    FLFAMILY          -0.004      0.021     -0.169      0.866      0.327
    NOBULLY            0.124      0.018      6.809      0.000      0.282
    ESCS               0.294      0.021     13.904      0.000      0.410
    IMMI1GEN          -0.034      0.022     -1.515      0.130      0.215

 FLSCHOOL WITH
    FLFAMILY           0.205      0.019     10.817      0.000      0.073
    NOBULLY           -0.077      0.019     -4.119      0.000      0.206
    ESCS              -0.016      0.019     -0.866      0.387      0.112

 FLFAMILY WITH
    NOBULLY            0.015      0.020      0.775      0.438      0.209
    ESCS               0.052      0.019      2.728      0.006      0.082

 FCFMLRTY WITH
    FLCONFIN           0.189      0.019     10.095      0.000      0.043

 ESCS     WITH
    IMMI1GEN          -0.017      0.027     -0.609      0.542      0.230
    IMMI2GEN           0.005      0.020      0.226      0.821      0.255
    NOBULLY            0.083      0.019      4.362      0.000      0.097

 IMMI1GEN WITH
    FLSCHOOL           0.012      0.017      0.701      0.483      0.204
    NOBULLY           -0.030      0.019     -1.570      0.116      0.094
    FLFAMILY           0.023      0.021      1.096      0.273      0.073

 IMMI2GEN WITH
    FLSCHOOL           0.003      0.018      0.143      0.886      0.237
    NOBULLY            0.002      0.017      0.140      0.888      0.311
    FLFAMILY          -0.009      0.020     -0.457      0.648      0.097
    IMMI1GEN          -0.008      0.001     -6.077      0.000      0.283

 Means
    FLSCHOOL           0.044      0.018      2.500      0.012      0.064
    NOBULLY           -0.022      0.018     -1.215      0.224      0.105
    FLFAMILY           0.231      0.018     12.759      0.000      0.078
    IMMI1GEN           0.064      0.010      6.728      0.000      0.327
    IMMI2GEN           0.118      0.008     14.151      0.000      0.077
    ESCS               0.015      0.018      0.824      0.410      0.039

 Intercepts
    FLIT               5.328      0.094     56.455      0.000      0.408
    FCFMLRTY           1.248      0.025     50.534      0.000      0.068
    FLCONFIN          -0.099      0.025     -3.946      0.000      0.137

 Variances
    FLSCHOOL           1.000      0.000  *********      0.000      0.000
    NOBULLY            1.000      0.000  *********      0.000      0.000
    FLFAMILY           1.000      0.000  *********      0.000      0.000
    IMMI1GEN           1.000      0.000  *********      0.000      0.000
    IMMI2GEN           1.000      0.000  *********      0.000      0.000
    ESCS               1.000      0.000  *********      0.000      0.000

 Residual Variances
    FLIT               0.820      0.016     49.817      0.000      0.433
    FCFMLRTY           0.901      0.011     81.077      0.000      0.084
    FLCONFIN           0.911      0.012     76.785      0.000      0.166


R-SQUARE

    Observed                                        Two-Tailed   Rate of
    Variable        Estimate       S.E.  Est./S.E.    P-Value    Missing

    FLIT               0.180      0.016     10.943      0.000      0.433
    FCFMLRTY           0.099      0.011      8.907      0.000      0.084
    FLCONFIN           0.089      0.012      7.546      0.000      0.166


QUALITY OF NUMERICAL RESULTS

     Average Condition Number for the Information Matrix      0.412E-08
       (ratio of smallest to largest eigenvalue)


TOTAL, TOTAL INDIRECT, SPECIFIC INDIRECT, AND DIRECT EFFECTS


                                                    Two-Tailed   Rate of
                    Estimate       S.E.  Est./S.E.    P-Value    Missing

Effects from FLSCHOOL to FLIT

  Total               -2.472      1.628     -1.519      0.129      0.213
  Total indirect       4.625      0.625      7.404      0.000      0.310

  Specific indirect 1
    FLIT
    FCFMLRTY
    FLSCHOOL           3.676      0.537      6.849      0.000      0.301

  Specific indirect 2
    FLIT
    FLCONFIN
    FLSCHOOL           0.949      0.271      3.503      0.000      0.206

  Direct
    FLIT
    FLSCHOOL          -7.097      1.656     -4.285      0.000      0.201


Effects from FLFAMILY to FLIT

  Total                2.587      1.824      1.418      0.156      0.381
  Total indirect       2.886      0.505      5.715      0.000      0.187

  Specific indirect 1
    FLIT
    FCFMLRTY
    FLFAMILY           1.829      0.368      4.976      0.000      0.181

  Specific indirect 2
    FLIT
    FLCONFIN
    FLFAMILY           1.056      0.290      3.644      0.000      0.148

  Direct
    FLIT
    FLFAMILY          -0.299      1.780     -0.168      0.867      0.328


Effects from NOBULLY to FLIT

  Total               11.950      1.581      7.558      0.000      0.282
  Total indirect       1.438      0.393      3.660      0.000      0.231

  Specific indirect 1
    FLIT
    FCFMLRTY
    NOBULLY            1.226      0.341      3.592      0.000      0.247

  Specific indirect 2
    FLIT
    FLCONFIN
    NOBULLY            0.212      0.133      1.600      0.110      0.147

  Direct
    FLIT
    NOBULLY           10.512      1.533      6.858      0.000      0.262


Effects from ESCS to FLIT

  Total               33.188      2.077     15.978      0.000      0.329
  Total indirect       3.127      0.519      6.025      0.000      0.140

  Specific indirect 1
    FLIT
    FCFMLRTY
    ESCS               2.398      0.451      5.320      0.000      0.164

  Specific indirect 2
    FLIT
    FLCONFIN
    ESCS               0.728      0.233      3.129      0.002      0.133

  Direct
    FLIT
    ESCS              30.061      2.129     14.119      0.000      0.338


Effects from IMMI2GEN to FLIT

  Total               -0.702      2.774     -0.253      0.800      0.055
  Total indirect      -0.702      2.774     -0.253      0.800      0.055

  Specific indirect 1
    FLIT
    FCFMLRTY
    IMMI2GEN          -1.641      2.561     -0.641      0.522      0.089

  Specific indirect 2
    FLIT
    FLCONFIN
    IMMI2GEN           0.939      0.828      1.134      0.257      0.094


Effects from MALE to FLIT

  Total                2.166      0.903      2.399      0.016      0.195
  Total indirect       2.166      0.903      2.399      0.016      0.195

  Specific indirect 1
    FLIT
    FCFMLRTY
    MALE              -0.401      0.584     -0.687      0.492      0.130

  Specific indirect 2
    FLIT
    FLCONFIN
    MALE               2.568      0.619      4.148      0.000      0.207



STANDARDIZED TOTAL, TOTAL INDIRECT, SPECIFIC INDIRECT, AND DIRECT EFFECTS


STDYX Standardization

                                                    Two-Tailed   Rate of
                    Estimate       S.E.  Est./S.E.    P-Value    Missing

Effects from FLSCHOOL to FLIT

  Total               -0.028      0.018     -1.519      0.129      0.216
  Total indirect       0.052      0.007      7.528      0.000      0.280

  Specific indirect 1
    FLIT
    FCFMLRTY
    FLSCHOOL           0.041      0.006      6.895      0.000      0.282

  Specific indirect 2
    FLIT
    FLCONFIN
    FLSCHOOL           0.011      0.003      3.542      0.000      0.191

  Direct
    FLIT
    FLSCHOOL          -0.080      0.019     -4.286      0.000      0.203


Effects from FLFAMILY to FLIT

  Total                0.030      0.021      1.423      0.155      0.378
  Total indirect       0.034      0.006      5.774      0.000      0.185

  Specific indirect 1
    FLIT
    FCFMLRTY
    FLFAMILY           0.021      0.004      4.975      0.000      0.189

  Specific indirect 2
    FLIT
    FLCONFIN
    FLFAMILY           0.012      0.003      3.686      0.000      0.138

  Direct
    FLIT
    FLFAMILY          -0.004      0.021     -0.169      0.866      0.327


Effects from NOBULLY to FLIT

  Total                0.141      0.019      7.521      0.000      0.305
  Total indirect       0.017      0.005      3.678      0.000      0.234

  Specific indirect 1
    FLIT
    FCFMLRTY
    NOBULLY            0.014      0.004      3.603      0.000      0.251

  Specific indirect 2
    FLIT
    FLCONFIN
    NOBULLY            0.002      0.002      1.605      0.108      0.146

  Direct
    FLIT
    NOBULLY            0.124      0.018      6.809      0.000      0.282


Effects from ESCS to FLIT

  Total                0.325      0.021     15.798      0.000      0.415
  Total indirect       0.031      0.005      6.090      0.000      0.138

  Specific indirect 1
    FLIT
    FCFMLRTY
    ESCS               0.023      0.004      5.362      0.000      0.165

  Specific indirect 2
    FLIT
    FLCONFIN
    ESCS               0.007      0.002      3.140      0.002      0.130

  Direct
    FLIT
    ESCS               0.294      0.021     13.904      0.000      0.410


Effects from IMMI2GEN to FLIT

  Total               -0.001      0.004     -0.254      0.799      0.056
  Total indirect      -0.001      0.004     -0.254      0.799      0.056

  Specific indirect 1
    FLIT
    FCFMLRTY
    IMMI2GEN          -0.002      0.003     -0.640      0.522      0.094

  Specific indirect 2
    FLIT
    FLCONFIN
    IMMI2GEN           0.001      0.001      1.119      0.263      0.096


Effects from MALE to FLIT

  Total                0.012      0.005      2.405      0.016      0.194
  Total indirect       0.012      0.005      2.405      0.016      0.194

  Specific indirect 1
    FLIT
    FCFMLRTY
    MALE              -0.002      0.003     -0.687      0.492      0.128

  Specific indirect 2
    FLIT
    FLCONFIN
    MALE               0.014      0.003      4.199      0.000      0.195




TECHNICAL 1 OUTPUT


     PARAMETER SPECIFICATION


           NU
              FLIT          FCFMLRTY      FLCONFIN      FLSCHOOL      NOBULLY
              ________      ________      ________      ________      ________
                  0             0             0             0             0


           NU
              FLFAMILY      IMMI1GEN      IMMI2GEN      ESCS          MALE
              ________      ________      ________      ________      ________
                  0             0             0             0             0


           LAMBDA
              FLIT          FCFMLRTY      FLCONFIN      FLSCHOOL      NOBULLY
              ________      ________      ________      ________      ________
 FLIT               0             0             0             0             0
 FCFMLRTY           0             0             0             0             0
 FLCONFIN           0             0             0             0             0
 FLSCHOOL           0             0             0             0             0
 NOBULLY            0             0             0             0             0
 FLFAMILY           0             0             0             0             0
 IMMI1GEN           0             0             0             0             0
 IMMI2GEN           0             0             0             0             0
 ESCS               0             0             0             0             0
 MALE               0             0             0             0             0


           LAMBDA
              FLFAMILY      IMMI1GEN      IMMI2GEN      ESCS          MALE
              ________      ________      ________      ________      ________
 FLIT               0             0             0             0             0
 FCFMLRTY           0             0             0             0             0
 FLCONFIN           0             0             0             0             0
 FLSCHOOL           0             0             0             0             0
 NOBULLY            0             0             0             0             0
 FLFAMILY           0             0             0             0             0
 IMMI1GEN           0             0             0             0             0
 IMMI2GEN           0             0             0             0             0
 ESCS               0             0             0             0             0
 MALE               0             0             0             0             0


           THETA
              FLIT          FCFMLRTY      FLCONFIN      FLSCHOOL      NOBULLY
              ________      ________      ________      ________      ________
 FLIT               0
 FCFMLRTY           0             0
 FLCONFIN           0             0             0
 FLSCHOOL           0             0             0             0
 NOBULLY            0             0             0             0             0
 FLFAMILY           0             0             0             0             0
 IMMI1GEN           0             0             0             0             0
 IMMI2GEN           0             0             0             0             0
 ESCS               0             0             0             0             0
 MALE               0             0             0             0             0


           THETA
              FLFAMILY      IMMI1GEN      IMMI2GEN      ESCS          MALE
              ________      ________      ________      ________      ________
 FLFAMILY           0
 IMMI1GEN           0             0
 IMMI2GEN           0             0             0
 ESCS               0             0             0             0
 MALE               0             0             0             0             0


           ALPHA
              FLIT          FCFMLRTY      FLCONFIN      FLSCHOOL      NOBULLY
              ________      ________      ________      ________      ________
                  1             2             3             4             5


           ALPHA
              FLFAMILY      IMMI1GEN      IMMI2GEN      ESCS          MALE
              ________      ________      ________      ________      ________
                  6             7             8             9             0


           BETA
              FLIT          FCFMLRTY      FLCONFIN      FLSCHOOL      NOBULLY
              ________      ________      ________      ________      ________
 FLIT               0            10            11            12            13
 FCFMLRTY           0             0             0            17            18
 FLCONFIN           0             0             0            23            24
 FLSCHOOL           0             0             0             0             0
 NOBULLY            0             0             0             0             0
 FLFAMILY           0             0             0             0             0
 IMMI1GEN           0             0             0             0             0
 IMMI2GEN           0             0             0             0             0
 ESCS               0             0             0             0             0
 MALE               0             0             0             0             0


           BETA
              FLFAMILY      IMMI1GEN      IMMI2GEN      ESCS          MALE
              ________      ________      ________      ________      ________
 FLIT              14            15             0            16             0
 FCFMLRTY          19             0            20            21            22
 FLCONFIN          25             0            26            27            28
 FLSCHOOL           0             0             0             0             0
 NOBULLY            0             0             0             0             0
 FLFAMILY           0             0             0             0             0
 IMMI1GEN           0             0             0             0             0
 IMMI2GEN           0             0             0             0             0
 ESCS               0             0             0             0             0
 MALE               0             0             0             0             0


           PSI
              FLIT          FCFMLRTY      FLCONFIN      FLSCHOOL      NOBULLY
              ________      ________      ________      ________      ________
 FLIT              29
 FCFMLRTY           0            30
 FLCONFIN           0            31            32
 FLSCHOOL           0             0             0            33
 NOBULLY            0             0             0            34            35
 FLFAMILY           0             0             0            36            37
 IMMI1GEN           0             0             0            39            40
 IMMI2GEN           0             0             0            43            44
 ESCS               0             0             0            48            49
 MALE               0             0             0             0             0


           PSI
              FLFAMILY      IMMI1GEN      IMMI2GEN      ESCS          MALE
              ________      ________      ________      ________      ________
 FLFAMILY          38
 IMMI1GEN          41            42
 IMMI2GEN          45            46            47
 ESCS              50            51            52            53
 MALE               0             0             0             0             0


     STARTING VALUES


           NU
              FLIT          FCFMLRTY      FLCONFIN      FLSCHOOL      NOBULLY
              ________      ________      ________      ________      ________
                0.000         0.000         0.000         0.000         0.000


           NU
              FLFAMILY      IMMI1GEN      IMMI2GEN      ESCS          MALE
              ________      ________      ________      ________      ________
                0.000         0.000         0.000         0.000         0.000


           LAMBDA
              FLIT          FCFMLRTY      FLCONFIN      FLSCHOOL      NOBULLY
              ________      ________      ________      ________      ________
 FLIT           1.000         0.000         0.000         0.000         0.000
 FCFMLRTY       0.000         1.000         0.000         0.000         0.000
 FLCONFIN       0.000         0.000         1.000         0.000         0.000
 FLSCHOOL       0.000         0.000         0.000         1.000         0.000
 NOBULLY        0.000         0.000         0.000         0.000         1.000
 FLFAMILY       0.000         0.000         0.000         0.000         0.000
 IMMI1GEN       0.000         0.000         0.000         0.000         0.000
 IMMI2GEN       0.000         0.000         0.000         0.000         0.000
 ESCS           0.000         0.000         0.000         0.000         0.000
 MALE           0.000         0.000         0.000         0.000         0.000


           LAMBDA
              FLFAMILY      IMMI1GEN      IMMI2GEN      ESCS          MALE
              ________      ________      ________      ________      ________
 FLIT           0.000         0.000         0.000         0.000         0.000
 FCFMLRTY       0.000         0.000         0.000         0.000         0.000
 FLCONFIN       0.000         0.000         0.000         0.000         0.000
 FLSCHOOL       0.000         0.000         0.000         0.000         0.000
 NOBULLY        0.000         0.000         0.000         0.000         0.000
 FLFAMILY       1.000         0.000         0.000         0.000         0.000
 IMMI1GEN       0.000         1.000         0.000         0.000         0.000
 IMMI2GEN       0.000         0.000         1.000         0.000         0.000
 ESCS           0.000         0.000         0.000         1.000         0.000
 MALE           0.000         0.000         0.000         0.000         1.000


           THETA
              FLIT          FCFMLRTY      FLCONFIN      FLSCHOOL      NOBULLY
              ________      ________      ________      ________      ________
 FLIT           0.000
 FCFMLRTY       0.000         0.000
 FLCONFIN       0.000         0.000         0.000
 FLSCHOOL       0.000         0.000         0.000         0.000
 NOBULLY        0.000         0.000         0.000         0.000         0.000
 FLFAMILY       0.000         0.000         0.000         0.000         0.000
 IMMI1GEN       0.000         0.000         0.000         0.000         0.000
 IMMI2GEN       0.000         0.000         0.000         0.000         0.000
 ESCS           0.000         0.000         0.000         0.000         0.000
 MALE           0.000         0.000         0.000         0.000         0.000


           THETA
              FLFAMILY      IMMI1GEN      IMMI2GEN      ESCS          MALE
              ________      ________      ________      ________      ________
 FLFAMILY       0.000
 IMMI1GEN       0.000         0.000
 IMMI2GEN       0.000         0.000         0.000
 ESCS           0.000         0.000         0.000         0.000
 MALE           0.000         0.000         0.000         0.000         0.000


           ALPHA
              FLIT          FCFMLRTY      FLCONFIN      FLSCHOOL      NOBULLY
              ________      ________      ________      ________      ________
              499.042         7.499         0.140         0.040        -0.015


           ALPHA
              FLFAMILY      IMMI1GEN      IMMI2GEN      ESCS          MALE
              ________      ________      ________      ________      ________
                0.239         0.005         0.013         0.013         0.508


           BETA
              FLIT          FCFMLRTY      FLCONFIN      FLSCHOOL      NOBULLY
              ________      ________      ________      ________      ________
 FLIT           0.000         0.000         0.000         0.000         0.000
 FCFMLRTY       0.000         0.000         0.000         0.000         0.000
 FLCONFIN       0.000         0.000         0.000         0.000         0.000
 FLSCHOOL       0.000         0.000         0.000         0.000         0.000
 NOBULLY        0.000         0.000         0.000         0.000         0.000
 FLFAMILY       0.000         0.000         0.000         0.000         0.000
 IMMI1GEN       0.000         0.000         0.000         0.000         0.000
 IMMI2GEN       0.000         0.000         0.000         0.000         0.000
 ESCS           0.000         0.000         0.000         0.000         0.000
 MALE           0.000         0.000         0.000         0.000         0.000


           BETA
              FLFAMILY      IMMI1GEN      IMMI2GEN      ESCS          MALE
              ________      ________      ________      ________      ________
 FLIT           0.000         0.000         0.000         0.000         0.000
 FCFMLRTY       0.000         0.000         0.000         0.000         0.000
 FLCONFIN       0.000         0.000         0.000         0.000         0.000
 FLSCHOOL       0.000         0.000         0.000         0.000         0.000
 NOBULLY        0.000         0.000         0.000         0.000         0.000
 FLFAMILY       0.000         0.000         0.000         0.000         0.000
 IMMI1GEN       0.000         0.000         0.000         0.000         0.000
 IMMI2GEN       0.000         0.000         0.000         0.000         0.000
 ESCS           0.000         0.000         0.000         0.000         0.000
 MALE           0.000         0.000         0.000         0.000         0.000


           PSI
              FLIT          FCFMLRTY      FLCONFIN      FLSCHOOL      NOBULLY
              ________      ________      ________      ________      ________
 FLIT        3983.700
 FCFMLRTY       0.000        17.421
 FLCONFIN       0.000         0.000         0.588
 FLSCHOOL       0.000         0.000         0.000         0.511
 NOBULLY        0.000         0.000         0.000         0.000         0.557
 FLFAMILY       0.000         0.000         0.000         0.000         0.000
 IMMI1GEN       0.000         0.000         0.000         0.000         0.000
 IMMI2GEN       0.000         0.000         0.000         0.000         0.000
 ESCS           0.000         0.000         0.000         0.000         0.000
 MALE           0.000         0.000         0.000         0.000         0.000


           PSI
              FLFAMILY      IMMI1GEN      IMMI2GEN      ESCS          MALE
              ________      ________      ________      ________      ________
 FLFAMILY       0.557
 IMMI1GEN       0.000         0.002
 IMMI2GEN       0.000         0.000         0.007
 ESCS           0.000         0.000         0.000         0.384
 MALE           0.000         0.000         0.000         0.000         0.250


     Beginning Time:  18:11:16
        Ending Time:  18:12:04
       Elapsed Time:  00:00:48



MUTHEN & MUTHEN
3463 Stoner Ave.
Los Angeles, CA  90066

Tel: (310) 391-9971
Fax: (310) 391-8971
Web: www.StatModel.com
Support: Support@StatModel.com

Copyright (c) 1998-2019 Muthen & Muthen
