Mplus VERSION 8.5 (Linux)
MUTHEN & MUTHEN
03/11/2021   6:03 PM

INPUT INSTRUCTIONS


  TITLE:
      One-level 616

  DATA:
      file = "~/implist.dat";

      type = imputation;

  VARIABLE:
      names =
          FKI CNTRYID CNTSCHID W_STU
          MATH READ FLIT                      ! PISA achievement variables
          MALE IMMI1GEN IMMI2GEN ESCS         ! Demographic info
          FCFMLRTY FLCONFIN                   ! Affect
          FLSCHOOL                            !   Lat var "Academic"
          NOBULLY                             !   Lat var "Safety"
          FLFAMILY                            !   Lat var "Community"
          W_SCH STRATIO                       ! School character
          EDUSHORT                            !   Lat var "inst. env."
          ;

      useobs = CNTRYID eq 616;          ! Pull out one country at a time

      usevar =
          FLIT                                ! PISA achievement variables
          FLSCHOOL                            !   Lat var "Academic"
          NOBULLY                             !   Lat var "Safety"
          FLFAMILY                            !   Lat var "Community"
          FCFMLRTY FLCONFIN                   ! Affect
          MALE IMMI1GEN IMMI2GEN ESCS         ! Demographic info
          ;

      weight = W_STU;                         ! Student weight


  ANALYSIS:
      processors = 8;

      estimator = MLR;


  MODEL:

      ! Indirect pathways (1st half): school climate vars onto mediators
          ! Onto mediator FAMILIARITY
      FCFMLRTY on FLSCHOOL FLFAMILY NOBULLY ESCS IMMI2GEN MALE;
          ! Onto mediator CONFIDENCE
      FLCONFIN on FLSCHOOL FLFAMILY NOBULLY ESCS IMMI2GEN MALE;

      ! Total effect
      FLIT on
          ! Indirect pathways (2nd half): affective vars onto financial literacy
          FCFMLRTY FLCONFIN
          ! Direct pathways: school climate vars onto financial literacy
          FLSCHOOL FLFAMILY NOBULLY
          ! Dmographic vars
          ESCS IMMI1GEN
          ;

      ! Covariances
          ! Between school climate vars
      FLSCHOOL with FLFAMILY;
      FLFAMILY with NOBULLY;
      FLSCHOOL with NOBULLY;
          ! Between mediators
      FCFMLRTY with FLCONFIN;

          ! SES with school climate vars
      ESCS with FLSCHOOL FLFAMILY;
          ! SES with demographic vars
      ESCS with IMMI1GEN IMMI2GEN;

  MODEL INDIRECT:
  ! Indirect effects
      FLIT ind FLSCHOOL;
      FLIT ind FLFAMILY;
      FLIT ind NOBULLY;

      FLIT ind ESCS;
      FLIT ind IMMI2GEN;
      FLIT ind MALE;


  OUTPUT:
      stdyx                                   ! Fully standardised solution
      ;



INPUT READING TERMINATED NORMALLY




One-level 616

SUMMARY OF ANALYSIS

Number of groups                                                 1
Average number of observations                                4294

Number of replications
    Requested                                                   10
    Completed                                                   10

Number of dependent variables                                    3
Number of independent variables                                  7
Number of continuous latent variables                            0

Observed dependent variables

  Continuous
   FLIT        FCFMLRTY    FLCONFIN

Observed independent variables
   FLSCHOOL    NOBULLY     FLFAMILY    MALE        IMMI1GEN    IMMI2GEN
   ESCS

Variables with special functions

  Weight variable       W_STU

Estimator                                                      MLR
Information matrix                                        OBSERVED
Maximum number of iterations                                  1000
Convergence criterion                                    0.500D-04
Maximum number of steepest descent iterations                   20

Input data file(s)
  Multiple data files from
    ~/implist.dat

Input data format  FREE


SAMPLE STATISTICS

NOTE:  These are average results over 10 data sets.


     SAMPLE STATISTICS


           Means
              FLIT          FCFMLRTY      FLCONFIN      FLSCHOOL      NOBULLY
              ________      ________      ________      ________      ________
              519.745         7.140         0.016        -0.061        -0.041


           Means
              FLFAMILY      IMMI1GEN      IMMI2GEN      ESCS          MALE
              ________      ________      ________      ________      ________
               -0.044         0.005         0.003        -0.173         0.492


           Covariances
              FLIT          FCFMLRTY      FLCONFIN      FLSCHOOL      NOBULLY
              ________      ________      ________      ________      ________
 FLIT        7953.672
 FCFMLRTY     119.073        30.050
 FLCONFIN      15.989         1.326         1.002
 FLSCHOOL      -9.505         1.057         0.114         0.931
 NOBULLY        8.964         0.116         0.016        -0.028         1.056
 FLFAMILY      -4.252         0.641         0.139         0.193        -0.027
 IMMI1GEN      -0.254         0.014         0.002         0.001         0.000
 IMMI2GEN      -0.070         0.002         0.000         0.000        -0.001
 ESCS          23.019         0.656         0.075        -0.017         0.017
 MALE           1.717         0.276         0.098         0.042        -0.059


           Covariances
              FLFAMILY      IMMI1GEN      IMMI2GEN      ESCS          MALE
              ________      ________      ________      ________      ________
 FLFAMILY       0.926
 IMMI1GEN       0.002         0.005
 IMMI2GEN       0.000         0.000         0.003
 ESCS           0.025         0.003        -0.001         0.732
 MALE          -0.012         0.002         0.000        -0.004         0.250


           Correlations
              FLIT          FCFMLRTY      FLCONFIN      FLSCHOOL      NOBULLY
              ________      ________      ________      ________      ________
 FLIT           1.000
 FCFMLRTY       0.244         1.000
 FLCONFIN       0.179         0.242         1.000
 FLSCHOOL      -0.110         0.200         0.118         1.000
 NOBULLY        0.098         0.021         0.015        -0.028         1.000
 FLFAMILY      -0.050         0.122         0.144         0.208        -0.027
 IMMI1GEN      -0.040         0.036         0.034         0.012        -0.002
 IMMI2GEN      -0.014         0.005        -0.006        -0.008        -0.022
 ESCS           0.302         0.140         0.088        -0.020         0.019
 MALE           0.039         0.101         0.196         0.086        -0.114


           Correlations
              FLFAMILY      IMMI1GEN      IMMI2GEN      ESCS          MALE
              ________      ________      ________      ________      ________
 FLFAMILY       1.000
 IMMI1GEN       0.022         1.000
 IMMI2GEN       0.001         0.005         1.000
 ESCS           0.030         0.054        -0.012         1.000
 MALE          -0.025         0.047         0.008        -0.009         1.000


MODEL FIT INFORMATION

Number of Free Parameters                       53

Loglikelihood

    H0 Value

        Mean                            -55912.054
        Std Dev                             90.654
        Number of successful computations       10

             Proportions                   Percentiles
        Expected    Observed         Expected       Observed
           0.990       1.000       -56122.943     -56034.886
           0.980       1.000       -56098.231     -56034.886
           0.950       1.000       -56061.171     -56034.886
           0.900       0.900       -56028.237     -56034.886
           0.800       0.800       -55988.349     -56034.886
           0.700       0.600       -55959.593     -55967.964
           0.500       0.500       -55912.054     -55929.548
           0.300       0.200       -55864.515     -55880.425
           0.200       0.200       -55835.760     -55870.674
           0.100       0.100       -55795.872     -55830.455
           0.050       0.100       -55762.937     -55830.455
           0.020       0.100       -55725.878     -55830.455
           0.010       0.000       -55701.166     -55830.455

    H1 Value

        Mean                            -55856.354
        Std Dev                             92.293
        Number of successful computations       10

             Proportions                   Percentiles
        Expected    Observed         Expected       Observed
           0.990       1.000       -56071.055     -55978.565
           0.980       1.000       -56045.896     -55978.565
           0.950       1.000       -56008.166     -55978.565
           0.900       0.900       -55974.636     -55978.565
           0.800       0.800       -55934.028     -55978.565
           0.700       0.600       -55904.752     -55918.548
           0.500       0.400       -55856.354     -55875.754
           0.300       0.200       -55807.955     -55828.128
           0.200       0.200       -55778.680     -55819.073
           0.100       0.100       -55738.071     -55766.665
           0.050       0.100       -55704.541     -55766.665
           0.020       0.100       -55666.812     -55766.665
           0.010       0.000       -55641.653     -55766.665

Information Criteria

    Akaike (AIC)

        Mean                            111930.109
        Std Dev                            181.308
        Number of successful computations       10

             Proportions                   Percentiles
        Expected    Observed         Expected       Observed
           0.990       1.000       111508.332     111528.499
           0.980       0.900       111557.756     111528.499
           0.950       0.900       111631.875     111528.499
           0.900       0.900       111697.744     111528.499
           0.800       0.800       111777.520     111528.499
           0.700       0.800       111835.031     111847.347
           0.500       0.500       111930.109     111929.087
           0.300       0.400       112025.187     112040.451
           0.200       0.200       112082.698     112041.928
           0.100       0.100       112162.473     112139.147
           0.050       0.000       112228.342     112139.147
           0.020       0.000       112302.461     112139.147
           0.010       0.000       112351.886     112139.147

    Bayesian (BIC)

        Mean                            112267.452
        Std Dev                            181.308
        Number of successful computations       10

             Proportions                   Percentiles
        Expected    Observed         Expected       Observed
           0.990       1.000       111845.675     111865.843
           0.980       0.900       111895.100     111865.843
           0.950       0.900       111969.219     111865.843
           0.900       0.900       112035.088     111865.843
           0.800       0.800       112114.863     111865.843
           0.700       0.800       112172.374     112184.691
           0.500       0.500       112267.452     112266.430
           0.300       0.400       112362.530     112377.794
           0.200       0.200       112420.041     112379.272
           0.100       0.100       112499.817     112476.490
           0.050       0.000       112565.686     112476.490
           0.020       0.000       112639.805     112476.490
           0.010       0.000       112689.229     112476.490

    Sample-Size Adjusted BIC (n* = (n + 2) / 24)

        Mean                            112099.040
        Std Dev                            181.308
        Number of successful computations       10

             Proportions                   Percentiles
        Expected    Observed         Expected       Observed
           0.990       1.000       111677.263     111697.431
           0.980       0.900       111726.688     111697.431
           0.950       0.900       111800.806     111697.431
           0.900       0.900       111866.676     111697.431
           0.800       0.800       111946.451     111697.431
           0.700       0.800       112003.962     112016.279
           0.500       0.500       112099.040     112098.018
           0.300       0.400       112194.118     112209.382
           0.200       0.200       112251.629     112210.860
           0.100       0.100       112331.405     112308.078
           0.050       0.000       112397.274     112308.078
           0.020       0.000       112471.393     112308.078
           0.010       0.000       112520.817     112308.078

Chi-Square Test of Model Fit

        Degrees of freedom                      10

        Mean                                87.650
        Std Dev                             11.376
        Number of successful computations       10

             Proportions                   Percentiles
        Expected    Observed         Expected       Observed
           0.990       1.000            2.558         59.393
           0.980       1.000            3.059         59.393
           0.950       1.000            3.940         59.393
           0.900       1.000            4.865         59.393
           0.800       1.000            6.179         59.393
           0.700       1.000            7.267         82.873
           0.500       1.000            9.342         89.920
           0.300       1.000           11.781         95.232
           0.200       1.000           13.442         95.501
           0.100       1.000           15.987         96.644
           0.050       1.000           18.307         96.644
           0.020       1.000           21.161         96.644
           0.010       1.000           23.209         96.644

RMSEA (Root Mean Square Error Of Approximation)

        Mean                                 0.042
        Std Dev                              0.003
        Number of successful computations       10

        Cumulative Distribution Function
           Value    Function Value
           0.990       1.000
           0.980       1.000
           0.950       1.000
           0.900       1.000
           0.800       1.000
           0.700       1.000
           0.500       1.000
           0.300       1.000
           0.200       1.000
           0.100       1.000
           0.050       1.000
           0.020       0.000
           0.010       0.000

CFI/TLI

    CFI

        Mean                                 0.941
        Std Dev                              0.007
        Number of successful computations       10

        Cumulative Distribution Function
           Value    Function Value
           0.990       1.000
           0.980       1.000
           0.950       0.900
           0.900       0.000
           0.800       0.000
           0.700       0.000
           0.500       0.000
           0.300       0.000
           0.200       0.000
           0.100       0.000
           0.050       0.000
           0.020       0.000
           0.010       0.000

    TLI

        Mean                                 0.858
        Std Dev                              0.016
        Number of successful computations       10

        Cumulative Distribution Function
           Value    Function Value
           0.990       1.000
           0.980       1.000
           0.950       1.000
           0.900       1.000
           0.800       0.000
           0.700       0.000
           0.500       0.000
           0.300       0.000
           0.200       0.000
           0.100       0.000
           0.050       0.000
           0.020       0.000
           0.010       0.000

SRMR (Standardized Root Mean Square Residual)

        Mean                                 0.020
        Std Dev                              0.001
        Number of successful computations       10

        Cumulative Distribution Function
           Value    Function Value
           0.990       1.000
           0.980       1.000
           0.950       1.000
           0.900       1.000
           0.800       1.000
           0.700       1.000
           0.500       1.000
           0.300       1.000
           0.200       1.000
           0.100       1.000
           0.050       1.000
           0.020       0.300
           0.010       0.000


MODEL RESULTS

                                                    Two-Tailed   Rate of
                    Estimate       S.E.  Est./S.E.    P-Value    Missing

 FCFMLRTY ON
    FLSCHOOL           1.014      0.099     10.217      0.000      0.093
    FLFAMILY           0.476      0.102      4.679      0.000      0.115
    NOBULLY            0.192      0.099      1.937      0.053      0.242
    ESCS               0.905      0.101      8.950      0.000      0.048
    IMMI2GEN           0.812      1.473      0.551      0.582      0.160
    MALE               1.016      0.172      5.917      0.000      0.022

 FLCONFIN ON
    FLSCHOOL           0.079      0.020      4.012      0.000      0.109
    FLFAMILY           0.137      0.020      7.014      0.000      0.121
    NOBULLY            0.041      0.017      2.454      0.014      0.071
    ESCS               0.101      0.020      4.916      0.000      0.117
    IMMI2GEN          -0.090      0.345     -0.261      0.794      0.239
    MALE               0.397      0.033     12.117      0.000      0.083

 FLIT     ON
    FCFMLRTY           3.467      0.293     11.817      0.000      0.279
    FLCONFIN          11.826      1.698      6.965      0.000      0.322
    FLSCHOOL         -13.517      1.698     -7.962      0.000      0.238
    FLFAMILY          -6.342      1.777     -3.569      0.000      0.342
    NOBULLY            6.962      1.697      4.103      0.000      0.400
    ESCS              27.230      2.198     12.387      0.000      0.414
    IMMI1GEN         -78.494     21.877     -3.588      0.000      0.195

 FLSCHOOL WITH
    FLFAMILY           0.193      0.018     10.682      0.000      0.113
    NOBULLY           -0.028      0.018     -1.566      0.117      0.155
    ESCS              -0.017      0.015     -1.123      0.261      0.083

 FLFAMILY WITH
    NOBULLY           -0.027      0.019     -1.453      0.146      0.111
    ESCS               0.025      0.015      1.684      0.092      0.027

 FCFMLRTY WITH
    FLCONFIN           0.974      0.089     10.942      0.000      0.046

 ESCS     WITH
    IMMI1GEN           0.003      0.002      1.961      0.050      0.043
    IMMI2GEN          -0.001      0.001     -0.633      0.527      0.368
    NOBULLY            0.017      0.016      1.065      0.287      0.064

 IMMI1GEN WITH
    FLSCHOOL           0.001      0.002      0.464      0.642      0.070
    NOBULLY            0.000      0.002     -0.108      0.914      0.208
    FLFAMILY           0.002      0.001      1.027      0.305      0.050

 IMMI2GEN WITH
    FLSCHOOL           0.000      0.001     -0.578      0.563      0.162
    NOBULLY           -0.001      0.001     -1.065      0.287      0.148
    FLFAMILY           0.000      0.001      0.039      0.969      0.547
    IMMI1GEN           0.000      0.000      0.243      0.808      0.445

 Means
    FLSCHOOL          -0.061      0.016     -3.864      0.000      0.052
    NOBULLY           -0.041      0.017     -2.429      0.015      0.065
    FLFAMILY          -0.044      0.016     -2.746      0.006      0.039
    IMMI1GEN           0.005      0.002      3.408      0.001      0.037
    IMMI2GEN           0.003      0.001      3.589      0.000      0.135
    ESCS              -0.173      0.014    -12.251      0.000      0.010

 Intercepts
    FLIT             499.107      2.643    188.860      0.000      0.278
    FCFMLRTY           6.885      0.109     62.938      0.000      0.029
    FLCONFIN          -0.149      0.022     -6.728      0.000      0.138

 Variances
    FLSCHOOL           0.931      0.022     43.267      0.000      0.088
    NOBULLY            1.056      0.027     39.774      0.000      0.039
    FLFAMILY           0.926      0.024     39.391      0.000      0.017
    IMMI1GEN           0.005      0.001      3.540      0.000      0.002
    IMMI2GEN           0.003      0.001      3.989      0.000      0.018
    ESCS               0.732      0.014     50.649      0.000      0.056

 Residual Variances
    FLIT            6482.528    233.961     27.708      0.000      0.586
    FCFMLRTY          27.771      0.492     56.394      0.000      0.066
    FLCONFIN           0.927      0.025     37.359      0.000      0.040


STANDARDIZED MODEL RESULTS


STDYX Standardization

                                                    Two-Tailed   Rate of
                    Estimate       S.E.  Est./S.E.    P-Value    Missing

 FCFMLRTY ON
    FLSCHOOL           0.179      0.018     10.184      0.000      0.091
    FLFAMILY           0.084      0.018      4.664      0.000      0.112
    NOBULLY            0.036      0.019      1.938      0.053      0.244
    ESCS               0.141      0.016      8.879      0.000      0.050
    IMMI2GEN           0.008      0.015      0.549      0.583      0.161
    MALE               0.093      0.016      5.947      0.000      0.023

 FLCONFIN ON
    FLSCHOOL           0.076      0.019      3.992      0.000      0.114
    FLFAMILY           0.132      0.019      7.045      0.000      0.115
    NOBULLY            0.042      0.017      2.461      0.014      0.071
    ESCS               0.086      0.017      4.940      0.000      0.121
    IMMI2GEN          -0.005      0.019     -0.261      0.794      0.240
    MALE               0.198      0.016     12.333      0.000      0.083

 FLIT     ON
    FCFMLRTY           0.213      0.017     12.486      0.000      0.270
    FLCONFIN           0.133      0.019      7.055      0.000      0.329
    FLSCHOOL          -0.146      0.018     -8.022      0.000      0.247
    FLFAMILY          -0.068      0.019     -3.573      0.000      0.350
    NOBULLY            0.080      0.020      4.076      0.000      0.408
    ESCS               0.261      0.021     12.428      0.000      0.468
    IMMI1GEN          -0.063      0.019     -3.252      0.001      0.160

 FLSCHOOL WITH
    FLFAMILY           0.208      0.018     11.282      0.000      0.125
    NOBULLY           -0.028      0.018     -1.571      0.116      0.154
    ESCS              -0.020      0.018     -1.120      0.263      0.082

 FLFAMILY WITH
    NOBULLY           -0.027      0.019     -1.457      0.145      0.111
    ESCS               0.030      0.018      1.689      0.091      0.027

 FCFMLRTY WITH
    FLCONFIN           0.192      0.017     11.315      0.000      0.046

 ESCS     WITH
    IMMI1GEN           0.054      0.022      2.413      0.016      0.068
    IMMI2GEN          -0.012      0.019     -0.646      0.518      0.377
    NOBULLY            0.019      0.018      1.064      0.288      0.064

 IMMI1GEN WITH
    FLSCHOOL           0.012      0.025      0.471      0.638      0.072
    NOBULLY           -0.002      0.022     -0.109      0.913      0.212
    FLFAMILY           0.022      0.020      1.091      0.275      0.054

 IMMI2GEN WITH
    FLSCHOOL          -0.008      0.013     -0.584      0.559      0.163
    NOBULLY           -0.022      0.020     -1.097      0.273      0.155
    FLFAMILY           0.001      0.017      0.035      0.972      0.548
    IMMI1GEN           0.005      0.022      0.243      0.808      0.439

 Means
    FLSCHOOL          -0.063      0.017     -3.835      0.000      0.049
    NOBULLY           -0.040      0.016     -2.471      0.013      0.066
    FLFAMILY          -0.046      0.017     -2.734      0.006      0.039
    IMMI1GEN           0.072      0.012      6.182      0.000      0.118
    IMMI2GEN           0.059      0.011      5.549      0.000      0.290
    ESCS              -0.203      0.017    -11.771      0.000      0.006

 Intercepts
    FLIT               5.589      0.097     57.888      0.000      0.338
    FCFMLRTY           1.257      0.022     56.839      0.000      0.036
    FLCONFIN          -0.149      0.022     -6.751      0.000      0.138

 Variances
    FLSCHOOL           1.000      0.000  *********      0.000      0.000
    NOBULLY            1.000      0.000  *********      0.000      0.000
    FLFAMILY           1.000      0.000  *********      0.000      0.000
    IMMI1GEN           1.000      0.000  *********      0.000      0.000
    IMMI2GEN           1.000      0.000  *********      0.000      0.000
    ESCS               1.000      0.000  *********      0.000      0.000

 Residual Variances
    FLIT               0.813      0.017     47.744      0.000      0.488
    FCFMLRTY           0.926      0.009    102.561      0.000      0.087
    FLCONFIN           0.924      0.009    102.632      0.000      0.065


R-SQUARE

    Observed                                        Two-Tailed   Rate of
    Variable        Estimate       S.E.  Est./S.E.    P-Value    Missing

    FLIT               0.187      0.017     11.016      0.000      0.488
    FCFMLRTY           0.074      0.009      8.253      0.000      0.087
    FLCONFIN           0.076      0.009      8.457      0.000      0.065


QUALITY OF NUMERICAL RESULTS

     Average Condition Number for the Information Matrix      0.197E-08
       (ratio of smallest to largest eigenvalue)


TOTAL, TOTAL INDIRECT, SPECIFIC INDIRECT, AND DIRECT EFFECTS


                                                    Two-Tailed   Rate of
                    Estimate       S.E.  Est./S.E.    P-Value    Missing

Effects from FLSCHOOL to FLIT

  Total               -9.066      1.770     -5.122      0.000      0.244
  Total indirect       4.451      0.562      7.926      0.000      0.176

  Specific indirect 1
    FLIT
    FCFMLRTY
    FLSCHOOL           3.516      0.454      7.741      0.000      0.158

  Specific indirect 2
    FLIT
    FLCONFIN
    FLSCHOOL           0.935      0.267      3.502      0.000      0.113

  Direct
    FLIT
    FLSCHOOL         -13.517      1.698     -7.962      0.000      0.238


Effects from FLFAMILY to FLIT

  Total               -3.071      1.799     -1.707      0.088      0.291
  Total indirect       3.271      0.543      6.021      0.000      0.250

  Specific indirect 1
    FLIT
    FCFMLRTY
    FLFAMILY           1.649      0.383      4.308      0.000      0.139

  Specific indirect 2
    FLIT
    FLCONFIN
    FLFAMILY           1.622      0.343      4.734      0.000      0.317

  Direct
    FLIT
    FLFAMILY          -6.342      1.777     -3.569      0.000      0.342


Effects from NOBULLY to FLIT

  Total                8.112      1.770      4.584      0.000      0.384
  Total indirect       1.149      0.441      2.607      0.009      0.215

  Specific indirect 1
    FLIT
    FCFMLRTY
    NOBULLY            0.667      0.355      1.879      0.060      0.268

  Specific indirect 2
    FLIT
    FLCONFIN
    NOBULLY            0.483      0.204      2.363      0.018      0.075

  Direct
    FLIT
    NOBULLY            6.962      1.697      4.103      0.000      0.400


Effects from ESCS to FLIT

  Total               31.558      2.323     13.584      0.000      0.410
  Total indirect       4.329      0.579      7.479      0.000      0.153

  Specific indirect 1
    FLIT
    FCFMLRTY
    ESCS               3.138      0.458      6.844      0.000      0.200

  Specific indirect 2
    FLIT
    FLCONFIN
    ESCS               1.191      0.313      3.810      0.000      0.188

  Direct
    FLIT
    ESCS              27.230      2.198     12.387      0.000      0.414


Effects from IMMI2GEN to FLIT

  Total                1.736      7.930      0.219      0.827      0.202
  Total indirect       1.736      7.930      0.219      0.827      0.202

  Specific indirect 1
    FLIT
    FCFMLRTY
    IMMI2GEN           2.783      5.082      0.548      0.584      0.149

  Specific indirect 2
    FLIT
    FLCONFIN
    IMMI2GEN          -1.047      4.058     -0.258      0.796      0.223


Effects from MALE to FLIT

  Total                8.224      1.014      8.107      0.000      0.183
  Total indirect       8.224      1.014      8.107      0.000      0.183

  Specific indirect 1
    FLIT
    FCFMLRTY
    MALE               3.523      0.663      5.311      0.000      0.068

  Specific indirect 2
    FLIT
    FLCONFIN
    MALE               4.700      0.756      6.220      0.000      0.283



STANDARDIZED TOTAL, TOTAL INDIRECT, SPECIFIC INDIRECT, AND DIRECT EFFECTS


STDYX Standardization

                                                    Two-Tailed   Rate of
                    Estimate       S.E.  Est./S.E.    P-Value    Missing

Effects from FLSCHOOL to FLIT

  Total               -0.098      0.019     -5.147      0.000      0.247
  Total indirect       0.048      0.006      7.916      0.000      0.189

  Specific indirect 1
    FLIT
    FCFMLRTY
    FLSCHOOL           0.038      0.005      7.756      0.000      0.166

  Specific indirect 2
    FLIT
    FLCONFIN
    FLSCHOOL           0.010      0.003      3.492      0.000      0.119

  Direct
    FLIT
    FLSCHOOL          -0.146      0.018     -8.022      0.000      0.247


Effects from FLFAMILY to FLIT

  Total               -0.033      0.019     -1.710      0.087      0.295
  Total indirect       0.035      0.006      6.042      0.000      0.242

  Specific indirect 1
    FLIT
    FCFMLRTY
    FLFAMILY           0.018      0.004      4.297      0.000      0.137

  Specific indirect 2
    FLIT
    FLCONFIN
    FLFAMILY           0.017      0.004      4.769      0.000      0.312

  Direct
    FLIT
    FLFAMILY          -0.068      0.019     -3.573      0.000      0.350


Effects from NOBULLY to FLIT

  Total                0.093      0.020      4.555      0.000      0.394
  Total indirect       0.013      0.005      2.609      0.009      0.220

  Specific indirect 1
    FLIT
    FCFMLRTY
    NOBULLY            0.008      0.004      1.879      0.060      0.272

  Specific indirect 2
    FLIT
    FLCONFIN
    NOBULLY            0.006      0.002      2.365      0.018      0.078

  Direct
    FLIT
    NOBULLY            0.080      0.020      4.076      0.000      0.408


Effects from ESCS to FLIT

  Total                0.302      0.022     13.799      0.000      0.470
  Total indirect       0.041      0.005      7.691      0.000      0.144

  Specific indirect 1
    FLIT
    FCFMLRTY
    ESCS               0.030      0.004      6.970      0.000      0.194

  Specific indirect 2
    FLIT
    FLCONFIN
    ESCS               0.011      0.003      3.852      0.000      0.186

  Direct
    FLIT
    ESCS               0.261      0.021     12.428      0.000      0.468


Effects from IMMI2GEN to FLIT

  Total                0.001      0.005      0.222      0.825      0.203
  Total indirect       0.001      0.005      0.222      0.825      0.203

  Specific indirect 1
    FLIT
    FCFMLRTY
    IMMI2GEN           0.002      0.003      0.546      0.585      0.151

  Specific indirect 2
    FLIT
    FLCONFIN
    IMMI2GEN          -0.001      0.003     -0.256      0.798      0.225


Effects from MALE to FLIT

  Total                0.046      0.006      8.257      0.000      0.183
  Total indirect       0.046      0.006      8.257      0.000      0.183

  Specific indirect 1
    FLIT
    FCFMLRTY
    MALE               0.020      0.004      5.352      0.000      0.060

  Specific indirect 2
    FLIT
    FLCONFIN
    MALE               0.026      0.004      6.287      0.000      0.292




TECHNICAL 1 OUTPUT


     PARAMETER SPECIFICATION


           NU
              FLIT          FCFMLRTY      FLCONFIN      FLSCHOOL      NOBULLY
              ________      ________      ________      ________      ________
                  0             0             0             0             0


           NU
              FLFAMILY      IMMI1GEN      IMMI2GEN      ESCS          MALE
              ________      ________      ________      ________      ________
                  0             0             0             0             0


           LAMBDA
              FLIT          FCFMLRTY      FLCONFIN      FLSCHOOL      NOBULLY
              ________      ________      ________      ________      ________
 FLIT               0             0             0             0             0
 FCFMLRTY           0             0             0             0             0
 FLCONFIN           0             0             0             0             0
 FLSCHOOL           0             0             0             0             0
 NOBULLY            0             0             0             0             0
 FLFAMILY           0             0             0             0             0
 IMMI1GEN           0             0             0             0             0
 IMMI2GEN           0             0             0             0             0
 ESCS               0             0             0             0             0
 MALE               0             0             0             0             0


           LAMBDA
              FLFAMILY      IMMI1GEN      IMMI2GEN      ESCS          MALE
              ________      ________      ________      ________      ________
 FLIT               0             0             0             0             0
 FCFMLRTY           0             0             0             0             0
 FLCONFIN           0             0             0             0             0
 FLSCHOOL           0             0             0             0             0
 NOBULLY            0             0             0             0             0
 FLFAMILY           0             0             0             0             0
 IMMI1GEN           0             0             0             0             0
 IMMI2GEN           0             0             0             0             0
 ESCS               0             0             0             0             0
 MALE               0             0             0             0             0


           THETA
              FLIT          FCFMLRTY      FLCONFIN      FLSCHOOL      NOBULLY
              ________      ________      ________      ________      ________
 FLIT               0
 FCFMLRTY           0             0
 FLCONFIN           0             0             0
 FLSCHOOL           0             0             0             0
 NOBULLY            0             0             0             0             0
 FLFAMILY           0             0             0             0             0
 IMMI1GEN           0             0             0             0             0
 IMMI2GEN           0             0             0             0             0
 ESCS               0             0             0             0             0
 MALE               0             0             0             0             0


           THETA
              FLFAMILY      IMMI1GEN      IMMI2GEN      ESCS          MALE
              ________      ________      ________      ________      ________
 FLFAMILY           0
 IMMI1GEN           0             0
 IMMI2GEN           0             0             0
 ESCS               0             0             0             0
 MALE               0             0             0             0             0


           ALPHA
              FLIT          FCFMLRTY      FLCONFIN      FLSCHOOL      NOBULLY
              ________      ________      ________      ________      ________
                  1             2             3             4             5


           ALPHA
              FLFAMILY      IMMI1GEN      IMMI2GEN      ESCS          MALE
              ________      ________      ________      ________      ________
                  6             7             8             9             0


           BETA
              FLIT          FCFMLRTY      FLCONFIN      FLSCHOOL      NOBULLY
              ________      ________      ________      ________      ________
 FLIT               0            10            11            12            13
 FCFMLRTY           0             0             0            17            18
 FLCONFIN           0             0             0            23            24
 FLSCHOOL           0             0             0             0             0
 NOBULLY            0             0             0             0             0
 FLFAMILY           0             0             0             0             0
 IMMI1GEN           0             0             0             0             0
 IMMI2GEN           0             0             0             0             0
 ESCS               0             0             0             0             0
 MALE               0             0             0             0             0


           BETA
              FLFAMILY      IMMI1GEN      IMMI2GEN      ESCS          MALE
              ________      ________      ________      ________      ________
 FLIT              14            15             0            16             0
 FCFMLRTY          19             0            20            21            22
 FLCONFIN          25             0            26            27            28
 FLSCHOOL           0             0             0             0             0
 NOBULLY            0             0             0             0             0
 FLFAMILY           0             0             0             0             0
 IMMI1GEN           0             0             0             0             0
 IMMI2GEN           0             0             0             0             0
 ESCS               0             0             0             0             0
 MALE               0             0             0             0             0


           PSI
              FLIT          FCFMLRTY      FLCONFIN      FLSCHOOL      NOBULLY
              ________      ________      ________      ________      ________
 FLIT              29
 FCFMLRTY           0            30
 FLCONFIN           0            31            32
 FLSCHOOL           0             0             0            33
 NOBULLY            0             0             0            34            35
 FLFAMILY           0             0             0            36            37
 IMMI1GEN           0             0             0            39            40
 IMMI2GEN           0             0             0            43            44
 ESCS               0             0             0            48            49
 MALE               0             0             0             0             0


           PSI
              FLFAMILY      IMMI1GEN      IMMI2GEN      ESCS          MALE
              ________      ________      ________      ________      ________
 FLFAMILY          38
 IMMI1GEN          41            42
 IMMI2GEN          45            46            47
 ESCS              50            51            52            53
 MALE               0             0             0             0             0


     STARTING VALUES


           NU
              FLIT          FCFMLRTY      FLCONFIN      FLSCHOOL      NOBULLY
              ________      ________      ________      ________      ________
                0.000         0.000         0.000         0.000         0.000


           NU
              FLFAMILY      IMMI1GEN      IMMI2GEN      ESCS          MALE
              ________      ________      ________      ________      ________
                0.000         0.000         0.000         0.000         0.000


           LAMBDA
              FLIT          FCFMLRTY      FLCONFIN      FLSCHOOL      NOBULLY
              ________      ________      ________      ________      ________
 FLIT           1.000         0.000         0.000         0.000         0.000
 FCFMLRTY       0.000         1.000         0.000         0.000         0.000
 FLCONFIN       0.000         0.000         1.000         0.000         0.000
 FLSCHOOL       0.000         0.000         0.000         1.000         0.000
 NOBULLY        0.000         0.000         0.000         0.000         1.000
 FLFAMILY       0.000         0.000         0.000         0.000         0.000
 IMMI1GEN       0.000         0.000         0.000         0.000         0.000
 IMMI2GEN       0.000         0.000         0.000         0.000         0.000
 ESCS           0.000         0.000         0.000         0.000         0.000
 MALE           0.000         0.000         0.000         0.000         0.000


           LAMBDA
              FLFAMILY      IMMI1GEN      IMMI2GEN      ESCS          MALE
              ________      ________      ________      ________      ________
 FLIT           0.000         0.000         0.000         0.000         0.000
 FCFMLRTY       0.000         0.000         0.000         0.000         0.000
 FLCONFIN       0.000         0.000         0.000         0.000         0.000
 FLSCHOOL       0.000         0.000         0.000         0.000         0.000
 NOBULLY        0.000         0.000         0.000         0.000         0.000
 FLFAMILY       1.000         0.000         0.000         0.000         0.000
 IMMI1GEN       0.000         1.000         0.000         0.000         0.000
 IMMI2GEN       0.000         0.000         1.000         0.000         0.000
 ESCS           0.000         0.000         0.000         1.000         0.000
 MALE           0.000         0.000         0.000         0.000         1.000


           THETA
              FLIT          FCFMLRTY      FLCONFIN      FLSCHOOL      NOBULLY
              ________      ________      ________      ________      ________
 FLIT           0.000
 FCFMLRTY       0.000         0.000
 FLCONFIN       0.000         0.000         0.000
 FLSCHOOL       0.000         0.000         0.000         0.000
 NOBULLY        0.000         0.000         0.000         0.000         0.000
 FLFAMILY       0.000         0.000         0.000         0.000         0.000
 IMMI1GEN       0.000         0.000         0.000         0.000         0.000
 IMMI2GEN       0.000         0.000         0.000         0.000         0.000
 ESCS           0.000         0.000         0.000         0.000         0.000
 MALE           0.000         0.000         0.000         0.000         0.000


           THETA
              FLFAMILY      IMMI1GEN      IMMI2GEN      ESCS          MALE
              ________      ________      ________      ________      ________
 FLFAMILY       0.000
 IMMI1GEN       0.000         0.000
 IMMI2GEN       0.000         0.000         0.000
 ESCS           0.000         0.000         0.000         0.000
 MALE           0.000         0.000         0.000         0.000         0.000


           ALPHA
              FLIT          FCFMLRTY      FLCONFIN      FLSCHOOL      NOBULLY
              ________      ________      ________      ________      ________
              520.921         7.137         0.015        -0.061        -0.045


           ALPHA
              FLFAMILY      IMMI1GEN      IMMI2GEN      ESCS          MALE
              ________      ________      ________      ________      ________
               -0.041         0.006         0.003        -0.174         0.492


           BETA
              FLIT          FCFMLRTY      FLCONFIN      FLSCHOOL      NOBULLY
              ________      ________      ________      ________      ________
 FLIT           0.000         0.000         0.000         0.000         0.000
 FCFMLRTY       0.000         0.000         0.000         0.000         0.000
 FLCONFIN       0.000         0.000         0.000         0.000         0.000
 FLSCHOOL       0.000         0.000         0.000         0.000         0.000
 NOBULLY        0.000         0.000         0.000         0.000         0.000
 FLFAMILY       0.000         0.000         0.000         0.000         0.000
 IMMI1GEN       0.000         0.000         0.000         0.000         0.000
 IMMI2GEN       0.000         0.000         0.000         0.000         0.000
 ESCS           0.000         0.000         0.000         0.000         0.000
 MALE           0.000         0.000         0.000         0.000         0.000


           BETA
              FLFAMILY      IMMI1GEN      IMMI2GEN      ESCS          MALE
              ________      ________      ________      ________      ________
 FLIT           0.000         0.000         0.000         0.000         0.000
 FCFMLRTY       0.000         0.000         0.000         0.000         0.000
 FLCONFIN       0.000         0.000         0.000         0.000         0.000
 FLSCHOOL       0.000         0.000         0.000         0.000         0.000
 NOBULLY        0.000         0.000         0.000         0.000         0.000
 FLFAMILY       0.000         0.000         0.000         0.000         0.000
 IMMI1GEN       0.000         0.000         0.000         0.000         0.000
 IMMI2GEN       0.000         0.000         0.000         0.000         0.000
 ESCS           0.000         0.000         0.000         0.000         0.000
 MALE           0.000         0.000         0.000         0.000         0.000


           PSI
              FLIT          FCFMLRTY      FLCONFIN      FLSCHOOL      NOBULLY
              ________      ________      ________      ________      ________
 FLIT        4034.409
 FCFMLRTY       0.000        15.031
 FLCONFIN       0.000         0.000         0.504
 FLSCHOOL       0.000         0.000         0.000         0.465
 NOBULLY        0.000         0.000         0.000         0.000         0.529
 FLFAMILY       0.000         0.000         0.000         0.000         0.000
 IMMI1GEN       0.000         0.000         0.000         0.000         0.000
 IMMI2GEN       0.000         0.000         0.000         0.000         0.000
 ESCS           0.000         0.000         0.000         0.000         0.000
 MALE           0.000         0.000         0.000         0.000         0.000


           PSI
              FLFAMILY      IMMI1GEN      IMMI2GEN      ESCS          MALE
              ________      ________      ________      ________      ________
 FLFAMILY       0.463
 IMMI1GEN       0.000         0.003
 IMMI2GEN       0.000         0.000         0.002
 ESCS           0.000         0.000         0.000         0.368
 MALE           0.000         0.000         0.000         0.000         0.250


     Beginning Time:  18:03:51
        Ending Time:  18:04:17
       Elapsed Time:  00:00:26



MUTHEN & MUTHEN
3463 Stoner Ave.
Los Angeles, CA  90066

Tel: (310) 391-9971
Fax: (310) 391-8971
Web: www.StatModel.com
Support: Support@StatModel.com

Copyright (c) 1998-2020 Muthen & Muthen
