Mplus VERSION 8.5 (Linux)
MUTHEN & MUTHEN
03/11/2021   6:03 PM

INPUT INSTRUCTIONS


  TITLE:
      One-level 380

  DATA:
      file = "~/implist.dat";

      type = imputation;

  VARIABLE:
      names =
          FKI CNTRYID CNTSCHID W_STU
          MATH READ FLIT                      ! PISA achievement variables
          MALE IMMI1GEN IMMI2GEN ESCS         ! Demographic info
          FCFMLRTY FLCONFIN                   ! Affect
          FLSCHOOL                            !   Lat var "Academic"
          NOBULLY                             !   Lat var "Safety"
          FLFAMILY                            !   Lat var "Community"
          W_SCH STRATIO                       ! School character
          EDUSHORT                            !   Lat var "inst. env."
          ;

      useobs = CNTRYID eq 380;          ! Pull out one country at a time

      usevar =
          FLIT                                ! PISA achievement variables
          FLSCHOOL                            !   Lat var "Academic"
          NOBULLY                             !   Lat var "Safety"
          FLFAMILY                            !   Lat var "Community"
          FCFMLRTY FLCONFIN                   ! Affect
          MALE IMMI1GEN IMMI2GEN ESCS         ! Demographic info
          ;

      weight = W_STU;                         ! Student weight


  ANALYSIS:
      processors = 8;

      estimator = MLR;


  MODEL:

      ! Indirect pathways (1st half): school climate vars onto mediators
          ! Onto mediator FAMILIARITY
      FCFMLRTY on FLSCHOOL FLFAMILY NOBULLY ESCS IMMI2GEN MALE;
          ! Onto mediator CONFIDENCE
      FLCONFIN on FLSCHOOL FLFAMILY NOBULLY ESCS IMMI2GEN MALE;

      ! Total effect
      FLIT on
          ! Indirect pathways (2nd half): affective vars onto financial literacy
          FCFMLRTY FLCONFIN
          ! Direct pathways: school climate vars onto financial literacy
          FLSCHOOL FLFAMILY NOBULLY
          ! Dmographic vars
          ESCS IMMI1GEN
          ;

      ! Covariances
          ! Between school climate vars
      FLSCHOOL with FLFAMILY;
      FLFAMILY with NOBULLY;
      FLSCHOOL with NOBULLY;
          ! Between mediators
      FCFMLRTY with FLCONFIN;

          ! SES with school climate vars
      ESCS with FLSCHOOL FLFAMILY;
          ! SES with demographic vars
      ESCS with IMMI1GEN IMMI2GEN;

  MODEL INDIRECT:
  ! Indirect effects
      FLIT ind FLSCHOOL;
      FLIT ind FLFAMILY;
      FLIT ind NOBULLY;

      FLIT ind ESCS;
      FLIT ind IMMI2GEN;
      FLIT ind MALE;


  OUTPUT:
      stdyx                                   ! Fully standardised solution
      ;



INPUT READING TERMINATED NORMALLY




One-level 380

SUMMARY OF ANALYSIS

Number of groups                                                 1
Average number of observations                                9182

Number of replications
    Requested                                                   10
    Completed                                                   10

Number of dependent variables                                    3
Number of independent variables                                  7
Number of continuous latent variables                            0

Observed dependent variables

  Continuous
   FLIT        FCFMLRTY    FLCONFIN

Observed independent variables
   FLSCHOOL    NOBULLY     FLFAMILY    MALE        IMMI1GEN    IMMI2GEN
   ESCS

Variables with special functions

  Weight variable       W_STU

Estimator                                                      MLR
Information matrix                                        OBSERVED
Maximum number of iterations                                  1000
Convergence criterion                                    0.500D-04
Maximum number of steepest descent iterations                   20

Input data file(s)
  Multiple data files from
    ~/implist.dat

Input data format  FREE


SAMPLE STATISTICS

NOTE:  These are average results over 10 data sets.


     SAMPLE STATISTICS


           Means
              FLIT          FCFMLRTY      FLCONFIN      FLSCHOOL      NOBULLY
              ________      ________      ________      ________      ________
              476.488         6.455        -0.335        -0.232         0.038


           Means
              FLFAMILY      IMMI1GEN      IMMI2GEN      ESCS          MALE
              ________      ________      ________      ________      ________
                0.059         0.040         0.057        -0.216         0.510


           Covariances
              FLIT          FCFMLRTY      FLCONFIN      FLSCHOOL      NOBULLY
              ________      ________      ________      ________      ________
 FLIT        8468.481
 FCFMLRTY      69.459        25.612
 FLCONFIN       3.273         1.090         1.016
 FLSCHOOL     -16.394         1.164         0.172         0.959
 NOBULLY       10.429         0.163        -0.030        -0.088         1.088
 FLFAMILY       5.547         0.879         0.178         0.172        -0.022
 IMMI1GEN      -2.052        -0.015         0.004         0.006        -0.002
 IMMI2GEN      -0.756        -0.016         0.011         0.011        -0.006
 ESCS          23.118         0.256        -0.007        -0.109         0.036
 MALE           3.683         0.167         0.082         0.031        -0.044


           Covariances
              FLFAMILY      IMMI1GEN      IMMI2GEN      ESCS          MALE
              ________      ________      ________      ________      ________
 FLFAMILY       1.068
 IMMI1GEN      -0.005         0.038
 IMMI2GEN       0.000        -0.002         0.054
 ESCS           0.038        -0.024        -0.026         0.830
 MALE           0.007        -0.001         0.000         0.013         0.250


           Correlations
              FLIT          FCFMLRTY      FLCONFIN      FLSCHOOL      NOBULLY
              ________      ________      ________      ________      ________
 FLIT           1.000
 FCFMLRTY       0.149         1.000
 FLCONFIN       0.035         0.214         1.000
 FLSCHOOL      -0.182         0.235         0.174         1.000
 NOBULLY        0.109         0.031        -0.029        -0.086         1.000
 FLFAMILY       0.058         0.168         0.171         0.169        -0.021
 IMMI1GEN      -0.114        -0.015         0.019         0.031        -0.008
 IMMI2GEN      -0.035        -0.014         0.045         0.047        -0.026
 ESCS           0.276         0.056        -0.008        -0.122         0.038
 MALE           0.080         0.066         0.163         0.064        -0.085


           Correlations
              FLFAMILY      IMMI1GEN      IMMI2GEN      ESCS          MALE
              ________      ________      ________      ________      ________
 FLFAMILY       1.000
 IMMI1GEN      -0.023         1.000
 IMMI2GEN       0.000        -0.049         1.000
 ESCS           0.041        -0.137        -0.123         1.000
 MALE           0.013        -0.009        -0.002         0.028         1.000


MODEL FIT INFORMATION

Number of Free Parameters                       53

Loglikelihood

    H0 Value

        Mean                           -142917.597
        Std Dev                            104.455
        Number of successful computations       10

             Proportions                   Percentiles
        Expected    Observed         Expected       Observed
           0.990       1.000      -143160.590    -143062.512
           0.980       1.000      -143132.116    -143062.512
           0.950       1.000      -143089.415    -143062.512
           0.900       0.900      -143051.466    -143062.512
           0.800       0.700      -143005.506    -143062.512
           0.700       0.600      -142972.373    -143010.413
           0.500       0.500      -142917.597    -142930.534
           0.300       0.300      -142862.821    -142869.125
           0.200       0.200      -142829.688    -142841.833
           0.100       0.100      -142783.728    -142787.322
           0.050       0.100      -142745.779    -142787.322
           0.020       0.000      -142703.078    -142787.322
           0.010       0.000      -142674.604    -142787.322

    H1 Value

        Mean                           -142825.503
        Std Dev                            103.845
        Number of successful computations       10

             Proportions                   Percentiles
        Expected    Observed         Expected       Observed
           0.990       1.000      -143067.077    -142961.136
           0.980       1.000      -143038.769    -142961.136
           0.950       1.000      -142996.317    -142961.136
           0.900       0.900      -142958.591    -142961.136
           0.800       0.700      -142912.899    -142961.136
           0.700       0.600      -142879.959    -142920.327
           0.500       0.500      -142825.503    -142843.021
           0.300       0.300      -142771.047    -142778.185
           0.200       0.200      -142738.108    -142755.746
           0.100       0.100      -142692.416    -142697.048
           0.050       0.100      -142654.689    -142697.048
           0.020       0.000      -142612.237    -142697.048
           0.010       0.000      -142583.929    -142697.048

Information Criteria

    Akaike (AIC)

        Mean                            285941.194
        Std Dev                            208.909
        Number of successful computations       10

             Proportions                   Percentiles
        Expected    Observed         Expected       Observed
           0.990       1.000       285455.208     285569.957
           0.980       1.000       285512.157     285569.957
           0.950       0.900       285597.559     285569.957
           0.900       0.900       285673.456     285569.957
           0.800       0.800       285765.376     285569.957
           0.700       0.700       285831.642     285789.666
           0.500       0.500       285941.194     285940.057
           0.300       0.400       286050.746     286071.997
           0.200       0.300       286117.012     286126.825
           0.100       0.100       286208.932     286190.452
           0.050       0.000       286284.829     286190.452
           0.020       0.000       286370.231     286190.452
           0.010       0.000       286427.180     286190.452

    Bayesian (BIC)

        Mean                            286318.819
        Std Dev                            208.909
        Number of successful computations       10

             Proportions                   Percentiles
        Expected    Observed         Expected       Observed
           0.990       1.000       285832.833     285947.582
           0.980       1.000       285889.782     285947.582
           0.950       0.900       285975.184     285947.582
           0.900       0.900       286051.081     285947.582
           0.800       0.800       286143.001     285947.582
           0.700       0.700       286209.267     286167.291
           0.500       0.500       286318.819     286317.682
           0.300       0.400       286428.371     286449.622
           0.200       0.300       286494.637     286504.450
           0.100       0.100       286586.557     286568.077
           0.050       0.000       286662.454     286568.077
           0.020       0.000       286747.856     286568.077
           0.010       0.000       286804.805     286568.077

    Sample-Size Adjusted BIC (n* = (n + 2) / 24)

        Mean                            286150.394
        Std Dev                            208.909
        Number of successful computations       10

             Proportions                   Percentiles
        Expected    Observed         Expected       Observed
           0.990       1.000       285664.408     285779.157
           0.980       1.000       285721.356     285779.157
           0.950       0.900       285806.758     285779.157
           0.900       0.900       285882.655     285779.157
           0.800       0.800       285974.575     285779.157
           0.700       0.700       286040.841     285998.865
           0.500       0.500       286150.394     286149.257
           0.300       0.400       286259.946     286281.196
           0.200       0.300       286326.212     286336.025
           0.100       0.100       286418.132     286399.652
           0.050       0.000       286494.029     286399.652
           0.020       0.000       286579.431     286399.652
           0.010       0.000       286636.380     286399.652

Chi-Square Test of Model Fit

        Degrees of freedom                      10

        Mean                                78.382
        Std Dev                              5.901
        Number of successful computations       10

             Proportions                   Percentiles
        Expected    Observed         Expected       Observed
           0.990       1.000            2.558         70.688
           0.980       1.000            3.059         70.688
           0.950       1.000            3.940         70.688
           0.900       1.000            4.865         70.688
           0.800       1.000            6.179         70.688
           0.700       1.000            7.267         74.222
           0.500       1.000            9.342         76.852
           0.300       1.000           11.781         78.517
           0.200       1.000           13.442         79.953
           0.100       1.000           15.987         85.239
           0.050       1.000           18.307         85.239
           0.020       1.000           21.161         85.239
           0.010       1.000           23.209         85.239

RMSEA (Root Mean Square Error Of Approximation)

        Mean                                 0.027
        Std Dev                              0.001
        Number of successful computations       10

        Cumulative Distribution Function
           Value    Function Value
           0.990       1.000
           0.980       1.000
           0.950       1.000
           0.900       1.000
           0.800       1.000
           0.700       1.000
           0.500       1.000
           0.300       1.000
           0.200       1.000
           0.100       1.000
           0.050       1.000
           0.020       0.000
           0.010       0.000

CFI/TLI

    CFI

        Mean                                 0.947
        Std Dev                              0.005
        Number of successful computations       10

        Cumulative Distribution Function
           Value    Function Value
           0.990       1.000
           0.980       1.000
           0.950       0.600
           0.900       0.000
           0.800       0.000
           0.700       0.000
           0.500       0.000
           0.300       0.000
           0.200       0.000
           0.100       0.000
           0.050       0.000
           0.020       0.000
           0.010       0.000

    TLI

        Mean                                 0.873
        Std Dev                              0.011
        Number of successful computations       10

        Cumulative Distribution Function
           Value    Function Value
           0.990       1.000
           0.980       1.000
           0.950       1.000
           0.900       1.000
           0.800       0.000
           0.700       0.000
           0.500       0.000
           0.300       0.000
           0.200       0.000
           0.100       0.000
           0.050       0.000
           0.020       0.000
           0.010       0.000

SRMR (Standardized Root Mean Square Residual)

        Mean                                 0.017
        Std Dev                              0.001
        Number of successful computations       10

        Cumulative Distribution Function
           Value    Function Value
           0.990       1.000
           0.980       1.000
           0.950       1.000
           0.900       1.000
           0.800       1.000
           0.700       1.000
           0.500       1.000
           0.300       1.000
           0.200       1.000
           0.100       1.000
           0.050       1.000
           0.020       1.000
           0.010       0.000


MODEL RESULTS

                                                    Two-Tailed   Rate of
                    Estimate       S.E.  Est./S.E.    P-Value    Missing

 FCFMLRTY ON
    FLSCHOOL           1.158      0.090     12.818      0.000      0.081
    FLFAMILY           0.625      0.086      7.294      0.000      0.065
    NOBULLY            0.263      0.084      3.143      0.002      0.135
    ESCS               0.403      0.092      4.369      0.000      0.128
    IMMI2GEN          -0.301      0.310     -0.971      0.332      0.046
    MALE               0.532      0.158      3.364      0.001      0.070

 FLCONFIN ON
    FLSCHOOL           0.142      0.019      7.609      0.000      0.163
    FLFAMILY           0.142      0.017      8.236      0.000      0.055
    NOBULLY            0.000      0.016     -0.006      0.995      0.104
    ESCS               0.004      0.019      0.207      0.836      0.151
    IMMI2GEN           0.172      0.071      2.405      0.016      0.152
    MALE               0.306      0.036      8.572      0.000      0.277

 FLIT     ON
    FCFMLRTY           2.987      0.340      8.784      0.000      0.256
    FLCONFIN           2.888      1.780      1.623      0.105      0.335
    FLSCHOOL         -18.555      1.946     -9.536      0.000      0.402
    FLFAMILY           4.416      1.575      2.803      0.005      0.230
    NOBULLY            7.009      1.723      4.068      0.000      0.392
    ESCS              23.007      1.996     11.527      0.000      0.398
    IMMI1GEN         -34.345      9.114     -3.768      0.000      0.312

 FLSCHOOL WITH
    FLFAMILY           0.172      0.019      9.041      0.000      0.108
    NOBULLY           -0.088      0.019     -4.751      0.000      0.155
    ESCS              -0.109      0.015     -7.202      0.000      0.129

 FLFAMILY WITH
    NOBULLY           -0.022      0.023     -0.986      0.324      0.425
    ESCS               0.038      0.016      2.344      0.019      0.129

 FCFMLRTY WITH
    FLCONFIN           0.751      0.088      8.497      0.000      0.199

 ESCS     WITH
    IMMI1GEN          -0.024      0.003     -6.990      0.000      0.018
    IMMI2GEN          -0.026      0.004     -6.851      0.000      0.044
    NOBULLY            0.036      0.017      2.102      0.036      0.225

 IMMI1GEN WITH
    FLSCHOOL           0.006      0.003      1.760      0.078      0.180
    NOBULLY           -0.002      0.004     -0.396      0.692      0.432
    FLFAMILY          -0.005      0.004     -1.195      0.232      0.089

 IMMI2GEN WITH
    FLSCHOOL           0.011      0.004      2.706      0.007      0.042
    NOBULLY           -0.006      0.004     -1.454      0.146      0.212
    FLFAMILY           0.000      0.004     -0.018      0.985      0.089
    IMMI1GEN          -0.002      0.000     -8.562      0.000      0.122

 Means
    FLSCHOOL          -0.232      0.016    -14.499      0.000      0.080
    NOBULLY            0.038      0.019      1.986      0.047      0.252
    FLFAMILY           0.059      0.017      3.452      0.001      0.104
    IMMI1GEN           0.040      0.003     12.407      0.000      0.041
    IMMI2GEN           0.057      0.004     15.038      0.000      0.011
    ESCS              -0.216      0.015    -14.860      0.000      0.033

 Intercepts
    FLIT             459.695      3.014    152.508      0.000      0.259
    FCFMLRTY           6.509      0.114     57.164      0.000      0.051
    FLCONFIN          -0.475      0.025    -18.665      0.000      0.203

 Variances
    FLSCHOOL           0.959      0.021     45.546      0.000      0.180
    NOBULLY            1.088      0.034     32.216      0.000      0.127
    FLFAMILY           1.068      0.025     42.320      0.000      0.087
    IMMI1GEN           0.038      0.003     13.414      0.000      0.002
    IMMI2GEN           0.054      0.003     16.258      0.000      0.004
    ESCS               0.830      0.018     45.075      0.000      0.028

 Residual Variances
    FLIT            7242.467    191.689     37.782      0.000      0.283
    FCFMLRTY          23.474      0.454     51.656      0.000      0.057
    FLCONFIN           0.939      0.024     39.067      0.000      0.186


STANDARDIZED MODEL RESULTS


STDYX Standardization

                                                    Two-Tailed   Rate of
                    Estimate       S.E.  Est./S.E.    P-Value    Missing

 FCFMLRTY ON
    FLSCHOOL           0.224      0.017     12.850      0.000      0.088
    FLFAMILY           0.128      0.017      7.307      0.000      0.064
    NOBULLY            0.054      0.017      3.137      0.002      0.131
    ESCS               0.073      0.017      4.355      0.000      0.127
    IMMI2GEN          -0.014      0.014     -0.970      0.332      0.046
    MALE               0.053      0.016      3.374      0.001      0.070

 FLCONFIN ON
    FLSCHOOL           0.138      0.018      7.651      0.000      0.163
    FLFAMILY           0.146      0.018      8.269      0.000      0.062
    NOBULLY            0.000      0.017     -0.005      0.996      0.104
    ESCS               0.003      0.017      0.207      0.836      0.150
    IMMI2GEN           0.040      0.016      2.403      0.016      0.153
    MALE               0.152      0.017      8.782      0.000      0.255

 FLIT     ON
    FCFMLRTY           0.164      0.018      9.000      0.000      0.264
    FLCONFIN           0.032      0.020      1.618      0.106      0.339
    FLSCHOOL          -0.197      0.020     -9.670      0.000      0.405
    FLFAMILY           0.050      0.018      2.812      0.005      0.225
    NOBULLY            0.079      0.019      4.078      0.000      0.393
    ESCS               0.228      0.019     11.756      0.000      0.391
    IMMI1GEN          -0.073      0.020     -3.711      0.000      0.299

 FLSCHOOL WITH
    FLFAMILY           0.169      0.018      9.232      0.000      0.124
    NOBULLY           -0.086      0.018     -4.821      0.000      0.153
    ESCS              -0.122      0.017     -7.206      0.000      0.139

 FLFAMILY WITH
    NOBULLY           -0.021      0.021     -0.989      0.323      0.427
    ESCS               0.041      0.017      2.349      0.019      0.128

 FCFMLRTY WITH
    FLCONFIN           0.160      0.018      8.765      0.000      0.195

 ESCS     WITH
    IMMI1GEN          -0.137      0.017     -8.089      0.000      0.025
    IMMI2GEN          -0.123      0.016     -7.496      0.000      0.058
    NOBULLY            0.038      0.018      2.113      0.035      0.222

 IMMI1GEN WITH
    FLSCHOOL           0.031      0.018      1.775      0.076      0.186
    NOBULLY           -0.008      0.021     -0.396      0.692      0.432
    FLFAMILY          -0.023      0.019     -1.201      0.230      0.090

 IMMI2GEN WITH
    FLSCHOOL           0.047      0.017      2.757      0.006      0.040
    NOBULLY           -0.026      0.018     -1.457      0.145      0.211
    FLFAMILY           0.000      0.016     -0.018      0.985      0.089
    IMMI1GEN          -0.049      0.004    -12.389      0.000      0.264

 Means
    FLSCHOOL          -0.236      0.017    -13.893      0.000      0.068
    NOBULLY            0.036      0.019      1.957      0.050      0.242
    FLFAMILY           0.057      0.017      3.460      0.001      0.103
    IMMI1GEN           0.203      0.009     21.850      0.000      0.130
    IMMI2GEN           0.245      0.009     27.012      0.000      0.039
    ESCS              -0.237      0.016    -14.923      0.000      0.032

 Intercepts
    FLIT               4.995      0.075     66.266      0.000      0.181
    FCFMLRTY           1.287      0.024     54.546      0.000      0.053
    FLCONFIN          -0.472      0.025    -19.093      0.000      0.157

 Variances
    FLSCHOOL           1.000      0.000  *********      0.000      0.000
    NOBULLY            1.000      0.000  *********      0.000      0.000
    FLFAMILY           1.000      0.000  *********      0.000      0.000
    IMMI1GEN           1.000      0.000  *********      0.000      0.000
    IMMI2GEN           1.000      0.000  *********      0.000      0.000
    ESCS               1.000      0.000  *********      0.000      0.000

 Residual Variances
    FLIT               0.855      0.013     65.794      0.000      0.338
    FCFMLRTY           0.918      0.009     98.930      0.000      0.106
    FLCONFIN           0.927      0.009    104.408      0.000      0.132


R-SQUARE

    Observed                                        Two-Tailed   Rate of
    Variable        Estimate       S.E.  Est./S.E.    P-Value    Missing

    FLIT               0.145      0.013     11.150      0.000      0.338
    FCFMLRTY           0.082      0.009      8.862      0.000      0.106
    FLCONFIN           0.073      0.009      8.168      0.000      0.132


QUALITY OF NUMERICAL RESULTS

     Average Condition Number for the Information Matrix      0.319E-06
       (ratio of smallest to largest eigenvalue)


TOTAL, TOTAL INDIRECT, SPECIFIC INDIRECT, AND DIRECT EFFECTS


                                                    Two-Tailed   Rate of
                    Estimate       S.E.  Est./S.E.    P-Value    Missing

Effects from FLSCHOOL to FLIT

  Total              -14.683      1.882     -7.803      0.000      0.399
  Total indirect       3.872      0.493      7.851      0.000      0.140

  Specific indirect 1
    FLIT
    FCFMLRTY
    FLSCHOOL           3.459      0.489      7.075      0.000      0.242

  Specific indirect 2
    FLIT
    FLCONFIN
    FLSCHOOL           0.413      0.267      1.549      0.121      0.352

  Direct
    FLIT
    FLSCHOOL         -18.555      1.946     -9.536      0.000      0.402


Effects from FLFAMILY to FLIT

  Total                6.690      1.583      4.227      0.000      0.235
  Total indirect       2.274      0.376      6.055      0.000      0.113

  Specific indirect 1
    FLIT
    FCFMLRTY
    FLFAMILY           1.866      0.329      5.675      0.000      0.122

  Specific indirect 2
    FLIT
    FLCONFIN
    FLFAMILY           0.409      0.256      1.595      0.111      0.306

  Direct
    FLIT
    FLFAMILY           4.416      1.575      2.803      0.005      0.230


Effects from NOBULLY to FLIT

  Total                7.792      1.691      4.608      0.000      0.376
  Total indirect       0.783      0.272      2.880      0.004      0.131

  Specific indirect 1
    FLIT
    FCFMLRTY
    NOBULLY            0.784      0.265      2.966      0.003      0.143

  Specific indirect 2
    FLIT
    FLCONFIN
    NOBULLY           -0.002      0.049     -0.032      0.974      0.090

  Direct
    FLIT
    NOBULLY            7.009      1.723      4.068      0.000      0.392


Effects from ESCS to FLIT

  Total               24.219      1.989     12.176      0.000      0.381
  Total indirect       1.213      0.326      3.723      0.000      0.181

  Specific indirect 1
    FLIT
    FCFMLRTY
    ESCS               1.204      0.310      3.885      0.000      0.166

  Specific indirect 2
    FLIT
    FLCONFIN
    ESCS               0.008      0.057      0.148      0.882      0.142

  Direct
    FLIT
    ESCS              23.007      1.996     11.528      0.000      0.398


Effects from IMMI2GEN to FLIT

  Total               -0.400      1.033     -0.387      0.698      0.071
  Total indirect      -0.400      1.033     -0.387      0.698      0.071

  Specific indirect 1
    FLIT
    FCFMLRTY
    IMMI2GEN          -0.901      0.932     -0.967      0.334      0.056

  Specific indirect 2
    FLIT
    FLCONFIN
    IMMI2GEN           0.501      0.381      1.314      0.189      0.287


Effects from MALE to FLIT

  Total                2.476      0.703      3.521      0.000      0.114
  Total indirect       2.476      0.703      3.521      0.000      0.114

  Specific indirect 1
    FLIT
    FCFMLRTY
    MALE               1.589      0.512      3.100      0.002      0.100

  Specific indirect 2
    FLIT
    FLCONFIN
    MALE               0.888      0.565      1.572      0.116      0.348



STANDARDIZED TOTAL, TOTAL INDIRECT, SPECIFIC INDIRECT, AND DIRECT EFFECTS


STDYX Standardization

                                                    Two-Tailed   Rate of
                    Estimate       S.E.  Est./S.E.    P-Value    Missing

Effects from FLSCHOOL to FLIT

  Total               -0.156      0.020     -7.898      0.000      0.398
  Total indirect       0.041      0.005      7.850      0.000      0.149

  Specific indirect 1
    FLIT
    FCFMLRTY
    FLSCHOOL           0.037      0.005      7.095      0.000      0.248

  Specific indirect 2
    FLIT
    FLCONFIN
    FLSCHOOL           0.004      0.003      1.548      0.122      0.353

  Direct
    FLIT
    FLSCHOOL          -0.197      0.020     -9.670      0.000      0.405


Effects from FLFAMILY to FLIT

  Total                0.075      0.018      4.250      0.000      0.227
  Total indirect       0.026      0.004      6.079      0.000      0.110

  Specific indirect 1
    FLIT
    FCFMLRTY
    FLFAMILY           0.021      0.004      5.704      0.000      0.119

  Specific indirect 2
    FLIT
    FLCONFIN
    FLFAMILY           0.005      0.003      1.596      0.110      0.305

  Direct
    FLIT
    FLFAMILY           0.050      0.018      2.812      0.005      0.225


Effects from NOBULLY to FLIT

  Total                0.088      0.019      4.625      0.000      0.376
  Total indirect       0.009      0.003      2.889      0.004      0.127

  Specific indirect 1
    FLIT
    FCFMLRTY
    NOBULLY            0.009      0.003      2.972      0.003      0.139

  Specific indirect 2
    FLIT
    FLCONFIN
    NOBULLY            0.000      0.001     -0.032      0.974      0.090

  Direct
    FLIT
    NOBULLY            0.079      0.019      4.078      0.000      0.393


Effects from ESCS to FLIT

  Total                0.240      0.019     12.426      0.000      0.375
  Total indirect       0.012      0.003      3.718      0.000      0.183

  Specific indirect 1
    FLIT
    FCFMLRTY
    ESCS               0.012      0.003      3.877      0.000      0.169

  Specific indirect 2
    FLIT
    FLCONFIN
    ESCS               0.000      0.001      0.147      0.883      0.142

  Direct
    FLIT
    ESCS               0.228      0.019     11.756      0.000      0.391


Effects from IMMI2GEN to FLIT

  Total               -0.001      0.003     -0.387      0.699      0.071
  Total indirect      -0.001      0.003     -0.387      0.699      0.071

  Specific indirect 1
    FLIT
    FCFMLRTY
    IMMI2GEN          -0.002      0.002     -0.966      0.334      0.056

  Specific indirect 2
    FLIT
    FLCONFIN
    IMMI2GEN           0.001      0.001      1.311      0.190      0.288


Effects from MALE to FLIT

  Total                0.013      0.004      3.522      0.000      0.116
  Total indirect       0.013      0.004      3.522      0.000      0.116

  Specific indirect 1
    FLIT
    FCFMLRTY
    MALE               0.009      0.003      3.110      0.002      0.098

  Specific indirect 2
    FLIT
    FLCONFIN
    MALE               0.005      0.003      1.571      0.116      0.349




TECHNICAL 1 OUTPUT


     PARAMETER SPECIFICATION


           NU
              FLIT          FCFMLRTY      FLCONFIN      FLSCHOOL      NOBULLY
              ________      ________      ________      ________      ________
                  0             0             0             0             0


           NU
              FLFAMILY      IMMI1GEN      IMMI2GEN      ESCS          MALE
              ________      ________      ________      ________      ________
                  0             0             0             0             0


           LAMBDA
              FLIT          FCFMLRTY      FLCONFIN      FLSCHOOL      NOBULLY
              ________      ________      ________      ________      ________
 FLIT               0             0             0             0             0
 FCFMLRTY           0             0             0             0             0
 FLCONFIN           0             0             0             0             0
 FLSCHOOL           0             0             0             0             0
 NOBULLY            0             0             0             0             0
 FLFAMILY           0             0             0             0             0
 IMMI1GEN           0             0             0             0             0
 IMMI2GEN           0             0             0             0             0
 ESCS               0             0             0             0             0
 MALE               0             0             0             0             0


           LAMBDA
              FLFAMILY      IMMI1GEN      IMMI2GEN      ESCS          MALE
              ________      ________      ________      ________      ________
 FLIT               0             0             0             0             0
 FCFMLRTY           0             0             0             0             0
 FLCONFIN           0             0             0             0             0
 FLSCHOOL           0             0             0             0             0
 NOBULLY            0             0             0             0             0
 FLFAMILY           0             0             0             0             0
 IMMI1GEN           0             0             0             0             0
 IMMI2GEN           0             0             0             0             0
 ESCS               0             0             0             0             0
 MALE               0             0             0             0             0


           THETA
              FLIT          FCFMLRTY      FLCONFIN      FLSCHOOL      NOBULLY
              ________      ________      ________      ________      ________
 FLIT               0
 FCFMLRTY           0             0
 FLCONFIN           0             0             0
 FLSCHOOL           0             0             0             0
 NOBULLY            0             0             0             0             0
 FLFAMILY           0             0             0             0             0
 IMMI1GEN           0             0             0             0             0
 IMMI2GEN           0             0             0             0             0
 ESCS               0             0             0             0             0
 MALE               0             0             0             0             0


           THETA
              FLFAMILY      IMMI1GEN      IMMI2GEN      ESCS          MALE
              ________      ________      ________      ________      ________
 FLFAMILY           0
 IMMI1GEN           0             0
 IMMI2GEN           0             0             0
 ESCS               0             0             0             0
 MALE               0             0             0             0             0


           ALPHA
              FLIT          FCFMLRTY      FLCONFIN      FLSCHOOL      NOBULLY
              ________      ________      ________      ________      ________
                  1             2             3             4             5


           ALPHA
              FLFAMILY      IMMI1GEN      IMMI2GEN      ESCS          MALE
              ________      ________      ________      ________      ________
                  6             7             8             9             0


           BETA
              FLIT          FCFMLRTY      FLCONFIN      FLSCHOOL      NOBULLY
              ________      ________      ________      ________      ________
 FLIT               0            10            11            12            13
 FCFMLRTY           0             0             0            17            18
 FLCONFIN           0             0             0            23            24
 FLSCHOOL           0             0             0             0             0
 NOBULLY            0             0             0             0             0
 FLFAMILY           0             0             0             0             0
 IMMI1GEN           0             0             0             0             0
 IMMI2GEN           0             0             0             0             0
 ESCS               0             0             0             0             0
 MALE               0             0             0             0             0


           BETA
              FLFAMILY      IMMI1GEN      IMMI2GEN      ESCS          MALE
              ________      ________      ________      ________      ________
 FLIT              14            15             0            16             0
 FCFMLRTY          19             0            20            21            22
 FLCONFIN          25             0            26            27            28
 FLSCHOOL           0             0             0             0             0
 NOBULLY            0             0             0             0             0
 FLFAMILY           0             0             0             0             0
 IMMI1GEN           0             0             0             0             0
 IMMI2GEN           0             0             0             0             0
 ESCS               0             0             0             0             0
 MALE               0             0             0             0             0


           PSI
              FLIT          FCFMLRTY      FLCONFIN      FLSCHOOL      NOBULLY
              ________      ________      ________      ________      ________
 FLIT              29
 FCFMLRTY           0            30
 FLCONFIN           0            31            32
 FLSCHOOL           0             0             0            33
 NOBULLY            0             0             0            34            35
 FLFAMILY           0             0             0            36            37
 IMMI1GEN           0             0             0            39            40
 IMMI2GEN           0             0             0            43            44
 ESCS               0             0             0            48            49
 MALE               0             0             0             0             0


           PSI
              FLFAMILY      IMMI1GEN      IMMI2GEN      ESCS          MALE
              ________      ________      ________      ________      ________
 FLFAMILY          38
 IMMI1GEN          41            42
 IMMI2GEN          45            46            47
 ESCS              50            51            52            53
 MALE               0             0             0             0             0


     STARTING VALUES


           NU
              FLIT          FCFMLRTY      FLCONFIN      FLSCHOOL      NOBULLY
              ________      ________      ________      ________      ________
                0.000         0.000         0.000         0.000         0.000


           NU
              FLFAMILY      IMMI1GEN      IMMI2GEN      ESCS          MALE
              ________      ________      ________      ________      ________
                0.000         0.000         0.000         0.000         0.000


           LAMBDA
              FLIT          FCFMLRTY      FLCONFIN      FLSCHOOL      NOBULLY
              ________      ________      ________      ________      ________
 FLIT           1.000         0.000         0.000         0.000         0.000
 FCFMLRTY       0.000         1.000         0.000         0.000         0.000
 FLCONFIN       0.000         0.000         1.000         0.000         0.000
 FLSCHOOL       0.000         0.000         0.000         1.000         0.000
 NOBULLY        0.000         0.000         0.000         0.000         1.000
 FLFAMILY       0.000         0.000         0.000         0.000         0.000
 IMMI1GEN       0.000         0.000         0.000         0.000         0.000
 IMMI2GEN       0.000         0.000         0.000         0.000         0.000
 ESCS           0.000         0.000         0.000         0.000         0.000
 MALE           0.000         0.000         0.000         0.000         0.000


           LAMBDA
              FLFAMILY      IMMI1GEN      IMMI2GEN      ESCS          MALE
              ________      ________      ________      ________      ________
 FLIT           0.000         0.000         0.000         0.000         0.000
 FCFMLRTY       0.000         0.000         0.000         0.000         0.000
 FLCONFIN       0.000         0.000         0.000         0.000         0.000
 FLSCHOOL       0.000         0.000         0.000         0.000         0.000
 NOBULLY        0.000         0.000         0.000         0.000         0.000
 FLFAMILY       1.000         0.000         0.000         0.000         0.000
 IMMI1GEN       0.000         1.000         0.000         0.000         0.000
 IMMI2GEN       0.000         0.000         1.000         0.000         0.000
 ESCS           0.000         0.000         0.000         1.000         0.000
 MALE           0.000         0.000         0.000         0.000         1.000


           THETA
              FLIT          FCFMLRTY      FLCONFIN      FLSCHOOL      NOBULLY
              ________      ________      ________      ________      ________
 FLIT           0.000
 FCFMLRTY       0.000         0.000
 FLCONFIN       0.000         0.000         0.000
 FLSCHOOL       0.000         0.000         0.000         0.000
 NOBULLY        0.000         0.000         0.000         0.000         0.000
 FLFAMILY       0.000         0.000         0.000         0.000         0.000
 IMMI1GEN       0.000         0.000         0.000         0.000         0.000
 IMMI2GEN       0.000         0.000         0.000         0.000         0.000
 ESCS           0.000         0.000         0.000         0.000         0.000
 MALE           0.000         0.000         0.000         0.000         0.000


           THETA
              FLFAMILY      IMMI1GEN      IMMI2GEN      ESCS          MALE
              ________      ________      ________      ________      ________
 FLFAMILY       0.000
 IMMI1GEN       0.000         0.000
 IMMI2GEN       0.000         0.000         0.000
 ESCS           0.000         0.000         0.000         0.000
 MALE           0.000         0.000         0.000         0.000         0.000


           ALPHA
              FLIT          FCFMLRTY      FLCONFIN      FLSCHOOL      NOBULLY
              ________      ________      ________      ________      ________
              476.918         6.460        -0.329        -0.231         0.034


           ALPHA
              FLFAMILY      IMMI1GEN      IMMI2GEN      ESCS          MALE
              ________      ________      ________      ________      ________
                0.062         0.040         0.057        -0.214         0.510


           BETA
              FLIT          FCFMLRTY      FLCONFIN      FLSCHOOL      NOBULLY
              ________      ________      ________      ________      ________
 FLIT           0.000         0.000         0.000         0.000         0.000
 FCFMLRTY       0.000         0.000         0.000         0.000         0.000
 FLCONFIN       0.000         0.000         0.000         0.000         0.000
 FLSCHOOL       0.000         0.000         0.000         0.000         0.000
 NOBULLY        0.000         0.000         0.000         0.000         0.000
 FLFAMILY       0.000         0.000         0.000         0.000         0.000
 IMMI1GEN       0.000         0.000         0.000         0.000         0.000
 IMMI2GEN       0.000         0.000         0.000         0.000         0.000
 ESCS           0.000         0.000         0.000         0.000         0.000
 MALE           0.000         0.000         0.000         0.000         0.000


           BETA
              FLFAMILY      IMMI1GEN      IMMI2GEN      ESCS          MALE
              ________      ________      ________      ________      ________
 FLIT           0.000         0.000         0.000         0.000         0.000
 FCFMLRTY       0.000         0.000         0.000         0.000         0.000
 FLCONFIN       0.000         0.000         0.000         0.000         0.000
 FLSCHOOL       0.000         0.000         0.000         0.000         0.000
 NOBULLY        0.000         0.000         0.000         0.000         0.000
 FLFAMILY       0.000         0.000         0.000         0.000         0.000
 IMMI1GEN       0.000         0.000         0.000         0.000         0.000
 IMMI2GEN       0.000         0.000         0.000         0.000         0.000
 ESCS           0.000         0.000         0.000         0.000         0.000
 MALE           0.000         0.000         0.000         0.000         0.000


           PSI
              FLIT          FCFMLRTY      FLCONFIN      FLSCHOOL      NOBULLY
              ________      ________      ________      ________      ________
 FLIT        4297.317
 FCFMLRTY       0.000        12.762
 FLCONFIN       0.000         0.000         0.513
 FLSCHOOL       0.000         0.000         0.000         0.476
 NOBULLY        0.000         0.000         0.000         0.000         0.550
 FLFAMILY       0.000         0.000         0.000         0.000         0.000
 IMMI1GEN       0.000         0.000         0.000         0.000         0.000
 IMMI2GEN       0.000         0.000         0.000         0.000         0.000
 ESCS           0.000         0.000         0.000         0.000         0.000
 MALE           0.000         0.000         0.000         0.000         0.000


           PSI
              FLFAMILY      IMMI1GEN      IMMI2GEN      ESCS          MALE
              ________      ________      ________      ________      ________
 FLFAMILY       0.532
 IMMI1GEN       0.000         0.019
 IMMI2GEN       0.000         0.000         0.027
 ESCS           0.000         0.000         0.000         0.415
 MALE           0.000         0.000         0.000         0.000         0.250


     Beginning Time:  18:03:51
        Ending Time:  18:04:20
       Elapsed Time:  00:00:29



MUTHEN & MUTHEN
3463 Stoner Ave.
Los Angeles, CA  90066

Tel: (310) 391-9971
Fax: (310) 391-8971
Web: www.StatModel.com
Support: Support@StatModel.com

Copyright (c) 1998-2020 Muthen & Muthen
