Mplus VERSION 8.3
MUTHEN & MUTHEN
02/26/2021  12:24 PM

INPUT INSTRUCTIONS


  TITLE:
      One-level 528

  DATA:
      file = "C:\Users\tctan\implist.dat";

      type = imputation;

  VARIABLE:
      names =
          FKI CNTRYID CNTSCHID W_STU
          MATH READ FLIT                      ! PISA achievement variables
          MALE IMMI1GEN IMMI2GEN ESCS         ! Demographic info
          FCFMLRTY FLCONFIN                   ! Affect
          FLSCHOOL                            !   Lat var "Academic"
          NOBULLY                             !   Lat var "Safety"
          FLFAMILY                            !   Lat var "Community"
          W_SCH STRATIO                       ! School character
          EDUSHORT                            !   Lat var "inst. env."
          ;

      useobs = CNTRYID eq 528;          ! Pull out one country at a time

      usevar =
          FLIT                                ! PISA achievement variables
          FLSCHOOL                            !   Lat var "Academic"
          NOBULLY                             !   Lat var "Safety"
          FLFAMILY                            !   Lat var "Community"
          FCFMLRTY FLCONFIN                   ! Affect
          MALE IMMI1GEN IMMI2GEN ESCS         ! Demographic info
          ;

      weight = W_STU;                         ! Student weight


  ANALYSIS:
      processors = 4;

      estimator = MLR;


  MODEL:

      ! Indirect pathways (1st half): school climate vars onto mediators
          ! Onto mediator FAMILIARITY
      FCFMLRTY on FLSCHOOL FLFAMILY NOBULLY ESCS IMMI2GEN MALE;
          ! Onto mediator CONFIDENCE
      FLCONFIN on FLSCHOOL FLFAMILY NOBULLY ESCS IMMI2GEN MALE;

      ! Total effect
      FLIT on
          ! Indirect pathways (2nd half): affective vars onto financial literacy
          FCFMLRTY FLCONFIN
          ! Direct pathways: school climate vars onto financial literacy
          FLSCHOOL FLFAMILY NOBULLY
          ! Dmographic vars
          ESCS IMMI1GEN
          ;

      ! Covariances
          ! Between school climate vars
      FLSCHOOL with FLFAMILY;
      FLFAMILY with NOBULLY;
      FLSCHOOL with NOBULLY;
          ! Between mediators
      FCFMLRTY with FLCONFIN;

          ! SES with school climate vars
      ESCS with FLSCHOOL FLFAMILY;
          ! SES with demographic vars
      ESCS with IMMI1GEN IMMI2GEN;

  MODEL INDIRECT:
  ! Indirect effects
      FLIT ind FLSCHOOL;
      FLIT ind FLFAMILY;
      FLIT ind NOBULLY;

      FLIT ind ESCS;
      FLIT ind IMMI2GEN;
      FLIT ind MALE;


  OUTPUT:
      stdyx                                   ! Fully standardised solution
      ;



INPUT READING TERMINATED NORMALLY




One-level 528

SUMMARY OF ANALYSIS

Number of groups                                                 1
Average number of observations                                3042

Number of replications
    Requested                                                   10
    Completed                                                   10

Number of dependent variables                                    3
Number of independent variables                                  7
Number of continuous latent variables                            0

Observed dependent variables

  Continuous
   FLIT        FCFMLRTY    FLCONFIN

Observed independent variables
   FLSCHOOL    NOBULLY     FLFAMILY    MALE        IMMI1GEN    IMMI2GEN
   ESCS

Variables with special functions

  Weight variable       W_STU

Estimator                                                      MLR
Information matrix                                        OBSERVED
Maximum number of iterations                                  1000
Convergence criterion                                    0.500D-04
Maximum number of steepest descent iterations                   20

Input data file(s)
  Multiple data files from
    C:\Users\tctan\implist.dat

Input data format  FREE


SAMPLE STATISTICS

NOTE:  These are average results over 10 data sets.


     SAMPLE STATISTICS


           Means
              FLIT          FCFMLRTY      FLCONFIN      FLSCHOOL      NOBULLY
              ________      ________      ________      ________      ________
              557.898        10.471         0.401         0.131         0.285


           Means
              FLFAMILY      IMMI1GEN      IMMI2GEN      ESCS          MALE
              ________      ________      ________      ________      ________
               -0.149         0.016         0.100         0.352         0.505


           Covariances
              FLIT          FCFMLRTY      FLCONFIN      FLSCHOOL      NOBULLY
              ________      ________      ________      ________      ________
 FLIT       11077.436
 FCFMLRTY     126.892        18.873
 FLCONFIN      11.690         1.115         0.732
 FLSCHOOL       3.210         1.364         0.122         0.927
 NOBULLY        1.818         0.279         0.022        -0.004         0.614
 FLFAMILY      -4.548         0.341         0.081         0.168        -0.006
 IMMI1GEN      -1.020        -0.027         0.001         0.000        -0.003
 IMMI2GEN      -5.387         0.001         0.001         0.010         0.008
 ESCS          26.205         0.548         0.089         0.022        -0.022
 MALE          -0.539         0.146         0.074         0.041        -0.045


           Covariances
              FLFAMILY      IMMI1GEN      IMMI2GEN      ESCS          MALE
              ________      ________      ________      ________      ________
 FLFAMILY       0.793
 IMMI1GEN      -0.001         0.016
 IMMI2GEN       0.019        -0.002         0.090
 ESCS           0.014        -0.012        -0.056         0.705
 MALE          -0.031         0.001        -0.001         0.006         0.250


           Correlations
              FLIT          FCFMLRTY      FLCONFIN      FLSCHOOL      NOBULLY
              ________      ________      ________      ________      ________
 FLIT           1.000
 FCFMLRTY       0.278         1.000
 FLCONFIN       0.130         0.300         1.000
 FLSCHOOL       0.032         0.326         0.148         1.000
 NOBULLY        0.022         0.082         0.032        -0.005         1.000
 FLFAMILY      -0.049         0.088         0.106         0.196        -0.009
 IMMI1GEN      -0.077        -0.050         0.011         0.002        -0.032
 IMMI2GEN      -0.171         0.001         0.004         0.036         0.035
 ESCS           0.297         0.150         0.123         0.027        -0.033
 MALE          -0.010         0.067         0.173         0.085        -0.116


           Correlations
              FLFAMILY      IMMI1GEN      IMMI2GEN      ESCS          MALE
              ________      ________      ________      ________      ________
 FLFAMILY       1.000
 IMMI1GEN      -0.006         1.000
 IMMI2GEN       0.073        -0.043         1.000
 ESCS           0.018        -0.110        -0.223         1.000
 MALE          -0.070         0.021        -0.006         0.015         1.000


MODEL FIT INFORMATION

Number of Free Parameters                       53

Loglikelihood

    H0 Value

        Mean                            -44415.969
        Std Dev                             65.901
        Number of successful computations       10

             Proportions                   Percentiles
        Expected    Observed         Expected       Observed
           0.990       1.000       -44569.274     -44523.893
           0.980       1.000       -44551.310     -44523.893
           0.950       1.000       -44524.369     -44523.893
           0.900       0.800       -44500.428     -44523.893
           0.800       0.700       -44471.431     -44523.893
           0.700       0.700       -44450.528     -44495.159
           0.500       0.600       -44415.969     -44388.749
           0.300       0.400       -44381.411     -44365.761
           0.200       0.300       -44360.507     -44354.898
           0.100       0.000       -44331.511     -44352.307
           0.050       0.000       -44307.569     -44352.307
           0.020       0.000       -44280.629     -44352.307
           0.010       0.000       -44262.665     -44352.307

    H1 Value

        Mean                            -44341.207
        Std Dev                             67.216
        Number of successful computations       10

             Proportions                   Percentiles
        Expected    Observed         Expected       Observed
           0.990       1.000       -44497.571     -44448.625
           0.980       1.000       -44479.248     -44448.625
           0.950       1.000       -44451.770     -44448.625
           0.900       0.800       -44427.351     -44448.625
           0.800       0.700       -44397.776     -44448.625
           0.700       0.700       -44376.455     -44423.126
           0.500       0.600       -44341.207     -44310.635
           0.300       0.400       -44305.959     -44292.109
           0.200       0.300       -44284.638     -44280.542
           0.100       0.000       -44255.063     -44273.805
           0.050       0.000       -44230.643     -44273.805
           0.020       0.000       -44203.165     -44273.805
           0.010       0.000       -44184.842     -44273.805

Information Criteria

    Akaike (AIC)

        Mean                             88937.939
        Std Dev                            131.801
        Number of successful computations       10

             Proportions                   Percentiles
        Expected    Observed         Expected       Observed
           0.990       1.000        88631.329      88801.684
           0.980       1.000        88667.258      88801.684
           0.950       1.000        88721.139      88801.684
           0.900       1.000        88769.022      88801.684
           0.800       0.700        88827.015      88801.684
           0.700       0.600        88868.822      88815.796
           0.500       0.400        88937.939      88879.969
           0.300       0.300        89007.056      88976.695
           0.200       0.300        89048.863      89096.319
           0.100       0.200        89106.856      89123.507
           0.050       0.000        89154.739      89123.507
           0.020       0.000        89208.619      89123.507
           0.010       0.000        89244.548      89123.507

    Bayesian (BIC)

        Mean                             89257.013
        Std Dev                            131.801
        Number of successful computations       10

             Proportions                   Percentiles
        Expected    Observed         Expected       Observed
           0.990       1.000        88950.404      89120.758
           0.980       1.000        88986.333      89120.758
           0.950       1.000        89040.213      89120.758
           0.900       1.000        89088.097      89120.758
           0.800       0.700        89146.089      89120.758
           0.700       0.600        89187.897      89134.870
           0.500       0.400        89257.013      89199.043
           0.300       0.300        89326.130      89295.769
           0.200       0.300        89367.937      89415.393
           0.100       0.200        89425.930      89442.581
           0.050       0.000        89473.813      89442.581
           0.020       0.000        89527.694      89442.581
           0.010       0.000        89563.623      89442.581

    Sample-Size Adjusted BIC (n* = (n + 2) / 24)

        Mean                             89088.611
        Std Dev                            131.801
        Number of successful computations       10

             Proportions                   Percentiles
        Expected    Observed         Expected       Observed
           0.990       1.000        88782.002      88952.356
           0.980       1.000        88817.931      88952.356
           0.950       1.000        88871.811      88952.356
           0.900       1.000        88919.695      88952.356
           0.800       0.700        88977.687      88952.356
           0.700       0.600        89019.495      88966.468
           0.500       0.400        89088.611      89030.641
           0.300       0.300        89157.728      89127.367
           0.200       0.300        89199.535      89246.991
           0.100       0.200        89257.528      89274.179
           0.050       0.000        89305.411      89274.179
           0.020       0.000        89359.292      89274.179
           0.010       0.000        89395.221      89274.179

Chi-Square Test of Model Fit

        Degrees of freedom                      10

        Mean                               130.402
        Std Dev                              6.362
        Number of successful computations       10

             Proportions                   Percentiles
        Expected    Observed         Expected       Observed
           0.990       1.000            2.558        116.267
           0.980       1.000            3.059        116.267
           0.950       1.000            3.940        116.267
           0.900       1.000            4.865        116.267
           0.800       1.000            6.179        116.267
           0.700       1.000            7.267        127.378
           0.500       1.000            9.342        129.507
           0.300       1.000           11.781        131.216
           0.200       1.000           13.442        135.785
           0.100       1.000           15.987        137.889
           0.050       1.000           18.307        137.889
           0.020       1.000           21.161        137.889
           0.010       1.000           23.209        137.889

RMSEA (Root Mean Square Error Of Approximation)

        Mean                                 0.063
        Std Dev                              0.002
        Number of successful computations       10

             Proportions                   Percentiles
        Expected    Observed         Expected       Observed
           0.990       1.000            0.059          0.059
           0.980       0.900            0.059          0.059
           0.950       0.900            0.060          0.059
           0.900       0.900            0.061          0.059
           0.800       0.900            0.061          0.059
           0.700       0.900            0.062          0.062
           0.500       0.400            0.063          0.063
           0.300       0.300            0.064          0.063
           0.200       0.300            0.064          0.064
           0.100       0.100            0.065          0.065
           0.050       0.000            0.066          0.065
           0.020       0.000            0.066          0.065
           0.010       0.000            0.067          0.065

CFI/TLI

    CFI

        Mean                                 0.893
        Std Dev                              0.007
        Number of successful computations       10

             Proportions                   Percentiles
        Expected    Observed         Expected       Observed
           0.990       1.000            0.877          0.880
           0.980       1.000            0.879          0.880
           0.950       0.900            0.882          0.880
           0.900       0.900            0.884          0.880
           0.800       0.800            0.887          0.880
           0.700       0.800            0.890          0.891
           0.500       0.500            0.893          0.892
           0.300       0.100            0.897          0.894
           0.200       0.100            0.899          0.895
           0.100       0.100            0.902          0.896
           0.050       0.100            0.904          0.896
           0.020       0.100            0.907          0.896
           0.010       0.000            0.909          0.896

    TLI

        Mean                                 0.743
        Std Dev                              0.016
        Number of successful computations       10

             Proportions                   Percentiles
        Expected    Observed         Expected       Observed
           0.990       1.000            0.706          0.712
           0.980       1.000            0.710          0.712
           0.950       0.900            0.717          0.712
           0.900       0.900            0.723          0.712
           0.800       0.800            0.730          0.712
           0.700       0.800            0.735          0.738
           0.500       0.500            0.743          0.742
           0.300       0.100            0.752          0.747
           0.200       0.100            0.757          0.747
           0.100       0.100            0.764          0.752
           0.050       0.100            0.770          0.752
           0.020       0.100            0.777          0.752
           0.010       0.000            0.781          0.752

SRMR (Standardized Root Mean Square Residual)

        Mean                                 0.026
        Std Dev                              0.001
        Number of successful computations       10

             Proportions                   Percentiles
        Expected    Observed         Expected       Observed
           0.990       1.000            0.025          0.025
           0.980       1.000            0.025          0.025
           0.950       0.900            0.025          0.025
           0.900       0.900            0.025          0.025
           0.800       0.900            0.025          0.025
           0.700       0.600            0.026          0.026
           0.500       0.400            0.026          0.026
           0.300       0.300            0.026          0.026
           0.200       0.300            0.026          0.027
           0.100       0.200            0.027          0.027
           0.050       0.000            0.027          0.027
           0.020       0.000            0.027          0.027
           0.010       0.000            0.027          0.027


MODEL RESULTS

                                                    Two-Tailed   Rate of
                    Estimate       S.E.  Est./S.E.    P-Value    Missing

 FCFMLRTY ON
    FLSCHOOL           1.409      0.086     16.415      0.000      0.050
    FLFAMILY           0.134      0.101      1.319      0.187      0.098
    NOBULLY            0.522      0.123      4.234      0.000      0.200
    ESCS               0.764      0.105      7.265      0.000      0.156
    IMMI2GEN           0.260      0.282      0.922      0.357      0.101
    MALE               0.445      0.156      2.850      0.004      0.022

 FLCONFIN ON
    FLSCHOOL           0.098      0.020      4.985      0.000      0.122
    FLFAMILY           0.090      0.022      4.093      0.000      0.145
    NOBULLY            0.063      0.024      2.656      0.008      0.079
    ESCS               0.125      0.022      5.764      0.000      0.156
    IMMI2GEN           0.057      0.064      0.894      0.371      0.074
    MALE               0.299      0.033      9.205      0.000      0.058

 FLIT     ON
    FCFMLRTY           5.986      0.571     10.484      0.000      0.181
    FLCONFIN           4.816      2.799      1.721      0.085      0.231
    FLSCHOOL          -5.218      2.257     -2.312      0.021      0.146
    FLFAMILY          -8.269      2.422     -3.415      0.001      0.141
    NOBULLY            0.930      2.736      0.340      0.734      0.184
    ESCS              31.781      2.546     12.484      0.000      0.198
    IMMI1GEN         -30.985     16.294     -1.902      0.057      0.254

 FLSCHOOL WITH
    FLFAMILY           0.168      0.018      9.156      0.000      0.104
    NOBULLY           -0.004      0.017     -0.240      0.810      0.230
    ESCS               0.022      0.016      1.340      0.180      0.115

 FLFAMILY WITH
    NOBULLY           -0.006      0.015     -0.408      0.683      0.047
    ESCS               0.014      0.017      0.822      0.411      0.211

 FCFMLRTY WITH
    FLCONFIN           0.820      0.079     10.428      0.000      0.189

 ESCS     WITH
    IMMI1GEN          -0.012      0.003     -3.772      0.000      0.051
    IMMI2GEN          -0.056      0.006     -8.644      0.000      0.004
    NOBULLY           -0.022      0.014     -1.526      0.127      0.200

 IMMI1GEN WITH
    FLSCHOOL           0.000      0.003      0.096      0.924      0.090
    NOBULLY           -0.003      0.002     -1.307      0.191      0.211
    FLFAMILY          -0.001      0.002     -0.257      0.797      0.177

 IMMI2GEN WITH
    FLSCHOOL           0.010      0.006      1.758      0.079      0.031
    NOBULLY            0.008      0.005      1.666      0.096      0.113
    FLFAMILY           0.019      0.006      2.991      0.003      0.091
    IMMI1GEN          -0.002      0.000     -6.292      0.000      0.046

 Means
    FLSCHOOL           0.131      0.019      7.053      0.000      0.031
    NOBULLY            0.285      0.016     18.060      0.000      0.137
    FLFAMILY          -0.149      0.017     -8.576      0.000      0.067
    IMMI1GEN           0.016      0.002      6.643      0.000      0.050
    IMMI2GEN           0.100      0.006     17.278      0.000      0.013
    ESCS               0.352      0.016     22.030      0.000      0.022

 Intercepts
    FLIT             481.787      6.304     76.422      0.000      0.264
    FCFMLRTY           9.638      0.134     71.679      0.000      0.163
    FLCONFIN           0.183      0.027      6.876      0.000      0.120

 Variances
    FLSCHOOL           0.927      0.024     39.284      0.000      0.041
    NOBULLY            0.614      0.027     22.569      0.000      0.189
    FLFAMILY           0.793      0.024     33.077      0.000      0.055
    IMMI1GEN           0.016      0.002      6.754      0.000      0.050
    IMMI2GEN           0.090      0.005     19.425      0.000      0.013
    ESCS               0.705      0.021     33.009      0.000      0.083

 Residual Variances
    FLIT            9370.138    280.110     33.452      0.000      0.240
    FCFMLRTY          16.272      0.518     31.438      0.000      0.109
    FLCONFIN           0.678      0.024     28.300      0.000      0.060


STANDARDIZED MODEL RESULTS


STDYX Standardization

                                                    Two-Tailed   Rate of
                    Estimate       S.E.  Est./S.E.    P-Value    Missing

 FCFMLRTY ON
    FLSCHOOL           0.313      0.019     16.679      0.000      0.064
    FLFAMILY           0.027      0.021      1.318      0.187      0.099
    NOBULLY            0.094      0.022      4.202      0.000      0.198
    ESCS               0.148      0.020      7.384      0.000      0.149
    IMMI2GEN           0.018      0.019      0.922      0.357      0.103
    MALE               0.051      0.018      2.834      0.005      0.022

 FLCONFIN ON
    FLSCHOOL           0.110      0.022      4.979      0.000      0.120
    FLFAMILY           0.094      0.023      4.117      0.000      0.143
    NOBULLY            0.057      0.021      2.670      0.008      0.074
    ESCS               0.122      0.021      5.883      0.000      0.143
    IMMI2GEN           0.020      0.022      0.896      0.370      0.075
    MALE               0.175      0.019      9.390      0.000      0.046

 FLIT     ON
    FCFMLRTY           0.247      0.023     10.798      0.000      0.168
    FLCONFIN           0.039      0.023      1.727      0.084      0.225
    FLSCHOOL          -0.048      0.021     -2.317      0.020      0.143
    FLFAMILY          -0.070      0.020     -3.430      0.001      0.133
    NOBULLY            0.007      0.020      0.339      0.735      0.181
    ESCS               0.254      0.020     12.536      0.000      0.252
    IMMI1GEN          -0.037      0.020     -1.901      0.057      0.254

 FLSCHOOL WITH
    FLFAMILY           0.196      0.020      9.774      0.000      0.108
    NOBULLY           -0.005      0.022     -0.239      0.811      0.230
    ESCS               0.027      0.020      1.342      0.180      0.115

 FLFAMILY WITH
    NOBULLY           -0.009      0.022     -0.408      0.684      0.047
    ESCS               0.018      0.022      0.822      0.411      0.213

 FCFMLRTY WITH
    FLCONFIN           0.247      0.021     11.564      0.000      0.181

 ESCS     WITH
    IMMI1GEN          -0.110      0.025     -4.376      0.000      0.047
    IMMI2GEN          -0.223      0.023     -9.778      0.000      0.008
    NOBULLY           -0.033      0.022     -1.521      0.128      0.200

 IMMI1GEN WITH
    FLSCHOOL           0.002      0.021      0.095      0.924      0.088
    NOBULLY           -0.032      0.024     -1.340      0.180      0.195
    FLFAMILY          -0.006      0.021     -0.259      0.795      0.178

 IMMI2GEN WITH
    FLSCHOOL           0.036      0.020      1.766      0.077      0.031
    NOBULLY            0.035      0.021      1.667      0.096      0.111
    FLFAMILY           0.073      0.024      3.048      0.002      0.090
    IMMI1GEN          -0.043      0.003    -12.244      0.000      0.045

 Means
    FLSCHOOL           0.136      0.019      7.032      0.000      0.035
    NOBULLY            0.364      0.026     14.085      0.000      0.127
    FLFAMILY          -0.167      0.020     -8.437      0.000      0.067
    IMMI1GEN           0.128      0.010     13.074      0.000      0.050
    IMMI2GEN           0.332      0.011     31.116      0.000      0.013
    ESCS               0.420      0.023     18.644      0.000      0.033

 Intercepts
    FLIT               4.580      0.098     46.753      0.000      0.244
    FCFMLRTY           2.220      0.053     41.746      0.000      0.166
    FLCONFIN           0.214      0.032      6.642      0.000      0.129

 Variances
    FLSCHOOL           1.000      0.000  *********      0.000      0.000
    NOBULLY            1.000      0.000  *********      0.000      0.000
    FLFAMILY           1.000      0.000  *********      0.000      0.000
    IMMI1GEN           1.000      0.000  *********      0.000      0.000
    IMMI2GEN           1.000      0.000  *********      0.000      0.000
    ESCS               1.000      0.000  *********      0.000      0.000

 Residual Variances
    FLIT               0.847      0.014     59.353      0.000      0.121
    FCFMLRTY           0.864      0.013     66.433      0.000      0.052
    FLCONFIN           0.926      0.011     86.304      0.000      0.103


R-SQUARE

    Observed                                        Two-Tailed   Rate of
    Variable        Estimate       S.E.  Est./S.E.    P-Value    Missing

    FLIT               0.153      0.014     10.761      0.000      0.121
    FCFMLRTY           0.136      0.013     10.494      0.000      0.052
    FLCONFIN           0.074      0.011      6.944      0.000      0.103


QUALITY OF NUMERICAL RESULTS

     Average Condition Number for the Information Matrix      0.316E-07
       (ratio of smallest to largest eigenvalue)


TOTAL, TOTAL INDIRECT, SPECIFIC INDIRECT, AND DIRECT EFFECTS


                                                    Two-Tailed   Rate of
                    Estimate       S.E.  Est./S.E.    P-Value    Missing

Effects from FLSCHOOL to FLIT

  Total                3.692      2.131      1.733      0.083      0.125
  Total indirect       8.910      0.982      9.071      0.000      0.198

  Specific indirect 1
    FLIT
    FCFMLRTY
    FLSCHOOL           8.438      0.947      8.908      0.000      0.173

  Specific indirect 2
    FLIT
    FLCONFIN
    FLSCHOOL           0.472      0.293      1.610      0.107      0.188

  Direct
    FLIT
    FLSCHOOL          -5.218      2.257     -2.312      0.021      0.146


Effects from FLFAMILY to FLIT

  Total               -7.035      2.425     -2.901      0.004      0.132
  Total indirect       1.234      0.711      1.735      0.083      0.134

  Specific indirect 1
    FLIT
    FCFMLRTY
    FLFAMILY           0.800      0.613      1.305      0.192      0.094

  Specific indirect 2
    FLIT
    FLCONFIN
    FLFAMILY           0.434      0.280      1.552      0.121      0.206

  Direct
    FLIT
    FLFAMILY          -8.269      2.422     -3.415      0.001      0.141


Effects from NOBULLY to FLIT

  Total                4.354      2.791      1.560      0.119      0.150
  Total indirect       3.424      0.815      4.201      0.000      0.137

  Specific indirect 1
    FLIT
    FCFMLRTY
    NOBULLY            3.123      0.782      3.995      0.000      0.170

  Specific indirect 2
    FLIT
    FLCONFIN
    NOBULLY            0.301      0.210      1.433      0.152      0.177

  Direct
    FLIT
    NOBULLY            0.930      2.736      0.340      0.734      0.184


Effects from ESCS to FLIT

  Total               36.955      2.470     14.960      0.000      0.133
  Total indirect       5.174      0.793      6.525      0.000      0.151

  Specific indirect 1
    FLIT
    FCFMLRTY
    ESCS               4.572      0.747      6.120      0.000      0.155

  Specific indirect 2
    FLIT
    FLCONFIN
    ESCS               0.602      0.361      1.665      0.096      0.216

  Direct
    FLIT
    ESCS              31.781      2.546     12.484      0.000      0.198


Effects from IMMI2GEN to FLIT

  Total                1.832      1.802      1.017      0.309      0.114
  Total indirect       1.832      1.802      1.017      0.309      0.114

  Specific indirect 1
    FLIT
    FCFMLRTY
    IMMI2GEN           1.561      1.689      0.925      0.355      0.112

  Specific indirect 2
    FLIT
    FLCONFIN
    IMMI2GEN           0.271      0.338      0.801      0.423      0.087


Effects from MALE to FLIT

  Total                4.100      1.247      3.288      0.001      0.068
  Total indirect       4.100      1.247      3.288      0.001      0.068

  Specific indirect 1
    FLIT
    FCFMLRTY
    MALE               2.660      0.948      2.805      0.005      0.020

  Specific indirect 2
    FLIT
    FLCONFIN
    MALE               1.440      0.838      1.718      0.086      0.216



STANDARDIZED TOTAL, TOTAL INDIRECT, SPECIFIC INDIRECT, AND DIRECT EFFECTS


STDYX Standardization

                                                    Two-Tailed   Rate of
                    Estimate       S.E.  Est./S.E.    P-Value    Missing

Effects from FLSCHOOL to FLIT

  Total                0.034      0.019      1.732      0.083      0.125
  Total indirect       0.082      0.009      9.289      0.000      0.180

  Specific indirect 1
    FLIT
    FCFMLRTY
    FLSCHOOL           0.077      0.008      9.104      0.000      0.158

  Specific indirect 2
    FLIT
    FLCONFIN
    FLSCHOOL           0.004      0.003      1.613      0.107      0.185

  Direct
    FLIT
    FLSCHOOL          -0.048      0.021     -2.317      0.020      0.143


Effects from FLFAMILY to FLIT

  Total               -0.060      0.020     -2.909      0.004      0.126
  Total indirect       0.010      0.006      1.737      0.082      0.131

  Specific indirect 1
    FLIT
    FCFMLRTY
    FLFAMILY           0.007      0.005      1.305      0.192      0.093

  Specific indirect 2
    FLIT
    FLCONFIN
    FLFAMILY           0.004      0.002      1.557      0.120      0.201

  Direct
    FLIT
    FLFAMILY          -0.070      0.020     -3.430      0.001      0.133


Effects from NOBULLY to FLIT

  Total                0.032      0.021      1.552      0.121      0.144
  Total indirect       0.025      0.006      4.170      0.000      0.134

  Specific indirect 1
    FLIT
    FCFMLRTY
    NOBULLY            0.023      0.006      3.954      0.000      0.171

  Specific indirect 2
    FLIT
    FLCONFIN
    NOBULLY            0.002      0.002      1.438      0.150      0.171

  Direct
    FLIT
    NOBULLY            0.007      0.020      0.339      0.735      0.181


Effects from ESCS to FLIT

  Total                0.295      0.019     15.252      0.000      0.190
  Total indirect       0.041      0.006      6.643      0.000      0.141

  Specific indirect 1
    FLIT
    FCFMLRTY
    ESCS               0.036      0.006      6.181      0.000      0.156

  Specific indirect 2
    FLIT
    FLCONFIN
    ESCS               0.005      0.003      1.672      0.095      0.210

  Direct
    FLIT
    ESCS               0.254      0.020     12.536      0.000      0.252


Effects from IMMI2GEN to FLIT

  Total                0.005      0.005      1.016      0.310      0.112
  Total indirect       0.005      0.005      1.016      0.310      0.112

  Specific indirect 1
    FLIT
    FCFMLRTY
    IMMI2GEN           0.004      0.005      0.924      0.356      0.111

  Specific indirect 2
    FLIT
    FLCONFIN
    IMMI2GEN           0.001      0.001      0.802      0.423      0.087


Effects from MALE to FLIT

  Total                0.019      0.006      3.295      0.001      0.064
  Total indirect       0.019      0.006      3.295      0.001      0.064

  Specific indirect 1
    FLIT
    FCFMLRTY
    MALE               0.013      0.005      2.807      0.005      0.020

  Specific indirect 2
    FLIT
    FLCONFIN
    MALE               0.007      0.004      1.720      0.085      0.213




TECHNICAL 1 OUTPUT


     PARAMETER SPECIFICATION


           NU
              FLIT          FCFMLRTY      FLCONFIN      FLSCHOOL      NOBULLY
              ________      ________      ________      ________      ________
                  0             0             0             0             0


           NU
              FLFAMILY      IMMI1GEN      IMMI2GEN      ESCS          MALE
              ________      ________      ________      ________      ________
                  0             0             0             0             0


           LAMBDA
              FLIT          FCFMLRTY      FLCONFIN      FLSCHOOL      NOBULLY
              ________      ________      ________      ________      ________
 FLIT               0             0             0             0             0
 FCFMLRTY           0             0             0             0             0
 FLCONFIN           0             0             0             0             0
 FLSCHOOL           0             0             0             0             0
 NOBULLY            0             0             0             0             0
 FLFAMILY           0             0             0             0             0
 IMMI1GEN           0             0             0             0             0
 IMMI2GEN           0             0             0             0             0
 ESCS               0             0             0             0             0
 MALE               0             0             0             0             0


           LAMBDA
              FLFAMILY      IMMI1GEN      IMMI2GEN      ESCS          MALE
              ________      ________      ________      ________      ________
 FLIT               0             0             0             0             0
 FCFMLRTY           0             0             0             0             0
 FLCONFIN           0             0             0             0             0
 FLSCHOOL           0             0             0             0             0
 NOBULLY            0             0             0             0             0
 FLFAMILY           0             0             0             0             0
 IMMI1GEN           0             0             0             0             0
 IMMI2GEN           0             0             0             0             0
 ESCS               0             0             0             0             0
 MALE               0             0             0             0             0


           THETA
              FLIT          FCFMLRTY      FLCONFIN      FLSCHOOL      NOBULLY
              ________      ________      ________      ________      ________
 FLIT               0
 FCFMLRTY           0             0
 FLCONFIN           0             0             0
 FLSCHOOL           0             0             0             0
 NOBULLY            0             0             0             0             0
 FLFAMILY           0             0             0             0             0
 IMMI1GEN           0             0             0             0             0
 IMMI2GEN           0             0             0             0             0
 ESCS               0             0             0             0             0
 MALE               0             0             0             0             0


           THETA
              FLFAMILY      IMMI1GEN      IMMI2GEN      ESCS          MALE
              ________      ________      ________      ________      ________
 FLFAMILY           0
 IMMI1GEN           0             0
 IMMI2GEN           0             0             0
 ESCS               0             0             0             0
 MALE               0             0             0             0             0


           ALPHA
              FLIT          FCFMLRTY      FLCONFIN      FLSCHOOL      NOBULLY
              ________      ________      ________      ________      ________
                  1             2             3             4             5


           ALPHA
              FLFAMILY      IMMI1GEN      IMMI2GEN      ESCS          MALE
              ________      ________      ________      ________      ________
                  6             7             8             9             0


           BETA
              FLIT          FCFMLRTY      FLCONFIN      FLSCHOOL      NOBULLY
              ________      ________      ________      ________      ________
 FLIT               0            10            11            12            13
 FCFMLRTY           0             0             0            17            18
 FLCONFIN           0             0             0            23            24
 FLSCHOOL           0             0             0             0             0
 NOBULLY            0             0             0             0             0
 FLFAMILY           0             0             0             0             0
 IMMI1GEN           0             0             0             0             0
 IMMI2GEN           0             0             0             0             0
 ESCS               0             0             0             0             0
 MALE               0             0             0             0             0


           BETA
              FLFAMILY      IMMI1GEN      IMMI2GEN      ESCS          MALE
              ________      ________      ________      ________      ________
 FLIT              14            15             0            16             0
 FCFMLRTY          19             0            20            21            22
 FLCONFIN          25             0            26            27            28
 FLSCHOOL           0             0             0             0             0
 NOBULLY            0             0             0             0             0
 FLFAMILY           0             0             0             0             0
 IMMI1GEN           0             0             0             0             0
 IMMI2GEN           0             0             0             0             0
 ESCS               0             0             0             0             0
 MALE               0             0             0             0             0


           PSI
              FLIT          FCFMLRTY      FLCONFIN      FLSCHOOL      NOBULLY
              ________      ________      ________      ________      ________
 FLIT              29
 FCFMLRTY           0            30
 FLCONFIN           0            31            32
 FLSCHOOL           0             0             0            33
 NOBULLY            0             0             0            34            35
 FLFAMILY           0             0             0            36            37
 IMMI1GEN           0             0             0            39            40
 IMMI2GEN           0             0             0            43            44
 ESCS               0             0             0            48            49
 MALE               0             0             0             0             0


           PSI
              FLFAMILY      IMMI1GEN      IMMI2GEN      ESCS          MALE
              ________      ________      ________      ________      ________
 FLFAMILY          38
 IMMI1GEN          41            42
 IMMI2GEN          45            46            47
 ESCS              50            51            52            53
 MALE               0             0             0             0             0


     STARTING VALUES


           NU
              FLIT          FCFMLRTY      FLCONFIN      FLSCHOOL      NOBULLY
              ________      ________      ________      ________      ________
                0.000         0.000         0.000         0.000         0.000


           NU
              FLFAMILY      IMMI1GEN      IMMI2GEN      ESCS          MALE
              ________      ________      ________      ________      ________
                0.000         0.000         0.000         0.000         0.000


           LAMBDA
              FLIT          FCFMLRTY      FLCONFIN      FLSCHOOL      NOBULLY
              ________      ________      ________      ________      ________
 FLIT           1.000         0.000         0.000         0.000         0.000
 FCFMLRTY       0.000         1.000         0.000         0.000         0.000
 FLCONFIN       0.000         0.000         1.000         0.000         0.000
 FLSCHOOL       0.000         0.000         0.000         1.000         0.000
 NOBULLY        0.000         0.000         0.000         0.000         1.000
 FLFAMILY       0.000         0.000         0.000         0.000         0.000
 IMMI1GEN       0.000         0.000         0.000         0.000         0.000
 IMMI2GEN       0.000         0.000         0.000         0.000         0.000
 ESCS           0.000         0.000         0.000         0.000         0.000
 MALE           0.000         0.000         0.000         0.000         0.000


           LAMBDA
              FLFAMILY      IMMI1GEN      IMMI2GEN      ESCS          MALE
              ________      ________      ________      ________      ________
 FLIT           0.000         0.000         0.000         0.000         0.000
 FCFMLRTY       0.000         0.000         0.000         0.000         0.000
 FLCONFIN       0.000         0.000         0.000         0.000         0.000
 FLSCHOOL       0.000         0.000         0.000         0.000         0.000
 NOBULLY        0.000         0.000         0.000         0.000         0.000
 FLFAMILY       1.000         0.000         0.000         0.000         0.000
 IMMI1GEN       0.000         1.000         0.000         0.000         0.000
 IMMI2GEN       0.000         0.000         1.000         0.000         0.000
 ESCS           0.000         0.000         0.000         1.000         0.000
 MALE           0.000         0.000         0.000         0.000         1.000


           THETA
              FLIT          FCFMLRTY      FLCONFIN      FLSCHOOL      NOBULLY
              ________      ________      ________      ________      ________
 FLIT           0.000
 FCFMLRTY       0.000         0.000
 FLCONFIN       0.000         0.000         0.000
 FLSCHOOL       0.000         0.000         0.000         0.000
 NOBULLY        0.000         0.000         0.000         0.000         0.000
 FLFAMILY       0.000         0.000         0.000         0.000         0.000
 IMMI1GEN       0.000         0.000         0.000         0.000         0.000
 IMMI2GEN       0.000         0.000         0.000         0.000         0.000
 ESCS           0.000         0.000         0.000         0.000         0.000
 MALE           0.000         0.000         0.000         0.000         0.000


           THETA
              FLFAMILY      IMMI1GEN      IMMI2GEN      ESCS          MALE
              ________      ________      ________      ________      ________
 FLFAMILY       0.000
 IMMI1GEN       0.000         0.000
 IMMI2GEN       0.000         0.000         0.000
 ESCS           0.000         0.000         0.000         0.000
 MALE           0.000         0.000         0.000         0.000         0.000


           ALPHA
              FLIT          FCFMLRTY      FLCONFIN      FLSCHOOL      NOBULLY
              ________      ________      ________      ________      ________
              558.418        10.458         0.396         0.131         0.289


           ALPHA
              FLFAMILY      IMMI1GEN      IMMI2GEN      ESCS          MALE
              ________      ________      ________      ________      ________
               -0.150         0.016         0.099         0.352         0.505


           BETA
              FLIT          FCFMLRTY      FLCONFIN      FLSCHOOL      NOBULLY
              ________      ________      ________      ________      ________
 FLIT           0.000         0.000         0.000         0.000         0.000
 FCFMLRTY       0.000         0.000         0.000         0.000         0.000
 FLCONFIN       0.000         0.000         0.000         0.000         0.000
 FLSCHOOL       0.000         0.000         0.000         0.000         0.000
 NOBULLY        0.000         0.000         0.000         0.000         0.000
 FLFAMILY       0.000         0.000         0.000         0.000         0.000
 IMMI1GEN       0.000         0.000         0.000         0.000         0.000
 IMMI2GEN       0.000         0.000         0.000         0.000         0.000
 ESCS           0.000         0.000         0.000         0.000         0.000
 MALE           0.000         0.000         0.000         0.000         0.000


           BETA
              FLFAMILY      IMMI1GEN      IMMI2GEN      ESCS          MALE
              ________      ________      ________      ________      ________
 FLIT           0.000         0.000         0.000         0.000         0.000
 FCFMLRTY       0.000         0.000         0.000         0.000         0.000
 FLCONFIN       0.000         0.000         0.000         0.000         0.000
 FLSCHOOL       0.000         0.000         0.000         0.000         0.000
 NOBULLY        0.000         0.000         0.000         0.000         0.000
 FLFAMILY       0.000         0.000         0.000         0.000         0.000
 IMMI1GEN       0.000         0.000         0.000         0.000         0.000
 IMMI2GEN       0.000         0.000         0.000         0.000         0.000
 ESCS           0.000         0.000         0.000         0.000         0.000
 MALE           0.000         0.000         0.000         0.000         0.000


           PSI
              FLIT          FCFMLRTY      FLCONFIN      FLSCHOOL      NOBULLY
              ________      ________      ________      ________      ________
 FLIT        5480.446
 FCFMLRTY       0.000         9.435
 FLCONFIN       0.000         0.000         0.369
 FLSCHOOL       0.000         0.000         0.000         0.465
 NOBULLY        0.000         0.000         0.000         0.000         0.298
 FLFAMILY       0.000         0.000         0.000         0.000         0.000
 IMMI1GEN       0.000         0.000         0.000         0.000         0.000
 IMMI2GEN       0.000         0.000         0.000         0.000         0.000
 ESCS           0.000         0.000         0.000         0.000         0.000
 MALE           0.000         0.000         0.000         0.000         0.000


           PSI
              FLFAMILY      IMMI1GEN      IMMI2GEN      ESCS          MALE
              ________      ________      ________      ________      ________
 FLFAMILY       0.396
 IMMI1GEN       0.000         0.008
 IMMI2GEN       0.000         0.000         0.045
 ESCS           0.000         0.000         0.000         0.350
 MALE           0.000         0.000         0.000         0.000         0.250


     Beginning Time:  12:24:03
        Ending Time:  12:24:37
       Elapsed Time:  00:00:34



MUTHEN & MUTHEN
3463 Stoner Ave.
Los Angeles, CA  90066

Tel: (310) 391-9971
Fax: (310) 391-8971
Web: www.StatModel.com
Support: Support@StatModel.com

Copyright (c) 1998-2019 Muthen & Muthen
