Mplus VERSION 8.3
MUTHEN & MUTHEN
03/04/2021   6:11 PM

INPUT INSTRUCTIONS


  TITLE:
      One-level 688

  DATA:
      file = "C:\Users\tctan\implist.dat";

      type = imputation;

  VARIABLE:
      names =
          FKI CNTRYID CNTSCHID W_STU
          MATH READ FLIT                      ! PISA achievement variables
          MALE IMMI1GEN IMMI2GEN ESCS         ! Demographic info
          FCFMLRTY FLCONFIN                   ! Affect
          FLSCHOOL                            !   Lat var "Academic"
          NOBULLY                             !   Lat var "Safety"
          FLFAMILY                            !   Lat var "Community"
          W_SCH STRATIO                       ! School character
          EDUSHORT                            !   Lat var "inst. env."
          ;

      useobs = CNTRYID eq 688;          ! Pull out one country at a time

      usevar =
          FLIT                                ! PISA achievement variables
          FLSCHOOL                            !   Lat var "Academic"
          NOBULLY                             !   Lat var "Safety"
          FLFAMILY                            !   Lat var "Community"
          FCFMLRTY FLCONFIN                   ! Affect
          MALE IMMI1GEN IMMI2GEN ESCS         ! Demographic info
          ;

      weight = W_STU;                         ! Student weight


  ANALYSIS:
      processors = 4;

      estimator = MLR;


  MODEL:

      ! Indirect pathways (1st half): school climate vars onto mediators
          ! Onto mediator FAMILIARITY
      FCFMLRTY on FLSCHOOL FLFAMILY NOBULLY ESCS IMMI2GEN MALE;
          ! Onto mediator CONFIDENCE
      FLCONFIN on FLSCHOOL FLFAMILY NOBULLY ESCS IMMI2GEN MALE;

      ! Total effect
      FLIT on
          ! Indirect pathways (2nd half): affective vars onto financial literacy
          FCFMLRTY FLCONFIN
          ! Direct pathways: school climate vars onto financial literacy
          FLSCHOOL FLFAMILY NOBULLY
          ! Dmographic vars
          ESCS IMMI1GEN
          ;

      ! Covariances
          ! Between school climate vars
      FLSCHOOL with FLFAMILY;
      FLFAMILY with NOBULLY;
      FLSCHOOL with NOBULLY;
          ! Between mediators
      FCFMLRTY with FLCONFIN;

          ! SES with school climate vars
      ESCS with FLSCHOOL FLFAMILY;
          ! SES with demographic vars
      ESCS with IMMI1GEN IMMI2GEN;

  MODEL INDIRECT:
  ! Indirect effects
      FLIT ind FLSCHOOL;
      FLIT ind FLFAMILY;
      FLIT ind NOBULLY;

      FLIT ind ESCS;
      FLIT ind IMMI2GEN;
      FLIT ind MALE;


  OUTPUT:
      stdyx                                   ! Fully standardised solution
      ;



INPUT READING TERMINATED NORMALLY




One-level 688

SUMMARY OF ANALYSIS

Number of groups                                                 1
Average number of observations                                3874

Number of replications
    Requested                                                   10
    Completed                                                   10

Number of dependent variables                                    3
Number of independent variables                                  7
Number of continuous latent variables                            0

Observed dependent variables

  Continuous
   FLIT        FCFMLRTY    FLCONFIN

Observed independent variables
   FLSCHOOL    NOBULLY     FLFAMILY    MALE        IMMI1GEN    IMMI2GEN
   ESCS

Variables with special functions

  Weight variable       W_STU

Estimator                                                      MLR
Information matrix                                        OBSERVED
Maximum number of iterations                                  1000
Convergence criterion                                    0.500D-04
Maximum number of steepest descent iterations                   20

Input data file(s)
  Multiple data files from
    C:\Users\tctan\implist.dat

Input data format  FREE


SAMPLE STATISTICS

NOTE:  These are average results over 10 data sets.


     SAMPLE STATISTICS


           Means
              FLIT          FCFMLRTY      FLCONFIN      FLSCHOOL      NOBULLY
              ________      ________      ________      ________      ________
              443.625         6.060        -0.338        -0.365         0.032


           Means
              FLFAMILY      IMMI1GEN      IMMI2GEN      ESCS          MALE
              ________      ________      ________      ________      ________
                0.188         0.010         0.082        -0.249         0.510


           Covariances
              FLIT          FCFMLRTY      FLCONFIN      FLSCHOOL      NOBULLY
              ________      ________      ________      ________      ________
 FLIT        8951.142
 FCFMLRTY      79.120        34.005
 FLCONFIN       6.777         1.486         1.348
 FLSCHOOL     -20.102         1.258         0.244         1.116
 NOBULLY       13.135         0.355        -0.054        -0.164         1.154
 FLFAMILY       3.819         1.164         0.243         0.174        -0.029
 IMMI1GEN       0.127        -0.004        -0.001        -0.003         0.001
 IMMI2GEN      -0.372        -0.007         0.002        -0.009         0.001
 ESCS          22.798         0.458         0.056        -0.041         0.046
 MALE          -1.580        -0.008         0.058         0.043        -0.068


           Covariances
              FLFAMILY      IMMI1GEN      IMMI2GEN      ESCS          MALE
              ________      ________      ________      ________      ________
 FLFAMILY       1.278
 IMMI1GEN      -0.004         0.010
 IMMI2GEN       0.000        -0.001         0.075
 ESCS           0.045        -0.001        -0.005         0.685
 MALE          -0.047         0.002        -0.001        -0.002         0.250


           Correlations
              FLIT          FCFMLRTY      FLCONFIN      FLSCHOOL      NOBULLY
              ________      ________      ________      ________      ________
 FLIT           1.000
 FCFMLRTY       0.143         1.000
 FLCONFIN       0.062         0.219         1.000
 FLSCHOOL      -0.201         0.204         0.199         1.000
 NOBULLY        0.129         0.057        -0.043        -0.144         1.000
 FLFAMILY       0.036         0.177         0.185         0.146        -0.024
 IMMI1GEN       0.013        -0.006        -0.009        -0.025         0.011
 IMMI2GEN      -0.014        -0.004         0.006        -0.031         0.002
 ESCS           0.291         0.095         0.058        -0.046         0.051
 MALE          -0.033        -0.003         0.099         0.082        -0.127


           Correlations
              FLFAMILY      IMMI1GEN      IMMI2GEN      ESCS          MALE
              ________      ________      ________      ________      ________
 FLFAMILY       1.000
 IMMI1GEN      -0.036         1.000
 IMMI2GEN      -0.001        -0.030         1.000
 ESCS           0.048        -0.011        -0.021         1.000
 MALE          -0.083         0.034        -0.008        -0.005         1.000


MODEL FIT INFORMATION

Number of Free Parameters                       53

Loglikelihood

    H0 Value

        Mean                            -59983.846
        Std Dev                            142.382
        Number of successful computations       10

             Proportions                   Percentiles
        Expected    Observed         Expected       Observed
           0.990       1.000       -60315.068     -60224.713
           0.980       1.000       -60276.255     -60224.713
           0.950       0.900       -60218.049     -60224.713
           0.900       0.800       -60166.322     -60224.713
           0.800       0.800       -60103.674     -60224.713
           0.700       0.700       -60058.511     -60073.490
           0.500       0.600       -59983.846     -59979.627
           0.300       0.300       -59909.181     -59920.142
           0.200       0.100       -59864.017     -59873.756
           0.100       0.100       -59801.369     -59866.139
           0.050       0.000       -59749.642     -59866.139
           0.020       0.000       -59691.436     -59866.139
           0.010       0.000       -59652.623     -59866.139

    H1 Value

        Mean                            -59921.612
        Std Dev                            142.446
        Number of successful computations       10

             Proportions                   Percentiles
        Expected    Observed         Expected       Observed
           0.990       1.000       -60252.984     -60156.541
           0.980       1.000       -60214.153     -60156.541
           0.950       0.900       -60155.921     -60156.541
           0.900       0.800       -60104.171     -60156.541
           0.800       0.800       -60041.494     -60156.541
           0.700       0.700       -59996.310     -60016.884
           0.500       0.600       -59921.612     -59909.548
           0.300       0.300       -59846.913     -59861.371
           0.200       0.100       -59801.729     -59810.881
           0.100       0.100       -59739.053     -59808.507
           0.050       0.100       -59687.302     -59808.507
           0.020       0.000       -59629.070     -59808.507
           0.010       0.000       -59590.239     -59808.507

Information Criteria

    Akaike (AIC)

        Mean                            120073.692
        Std Dev                            284.763
        Number of successful computations       10

             Proportions                   Percentiles
        Expected    Observed         Expected       Observed
           0.990       1.000       119411.246     119605.403
           0.980       1.000       119488.873     119605.403
           0.950       1.000       119605.284     119605.403
           0.900       0.900       119708.739     119605.403
           0.800       0.900       119834.035     119605.403
           0.700       0.700       119924.362     119853.512
           0.500       0.400       120073.692     120005.699
           0.300       0.300       120223.021     120090.628
           0.200       0.200       120313.348     120252.979
           0.100       0.200       120438.644     120523.452
           0.050       0.100       120542.099     120523.452
           0.020       0.000       120658.510     120523.452
           0.010       0.000       120736.137     120523.452

    Bayesian (BIC)

        Mean                            120405.580
        Std Dev                            284.763
        Number of successful computations       10

             Proportions                   Percentiles
        Expected    Observed         Expected       Observed
           0.990       1.000       119743.135     119937.291
           0.980       1.000       119820.761     119937.291
           0.950       1.000       119937.172     119937.291
           0.900       0.900       120040.627     119937.291
           0.800       0.900       120165.923     119937.291
           0.700       0.700       120256.250     120185.400
           0.500       0.400       120405.580     120337.587
           0.300       0.300       120554.910     120422.516
           0.200       0.200       120645.237     120584.868
           0.100       0.200       120770.533     120855.340
           0.050       0.100       120873.987     120855.340
           0.020       0.000       120990.398     120855.340
           0.010       0.000       121068.025     120855.340

    Sample-Size Adjusted BIC (n* = (n + 2) / 24)

        Mean                            120237.170
        Std Dev                            284.763
        Number of successful computations       10

             Proportions                   Percentiles
        Expected    Observed         Expected       Observed
           0.990       1.000       119574.725     119768.882
           0.980       1.000       119652.352     119768.882
           0.950       1.000       119768.763     119768.882
           0.900       0.900       119872.218     119768.882
           0.800       0.900       119997.513     119768.882
           0.700       0.700       120087.840     120016.991
           0.500       0.400       120237.170     120169.178
           0.300       0.300       120386.500     120254.107
           0.200       0.200       120476.827     120416.458
           0.100       0.200       120602.123     120686.931
           0.050       0.100       120705.578     120686.931
           0.020       0.000       120821.989     120686.931
           0.010       0.000       120899.615     120686.931

Chi-Square Test of Model Fit

        Degrees of freedom                      10

        Mean                               114.113
        Std Dev                              9.244
        Number of successful computations       10

             Proportions                   Percentiles
        Expected    Observed         Expected       Observed
           0.990       1.000            2.558        101.126
           0.980       1.000            3.059        101.126
           0.950       1.000            3.940        101.126
           0.900       1.000            4.865        101.126
           0.800       1.000            6.179        101.126
           0.700       1.000            7.267        106.851
           0.500       1.000            9.342        110.464
           0.300       1.000           11.781        118.567
           0.200       1.000           13.442        121.638
           0.100       1.000           15.987        122.605
           0.050       1.000           18.307        122.605
           0.020       1.000           21.161        122.605
           0.010       1.000           23.209        122.605

RMSEA (Root Mean Square Error Of Approximation)

        Mean                                 0.052
        Std Dev                              0.002
        Number of successful computations       10

             Proportions                   Percentiles
        Expected    Observed         Expected       Observed
           0.990       1.000            0.046          0.048
           0.980       1.000            0.047          0.048
           0.950       1.000            0.048          0.048
           0.900       0.900            0.049          0.048
           0.800       0.800            0.050          0.048
           0.700       0.600            0.051          0.050
           0.500       0.500            0.052          0.051
           0.300       0.300            0.053          0.053
           0.200       0.200            0.054          0.054
           0.100       0.100            0.055          0.054
           0.050       0.100            0.056          0.054
           0.020       0.000            0.056          0.054
           0.010       0.000            0.057          0.054

CFI/TLI

    CFI

        Mean                                 0.915
        Std Dev                              0.007
        Number of successful computations       10

             Proportions                   Percentiles
        Expected    Observed         Expected       Observed
           0.990       1.000            0.897          0.902
           0.980       1.000            0.899          0.902
           0.950       0.900            0.903          0.902
           0.900       0.900            0.905          0.902
           0.800       0.800            0.909          0.902
           0.700       0.500            0.911          0.909
           0.500       0.500            0.915          0.910
           0.300       0.500            0.919          0.921
           0.200       0.300            0.921          0.923
           0.100       0.000            0.924          0.923
           0.050       0.000            0.927          0.923
           0.020       0.000            0.930          0.923
           0.010       0.000            0.932          0.923

    TLI

        Mean                                 0.796
        Std Dev                              0.018
        Number of successful computations       10

             Proportions                   Percentiles
        Expected    Observed         Expected       Observed
           0.990       1.000            0.754          0.766
           0.980       1.000            0.759          0.766
           0.950       0.900            0.766          0.766
           0.900       0.900            0.773          0.766
           0.800       0.800            0.780          0.766
           0.700       0.500            0.786          0.781
           0.500       0.500            0.796          0.784
           0.300       0.500            0.805          0.810
           0.200       0.300            0.811          0.814
           0.100       0.000            0.818          0.815
           0.050       0.000            0.825          0.815
           0.020       0.000            0.832          0.815
           0.010       0.000            0.837          0.815

SRMR (Standardized Root Mean Square Residual)

        Mean                                 0.023
        Std Dev                              0.001
        Number of successful computations       10

             Proportions                   Percentiles
        Expected    Observed         Expected       Observed
           0.990       1.000            0.021          0.022
           0.980       1.000            0.021          0.022
           0.950       1.000            0.022          0.022
           0.900       0.900            0.022          0.022
           0.800       0.700            0.022          0.022
           0.700       0.600            0.023          0.022
           0.500       0.500            0.023          0.023
           0.300       0.200            0.024          0.023
           0.200       0.200            0.024          0.024
           0.100       0.200            0.024          0.024
           0.050       0.100            0.025          0.024
           0.020       0.000            0.025          0.024
           0.010       0.000            0.025          0.024


MODEL RESULTS

                                                    Two-Tailed   Rate of
                    Estimate       S.E.  Est./S.E.    P-Value    Missing

 FCFMLRTY ON
    FLSCHOOL           1.100      0.099     11.089      0.000      0.138
    FLFAMILY           0.750      0.096      7.842      0.000      0.169
    NOBULLY            0.461      0.099      4.666      0.000      0.197
    ESCS               0.654      0.127      5.147      0.000      0.151
    IMMI2GEN           0.080      0.355      0.227      0.821      0.043
    MALE               0.051      0.196      0.259      0.796      0.100

 FLCONFIN ON
    FLSCHOOL           0.186      0.020      9.511      0.000      0.068
    FLFAMILY           0.170      0.019      8.784      0.000      0.091
    NOBULLY           -0.006      0.020     -0.286      0.775      0.240
    ESCS               0.083      0.024      3.494      0.000      0.092
    IMMI2GEN           0.056      0.072      0.783      0.434      0.194
    MALE               0.230      0.040      5.672      0.000      0.144

 FLIT     ON
    FCFMLRTY           2.317      0.316      7.323      0.000      0.328
    FLCONFIN           4.803      1.529      3.141      0.002      0.271
    FLSCHOOL         -19.851      1.671    -11.879      0.000      0.240
    FLFAMILY           1.832      1.470      1.246      0.213      0.186
    NOBULLY            6.947      1.834      3.787      0.000      0.446
    ESCS              29.582      2.013     14.694      0.000      0.148
    IMMI1GEN          11.930     17.732      0.673      0.501      0.404

 FLSCHOOL WITH
    FLFAMILY           0.174      0.024      7.216      0.000      0.195
    NOBULLY           -0.164      0.022     -7.497      0.000      0.173
    ESCS              -0.041      0.016     -2.505      0.012      0.188

 FLFAMILY WITH
    NOBULLY           -0.029      0.024     -1.225      0.220      0.232
    ESCS               0.045      0.016      2.723      0.006      0.095

 FCFMLRTY WITH
    FLCONFIN           1.020      0.124      8.210      0.000      0.254

 ESCS     WITH
    IMMI1GEN          -0.001      0.002     -0.591      0.554      0.187
    IMMI2GEN          -0.005      0.005     -1.011      0.312      0.032
    NOBULLY            0.046      0.017      2.681      0.007      0.184

 IMMI1GEN WITH
    FLSCHOOL          -0.003      0.002     -1.618      0.106      0.069
    NOBULLY            0.001      0.002      0.594      0.553      0.432
    FLFAMILY          -0.004      0.002     -2.239      0.025      0.178

 IMMI2GEN WITH
    FLSCHOOL          -0.009      0.005     -1.836      0.066      0.053
    NOBULLY            0.001      0.006      0.093      0.926      0.279
    FLFAMILY           0.000      0.006     -0.035      0.972      0.132
    IMMI1GEN          -0.001      0.000     -5.380      0.000      0.175

 Means
    FLSCHOOL          -0.365      0.019    -19.384      0.000      0.153
    NOBULLY            0.032      0.021      1.514      0.130      0.315
    FLFAMILY           0.188      0.020      9.478      0.000      0.125
    IMMI1GEN           0.010      0.002      5.596      0.000      0.190
    IMMI2GEN           0.082      0.005     17.709      0.000      0.009
    ESCS              -0.249      0.014    -17.431      0.000      0.044

 Intercepts
    FLIT             430.636      3.045    141.403      0.000      0.371
    FCFMLRTY           6.436      0.151     42.504      0.000      0.121
    FLCONFIN          -0.403      0.032    -12.437      0.000      0.194

 Variances
    FLSCHOOL           1.116      0.027     41.284      0.000      0.315
    NOBULLY            1.154      0.035     33.380      0.000      0.181
    FLFAMILY           1.278      0.029     43.492      0.000      0.080
    IMMI1GEN           0.010      0.002      5.653      0.000      0.190
    IMMI2GEN           0.075      0.004     19.451      0.000      0.009
    ESCS               0.685      0.019     35.567      0.000      0.041

 Residual Variances
    FLIT            7557.529    267.066     28.298      0.000      0.586
    FCFMLRTY          31.279      0.627     49.925      0.000      0.089
    FLCONFIN           1.243      0.029     43.232      0.000      0.097


STANDARDIZED MODEL RESULTS


STDYX Standardization

                                                    Two-Tailed   Rate of
                    Estimate       S.E.  Est./S.E.    P-Value    Missing

 FCFMLRTY ON
    FLSCHOOL           0.199      0.018     11.018      0.000      0.146
    FLFAMILY           0.145      0.019      7.826      0.000      0.169
    NOBULLY            0.085      0.018      4.738      0.000      0.180
    ESCS               0.093      0.018      5.144      0.000      0.151
    IMMI2GEN           0.004      0.017      0.227      0.820      0.043
    MALE               0.004      0.017      0.259      0.796      0.100

 FLCONFIN ON
    FLSCHOOL           0.169      0.018      9.536      0.000      0.068
    FLFAMILY           0.166      0.019      8.909      0.000      0.088
    NOBULLY           -0.005      0.019     -0.286      0.775      0.240
    ESCS               0.059      0.017      3.510      0.000      0.092
    IMMI2GEN           0.013      0.017      0.782      0.434      0.195
    MALE               0.099      0.017      5.706      0.000      0.144

 FLIT     ON
    FCFMLRTY           0.143      0.019      7.592      0.000      0.297
    FLCONFIN           0.059      0.019      3.145      0.002      0.275
    FLSCHOOL          -0.222      0.018    -12.054      0.000      0.253
    FLFAMILY           0.022      0.018      1.245      0.213      0.190
    NOBULLY            0.079      0.021      3.745      0.000      0.465
    ESCS               0.259      0.017     15.304      0.000      0.138
    IMMI1GEN           0.012      0.018      0.669      0.504      0.378

 FLSCHOOL WITH
    FLFAMILY           0.146      0.020      7.466      0.000      0.202
    NOBULLY           -0.144      0.019     -7.629      0.000      0.194
    ESCS              -0.046      0.019     -2.506      0.012      0.186

 FLFAMILY WITH
    NOBULLY           -0.024      0.020     -1.228      0.219      0.234
    ESCS               0.048      0.018      2.725      0.006      0.095

 FCFMLRTY WITH
    FLCONFIN           0.164      0.019      8.460      0.000      0.249

 ESCS     WITH
    IMMI1GEN          -0.011      0.019     -0.599      0.549      0.179
    IMMI2GEN          -0.021      0.020     -1.017      0.309      0.033
    NOBULLY            0.051      0.019      2.686      0.007      0.177

 IMMI1GEN WITH
    FLSCHOOL          -0.025      0.015     -1.671      0.095      0.074
    NOBULLY            0.011      0.018      0.610      0.542      0.445
    FLFAMILY          -0.036      0.015     -2.396      0.017      0.157

 IMMI2GEN WITH
    FLSCHOOL          -0.031      0.017     -1.842      0.066      0.054
    NOBULLY            0.002      0.021      0.091      0.927      0.278
    FLFAMILY          -0.001      0.019     -0.036      0.972      0.132
    IMMI1GEN          -0.030      0.003    -10.586      0.000      0.172

 Means
    FLSCHOOL          -0.346      0.020    -17.437      0.000      0.186
    NOBULLY            0.030      0.020      1.495      0.135      0.311
    FLFAMILY           0.167      0.018      9.465      0.000      0.126
    IMMI1GEN           0.100      0.009     11.081      0.000      0.190
    IMMI2GEN           0.299      0.009     32.506      0.000      0.009
    ESCS              -0.300      0.017    -17.368      0.000      0.037

 Intercepts
    FLIT               4.552      0.083     55.027      0.000      0.509
    FCFMLRTY           1.104      0.025     43.783      0.000      0.116
    FLCONFIN          -0.347      0.028    -12.348      0.000      0.193

 Variances
    FLSCHOOL           1.000      0.000  *********      0.000      0.000
    NOBULLY            1.000      0.000  *********      0.000      0.000
    FLFAMILY           1.000      0.000  *********      0.000      0.000
    IMMI1GEN           1.000      0.000  *********      0.000      0.000
    IMMI2GEN           1.000      0.000  *********      0.000      0.000
    ESCS               1.000      0.000  *********      0.000      0.000

 Residual Variances
    FLIT               0.844      0.013     64.698      0.000      0.250
    FCFMLRTY           0.920      0.009     97.820      0.000      0.077
    FLCONFIN           0.922      0.009     97.658      0.000      0.087


R-SQUARE

    Observed                                        Two-Tailed   Rate of
    Variable        Estimate       S.E.  Est./S.E.    P-Value    Missing

    FLIT               0.156      0.013     11.965      0.000      0.250
    FCFMLRTY           0.080      0.009      8.532      0.000      0.077
    FLCONFIN           0.078      0.009      8.265      0.000      0.087


QUALITY OF NUMERICAL RESULTS

     Average Condition Number for the Information Matrix      0.108E-08
       (ratio of smallest to largest eigenvalue)


TOTAL, TOTAL INDIRECT, SPECIFIC INDIRECT, AND DIRECT EFFECTS


                                                    Two-Tailed   Rate of
                    Estimate       S.E.  Est./S.E.    P-Value    Missing

Effects from FLSCHOOL to FLIT

  Total              -16.407      1.633    -10.045      0.000      0.212
  Total indirect       3.444      0.487      7.077      0.000      0.232

  Specific indirect 1
    FLIT
    FCFMLRTY
    FLSCHOOL           2.552      0.437      5.844      0.000      0.324

  Specific indirect 2
    FLIT
    FLCONFIN
    FLSCHOOL           0.892      0.295      3.020      0.003      0.215

  Direct
    FLIT
    FLSCHOOL         -19.851      1.671    -11.879      0.000      0.240


Effects from FLFAMILY to FLIT

  Total                4.383      1.449      3.025      0.002      0.166
  Total indirect       2.552      0.384      6.648      0.000      0.176

  Specific indirect 1
    FLIT
    FCFMLRTY
    FLFAMILY           1.735      0.293      5.916      0.000      0.098

  Specific indirect 2
    FLIT
    FLCONFIN
    FLFAMILY           0.817      0.276      2.966      0.003      0.265

  Direct
    FLIT
    FLFAMILY           1.832      1.470      1.246      0.213      0.186


Effects from NOBULLY to FLIT

  Total                7.983      1.862      4.288      0.000      0.446
  Total indirect       1.036      0.286      3.628      0.000      0.150

  Specific indirect 1
    FLIT
    FCFMLRTY
    NOBULLY            1.066      0.256      4.156      0.000      0.159

  Specific indirect 2
    FLIT
    FLCONFIN
    NOBULLY           -0.029      0.100     -0.293      0.769      0.237

  Direct
    FLIT
    NOBULLY            6.947      1.834      3.787      0.000      0.446


Effects from ESCS to FLIT

  Total               31.498      2.042     15.424      0.000      0.155
  Total indirect       1.916      0.398      4.818      0.000      0.202

  Specific indirect 1
    FLIT
    FCFMLRTY
    ESCS               1.517      0.366      4.143      0.000      0.233

  Specific indirect 2
    FLIT
    FLCONFIN
    ESCS               0.399      0.170      2.343      0.019      0.197

  Direct
    FLIT
    ESCS              29.582      2.013     14.694      0.000      0.148


Effects from IMMI2GEN to FLIT

  Total                0.448      0.936      0.479      0.632      0.084
  Total indirect       0.448      0.936      0.479      0.632      0.084

  Specific indirect 1
    FLIT
    FCFMLRTY
    IMMI2GEN           0.183      0.824      0.222      0.824      0.041

  Specific indirect 2
    FLIT
    FLCONFIN
    IMMI2GEN           0.265      0.357      0.742      0.458      0.184


Effects from MALE to FLIT

  Total                1.219      0.626      1.948      0.051      0.157
  Total indirect       1.219      0.626      1.948      0.051      0.157

  Specific indirect 1
    FLIT
    FCFMLRTY
    MALE               0.115      0.455      0.252      0.801      0.093

  Specific indirect 2
    FLIT
    FLCONFIN
    MALE               1.104      0.409      2.700      0.007      0.256



STANDARDIZED TOTAL, TOTAL INDIRECT, SPECIFIC INDIRECT, AND DIRECT EFFECTS


STDYX Standardization

                                                    Two-Tailed   Rate of
                    Estimate       S.E.  Est./S.E.    P-Value    Missing

Effects from FLSCHOOL to FLIT

  Total               -0.183      0.018    -10.033      0.000      0.246
  Total indirect       0.038      0.005      7.318      0.000      0.173

  Specific indirect 1
    FLIT
    FCFMLRTY
    FLSCHOOL           0.028      0.005      6.018      0.000      0.276

  Specific indirect 2
    FLIT
    FLCONFIN
    FLSCHOOL           0.010      0.003      3.027      0.002      0.212

  Direct
    FLIT
    FLSCHOOL          -0.222      0.018    -12.054      0.000      0.253


Effects from FLFAMILY to FLIT

  Total                0.052      0.017      3.014      0.003      0.175
  Total indirect       0.030      0.005      6.690      0.000      0.171

  Specific indirect 1
    FLIT
    FCFMLRTY
    FLFAMILY           0.021      0.003      5.947      0.000      0.090

  Specific indirect 2
    FLIT
    FLCONFIN
    FLFAMILY           0.010      0.003      2.971      0.003      0.265

  Direct
    FLIT
    FLFAMILY           0.022      0.018      1.245      0.213      0.190


Effects from NOBULLY to FLIT

  Total                0.091      0.021      4.240      0.000      0.468
  Total indirect       0.012      0.003      3.657      0.000      0.147

  Specific indirect 1
    FLIT
    FCFMLRTY
    NOBULLY            0.012      0.003      4.214      0.000      0.148

  Specific indirect 2
    FLIT
    FLCONFIN
    NOBULLY            0.000      0.001     -0.292      0.770      0.235

  Direct
    FLIT
    NOBULLY            0.079      0.021      3.745      0.000      0.465


Effects from ESCS to FLIT

  Total                0.276      0.017     16.098      0.000      0.148
  Total indirect       0.017      0.003      4.822      0.000      0.208

  Specific indirect 1
    FLIT
    FCFMLRTY
    ESCS               0.013      0.003      4.154      0.000      0.232

  Specific indirect 2
    FLIT
    FLCONFIN
    ESCS               0.003      0.001      2.344      0.019      0.201

  Direct
    FLIT
    ESCS               0.259      0.017     15.304      0.000      0.138


Effects from IMMI2GEN to FLIT

  Total                0.001      0.003      0.480      0.631      0.086
  Total indirect       0.001      0.003      0.480      0.631      0.086

  Specific indirect 1
    FLIT
    FCFMLRTY
    IMMI2GEN           0.001      0.002      0.224      0.823      0.042

  Specific indirect 2
    FLIT
    FLCONFIN
    IMMI2GEN           0.001      0.001      0.742      0.458      0.186


Effects from MALE to FLIT

  Total                0.006      0.003      1.946      0.052      0.162
  Total indirect       0.006      0.003      1.946      0.052      0.162

  Specific indirect 1
    FLIT
    FCFMLRTY
    MALE               0.001      0.002      0.254      0.800      0.094

  Specific indirect 2
    FLIT
    FLCONFIN
    MALE               0.006      0.002      2.707      0.007      0.255




TECHNICAL 1 OUTPUT


     PARAMETER SPECIFICATION


           NU
              FLIT          FCFMLRTY      FLCONFIN      FLSCHOOL      NOBULLY
              ________      ________      ________      ________      ________
                  0             0             0             0             0


           NU
              FLFAMILY      IMMI1GEN      IMMI2GEN      ESCS          MALE
              ________      ________      ________      ________      ________
                  0             0             0             0             0


           LAMBDA
              FLIT          FCFMLRTY      FLCONFIN      FLSCHOOL      NOBULLY
              ________      ________      ________      ________      ________
 FLIT               0             0             0             0             0
 FCFMLRTY           0             0             0             0             0
 FLCONFIN           0             0             0             0             0
 FLSCHOOL           0             0             0             0             0
 NOBULLY            0             0             0             0             0
 FLFAMILY           0             0             0             0             0
 IMMI1GEN           0             0             0             0             0
 IMMI2GEN           0             0             0             0             0
 ESCS               0             0             0             0             0
 MALE               0             0             0             0             0


           LAMBDA
              FLFAMILY      IMMI1GEN      IMMI2GEN      ESCS          MALE
              ________      ________      ________      ________      ________
 FLIT               0             0             0             0             0
 FCFMLRTY           0             0             0             0             0
 FLCONFIN           0             0             0             0             0
 FLSCHOOL           0             0             0             0             0
 NOBULLY            0             0             0             0             0
 FLFAMILY           0             0             0             0             0
 IMMI1GEN           0             0             0             0             0
 IMMI2GEN           0             0             0             0             0
 ESCS               0             0             0             0             0
 MALE               0             0             0             0             0


           THETA
              FLIT          FCFMLRTY      FLCONFIN      FLSCHOOL      NOBULLY
              ________      ________      ________      ________      ________
 FLIT               0
 FCFMLRTY           0             0
 FLCONFIN           0             0             0
 FLSCHOOL           0             0             0             0
 NOBULLY            0             0             0             0             0
 FLFAMILY           0             0             0             0             0
 IMMI1GEN           0             0             0             0             0
 IMMI2GEN           0             0             0             0             0
 ESCS               0             0             0             0             0
 MALE               0             0             0             0             0


           THETA
              FLFAMILY      IMMI1GEN      IMMI2GEN      ESCS          MALE
              ________      ________      ________      ________      ________
 FLFAMILY           0
 IMMI1GEN           0             0
 IMMI2GEN           0             0             0
 ESCS               0             0             0             0
 MALE               0             0             0             0             0


           ALPHA
              FLIT          FCFMLRTY      FLCONFIN      FLSCHOOL      NOBULLY
              ________      ________      ________      ________      ________
                  1             2             3             4             5


           ALPHA
              FLFAMILY      IMMI1GEN      IMMI2GEN      ESCS          MALE
              ________      ________      ________      ________      ________
                  6             7             8             9             0


           BETA
              FLIT          FCFMLRTY      FLCONFIN      FLSCHOOL      NOBULLY
              ________      ________      ________      ________      ________
 FLIT               0            10            11            12            13
 FCFMLRTY           0             0             0            17            18
 FLCONFIN           0             0             0            23            24
 FLSCHOOL           0             0             0             0             0
 NOBULLY            0             0             0             0             0
 FLFAMILY           0             0             0             0             0
 IMMI1GEN           0             0             0             0             0
 IMMI2GEN           0             0             0             0             0
 ESCS               0             0             0             0             0
 MALE               0             0             0             0             0


           BETA
              FLFAMILY      IMMI1GEN      IMMI2GEN      ESCS          MALE
              ________      ________      ________      ________      ________
 FLIT              14            15             0            16             0
 FCFMLRTY          19             0            20            21            22
 FLCONFIN          25             0            26            27            28
 FLSCHOOL           0             0             0             0             0
 NOBULLY            0             0             0             0             0
 FLFAMILY           0             0             0             0             0
 IMMI1GEN           0             0             0             0             0
 IMMI2GEN           0             0             0             0             0
 ESCS               0             0             0             0             0
 MALE               0             0             0             0             0


           PSI
              FLIT          FCFMLRTY      FLCONFIN      FLSCHOOL      NOBULLY
              ________      ________      ________      ________      ________
 FLIT              29
 FCFMLRTY           0            30
 FLCONFIN           0            31            32
 FLSCHOOL           0             0             0            33
 NOBULLY            0             0             0            34            35
 FLFAMILY           0             0             0            36            37
 IMMI1GEN           0             0             0            39            40
 IMMI2GEN           0             0             0            43            44
 ESCS               0             0             0            48            49
 MALE               0             0             0             0             0


           PSI
              FLFAMILY      IMMI1GEN      IMMI2GEN      ESCS          MALE
              ________      ________      ________      ________      ________
 FLFAMILY          38
 IMMI1GEN          41            42
 IMMI2GEN          45            46            47
 ESCS              50            51            52            53
 MALE               0             0             0             0             0


     STARTING VALUES


           NU
              FLIT          FCFMLRTY      FLCONFIN      FLSCHOOL      NOBULLY
              ________      ________      ________      ________      ________
                0.000         0.000         0.000         0.000         0.000


           NU
              FLFAMILY      IMMI1GEN      IMMI2GEN      ESCS          MALE
              ________      ________      ________      ________      ________
                0.000         0.000         0.000         0.000         0.000


           LAMBDA
              FLIT          FCFMLRTY      FLCONFIN      FLSCHOOL      NOBULLY
              ________      ________      ________      ________      ________
 FLIT           1.000         0.000         0.000         0.000         0.000
 FCFMLRTY       0.000         1.000         0.000         0.000         0.000
 FLCONFIN       0.000         0.000         1.000         0.000         0.000
 FLSCHOOL       0.000         0.000         0.000         1.000         0.000
 NOBULLY        0.000         0.000         0.000         0.000         1.000
 FLFAMILY       0.000         0.000         0.000         0.000         0.000
 IMMI1GEN       0.000         0.000         0.000         0.000         0.000
 IMMI2GEN       0.000         0.000         0.000         0.000         0.000
 ESCS           0.000         0.000         0.000         0.000         0.000
 MALE           0.000         0.000         0.000         0.000         0.000


           LAMBDA
              FLFAMILY      IMMI1GEN      IMMI2GEN      ESCS          MALE
              ________      ________      ________      ________      ________
 FLIT           0.000         0.000         0.000         0.000         0.000
 FCFMLRTY       0.000         0.000         0.000         0.000         0.000
 FLCONFIN       0.000         0.000         0.000         0.000         0.000
 FLSCHOOL       0.000         0.000         0.000         0.000         0.000
 NOBULLY        0.000         0.000         0.000         0.000         0.000
 FLFAMILY       1.000         0.000         0.000         0.000         0.000
 IMMI1GEN       0.000         1.000         0.000         0.000         0.000
 IMMI2GEN       0.000         0.000         1.000         0.000         0.000
 ESCS           0.000         0.000         0.000         1.000         0.000
 MALE           0.000         0.000         0.000         0.000         1.000


           THETA
              FLIT          FCFMLRTY      FLCONFIN      FLSCHOOL      NOBULLY
              ________      ________      ________      ________      ________
 FLIT           0.000
 FCFMLRTY       0.000         0.000
 FLCONFIN       0.000         0.000         0.000
 FLSCHOOL       0.000         0.000         0.000         0.000
 NOBULLY        0.000         0.000         0.000         0.000         0.000
 FLFAMILY       0.000         0.000         0.000         0.000         0.000
 IMMI1GEN       0.000         0.000         0.000         0.000         0.000
 IMMI2GEN       0.000         0.000         0.000         0.000         0.000
 ESCS           0.000         0.000         0.000         0.000         0.000
 MALE           0.000         0.000         0.000         0.000         0.000


           THETA
              FLFAMILY      IMMI1GEN      IMMI2GEN      ESCS          MALE
              ________      ________      ________      ________      ________
 FLFAMILY       0.000
 IMMI1GEN       0.000         0.000
 IMMI2GEN       0.000         0.000         0.000
 ESCS           0.000         0.000         0.000         0.000
 MALE           0.000         0.000         0.000         0.000         0.000


           ALPHA
              FLIT          FCFMLRTY      FLCONFIN      FLSCHOOL      NOBULLY
              ________      ________      ________      ________      ________
              443.379         6.072        -0.353        -0.372         0.030


           ALPHA
              FLFAMILY      IMMI1GEN      IMMI2GEN      ESCS          MALE
              ________      ________      ________      ________      ________
                0.177         0.009         0.082        -0.249         0.510


           BETA
              FLIT          FCFMLRTY      FLCONFIN      FLSCHOOL      NOBULLY
              ________      ________      ________      ________      ________
 FLIT           0.000         0.000         0.000         0.000         0.000
 FCFMLRTY       0.000         0.000         0.000         0.000         0.000
 FLCONFIN       0.000         0.000         0.000         0.000         0.000
 FLSCHOOL       0.000         0.000         0.000         0.000         0.000
 NOBULLY        0.000         0.000         0.000         0.000         0.000
 FLFAMILY       0.000         0.000         0.000         0.000         0.000
 IMMI1GEN       0.000         0.000         0.000         0.000         0.000
 IMMI2GEN       0.000         0.000         0.000         0.000         0.000
 ESCS           0.000         0.000         0.000         0.000         0.000
 MALE           0.000         0.000         0.000         0.000         0.000


           BETA
              FLFAMILY      IMMI1GEN      IMMI2GEN      ESCS          MALE
              ________      ________      ________      ________      ________
 FLIT           0.000         0.000         0.000         0.000         0.000
 FCFMLRTY       0.000         0.000         0.000         0.000         0.000
 FLCONFIN       0.000         0.000         0.000         0.000         0.000
 FLSCHOOL       0.000         0.000         0.000         0.000         0.000
 NOBULLY        0.000         0.000         0.000         0.000         0.000
 FLFAMILY       0.000         0.000         0.000         0.000         0.000
 IMMI1GEN       0.000         0.000         0.000         0.000         0.000
 IMMI2GEN       0.000         0.000         0.000         0.000         0.000
 ESCS           0.000         0.000         0.000         0.000         0.000
 MALE           0.000         0.000         0.000         0.000         0.000


           PSI
              FLIT          FCFMLRTY      FLCONFIN      FLSCHOOL      NOBULLY
              ________      ________      ________      ________      ________
 FLIT        4480.574
 FCFMLRTY       0.000        17.141
 FLCONFIN       0.000         0.000         0.672
 FLSCHOOL       0.000         0.000         0.000         0.556
 NOBULLY        0.000         0.000         0.000         0.000         0.570
 FLFAMILY       0.000         0.000         0.000         0.000         0.000
 IMMI1GEN       0.000         0.000         0.000         0.000         0.000
 IMMI2GEN       0.000         0.000         0.000         0.000         0.000
 ESCS           0.000         0.000         0.000         0.000         0.000
 MALE           0.000         0.000         0.000         0.000         0.000


           PSI
              FLFAMILY      IMMI1GEN      IMMI2GEN      ESCS          MALE
              ________      ________      ________      ________      ________
 FLFAMILY       0.643
 IMMI1GEN       0.000         0.004
 IMMI2GEN       0.000         0.000         0.038
 ESCS           0.000         0.000         0.000         0.342
 MALE           0.000         0.000         0.000         0.000         0.250


     Beginning Time:  18:11:17
        Ending Time:  18:12:04
       Elapsed Time:  00:00:47



MUTHEN & MUTHEN
3463 Stoner Ave.
Los Angeles, CA  90066

Tel: (310) 391-9971
Fax: (310) 391-8971
Web: www.StatModel.com
Support: Support@StatModel.com

Copyright (c) 1998-2019 Muthen & Muthen
