Mplus VERSION 8.3
MUTHEN & MUTHEN
02/26/2021  12:24 PM

INPUT INSTRUCTIONS


  TITLE:
      One-level 268

  DATA:
      file = "C:\Users\tctan\implist.dat";

      type = imputation;

  VARIABLE:
      names =
          FKI CNTRYID CNTSCHID W_STU
          MATH READ FLIT                      ! PISA achievement variables
          MALE IMMI1GEN IMMI2GEN ESCS         ! Demographic info
          FCFMLRTY FLCONFIN                   ! Affect
          FLSCHOOL                            !   Lat var "Academic"
          NOBULLY                             !   Lat var "Safety"
          FLFAMILY                            !   Lat var "Community"
          W_SCH STRATIO                       ! School character
          EDUSHORT                            !   Lat var "inst. env."
          ;

      useobs = CNTRYID eq 268;          ! Pull out one country at a time

      usevar =
          FLIT                                ! PISA achievement variables
          FLSCHOOL                            !   Lat var "Academic"
          NOBULLY                             !   Lat var "Safety"
          FLFAMILY                            !   Lat var "Community"
          FCFMLRTY FLCONFIN                   ! Affect
          MALE IMMI1GEN IMMI2GEN ESCS         ! Demographic info
          ;

      weight = W_STU;                         ! Student weight


  ANALYSIS:
      processors = 4;

      estimator = MLR;


  MODEL:

      ! Indirect pathways (1st half): school climate vars onto mediators
          ! Onto mediator FAMILIARITY
      FCFMLRTY on FLSCHOOL FLFAMILY NOBULLY ESCS IMMI2GEN MALE;
          ! Onto mediator CONFIDENCE
      FLCONFIN on FLSCHOOL FLFAMILY NOBULLY ESCS IMMI2GEN MALE;

      ! Total effect
      FLIT on
          ! Indirect pathways (2nd half): affective vars onto financial literacy
          FCFMLRTY FLCONFIN
          ! Direct pathways: school climate vars onto financial literacy
          FLSCHOOL FLFAMILY NOBULLY
          ! Dmographic vars
          ESCS IMMI1GEN
          ;

      ! Covariances
          ! Between school climate vars
      FLSCHOOL with FLFAMILY;
      FLFAMILY with NOBULLY;
      FLSCHOOL with NOBULLY;
          ! Between mediators
      FCFMLRTY with FLCONFIN;

          ! SES with school climate vars
      ESCS with FLSCHOOL FLFAMILY;
          ! SES with demographic vars
      ESCS with IMMI1GEN IMMI2GEN;

  MODEL INDIRECT:
  ! Indirect effects
      FLIT ind FLSCHOOL;
      FLIT ind FLFAMILY;
      FLIT ind NOBULLY;

      FLIT ind ESCS;
      FLIT ind IMMI2GEN;
      FLIT ind MALE;


  OUTPUT:
      stdyx                                   ! Fully standardised solution
      ;



INPUT READING TERMINATED NORMALLY




One-level 268

SUMMARY OF ANALYSIS

Number of groups                                                 1
Average number of observations                                4320

Number of replications
    Requested                                                   10
    Completed                                                   10

Number of dependent variables                                    3
Number of independent variables                                  7
Number of continuous latent variables                            0

Observed dependent variables

  Continuous
   FLIT        FCFMLRTY    FLCONFIN

Observed independent variables
   FLSCHOOL    NOBULLY     FLFAMILY    MALE        IMMI1GEN    IMMI2GEN
   ESCS

Variables with special functions

  Weight variable       W_STU

Estimator                                                      MLR
Information matrix                                        OBSERVED
Maximum number of iterations                                  1000
Convergence criterion                                    0.500D-04
Maximum number of steepest descent iterations                   20

Input data file(s)
  Multiple data files from
    C:\Users\tctan\implist.dat

Input data format  FREE


SAMPLE STATISTICS

NOTE:  These are average results over 10 data sets.


     SAMPLE STATISTICS


           Means
              FLIT          FCFMLRTY      FLCONFIN      FLSCHOOL      NOBULLY
              ________      ________      ________      ________      ________
              403.039         5.783        -0.109        -0.180         0.138


           Means
              FLFAMILY      IMMI1GEN      IMMI2GEN      ESCS          MALE
              ________      ________      ________      ________      ________
                0.004         0.009         0.006        -0.407         0.523


           Covariances
              FLIT          FCFMLRTY      FLCONFIN      FLSCHOOL      NOBULLY
              ________      ________      ________      ________      ________
 FLIT        8579.316
 FCFMLRTY     124.785        28.432
 FLCONFIN      11.457         0.970         1.137
 FLSCHOOL      -9.305         1.230         0.132         0.987
 NOBULLY       15.486         0.498         0.001        -0.093         1.055
 FLFAMILY       6.735         1.002         0.187         0.247        -0.021
 IMMI1GEN      -0.643        -0.007        -0.001         0.000        -0.006
 IMMI2GEN      -0.381        -0.005        -0.001         0.000         0.000
 ESCS          27.383         0.796         0.076         0.019         0.045
 MALE          -2.973        -0.063         0.028         0.054        -0.070


           Covariances
              FLFAMILY      IMMI1GEN      IMMI2GEN      ESCS          MALE
              ________      ________      ________      ________      ________
 FLFAMILY       1.342
 IMMI1GEN       0.000         0.009
 IMMI2GEN      -0.002         0.000         0.006
 ESCS           0.054        -0.002         0.000         0.876
 MALE          -0.018         0.001         0.001         0.012         0.249


           Correlations
              FLIT          FCFMLRTY      FLCONFIN      FLSCHOOL      NOBULLY
              ________      ________      ________      ________      ________
 FLIT           1.000
 FCFMLRTY       0.253         1.000
 FLCONFIN       0.116         0.171         1.000
 FLSCHOOL      -0.101         0.232         0.125         1.000
 NOBULLY        0.163         0.091         0.001        -0.091         1.000
 FLFAMILY       0.063         0.162         0.152         0.215        -0.018
 IMMI1GEN      -0.074        -0.015        -0.013         0.002        -0.061
 IMMI2GEN      -0.054        -0.012        -0.008         0.004        -0.006
 ESCS           0.316         0.159         0.076         0.020         0.047
 MALE          -0.064        -0.024         0.053         0.109        -0.137


           Correlations
              FLFAMILY      IMMI1GEN      IMMI2GEN      ESCS          MALE
              ________      ________      ________      ________      ________
 FLFAMILY       1.000
 IMMI1GEN       0.000         1.000
 IMMI2GEN      -0.019        -0.007         1.000
 ESCS           0.050        -0.028        -0.005         1.000
 MALE          -0.031         0.028         0.023         0.025         1.000


MODEL FIT INFORMATION

Number of Free Parameters                       53

Loglikelihood

    H0 Value

        Mean                            -60320.615
        Std Dev                            196.802
        Number of successful computations       10

             Proportions                   Percentiles
        Expected    Observed         Expected       Observed
           0.990       1.000       -60778.437     -60593.151
           0.980       1.000       -60724.788     -60593.151
           0.950       1.000       -60644.336     -60593.151
           0.900       0.900       -60572.837     -60593.151
           0.800       0.700       -60486.244     -60593.151
           0.700       0.700       -60423.819     -60525.381
           0.500       0.400       -60320.615     -60326.791
           0.300       0.300       -60217.412     -60271.755
           0.200       0.300       -60154.987     -60153.559
           0.100       0.200       -60068.394     -60051.106
           0.050       0.000       -59996.895     -60051.106
           0.020       0.000       -59916.443     -60051.106
           0.010       0.000       -59862.794     -60051.106

    H1 Value

        Mean                            -60237.330
        Std Dev                            195.736
        Number of successful computations       10

             Proportions                   Percentiles
        Expected    Observed         Expected       Observed
           0.990       1.000       -60692.670     -60511.195
           0.980       1.000       -60639.312     -60511.195
           0.950       1.000       -60559.295     -60511.195
           0.900       0.900       -60488.185     -60511.195
           0.800       0.700       -60402.061     -60511.195
           0.700       0.700       -60339.974     -60434.089
           0.500       0.400       -60237.330     -60244.309
           0.300       0.300       -60134.686     -60192.120
           0.200       0.300       -60072.599     -60063.242
           0.100       0.200       -59986.475     -59969.106
           0.050       0.000       -59915.364     -59969.106
           0.020       0.000       -59835.347     -59969.106
           0.010       0.000       -59781.990     -59969.106

Information Criteria

    Akaike (AIC)

        Mean                            120747.231
        Std Dev                            393.605
        Number of successful computations       10

             Proportions                   Percentiles
        Expected    Observed         Expected       Observed
           0.990       1.000       119831.589     120107.367
           0.980       1.000       119938.885     120107.367
           0.950       1.000       120099.791     120107.367
           0.900       0.800       120242.787     120107.367
           0.800       0.700       120415.973     120107.367
           0.700       0.700       120540.825     120413.119
           0.500       0.600       120747.231     120748.815
           0.300       0.300       120953.637     120899.610
           0.200       0.300       121078.489     121156.761
           0.100       0.100       121251.675     121237.032
           0.050       0.000       121394.671     121237.032
           0.020       0.000       121555.577     121237.032
           0.010       0.000       121662.873     121237.032

    Bayesian (BIC)

        Mean                            121084.895
        Std Dev                            393.605
        Number of successful computations       10

             Proportions                   Percentiles
        Expected    Observed         Expected       Observed
           0.990       1.000       120169.252     120445.030
           0.980       1.000       120276.549     120445.030
           0.950       1.000       120437.454     120445.030
           0.900       0.800       120580.451     120445.030
           0.800       0.700       120753.637     120445.030
           0.700       0.700       120878.488     120750.782
           0.500       0.600       121084.895     121086.479
           0.300       0.300       121291.301     121237.273
           0.200       0.300       121416.152     121494.425
           0.100       0.100       121589.338     121574.696
           0.050       0.000       121732.335     121574.696
           0.020       0.000       121893.240     121574.696
           0.010       0.000       122000.537     121574.696

    Sample-Size Adjusted BIC (n* = (n + 2) / 24)

        Mean                            120916.482
        Std Dev                            393.605
        Number of successful computations       10

             Proportions                   Percentiles
        Expected    Observed         Expected       Observed
           0.990       1.000       120000.840     120276.618
           0.980       1.000       120108.137     120276.618
           0.950       1.000       120269.042     120276.618
           0.900       0.800       120412.039     120276.618
           0.800       0.700       120585.225     120276.618
           0.700       0.700       120710.076     120582.370
           0.500       0.600       120916.482     120918.066
           0.300       0.300       121122.888     121068.861
           0.200       0.300       121247.740     121326.013
           0.100       0.100       121420.926     121406.284
           0.050       0.000       121563.922     121406.284
           0.020       0.000       121724.828     121406.284
           0.010       0.000       121832.125     121406.284

Chi-Square Test of Model Fit

        Degrees of freedom                      10

        Mean                               151.540
        Std Dev                             10.487
        Number of successful computations       10

             Proportions                   Percentiles
        Expected    Observed         Expected       Observed
           0.990       1.000            2.558        140.527
           0.980       1.000            3.059        140.527
           0.950       1.000            3.940        140.527
           0.900       1.000            4.865        140.527
           0.800       1.000            6.179        140.527
           0.700       1.000            7.267        143.679
           0.500       1.000            9.342        148.025
           0.300       1.000           11.781        151.770
           0.200       1.000           13.442        153.057
           0.100       1.000           15.987        164.138
           0.050       1.000           18.307        164.138
           0.020       1.000           21.161        164.138
           0.010       1.000           23.209        164.138

RMSEA (Root Mean Square Error Of Approximation)

        Mean                                 0.057
        Std Dev                              0.002
        Number of successful computations       10

             Proportions                   Percentiles
        Expected    Observed         Expected       Observed
           0.990       1.000            0.052          0.055
           0.980       1.000            0.053          0.055
           0.950       1.000            0.054          0.055
           0.900       1.000            0.055          0.055
           0.800       0.800            0.055          0.055
           0.700       0.700            0.056          0.056
           0.500       0.400            0.057          0.057
           0.300       0.200            0.058          0.057
           0.200       0.200            0.059          0.058
           0.100       0.100            0.060          0.060
           0.050       0.100            0.061          0.060
           0.020       0.100            0.061          0.060
           0.010       0.100            0.062          0.060

CFI/TLI

    CFI

        Mean                                 0.898
        Std Dev                              0.006
        Number of successful computations       10

             Proportions                   Percentiles
        Expected    Observed         Expected       Observed
           0.990       1.000            0.884          0.884
           0.980       0.900            0.886          0.884
           0.950       0.900            0.888          0.884
           0.900       0.900            0.890          0.884
           0.800       0.800            0.893          0.884
           0.700       0.800            0.895          0.896
           0.500       0.700            0.898          0.899
           0.300       0.300            0.901          0.900
           0.200       0.100            0.903          0.902
           0.100       0.100            0.906          0.903
           0.050       0.000            0.908          0.903
           0.020       0.000            0.911          0.903
           0.010       0.000            0.912          0.903

    TLI

        Mean                                 0.756
        Std Dev                              0.014
        Number of successful computations       10

             Proportions                   Percentiles
        Expected    Observed         Expected       Observed
           0.990       1.000            0.722          0.722
           0.980       0.900            0.726          0.722
           0.950       0.900            0.732          0.722
           0.900       0.900            0.737          0.722
           0.800       0.800            0.744          0.722
           0.700       0.800            0.748          0.750
           0.500       0.700            0.756          0.758
           0.300       0.300            0.763          0.761
           0.200       0.100            0.768          0.766
           0.100       0.100            0.774          0.767
           0.050       0.000            0.779          0.767
           0.020       0.000            0.785          0.767
           0.010       0.000            0.789          0.767

SRMR (Standardized Root Mean Square Residual)

        Mean                                 0.025
        Std Dev                              0.001
        Number of successful computations       10

             Proportions                   Percentiles
        Expected    Observed         Expected       Observed
           0.990       1.000            0.023          0.024
           0.980       1.000            0.024          0.024
           0.950       1.000            0.024          0.024
           0.900       0.900            0.024          0.024
           0.800       0.800            0.025          0.024
           0.700       0.600            0.025          0.025
           0.500       0.400            0.025          0.025
           0.300       0.300            0.026          0.025
           0.200       0.300            0.026          0.026
           0.100       0.200            0.026          0.026
           0.050       0.000            0.027          0.026
           0.020       0.000            0.027          0.026
           0.010       0.000            0.027          0.026


MODEL RESULTS

                                                    Two-Tailed   Rate of
                    Estimate       S.E.  Est./S.E.    P-Value    Missing

 FCFMLRTY ON
    FLSCHOOL           1.176      0.092     12.836      0.000      0.075
    FLFAMILY           0.500      0.082      6.078      0.000      0.174
    NOBULLY            0.526      0.090      5.858      0.000      0.112
    ESCS               0.830      0.093      8.958      0.000      0.090
    IMMI2GEN          -0.647      1.216     -0.532      0.595      0.532
    MALE              -0.361      0.170     -2.128      0.033      0.071

 FLCONFIN ON
    FLSCHOOL           0.098      0.020      4.972      0.000      0.093
    FLFAMILY           0.120      0.018      6.788      0.000      0.132
    NOBULLY            0.016      0.019      0.839      0.401      0.223
    ESCS               0.075      0.022      3.463      0.001      0.248
    IMMI2GEN          -0.084      0.265     -0.315      0.752      0.495
    MALE               0.103      0.037      2.743      0.006      0.164

 FLIT     ON
    FCFMLRTY           3.787      0.298     12.701      0.000      0.182
    FLCONFIN           6.255      1.611      3.883      0.000      0.415
    FLSCHOOL         -15.341      1.668     -9.199      0.000      0.329
    FLFAMILY           3.229      1.370      2.357      0.018      0.310
    NOBULLY           10.138      1.570      6.460      0.000      0.276
    ESCS              26.721      1.795     14.888      0.000      0.298
    IMMI1GEN         -54.765     19.421     -2.820      0.005      0.341

 FLSCHOOL WITH
    FLFAMILY           0.247      0.022     11.355      0.000      0.145
    NOBULLY           -0.093      0.020     -4.700      0.000      0.281
    ESCS               0.019      0.019      0.987      0.323      0.363

 FLFAMILY WITH
    NOBULLY           -0.021      0.021     -1.024      0.306      0.151
    ESCS               0.054      0.022      2.475      0.013      0.353

 FCFMLRTY WITH
    FLCONFIN           0.668      0.095      7.019      0.000      0.132

 ESCS     WITH
    IMMI1GEN          -0.002      0.002     -1.316      0.188      0.105
    IMMI2GEN           0.000      0.001     -0.286      0.775      0.225
    NOBULLY            0.045      0.017      2.665      0.008      0.132

 IMMI1GEN WITH
    FLSCHOOL           0.000      0.002      0.101      0.920      0.245
    NOBULLY           -0.006      0.002     -2.506      0.012      0.189
    FLFAMILY           0.000      0.002     -0.014      0.989      0.361

 IMMI2GEN WITH
    FLSCHOOL           0.000      0.001      0.209      0.835      0.533
    NOBULLY            0.000      0.002     -0.289      0.772      0.497
    FLFAMILY          -0.002      0.002     -1.007      0.314      0.568
    IMMI1GEN           0.000      0.000     -3.444      0.001      0.000

 Means
    FLSCHOOL          -0.180      0.017    -10.807      0.000      0.105
    NOBULLY            0.138      0.020      6.796      0.000      0.371
    FLFAMILY           0.004      0.020      0.206      0.836      0.133
    IMMI1GEN           0.009      0.002      5.201      0.000      0.173
    IMMI2GEN           0.006      0.001      4.417      0.000      0.221
    ESCS              -0.407      0.015    -26.677      0.000      0.009

 Intercepts
    FLIT             389.009      2.549    152.624      0.000      0.236
    FCFMLRTY           6.451      0.133     48.663      0.000      0.134
    FLCONFIN          -0.117      0.030     -3.869      0.000      0.243

 Variances
    FLSCHOOL           0.987      0.021     46.653      0.000      0.039
    NOBULLY            1.055      0.033     31.899      0.000      0.133
    FLFAMILY           1.342      0.030     44.795      0.000      0.125
    IMMI1GEN           0.009      0.002      5.248      0.000      0.173
    IMMI2GEN           0.006      0.001      4.443      0.000      0.221
    ESCS               0.876      0.019     45.784      0.000      0.080

 Residual Variances
    FLIT            6941.999    227.014     30.580      0.000      0.567
    FCFMLRTY          25.529      0.555     46.038      0.000      0.122
    FLCONFIN           1.093      0.027     40.191      0.000      0.076


STANDARDIZED MODEL RESULTS


STDYX Standardization

                                                    Two-Tailed   Rate of
                    Estimate       S.E.  Est./S.E.    P-Value    Missing

 FCFMLRTY ON
    FLSCHOOL           0.219      0.017     13.052      0.000      0.087
    FLFAMILY           0.109      0.018      6.075      0.000      0.176
    NOBULLY            0.101      0.017      5.859      0.000      0.120
    ESCS               0.146      0.016      8.983      0.000      0.095
    IMMI2GEN          -0.009      0.017     -0.520      0.603      0.515
    MALE              -0.034      0.016     -2.123      0.034      0.070

 FLCONFIN ON
    FLSCHOOL           0.091      0.018      4.972      0.000      0.096
    FLFAMILY           0.130      0.019      6.799      0.000      0.139
    NOBULLY            0.015      0.018      0.840      0.401      0.222
    ESCS               0.066      0.019      3.472      0.001      0.246
    IMMI2GEN          -0.006      0.019     -0.319      0.750      0.490
    MALE               0.048      0.018      2.750      0.006      0.161

 FLIT     ON
    FCFMLRTY           0.218      0.017     12.819      0.000      0.246
    FLCONFIN           0.072      0.019      3.859      0.000      0.429
    FLSCHOOL          -0.165      0.018     -9.162      0.000      0.351
    FLFAMILY           0.040      0.017      2.360      0.018      0.310
    NOBULLY            0.112      0.017      6.464      0.000      0.279
    ESCS               0.270      0.017     16.215      0.000      0.234
    IMMI1GEN          -0.055      0.021     -2.595      0.009      0.391

 FLSCHOOL WITH
    FLFAMILY           0.215      0.018     12.005      0.000      0.149
    NOBULLY           -0.091      0.019     -4.729      0.000      0.294
    ESCS               0.020      0.020      0.989      0.323      0.365

 FLFAMILY WITH
    NOBULLY           -0.018      0.017     -1.026      0.305      0.150
    ESCS               0.050      0.020      2.479      0.013      0.357

 FCFMLRTY WITH
    FLCONFIN           0.126      0.018      7.174      0.000      0.123

 ESCS     WITH
    IMMI1GEN          -0.028      0.020     -1.358      0.174      0.095
    IMMI2GEN          -0.005      0.019     -0.278      0.781      0.222
    NOBULLY            0.047      0.018      2.676      0.007      0.130

 IMMI1GEN WITH
    FLSCHOOL           0.002      0.021      0.095      0.924      0.243
    NOBULLY           -0.061      0.022     -2.768      0.006      0.203
    FLFAMILY          -0.001      0.019     -0.031      0.975      0.373

 IMMI2GEN WITH
    FLSCHOOL           0.004      0.019      0.189      0.850      0.548
    NOBULLY           -0.006      0.021     -0.288      0.774      0.498
    FLFAMILY          -0.020      0.019     -1.033      0.302      0.605
    IMMI1GEN          -0.007      0.001     -6.836      0.000      0.165

 Means
    FLSCHOOL          -0.182      0.017    -10.468      0.000      0.108
    NOBULLY            0.134      0.021      6.330      0.000      0.351
    FLFAMILY           0.004      0.017      0.207      0.836      0.133
    IMMI1GEN           0.094      0.009     10.303      0.000      0.174
    IMMI2GEN           0.076      0.009      8.780      0.000      0.221
    ESCS              -0.435      0.017    -26.201      0.000      0.021

 Intercepts
    FLIT               4.201      0.066     63.817      0.000      0.395
    FCFMLRTY           1.209      0.025     48.895      0.000      0.131
    FLCONFIN          -0.110      0.028     -3.881      0.000      0.240

 Variances
    FLSCHOOL           1.000      0.000  *********      0.000      0.000
    NOBULLY            1.000      0.000  *********      0.000      0.000
    FLFAMILY           1.000      0.000  *********      0.000      0.000
    IMMI1GEN           1.000      0.000  *********      0.000      0.000
    IMMI2GEN           1.000      0.000  *********      0.000      0.000
    ESCS               1.000      0.000  *********      0.000      0.000

 Residual Variances
    FLIT               0.809      0.013     64.036      0.000      0.221
    FCFMLRTY           0.897      0.010     86.479      0.000      0.084
    FLCONFIN           0.961      0.007    132.301      0.000      0.117


R-SQUARE

    Observed                                        Two-Tailed   Rate of
    Variable        Estimate       S.E.  Est./S.E.    P-Value    Missing

    FLIT               0.191      0.013     15.077      0.000      0.221
    FCFMLRTY           0.103      0.010      9.898      0.000      0.084
    FLCONFIN           0.039      0.007      5.312      0.000      0.117


QUALITY OF NUMERICAL RESULTS

     Average Condition Number for the Information Matrix      0.114E-07
       (ratio of smallest to largest eigenvalue)


TOTAL, TOTAL INDIRECT, SPECIFIC INDIRECT, AND DIRECT EFFECTS


                                                    Two-Tailed   Rate of
                    Estimate       S.E.  Est./S.E.    P-Value    Missing

Effects from FLSCHOOL to FLIT

  Total              -10.275      1.673     -6.141      0.000      0.329
  Total indirect       5.066      0.532      9.515      0.000      0.138

  Specific indirect 1
    FLIT
    FCFMLRTY
    FLSCHOOL           4.451      0.489      9.096      0.000      0.094

  Specific indirect 2
    FLIT
    FLCONFIN
    FLSCHOOL           0.615      0.208      2.961      0.003      0.319

  Direct
    FLIT
    FLSCHOOL         -15.341      1.668     -9.199      0.000      0.329


Effects from FLFAMILY to FLIT

  Total                5.872      1.310      4.481      0.000      0.227
  Total indirect       2.643      0.409      6.461      0.000      0.184

  Specific indirect 1
    FLIT
    FCFMLRTY
    FLFAMILY           1.894      0.350      5.418      0.000      0.206

  Specific indirect 2
    FLIT
    FLCONFIN
    FLFAMILY           0.748      0.209      3.589      0.000      0.264

  Direct
    FLIT
    FLFAMILY           3.229      1.370      2.357      0.018      0.310


Effects from NOBULLY to FLIT

  Total               12.226      1.552      7.879      0.000      0.245
  Total indirect       2.088      0.392      5.326      0.000      0.091

  Specific indirect 1
    FLIT
    FCFMLRTY
    NOBULLY            1.992      0.370      5.388      0.000      0.112

  Specific indirect 2
    FLIT
    FLCONFIN
    NOBULLY            0.096      0.116      0.828      0.408      0.171

  Direct
    FLIT
    NOBULLY           10.138      1.570      6.460      0.000      0.276


Effects from ESCS to FLIT

  Total               30.329      1.756     17.274      0.000      0.246
  Total indirect       3.608      0.456      7.918      0.000      0.127

  Specific indirect 1
    FLIT
    FCFMLRTY
    ESCS               3.140      0.412      7.629      0.000      0.088

  Specific indirect 2
    FLIT
    FLCONFIN
    ESCS               0.468      0.180      2.592      0.010      0.325

  Direct
    FLIT
    ESCS              26.721      1.795     14.888      0.000      0.298


Effects from IMMI2GEN to FLIT

  Total               -2.937      4.987     -0.589      0.556      0.506
  Total indirect      -2.937      4.987     -0.589      0.556      0.506

  Specific indirect 1
    FLIT
    FCFMLRTY
    IMMI2GEN          -2.454      4.593     -0.534      0.593      0.526

  Specific indirect 2
    FLIT
    FLCONFIN
    IMMI2GEN          -0.483      1.641     -0.295      0.768      0.449


Effects from MALE to FLIT

  Total               -0.721      0.739     -0.976      0.329      0.106
  Total indirect      -0.721      0.739     -0.976      0.329      0.106

  Specific indirect 1
    FLIT
    FCFMLRTY
    MALE              -1.363      0.650     -2.095      0.036      0.050

  Specific indirect 2
    FLIT
    FLCONFIN
    MALE               0.641      0.274      2.342      0.019      0.238



STANDARDIZED TOTAL, TOTAL INDIRECT, SPECIFIC INDIRECT, AND DIRECT EFFECTS


STDYX Standardization

                                                    Two-Tailed   Rate of
                    Estimate       S.E.  Est./S.E.    P-Value    Missing

Effects from FLSCHOOL to FLIT

  Total               -0.110      0.018     -6.134      0.000      0.335
  Total indirect       0.054      0.006      9.445      0.000      0.183

  Specific indirect 1
    FLIT
    FCFMLRTY
    FLSCHOOL           0.048      0.005      9.087      0.000      0.123

  Specific indirect 2
    FLIT
    FLCONFIN
    FLSCHOOL           0.007      0.002      2.947      0.003      0.330

  Direct
    FLIT
    FLSCHOOL          -0.165      0.018     -9.162      0.000      0.351


Effects from FLFAMILY to FLIT

  Total                0.073      0.016      4.485      0.000      0.232
  Total indirect       0.033      0.005      6.440      0.000      0.202

  Specific indirect 1
    FLIT
    FCFMLRTY
    FLFAMILY           0.024      0.004      5.441      0.000      0.208

  Specific indirect 2
    FLIT
    FLCONFIN
    FLFAMILY           0.009      0.003      3.560      0.000      0.282

  Direct
    FLIT
    FLFAMILY           0.040      0.017      2.360      0.018      0.310


Effects from NOBULLY to FLIT

  Total                0.136      0.017      7.921      0.000      0.251
  Total indirect       0.023      0.004      5.384      0.000      0.093

  Specific indirect 1
    FLIT
    FCFMLRTY
    NOBULLY            0.022      0.004      5.425      0.000      0.119

  Specific indirect 2
    FLIT
    FLCONFIN
    NOBULLY            0.001      0.001      0.828      0.407      0.169

  Direct
    FLIT
    NOBULLY            0.112      0.017      6.464      0.000      0.279


Effects from ESCS to FLIT

  Total                0.307      0.016     19.004      0.000      0.186
  Total indirect       0.036      0.005      7.849      0.000      0.165

  Specific indirect 1
    FLIT
    FCFMLRTY
    ESCS               0.032      0.004      7.611      0.000      0.114

  Specific indirect 2
    FLIT
    FLCONFIN
    ESCS               0.005      0.002      2.581      0.010      0.333

  Direct
    FLIT
    ESCS               0.270      0.017     16.215      0.000      0.234


Effects from IMMI2GEN to FLIT

  Total               -0.002      0.004     -0.578      0.563      0.484
  Total indirect      -0.002      0.004     -0.578      0.563      0.484

  Specific indirect 1
    FLIT
    FCFMLRTY
    IMMI2GEN          -0.002      0.004     -0.522      0.602      0.509

  Specific indirect 2
    FLIT
    FLCONFIN
    IMMI2GEN           0.000      0.001     -0.295      0.768      0.441


Effects from MALE to FLIT

  Total               -0.004      0.004     -0.975      0.329      0.106
  Total indirect      -0.004      0.004     -0.975      0.329      0.106

  Specific indirect 1
    FLIT
    FCFMLRTY
    MALE              -0.007      0.004     -2.095      0.036      0.051

  Specific indirect 2
    FLIT
    FLCONFIN
    MALE               0.003      0.001      2.335      0.020      0.243




TECHNICAL 1 OUTPUT


     PARAMETER SPECIFICATION


           NU
              FLIT          FCFMLRTY      FLCONFIN      FLSCHOOL      NOBULLY
              ________      ________      ________      ________      ________
                  0             0             0             0             0


           NU
              FLFAMILY      IMMI1GEN      IMMI2GEN      ESCS          MALE
              ________      ________      ________      ________      ________
                  0             0             0             0             0


           LAMBDA
              FLIT          FCFMLRTY      FLCONFIN      FLSCHOOL      NOBULLY
              ________      ________      ________      ________      ________
 FLIT               0             0             0             0             0
 FCFMLRTY           0             0             0             0             0
 FLCONFIN           0             0             0             0             0
 FLSCHOOL           0             0             0             0             0
 NOBULLY            0             0             0             0             0
 FLFAMILY           0             0             0             0             0
 IMMI1GEN           0             0             0             0             0
 IMMI2GEN           0             0             0             0             0
 ESCS               0             0             0             0             0
 MALE               0             0             0             0             0


           LAMBDA
              FLFAMILY      IMMI1GEN      IMMI2GEN      ESCS          MALE
              ________      ________      ________      ________      ________
 FLIT               0             0             0             0             0
 FCFMLRTY           0             0             0             0             0
 FLCONFIN           0             0             0             0             0
 FLSCHOOL           0             0             0             0             0
 NOBULLY            0             0             0             0             0
 FLFAMILY           0             0             0             0             0
 IMMI1GEN           0             0             0             0             0
 IMMI2GEN           0             0             0             0             0
 ESCS               0             0             0             0             0
 MALE               0             0             0             0             0


           THETA
              FLIT          FCFMLRTY      FLCONFIN      FLSCHOOL      NOBULLY
              ________      ________      ________      ________      ________
 FLIT               0
 FCFMLRTY           0             0
 FLCONFIN           0             0             0
 FLSCHOOL           0             0             0             0
 NOBULLY            0             0             0             0             0
 FLFAMILY           0             0             0             0             0
 IMMI1GEN           0             0             0             0             0
 IMMI2GEN           0             0             0             0             0
 ESCS               0             0             0             0             0
 MALE               0             0             0             0             0


           THETA
              FLFAMILY      IMMI1GEN      IMMI2GEN      ESCS          MALE
              ________      ________      ________      ________      ________
 FLFAMILY           0
 IMMI1GEN           0             0
 IMMI2GEN           0             0             0
 ESCS               0             0             0             0
 MALE               0             0             0             0             0


           ALPHA
              FLIT          FCFMLRTY      FLCONFIN      FLSCHOOL      NOBULLY
              ________      ________      ________      ________      ________
                  1             2             3             4             5


           ALPHA
              FLFAMILY      IMMI1GEN      IMMI2GEN      ESCS          MALE
              ________      ________      ________      ________      ________
                  6             7             8             9             0


           BETA
              FLIT          FCFMLRTY      FLCONFIN      FLSCHOOL      NOBULLY
              ________      ________      ________      ________      ________
 FLIT               0            10            11            12            13
 FCFMLRTY           0             0             0            17            18
 FLCONFIN           0             0             0            23            24
 FLSCHOOL           0             0             0             0             0
 NOBULLY            0             0             0             0             0
 FLFAMILY           0             0             0             0             0
 IMMI1GEN           0             0             0             0             0
 IMMI2GEN           0             0             0             0             0
 ESCS               0             0             0             0             0
 MALE               0             0             0             0             0


           BETA
              FLFAMILY      IMMI1GEN      IMMI2GEN      ESCS          MALE
              ________      ________      ________      ________      ________
 FLIT              14            15             0            16             0
 FCFMLRTY          19             0            20            21            22
 FLCONFIN          25             0            26            27            28
 FLSCHOOL           0             0             0             0             0
 NOBULLY            0             0             0             0             0
 FLFAMILY           0             0             0             0             0
 IMMI1GEN           0             0             0             0             0
 IMMI2GEN           0             0             0             0             0
 ESCS               0             0             0             0             0
 MALE               0             0             0             0             0


           PSI
              FLIT          FCFMLRTY      FLCONFIN      FLSCHOOL      NOBULLY
              ________      ________      ________      ________      ________
 FLIT              29
 FCFMLRTY           0            30
 FLCONFIN           0            31            32
 FLSCHOOL           0             0             0            33
 NOBULLY            0             0             0            34            35
 FLFAMILY           0             0             0            36            37
 IMMI1GEN           0             0             0            39            40
 IMMI2GEN           0             0             0            43            44
 ESCS               0             0             0            48            49
 MALE               0             0             0             0             0


           PSI
              FLFAMILY      IMMI1GEN      IMMI2GEN      ESCS          MALE
              ________      ________      ________      ________      ________
 FLFAMILY          38
 IMMI1GEN          41            42
 IMMI2GEN          45            46            47
 ESCS              50            51            52            53
 MALE               0             0             0             0             0


     STARTING VALUES


           NU
              FLIT          FCFMLRTY      FLCONFIN      FLSCHOOL      NOBULLY
              ________      ________      ________      ________      ________
                0.000         0.000         0.000         0.000         0.000


           NU
              FLFAMILY      IMMI1GEN      IMMI2GEN      ESCS          MALE
              ________      ________      ________      ________      ________
                0.000         0.000         0.000         0.000         0.000


           LAMBDA
              FLIT          FCFMLRTY      FLCONFIN      FLSCHOOL      NOBULLY
              ________      ________      ________      ________      ________
 FLIT           1.000         0.000         0.000         0.000         0.000
 FCFMLRTY       0.000         1.000         0.000         0.000         0.000
 FLCONFIN       0.000         0.000         1.000         0.000         0.000
 FLSCHOOL       0.000         0.000         0.000         1.000         0.000
 NOBULLY        0.000         0.000         0.000         0.000         1.000
 FLFAMILY       0.000         0.000         0.000         0.000         0.000
 IMMI1GEN       0.000         0.000         0.000         0.000         0.000
 IMMI2GEN       0.000         0.000         0.000         0.000         0.000
 ESCS           0.000         0.000         0.000         0.000         0.000
 MALE           0.000         0.000         0.000         0.000         0.000


           LAMBDA
              FLFAMILY      IMMI1GEN      IMMI2GEN      ESCS          MALE
              ________      ________      ________      ________      ________
 FLIT           0.000         0.000         0.000         0.000         0.000
 FCFMLRTY       0.000         0.000         0.000         0.000         0.000
 FLCONFIN       0.000         0.000         0.000         0.000         0.000
 FLSCHOOL       0.000         0.000         0.000         0.000         0.000
 NOBULLY        0.000         0.000         0.000         0.000         0.000
 FLFAMILY       1.000         0.000         0.000         0.000         0.000
 IMMI1GEN       0.000         1.000         0.000         0.000         0.000
 IMMI2GEN       0.000         0.000         1.000         0.000         0.000
 ESCS           0.000         0.000         0.000         1.000         0.000
 MALE           0.000         0.000         0.000         0.000         1.000


           THETA
              FLIT          FCFMLRTY      FLCONFIN      FLSCHOOL      NOBULLY
              ________      ________      ________      ________      ________
 FLIT           0.000
 FCFMLRTY       0.000         0.000
 FLCONFIN       0.000         0.000         0.000
 FLSCHOOL       0.000         0.000         0.000         0.000
 NOBULLY        0.000         0.000         0.000         0.000         0.000
 FLFAMILY       0.000         0.000         0.000         0.000         0.000
 IMMI1GEN       0.000         0.000         0.000         0.000         0.000
 IMMI2GEN       0.000         0.000         0.000         0.000         0.000
 ESCS           0.000         0.000         0.000         0.000         0.000
 MALE           0.000         0.000         0.000         0.000         0.000


           THETA
              FLFAMILY      IMMI1GEN      IMMI2GEN      ESCS          MALE
              ________      ________      ________      ________      ________
 FLFAMILY       0.000
 IMMI1GEN       0.000         0.000
 IMMI2GEN       0.000         0.000         0.000
 ESCS           0.000         0.000         0.000         0.000
 MALE           0.000         0.000         0.000         0.000         0.000


           ALPHA
              FLIT          FCFMLRTY      FLCONFIN      FLSCHOOL      NOBULLY
              ________      ________      ________      ________      ________
              403.220         5.759        -0.117        -0.173         0.128


           ALPHA
              FLFAMILY      IMMI1GEN      IMMI2GEN      ESCS          MALE
              ________      ________      ________      ________      ________
               -0.008         0.009         0.006        -0.407         0.523


           BETA
              FLIT          FCFMLRTY      FLCONFIN      FLSCHOOL      NOBULLY
              ________      ________      ________      ________      ________
 FLIT           0.000         0.000         0.000         0.000         0.000
 FCFMLRTY       0.000         0.000         0.000         0.000         0.000
 FLCONFIN       0.000         0.000         0.000         0.000         0.000
 FLSCHOOL       0.000         0.000         0.000         0.000         0.000
 NOBULLY        0.000         0.000         0.000         0.000         0.000
 FLFAMILY       0.000         0.000         0.000         0.000         0.000
 IMMI1GEN       0.000         0.000         0.000         0.000         0.000
 IMMI2GEN       0.000         0.000         0.000         0.000         0.000
 ESCS           0.000         0.000         0.000         0.000         0.000
 MALE           0.000         0.000         0.000         0.000         0.000


           BETA
              FLFAMILY      IMMI1GEN      IMMI2GEN      ESCS          MALE
              ________      ________      ________      ________      ________
 FLIT           0.000         0.000         0.000         0.000         0.000
 FCFMLRTY       0.000         0.000         0.000         0.000         0.000
 FLCONFIN       0.000         0.000         0.000         0.000         0.000
 FLSCHOOL       0.000         0.000         0.000         0.000         0.000
 NOBULLY        0.000         0.000         0.000         0.000         0.000
 FLFAMILY       0.000         0.000         0.000         0.000         0.000
 IMMI1GEN       0.000         0.000         0.000         0.000         0.000
 IMMI2GEN       0.000         0.000         0.000         0.000         0.000
 ESCS           0.000         0.000         0.000         0.000         0.000
 MALE           0.000         0.000         0.000         0.000         0.000


           PSI
              FLIT          FCFMLRTY      FLCONFIN      FLSCHOOL      NOBULLY
              ________      ________      ________      ________      ________
 FLIT        4304.463
 FCFMLRTY       0.000        14.134
 FLCONFIN       0.000         0.000         0.573
 FLSCHOOL       0.000         0.000         0.000         0.498
 NOBULLY        0.000         0.000         0.000         0.000         0.532
 FLFAMILY       0.000         0.000         0.000         0.000         0.000
 IMMI1GEN       0.000         0.000         0.000         0.000         0.000
 IMMI2GEN       0.000         0.000         0.000         0.000         0.000
 ESCS           0.000         0.000         0.000         0.000         0.000
 MALE           0.000         0.000         0.000         0.000         0.000


           PSI
              FLFAMILY      IMMI1GEN      IMMI2GEN      ESCS          MALE
              ________      ________      ________      ________      ________
 FLFAMILY       0.669
 IMMI1GEN       0.000         0.004
 IMMI2GEN       0.000         0.000         0.003
 ESCS           0.000         0.000         0.000         0.436
 MALE           0.000         0.000         0.000         0.000         0.249


     Beginning Time:  12:24:02
        Ending Time:  12:24:36
       Elapsed Time:  00:00:34



MUTHEN & MUTHEN
3463 Stoner Ave.
Los Angeles, CA  90066

Tel: (310) 391-9971
Fax: (310) 391-8971
Web: www.StatModel.com
Support: Support@StatModel.com

Copyright (c) 1998-2019 Muthen & Muthen
