Mplus VERSION 8.5 (Linux)
MUTHEN & MUTHEN
03/11/2021   6:03 PM

INPUT INSTRUCTIONS


  TITLE:
      One-level 643

  DATA:
      file = "~/implist.dat";

      type = imputation;

  VARIABLE:
      names =
          FKI CNTRYID CNTSCHID W_STU
          MATH READ FLIT                      ! PISA achievement variables
          MALE IMMI1GEN IMMI2GEN ESCS         ! Demographic info
          FCFMLRTY FLCONFIN                   ! Affect
          FLSCHOOL                            !   Lat var "Academic"
          NOBULLY                             !   Lat var "Safety"
          FLFAMILY                            !   Lat var "Community"
          W_SCH STRATIO                       ! School character
          EDUSHORT                            !   Lat var "inst. env."
          ;

      useobs = CNTRYID eq 643;          ! Pull out one country at a time

      usevar =
          FLIT                                ! PISA achievement variables
          FLSCHOOL                            !   Lat var "Academic"
          NOBULLY                             !   Lat var "Safety"
          FLFAMILY                            !   Lat var "Community"
          FCFMLRTY FLCONFIN                   ! Affect
          MALE IMMI1GEN IMMI2GEN ESCS         ! Demographic info
          ;

      weight = W_STU;                         ! Student weight


  ANALYSIS:
      processors = 8;

      estimator = MLR;


  MODEL:

      ! Indirect pathways (1st half): school climate vars onto mediators
          ! Onto mediator FAMILIARITY
      FCFMLRTY on FLSCHOOL FLFAMILY NOBULLY ESCS IMMI2GEN MALE;
          ! Onto mediator CONFIDENCE
      FLCONFIN on FLSCHOOL FLFAMILY NOBULLY ESCS IMMI2GEN MALE;

      ! Total effect
      FLIT on
          ! Indirect pathways (2nd half): affective vars onto financial literacy
          FCFMLRTY FLCONFIN
          ! Direct pathways: school climate vars onto financial literacy
          FLSCHOOL FLFAMILY NOBULLY
          ! Dmographic vars
          ESCS IMMI1GEN
          ;

      ! Covariances
          ! Between school climate vars
      FLSCHOOL with FLFAMILY;
      FLFAMILY with NOBULLY;
      FLSCHOOL with NOBULLY;
          ! Between mediators
      FCFMLRTY with FLCONFIN;

          ! SES with school climate vars
      ESCS with FLSCHOOL FLFAMILY;
          ! SES with demographic vars
      ESCS with IMMI1GEN IMMI2GEN;

  MODEL INDIRECT:
  ! Indirect effects
      FLIT ind FLSCHOOL;
      FLIT ind FLFAMILY;
      FLIT ind NOBULLY;

      FLIT ind ESCS;
      FLIT ind IMMI2GEN;
      FLIT ind MALE;


  OUTPUT:
      stdyx                                   ! Fully standardised solution
      ;



INPUT READING TERMINATED NORMALLY




One-level 643

SUMMARY OF ANALYSIS

Number of groups                                                 1
Average number of observations                                9124

Number of replications
    Requested                                                   10
    Completed                                                   10

Number of dependent variables                                    3
Number of independent variables                                  7
Number of continuous latent variables                            0

Observed dependent variables

  Continuous
   FLIT        FCFMLRTY    FLCONFIN

Observed independent variables
   FLSCHOOL    NOBULLY     FLFAMILY    MALE        IMMI1GEN    IMMI2GEN
   ESCS

Variables with special functions

  Weight variable       W_STU

Estimator                                                      MLR
Information matrix                                        OBSERVED
Maximum number of iterations                                  1000
Convergence criterion                                    0.500D-04
Maximum number of steepest descent iterations                   20

Input data file(s)
  Multiple data files from
    ~/implist.dat

Input data format  FREE


SAMPLE STATISTICS

NOTE:  These are average results over 10 data sets.


     SAMPLE STATISTICS


           Means
              FLIT          FCFMLRTY      FLCONFIN      FLSCHOOL      NOBULLY
              ________      ________      ________      ________      ________
              495.033         8.615         0.131         0.374        -0.258


           Means
              FLFAMILY      IMMI1GEN      IMMI2GEN      ESCS          MALE
              ________      ________      ________      ________      ________
                0.106         0.026         0.033         0.123         0.499


           Covariances
              FLIT          FCFMLRTY      FLCONFIN      FLSCHOOL      NOBULLY
              ________      ________      ________      ________      ________
 FLIT        7566.627
 FCFMLRTY     127.563        34.620
 FLCONFIN      14.764         1.259         0.954
 FLSCHOOL       6.071         1.565         0.156         1.041
 NOBULLY        4.645         0.362         0.039         0.001         1.195
 FLFAMILY       2.760         0.918         0.166         0.265        -0.005
 IMMI1GEN      -0.469        -0.008        -0.002        -0.001        -0.002
 IMMI2GEN       0.537        -0.015         0.003        -0.004         0.001
 ESCS          19.977         0.752         0.089         0.038         0.003
 MALE           1.141         0.093         0.042         0.017        -0.049


           Covariances
              FLFAMILY      IMMI1GEN      IMMI2GEN      ESCS          MALE
              ________      ________      ________      ________      ________
 FLFAMILY       1.150
 IMMI1GEN       0.002         0.025
 IMMI2GEN       0.000        -0.001         0.032
 ESCS           0.035        -0.004         0.001         0.569
 MALE          -0.020        -0.001        -0.002         0.014         0.250


           Correlations
              FLIT          FCFMLRTY      FLCONFIN      FLSCHOOL      NOBULLY
              ________      ________      ________      ________      ________
 FLIT           1.000
 FCFMLRTY       0.249         1.000
 FLCONFIN       0.174         0.219         1.000
 FLSCHOOL       0.068         0.261         0.157         1.000
 NOBULLY        0.049         0.056         0.037         0.000         1.000
 FLFAMILY       0.030         0.145         0.159         0.242        -0.005
 IMMI1GEN      -0.034        -0.008        -0.013        -0.008        -0.011
 IMMI2GEN       0.035        -0.014         0.015        -0.025         0.003
 ESCS           0.304         0.169         0.121         0.049         0.004
 MALE           0.026         0.032         0.087         0.033        -0.089


           Correlations
              FLFAMILY      IMMI1GEN      IMMI2GEN      ESCS          MALE
              ________      ________      ________      ________      ________
 FLFAMILY       1.000
 IMMI1GEN       0.012         1.000
 IMMI2GEN      -0.002        -0.028         1.000
 ESCS           0.044        -0.035         0.005         1.000
 MALE          -0.037        -0.017        -0.018         0.038         1.000


MODEL FIT INFORMATION

Number of Free Parameters                       53

Loglikelihood

    H0 Value

        Mean                           -137794.706
        Std Dev                            132.354
        Number of successful computations       10

             Proportions                   Percentiles
        Expected    Observed         Expected       Observed
           0.990       1.000      -138102.601    -138063.862
           0.980       1.000      -138066.521    -138063.862
           0.950       0.900      -138012.415    -138063.862
           0.900       0.900      -137964.331    -138063.862
           0.800       0.900      -137906.095    -138063.862
           0.700       0.700      -137864.112    -137867.292
           0.500       0.400      -137794.706    -137804.674
           0.300       0.300      -137725.299    -137740.402
           0.200       0.100      -137683.316    -137720.336
           0.100       0.100      -137625.081    -137717.908
           0.050       0.100      -137576.996    -137717.908
           0.020       0.100      -137522.890    -137717.908
           0.010       0.000      -137486.810    -137717.908

    H1 Value

        Mean                           -137726.292
        Std Dev                            130.303
        Number of successful computations       10

             Proportions                   Percentiles
        Expected    Observed         Expected       Observed
           0.990       1.000      -138029.415    -137982.452
           0.980       1.000      -137993.894    -137982.452
           0.950       0.900      -137940.626    -137982.452
           0.900       0.900      -137893.287    -137982.452
           0.800       0.900      -137835.954    -137982.452
           0.700       0.800      -137794.622    -137789.434
           0.500       0.400      -137726.292    -137731.819
           0.300       0.300      -137657.961    -137673.816
           0.200       0.100      -137616.629    -137653.716
           0.100       0.100      -137559.296    -137653.316
           0.050       0.100      -137511.957    -137653.316
           0.020       0.100      -137458.689    -137653.316
           0.010       0.000      -137423.169    -137653.316

Information Criteria

    Akaike (AIC)

        Mean                            275695.411
        Std Dev                            264.708
        Number of successful computations       10

             Proportions                   Percentiles
        Expected    Observed         Expected       Observed
           0.990       1.000       275079.620     275148.437
           0.980       0.900       275151.780     275148.437
           0.950       0.900       275259.993     275148.437
           0.900       0.900       275356.161     275148.437
           0.800       0.900       275472.633     275148.437
           0.700       0.700       275556.598     275546.671
           0.500       0.600       275695.411     275699.581
           0.300       0.300       275834.224     275794.001
           0.200       0.100       275918.190     275840.584
           0.100       0.100       276034.661     275847.146
           0.050       0.100       276130.830     275847.146
           0.020       0.000       276239.043     275847.146
           0.010       0.000       276311.202     275847.146

    Bayesian (BIC)

        Mean                            276072.701
        Std Dev                            264.708
        Number of successful computations       10

             Proportions                   Percentiles
        Expected    Observed         Expected       Observed
           0.990       1.000       275456.910     275525.726
           0.980       0.900       275529.069     275525.726
           0.950       0.900       275637.282     275525.726
           0.900       0.900       275733.450     275525.726
           0.800       0.900       275849.922     275525.726
           0.700       0.700       275933.887     275923.960
           0.500       0.600       276072.701     276076.870
           0.300       0.300       276211.514     276171.290
           0.200       0.100       276295.479     276217.873
           0.100       0.100       276411.951     276224.435
           0.050       0.100       276508.119     276224.435
           0.020       0.000       276616.332     276224.435
           0.010       0.000       276688.491     276224.435

    Sample-Size Adjusted BIC (n* = (n + 2) / 24)

        Mean                            275904.275
        Std Dev                            264.708
        Number of successful computations       10

             Proportions                   Percentiles
        Expected    Observed         Expected       Observed
           0.990       1.000       275288.484     275357.301
           0.980       0.900       275360.644     275357.301
           0.950       0.900       275468.857     275357.301
           0.900       0.900       275565.025     275357.301
           0.800       0.900       275681.497     275357.301
           0.700       0.700       275765.462     275755.535
           0.500       0.600       275904.275     275908.445
           0.300       0.300       276043.088     276002.864
           0.200       0.100       276127.054     276049.448
           0.100       0.100       276243.525     276056.010
           0.050       0.100       276339.694     276056.010
           0.020       0.000       276447.907     276056.010
           0.010       0.000       276520.066     276056.010

Chi-Square Test of Model Fit

        Degrees of freedom                      10

        Mean                                69.772
        Std Dev                              7.711
        Number of successful computations       10

             Proportions                   Percentiles
        Expected    Observed         Expected       Observed
           0.990       1.000            2.558         56.533
           0.980       1.000            3.059         56.533
           0.950       1.000            3.940         56.533
           0.900       1.000            4.865         56.533
           0.800       1.000            6.179         56.533
           0.700       1.000            7.267         65.602
           0.500       1.000            9.342         67.244
           0.300       1.000           11.781         71.835
           0.200       1.000           13.442         75.130
           0.100       1.000           15.987         79.763
           0.050       1.000           18.307         79.763
           0.020       1.000           21.161         79.763
           0.010       1.000           23.209         79.763

RMSEA (Root Mean Square Error Of Approximation)

        Mean                                 0.026
        Std Dev                              0.002
        Number of successful computations       10

        Cumulative Distribution Function
           Value    Function Value
           0.990       1.000
           0.980       1.000
           0.950       1.000
           0.900       1.000
           0.800       1.000
           0.700       1.000
           0.500       1.000
           0.300       1.000
           0.200       1.000
           0.100       1.000
           0.050       1.000
           0.020       0.000
           0.010       0.000

CFI/TLI

    CFI

        Mean                                 0.959
        Std Dev                              0.006
        Number of successful computations       10

        Cumulative Distribution Function
           Value    Function Value
           0.990       1.000
           0.980       1.000
           0.950       0.100
           0.900       0.000
           0.800       0.000
           0.700       0.000
           0.500       0.000
           0.300       0.000
           0.200       0.000
           0.100       0.000
           0.050       0.000
           0.020       0.000
           0.010       0.000

    TLI

        Mean                                 0.903
        Std Dev                              0.015
        Number of successful computations       10

        Cumulative Distribution Function
           Value    Function Value
           0.990       1.000
           0.980       1.000
           0.950       1.000
           0.900       0.300
           0.800       0.000
           0.700       0.000
           0.500       0.000
           0.300       0.000
           0.200       0.000
           0.100       0.000
           0.050       0.000
           0.020       0.000
           0.010       0.000

SRMR (Standardized Root Mean Square Residual)

        Mean                                 0.015
        Std Dev                              0.001
        Number of successful computations       10

        Cumulative Distribution Function
           Value    Function Value
           0.990       1.000
           0.980       1.000
           0.950       1.000
           0.900       1.000
           0.800       1.000
           0.700       1.000
           0.500       1.000
           0.300       1.000
           0.200       1.000
           0.100       1.000
           0.050       1.000
           0.020       1.000
           0.010       0.000


MODEL RESULTS

                                                    Two-Tailed   Rate of
                    Estimate       S.E.  Est./S.E.    P-Value    Missing

 FCFMLRTY ON
    FLSCHOOL           1.336      0.090     14.759      0.000      0.104
    FLFAMILY           0.460      0.090      5.123      0.000      0.097
    NOBULLY            0.314      0.086      3.655      0.000      0.123
    ESCS               1.194      0.125      9.572      0.000      0.113
    IMMI2GEN          -0.280      0.466     -0.601      0.548      0.141
    MALE               0.310      0.177      1.750      0.080      0.106

 FLCONFIN ON
    FLSCHOOL           0.113      0.018      6.344      0.000      0.129
    FLFAMILY           0.118      0.018      6.527      0.000      0.236
    NOBULLY            0.040      0.015      2.642      0.008      0.202
    ESCS               0.138      0.023      6.015      0.000      0.211
    IMMI2GEN           0.107      0.070      1.523      0.128      0.125
    MALE               0.171      0.030      5.670      0.000      0.099

 FLIT     ON
    FCFMLRTY           2.727      0.248     10.977      0.000      0.218
    FLCONFIN           9.317      1.618      5.758      0.000      0.408
    FLSCHOOL          -0.269      1.440     -0.187      0.852      0.205
    FLFAMILY          -1.963      1.238     -1.585      0.113      0.098
    NOBULLY            2.659      1.524      1.745      0.081      0.499
    ESCS              30.061      2.228     13.490      0.000      0.354
    IMMI1GEN         -11.767      7.960     -1.478      0.139      0.207

 FLSCHOOL WITH
    FLFAMILY           0.265      0.020     13.243      0.000      0.075
    NOBULLY            0.001      0.019      0.028      0.978      0.170
    ESCS               0.038      0.014      2.793      0.005      0.037

 FLFAMILY WITH
    NOBULLY           -0.005      0.021     -0.258      0.797      0.259
    ESCS               0.035      0.015      2.301      0.021      0.261

 FCFMLRTY WITH
    FLCONFIN           0.842      0.089      9.444      0.000      0.072

 ESCS     WITH
    IMMI1GEN          -0.004      0.002     -1.854      0.064      0.046
    IMMI2GEN           0.001      0.002      0.266      0.790      0.063
    NOBULLY            0.003      0.014      0.218      0.827      0.158

 IMMI1GEN WITH
    FLSCHOOL          -0.001      0.002     -0.538      0.590      0.044
    NOBULLY           -0.002      0.003     -0.681      0.496      0.037
    FLFAMILY           0.002      0.003      0.785      0.433      0.112

 IMMI2GEN WITH
    FLSCHOOL          -0.004      0.003     -1.767      0.077      0.184
    NOBULLY            0.001      0.003      0.237      0.813      0.170
    FLFAMILY           0.000      0.003     -0.138      0.890      0.069
    IMMI1GEN          -0.001      0.000     -5.768      0.000      0.238

 Means
    FLSCHOOL           0.374      0.016     23.858      0.000      0.035
    NOBULLY           -0.258      0.018    -14.183      0.000      0.208
    FLFAMILY           0.106      0.017      6.241      0.000      0.125
    IMMI1GEN           0.026      0.002     11.229      0.000      0.043
    IMMI2GEN           0.033      0.003     12.695      0.000      0.060
    ESCS               0.123      0.012     10.073      0.000      0.056

 Intercepts
    FLIT             467.923      2.624    178.324      0.000      0.315
    FCFMLRTY           7.854      0.124     63.524      0.000      0.070
    FLCONFIN          -0.020      0.022     -0.899      0.369      0.086

 Variances
    FLSCHOOL           1.041      0.023     44.812      0.000      0.133
    NOBULLY            1.195      0.027     44.867      0.000      0.113
    FLFAMILY           1.150      0.027     43.326      0.000      0.132
    IMMI1GEN           0.025      0.002     11.953      0.000      0.001
    IMMI2GEN           0.032      0.002     13.732      0.000      0.001
    ESCS               0.569      0.019     30.615      0.000      0.073

 Residual Variances
    FLIT            6466.172    175.869     36.767      0.000      0.443
    FCFMLRTY          31.061      0.568     54.695      0.000      0.186
    FLCONFIN           0.895      0.023     38.235      0.000      0.058


STANDARDIZED MODEL RESULTS


STDYX Standardization

                                                    Two-Tailed   Rate of
                    Estimate       S.E.  Est./S.E.    P-Value    Missing

 FCFMLRTY ON
    FLSCHOOL           0.232      0.016     14.686      0.000      0.099
    FLFAMILY           0.084      0.016      5.130      0.000      0.094
    NOBULLY            0.058      0.016      3.660      0.000      0.126
    ESCS               0.153      0.016      9.567      0.000      0.105
    IMMI2GEN          -0.008      0.014     -0.601      0.548      0.141
    MALE               0.026      0.015      1.750      0.080      0.107

 FLCONFIN ON
    FLSCHOOL           0.118      0.019      6.331      0.000      0.134
    FLFAMILY           0.129      0.019      6.632      0.000      0.228
    NOBULLY            0.045      0.017      2.645      0.008      0.203
    ESCS               0.106      0.018      5.984      0.000      0.214
    IMMI2GEN           0.020      0.013      1.521      0.128      0.125
    MALE               0.088      0.015      5.665      0.000      0.103

 FLIT     ON
    FCFMLRTY           0.184      0.016     11.260      0.000      0.223
    FLCONFIN           0.105      0.018      5.829      0.000      0.399
    FLSCHOOL          -0.003      0.017     -0.185      0.853      0.205
    FLFAMILY          -0.024      0.015     -1.588      0.112      0.096
    NOBULLY            0.033      0.019      1.748      0.080      0.493
    ESCS               0.261      0.019     14.012      0.000      0.350
    IMMI1GEN          -0.021      0.015     -1.470      0.142      0.210

 FLSCHOOL WITH
    FLFAMILY           0.242      0.017     13.904      0.000      0.115
    NOBULLY            0.000      0.017      0.028      0.977      0.170
    ESCS               0.049      0.017      2.806      0.005      0.041

 FLFAMILY WITH
    NOBULLY           -0.005      0.018     -0.258      0.797      0.259
    ESCS               0.044      0.019      2.308      0.021      0.264

 FCFMLRTY WITH
    FLCONFIN           0.160      0.017      9.460      0.000      0.087

 ESCS     WITH
    IMMI1GEN          -0.035      0.018     -1.878      0.060      0.048
    IMMI2GEN           0.005      0.017      0.266      0.790      0.063
    NOBULLY            0.004      0.017      0.218      0.827      0.157

 IMMI1GEN WITH
    FLSCHOOL          -0.008      0.014     -0.539      0.590      0.044
    NOBULLY           -0.011      0.016     -0.684      0.494      0.037
    FLFAMILY           0.012      0.015      0.786      0.432      0.112

 IMMI2GEN WITH
    FLSCHOOL          -0.025      0.014     -1.782      0.075      0.190
    NOBULLY            0.003      0.014      0.237      0.813      0.170
    FLFAMILY          -0.002      0.014     -0.138      0.890      0.069
    IMMI1GEN          -0.028      0.004     -7.036      0.000      0.366

 Means
    FLSCHOOL           0.366      0.016     23.320      0.000      0.055
    NOBULLY           -0.236      0.016    -14.713      0.000      0.252
    FLFAMILY           0.099      0.016      6.290      0.000      0.124
    IMMI1GEN           0.163      0.008     20.031      0.000      0.132
    IMMI2GEN           0.184      0.008     21.839      0.000      0.192
    ESCS               0.164      0.017      9.355      0.000      0.057

 Intercepts
    FLIT               5.381      0.087     61.655      0.000      0.380
    FCFMLRTY           1.335      0.025     54.107      0.000      0.069
    FLCONFIN          -0.020      0.023     -0.900      0.368      0.087

 Variances
    FLSCHOOL           1.000      0.000  *********      0.000      0.000
    NOBULLY            1.000      0.000  *********      0.000      0.000
    FLFAMILY           1.000      0.000  *********      0.000      0.000
    IMMI1GEN           1.000      0.000  *********      0.000      0.000
    IMMI2GEN           1.000      0.000  *********      0.000      0.000
    ESCS               1.000      0.000  *********      0.000      0.000

 Residual Variances
    FLIT               0.855      0.012     69.926      0.000      0.300
    FCFMLRTY           0.897      0.010     93.816      0.000      0.136
    FLCONFIN           0.938      0.009    109.327      0.000      0.150


R-SQUARE

    Observed                                        Two-Tailed   Rate of
    Variable        Estimate       S.E.  Est./S.E.    P-Value    Missing

    FLIT               0.145      0.012     11.875      0.000      0.300
    FCFMLRTY           0.103      0.010     10.724      0.000      0.136
    FLCONFIN           0.062      0.009      7.204      0.000      0.150


QUALITY OF NUMERICAL RESULTS

     Average Condition Number for the Information Matrix      0.105E-06
       (ratio of smallest to largest eigenvalue)


TOTAL, TOTAL INDIRECT, SPECIFIC INDIRECT, AND DIRECT EFFECTS


                                                    Two-Tailed   Rate of
                    Estimate       S.E.  Est./S.E.    P-Value    Missing

Effects from FLSCHOOL to FLIT

  Total                4.422      1.444      3.061      0.002      0.220
  Total indirect       4.690      0.498      9.420      0.000      0.244

  Specific indirect 1
    FLIT
    FCFMLRTY
    FLSCHOOL           3.642      0.414      8.803      0.000      0.164

  Specific indirect 2
    FLIT
    FLCONFIN
    FLSCHOOL           1.048      0.236      4.442      0.000      0.191

  Direct
    FLIT
    FLSCHOOL          -0.269      1.440     -0.187      0.852      0.205


Effects from FLFAMILY to FLIT

  Total                0.391      1.238      0.316      0.752      0.106
  Total indirect       2.354      0.411      5.729      0.000      0.342

  Specific indirect 1
    FLIT
    FCFMLRTY
    FLFAMILY           1.255      0.278      4.511      0.000      0.147

  Specific indirect 2
    FLIT
    FLCONFIN
    FLFAMILY           1.099      0.272      4.037      0.000      0.439

  Direct
    FLIT
    FLFAMILY          -1.963      1.238     -1.585      0.113      0.098


Effects from NOBULLY to FLIT

  Total                3.886      1.582      2.457      0.014      0.536
  Total indirect       1.228      0.315      3.893      0.000      0.223

  Specific indirect 1
    FLIT
    FCFMLRTY
    NOBULLY            0.857      0.249      3.449      0.001      0.143

  Specific indirect 2
    FLIT
    FLCONFIN
    NOBULLY            0.370      0.153      2.420      0.016      0.215

  Direct
    FLIT
    NOBULLY            2.659      1.524      1.745      0.081      0.499


Effects from ESCS to FLIT

  Total               34.604      2.181     15.863      0.000      0.316
  Total indirect       4.543      0.597      7.615      0.000      0.330

  Specific indirect 1
    FLIT
    FCFMLRTY
    ESCS               3.256      0.459      7.099      0.000      0.194

  Specific indirect 2
    FLIT
    FLCONFIN
    ESCS               1.287      0.326      3.951      0.000      0.393

  Direct
    FLIT
    ESCS              30.061      2.228     13.490      0.000      0.354


Effects from IMMI2GEN to FLIT

  Total                0.224      1.627      0.138      0.891      0.159
  Total indirect       0.224      1.627      0.138      0.891      0.159

  Specific indirect 1
    FLIT
    FCFMLRTY
    IMMI2GEN          -0.769      1.277     -0.602      0.547      0.148

  Specific indirect 2
    FLIT
    FLCONFIN
    IMMI2GEN           0.992      0.676      1.468      0.142      0.115


Effects from MALE to FLIT

  Total                2.442      0.644      3.791      0.000      0.130
  Total indirect       2.442      0.644      3.791      0.000      0.130

  Specific indirect 1
    FLIT
    FCFMLRTY
    MALE               0.846      0.488      1.735      0.083      0.105

  Specific indirect 2
    FLIT
    FLCONFIN
    MALE               1.596      0.382      4.177      0.000      0.239



STANDARDIZED TOTAL, TOTAL INDIRECT, SPECIFIC INDIRECT, AND DIRECT EFFECTS


STDYX Standardization

                                                    Two-Tailed   Rate of
                    Estimate       S.E.  Est./S.E.    P-Value    Missing

Effects from FLSCHOOL to FLIT

  Total                0.052      0.017      3.048      0.002      0.228
  Total indirect       0.055      0.006      9.511      0.000      0.244

  Specific indirect 1
    FLIT
    FCFMLRTY
    FLSCHOOL           0.043      0.005      8.840      0.000      0.167

  Specific indirect 2
    FLIT
    FLCONFIN
    FLSCHOOL           0.012      0.003      4.467      0.000      0.188

  Direct
    FLIT
    FLSCHOOL          -0.003      0.017     -0.185      0.853      0.205


Effects from FLFAMILY to FLIT

  Total                0.005      0.015      0.316      0.752      0.106
  Total indirect       0.029      0.005      5.825      0.000      0.325

  Specific indirect 1
    FLIT
    FCFMLRTY
    FLFAMILY           0.015      0.003      4.539      0.000      0.141

  Specific indirect 2
    FLIT
    FLCONFIN
    FLFAMILY           0.014      0.003      4.082      0.000      0.428

  Direct
    FLIT
    FLFAMILY          -0.024      0.015     -1.588      0.112      0.096


Effects from NOBULLY to FLIT

  Total                0.049      0.020      2.469      0.014      0.528
  Total indirect       0.015      0.004      3.951      0.000      0.211

  Specific indirect 1
    FLIT
    FCFMLRTY
    NOBULLY            0.011      0.003      3.489      0.000      0.132

  Specific indirect 2
    FLIT
    FLCONFIN
    NOBULLY            0.005      0.002      2.432      0.015      0.210

  Direct
    FLIT
    NOBULLY            0.033      0.019      1.748      0.080      0.493


Effects from ESCS to FLIT

  Total                0.300      0.018     16.802      0.000      0.298
  Total indirect       0.039      0.005      7.761      0.000      0.314

  Specific indirect 1
    FLIT
    FCFMLRTY
    ESCS               0.028      0.004      7.191      0.000      0.185

  Specific indirect 2
    FLIT
    FLCONFIN
    ESCS               0.011      0.003      3.983      0.000      0.384

  Direct
    FLIT
    ESCS               0.261      0.019     14.012      0.000      0.350


Effects from IMMI2GEN to FLIT

  Total                0.000      0.003      0.138      0.890      0.159
  Total indirect       0.000      0.003      0.138      0.890      0.159

  Specific indirect 1
    FLIT
    FCFMLRTY
    IMMI2GEN          -0.002      0.003     -0.601      0.548      0.146

  Specific indirect 2
    FLIT
    FLCONFIN
    IMMI2GEN           0.002      0.001      1.466      0.143      0.114


Effects from MALE to FLIT

  Total                0.014      0.004      3.797      0.000      0.131
  Total indirect       0.014      0.004      3.797      0.000      0.131

  Specific indirect 1
    FLIT
    FCFMLRTY
    MALE               0.005      0.003      1.734      0.083      0.109

  Specific indirect 2
    FLIT
    FLCONFIN
    MALE               0.009      0.002      4.206      0.000      0.231




TECHNICAL 1 OUTPUT


     PARAMETER SPECIFICATION


           NU
              FLIT          FCFMLRTY      FLCONFIN      FLSCHOOL      NOBULLY
              ________      ________      ________      ________      ________
                  0             0             0             0             0


           NU
              FLFAMILY      IMMI1GEN      IMMI2GEN      ESCS          MALE
              ________      ________      ________      ________      ________
                  0             0             0             0             0


           LAMBDA
              FLIT          FCFMLRTY      FLCONFIN      FLSCHOOL      NOBULLY
              ________      ________      ________      ________      ________
 FLIT               0             0             0             0             0
 FCFMLRTY           0             0             0             0             0
 FLCONFIN           0             0             0             0             0
 FLSCHOOL           0             0             0             0             0
 NOBULLY            0             0             0             0             0
 FLFAMILY           0             0             0             0             0
 IMMI1GEN           0             0             0             0             0
 IMMI2GEN           0             0             0             0             0
 ESCS               0             0             0             0             0
 MALE               0             0             0             0             0


           LAMBDA
              FLFAMILY      IMMI1GEN      IMMI2GEN      ESCS          MALE
              ________      ________      ________      ________      ________
 FLIT               0             0             0             0             0
 FCFMLRTY           0             0             0             0             0
 FLCONFIN           0             0             0             0             0
 FLSCHOOL           0             0             0             0             0
 NOBULLY            0             0             0             0             0
 FLFAMILY           0             0             0             0             0
 IMMI1GEN           0             0             0             0             0
 IMMI2GEN           0             0             0             0             0
 ESCS               0             0             0             0             0
 MALE               0             0             0             0             0


           THETA
              FLIT          FCFMLRTY      FLCONFIN      FLSCHOOL      NOBULLY
              ________      ________      ________      ________      ________
 FLIT               0
 FCFMLRTY           0             0
 FLCONFIN           0             0             0
 FLSCHOOL           0             0             0             0
 NOBULLY            0             0             0             0             0
 FLFAMILY           0             0             0             0             0
 IMMI1GEN           0             0             0             0             0
 IMMI2GEN           0             0             0             0             0
 ESCS               0             0             0             0             0
 MALE               0             0             0             0             0


           THETA
              FLFAMILY      IMMI1GEN      IMMI2GEN      ESCS          MALE
              ________      ________      ________      ________      ________
 FLFAMILY           0
 IMMI1GEN           0             0
 IMMI2GEN           0             0             0
 ESCS               0             0             0             0
 MALE               0             0             0             0             0


           ALPHA
              FLIT          FCFMLRTY      FLCONFIN      FLSCHOOL      NOBULLY
              ________      ________      ________      ________      ________
                  1             2             3             4             5


           ALPHA
              FLFAMILY      IMMI1GEN      IMMI2GEN      ESCS          MALE
              ________      ________      ________      ________      ________
                  6             7             8             9             0


           BETA
              FLIT          FCFMLRTY      FLCONFIN      FLSCHOOL      NOBULLY
              ________      ________      ________      ________      ________
 FLIT               0            10            11            12            13
 FCFMLRTY           0             0             0            17            18
 FLCONFIN           0             0             0            23            24
 FLSCHOOL           0             0             0             0             0
 NOBULLY            0             0             0             0             0
 FLFAMILY           0             0             0             0             0
 IMMI1GEN           0             0             0             0             0
 IMMI2GEN           0             0             0             0             0
 ESCS               0             0             0             0             0
 MALE               0             0             0             0             0


           BETA
              FLFAMILY      IMMI1GEN      IMMI2GEN      ESCS          MALE
              ________      ________      ________      ________      ________
 FLIT              14            15             0            16             0
 FCFMLRTY          19             0            20            21            22
 FLCONFIN          25             0            26            27            28
 FLSCHOOL           0             0             0             0             0
 NOBULLY            0             0             0             0             0
 FLFAMILY           0             0             0             0             0
 IMMI1GEN           0             0             0             0             0
 IMMI2GEN           0             0             0             0             0
 ESCS               0             0             0             0             0
 MALE               0             0             0             0             0


           PSI
              FLIT          FCFMLRTY      FLCONFIN      FLSCHOOL      NOBULLY
              ________      ________      ________      ________      ________
 FLIT              29
 FCFMLRTY           0            30
 FLCONFIN           0            31            32
 FLSCHOOL           0             0             0            33
 NOBULLY            0             0             0            34            35
 FLFAMILY           0             0             0            36            37
 IMMI1GEN           0             0             0            39            40
 IMMI2GEN           0             0             0            43            44
 ESCS               0             0             0            48            49
 MALE               0             0             0             0             0


           PSI
              FLFAMILY      IMMI1GEN      IMMI2GEN      ESCS          MALE
              ________      ________      ________      ________      ________
 FLFAMILY          38
 IMMI1GEN          41            42
 IMMI2GEN          45            46            47
 ESCS              50            51            52            53
 MALE               0             0             0             0             0


     STARTING VALUES


           NU
              FLIT          FCFMLRTY      FLCONFIN      FLSCHOOL      NOBULLY
              ________      ________      ________      ________      ________
                0.000         0.000         0.000         0.000         0.000


           NU
              FLFAMILY      IMMI1GEN      IMMI2GEN      ESCS          MALE
              ________      ________      ________      ________      ________
                0.000         0.000         0.000         0.000         0.000


           LAMBDA
              FLIT          FCFMLRTY      FLCONFIN      FLSCHOOL      NOBULLY
              ________      ________      ________      ________      ________
 FLIT           1.000         0.000         0.000         0.000         0.000
 FCFMLRTY       0.000         1.000         0.000         0.000         0.000
 FLCONFIN       0.000         0.000         1.000         0.000         0.000
 FLSCHOOL       0.000         0.000         0.000         1.000         0.000
 NOBULLY        0.000         0.000         0.000         0.000         1.000
 FLFAMILY       0.000         0.000         0.000         0.000         0.000
 IMMI1GEN       0.000         0.000         0.000         0.000         0.000
 IMMI2GEN       0.000         0.000         0.000         0.000         0.000
 ESCS           0.000         0.000         0.000         0.000         0.000
 MALE           0.000         0.000         0.000         0.000         0.000


           LAMBDA
              FLFAMILY      IMMI1GEN      IMMI2GEN      ESCS          MALE
              ________      ________      ________      ________      ________
 FLIT           0.000         0.000         0.000         0.000         0.000
 FCFMLRTY       0.000         0.000         0.000         0.000         0.000
 FLCONFIN       0.000         0.000         0.000         0.000         0.000
 FLSCHOOL       0.000         0.000         0.000         0.000         0.000
 NOBULLY        0.000         0.000         0.000         0.000         0.000
 FLFAMILY       1.000         0.000         0.000         0.000         0.000
 IMMI1GEN       0.000         1.000         0.000         0.000         0.000
 IMMI2GEN       0.000         0.000         1.000         0.000         0.000
 ESCS           0.000         0.000         0.000         1.000         0.000
 MALE           0.000         0.000         0.000         0.000         1.000


           THETA
              FLIT          FCFMLRTY      FLCONFIN      FLSCHOOL      NOBULLY
              ________      ________      ________      ________      ________
 FLIT           0.000
 FCFMLRTY       0.000         0.000
 FLCONFIN       0.000         0.000         0.000
 FLSCHOOL       0.000         0.000         0.000         0.000
 NOBULLY        0.000         0.000         0.000         0.000         0.000
 FLFAMILY       0.000         0.000         0.000         0.000         0.000
 IMMI1GEN       0.000         0.000         0.000         0.000         0.000
 IMMI2GEN       0.000         0.000         0.000         0.000         0.000
 ESCS           0.000         0.000         0.000         0.000         0.000
 MALE           0.000         0.000         0.000         0.000         0.000


           THETA
              FLFAMILY      IMMI1GEN      IMMI2GEN      ESCS          MALE
              ________      ________      ________      ________      ________
 FLFAMILY       0.000
 IMMI1GEN       0.000         0.000
 IMMI2GEN       0.000         0.000         0.000
 ESCS           0.000         0.000         0.000         0.000
 MALE           0.000         0.000         0.000         0.000         0.000


           ALPHA
              FLIT          FCFMLRTY      FLCONFIN      FLSCHOOL      NOBULLY
              ________      ________      ________      ________      ________
              495.031         8.612         0.129         0.376        -0.262


           ALPHA
              FLFAMILY      IMMI1GEN      IMMI2GEN      ESCS          MALE
              ________      ________      ________      ________      ________
                0.097         0.025         0.034         0.124         0.499


           BETA
              FLIT          FCFMLRTY      FLCONFIN      FLSCHOOL      NOBULLY
              ________      ________      ________      ________      ________
 FLIT           0.000         0.000         0.000         0.000         0.000
 FCFMLRTY       0.000         0.000         0.000         0.000         0.000
 FLCONFIN       0.000         0.000         0.000         0.000         0.000
 FLSCHOOL       0.000         0.000         0.000         0.000         0.000
 NOBULLY        0.000         0.000         0.000         0.000         0.000
 FLFAMILY       0.000         0.000         0.000         0.000         0.000
 IMMI1GEN       0.000         0.000         0.000         0.000         0.000
 IMMI2GEN       0.000         0.000         0.000         0.000         0.000
 ESCS           0.000         0.000         0.000         0.000         0.000
 MALE           0.000         0.000         0.000         0.000         0.000


           BETA
              FLFAMILY      IMMI1GEN      IMMI2GEN      ESCS          MALE
              ________      ________      ________      ________      ________
 FLIT           0.000         0.000         0.000         0.000         0.000
 FCFMLRTY       0.000         0.000         0.000         0.000         0.000
 FLCONFIN       0.000         0.000         0.000         0.000         0.000
 FLSCHOOL       0.000         0.000         0.000         0.000         0.000
 NOBULLY        0.000         0.000         0.000         0.000         0.000
 FLFAMILY       0.000         0.000         0.000         0.000         0.000
 IMMI1GEN       0.000         0.000         0.000         0.000         0.000
 IMMI2GEN       0.000         0.000         0.000         0.000         0.000
 ESCS           0.000         0.000         0.000         0.000         0.000
 MALE           0.000         0.000         0.000         0.000         0.000


           PSI
              FLIT          FCFMLRTY      FLCONFIN      FLSCHOOL      NOBULLY
              ________      ________      ________      ________      ________
 FLIT        3820.827
 FCFMLRTY       0.000        17.167
 FLCONFIN       0.000         0.000         0.477
 FLSCHOOL       0.000         0.000         0.000         0.519
 NOBULLY        0.000         0.000         0.000         0.000         0.599
 FLFAMILY       0.000         0.000         0.000         0.000         0.000
 IMMI1GEN       0.000         0.000         0.000         0.000         0.000
 IMMI2GEN       0.000         0.000         0.000         0.000         0.000
 ESCS           0.000         0.000         0.000         0.000         0.000
 MALE           0.000         0.000         0.000         0.000         0.000


           PSI
              FLFAMILY      IMMI1GEN      IMMI2GEN      ESCS          MALE
              ________      ________      ________      ________      ________
 FLFAMILY       0.577
 IMMI1GEN       0.000         0.013
 IMMI2GEN       0.000         0.000         0.016
 ESCS           0.000         0.000         0.000         0.284
 MALE           0.000         0.000         0.000         0.000         0.250


     Beginning Time:  18:03:51
        Ending Time:  18:04:19
       Elapsed Time:  00:00:28



MUTHEN & MUTHEN
3463 Stoner Ave.
Los Angeles, CA  90066

Tel: (310) 391-9971
Fax: (310) 391-8971
Web: www.StatModel.com
Support: Support@StatModel.com

Copyright (c) 1998-2020 Muthen & Muthen
