Mplus VERSION 8.5 (Linux)
MUTHEN & MUTHEN
03/11/2021   6:03 PM

INPUT INSTRUCTIONS


  TITLE:
      One-level 724

  DATA:
      file = "~/implist.dat";

      type = imputation;

  VARIABLE:
      names =
          FKI CNTRYID CNTSCHID W_STU
          MATH READ FLIT                      ! PISA achievement variables
          MALE IMMI1GEN IMMI2GEN ESCS         ! Demographic info
          FCFMLRTY FLCONFIN                   ! Affect
          FLSCHOOL                            !   Lat var "Academic"
          NOBULLY                             !   Lat var "Safety"
          FLFAMILY                            !   Lat var "Community"
          W_SCH STRATIO                       ! School character
          EDUSHORT                            !   Lat var "inst. env."
          ;

      useobs = CNTRYID eq 724;          ! Pull out one country at a time

      usevar =
          FLIT                                ! PISA achievement variables
          FLSCHOOL                            !   Lat var "Academic"
          NOBULLY                             !   Lat var "Safety"
          FLFAMILY                            !   Lat var "Community"
          FCFMLRTY FLCONFIN                   ! Affect
          MALE IMMI1GEN IMMI2GEN ESCS         ! Demographic info
          ;

      weight = W_STU;                         ! Student weight


  ANALYSIS:
      processors = 8;

      estimator = MLR;


  MODEL:

      ! Indirect pathways (1st half): school climate vars onto mediators
          ! Onto mediator FAMILIARITY
      FCFMLRTY on FLSCHOOL FLFAMILY NOBULLY ESCS IMMI2GEN MALE;
          ! Onto mediator CONFIDENCE
      FLCONFIN on FLSCHOOL FLFAMILY NOBULLY ESCS IMMI2GEN MALE;

      ! Total effect
      FLIT on
          ! Indirect pathways (2nd half): affective vars onto financial literacy
          FCFMLRTY FLCONFIN
          ! Direct pathways: school climate vars onto financial literacy
          FLSCHOOL FLFAMILY NOBULLY
          ! Dmographic vars
          ESCS IMMI1GEN
          ;

      ! Covariances
          ! Between school climate vars
      FLSCHOOL with FLFAMILY;
      FLFAMILY with NOBULLY;
      FLSCHOOL with NOBULLY;
          ! Between mediators
      FCFMLRTY with FLCONFIN;

          ! SES with school climate vars
      ESCS with FLSCHOOL FLFAMILY;
          ! SES with demographic vars
      ESCS with IMMI1GEN IMMI2GEN;

  MODEL INDIRECT:
  ! Indirect effects
      FLIT ind FLSCHOOL;
      FLIT ind FLFAMILY;
      FLIT ind NOBULLY;

      FLIT ind ESCS;
      FLIT ind IMMI2GEN;
      FLIT ind MALE;


  OUTPUT:
      stdyx                                   ! Fully standardised solution
      ;



INPUT READING TERMINATED NORMALLY




One-level 724

SUMMARY OF ANALYSIS

Number of groups                                                 1
Average number of observations                                9361

Number of replications
    Requested                                                   10
    Completed                                                   10

Number of dependent variables                                    3
Number of independent variables                                  7
Number of continuous latent variables                            0

Observed dependent variables

  Continuous
   FLIT        FCFMLRTY    FLCONFIN

Observed independent variables
   FLSCHOOL    NOBULLY     FLFAMILY    MALE        IMMI1GEN    IMMI2GEN
   ESCS

Variables with special functions

  Weight variable       W_STU

Estimator                                                      MLR
Information matrix                                        OBSERVED
Maximum number of iterations                                  1000
Convergence criterion                                    0.500D-04
Maximum number of steepest descent iterations                   20

Input data file(s)
  Multiple data files from
    ~/implist.dat

Input data format  FREE


SAMPLE STATISTICS

NOTE:  These are average results over 10 data sets.


     SAMPLE STATISTICS


           Means
              FLIT          FCFMLRTY      FLCONFIN      FLSCHOOL      NOBULLY
              ________      ________      ________      ________      ________
              492.246         7.532        -0.251        -0.137         0.126


           Means
              FLFAMILY      IMMI1GEN      IMMI2GEN      ESCS          MALE
              ________      ________      ________      ________      ________
               -0.005         0.065         0.050        -0.107         0.502


           Covariances
              FLIT          FCFMLRTY      FLCONFIN      FLSCHOOL      NOBULLY
              ________      ________      ________      ________      ________
 FLIT        7753.401
 FCFMLRTY      90.118        26.402
 FLCONFIN       6.752         0.932         1.047
 FLSCHOOL      -0.323         1.854         0.140         1.007
 NOBULLY        8.359         0.194         0.016        -0.039         0.944
 FLFAMILY       0.598         0.665         0.117         0.167        -0.017
 IMMI1GEN      -1.540        -0.043         0.004         0.008        -0.009
 IMMI2GEN      -1.248         0.028         0.008         0.002        -0.002
 ESCS          25.430         0.736         0.022         0.025         0.031
 MALE          -0.202        -0.069         0.056        -0.020        -0.014


           Covariances
              FLFAMILY      IMMI1GEN      IMMI2GEN      ESCS          MALE
              ________      ________      ________      ________      ________
 FLFAMILY       1.015
 IMMI1GEN      -0.002         0.060
 IMMI2GEN       0.002        -0.003         0.047
 ESCS           0.041        -0.039        -0.027         1.083
 MALE          -0.023        -0.002        -0.001        -0.013         0.250


           Correlations
              FLIT          FCFMLRTY      FLCONFIN      FLSCHOOL      NOBULLY
              ________      ________      ________      ________      ________
 FLIT           1.000
 FCFMLRTY       0.199         1.000
 FLCONFIN       0.075         0.177         1.000
 FLSCHOOL      -0.004         0.360         0.137         1.000
 NOBULLY        0.098         0.039         0.016        -0.040         1.000
 FLFAMILY       0.007         0.128         0.113         0.165        -0.017
 IMMI1GEN      -0.071        -0.034         0.018         0.033        -0.037
 IMMI2GEN      -0.065         0.025         0.035         0.009        -0.007
 ESCS           0.277         0.138         0.020         0.024         0.031
 MALE          -0.005        -0.027         0.110        -0.039        -0.029


           Correlations
              FLFAMILY      IMMI1GEN      IMMI2GEN      ESCS          MALE
              ________      ________      ________      ________      ________
 FLFAMILY       1.000
 IMMI1GEN      -0.008         1.000
 IMMI2GEN       0.007        -0.059         1.000
 ESCS           0.039        -0.151        -0.120         1.000
 MALE          -0.046        -0.015        -0.007        -0.025         1.000


MODEL FIT INFORMATION

Number of Free Parameters                       53

Loglikelihood

    H0 Value

        Mean                           -147743.964
        Std Dev                            107.837
        Number of successful computations       10

             Proportions                   Percentiles
        Expected    Observed         Expected       Observed
           0.990       1.000      -147994.824    -147895.696
           0.980       1.000      -147965.428    -147895.696
           0.950       1.000      -147921.345    -147895.696
           0.900       0.900      -147882.168    -147895.696
           0.800       0.700      -147834.720    -147895.696
           0.700       0.600      -147800.514    -147839.330
           0.500       0.500      -147743.964    -147770.742
           0.300       0.300      -147687.415    -147716.437
           0.200       0.300      -147653.209    -147648.288
           0.100       0.200      -147605.761    -147600.032
           0.050       0.100      -147566.584    -147600.032
           0.020       0.000      -147522.500    -147600.032
           0.010       0.000      -147493.104    -147600.032

    H1 Value

        Mean                           -147703.511
        Std Dev                            107.777
        Number of successful computations       10

             Proportions                   Percentiles
        Expected    Observed         Expected       Observed
           0.990       1.000      -147954.233    -147860.185
           0.980       1.000      -147924.853    -147860.185
           0.950       1.000      -147880.794    -147860.185
           0.900       0.900      -147841.638    -147860.185
           0.800       0.700      -147794.216    -147860.185
           0.700       0.600      -147760.029    -147795.785
           0.500       0.500      -147703.511    -147728.950
           0.300       0.300      -147646.992    -147679.215
           0.200       0.300      -147612.805    -147604.414
           0.100       0.100      -147565.383    -147566.287
           0.050       0.100      -147526.227    -147566.287
           0.020       0.000      -147482.168    -147566.287
           0.010       0.000      -147452.788    -147566.287

Information Criteria

    Akaike (AIC)

        Mean                            295593.929
        Std Dev                            215.673
        Number of successful computations       10

             Proportions                   Percentiles
        Expected    Observed         Expected       Observed
           0.990       1.000       295092.208     295222.769
           0.980       1.000       295151.001     295222.769
           0.950       0.900       295239.168     295222.769
           0.900       0.800       295317.522     295222.769
           0.800       0.700       295412.418     295222.769
           0.700       0.700       295480.830     295402.576
           0.500       0.500       295593.929     295575.206
           0.300       0.400       295707.028     295747.843
           0.200       0.300       295775.439     295784.660
           0.100       0.100       295870.335     295816.415
           0.050       0.000       295948.689     295816.415
           0.020       0.000       296036.856     295816.415
           0.010       0.000       296095.649     295816.415

    Bayesian (BIC)

        Mean                            295972.577
        Std Dev                            215.673
        Number of successful computations       10

             Proportions                   Percentiles
        Expected    Observed         Expected       Observed
           0.990       1.000       295470.856     295601.417
           0.980       1.000       295529.649     295601.417
           0.950       0.900       295617.816     295601.417
           0.900       0.800       295696.170     295601.417
           0.800       0.700       295791.066     295601.417
           0.700       0.700       295859.478     295781.225
           0.500       0.500       295972.577     295953.855
           0.300       0.400       296085.676     296126.491
           0.200       0.300       296154.087     296163.308
           0.100       0.100       296248.984     296195.063
           0.050       0.000       296327.338     296195.063
           0.020       0.000       296415.505     296195.063
           0.010       0.000       296474.297     296195.063

    Sample-Size Adjusted BIC (n* = (n + 2) / 24)

        Mean                            295804.151
        Std Dev                            215.673
        Number of successful computations       10

             Proportions                   Percentiles
        Expected    Observed         Expected       Observed
           0.990       1.000       295302.431     295432.992
           0.980       1.000       295361.223     295432.992
           0.950       0.900       295449.391     295432.992
           0.900       0.800       295527.745     295432.992
           0.800       0.700       295622.641     295432.992
           0.700       0.700       295691.052     295612.799
           0.500       0.500       295804.151     295785.429
           0.300       0.400       295917.250     295958.066
           0.200       0.300       295985.662     295994.883
           0.100       0.100       296080.558     296026.638
           0.050       0.000       296158.912     296026.638
           0.020       0.000       296247.079     296026.638
           0.010       0.000       296305.872     296026.638

Chi-Square Test of Model Fit

        Degrees of freedom                      10

        Mean                                39.344
        Std Dev                              3.542
        Number of successful computations       10

             Proportions                   Percentiles
        Expected    Observed         Expected       Observed
           0.990       1.000            2.558         32.611
           0.980       1.000            3.059         32.611
           0.950       1.000            3.940         32.611
           0.900       1.000            4.865         32.611
           0.800       1.000            6.179         32.611
           0.700       1.000            7.267         36.026
           0.500       1.000            9.342         40.137
           0.300       1.000           11.781         41.902
           0.200       1.000           13.442         41.995
           0.100       1.000           15.987         42.832
           0.050       1.000           18.307         42.832
           0.020       1.000           21.161         42.832
           0.010       1.000           23.209         42.832

RMSEA (Root Mean Square Error Of Approximation)

        Mean                                 0.018
        Std Dev                              0.001
        Number of successful computations       10

        Cumulative Distribution Function
           Value    Function Value
           0.990       1.000
           0.980       1.000
           0.950       1.000
           0.900       1.000
           0.800       1.000
           0.700       1.000
           0.500       1.000
           0.300       1.000
           0.200       1.000
           0.100       1.000
           0.050       1.000
           0.020       1.000
           0.010       0.000

CFI/TLI

    CFI

        Mean                                 0.980
        Std Dev                              0.002
        Number of successful computations       10

        Cumulative Distribution Function
           Value    Function Value
           0.990       1.000
           0.980       0.600
           0.950       0.000
           0.900       0.000
           0.800       0.000
           0.700       0.000
           0.500       0.000
           0.300       0.000
           0.200       0.000
           0.100       0.000
           0.050       0.000
           0.020       0.000
           0.010       0.000

    TLI

        Mean                                 0.953
        Std Dev                              0.006
        Number of successful computations       10

        Cumulative Distribution Function
           Value    Function Value
           0.990       1.000
           0.980       1.000
           0.950       0.400
           0.900       0.000
           0.800       0.000
           0.700       0.000
           0.500       0.000
           0.300       0.000
           0.200       0.000
           0.100       0.000
           0.050       0.000
           0.020       0.000
           0.010       0.000

SRMR (Standardized Root Mean Square Residual)

        Mean                                 0.012
        Std Dev                              0.001
        Number of successful computations       10

        Cumulative Distribution Function
           Value    Function Value
           0.990       1.000
           0.980       1.000
           0.950       1.000
           0.900       1.000
           0.800       1.000
           0.700       1.000
           0.500       1.000
           0.300       1.000
           0.200       1.000
           0.100       1.000
           0.050       1.000
           0.020       1.000
           0.010       0.000


MODEL RESULTS

                                                    Two-Tailed   Rate of
                    Estimate       S.E.  Est./S.E.    P-Value    Missing

 FCFMLRTY ON
    FLSCHOOL           1.777      0.078     22.648      0.000      0.064
    FLFAMILY           0.338      0.087      3.876      0.000      0.166
    NOBULLY            0.266      0.090      2.967      0.003      0.263
    ESCS               0.640      0.074      8.699      0.000      0.082
    IMMI2GEN           0.885      0.331      2.674      0.007      0.214
    MALE              -0.054      0.144     -0.374      0.709      0.032

 FLCONFIN ON
    FLSCHOOL           0.128      0.019      6.790      0.000      0.283
    FLFAMILY           0.099      0.018      5.561      0.000      0.132
    NOBULLY            0.027      0.019      1.404      0.160      0.272
    ESCS               0.020      0.016      1.249      0.212      0.179
    IMMI2GEN           0.174      0.066      2.625      0.009      0.077
    MALE               0.247      0.036      6.938      0.000      0.308

 FLIT     ON
    FCFMLRTY           3.114      0.353      8.821      0.000      0.340
    FLCONFIN           4.233      1.533      2.760      0.006      0.375
    FLSCHOOL          -6.554      1.724     -3.802      0.000      0.369
    FLFAMILY          -1.606      1.345     -1.194      0.233      0.105
    NOBULLY            7.061      1.599      4.415      0.000      0.320
    ESCS              20.981      1.470     14.269      0.000      0.294
    IMMI1GEN          -8.338      5.720     -1.458      0.145      0.154

 FLSCHOOL WITH
    FLFAMILY           0.167      0.017      9.614      0.000      0.129
    NOBULLY           -0.039      0.017     -2.281      0.023      0.200
    ESCS               0.025      0.017      1.479      0.139      0.087

 FLFAMILY WITH
    NOBULLY           -0.017      0.017     -1.006      0.314      0.126
    ESCS               0.041      0.018      2.249      0.024      0.213

 FCFMLRTY WITH
    FLCONFIN           0.621      0.085      7.284      0.000      0.254

 ESCS     WITH
    IMMI1GEN          -0.039      0.004     -9.040      0.000      0.015
    IMMI2GEN          -0.027      0.003     -7.883      0.000      0.026
    NOBULLY            0.031      0.017      1.798      0.072      0.187

 IMMI1GEN WITH
    FLSCHOOL           0.008      0.004      2.158      0.031      0.085
    NOBULLY           -0.009      0.005     -1.840      0.066      0.326
    FLFAMILY          -0.002      0.004     -0.440      0.660      0.120

 IMMI2GEN WITH
    FLSCHOOL           0.002      0.003      0.577      0.564      0.134
    NOBULLY           -0.002      0.003     -0.450      0.653      0.339
    FLFAMILY           0.002      0.003      0.508      0.611      0.119
    IMMI1GEN          -0.003      0.000    -10.889      0.000      0.116

 Means
    FLSCHOOL          -0.137      0.016     -8.721      0.000      0.122
    NOBULLY            0.126      0.016      7.838      0.000      0.184
    FLFAMILY          -0.005      0.016     -0.296      0.767      0.083
    IMMI1GEN           0.065      0.004     17.791      0.000      0.019
    IMMI2GEN           0.050      0.003     15.670      0.000      0.029
    ESCS              -0.107      0.016     -6.813      0.000      0.016

 Intercepts
    FLIT             470.851      3.321    141.779      0.000      0.366
    FCFMLRTY           7.795      0.098     79.262      0.000      0.047
    FLCONFIN          -0.367      0.025    -14.700      0.000      0.298

 Variances
    FLSCHOOL           1.007      0.021     48.613      0.000      0.197
    NOBULLY            0.944      0.030     31.964      0.000      0.207
    FLFAMILY           1.015      0.022     46.417      0.000      0.043
    IMMI1GEN           0.060      0.003     19.404      0.000      0.001
    IMMI2GEN           0.047      0.003     16.907      0.000      0.004
    ESCS               1.083      0.020     53.794      0.000      0.020

 Residual Variances
    FLIT            6834.056    170.685     40.039      0.000      0.224
    FCFMLRTY          22.327      0.451     49.555      0.000      0.116
    FLCONFIN           1.001      0.025     40.514      0.000      0.195


STANDARDIZED MODEL RESULTS


STDYX Standardization

                                                    Two-Tailed   Rate of
                    Estimate       S.E.  Est./S.E.    P-Value    Missing

 FCFMLRTY ON
    FLSCHOOL           0.347      0.015     23.277      0.000      0.045
    FLFAMILY           0.066      0.017      3.876      0.000      0.169
    NOBULLY            0.050      0.017      2.970      0.003      0.257
    ESCS               0.130      0.015      8.767      0.000      0.074
    IMMI2GEN           0.037      0.014      2.667      0.008      0.208
    MALE              -0.005      0.014     -0.374      0.709      0.032

 FLCONFIN ON
    FLSCHOOL           0.125      0.019      6.763      0.000      0.294
    FLFAMILY           0.097      0.017      5.560      0.000      0.139
    NOBULLY            0.026      0.018      1.405      0.160      0.271
    ESCS               0.020      0.016      1.250      0.211      0.181
    IMMI2GEN           0.037      0.014      2.610      0.009      0.077
    MALE               0.121      0.017      6.974      0.000      0.310

 FLIT     ON
    FCFMLRTY           0.182      0.020      9.016      0.000      0.348
    FLCONFIN           0.049      0.018      2.786      0.005      0.366
    FLSCHOOL          -0.075      0.020     -3.810      0.000      0.377
    FLFAMILY          -0.018      0.015     -1.193      0.233      0.107
    NOBULLY            0.078      0.018      4.396      0.000      0.331
    ESCS               0.248      0.017     14.728      0.000      0.299
    IMMI1GEN          -0.023      0.016     -1.457      0.145      0.153

 FLSCHOOL WITH
    FLFAMILY           0.165      0.017      9.830      0.000      0.150
    NOBULLY           -0.040      0.018     -2.288      0.022      0.210
    ESCS               0.024      0.016      1.481      0.139      0.087

 FLFAMILY WITH
    NOBULLY           -0.017      0.017     -1.007      0.314      0.126
    ESCS               0.039      0.017      2.254      0.024      0.213

 FCFMLRTY WITH
    FLCONFIN           0.131      0.018      7.450      0.000      0.256

 ESCS     WITH
    IMMI1GEN          -0.151      0.015    -10.188      0.000      0.018
    IMMI2GEN          -0.120      0.014     -8.608      0.000      0.033
    NOBULLY            0.031      0.017      1.800      0.072      0.188

 IMMI1GEN WITH
    FLSCHOOL           0.033      0.015      2.176      0.030      0.084
    NOBULLY           -0.037      0.020     -1.850      0.064      0.332
    FLFAMILY          -0.008      0.017     -0.440      0.660      0.120

 IMMI2GEN WITH
    FLSCHOOL           0.009      0.015      0.578      0.563      0.136
    NOBULLY           -0.007      0.017     -0.450      0.653      0.339
    FLFAMILY           0.007      0.014      0.509      0.611      0.119
    IMMI1GEN          -0.059      0.004    -16.384      0.000      0.290

 Means
    FLSCHOOL          -0.136      0.016     -8.554      0.000      0.115
    NOBULLY            0.130      0.018      7.385      0.000      0.161
    FLFAMILY          -0.005      0.016     -0.296      0.767      0.082
    IMMI1GEN           0.263      0.008     31.891      0.000      0.064
    IMMI2GEN           0.229      0.008     27.920      0.000      0.090
    ESCS              -0.103      0.015     -6.958      0.000      0.016

 Intercepts
    FLIT               5.348      0.080     67.002      0.000      0.152
    FCFMLRTY           1.517      0.023     65.620      0.000      0.037
    FLCONFIN          -0.359      0.024    -14.712      0.000      0.304

 Variances
    FLSCHOOL           1.000      0.000  *********      0.000      0.000
    NOBULLY            1.000      0.000  *********      0.000      0.000
    FLFAMILY           1.000      0.000  *********      0.000      0.000
    IMMI1GEN           1.000      0.000  *********      0.000      0.000
    IMMI2GEN           1.000      0.000  *********      0.000      0.000
    ESCS               1.000      0.000  *********      0.000      0.000

 Residual Variances
    FLIT               0.881      0.012     76.260      0.000      0.374
    FCFMLRTY           0.846      0.011     75.592      0.000      0.057
    FLCONFIN           0.954      0.008    120.315      0.000      0.288


R-SQUARE

    Observed                                        Two-Tailed   Rate of
    Variable        Estimate       S.E.  Est./S.E.    P-Value    Missing

    FLIT               0.119      0.012     10.254      0.000      0.374
    FCFMLRTY           0.154      0.011     13.775      0.000      0.057
    FLCONFIN           0.046      0.008      5.856      0.000      0.288


QUALITY OF NUMERICAL RESULTS

     Average Condition Number for the Information Matrix      0.375E-06
       (ratio of smallest to largest eigenvalue)


TOTAL, TOTAL INDIRECT, SPECIFIC INDIRECT, AND DIRECT EFFECTS


                                                    Two-Tailed   Rate of
                    Estimate       S.E.  Est./S.E.    P-Value    Missing

Effects from FLSCHOOL to FLIT

  Total               -0.478      1.531     -0.312      0.755      0.329
  Total indirect       6.076      0.685      8.873      0.000      0.280

  Specific indirect 1
    FLIT
    FCFMLRTY
    FLSCHOOL           5.533      0.678      8.162      0.000      0.301

  Specific indirect 2
    FLIT
    FLCONFIN
    FLSCHOOL           0.543      0.213      2.546      0.011      0.387

  Direct
    FLIT
    FLSCHOOL          -6.554      1.724     -3.802      0.000      0.369


Effects from FLFAMILY to FLIT

  Total               -0.132      1.356     -0.097      0.922      0.116
  Total indirect       1.474      0.347      4.250      0.000      0.202

  Specific indirect 1
    FLIT
    FCFMLRTY
    FLFAMILY           1.053      0.291      3.611      0.000      0.157

  Specific indirect 2
    FLIT
    FLCONFIN
    FLFAMILY           0.421      0.178      2.367      0.018      0.383

  Direct
    FLIT
    FLFAMILY          -1.606      1.345     -1.194      0.233      0.105


Effects from NOBULLY to FLIT

  Total                8.006      1.608      4.980      0.000      0.291
  Total indirect       0.945      0.311      3.035      0.002      0.249

  Specific indirect 1
    FLIT
    FCFMLRTY
    NOBULLY            0.829      0.301      2.758      0.006      0.285

  Specific indirect 2
    FLIT
    FLCONFIN
    NOBULLY            0.116      0.093      1.252      0.210      0.279

  Direct
    FLIT
    NOBULLY            7.061      1.599      4.415      0.000      0.320


Effects from ESCS to FLIT

  Total               23.059      1.493     15.448      0.000      0.312
  Total indirect       2.077      0.338      6.154      0.000      0.240

  Specific indirect 1
    FLIT
    FCFMLRTY
    ESCS               1.994      0.322      6.197      0.000      0.222

  Specific indirect 2
    FLIT
    FLCONFIN
    ESCS               0.084      0.074      1.132      0.258      0.190

  Direct
    FLIT
    ESCS              20.981      1.470     14.269      0.000      0.294


Effects from IMMI2GEN to FLIT

  Total                3.495      1.190      2.937      0.003      0.257
  Total indirect       3.495      1.190      2.937      0.003      0.257

  Specific indirect 1
    FLIT
    FCFMLRTY
    IMMI2GEN           2.761      1.087      2.541      0.011      0.247

  Specific indirect 2
    FLIT
    FLCONFIN
    IMMI2GEN           0.734      0.382      1.924      0.054      0.199


Effects from MALE to FLIT

  Total                0.874      0.611      1.432      0.152      0.143
  Total indirect       0.874      0.611      1.432      0.152      0.143

  Specific indirect 1
    FLIT
    FCFMLRTY
    MALE              -0.169      0.451     -0.375      0.708      0.036

  Specific indirect 2
    FLIT
    FLCONFIN
    MALE               1.044      0.399      2.616      0.009      0.342



STANDARDIZED TOTAL, TOTAL INDIRECT, SPECIFIC INDIRECT, AND DIRECT EFFECTS


STDYX Standardization

                                                    Two-Tailed   Rate of
                    Estimate       S.E.  Est./S.E.    P-Value    Missing

Effects from FLSCHOOL to FLIT

  Total               -0.005      0.017     -0.313      0.755      0.331
  Total indirect       0.069      0.008      8.956      0.000      0.287

  Specific indirect 1
    FLIT
    FCFMLRTY
    FLSCHOOL           0.063      0.008      8.211      0.000      0.310

  Specific indirect 2
    FLIT
    FLCONFIN
    FLSCHOOL           0.006      0.002      2.550      0.011      0.386

  Direct
    FLIT
    FLSCHOOL          -0.075      0.020     -3.810      0.000      0.377


Effects from FLFAMILY to FLIT

  Total               -0.002      0.016     -0.098      0.922      0.116
  Total indirect       0.017      0.004      4.273      0.000      0.205

  Specific indirect 1
    FLIT
    FCFMLRTY
    FLFAMILY           0.012      0.003      3.609      0.000      0.166

  Specific indirect 2
    FLIT
    FLCONFIN
    FLFAMILY           0.005      0.002      2.380      0.017      0.379

  Direct
    FLIT
    FLFAMILY          -0.018      0.015     -1.193      0.233      0.107


Effects from NOBULLY to FLIT

  Total                0.088      0.018      4.958      0.000      0.303
  Total indirect       0.010      0.003      3.047      0.002      0.242

  Specific indirect 1
    FLIT
    FCFMLRTY
    NOBULLY            0.009      0.003      2.768      0.006      0.278

  Specific indirect 2
    FLIT
    FLCONFIN
    NOBULLY            0.001      0.001      1.253      0.210      0.278

  Direct
    FLIT
    NOBULLY            0.078      0.018      4.396      0.000      0.331


Effects from ESCS to FLIT

  Total                0.273      0.017     16.091      0.000      0.320
  Total indirect       0.025      0.004      6.227      0.000      0.240

  Specific indirect 1
    FLIT
    FCFMLRTY
    ESCS               0.024      0.004      6.263      0.000      0.224

  Specific indirect 2
    FLIT
    FLCONFIN
    ESCS               0.001      0.001      1.134      0.257      0.188

  Direct
    FLIT
    ESCS               0.248      0.017     14.728      0.000      0.299


Effects from IMMI2GEN to FLIT

  Total                0.009      0.003      2.935      0.003      0.248
  Total indirect       0.009      0.003      2.935      0.003      0.248

  Specific indirect 1
    FLIT
    FCFMLRTY
    IMMI2GEN           0.007      0.003      2.539      0.011      0.241

  Specific indirect 2
    FLIT
    FLCONFIN
    IMMI2GEN           0.002      0.001      1.925      0.054      0.194


Effects from MALE to FLIT

  Total                0.005      0.003      1.433      0.152      0.142
  Total indirect       0.005      0.003      1.433      0.152      0.142

  Specific indirect 1
    FLIT
    FCFMLRTY
    MALE              -0.001      0.003     -0.375      0.708      0.037

  Specific indirect 2
    FLIT
    FLCONFIN
    MALE               0.006      0.002      2.625      0.009      0.340




TECHNICAL 1 OUTPUT


     PARAMETER SPECIFICATION


           NU
              FLIT          FCFMLRTY      FLCONFIN      FLSCHOOL      NOBULLY
              ________      ________      ________      ________      ________
                  0             0             0             0             0


           NU
              FLFAMILY      IMMI1GEN      IMMI2GEN      ESCS          MALE
              ________      ________      ________      ________      ________
                  0             0             0             0             0


           LAMBDA
              FLIT          FCFMLRTY      FLCONFIN      FLSCHOOL      NOBULLY
              ________      ________      ________      ________      ________
 FLIT               0             0             0             0             0
 FCFMLRTY           0             0             0             0             0
 FLCONFIN           0             0             0             0             0
 FLSCHOOL           0             0             0             0             0
 NOBULLY            0             0             0             0             0
 FLFAMILY           0             0             0             0             0
 IMMI1GEN           0             0             0             0             0
 IMMI2GEN           0             0             0             0             0
 ESCS               0             0             0             0             0
 MALE               0             0             0             0             0


           LAMBDA
              FLFAMILY      IMMI1GEN      IMMI2GEN      ESCS          MALE
              ________      ________      ________      ________      ________
 FLIT               0             0             0             0             0
 FCFMLRTY           0             0             0             0             0
 FLCONFIN           0             0             0             0             0
 FLSCHOOL           0             0             0             0             0
 NOBULLY            0             0             0             0             0
 FLFAMILY           0             0             0             0             0
 IMMI1GEN           0             0             0             0             0
 IMMI2GEN           0             0             0             0             0
 ESCS               0             0             0             0             0
 MALE               0             0             0             0             0


           THETA
              FLIT          FCFMLRTY      FLCONFIN      FLSCHOOL      NOBULLY
              ________      ________      ________      ________      ________
 FLIT               0
 FCFMLRTY           0             0
 FLCONFIN           0             0             0
 FLSCHOOL           0             0             0             0
 NOBULLY            0             0             0             0             0
 FLFAMILY           0             0             0             0             0
 IMMI1GEN           0             0             0             0             0
 IMMI2GEN           0             0             0             0             0
 ESCS               0             0             0             0             0
 MALE               0             0             0             0             0


           THETA
              FLFAMILY      IMMI1GEN      IMMI2GEN      ESCS          MALE
              ________      ________      ________      ________      ________
 FLFAMILY           0
 IMMI1GEN           0             0
 IMMI2GEN           0             0             0
 ESCS               0             0             0             0
 MALE               0             0             0             0             0


           ALPHA
              FLIT          FCFMLRTY      FLCONFIN      FLSCHOOL      NOBULLY
              ________      ________      ________      ________      ________
                  1             2             3             4             5


           ALPHA
              FLFAMILY      IMMI1GEN      IMMI2GEN      ESCS          MALE
              ________      ________      ________      ________      ________
                  6             7             8             9             0


           BETA
              FLIT          FCFMLRTY      FLCONFIN      FLSCHOOL      NOBULLY
              ________      ________      ________      ________      ________
 FLIT               0            10            11            12            13
 FCFMLRTY           0             0             0            17            18
 FLCONFIN           0             0             0            23            24
 FLSCHOOL           0             0             0             0             0
 NOBULLY            0             0             0             0             0
 FLFAMILY           0             0             0             0             0
 IMMI1GEN           0             0             0             0             0
 IMMI2GEN           0             0             0             0             0
 ESCS               0             0             0             0             0
 MALE               0             0             0             0             0


           BETA
              FLFAMILY      IMMI1GEN      IMMI2GEN      ESCS          MALE
              ________      ________      ________      ________      ________
 FLIT              14            15             0            16             0
 FCFMLRTY          19             0            20            21            22
 FLCONFIN          25             0            26            27            28
 FLSCHOOL           0             0             0             0             0
 NOBULLY            0             0             0             0             0
 FLFAMILY           0             0             0             0             0
 IMMI1GEN           0             0             0             0             0
 IMMI2GEN           0             0             0             0             0
 ESCS               0             0             0             0             0
 MALE               0             0             0             0             0


           PSI
              FLIT          FCFMLRTY      FLCONFIN      FLSCHOOL      NOBULLY
              ________      ________      ________      ________      ________
 FLIT              29
 FCFMLRTY           0            30
 FLCONFIN           0            31            32
 FLSCHOOL           0             0             0            33
 NOBULLY            0             0             0            34            35
 FLFAMILY           0             0             0            36            37
 IMMI1GEN           0             0             0            39            40
 IMMI2GEN           0             0             0            43            44
 ESCS               0             0             0            48            49
 MALE               0             0             0             0             0


           PSI
              FLFAMILY      IMMI1GEN      IMMI2GEN      ESCS          MALE
              ________      ________      ________      ________      ________
 FLFAMILY          38
 IMMI1GEN          41            42
 IMMI2GEN          45            46            47
 ESCS              50            51            52            53
 MALE               0             0             0             0             0


     STARTING VALUES


           NU
              FLIT          FCFMLRTY      FLCONFIN      FLSCHOOL      NOBULLY
              ________      ________      ________      ________      ________
                0.000         0.000         0.000         0.000         0.000


           NU
              FLFAMILY      IMMI1GEN      IMMI2GEN      ESCS          MALE
              ________      ________      ________      ________      ________
                0.000         0.000         0.000         0.000         0.000


           LAMBDA
              FLIT          FCFMLRTY      FLCONFIN      FLSCHOOL      NOBULLY
              ________      ________      ________      ________      ________
 FLIT           1.000         0.000         0.000         0.000         0.000
 FCFMLRTY       0.000         1.000         0.000         0.000         0.000
 FLCONFIN       0.000         0.000         1.000         0.000         0.000
 FLSCHOOL       0.000         0.000         0.000         1.000         0.000
 NOBULLY        0.000         0.000         0.000         0.000         1.000
 FLFAMILY       0.000         0.000         0.000         0.000         0.000
 IMMI1GEN       0.000         0.000         0.000         0.000         0.000
 IMMI2GEN       0.000         0.000         0.000         0.000         0.000
 ESCS           0.000         0.000         0.000         0.000         0.000
 MALE           0.000         0.000         0.000         0.000         0.000


           LAMBDA
              FLFAMILY      IMMI1GEN      IMMI2GEN      ESCS          MALE
              ________      ________      ________      ________      ________
 FLIT           0.000         0.000         0.000         0.000         0.000
 FCFMLRTY       0.000         0.000         0.000         0.000         0.000
 FLCONFIN       0.000         0.000         0.000         0.000         0.000
 FLSCHOOL       0.000         0.000         0.000         0.000         0.000
 NOBULLY        0.000         0.000         0.000         0.000         0.000
 FLFAMILY       1.000         0.000         0.000         0.000         0.000
 IMMI1GEN       0.000         1.000         0.000         0.000         0.000
 IMMI2GEN       0.000         0.000         1.000         0.000         0.000
 ESCS           0.000         0.000         0.000         1.000         0.000
 MALE           0.000         0.000         0.000         0.000         1.000


           THETA
              FLIT          FCFMLRTY      FLCONFIN      FLSCHOOL      NOBULLY
              ________      ________      ________      ________      ________
 FLIT           0.000
 FCFMLRTY       0.000         0.000
 FLCONFIN       0.000         0.000         0.000
 FLSCHOOL       0.000         0.000         0.000         0.000
 NOBULLY        0.000         0.000         0.000         0.000         0.000
 FLFAMILY       0.000         0.000         0.000         0.000         0.000
 IMMI1GEN       0.000         0.000         0.000         0.000         0.000
 IMMI2GEN       0.000         0.000         0.000         0.000         0.000
 ESCS           0.000         0.000         0.000         0.000         0.000
 MALE           0.000         0.000         0.000         0.000         0.000


           THETA
              FLFAMILY      IMMI1GEN      IMMI2GEN      ESCS          MALE
              ________      ________      ________      ________      ________
 FLFAMILY       0.000
 IMMI1GEN       0.000         0.000
 IMMI2GEN       0.000         0.000         0.000
 ESCS           0.000         0.000         0.000         0.000
 MALE           0.000         0.000         0.000         0.000         0.000


           ALPHA
              FLIT          FCFMLRTY      FLCONFIN      FLSCHOOL      NOBULLY
              ________      ________      ________      ________      ________
              493.531         7.536        -0.247        -0.135         0.132


           ALPHA
              FLFAMILY      IMMI1GEN      IMMI2GEN      ESCS          MALE
              ________      ________      ________      ________      ________
               -0.001         0.064         0.050        -0.109         0.502


           BETA
              FLIT          FCFMLRTY      FLCONFIN      FLSCHOOL      NOBULLY
              ________      ________      ________      ________      ________
 FLIT           0.000         0.000         0.000         0.000         0.000
 FCFMLRTY       0.000         0.000         0.000         0.000         0.000
 FLCONFIN       0.000         0.000         0.000         0.000         0.000
 FLSCHOOL       0.000         0.000         0.000         0.000         0.000
 NOBULLY        0.000         0.000         0.000         0.000         0.000
 FLFAMILY       0.000         0.000         0.000         0.000         0.000
 IMMI1GEN       0.000         0.000         0.000         0.000         0.000
 IMMI2GEN       0.000         0.000         0.000         0.000         0.000
 ESCS           0.000         0.000         0.000         0.000         0.000
 MALE           0.000         0.000         0.000         0.000         0.000


           BETA
              FLFAMILY      IMMI1GEN      IMMI2GEN      ESCS          MALE
              ________      ________      ________      ________      ________
 FLIT           0.000         0.000         0.000         0.000         0.000
 FCFMLRTY       0.000         0.000         0.000         0.000         0.000
 FLCONFIN       0.000         0.000         0.000         0.000         0.000
 FLSCHOOL       0.000         0.000         0.000         0.000         0.000
 NOBULLY        0.000         0.000         0.000         0.000         0.000
 FLFAMILY       0.000         0.000         0.000         0.000         0.000
 IMMI1GEN       0.000         0.000         0.000         0.000         0.000
 IMMI2GEN       0.000         0.000         0.000         0.000         0.000
 ESCS           0.000         0.000         0.000         0.000         0.000
 MALE           0.000         0.000         0.000         0.000         0.000


           PSI
              FLIT          FCFMLRTY      FLCONFIN      FLSCHOOL      NOBULLY
              ________      ________      ________      ________      ________
 FLIT        3853.008
 FCFMLRTY       0.000        13.232
 FLCONFIN       0.000         0.000         0.528
 FLSCHOOL       0.000         0.000         0.000         0.499
 NOBULLY        0.000         0.000         0.000         0.000         0.462
 FLFAMILY       0.000         0.000         0.000         0.000         0.000
 IMMI1GEN       0.000         0.000         0.000         0.000         0.000
 IMMI2GEN       0.000         0.000         0.000         0.000         0.000
 ESCS           0.000         0.000         0.000         0.000         0.000
 MALE           0.000         0.000         0.000         0.000         0.000


           PSI
              FLFAMILY      IMMI1GEN      IMMI2GEN      ESCS          MALE
              ________      ________      ________      ________      ________
 FLFAMILY       0.509
 IMMI1GEN       0.000         0.030
 IMMI2GEN       0.000         0.000         0.024
 ESCS           0.000         0.000         0.000         0.544
 MALE           0.000         0.000         0.000         0.000         0.250


     Beginning Time:  18:03:51
        Ending Time:  18:04:20
       Elapsed Time:  00:00:29



MUTHEN & MUTHEN
3463 Stoner Ave.
Los Angeles, CA  90066

Tel: (310) 391-9971
Fax: (310) 391-8971
Web: www.StatModel.com
Support: Support@StatModel.com

Copyright (c) 1998-2020 Muthen & Muthen
