Mplus VERSION 8.3
MUTHEN & MUTHEN
03/04/2021   6:11 PM

INPUT INSTRUCTIONS


  TITLE:
      One-level 840

  DATA:
      file = "C:\Users\tctan\implist.dat";

      type = imputation;

  VARIABLE:
      names =
          FKI CNTRYID CNTSCHID W_STU
          MATH READ FLIT                      ! PISA achievement variables
          MALE IMMI1GEN IMMI2GEN ESCS         ! Demographic info
          FCFMLRTY FLCONFIN                   ! Affect
          FLSCHOOL                            !   Lat var "Academic"
          NOBULLY                             !   Lat var "Safety"
          FLFAMILY                            !   Lat var "Community"
          W_SCH STRATIO                       ! School character
          EDUSHORT                            !   Lat var "inst. env."
          ;

      useobs = CNTRYID eq 840;          ! Pull out one country at a time

      usevar =
          FLIT                                ! PISA achievement variables
          FLSCHOOL                            !   Lat var "Academic"
          NOBULLY                             !   Lat var "Safety"
          FLFAMILY                            !   Lat var "Community"
          FCFMLRTY FLCONFIN                   ! Affect
          MALE IMMI1GEN IMMI2GEN ESCS         ! Demographic info
          ;

      weight = W_STU;                         ! Student weight


  ANALYSIS:
      processors = 4;

      estimator = MLR;


  MODEL:

      ! Indirect pathways (1st half): school climate vars onto mediators
          ! Onto mediator FAMILIARITY
      FCFMLRTY on FLSCHOOL FLFAMILY NOBULLY ESCS IMMI2GEN MALE;
          ! Onto mediator CONFIDENCE
      FLCONFIN on FLSCHOOL FLFAMILY NOBULLY ESCS IMMI2GEN MALE;

      ! Total effect
      FLIT on
          ! Indirect pathways (2nd half): affective vars onto financial literacy
          FCFMLRTY FLCONFIN
          ! Direct pathways: school climate vars onto financial literacy
          FLSCHOOL FLFAMILY NOBULLY
          ! Dmographic vars
          ESCS IMMI1GEN
          ;

      ! Covariances
          ! Between school climate vars
      FLSCHOOL with FLFAMILY;
      FLFAMILY with NOBULLY;
      FLSCHOOL with NOBULLY;
          ! Between mediators
      FCFMLRTY with FLCONFIN;

          ! SES with school climate vars
      ESCS with FLSCHOOL FLFAMILY;
          ! SES with demographic vars
      ESCS with IMMI1GEN IMMI2GEN;

  MODEL INDIRECT:
  ! Indirect effects
      FLIT ind FLSCHOOL;
      FLIT ind FLFAMILY;
      FLIT ind NOBULLY;

      FLIT ind ESCS;
      FLIT ind IMMI2GEN;
      FLIT ind MALE;


  OUTPUT:
      stdyx                                   ! Fully standardised solution
      ;



INPUT READING TERMINATED NORMALLY




One-level 840

SUMMARY OF ANALYSIS

Number of groups                                                 1
Average number of observations                                3738

Number of replications
    Requested                                                   10
    Completed                                                   10

Number of dependent variables                                    3
Number of independent variables                                  7
Number of continuous latent variables                            0

Observed dependent variables

  Continuous
   FLIT        FCFMLRTY    FLCONFIN

Observed independent variables
   FLSCHOOL    NOBULLY     FLFAMILY    MALE        IMMI1GEN    IMMI2GEN
   ESCS

Variables with special functions

  Weight variable       W_STU

Estimator                                                      MLR
Information matrix                                        OBSERVED
Maximum number of iterations                                  1000
Convergence criterion                                    0.500D-04
Maximum number of steepest descent iterations                   20

Input data file(s)
  Multiple data files from
    C:\Users\tctan\implist.dat

Input data format  FREE


SAMPLE STATISTICS

NOTE:  These are average results over 10 data sets.


     SAMPLE STATISTICS


           Means
              FLIT          FCFMLRTY      FLCONFIN      FLSCHOOL      NOBULLY
              ________      ________      ________      ________      ________
              505.683         6.845        -0.182        -0.102        -0.152


           Means
              FLFAMILY      IMMI1GEN      IMMI2GEN      ESCS          MALE
              ________      ________      ________      ________      ________
                0.107         0.062         0.176         0.084         0.502


           Covariances
              FLIT          FCFMLRTY      FLCONFIN      FLSCHOOL      NOBULLY
              ________      ________      ________      ________      ________
 FLIT       10360.190
 FCFMLRTY     113.271        24.539
 FLCONFIN       0.861         1.389         1.072
 FLSCHOOL     -13.007         1.662         0.281         1.166
 NOBULLY        8.557         0.133         0.014        -0.035         1.091
 FLFAMILY      -4.028         0.672         0.262         0.227        -0.043
 IMMI1GEN      -1.756        -0.079         0.004        -0.005         0.004
 IMMI2GEN      -0.246        -0.150        -0.018        -0.014         0.022
 ESCS          39.638         1.044         0.019        -0.010         0.025
 MALE           1.542         0.209         0.092         0.047        -0.024


           Covariances
              FLFAMILY      IMMI1GEN      IMMI2GEN      ESCS          MALE
              ________      ________      ________      ________      ________
 FLFAMILY       1.116
 IMMI1GEN      -0.006         0.058
 IMMI2GEN      -0.003        -0.011         0.145
 ESCS           0.048        -0.020        -0.083         1.088
 MALE          -0.027         0.000        -0.004        -0.008         0.250


           Correlations
              FLIT          FCFMLRTY      FLCONFIN      FLSCHOOL      NOBULLY
              ________      ________      ________      ________      ________
 FLIT           1.000
 FCFMLRTY       0.225         1.000
 FLCONFIN       0.008         0.271         1.000
 FLSCHOOL      -0.118         0.311         0.252         1.000
 NOBULLY        0.080         0.026         0.013        -0.031         1.000
 FLFAMILY      -0.037         0.128         0.240         0.199        -0.039
 IMMI1GEN      -0.072        -0.066         0.017        -0.020         0.014
 IMMI2GEN      -0.006        -0.080        -0.046        -0.033         0.055
 ESCS           0.373         0.202         0.017        -0.009         0.023
 MALE           0.030         0.084         0.179         0.087        -0.046


           Correlations
              FLFAMILY      IMMI1GEN      IMMI2GEN      ESCS          MALE
              ________      ________      ________      ________      ________
 FLFAMILY       1.000
 IMMI1GEN      -0.023         1.000
 IMMI2GEN      -0.007        -0.118         1.000
 ESCS           0.043        -0.079        -0.209         1.000
 MALE          -0.051         0.001        -0.021        -0.016         1.000


MODEL FIT INFORMATION

Number of Free Parameters                       53

Loglikelihood

    H0 Value

        Mean                            -61723.091
        Std Dev                             46.804
        Number of successful computations       10

             Proportions                   Percentiles
        Expected    Observed         Expected       Observed
           0.990       1.000       -61831.971     -61808.284
           0.980       1.000       -61819.212     -61808.284
           0.950       0.900       -61800.079     -61808.284
           0.900       0.800       -61783.075     -61808.284
           0.800       0.800       -61762.481     -61808.284
           0.700       0.800       -61747.635     -61738.708
           0.500       0.600       -61723.091     -61720.451
           0.300       0.300       -61698.547     -61709.605
           0.200       0.200       -61683.701     -61692.353
           0.100       0.100       -61663.107     -61668.258
           0.050       0.000       -61646.103     -61668.258
           0.020       0.000       -61626.970     -61668.258
           0.010       0.000       -61614.211     -61668.258

    H1 Value

        Mean                            -61673.926
        Std Dev                             44.888
        Number of successful computations       10

             Proportions                   Percentiles
        Expected    Observed         Expected       Observed
           0.990       1.000       -61778.348     -61753.680
           0.980       1.000       -61766.111     -61753.680
           0.950       0.900       -61747.761     -61753.680
           0.900       0.800       -61731.454     -61753.680
           0.800       0.800       -61711.703     -61753.680
           0.700       0.800       -61697.465     -61686.294
           0.500       0.600       -61673.926     -61670.278
           0.300       0.300       -61650.387     -61658.130
           0.200       0.200       -61636.148     -61645.367
           0.100       0.100       -61616.398     -61619.238
           0.050       0.000       -61600.090     -61619.238
           0.020       0.000       -61581.740     -61619.238
           0.010       0.000       -61569.503     -61619.238

Information Criteria

    Akaike (AIC)

        Mean                            123552.182
        Std Dev                             93.608
        Number of successful computations       10

             Proportions                   Percentiles
        Expected    Observed         Expected       Observed
           0.990       1.000       123334.423     123418.007
           0.980       1.000       123359.940     123418.007
           0.950       1.000       123398.207     123418.007
           0.900       0.900       123432.215     123418.007
           0.800       0.800       123473.402     123418.007
           0.700       0.700       123503.094     123490.706
           0.500       0.400       123552.182     123525.709
           0.300       0.200       123601.270     123565.712
           0.200       0.200       123630.962     123583.416
           0.100       0.200       123672.150     123701.075
           0.050       0.100       123706.157     123701.075
           0.020       0.000       123744.424     123701.075
           0.010       0.000       123769.942     123701.075

    Bayesian (BIC)

        Mean                            123882.176
        Std Dev                             93.608
        Number of successful computations       10

             Proportions                   Percentiles
        Expected    Observed         Expected       Observed
           0.990       1.000       123664.417     123748.002
           0.980       1.000       123689.934     123748.002
           0.950       1.000       123728.201     123748.002
           0.900       0.900       123762.209     123748.002
           0.800       0.800       123803.396     123748.002
           0.700       0.700       123833.088     123820.700
           0.500       0.400       123882.176     123855.703
           0.300       0.200       123931.264     123895.707
           0.200       0.200       123960.956     123913.410
           0.100       0.200       124002.144     124031.069
           0.050       0.100       124036.151     124031.069
           0.020       0.000       124074.418     124031.069
           0.010       0.000       124099.936     124031.069

    Sample-Size Adjusted BIC (n* = (n + 2) / 24)

        Mean                            123713.768
        Std Dev                             93.608
        Number of successful computations       10

             Proportions                   Percentiles
        Expected    Observed         Expected       Observed
           0.990       1.000       123496.008     123579.593
           0.980       1.000       123521.526     123579.593
           0.950       1.000       123559.793     123579.593
           0.900       0.900       123593.800     123579.593
           0.800       0.800       123634.988     123579.593
           0.700       0.700       123664.680     123652.292
           0.500       0.400       123713.768     123687.295
           0.300       0.200       123762.856     123727.298
           0.200       0.200       123792.548     123745.002
           0.100       0.200       123833.735     123862.660
           0.050       0.100       123867.743     123862.660
           0.020       0.000       123906.010     123862.660
           0.010       0.000       123931.527     123862.660

Chi-Square Test of Model Fit

        Degrees of freedom                      10

        Mean                                78.332
        Std Dev                              5.518
        Number of successful computations       10

             Proportions                   Percentiles
        Expected    Observed         Expected       Observed
           0.990       1.000            2.558         69.348
           0.980       1.000            3.059         69.348
           0.950       1.000            3.940         69.348
           0.900       1.000            4.865         69.348
           0.800       1.000            6.179         69.348
           0.700       1.000            7.267         73.233
           0.500       1.000            9.342         78.156
           0.300       1.000           11.781         81.506
           0.200       1.000           13.442         81.639
           0.100       1.000           15.987         84.952
           0.050       1.000           18.307         84.952
           0.020       1.000           21.161         84.952
           0.010       1.000           23.209         84.952

RMSEA (Root Mean Square Error Of Approximation)

        Mean                                 0.043
        Std Dev                              0.002
        Number of successful computations       10

             Proportions                   Percentiles
        Expected    Observed         Expected       Observed
           0.990       1.000            0.039          0.040
           0.980       1.000            0.039          0.040
           0.950       0.900            0.040          0.040
           0.900       0.900            0.041          0.040
           0.800       0.700            0.041          0.040
           0.700       0.600            0.042          0.041
           0.500       0.500            0.043          0.043
           0.300       0.400            0.044          0.044
           0.200       0.200            0.044          0.044
           0.100       0.100            0.045          0.045
           0.050       0.000            0.046          0.045
           0.020       0.000            0.046          0.045
           0.010       0.000            0.047          0.045

CFI/TLI

    CFI

        Mean                                 0.960
        Std Dev                              0.004
        Number of successful computations       10

             Proportions                   Percentiles
        Expected    Observed         Expected       Observed
           0.990       1.000            0.952          0.954
           0.980       1.000            0.953          0.954
           0.950       1.000            0.954          0.954
           0.900       0.900            0.955          0.954
           0.800       0.800            0.957          0.954
           0.700       0.600            0.958          0.957
           0.500       0.400            0.960          0.960
           0.300       0.400            0.962          0.962
           0.200       0.300            0.963          0.963
           0.100       0.100            0.965          0.964
           0.050       0.100            0.966          0.964
           0.020       0.000            0.967          0.964
           0.010       0.000            0.968          0.964

    TLI

        Mean                                 0.904
        Std Dev                              0.009
        Number of successful computations       10

             Proportions                   Percentiles
        Expected    Observed         Expected       Observed
           0.990       1.000            0.884          0.891
           0.980       1.000            0.886          0.891
           0.950       1.000            0.890          0.891
           0.900       0.900            0.893          0.891
           0.800       0.800            0.897          0.891
           0.700       0.600            0.899          0.897
           0.500       0.400            0.904          0.903
           0.300       0.400            0.909          0.909
           0.200       0.300            0.911          0.912
           0.100       0.100            0.915          0.913
           0.050       0.100            0.918          0.913
           0.020       0.000            0.922          0.913
           0.010       0.000            0.924          0.913

SRMR (Standardized Root Mean Square Residual)

        Mean                                 0.018
        Std Dev                              0.001
        Number of successful computations       10

             Proportions                   Percentiles
        Expected    Observed         Expected       Observed
           0.990       1.000            0.017          0.018
           0.980       1.000            0.017          0.018
           0.950       1.000            0.017          0.018
           0.900       0.800            0.018          0.018
           0.800       0.700            0.018          0.018
           0.700       0.700            0.018          0.018
           0.500       0.500            0.018          0.018
           0.300       0.400            0.019          0.019
           0.200       0.200            0.019          0.019
           0.100       0.100            0.019          0.019
           0.050       0.100            0.019          0.019
           0.020       0.000            0.019          0.019
           0.010       0.000            0.020          0.019


MODEL RESULTS

                                                    Two-Tailed   Rate of
                    Estimate       S.E.  Est./S.E.    P-Value    Missing

 FCFMLRTY ON
    FLSCHOOL           1.347      0.079     17.158      0.000      0.040
    FLFAMILY           0.311      0.086      3.616      0.000      0.079
    NOBULLY            0.178      0.083      2.142      0.032      0.072
    ESCS               0.930      0.081     11.428      0.000      0.067
    IMMI2GEN          -0.380      0.218     -1.744      0.081      0.075
    MALE               0.660      0.168      3.934      0.000      0.111

 FLCONFIN ON
    FLSCHOOL           0.187      0.018     10.533      0.000      0.062
    FLFAMILY           0.207      0.019     11.149      0.000      0.099
    NOBULLY            0.036      0.018      2.035      0.042      0.127
    ESCS               0.004      0.018      0.239      0.811      0.095
    IMMI2GEN          -0.096      0.052     -1.838      0.066      0.177
    MALE               0.359      0.036      9.961      0.000      0.107

 FLIT     ON
    FCFMLRTY           4.400      0.389     11.303      0.000      0.083
    FLCONFIN          -0.198      1.776     -0.111      0.911      0.127
    FLSCHOOL         -16.191      1.786     -9.068      0.000      0.243
    FLFAMILY          -4.140      1.848     -2.240      0.025      0.334
    NOBULLY            5.958      1.648      3.615      0.000      0.151
    ESCS              31.815      1.635     19.458      0.000      0.095
    IMMI1GEN         -15.663      7.560     -2.072      0.038      0.141

 FLSCHOOL WITH
    FLFAMILY           0.227      0.021     10.556      0.000      0.032
    NOBULLY           -0.035      0.020     -1.729      0.084      0.056
    ESCS              -0.010      0.021     -0.478      0.633      0.065

 FLFAMILY WITH
    NOBULLY           -0.043      0.021     -2.009      0.045      0.082
    ESCS               0.048      0.021      2.234      0.025      0.128

 FCFMLRTY WITH
    FLCONFIN           0.840      0.087      9.703      0.000      0.078

 ESCS     WITH
    IMMI1GEN          -0.020      0.006     -3.508      0.000      0.017
    IMMI2GEN          -0.083      0.009     -9.737      0.000      0.028
    NOBULLY            0.025      0.021      1.211      0.226      0.040

 IMMI1GEN WITH
    FLSCHOOL          -0.005      0.005     -1.085      0.278      0.130
    NOBULLY            0.004      0.005      0.745      0.456      0.063
    FLFAMILY          -0.006      0.005     -1.152      0.249      0.078

 IMMI2GEN WITH
    FLSCHOOL          -0.014      0.008     -1.764      0.078      0.110
    NOBULLY            0.022      0.007      3.038      0.002      0.084
    FLFAMILY          -0.003      0.008     -0.375      0.708      0.042
    IMMI1GEN          -0.011      0.001    -12.725      0.000      0.006

 Means
    FLSCHOOL          -0.102      0.019     -5.358      0.000      0.039
    NOBULLY           -0.152      0.019     -8.003      0.000      0.099
    FLFAMILY           0.107      0.019      5.662      0.000      0.042
    IMMI1GEN           0.062      0.005     13.580      0.000      0.007
    IMMI2GEN           0.176      0.007     25.692      0.000      0.006
    ESCS               0.084      0.018      4.557      0.000      0.004

 Intercepts
    FLIT             473.516      3.257    145.362      0.000      0.140
    FCFMLRTY           6.633      0.115     57.527      0.000      0.076
    FLCONFIN          -0.344      0.027    -12.917      0.000      0.095

 Variances
    FLSCHOOL           1.166      0.026     44.772      0.000      0.079
    NOBULLY            1.091      0.028     38.602      0.000      0.061
    FLFAMILY           1.116      0.028     40.095      0.000      0.040
    IMMI1GEN           0.058      0.004     14.537      0.000      0.007
    IMMI2GEN           0.145      0.004     32.641      0.000      0.006
    ESCS               1.088      0.030     36.704      0.000      0.028

 Residual Variances
    FLIT            8291.931    262.712     31.563      0.000      0.439
    FCFMLRTY          20.899      0.491     42.547      0.000      0.081
    FLCONFIN           0.929      0.026     35.385      0.000      0.094


STANDARDIZED MODEL RESULTS


STDYX Standardization

                                                    Two-Tailed   Rate of
                    Estimate       S.E.  Est./S.E.    P-Value    Missing

 FCFMLRTY ON
    FLSCHOOL           0.294      0.017     17.306      0.000      0.048
    FLFAMILY           0.066      0.018      3.617      0.000      0.080
    NOBULLY            0.038      0.018      2.137      0.033      0.073
    ESCS               0.196      0.017     11.348      0.000      0.065
    IMMI2GEN          -0.029      0.017     -1.743      0.081      0.076
    MALE               0.067      0.017      3.946      0.000      0.111

 FLCONFIN ON
    FLSCHOOL           0.195      0.018     10.628      0.000      0.059
    FLFAMILY           0.211      0.019     11.297      0.000      0.110
    NOBULLY            0.037      0.018      2.040      0.041      0.129
    ESCS               0.004      0.018      0.239      0.811      0.095
    IMMI2GEN          -0.035      0.019     -1.839      0.066      0.174
    MALE               0.174      0.017     10.229      0.000      0.113

 FLIT     ON
    FCFMLRTY           0.214      0.018     11.662      0.000      0.089
    FLCONFIN          -0.002      0.018     -0.112      0.911      0.128
    FLSCHOOL          -0.172      0.019     -9.012      0.000      0.270
    FLFAMILY          -0.043      0.019     -2.243      0.025      0.332
    NOBULLY            0.061      0.017      3.631      0.000      0.136
    ESCS               0.326      0.016     20.878      0.000      0.085
    IMMI1GEN          -0.037      0.018     -2.074      0.038      0.136

 FLSCHOOL WITH
    FLFAMILY           0.199      0.018     11.002      0.000      0.029
    NOBULLY           -0.031      0.018     -1.730      0.084      0.055
    ESCS              -0.009      0.019     -0.477      0.633      0.065

 FLFAMILY WITH
    NOBULLY           -0.039      0.019     -2.017      0.044      0.082
    ESCS               0.043      0.019      2.243      0.025      0.129

 FCFMLRTY WITH
    FLCONFIN           0.191      0.019     10.108      0.000      0.090

 ESCS     WITH
    IMMI1GEN          -0.079      0.022     -3.593      0.000      0.016
    IMMI2GEN          -0.209      0.020    -10.458      0.000      0.027
    NOBULLY            0.023      0.019      1.216      0.224      0.040

 IMMI1GEN WITH
    FLSCHOOL          -0.020      0.018     -1.091      0.275      0.131
    NOBULLY            0.014      0.019      0.746      0.456      0.063
    FLFAMILY          -0.023      0.020     -1.156      0.248      0.078

 IMMI2GEN WITH
    FLSCHOOL          -0.033      0.019     -1.765      0.078      0.112
    NOBULLY            0.055      0.018      3.047      0.002      0.085
    FLFAMILY          -0.007      0.019     -0.375      0.708      0.042
    IMMI1GEN          -0.118      0.005    -23.244      0.000      0.006

 Means
    FLSCHOOL          -0.094      0.018     -5.255      0.000      0.042
    NOBULLY           -0.145      0.017     -8.448      0.000      0.098
    FLFAMILY           0.101      0.018      5.679      0.000      0.044
    IMMI1GEN           0.257      0.010     25.484      0.000      0.007
    IMMI2GEN           0.461      0.011     42.365      0.000      0.006
    ESCS               0.081      0.018      4.463      0.000      0.005

 Intercepts
    FLIT               4.653      0.077     60.786      0.000      0.294
    FCFMLRTY           1.341      0.027     50.225      0.000      0.083
    FLCONFIN          -0.332      0.025    -13.131      0.000      0.100

 Variances
    FLSCHOOL           1.000      0.000  *********      0.000      0.000
    NOBULLY            1.000      0.000  *********      0.000      0.000
    FLFAMILY           1.000      0.000  *********      0.000      0.000
    IMMI1GEN           1.000      0.000  *********      0.000      0.000
    IMMI2GEN           1.000      0.000  *********      0.000      0.000
    ESCS               1.000      0.000  *********      0.000      0.000

 Residual Variances
    FLIT               0.801      0.013     60.157      0.000      0.110
    FCFMLRTY           0.854      0.012     70.060      0.000      0.092
    FLCONFIN           0.869      0.012     69.983      0.000      0.193


R-SQUARE

    Observed                                        Two-Tailed   Rate of
    Variable        Estimate       S.E.  Est./S.E.    P-Value    Missing

    FLIT               0.199      0.013     14.983      0.000      0.110
    FCFMLRTY           0.146      0.012     12.009      0.000      0.092
    FLCONFIN           0.131      0.012     10.590      0.000      0.193


QUALITY OF NUMERICAL RESULTS

     Average Condition Number for the Information Matrix      0.622E-06
       (ratio of smallest to largest eigenvalue)


TOTAL, TOTAL INDIRECT, SPECIFIC INDIRECT, AND DIRECT EFFECTS


                                                    Two-Tailed   Rate of
                    Estimate       S.E.  Est./S.E.    P-Value    Missing

Effects from FLSCHOOL to FLIT

  Total              -10.299      1.722     -5.981      0.000      0.258
  Total indirect       5.892      0.674      8.741      0.000      0.085

  Specific indirect 1
    FLIT
    FCFMLRTY
    FLSCHOOL           5.928      0.632      9.377      0.000      0.088

  Specific indirect 2
    FLIT
    FLCONFIN
    FLSCHOOL          -0.037      0.332     -0.111      0.912      0.129

  Direct
    FLIT
    FLSCHOOL         -16.191      1.786     -9.068      0.000      0.243


Effects from FLFAMILY to FLIT

  Total               -2.815      1.906     -1.477      0.140      0.374
  Total indirect       1.325      0.508      2.608      0.009      0.103

  Specific indirect 1
    FLIT
    FCFMLRTY
    FLFAMILY           1.367      0.398      3.433      0.001      0.085

  Specific indirect 2
    FLIT
    FLCONFIN
    FLFAMILY          -0.042      0.367     -0.114      0.909      0.126

  Direct
    FLIT
    FLFAMILY          -4.140      1.848     -2.240      0.025      0.334


Effects from NOBULLY to FLIT

  Total                6.734      1.717      3.922      0.000      0.170
  Total indirect       0.776      0.380      2.043      0.041      0.096

  Specific indirect 1
    FLIT
    FCFMLRTY
    NOBULLY            0.783      0.375      2.090      0.037      0.086

  Specific indirect 2
    FLIT
    FLCONFIN
    NOBULLY           -0.007      0.065     -0.101      0.920      0.113

  Direct
    FLIT
    NOBULLY            5.958      1.648      3.615      0.000      0.151


Effects from ESCS to FLIT

  Total               35.907      1.654     21.705      0.000      0.108
  Total indirect       4.091      0.518      7.906      0.000      0.098

  Specific indirect 1
    FLIT
    FCFMLRTY
    ESCS               4.092      0.519      7.886      0.000      0.099

  Specific indirect 2
    FLIT
    FLCONFIN
    ESCS              -0.001      0.015     -0.053      0.958      0.051

  Direct
    FLIT
    ESCS              31.815      1.635     19.458      0.000      0.095


Effects from IMMI2GEN to FLIT

  Total               -1.654      0.975     -1.696      0.090      0.091
  Total indirect      -1.654      0.975     -1.696      0.090      0.091

  Specific indirect 1
    FLIT
    FCFMLRTY
    IMMI2GEN          -1.673      0.959     -1.744      0.081      0.077

  Specific indirect 2
    FLIT
    FLCONFIN
    IMMI2GEN           0.019      0.176      0.107      0.915      0.122


Effects from MALE to FLIT

  Total                2.832      0.939      3.015      0.003      0.059
  Total indirect       2.832      0.939      3.015      0.003      0.059

  Specific indirect 1
    FLIT
    FCFMLRTY
    MALE               2.904      0.784      3.705      0.000      0.103

  Specific indirect 2
    FLIT
    FLCONFIN
    MALE              -0.072      0.640     -0.113      0.910      0.132



STANDARDIZED TOTAL, TOTAL INDIRECT, SPECIFIC INDIRECT, AND DIRECT EFFECTS


STDYX Standardization

                                                    Two-Tailed   Rate of
                    Estimate       S.E.  Est./S.E.    P-Value    Missing

Effects from FLSCHOOL to FLIT

  Total               -0.109      0.018     -5.932      0.000      0.280
  Total indirect       0.063      0.007      8.881      0.000      0.066

  Specific indirect 1
    FLIT
    FCFMLRTY
    FLSCHOOL           0.063      0.007      9.524      0.000      0.073

  Specific indirect 2
    FLIT
    FLCONFIN
    FLSCHOOL           0.000      0.004     -0.111      0.911      0.129

  Direct
    FLIT
    FLSCHOOL          -0.172      0.019     -9.012      0.000      0.270


Effects from FLFAMILY to FLIT

  Total               -0.029      0.020     -1.476      0.140      0.374
  Total indirect       0.014      0.005      2.611      0.009      0.102

  Specific indirect 1
    FLIT
    FCFMLRTY
    FLFAMILY           0.014      0.004      3.434      0.001      0.087

  Specific indirect 2
    FLIT
    FLCONFIN
    FLFAMILY           0.000      0.004     -0.115      0.909      0.126

  Direct
    FLIT
    FLFAMILY          -0.043      0.019     -2.243      0.025      0.332


Effects from NOBULLY to FLIT

  Total                0.069      0.018      3.943      0.000      0.153
  Total indirect       0.008      0.004      2.046      0.041      0.092

  Specific indirect 1
    FLIT
    FCFMLRTY
    NOBULLY            0.008      0.004      2.093      0.036      0.083

  Specific indirect 2
    FLIT
    FLCONFIN
    NOBULLY            0.000      0.001     -0.102      0.919      0.113

  Direct
    FLIT
    NOBULLY            0.061      0.017      3.631      0.000      0.136


Effects from ESCS to FLIT

  Total                0.368      0.015     23.928      0.000      0.082
  Total indirect       0.042      0.005      8.056      0.000      0.081

  Specific indirect 1
    FLIT
    FCFMLRTY
    ESCS               0.042      0.005      8.035      0.000      0.083

  Specific indirect 2
    FLIT
    FLCONFIN
    ESCS               0.000      0.000     -0.054      0.957      0.051

  Direct
    FLIT
    ESCS               0.326      0.016     20.878      0.000      0.085


Effects from IMMI2GEN to FLIT

  Total               -0.006      0.004     -1.696      0.090      0.087
  Total indirect      -0.006      0.004     -1.696      0.090      0.087

  Specific indirect 1
    FLIT
    FCFMLRTY
    IMMI2GEN          -0.006      0.004     -1.744      0.081      0.074

  Specific indirect 2
    FLIT
    FLCONFIN
    IMMI2GEN           0.000      0.001      0.107      0.914      0.122


Effects from MALE to FLIT

  Total                0.014      0.005      3.021      0.003      0.058
  Total indirect       0.014      0.005      3.021      0.003      0.058

  Specific indirect 1
    FLIT
    FCFMLRTY
    MALE               0.014      0.004      3.702      0.000      0.109

  Specific indirect 2
    FLIT
    FLCONFIN
    MALE               0.000      0.003     -0.114      0.910      0.133




TECHNICAL 1 OUTPUT


     PARAMETER SPECIFICATION


           NU
              FLIT          FCFMLRTY      FLCONFIN      FLSCHOOL      NOBULLY
              ________      ________      ________      ________      ________
                  0             0             0             0             0


           NU
              FLFAMILY      IMMI1GEN      IMMI2GEN      ESCS          MALE
              ________      ________      ________      ________      ________
                  0             0             0             0             0


           LAMBDA
              FLIT          FCFMLRTY      FLCONFIN      FLSCHOOL      NOBULLY
              ________      ________      ________      ________      ________
 FLIT               0             0             0             0             0
 FCFMLRTY           0             0             0             0             0
 FLCONFIN           0             0             0             0             0
 FLSCHOOL           0             0             0             0             0
 NOBULLY            0             0             0             0             0
 FLFAMILY           0             0             0             0             0
 IMMI1GEN           0             0             0             0             0
 IMMI2GEN           0             0             0             0             0
 ESCS               0             0             0             0             0
 MALE               0             0             0             0             0


           LAMBDA
              FLFAMILY      IMMI1GEN      IMMI2GEN      ESCS          MALE
              ________      ________      ________      ________      ________
 FLIT               0             0             0             0             0
 FCFMLRTY           0             0             0             0             0
 FLCONFIN           0             0             0             0             0
 FLSCHOOL           0             0             0             0             0
 NOBULLY            0             0             0             0             0
 FLFAMILY           0             0             0             0             0
 IMMI1GEN           0             0             0             0             0
 IMMI2GEN           0             0             0             0             0
 ESCS               0             0             0             0             0
 MALE               0             0             0             0             0


           THETA
              FLIT          FCFMLRTY      FLCONFIN      FLSCHOOL      NOBULLY
              ________      ________      ________      ________      ________
 FLIT               0
 FCFMLRTY           0             0
 FLCONFIN           0             0             0
 FLSCHOOL           0             0             0             0
 NOBULLY            0             0             0             0             0
 FLFAMILY           0             0             0             0             0
 IMMI1GEN           0             0             0             0             0
 IMMI2GEN           0             0             0             0             0
 ESCS               0             0             0             0             0
 MALE               0             0             0             0             0


           THETA
              FLFAMILY      IMMI1GEN      IMMI2GEN      ESCS          MALE
              ________      ________      ________      ________      ________
 FLFAMILY           0
 IMMI1GEN           0             0
 IMMI2GEN           0             0             0
 ESCS               0             0             0             0
 MALE               0             0             0             0             0


           ALPHA
              FLIT          FCFMLRTY      FLCONFIN      FLSCHOOL      NOBULLY
              ________      ________      ________      ________      ________
                  1             2             3             4             5


           ALPHA
              FLFAMILY      IMMI1GEN      IMMI2GEN      ESCS          MALE
              ________      ________      ________      ________      ________
                  6             7             8             9             0


           BETA
              FLIT          FCFMLRTY      FLCONFIN      FLSCHOOL      NOBULLY
              ________      ________      ________      ________      ________
 FLIT               0            10            11            12            13
 FCFMLRTY           0             0             0            17            18
 FLCONFIN           0             0             0            23            24
 FLSCHOOL           0             0             0             0             0
 NOBULLY            0             0             0             0             0
 FLFAMILY           0             0             0             0             0
 IMMI1GEN           0             0             0             0             0
 IMMI2GEN           0             0             0             0             0
 ESCS               0             0             0             0             0
 MALE               0             0             0             0             0


           BETA
              FLFAMILY      IMMI1GEN      IMMI2GEN      ESCS          MALE
              ________      ________      ________      ________      ________
 FLIT              14            15             0            16             0
 FCFMLRTY          19             0            20            21            22
 FLCONFIN          25             0            26            27            28
 FLSCHOOL           0             0             0             0             0
 NOBULLY            0             0             0             0             0
 FLFAMILY           0             0             0             0             0
 IMMI1GEN           0             0             0             0             0
 IMMI2GEN           0             0             0             0             0
 ESCS               0             0             0             0             0
 MALE               0             0             0             0             0


           PSI
              FLIT          FCFMLRTY      FLCONFIN      FLSCHOOL      NOBULLY
              ________      ________      ________      ________      ________
 FLIT              29
 FCFMLRTY           0            30
 FLCONFIN           0            31            32
 FLSCHOOL           0             0             0            33
 NOBULLY            0             0             0            34            35
 FLFAMILY           0             0             0            36            37
 IMMI1GEN           0             0             0            39            40
 IMMI2GEN           0             0             0            43            44
 ESCS               0             0             0            48            49
 MALE               0             0             0             0             0


           PSI
              FLFAMILY      IMMI1GEN      IMMI2GEN      ESCS          MALE
              ________      ________      ________      ________      ________
 FLFAMILY          38
 IMMI1GEN          41            42
 IMMI2GEN          45            46            47
 ESCS              50            51            52            53
 MALE               0             0             0             0             0


     STARTING VALUES


           NU
              FLIT          FCFMLRTY      FLCONFIN      FLSCHOOL      NOBULLY
              ________      ________      ________      ________      ________
                0.000         0.000         0.000         0.000         0.000


           NU
              FLFAMILY      IMMI1GEN      IMMI2GEN      ESCS          MALE
              ________      ________      ________      ________      ________
                0.000         0.000         0.000         0.000         0.000


           LAMBDA
              FLIT          FCFMLRTY      FLCONFIN      FLSCHOOL      NOBULLY
              ________      ________      ________      ________      ________
 FLIT           1.000         0.000         0.000         0.000         0.000
 FCFMLRTY       0.000         1.000         0.000         0.000         0.000
 FLCONFIN       0.000         0.000         1.000         0.000         0.000
 FLSCHOOL       0.000         0.000         0.000         1.000         0.000
 NOBULLY        0.000         0.000         0.000         0.000         1.000
 FLFAMILY       0.000         0.000         0.000         0.000         0.000
 IMMI1GEN       0.000         0.000         0.000         0.000         0.000
 IMMI2GEN       0.000         0.000         0.000         0.000         0.000
 ESCS           0.000         0.000         0.000         0.000         0.000
 MALE           0.000         0.000         0.000         0.000         0.000


           LAMBDA
              FLFAMILY      IMMI1GEN      IMMI2GEN      ESCS          MALE
              ________      ________      ________      ________      ________
 FLIT           0.000         0.000         0.000         0.000         0.000
 FCFMLRTY       0.000         0.000         0.000         0.000         0.000
 FLCONFIN       0.000         0.000         0.000         0.000         0.000
 FLSCHOOL       0.000         0.000         0.000         0.000         0.000
 NOBULLY        0.000         0.000         0.000         0.000         0.000
 FLFAMILY       1.000         0.000         0.000         0.000         0.000
 IMMI1GEN       0.000         1.000         0.000         0.000         0.000
 IMMI2GEN       0.000         0.000         1.000         0.000         0.000
 ESCS           0.000         0.000         0.000         1.000         0.000
 MALE           0.000         0.000         0.000         0.000         1.000


           THETA
              FLIT          FCFMLRTY      FLCONFIN      FLSCHOOL      NOBULLY
              ________      ________      ________      ________      ________
 FLIT           0.000
 FCFMLRTY       0.000         0.000
 FLCONFIN       0.000         0.000         0.000
 FLSCHOOL       0.000         0.000         0.000         0.000
 NOBULLY        0.000         0.000         0.000         0.000         0.000
 FLFAMILY       0.000         0.000         0.000         0.000         0.000
 IMMI1GEN       0.000         0.000         0.000         0.000         0.000
 IMMI2GEN       0.000         0.000         0.000         0.000         0.000
 ESCS           0.000         0.000         0.000         0.000         0.000
 MALE           0.000         0.000         0.000         0.000         0.000


           THETA
              FLFAMILY      IMMI1GEN      IMMI2GEN      ESCS          MALE
              ________      ________      ________      ________      ________
 FLFAMILY       0.000
 IMMI1GEN       0.000         0.000
 IMMI2GEN       0.000         0.000         0.000
 ESCS           0.000         0.000         0.000         0.000
 MALE           0.000         0.000         0.000         0.000         0.000


           ALPHA
              FLIT          FCFMLRTY      FLCONFIN      FLSCHOOL      NOBULLY
              ________      ________      ________      ________      ________
              504.494         6.852        -0.175        -0.104        -0.151


           ALPHA
              FLFAMILY      IMMI1GEN      IMMI2GEN      ESCS          MALE
              ________      ________      ________      ________      ________
                0.110         0.061         0.176         0.083         0.502


           BETA
              FLIT          FCFMLRTY      FLCONFIN      FLSCHOOL      NOBULLY
              ________      ________      ________      ________      ________
 FLIT           0.000         0.000         0.000         0.000         0.000
 FCFMLRTY       0.000         0.000         0.000         0.000         0.000
 FLCONFIN       0.000         0.000         0.000         0.000         0.000
 FLSCHOOL       0.000         0.000         0.000         0.000         0.000
 NOBULLY        0.000         0.000         0.000         0.000         0.000
 FLFAMILY       0.000         0.000         0.000         0.000         0.000
 IMMI1GEN       0.000         0.000         0.000         0.000         0.000
 IMMI2GEN       0.000         0.000         0.000         0.000         0.000
 ESCS           0.000         0.000         0.000         0.000         0.000
 MALE           0.000         0.000         0.000         0.000         0.000


           BETA
              FLFAMILY      IMMI1GEN      IMMI2GEN      ESCS          MALE
              ________      ________      ________      ________      ________
 FLIT           0.000         0.000         0.000         0.000         0.000
 FCFMLRTY       0.000         0.000         0.000         0.000         0.000
 FLCONFIN       0.000         0.000         0.000         0.000         0.000
 FLSCHOOL       0.000         0.000         0.000         0.000         0.000
 NOBULLY        0.000         0.000         0.000         0.000         0.000
 FLFAMILY       0.000         0.000         0.000         0.000         0.000
 IMMI1GEN       0.000         0.000         0.000         0.000         0.000
 IMMI2GEN       0.000         0.000         0.000         0.000         0.000
 ESCS           0.000         0.000         0.000         0.000         0.000
 MALE           0.000         0.000         0.000         0.000         0.000


           PSI
              FLIT          FCFMLRTY      FLCONFIN      FLSCHOOL      NOBULLY
              ________      ________      ________      ________      ________
 FLIT        5226.785
 FCFMLRTY       0.000        12.376
 FLCONFIN       0.000         0.000         0.536
 FLSCHOOL       0.000         0.000         0.000         0.587
 NOBULLY        0.000         0.000         0.000         0.000         0.544
 FLFAMILY       0.000         0.000         0.000         0.000         0.000
 IMMI1GEN       0.000         0.000         0.000         0.000         0.000
 IMMI2GEN       0.000         0.000         0.000         0.000         0.000
 ESCS           0.000         0.000         0.000         0.000         0.000
 MALE           0.000         0.000         0.000         0.000         0.000


           PSI
              FLFAMILY      IMMI1GEN      IMMI2GEN      ESCS          MALE
              ________      ________      ________      ________      ________
 FLFAMILY       0.561
 IMMI1GEN       0.000         0.029
 IMMI2GEN       0.000         0.000         0.072
 ESCS           0.000         0.000         0.000         0.549
 MALE           0.000         0.000         0.000         0.000         0.250


     Beginning Time:  18:11:27
        Ending Time:  18:12:07
       Elapsed Time:  00:00:40



MUTHEN & MUTHEN
3463 Stoner Ave.
Los Angeles, CA  90066

Tel: (310) 391-9971
Fax: (310) 391-8971
Web: www.StatModel.com
Support: Support@StatModel.com

Copyright (c) 1998-2019 Muthen & Muthen
