Mplus VERSION 8.3
MUTHEN & MUTHEN
02/10/2021   7:19 PM

INPUT INSTRUCTIONS


  TITLE:
      One-level 246

  DATA:
      file = "C:\Users\tctan\implist.dat";

      type = imputation;

  VARIABLE:
      names =
          FKI CNTRYID CNTSCHID W_STU
          MATH READ FLIT                      ! PISA achievement variables
          MALE IMMI1GEN IMMI2GEN ESCS         ! Demographic info
          FCFMLRTY FLCONFIN                   ! Affect
          FLSCHOOL                            !   Lat var "Academic"
          NOBULLY                             !   Lat var "Safety"
          FLFAMILY                            !   Lat var "Community"
          W_SCH STRATIO                       ! School character
          EDUSHORT                            !   Lat var "inst. env."
          ;

      useobs = CNTRYID eq 246;          ! Pull out one country at a time

      usevar =
          FLIT                                ! PISA achievement variables
          FLSCHOOL                            !   Lat var "Academic"
          NOBULLY                             !   Lat var "Safety"
          FLFAMILY                            !   Lat var "Community"
          FCFMLRTY FLCONFIN                   ! Affect
          MALE IMMI1GEN IMMI2GEN ESCS         ! Demographic info
          ;

      weight = W_STU;                         ! Student weight


  ANALYSIS:
      processors = 4;

      estimator = MLR;


  MODEL:

      ! Indirect pathways (1st half): school climate vars onto mediators
          ! Onto mediator FAMILIARITY
      FCFMLRTY on FLSCHOOL NOBULLY FLFAMILY;
          ! Onto mediator CONFIDENCE
      FLCONFIN on FLSCHOOL NOBULLY FLFAMILY;

      ! Total effect
      FLIT on
          ! Direct pathways: school climate vars onto financial literacy
          FLSCHOOL NOBULLY FLFAMILY
          ! Indirect pathways (2nd half): affective vars onto financial literacy
          FCFMLRTY FLCONFIN
          ! Control vars (demographic info)
          MALE IMMI1GEN IMMI2GEN ESCS
          ;

      ! Covariances
          ! Between school climate vars
      FLSCHOOL with NOBULLY;
      FLSCHOOL with FLFAMILY;
      NOBULLY with FLFAMILY;
          ! Between mediators
      FCFMLRTY with FLCONFIN;
          ! SES with FLFAMILY
      ESCS with FLFAMILY;

  MODEL INDIRECT:

  ! Indirect effects
      FLIT ind FLSCHOOL;
      FLIT ind NOBULLY;
      FLIT ind FLFAMILY;


  OUTPUT:
      stdyx                                   ! Fully standardised solution
      mod(all)                                ! Mod indices (all)
      ;



*** WARNING in OUTPUT command
  MODINDICES option is not available for multiple imputation.
  Request for MODINDICES is ignored.
   1 WARNING(S) FOUND IN THE INPUT INSTRUCTIONS




One-level 246

SUMMARY OF ANALYSIS

Number of groups                                                 1
Average number of observations                                4328

Number of replications
    Requested                                                   10
    Completed                                                   10

Number of dependent variables                                    3
Number of independent variables                                  7
Number of continuous latent variables                            0

Observed dependent variables

  Continuous
   FLIT        FCFMLRTY    FLCONFIN

Observed independent variables
   FLSCHOOL    NOBULLY     FLFAMILY    MALE        IMMI1GEN    IMMI2GEN
   ESCS

Variables with special functions

  Weight variable       W_STU

Estimator                                                      MLR
Information matrix                                        OBSERVED
Maximum number of iterations                                  1000
Convergence criterion                                    0.500D-04
Maximum number of steepest descent iterations                   20

Input data file(s)
  Multiple data files from
    C:\Users\tctan\implist.dat

Input data format  FREE


SAMPLE STATISTICS

NOTE:  These are average results over 10 data sets.


     SAMPLE STATISTICS


           Means
              FLIT          FCFMLRTY      FLCONFIN      FLSCHOOL      NOBULLY
              ________      ________      ________      ________      ________
              536.855         9.840        -0.004         0.437         0.010


           Means
              FLFAMILY      ESCS          MALE          IMMI1GEN      IMMI2GEN
              ________      ________      ________      ________      ________
               -0.137         0.283         0.509         0.033         0.026


           Covariances
              FLIT          FCFMLRTY      FLCONFIN      FLSCHOOL      NOBULLY
              ________      ________      ________      ________      ________
 FLIT       10386.408
 FCFMLRTY     175.809        24.200
 FLCONFIN      11.180         1.313         0.858
 FLSCHOOL      17.662         1.636         0.186         0.835
 NOBULLY        4.076         0.174         0.003         0.001         0.954
 FLFAMILY      -0.156         0.605         0.169         0.210        -0.037
 ESCS          24.832         0.718         0.062         0.060        -0.003
 MALE          -1.454         0.164         0.104         0.005        -0.028
 IMMI1GEN      -2.859        -0.073        -0.004        -0.009        -0.008
 IMMI2GEN      -1.402        -0.050        -0.004        -0.003         0.004


           Covariances
              FLFAMILY      ESCS          MALE          IMMI1GEN      IMMI2GEN
              ________      ________      ________      ________      ________
 FLFAMILY       0.782
 ESCS           0.053         0.632
 MALE          -0.016         0.008         0.250
 IMMI1GEN       0.002        -0.019        -0.001         0.032
 IMMI2GEN      -0.001        -0.011        -0.002        -0.001         0.025


           Correlations
              FLIT          FCFMLRTY      FLCONFIN      FLSCHOOL      NOBULLY
              ________      ________      ________      ________      ________
 FLIT           1.000
 FCFMLRTY       0.351         1.000
 FLCONFIN       0.118         0.288         1.000
 FLSCHOOL       0.190         0.364         0.219         1.000
 NOBULLY        0.041         0.036         0.003         0.001         1.000
 FLFAMILY      -0.002         0.139         0.206         0.260        -0.043
 ESCS           0.306         0.184         0.084         0.083        -0.004
 MALE          -0.029         0.067         0.224         0.010        -0.058
 IMMI1GEN      -0.158        -0.083        -0.022        -0.052        -0.048
 IMMI2GEN      -0.087        -0.064        -0.024        -0.024         0.025


           Correlations
              FLFAMILY      ESCS          MALE          IMMI1GEN      IMMI2GEN
              ________      ________      ________      ________      ________
 FLFAMILY       1.000
 ESCS           0.076         1.000
 MALE          -0.037         0.021         1.000
 IMMI1GEN       0.010        -0.137        -0.009         1.000
 IMMI2GEN      -0.010        -0.086        -0.031        -0.030         1.000


MODEL FIT INFORMATION

Number of Free Parameters                       36

Loglikelihood

    H0 Value

        Mean                            -66267.106
        Std Dev                             66.311
        Number of successful computations       10

             Proportions                   Percentiles
        Expected    Observed         Expected       Observed
           0.990       1.000       -66421.365     -66370.396
           0.980       1.000       -66403.288     -66370.396
           0.950       1.000       -66376.181     -66370.396
           0.900       0.800       -66352.090     -66370.396
           0.800       0.800       -66322.913     -66370.396
           0.700       0.800       -66301.880     -66291.245
           0.500       0.400       -66267.106     -66280.762
           0.300       0.300       -66232.333     -66254.048
           0.200       0.200       -66211.300     -66213.431
           0.100       0.200       -66182.123     -66179.272
           0.050       0.100       -66158.032     -66179.272
           0.020       0.000       -66130.925     -66179.272
           0.010       0.000       -66112.848     -66179.272

    H1 Value

        Mean                            -65986.158
        Std Dev                             69.369
        Number of successful computations       10

             Proportions                   Percentiles
        Expected    Observed         Expected       Observed
           0.990       1.000       -66147.531     -66095.791
           0.980       1.000       -66128.621     -66095.791
           0.950       1.000       -66100.263     -66095.791
           0.900       0.800       -66075.061     -66095.791
           0.800       0.800       -66044.539     -66095.791
           0.700       0.800       -66022.535     -66007.153
           0.500       0.300       -65986.158     -65993.244
           0.300       0.300       -65949.781     -65987.039
           0.200       0.300       -65927.777     -65926.518
           0.100       0.200       -65897.255     -65886.492
           0.050       0.000       -65872.053     -65886.492
           0.020       0.000       -65843.695     -65886.492
           0.010       0.000       -65824.785     -65886.492

Information Criteria

    Akaike (AIC)

        Mean                            132606.213
        Std Dev                            132.621
        Number of successful computations       10

             Proportions                   Percentiles
        Expected    Observed         Expected       Observed
           0.990       1.000       132297.697     132385.824
           0.980       1.000       132333.849     132385.824
           0.950       0.900       132388.065     132385.824
           0.900       0.800       132436.246     132385.824
           0.800       0.800       132494.599     132385.824
           0.700       0.700       132536.667     132498.863
           0.500       0.600       132606.213     132625.161
           0.300       0.200       132675.759     132642.793
           0.200       0.200       132717.827     132654.491
           0.100       0.200       132776.180     132798.040
           0.050       0.000       132824.361     132798.040
           0.020       0.000       132878.577     132798.040
           0.010       0.000       132914.729     132798.040

    Bayesian (BIC)

        Mean                            132835.636
        Std Dev                            132.621
        Number of successful computations       10

             Proportions                   Percentiles
        Expected    Observed         Expected       Observed
           0.990       1.000       132527.120     132615.247
           0.980       1.000       132563.272     132615.247
           0.950       0.900       132617.488     132615.247
           0.900       0.800       132665.669     132615.247
           0.800       0.800       132724.022     132615.247
           0.700       0.700       132766.089     132728.286
           0.500       0.600       132835.636     132854.584
           0.300       0.200       132905.182     132872.216
           0.200       0.200       132947.250     132883.914
           0.100       0.200       133005.603     133027.463
           0.050       0.000       133053.784     133027.463
           0.020       0.000       133108.000     133027.463
           0.010       0.000       133144.152     133027.463

    Sample-Size Adjusted BIC (n* = (n + 2) / 24)

        Mean                            132721.243
        Std Dev                            132.621
        Number of successful computations       10

             Proportions                   Percentiles
        Expected    Observed         Expected       Observed
           0.990       1.000       132412.726     132500.853
           0.980       1.000       132448.879     132500.853
           0.950       0.900       132503.094     132500.853
           0.900       0.800       132551.276     132500.853
           0.800       0.800       132609.629     132500.853
           0.700       0.700       132651.696     132613.892
           0.500       0.600       132721.243     132740.191
           0.300       0.200       132790.789     132757.823
           0.200       0.200       132832.857     132769.521
           0.100       0.200       132891.210     132913.070
           0.050       0.000       132939.391     132913.070
           0.020       0.000       132993.607     132913.070
           0.010       0.000       133029.759     132913.070

Chi-Square Test of Model Fit

        Degrees of freedom                      20

        Mean                               446.495
        Std Dev                             16.834
        Number of successful computations       10

             Proportions                   Percentiles
        Expected    Observed         Expected       Observed
           0.990       1.000            8.260        420.149
           0.980       1.000            9.237        420.149
           0.950       1.000           10.851        420.149
           0.900       1.000           12.443        420.149
           0.800       1.000           14.578        420.149
           0.700       1.000           16.266        431.246
           0.500       1.000           19.337        438.404
           0.300       1.000           22.775        457.125
           0.200       1.000           25.038        462.855
           0.100       1.000           28.412        463.677
           0.050       1.000           31.410        463.677
           0.020       1.000           35.020        463.677
           0.010       1.000           37.566        463.677

RMSEA (Root Mean Square Error Of Approximation)

        Mean                                 0.070
        Std Dev                              0.001
        Number of successful computations       10

             Proportions                   Percentiles
        Expected    Observed         Expected       Observed
           0.990       1.000            0.067          0.068
           0.980       1.000            0.067          0.068
           0.950       1.000            0.068          0.068
           0.900       0.900            0.068          0.068
           0.800       0.700            0.069          0.068
           0.700       0.600            0.069          0.069
           0.500       0.500            0.070          0.070
           0.300       0.500            0.071          0.071
           0.200       0.300            0.071          0.072
           0.100       0.100            0.072          0.072
           0.050       0.000            0.072          0.072
           0.020       0.000            0.073          0.072
           0.010       0.000            0.073          0.072

CFI/TLI

    CFI

        Mean                                 0.796
        Std Dev                              0.010
        Number of successful computations       10

             Proportions                   Percentiles
        Expected    Observed         Expected       Observed
           0.990       1.000            0.773          0.775
           0.980       0.900            0.776          0.775
           0.950       0.900            0.780          0.775
           0.900       0.900            0.783          0.775
           0.800       0.800            0.788          0.775
           0.700       0.800            0.791          0.791
           0.500       0.500            0.796          0.795
           0.300       0.400            0.801          0.803
           0.200       0.300            0.804          0.804
           0.100       0.000            0.808          0.806
           0.050       0.000            0.811          0.806
           0.020       0.000            0.815          0.806
           0.010       0.000            0.818          0.806

    TLI

        Mean                                 0.755
        Std Dev                              0.011
        Number of successful computations       10

             Proportions                   Percentiles
        Expected    Observed         Expected       Observed
           0.990       1.000            0.728          0.731
           0.980       0.900            0.731          0.731
           0.950       0.900            0.736          0.731
           0.900       0.900            0.740          0.731
           0.800       0.800            0.745          0.731
           0.700       0.800            0.749          0.749
           0.500       0.500            0.755          0.754
           0.300       0.400            0.761          0.763
           0.200       0.300            0.765          0.765
           0.100       0.000            0.770          0.767
           0.050       0.000            0.774          0.767
           0.020       0.000            0.778          0.767
           0.010       0.000            0.782          0.767

SRMR (Standardized Root Mean Square Residual)

        Mean                                 0.052
        Std Dev                              0.001
        Number of successful computations       10

             Proportions                   Percentiles
        Expected    Observed         Expected       Observed
           0.990       1.000            0.050          0.051
           0.980       1.000            0.050          0.051
           0.950       1.000            0.051          0.051
           0.900       0.900            0.051          0.051
           0.800       0.700            0.051          0.051
           0.700       0.600            0.051          0.051
           0.500       0.500            0.052          0.052
           0.300       0.300            0.052          0.052
           0.200       0.100            0.053          0.052
           0.100       0.100            0.053          0.053
           0.050       0.100            0.053          0.053
           0.020       0.000            0.054          0.053
           0.010       0.000            0.054          0.053


MODEL RESULTS

                                                    Two-Tailed   Rate of
                    Estimate       S.E.  Est./S.E.    P-Value    Missing

 FCFMLRTY ON
    FLSCHOOL           1.889      0.093     20.275      0.000      0.270
    NOBULLY            0.191      0.083      2.309      0.021      0.132
    FLFAMILY           0.275      0.102      2.692      0.007      0.173

 FLCONFIN ON
    FLSCHOOL           0.180      0.020      9.189      0.000      0.235
    NOBULLY            0.009      0.018      0.518      0.604      0.292
    FLFAMILY           0.168      0.020      8.442      0.000      0.091

 FLIT     ON
    FLSCHOOL           8.985      1.884      4.768      0.000      0.204
    NOBULLY            2.168      1.898      1.142      0.253      0.417
    FLFAMILY          -9.916      1.938     -5.116      0.000      0.187
    FCFMLRTY           5.652      0.443     12.752      0.000      0.401
    FLCONFIN           3.396      2.413      1.407      0.159      0.521
    MALE             -13.021      3.877     -3.359      0.001      0.464
    IMMI1GEN         -55.998     10.461     -5.353      0.000      0.205
    IMMI2GEN         -33.568     10.768     -3.117      0.002      0.234
    ESCS              30.410      2.204     13.800      0.000      0.226

 FLSCHOOL WITH
    NOBULLY            0.001      0.015      0.079      0.937      0.134
    FLFAMILY           0.210      0.016     13.128      0.000      0.210

 NOBULLY  WITH
    FLFAMILY          -0.037      0.016     -2.327      0.020      0.120

 FCFMLRTY WITH
    FLCONFIN           0.915      0.076     12.119      0.000      0.095

 ESCS     WITH
    FLFAMILY           0.053      0.013      4.144      0.000      0.183
    FLSCHOOL           0.060      0.012      5.020      0.000      0.063
    NOBULLY           -0.003      0.014     -0.197      0.844      0.111

 Means
    FLSCHOOL           0.437      0.016     28.132      0.000      0.180
    NOBULLY            0.010      0.016      0.637      0.524      0.121
    FLFAMILY          -0.137      0.014     -9.804      0.000      0.051
    ESCS               0.283      0.012     22.791      0.000      0.022

 Intercepts
    FLIT             476.673      5.083     93.770      0.000      0.464
    FCFMLRTY           9.051      0.090    100.295      0.000      0.097
    FLCONFIN          -0.059      0.019     -3.146      0.002      0.250

 Variances
    FLSCHOOL           0.835      0.021     39.778      0.000      0.134
    NOBULLY            0.954      0.027     35.384      0.000      0.121
    FLFAMILY           0.782      0.022     35.245      0.000      0.209
    ESCS               0.632      0.016     40.151      0.000      0.069

 Residual Variances
    FLIT            8195.980    213.707     38.352      0.000      0.301
    FCFMLRTY          20.908      0.494     42.304      0.000      0.147
    FLCONFIN           0.796      0.022     36.170      0.000      0.139


STANDARDIZED MODEL RESULTS


STDYX Standardization

                                                    Two-Tailed   Rate of
                    Estimate       S.E.  Est./S.E.    P-Value    Missing

 FCFMLRTY ON
    FLSCHOOL           0.351      0.017     20.675      0.000      0.250
    NOBULLY            0.038      0.016      2.308      0.021      0.133
    FLFAMILY           0.049      0.018      2.693      0.007      0.172

 FLCONFIN ON
    FLSCHOOL           0.178      0.019      9.288      0.000      0.235
    NOBULLY            0.010      0.019      0.518      0.605      0.291
    FLFAMILY           0.160      0.019      8.483      0.000      0.108

 FLIT     ON
    FLSCHOOL           0.082      0.017      4.747      0.000      0.220
    NOBULLY            0.021      0.019      1.140      0.254      0.416
    FLFAMILY          -0.087      0.017     -5.170      0.000      0.178
    FCFMLRTY           0.277      0.021     13.108      0.000      0.398
    FLCONFIN           0.031      0.022      1.409      0.159      0.522
    MALE              -0.065      0.019     -3.363      0.001      0.471
    IMMI1GEN          -0.099      0.019     -5.278      0.000      0.182
    IMMI2GEN          -0.053      0.017     -3.046      0.002      0.250
    ESCS               0.241      0.017     14.442      0.000      0.215

 FLSCHOOL WITH
    NOBULLY            0.001      0.017      0.080      0.936      0.133
    FLFAMILY           0.260      0.018     14.327      0.000      0.220

 NOBULLY  WITH
    FLFAMILY          -0.043      0.019     -2.329      0.020      0.129

 FCFMLRTY WITH
    FLCONFIN           0.224      0.018     12.608      0.000      0.128

 ESCS     WITH
    FLFAMILY           0.076      0.018      4.191      0.000      0.178
    FLSCHOOL           0.083      0.016      5.079      0.000      0.062
    NOBULLY           -0.004      0.018     -0.196      0.844      0.112

 Means
    FLSCHOOL           0.478      0.018     26.040      0.000      0.231
    NOBULLY            0.010      0.016      0.634      0.526      0.120
    FLFAMILY          -0.155      0.016     -9.568      0.000      0.062
    ESCS               0.356      0.018     20.244      0.000      0.033

 Intercepts
    FLIT               4.755      0.085     55.995      0.000      0.363
    FCFMLRTY           1.840      0.031     58.547      0.000      0.132
    FLCONFIN          -0.064      0.020     -3.139      0.002      0.256

 Variances
    FLSCHOOL           1.000      0.000  *********      0.000      0.000
    NOBULLY            1.000      0.000  *********      0.000      0.000
    FLFAMILY           1.000      0.000  *********      0.000      0.000
    ESCS               1.000      0.000  *********      0.000      0.000

 Residual Variances
    FLIT               0.816      0.013     64.909      0.000      0.330
    FCFMLRTY           0.864      0.011     76.465      0.000      0.171
    FLCONFIN           0.928      0.010     95.993      0.000      0.116


R-SQUARE

    Observed                                        Two-Tailed   Rate of
    Variable        Estimate       S.E.  Est./S.E.    P-Value    Missing

    FLIT               0.184      0.013     14.678      0.000      0.330
    FCFMLRTY           0.136      0.011     12.039      0.000      0.171
    FLCONFIN           0.072      0.010      7.468      0.000      0.116


QUALITY OF NUMERICAL RESULTS

     Average Condition Number for the Information Matrix      0.158E-04
       (ratio of smallest to largest eigenvalue)


TOTAL, TOTAL INDIRECT, SPECIFIC INDIRECT, AND DIRECT EFFECTS


                                                    Two-Tailed   Rate of
                    Estimate       S.E.  Est./S.E.    P-Value    Missing

Effects from FLSCHOOL to FLIT

  Total               20.270      1.955     10.367      0.000      0.295
  Total indirect      11.285      0.955     11.820      0.000      0.289

  Specific indirect 1
    FLIT
    FCFMLRTY
    FLSCHOOL          10.671      0.932     11.455      0.000      0.270

  Specific indirect 2
    FLIT
    FLCONFIN
    FLSCHOOL           0.615      0.444      1.383      0.167      0.528

  Direct
    FLIT
    FLSCHOOL           8.985      1.884      4.768      0.000      0.204


Effects from NOBULLY to FLIT

  Total                3.287      1.928      1.705      0.088      0.391
  Total indirect       1.119      0.489      2.288      0.022      0.135

  Specific indirect 1
    FLIT
    FCFMLRTY
    NOBULLY            1.080      0.475      2.271      0.023      0.142

  Specific indirect 2
    FLIT
    FLCONFIN
    NOBULLY            0.039      0.076      0.516      0.606      0.395

  Direct
    FLIT
    NOBULLY            2.168      1.898      1.142      0.253      0.417


Effects from FLFAMILY to FLIT

  Total               -7.785      1.946     -3.999      0.000      0.169
  Total indirect       2.132      0.682      3.126      0.002      0.194

  Specific indirect 1
    FLIT
    FCFMLRTY
    FLFAMILY           1.560      0.607      2.570      0.010      0.223

  Specific indirect 2
    FLIT
    FLCONFIN
    FLFAMILY           0.572      0.411      1.390      0.165      0.512

  Direct
    FLIT
    FLFAMILY          -9.916      1.938     -5.116      0.000      0.187



STANDARDIZED TOTAL, TOTAL INDIRECT, SPECIFIC INDIRECT, AND DIRECT EFFECTS


STDYX Standardization

                                                    Two-Tailed   Rate of
                    Estimate       S.E.  Est./S.E.    P-Value    Missing

Effects from FLSCHOOL to FLIT

  Total                0.185      0.018     10.316      0.000      0.329
  Total indirect       0.103      0.009     11.898      0.000      0.307

  Specific indirect 1
    FLIT
    FCFMLRTY
    FLSCHOOL           0.097      0.008     11.493      0.000      0.285

  Specific indirect 2
    FLIT
    FLCONFIN
    FLSCHOOL           0.006      0.004      1.387      0.165      0.528

  Direct
    FLIT
    FLSCHOOL           0.082      0.017      4.747      0.000      0.220


Effects from NOBULLY to FLIT

  Total                0.032      0.019      1.701      0.089      0.388
  Total indirect       0.011      0.005      2.293      0.022      0.131

  Specific indirect 1
    FLIT
    FCFMLRTY
    NOBULLY            0.011      0.005      2.276      0.023      0.138

  Specific indirect 2
    FLIT
    FLCONFIN
    NOBULLY            0.000      0.001      0.516      0.606      0.395

  Direct
    FLIT
    NOBULLY            0.021      0.019      1.140      0.254      0.416


Effects from FLFAMILY to FLIT

  Total               -0.069      0.017     -4.031      0.000      0.161
  Total indirect       0.019      0.006      3.124      0.002      0.195

  Specific indirect 1
    FLIT
    FCFMLRTY
    FLFAMILY           0.014      0.005      2.565      0.010      0.225

  Specific indirect 2
    FLIT
    FLCONFIN
    FLFAMILY           0.005      0.004      1.394      0.163      0.510

  Direct
    FLIT
    FLFAMILY          -0.087      0.017     -5.170      0.000      0.178




TECHNICAL 1 OUTPUT


     PARAMETER SPECIFICATION


           NU
              FLIT          FCFMLRTY      FLCONFIN      FLSCHOOL      NOBULLY
              ________      ________      ________      ________      ________
                  0             0             0             0             0


           NU
              FLFAMILY      ESCS          MALE          IMMI1GEN      IMMI2GEN
              ________      ________      ________      ________      ________
                  0             0             0             0             0


           LAMBDA
              FLIT          FCFMLRTY      FLCONFIN      FLSCHOOL      NOBULLY
              ________      ________      ________      ________      ________
 FLIT               0             0             0             0             0
 FCFMLRTY           0             0             0             0             0
 FLCONFIN           0             0             0             0             0
 FLSCHOOL           0             0             0             0             0
 NOBULLY            0             0             0             0             0
 FLFAMILY           0             0             0             0             0
 ESCS               0             0             0             0             0
 MALE               0             0             0             0             0
 IMMI1GEN           0             0             0             0             0
 IMMI2GEN           0             0             0             0             0


           LAMBDA
              FLFAMILY      ESCS          MALE          IMMI1GEN      IMMI2GEN
              ________      ________      ________      ________      ________
 FLIT               0             0             0             0             0
 FCFMLRTY           0             0             0             0             0
 FLCONFIN           0             0             0             0             0
 FLSCHOOL           0             0             0             0             0
 NOBULLY            0             0             0             0             0
 FLFAMILY           0             0             0             0             0
 ESCS               0             0             0             0             0
 MALE               0             0             0             0             0
 IMMI1GEN           0             0             0             0             0
 IMMI2GEN           0             0             0             0             0


           THETA
              FLIT          FCFMLRTY      FLCONFIN      FLSCHOOL      NOBULLY
              ________      ________      ________      ________      ________
 FLIT               0
 FCFMLRTY           0             0
 FLCONFIN           0             0             0
 FLSCHOOL           0             0             0             0
 NOBULLY            0             0             0             0             0
 FLFAMILY           0             0             0             0             0
 ESCS               0             0             0             0             0
 MALE               0             0             0             0             0
 IMMI1GEN           0             0             0             0             0
 IMMI2GEN           0             0             0             0             0


           THETA
              FLFAMILY      ESCS          MALE          IMMI1GEN      IMMI2GEN
              ________      ________      ________      ________      ________
 FLFAMILY           0
 ESCS               0             0
 MALE               0             0             0
 IMMI1GEN           0             0             0             0
 IMMI2GEN           0             0             0             0             0


           ALPHA
              FLIT          FCFMLRTY      FLCONFIN      FLSCHOOL      NOBULLY
              ________      ________      ________      ________      ________
                  1             2             3             4             5


           ALPHA
              FLFAMILY      ESCS          MALE          IMMI1GEN      IMMI2GEN
              ________      ________      ________      ________      ________
                  6             7             0             0             0


           BETA
              FLIT          FCFMLRTY      FLCONFIN      FLSCHOOL      NOBULLY
              ________      ________      ________      ________      ________
 FLIT               0             8             9            10            11
 FCFMLRTY           0             0             0            17            18
 FLCONFIN           0             0             0            20            21
 FLSCHOOL           0             0             0             0             0
 NOBULLY            0             0             0             0             0
 FLFAMILY           0             0             0             0             0
 ESCS               0             0             0             0             0
 MALE               0             0             0             0             0
 IMMI1GEN           0             0             0             0             0
 IMMI2GEN           0             0             0             0             0


           BETA
              FLFAMILY      ESCS          MALE          IMMI1GEN      IMMI2GEN
              ________      ________      ________      ________      ________
 FLIT              12            13            14            15            16
 FCFMLRTY          19             0             0             0             0
 FLCONFIN          22             0             0             0             0
 FLSCHOOL           0             0             0             0             0
 NOBULLY            0             0             0             0             0
 FLFAMILY           0             0             0             0             0
 ESCS               0             0             0             0             0
 MALE               0             0             0             0             0
 IMMI1GEN           0             0             0             0             0
 IMMI2GEN           0             0             0             0             0


           PSI
              FLIT          FCFMLRTY      FLCONFIN      FLSCHOOL      NOBULLY
              ________      ________      ________      ________      ________
 FLIT              23
 FCFMLRTY           0            24
 FLCONFIN           0            25            26
 FLSCHOOL           0             0             0            27
 NOBULLY            0             0             0            28            29
 FLFAMILY           0             0             0            30            31
 ESCS               0             0             0            33            34
 MALE               0             0             0             0             0
 IMMI1GEN           0             0             0             0             0
 IMMI2GEN           0             0             0             0             0


           PSI
              FLFAMILY      ESCS          MALE          IMMI1GEN      IMMI2GEN
              ________      ________      ________      ________      ________
 FLFAMILY          32
 ESCS              35            36
 MALE               0             0             0
 IMMI1GEN           0             0             0             0
 IMMI2GEN           0             0             0             0             0


     STARTING VALUES


           NU
              FLIT          FCFMLRTY      FLCONFIN      FLSCHOOL      NOBULLY
              ________      ________      ________      ________      ________
                0.000         0.000         0.000         0.000         0.000


           NU
              FLFAMILY      ESCS          MALE          IMMI1GEN      IMMI2GEN
              ________      ________      ________      ________      ________
                0.000         0.000         0.000         0.000         0.000


           LAMBDA
              FLIT          FCFMLRTY      FLCONFIN      FLSCHOOL      NOBULLY
              ________      ________      ________      ________      ________
 FLIT           1.000         0.000         0.000         0.000         0.000
 FCFMLRTY       0.000         1.000         0.000         0.000         0.000
 FLCONFIN       0.000         0.000         1.000         0.000         0.000
 FLSCHOOL       0.000         0.000         0.000         1.000         0.000
 NOBULLY        0.000         0.000         0.000         0.000         1.000
 FLFAMILY       0.000         0.000         0.000         0.000         0.000
 ESCS           0.000         0.000         0.000         0.000         0.000
 MALE           0.000         0.000         0.000         0.000         0.000
 IMMI1GEN       0.000         0.000         0.000         0.000         0.000
 IMMI2GEN       0.000         0.000         0.000         0.000         0.000


           LAMBDA
              FLFAMILY      ESCS          MALE          IMMI1GEN      IMMI2GEN
              ________      ________      ________      ________      ________
 FLIT           0.000         0.000         0.000         0.000         0.000
 FCFMLRTY       0.000         0.000         0.000         0.000         0.000
 FLCONFIN       0.000         0.000         0.000         0.000         0.000
 FLSCHOOL       0.000         0.000         0.000         0.000         0.000
 NOBULLY        0.000         0.000         0.000         0.000         0.000
 FLFAMILY       1.000         0.000         0.000         0.000         0.000
 ESCS           0.000         1.000         0.000         0.000         0.000
 MALE           0.000         0.000         1.000         0.000         0.000
 IMMI1GEN       0.000         0.000         0.000         1.000         0.000
 IMMI2GEN       0.000         0.000         0.000         0.000         1.000


           THETA
              FLIT          FCFMLRTY      FLCONFIN      FLSCHOOL      NOBULLY
              ________      ________      ________      ________      ________
 FLIT           0.000
 FCFMLRTY       0.000         0.000
 FLCONFIN       0.000         0.000         0.000
 FLSCHOOL       0.000         0.000         0.000         0.000
 NOBULLY        0.000         0.000         0.000         0.000         0.000
 FLFAMILY       0.000         0.000         0.000         0.000         0.000
 ESCS           0.000         0.000         0.000         0.000         0.000
 MALE           0.000         0.000         0.000         0.000         0.000
 IMMI1GEN       0.000         0.000         0.000         0.000         0.000
 IMMI2GEN       0.000         0.000         0.000         0.000         0.000


           THETA
              FLFAMILY      ESCS          MALE          IMMI1GEN      IMMI2GEN
              ________      ________      ________      ________      ________
 FLFAMILY       0.000
 ESCS           0.000         0.000
 MALE           0.000         0.000         0.000
 IMMI1GEN       0.000         0.000         0.000         0.000
 IMMI2GEN       0.000         0.000         0.000         0.000         0.000


           ALPHA
              FLIT          FCFMLRTY      FLCONFIN      FLSCHOOL      NOBULLY
              ________      ________      ________      ________      ________
              537.531         9.834         0.004         0.438         0.008


           ALPHA
              FLFAMILY      ESCS          MALE          IMMI1GEN      IMMI2GEN
              ________      ________      ________      ________      ________
               -0.137         0.284         0.509         0.033         0.026


           BETA
              FLIT          FCFMLRTY      FLCONFIN      FLSCHOOL      NOBULLY
              ________      ________      ________      ________      ________
 FLIT           0.000         0.000         0.000         0.000         0.000
 FCFMLRTY       0.000         0.000         0.000         0.000         0.000
 FLCONFIN       0.000         0.000         0.000         0.000         0.000
 FLSCHOOL       0.000         0.000         0.000         0.000         0.000
 NOBULLY        0.000         0.000         0.000         0.000         0.000
 FLFAMILY       0.000         0.000         0.000         0.000         0.000
 ESCS           0.000         0.000         0.000         0.000         0.000
 MALE           0.000         0.000         0.000         0.000         0.000
 IMMI1GEN       0.000         0.000         0.000         0.000         0.000
 IMMI2GEN       0.000         0.000         0.000         0.000         0.000


           BETA
              FLFAMILY      ESCS          MALE          IMMI1GEN      IMMI2GEN
              ________      ________      ________      ________      ________
 FLIT           0.000         0.000         0.000         0.000         0.000
 FCFMLRTY       0.000         0.000         0.000         0.000         0.000
 FLCONFIN       0.000         0.000         0.000         0.000         0.000
 FLSCHOOL       0.000         0.000         0.000         0.000         0.000
 NOBULLY        0.000         0.000         0.000         0.000         0.000
 FLFAMILY       0.000         0.000         0.000         0.000         0.000
 ESCS           0.000         0.000         0.000         0.000         0.000
 MALE           0.000         0.000         0.000         0.000         0.000
 IMMI1GEN       0.000         0.000         0.000         0.000         0.000
 IMMI2GEN       0.000         0.000         0.000         0.000         0.000


           PSI
              FLIT          FCFMLRTY      FLCONFIN      FLSCHOOL      NOBULLY
              ________      ________      ________      ________      ________
 FLIT        5255.532
 FCFMLRTY       0.000        12.107
 FLCONFIN       0.000         0.000         0.430
 FLSCHOOL       0.000         0.000         0.000         0.420
 NOBULLY        0.000         0.000         0.000         0.000         0.478
 FLFAMILY       0.000         0.000         0.000         0.000         0.000
 ESCS           0.000         0.000         0.000         0.000         0.000
 MALE           0.000         0.000         0.000         0.000         0.000
 IMMI1GEN       0.000         0.000         0.000         0.000         0.000
 IMMI2GEN       0.000         0.000         0.000         0.000         0.000


           PSI
              FLFAMILY      ESCS          MALE          IMMI1GEN      IMMI2GEN
              ________      ________      ________      ________      ________
 FLFAMILY       0.397
 ESCS           0.000         0.317
 MALE           0.000         0.000         0.250
 IMMI1GEN       0.000         0.000        -0.001         0.032
 IMMI2GEN       0.000         0.000        -0.003        -0.001         0.025


     Beginning Time:  19:19:00
        Ending Time:  19:19:36
       Elapsed Time:  00:00:36



MUTHEN & MUTHEN
3463 Stoner Ave.
Los Angeles, CA  90066

Tel: (310) 391-9971
Fax: (310) 391-8971
Web: www.StatModel.com
Support: Support@StatModel.com

Copyright (c) 1998-2019 Muthen & Muthen
