Mplus VERSION 8.5 (Linux)
MUTHEN & MUTHEN
03/11/2021   6:03 PM

INPUT INSTRUCTIONS


  TITLE:
      One-level 76

  DATA:
      file = "~/implist.dat";

      type = imputation;

  VARIABLE:
      names =
          FKI CNTRYID CNTSCHID W_STU
          MATH READ FLIT                      ! PISA achievement variables
          MALE IMMI1GEN IMMI2GEN ESCS         ! Demographic info
          FCFMLRTY FLCONFIN                   ! Affect
          FLSCHOOL                            !   Lat var "Academic"
          NOBULLY                             !   Lat var "Safety"
          FLFAMILY                            !   Lat var "Community"
          W_SCH STRATIO                       ! School character
          EDUSHORT                            !   Lat var "inst. env."
          ;

      useobs = CNTRYID eq 76;          ! Pull out one country at a time

      usevar =
          FLIT                                ! PISA achievement variables
          FLSCHOOL                            !   Lat var "Academic"
          NOBULLY                             !   Lat var "Safety"
          FLFAMILY                            !   Lat var "Community"
          FCFMLRTY FLCONFIN                   ! Affect
          MALE IMMI1GEN IMMI2GEN ESCS         ! Demographic info
          ;

      weight = W_STU;                         ! Student weight


  ANALYSIS:
      processors = 8;

      estimator = MLR;


  MODEL:

      ! Indirect pathways (1st half): school climate vars onto mediators
          ! Onto mediator FAMILIARITY
      FCFMLRTY on FLSCHOOL FLFAMILY NOBULLY ESCS IMMI2GEN MALE;
          ! Onto mediator CONFIDENCE
      FLCONFIN on FLSCHOOL FLFAMILY NOBULLY ESCS IMMI2GEN MALE;

      ! Total effect
      FLIT on
          ! Indirect pathways (2nd half): affective vars onto financial literacy
          FCFMLRTY FLCONFIN
          ! Direct pathways: school climate vars onto financial literacy
          FLSCHOOL FLFAMILY NOBULLY
          ! Dmographic vars
          ESCS IMMI1GEN
          ;

      ! Covariances
          ! Between school climate vars
      FLSCHOOL with FLFAMILY;
      FLFAMILY with NOBULLY;
      FLSCHOOL with NOBULLY;
          ! Between mediators
      FCFMLRTY with FLCONFIN;

          ! SES with school climate vars
      ESCS with FLSCHOOL FLFAMILY;
          ! SES with demographic vars
      ESCS with IMMI1GEN IMMI2GEN;

  MODEL INDIRECT:
  ! Indirect effects
      FLIT ind FLSCHOOL;
      FLIT ind FLFAMILY;
      FLIT ind NOBULLY;

      FLIT ind ESCS;
      FLIT ind IMMI2GEN;
      FLIT ind MALE;


  OUTPUT:
      stdyx                                   ! Fully standardised solution
      ;



INPUT READING TERMINATED NORMALLY




One-level 76

SUMMARY OF ANALYSIS

Number of groups                                                 1
Average number of observations                                8310

Number of replications
    Requested                                                   10
    Completed                                                   10

Number of dependent variables                                    3
Number of independent variables                                  7
Number of continuous latent variables                            0

Observed dependent variables

  Continuous
   FLIT        FCFMLRTY    FLCONFIN

Observed independent variables
   FLSCHOOL    NOBULLY     FLFAMILY    MALE        IMMI1GEN    IMMI2GEN
   ESCS

Variables with special functions

  Weight variable       W_STU

Estimator                                                      MLR
Information matrix                                        OBSERVED
Maximum number of iterations                                  1000
Convergence criterion                                    0.500D-04
Maximum number of steepest descent iterations                   20

Input data file(s)
  Multiple data files from
    ~/implist.dat

Input data format  FREE


SAMPLE STATISTICS

NOTE:  These are average results over 10 data sets.


     SAMPLE STATISTICS


           Means
              FLIT          FCFMLRTY      FLCONFIN      FLSCHOOL      NOBULLY
              ________      ________      ________      ________      ________
              420.416         6.518        -0.168        -0.121        -0.127


           Means
              FLFAMILY      IMMI1GEN      IMMI2GEN      ESCS          MALE
              ________      ________      ________      ________      ________
                0.226         0.003         0.007        -1.089         0.496


           Covariances
              FLIT          FCFMLRTY      FLCONFIN      FLSCHOOL      NOBULLY
              ________      ________      ________      ________      ________
 FLIT        9315.416
 FCFMLRTY     161.326        31.048
 FLCONFIN       8.312         1.040         1.120
 FLSCHOOL      -5.964         0.998         0.127         1.042
 NOBULLY        6.842        -0.012        -0.045        -0.066         1.188
 FLFAMILY      12.737         1.326         0.173         0.212        -0.039
 IMMI1GEN      -0.136         0.000         0.000         0.001        -0.001
 IMMI2GEN      -0.424        -0.012        -0.001         0.001         0.001
 ESCS          44.152         1.476         0.103         0.056        -0.003
 MALE          -0.516        -0.034         0.033         0.023        -0.034


           Covariances
              FLFAMILY      IMMI1GEN      IMMI2GEN      ESCS          MALE
              ________      ________      ________      ________      ________
 FLFAMILY       1.372
 IMMI1GEN       0.000         0.003
 IMMI2GEN      -0.001         0.000         0.007
 ESCS           0.162         0.000         0.000         1.490
 MALE          -0.033         0.000        -0.001         0.030         0.250


           Correlations
              FLIT          FCFMLRTY      FLCONFIN      FLSCHOOL      NOBULLY
              ________      ________      ________      ________      ________
 FLIT           1.000
 FCFMLRTY       0.300         1.000
 FLCONFIN       0.081         0.176         1.000
 FLSCHOOL      -0.061         0.175         0.117         1.000
 NOBULLY        0.065        -0.002        -0.039        -0.060         1.000
 FLFAMILY       0.113         0.203         0.140         0.177        -0.031
 IMMI1GEN      -0.025         0.000         0.003         0.009        -0.009
 IMMI2GEN      -0.052        -0.025        -0.010         0.008         0.011
 ESCS           0.375         0.217         0.080         0.045        -0.003
 MALE          -0.011        -0.012         0.062         0.046        -0.062


           Correlations
              FLFAMILY      IMMI1GEN      IMMI2GEN      ESCS          MALE
              ________      ________      ________      ________      ________
 FLFAMILY       1.000
 IMMI1GEN      -0.006         1.000
 IMMI2GEN      -0.009         0.011         1.000
 ESCS           0.113        -0.005         0.003         1.000
 MALE          -0.056         0.006        -0.013         0.050         1.000


MODEL FIT INFORMATION

Number of Free Parameters                       53

Loglikelihood

    H0 Value

        Mean                           -116208.771
        Std Dev                            224.707
        Number of successful computations       10

             Proportions                   Percentiles
        Expected    Observed         Expected       Observed
           0.990       1.000      -116731.507    -116514.070
           0.980       1.000      -116670.252    -116514.070
           0.950       1.000      -116578.392    -116514.070
           0.900       0.900      -116496.756    -116514.070
           0.800       0.700      -116397.885    -116514.070
           0.700       0.600      -116326.608    -116438.412
           0.500       0.500      -116208.771    -116234.323
           0.300       0.300      -116090.935    -116145.183
           0.200       0.200      -116019.658    -116020.631
           0.100       0.200      -115920.787    -115918.391
           0.050       0.100      -115839.151    -115918.391
           0.020       0.000      -115747.291    -115918.391
           0.010       0.000      -115686.036    -115918.391

    H1 Value

        Mean                           -116138.519
        Std Dev                            231.530
        Number of successful computations       10

             Proportions                   Percentiles
        Expected    Observed         Expected       Observed
           0.990       1.000      -116677.127    -116454.304
           0.980       1.000      -116614.012    -116454.304
           0.950       1.000      -116519.363    -116454.304
           0.900       0.900      -116435.248    -116454.304
           0.800       0.700      -116333.375    -116454.304
           0.700       0.600      -116259.933    -116371.292
           0.500       0.500      -116138.519    -116145.661
           0.300       0.300      -116017.105    -116063.267
           0.200       0.200      -115943.663    -115953.989
           0.100       0.200      -115841.790    -115840.421
           0.050       0.100      -115757.675    -115840.421
           0.020       0.000      -115663.026    -115840.421
           0.010       0.000      -115599.910    -115840.421

Information Criteria

    Akaike (AIC)

        Mean                            232523.543
        Std Dev                            449.414
        Number of successful computations       10

             Proportions                   Percentiles
        Expected    Observed         Expected       Observed
           0.990       1.000       231478.072     231769.765
           0.980       1.000       231600.582     231769.765
           0.950       0.900       231784.303     231769.765
           0.900       0.800       231947.575     231769.765
           0.800       0.800       232145.317     231769.765
           0.700       0.700       232287.871     232147.263
           0.500       0.500       232523.543     232403.908
           0.300       0.400       232759.215     232887.939
           0.200       0.300       232901.769     232982.823
           0.100       0.100       233099.511     232995.797
           0.050       0.000       233262.783     232995.797
           0.020       0.000       233446.503     232995.797
           0.010       0.000       233569.014     232995.797

    Bayesian (BIC)

        Mean                            232895.879
        Std Dev                            449.414
        Number of successful computations       10

             Proportions                   Percentiles
        Expected    Observed         Expected       Observed
           0.990       1.000       231850.409     232142.101
           0.980       1.000       231972.919     232142.101
           0.950       0.900       232156.639     232142.101
           0.900       0.800       232319.911     232142.101
           0.800       0.800       232517.653     232142.101
           0.700       0.700       232660.207     232519.599
           0.500       0.500       232895.879     232776.245
           0.300       0.400       233131.552     233260.275
           0.200       0.300       233274.106     233355.160
           0.100       0.100       233471.848     233368.133
           0.050       0.000       233635.120     233368.133
           0.020       0.000       233818.840     233368.133
           0.010       0.000       233941.350     233368.133

    Sample-Size Adjusted BIC (n* = (n + 2) / 24)

        Mean                            232727.455
        Std Dev                            449.414
        Number of successful computations       10

             Proportions                   Percentiles
        Expected    Observed         Expected       Observed
           0.990       1.000       231681.985     231973.677
           0.980       1.000       231804.495     231973.677
           0.950       0.900       231988.215     231973.677
           0.900       0.800       232151.487     231973.677
           0.800       0.800       232349.229     231973.677
           0.700       0.700       232491.783     232351.175
           0.500       0.500       232727.455     232607.820
           0.300       0.400       232963.128     233091.851
           0.200       0.300       233105.682     233186.735
           0.100       0.100       233303.424     233199.709
           0.050       0.000       233466.696     233199.709
           0.020       0.000       233650.416     233199.709
           0.010       0.000       233772.926     233199.709

Chi-Square Test of Model Fit

        Degrees of freedom                      10

        Mean                               104.789
        Std Dev                             17.281
        Number of successful computations       10

             Proportions                   Percentiles
        Expected    Observed         Expected       Observed
           0.990       1.000            2.558         82.977
           0.980       1.000            3.059         82.977
           0.950       1.000            3.940         82.977
           0.900       1.000            4.865         82.977
           0.800       1.000            6.179         82.977
           0.700       1.000            7.267         87.697
           0.500       1.000            9.342        101.739
           0.300       1.000           11.781        111.574
           0.200       1.000           13.442        123.238
           0.100       1.000           15.987        123.838
           0.050       1.000           18.307        123.838
           0.020       1.000           21.161        123.838
           0.010       1.000           23.209        123.838

RMSEA (Root Mean Square Error Of Approximation)

        Mean                                 0.034
        Std Dev                              0.003
        Number of successful computations       10

        Cumulative Distribution Function
           Value    Function Value
           0.990       1.000
           0.980       1.000
           0.950       1.000
           0.900       1.000
           0.800       1.000
           0.700       1.000
           0.500       1.000
           0.300       1.000
           0.200       1.000
           0.100       1.000
           0.050       1.000
           0.020       0.000
           0.010       0.000

CFI/TLI

    CFI

        Mean                                 0.961
        Std Dev                              0.008
        Number of successful computations       10

        Cumulative Distribution Function
           Value    Function Value
           0.990       1.000
           0.980       1.000
           0.950       0.100
           0.900       0.000
           0.800       0.000
           0.700       0.000
           0.500       0.000
           0.300       0.000
           0.200       0.000
           0.100       0.000
           0.050       0.000
           0.020       0.000
           0.010       0.000

    TLI

        Mean                                 0.907
        Std Dev                              0.019
        Number of successful computations       10

        Cumulative Distribution Function
           Value    Function Value
           0.990       1.000
           0.980       1.000
           0.950       1.000
           0.900       0.400
           0.800       0.000
           0.700       0.000
           0.500       0.000
           0.300       0.000
           0.200       0.000
           0.100       0.000
           0.050       0.000
           0.020       0.000
           0.010       0.000

SRMR (Standardized Root Mean Square Residual)

        Mean                                 0.015
        Std Dev                              0.001
        Number of successful computations       10

        Cumulative Distribution Function
           Value    Function Value
           0.990       1.000
           0.980       1.000
           0.950       1.000
           0.900       1.000
           0.800       1.000
           0.700       1.000
           0.500       1.000
           0.300       1.000
           0.200       1.000
           0.100       1.000
           0.050       1.000
           0.020       1.000
           0.010       0.000


MODEL RESULTS

                                                    Two-Tailed   Rate of
                    Estimate       S.E.  Est./S.E.    P-Value    Missing

 FCFMLRTY ON
    FLSCHOOL           0.770      0.071     10.830      0.000      0.084
    FLFAMILY           0.738      0.071     10.421      0.000      0.343
    NOBULLY            0.055      0.072      0.762      0.446      0.294
    ESCS               0.886      0.063     14.061      0.000      0.258
    IMMI2GEN          -1.676      1.116     -1.502      0.133      0.597
    MALE              -0.214      0.138     -1.555      0.120      0.114

 FLCONFIN ON
    FLSCHOOL           0.093      0.015      6.096      0.000      0.226
    FLFAMILY           0.108      0.014      7.643      0.000      0.311
    NOBULLY           -0.026      0.014     -1.782      0.075      0.312
    ESCS               0.051      0.011      4.512      0.000      0.087
    IMMI2GEN          -0.114      0.166     -0.688      0.492      0.273
    MALE               0.126      0.029      4.345      0.000      0.221

 FLIT     ON
    FCFMLRTY           4.125      0.278     14.837      0.000      0.481
    FLCONFIN           2.203      1.316      1.675      0.094      0.418
    FLSCHOOL         -11.759      1.400     -8.398      0.000      0.464
    FLFAMILY           3.977      1.161      3.426      0.001      0.396
    NOBULLY            5.418      1.202      4.509      0.000      0.370
    ESCS              25.405      1.266     20.060      0.000      0.495
    IMMI1GEN         -38.648     31.992     -1.208      0.227      0.503

 FLSCHOOL WITH
    FLFAMILY           0.212      0.019     11.216      0.000      0.295
    NOBULLY           -0.066      0.017     -3.982      0.000      0.188
    ESCS               0.056      0.017      3.349      0.001      0.112

 FLFAMILY WITH
    NOBULLY           -0.039      0.023     -1.730      0.084      0.511
    ESCS               0.162      0.019      8.628      0.000      0.099

 FCFMLRTY WITH
    FLCONFIN           0.731      0.073     10.021      0.000      0.096

 ESCS     WITH
    IMMI1GEN           0.000      0.001     -0.338      0.735      0.395
    IMMI2GEN           0.000      0.001      0.242      0.809      0.358
    NOBULLY           -0.003      0.021     -0.167      0.868      0.380

 IMMI1GEN WITH
    FLSCHOOL           0.001      0.001      0.512      0.608      0.444
    NOBULLY           -0.001      0.001     -0.560      0.575      0.464
    FLFAMILY           0.000      0.001     -0.386      0.699      0.457

 IMMI2GEN WITH
    FLSCHOOL           0.001      0.001      0.519      0.604      0.404
    NOBULLY            0.001      0.001      0.740      0.459      0.398
    FLFAMILY          -0.001      0.001     -0.662      0.508      0.213
    IMMI1GEN           0.000      0.000      0.383      0.702      0.380

 Means
    FLSCHOOL          -0.121      0.015     -8.358      0.000      0.273
    NOBULLY           -0.127      0.015     -8.426      0.000      0.230
    FLFAMILY           0.226      0.015     14.643      0.000      0.156
    IMMI1GEN           0.003      0.001      3.523      0.000      0.327
    IMMI2GEN           0.007      0.001      5.702      0.000      0.271
    ESCS              -1.089      0.015    -71.889      0.000      0.007

 Intercepts
    FLIT             420.072      2.644    158.891      0.000      0.313
    FCFMLRTY           7.535      0.129     58.251      0.000      0.214
    FLCONFIN          -0.191      0.027     -7.143      0.000      0.306

 Variances
    FLSCHOOL           1.042      0.018     57.997      0.000      0.154
    NOBULLY            1.188      0.024     49.013      0.000      0.152
    FLFAMILY           1.372      0.023     59.019      0.000      0.193
    IMMI1GEN           0.003      0.001      5.636      0.000      0.081
    IMMI2GEN           0.007      0.001      7.761      0.000      0.036
    ESCS               1.490      0.024     62.584      0.000      0.043

 Residual Variances
    FLIT            7341.827    186.749     39.314      0.000      0.563
    FCFMLRTY          27.958      0.408     68.495      0.000      0.096
    FLCONFIN           1.079      0.021     50.645      0.000      0.220


STANDARDIZED MODEL RESULTS


STDYX Standardization

                                                    Two-Tailed   Rate of
                    Estimate       S.E.  Est./S.E.    P-Value    Missing

 FCFMLRTY ON
    FLSCHOOL           0.141      0.013     10.814      0.000      0.084
    FLFAMILY           0.155      0.015     10.602      0.000      0.321
    NOBULLY            0.011      0.014      0.763      0.445      0.294
    ESCS               0.194      0.014     14.121      0.000      0.259
    IMMI2GEN          -0.025      0.017     -1.489      0.137      0.591
    MALE              -0.019      0.012     -1.554      0.120      0.115

 FLCONFIN ON
    FLSCHOOL           0.089      0.015      6.101      0.000      0.230
    FLFAMILY           0.120      0.016      7.656      0.000      0.319
    NOBULLY           -0.026      0.015     -1.779      0.075      0.315
    ESCS               0.059      0.013      4.524      0.000      0.088
    IMMI2GEN          -0.009      0.013     -0.686      0.493      0.272
    MALE               0.059      0.014      4.350      0.000      0.222

 FLIT     ON
    FCFMLRTY           0.238      0.015     16.184      0.000      0.437
    FLCONFIN           0.024      0.014      1.680      0.093      0.413
    FLSCHOOL          -0.124      0.015     -8.430      0.000      0.463
    FLFAMILY           0.048      0.014      3.424      0.001      0.398
    NOBULLY            0.061      0.014      4.454      0.000      0.386
    ESCS               0.321      0.015     22.057      0.000      0.425
    IMMI1GEN          -0.022      0.018     -1.217      0.224      0.518

 FLSCHOOL WITH
    FLFAMILY           0.177      0.015     11.608      0.000      0.293
    NOBULLY           -0.060      0.015     -4.026      0.000      0.186
    ESCS               0.045      0.013      3.361      0.001      0.115

 FLFAMILY WITH
    NOBULLY           -0.031      0.018     -1.728      0.084      0.518
    ESCS               0.113      0.013      8.805      0.000      0.091

 FCFMLRTY WITH
    FLCONFIN           0.133      0.013     10.178      0.000      0.104

 ESCS     WITH
    IMMI1GEN          -0.005      0.014     -0.339      0.734      0.395
    IMMI2GEN           0.003      0.013      0.241      0.809      0.358
    NOBULLY           -0.003      0.016     -0.166      0.868      0.380

 IMMI1GEN WITH
    FLSCHOOL           0.009      0.017      0.512      0.609      0.451
    NOBULLY           -0.009      0.016     -0.566      0.571      0.455
    FLFAMILY          -0.006      0.016     -0.390      0.697      0.456

 IMMI2GEN WITH
    FLSCHOOL           0.008      0.016      0.517      0.605      0.409
    NOBULLY            0.011      0.015      0.744      0.457      0.403
    FLFAMILY          -0.010      0.014     -0.667      0.505      0.215
    IMMI1GEN           0.011      0.028      0.388      0.698      0.384

 Means
    FLSCHOOL          -0.119      0.014     -8.296      0.000      0.257
    NOBULLY           -0.117      0.013     -8.685      0.000      0.237
    FLFAMILY           0.193      0.013     14.444      0.000      0.173
    IMMI1GEN           0.054      0.013      4.226      0.000      0.429
    IMMI2GEN           0.084      0.011      7.458      0.000      0.425
    ESCS              -0.892      0.014    -65.539      0.000      0.032

 Intercepts
    FLIT               4.353      0.063     68.880      0.000      0.577
    FCFMLRTY           1.352      0.024     56.067      0.000      0.281
    FLCONFIN          -0.180      0.025     -7.137      0.000      0.309

 Variances
    FLSCHOOL           1.000      0.000  *********      0.000      0.000
    NOBULLY            1.000      0.000  *********      0.000      0.000
    FLFAMILY           1.000      0.000  *********      0.000      0.000
    IMMI1GEN           1.000      0.000  *********      0.000      0.000
    IMMI2GEN           1.000      0.000  *********      0.000      0.000
    ESCS               1.000      0.000  *********      0.000      0.000

 Residual Variances
    FLIT               0.788      0.010     76.497      0.000      0.245
    FCFMLRTY           0.900      0.008    118.152      0.000      0.072
    FLCONFIN           0.963      0.006    174.036      0.000      0.223


R-SQUARE

    Observed                                        Two-Tailed   Rate of
    Variable        Estimate       S.E.  Est./S.E.    P-Value    Missing

    FLIT               0.212      0.010     20.562      0.000      0.245
    FCFMLRTY           0.100      0.008     13.095      0.000      0.072
    FLCONFIN           0.037      0.006      6.620      0.000      0.223


QUALITY OF NUMERICAL RESULTS

     Average Condition Number for the Information Matrix      0.215E-08
       (ratio of smallest to largest eigenvalue)


TOTAL, TOTAL INDIRECT, SPECIFIC INDIRECT, AND DIRECT EFFECTS


                                                    Two-Tailed   Rate of
                    Estimate       S.E.  Est./S.E.    P-Value    Missing

Effects from FLSCHOOL to FLIT

  Total               -8.378      1.439     -5.823      0.000      0.467
  Total indirect       3.381      0.392      8.614      0.000      0.264

  Specific indirect 1
    FLIT
    FCFMLRTY
    FLSCHOOL           3.177      0.366      8.685      0.000      0.233

  Specific indirect 2
    FLIT
    FLCONFIN
    FLSCHOOL           0.204      0.125      1.627      0.104      0.386

  Direct
    FLIT
    FLSCHOOL         -11.759      1.400     -8.398      0.000      0.464


Effects from FLFAMILY to FLIT

  Total                7.261      1.199      6.055      0.000      0.419
  Total indirect       3.284      0.392      8.382      0.000      0.438

  Specific indirect 1
    FLIT
    FCFMLRTY
    FLFAMILY           3.046      0.356      8.566      0.000      0.396

  Specific indirect 2
    FLIT
    FLCONFIN
    FLFAMILY           0.238      0.146      1.627      0.104      0.417

  Direct
    FLIT
    FLFAMILY           3.977      1.161      3.426      0.001      0.396


Effects from NOBULLY to FLIT

  Total                5.587      1.251      4.466      0.000      0.387
  Total indirect       0.168      0.303      0.556      0.578      0.264

  Specific indirect 1
    FLIT
    FCFMLRTY
    NOBULLY            0.224      0.296      0.758      0.449      0.273

  Specific indirect 2
    FLIT
    FLCONFIN
    NOBULLY           -0.056      0.047     -1.194      0.233      0.333

  Direct
    FLIT
    NOBULLY            5.418      1.202      4.509      0.000      0.370


Effects from ESCS to FLIT

  Total               29.173      1.259     23.174      0.000      0.480
  Total indirect       3.768      0.374     10.076      0.000      0.376

  Specific indirect 1
    FLIT
    FCFMLRTY
    ESCS               3.655      0.358     10.217      0.000      0.340

  Specific indirect 2
    FLIT
    FLCONFIN
    ESCS               0.113      0.073      1.551      0.121      0.368

  Direct
    FLIT
    ESCS              25.405      1.266     20.060      0.000      0.495


Effects from IMMI2GEN to FLIT

  Total               -7.188      4.717     -1.524      0.128      0.602
  Total indirect      -7.188      4.717     -1.524      0.128      0.602

  Specific indirect 1
    FLIT
    FCFMLRTY
    IMMI2GEN          -6.923      4.645     -1.491      0.136      0.592

  Specific indirect 2
    FLIT
    FLCONFIN
    IMMI2GEN          -0.264      0.430     -0.615      0.539      0.314


Effects from MALE to FLIT

  Total               -0.601      0.607     -0.990      0.322      0.139
  Total indirect      -0.601      0.607     -0.990      0.322      0.139

  Specific indirect 1
    FLIT
    FCFMLRTY
    MALE              -0.885      0.574     -1.543      0.123      0.123

  Specific indirect 2
    FLIT
    FLCONFIN
    MALE               0.283      0.192      1.476      0.140      0.469



STANDARDIZED TOTAL, TOTAL INDIRECT, SPECIFIC INDIRECT, AND DIRECT EFFECTS


STDYX Standardization

                                                    Two-Tailed   Rate of
                    Estimate       S.E.  Est./S.E.    P-Value    Missing

Effects from FLSCHOOL to FLIT

  Total               -0.089      0.015     -5.816      0.000      0.471
  Total indirect       0.036      0.004      8.812      0.000      0.224

  Specific indirect 1
    FLIT
    FCFMLRTY
    FLSCHOOL           0.034      0.004      8.914      0.000      0.187

  Specific indirect 2
    FLIT
    FLCONFIN
    FLSCHOOL           0.002      0.001      1.628      0.104      0.385

  Direct
    FLIT
    FLSCHOOL          -0.124      0.015     -8.430      0.000      0.463


Effects from FLFAMILY to FLIT

  Total                0.088      0.015      6.067      0.000      0.420
  Total indirect       0.040      0.005      8.589      0.000      0.415

  Specific indirect 1
    FLIT
    FCFMLRTY
    FLFAMILY           0.037      0.004      8.789      0.000      0.371

  Specific indirect 2
    FLIT
    FLCONFIN
    FLFAMILY           0.003      0.002      1.629      0.103      0.416

  Direct
    FLIT
    FLFAMILY           0.048      0.014      3.424      0.001      0.398


Effects from NOBULLY to FLIT

  Total                0.063      0.014      4.405      0.000      0.406
  Total indirect       0.002      0.003      0.558      0.577      0.265

  Specific indirect 1
    FLIT
    FCFMLRTY
    NOBULLY            0.003      0.003      0.759      0.448      0.276

  Specific indirect 2
    FLIT
    FLCONFIN
    NOBULLY           -0.001      0.001     -1.193      0.233      0.334

  Direct
    FLIT
    NOBULLY            0.061      0.014      4.454      0.000      0.386


Effects from ESCS to FLIT

  Total                0.369      0.014     26.652      0.000      0.377
  Total indirect       0.048      0.005     10.445      0.000      0.353

  Specific indirect 1
    FLIT
    FCFMLRTY
    ESCS               0.046      0.004     10.594      0.000      0.314

  Specific indirect 2
    FLIT
    FLCONFIN
    ESCS               0.001      0.001      1.554      0.120      0.365

  Direct
    FLIT
    ESCS               0.321      0.015     22.057      0.000      0.425


Effects from IMMI2GEN to FLIT

  Total               -0.006      0.004     -1.514      0.130      0.593
  Total indirect      -0.006      0.004     -1.514      0.130      0.593

  Specific indirect 1
    FLIT
    FCFMLRTY
    IMMI2GEN          -0.006      0.004     -1.481      0.139      0.583

  Specific indirect 2
    FLIT
    FLCONFIN
    IMMI2GEN           0.000      0.000     -0.613      0.540      0.313


Effects from MALE to FLIT

  Total               -0.003      0.003     -0.991      0.322      0.136
  Total indirect      -0.003      0.003     -0.991      0.322      0.136

  Specific indirect 1
    FLIT
    FCFMLRTY
    MALE              -0.005      0.003     -1.546      0.122      0.119

  Specific indirect 2
    FLIT
    FLCONFIN
    MALE               0.001      0.001      1.481      0.139      0.465




TECHNICAL 1 OUTPUT


     PARAMETER SPECIFICATION


           NU
              FLIT          FCFMLRTY      FLCONFIN      FLSCHOOL      NOBULLY
              ________      ________      ________      ________      ________
                  0             0             0             0             0


           NU
              FLFAMILY      IMMI1GEN      IMMI2GEN      ESCS          MALE
              ________      ________      ________      ________      ________
                  0             0             0             0             0


           LAMBDA
              FLIT          FCFMLRTY      FLCONFIN      FLSCHOOL      NOBULLY
              ________      ________      ________      ________      ________
 FLIT               0             0             0             0             0
 FCFMLRTY           0             0             0             0             0
 FLCONFIN           0             0             0             0             0
 FLSCHOOL           0             0             0             0             0
 NOBULLY            0             0             0             0             0
 FLFAMILY           0             0             0             0             0
 IMMI1GEN           0             0             0             0             0
 IMMI2GEN           0             0             0             0             0
 ESCS               0             0             0             0             0
 MALE               0             0             0             0             0


           LAMBDA
              FLFAMILY      IMMI1GEN      IMMI2GEN      ESCS          MALE
              ________      ________      ________      ________      ________
 FLIT               0             0             0             0             0
 FCFMLRTY           0             0             0             0             0
 FLCONFIN           0             0             0             0             0
 FLSCHOOL           0             0             0             0             0
 NOBULLY            0             0             0             0             0
 FLFAMILY           0             0             0             0             0
 IMMI1GEN           0             0             0             0             0
 IMMI2GEN           0             0             0             0             0
 ESCS               0             0             0             0             0
 MALE               0             0             0             0             0


           THETA
              FLIT          FCFMLRTY      FLCONFIN      FLSCHOOL      NOBULLY
              ________      ________      ________      ________      ________
 FLIT               0
 FCFMLRTY           0             0
 FLCONFIN           0             0             0
 FLSCHOOL           0             0             0             0
 NOBULLY            0             0             0             0             0
 FLFAMILY           0             0             0             0             0
 IMMI1GEN           0             0             0             0             0
 IMMI2GEN           0             0             0             0             0
 ESCS               0             0             0             0             0
 MALE               0             0             0             0             0


           THETA
              FLFAMILY      IMMI1GEN      IMMI2GEN      ESCS          MALE
              ________      ________      ________      ________      ________
 FLFAMILY           0
 IMMI1GEN           0             0
 IMMI2GEN           0             0             0
 ESCS               0             0             0             0
 MALE               0             0             0             0             0


           ALPHA
              FLIT          FCFMLRTY      FLCONFIN      FLSCHOOL      NOBULLY
              ________      ________      ________      ________      ________
                  1             2             3             4             5


           ALPHA
              FLFAMILY      IMMI1GEN      IMMI2GEN      ESCS          MALE
              ________      ________      ________      ________      ________
                  6             7             8             9             0


           BETA
              FLIT          FCFMLRTY      FLCONFIN      FLSCHOOL      NOBULLY
              ________      ________      ________      ________      ________
 FLIT               0            10            11            12            13
 FCFMLRTY           0             0             0            17            18
 FLCONFIN           0             0             0            23            24
 FLSCHOOL           0             0             0             0             0
 NOBULLY            0             0             0             0             0
 FLFAMILY           0             0             0             0             0
 IMMI1GEN           0             0             0             0             0
 IMMI2GEN           0             0             0             0             0
 ESCS               0             0             0             0             0
 MALE               0             0             0             0             0


           BETA
              FLFAMILY      IMMI1GEN      IMMI2GEN      ESCS          MALE
              ________      ________      ________      ________      ________
 FLIT              14            15             0            16             0
 FCFMLRTY          19             0            20            21            22
 FLCONFIN          25             0            26            27            28
 FLSCHOOL           0             0             0             0             0
 NOBULLY            0             0             0             0             0
 FLFAMILY           0             0             0             0             0
 IMMI1GEN           0             0             0             0             0
 IMMI2GEN           0             0             0             0             0
 ESCS               0             0             0             0             0
 MALE               0             0             0             0             0


           PSI
              FLIT          FCFMLRTY      FLCONFIN      FLSCHOOL      NOBULLY
              ________      ________      ________      ________      ________
 FLIT              29
 FCFMLRTY           0            30
 FLCONFIN           0            31            32
 FLSCHOOL           0             0             0            33
 NOBULLY            0             0             0            34            35
 FLFAMILY           0             0             0            36            37
 IMMI1GEN           0             0             0            39            40
 IMMI2GEN           0             0             0            43            44
 ESCS               0             0             0            48            49
 MALE               0             0             0             0             0


           PSI
              FLFAMILY      IMMI1GEN      IMMI2GEN      ESCS          MALE
              ________      ________      ________      ________      ________
 FLFAMILY          38
 IMMI1GEN          41            42
 IMMI2GEN          45            46            47
 ESCS              50            51            52            53
 MALE               0             0             0             0             0


     STARTING VALUES


           NU
              FLIT          FCFMLRTY      FLCONFIN      FLSCHOOL      NOBULLY
              ________      ________      ________      ________      ________
                0.000         0.000         0.000         0.000         0.000


           NU
              FLFAMILY      IMMI1GEN      IMMI2GEN      ESCS          MALE
              ________      ________      ________      ________      ________
                0.000         0.000         0.000         0.000         0.000


           LAMBDA
              FLIT          FCFMLRTY      FLCONFIN      FLSCHOOL      NOBULLY
              ________      ________      ________      ________      ________
 FLIT           1.000         0.000         0.000         0.000         0.000
 FCFMLRTY       0.000         1.000         0.000         0.000         0.000
 FLCONFIN       0.000         0.000         1.000         0.000         0.000
 FLSCHOOL       0.000         0.000         0.000         1.000         0.000
 NOBULLY        0.000         0.000         0.000         0.000         1.000
 FLFAMILY       0.000         0.000         0.000         0.000         0.000
 IMMI1GEN       0.000         0.000         0.000         0.000         0.000
 IMMI2GEN       0.000         0.000         0.000         0.000         0.000
 ESCS           0.000         0.000         0.000         0.000         0.000
 MALE           0.000         0.000         0.000         0.000         0.000


           LAMBDA
              FLFAMILY      IMMI1GEN      IMMI2GEN      ESCS          MALE
              ________      ________      ________      ________      ________
 FLIT           0.000         0.000         0.000         0.000         0.000
 FCFMLRTY       0.000         0.000         0.000         0.000         0.000
 FLCONFIN       0.000         0.000         0.000         0.000         0.000
 FLSCHOOL       0.000         0.000         0.000         0.000         0.000
 NOBULLY        0.000         0.000         0.000         0.000         0.000
 FLFAMILY       1.000         0.000         0.000         0.000         0.000
 IMMI1GEN       0.000         1.000         0.000         0.000         0.000
 IMMI2GEN       0.000         0.000         1.000         0.000         0.000
 ESCS           0.000         0.000         0.000         1.000         0.000
 MALE           0.000         0.000         0.000         0.000         1.000


           THETA
              FLIT          FCFMLRTY      FLCONFIN      FLSCHOOL      NOBULLY
              ________      ________      ________      ________      ________
 FLIT           0.000
 FCFMLRTY       0.000         0.000
 FLCONFIN       0.000         0.000         0.000
 FLSCHOOL       0.000         0.000         0.000         0.000
 NOBULLY        0.000         0.000         0.000         0.000         0.000
 FLFAMILY       0.000         0.000         0.000         0.000         0.000
 IMMI1GEN       0.000         0.000         0.000         0.000         0.000
 IMMI2GEN       0.000         0.000         0.000         0.000         0.000
 ESCS           0.000         0.000         0.000         0.000         0.000
 MALE           0.000         0.000         0.000         0.000         0.000


           THETA
              FLFAMILY      IMMI1GEN      IMMI2GEN      ESCS          MALE
              ________      ________      ________      ________      ________
 FLFAMILY       0.000
 IMMI1GEN       0.000         0.000
 IMMI2GEN       0.000         0.000         0.000
 ESCS           0.000         0.000         0.000         0.000
 MALE           0.000         0.000         0.000         0.000         0.000


           ALPHA
              FLIT          FCFMLRTY      FLCONFIN      FLSCHOOL      NOBULLY
              ________      ________      ________      ________      ________
              419.475         6.521        -0.161        -0.124        -0.128


           ALPHA
              FLFAMILY      IMMI1GEN      IMMI2GEN      ESCS          MALE
              ________      ________      ________      ________      ________
                0.226         0.003         0.008        -1.090         0.496


           BETA
              FLIT          FCFMLRTY      FLCONFIN      FLSCHOOL      NOBULLY
              ________      ________      ________      ________      ________
 FLIT           0.000         0.000         0.000         0.000         0.000
 FCFMLRTY       0.000         0.000         0.000         0.000         0.000
 FLCONFIN       0.000         0.000         0.000         0.000         0.000
 FLSCHOOL       0.000         0.000         0.000         0.000         0.000
 NOBULLY        0.000         0.000         0.000         0.000         0.000
 FLFAMILY       0.000         0.000         0.000         0.000         0.000
 IMMI1GEN       0.000         0.000         0.000         0.000         0.000
 IMMI2GEN       0.000         0.000         0.000         0.000         0.000
 ESCS           0.000         0.000         0.000         0.000         0.000
 MALE           0.000         0.000         0.000         0.000         0.000


           BETA
              FLFAMILY      IMMI1GEN      IMMI2GEN      ESCS          MALE
              ________      ________      ________      ________      ________
 FLIT           0.000         0.000         0.000         0.000         0.000
 FCFMLRTY       0.000         0.000         0.000         0.000         0.000
 FLCONFIN       0.000         0.000         0.000         0.000         0.000
 FLSCHOOL       0.000         0.000         0.000         0.000         0.000
 NOBULLY        0.000         0.000         0.000         0.000         0.000
 FLFAMILY       0.000         0.000         0.000         0.000         0.000
 IMMI1GEN       0.000         0.000         0.000         0.000         0.000
 IMMI2GEN       0.000         0.000         0.000         0.000         0.000
 ESCS           0.000         0.000         0.000         0.000         0.000
 MALE           0.000         0.000         0.000         0.000         0.000


           PSI
              FLIT          FCFMLRTY      FLCONFIN      FLSCHOOL      NOBULLY
              ________      ________      ________      ________      ________
 FLIT        4573.928
 FCFMLRTY       0.000        15.497
 FLCONFIN       0.000         0.000         0.560
 FLSCHOOL       0.000         0.000         0.000         0.525
 NOBULLY        0.000         0.000         0.000         0.000         0.595
 FLFAMILY       0.000         0.000         0.000         0.000         0.000
 IMMI1GEN       0.000         0.000         0.000         0.000         0.000
 IMMI2GEN       0.000         0.000         0.000         0.000         0.000
 ESCS           0.000         0.000         0.000         0.000         0.000
 MALE           0.000         0.000         0.000         0.000         0.000


           PSI
              FLFAMILY      IMMI1GEN      IMMI2GEN      ESCS          MALE
              ________      ________      ________      ________      ________
 FLFAMILY       0.691
 IMMI1GEN       0.000         0.001
 IMMI2GEN       0.000         0.000         0.004
 ESCS           0.000         0.000         0.000         0.744
 MALE           0.000         0.000         0.000         0.000         0.250


     Beginning Time:  18:03:51
        Ending Time:  18:04:19
       Elapsed Time:  00:00:28



MUTHEN & MUTHEN
3463 Stoner Ave.
Los Angeles, CA  90066

Tel: (310) 391-9971
Fax: (310) 391-8971
Web: www.StatModel.com
Support: Support@StatModel.com

Copyright (c) 1998-2020 Muthen & Muthen
