Mplus VERSION 8.3
MUTHEN & MUTHEN
02/10/2021   7:19 PM

INPUT INSTRUCTIONS


  TITLE:
      One-level 233

  DATA:
      file = "C:\Users\tctan\implist.dat";

      type = imputation;

  VARIABLE:
      names =
          FKI CNTRYID CNTSCHID W_STU
          MATH READ FLIT                      ! PISA achievement variables
          MALE IMMI1GEN IMMI2GEN ESCS         ! Demographic info
          FCFMLRTY FLCONFIN                   ! Affect
          FLSCHOOL                            !   Lat var "Academic"
          NOBULLY                             !   Lat var "Safety"
          FLFAMILY                            !   Lat var "Community"
          W_SCH STRATIO                       ! School character
          EDUSHORT                            !   Lat var "inst. env."
          ;

      useobs = CNTRYID eq 233;          ! Pull out one country at a time

      usevar =
          FLIT                                ! PISA achievement variables
          FLSCHOOL                            !   Lat var "Academic"
          NOBULLY                             !   Lat var "Safety"
          FLFAMILY                            !   Lat var "Community"
          FCFMLRTY FLCONFIN                   ! Affect
          MALE IMMI1GEN IMMI2GEN ESCS         ! Demographic info
          ;

      weight = W_STU;                         ! Student weight


  ANALYSIS:
      processors = 4;

      estimator = MLR;


  MODEL:

      ! Indirect pathways (1st half): school climate vars onto mediators
          ! Onto mediator FAMILIARITY
      FCFMLRTY on FLSCHOOL NOBULLY FLFAMILY;
          ! Onto mediator CONFIDENCE
      FLCONFIN on FLSCHOOL NOBULLY FLFAMILY;

      ! Total effect
      FLIT on
          ! Direct pathways: school climate vars onto financial literacy
          FLSCHOOL NOBULLY FLFAMILY
          ! Indirect pathways (2nd half): affective vars onto financial literacy
          FCFMLRTY FLCONFIN
          ! Control vars (demographic info)
          MALE IMMI1GEN IMMI2GEN ESCS
          ;

      ! Covariances
          ! Between school climate vars
      FLSCHOOL with NOBULLY;
      FLSCHOOL with FLFAMILY;
      NOBULLY with FLFAMILY;
          ! Between mediators
      FCFMLRTY with FLCONFIN;
          ! SES with FLFAMILY
      ESCS with FLFAMILY;

  MODEL INDIRECT:

  ! Indirect effects
      FLIT ind FLSCHOOL;
      FLIT ind NOBULLY;
      FLIT ind FLFAMILY;


  OUTPUT:
      stdyx                                   ! Fully standardised solution
      mod(all)                                ! Mod indices (all)
      ;



*** WARNING in OUTPUT command
  MODINDICES option is not available for multiple imputation.
  Request for MODINDICES is ignored.
   1 WARNING(S) FOUND IN THE INPUT INSTRUCTIONS




One-level 233

SUMMARY OF ANALYSIS

Number of groups                                                 1
Average number of observations                                4166

Number of replications
    Requested                                                   10
    Completed                                                   10

Number of dependent variables                                    3
Number of independent variables                                  7
Number of continuous latent variables                            0

Observed dependent variables

  Continuous
   FLIT        FCFMLRTY    FLCONFIN

Observed independent variables
   FLSCHOOL    NOBULLY     FLFAMILY    MALE        IMMI1GEN    IMMI2GEN
   ESCS

Variables with special functions

  Weight variable       W_STU

Estimator                                                      MLR
Information matrix                                        OBSERVED
Maximum number of iterations                                  1000
Convergence criterion                                    0.500D-04
Maximum number of steepest descent iterations                   20

Input data file(s)
  Multiple data files from
    C:\Users\tctan\implist.dat

Input data format  FREE


SAMPLE STATISTICS

NOTE:  These are average results over 10 data sets.


     SAMPLE STATISTICS


           Means
              FLIT          FCFMLRTY      FLCONFIN      FLSCHOOL      NOBULLY
              ________      ________      ________      ________      ________
              547.527         7.629         0.185         0.064        -0.088


           Means
              FLFAMILY      ESCS          MALE          IMMI1GEN      IMMI2GEN
              ________      ________      ________      ________      ________
               -0.140         0.072         0.502         0.008         0.088


           Covariances
              FLIT          FCFMLRTY      FLCONFIN      FLSCHOOL      NOBULLY
              ________      ________      ________      ________      ________
 FLIT        7721.453
 FCFMLRTY     110.202        25.208
 FLCONFIN      13.732         1.115         0.814
 FLSCHOOL      -1.826         1.048         0.134         0.752
 NOBULLY        4.178         0.110         0.044        -0.075         1.005
 FLFAMILY      -4.745         0.452         0.118         0.190        -0.048
 ESCS          17.128         0.563         0.066         0.012         0.017
 MALE           0.737         0.011         0.047         0.033        -0.054
 IMMI1GEN      -0.312         0.003        -0.002         0.000        -0.001
 IMMI2GEN      -2.444        -0.042        -0.011         0.011        -0.013


           Covariances
              FLFAMILY      ESCS          MALE          IMMI1GEN      IMMI2GEN
              ________      ________      ________      ________      ________
 FLFAMILY       0.868
 ESCS           0.040         0.637
 MALE          -0.038         0.012         0.250
 IMMI1GEN       0.003         0.001         0.001         0.008
 IMMI2GEN       0.009         0.001         0.006        -0.001         0.080


           Correlations
              FLIT          FCFMLRTY      FLCONFIN      FLSCHOOL      NOBULLY
              ________      ________      ________      ________      ________
 FLIT           1.000
 FCFMLRTY       0.250         1.000
 FLCONFIN       0.173         0.246         1.000
 FLSCHOOL      -0.024         0.241         0.171         1.000
 NOBULLY        0.047         0.022         0.049        -0.086         1.000
 FLFAMILY      -0.058         0.097         0.140         0.236        -0.052
 ESCS           0.244         0.140         0.091         0.017         0.022
 MALE           0.017         0.004         0.104         0.076        -0.109
 IMMI1GEN      -0.040         0.006        -0.026        -0.006        -0.015
 IMMI2GEN      -0.098        -0.030        -0.043         0.044        -0.046


           Correlations
              FLFAMILY      ESCS          MALE          IMMI1GEN      IMMI2GEN
              ________      ________      ________      ________      ________
 FLFAMILY       1.000
 ESCS           0.054         1.000
 MALE          -0.082         0.029         1.000
 IMMI1GEN       0.032         0.012         0.015         1.000
 IMMI2GEN       0.034         0.003         0.043        -0.028         1.000


MODEL FIT INFORMATION

Number of Free Parameters                       36

Loglikelihood

    H0 Value

        Mean                            -63712.214
        Std Dev                             42.780
        Number of successful computations       10

             Proportions                   Percentiles
        Expected    Observed         Expected       Observed
           0.990       1.000       -63811.734     -63777.036
           0.980       1.000       -63800.072     -63777.036
           0.950       1.000       -63782.584     -63777.036
           0.900       0.900       -63767.041     -63777.036
           0.800       0.800       -63748.218     -63777.036
           0.700       0.700       -63734.648     -63740.213
           0.500       0.600       -63712.214     -63709.782
           0.300       0.200       -63689.780     -63709.644
           0.200       0.200       -63676.210     -63699.716
           0.100       0.100       -63657.387     -63663.678
           0.050       0.100       -63641.845     -63663.678
           0.020       0.100       -63624.356     -63663.678
           0.010       0.000       -63612.694     -63663.678

    H1 Value

        Mean                            -63553.392
        Std Dev                             44.108
        Number of successful computations       10

             Proportions                   Percentiles
        Expected    Observed         Expected       Observed
           0.990       1.000       -63656.001     -63621.298
           0.980       1.000       -63643.978     -63621.298
           0.950       1.000       -63625.946     -63621.298
           0.900       0.900       -63609.922     -63621.298
           0.800       0.800       -63590.514     -63621.298
           0.700       0.700       -63576.523     -63579.475
           0.500       0.600       -63553.392     -63553.341
           0.300       0.200       -63530.262     -63547.259
           0.200       0.200       -63516.271     -63538.725
           0.100       0.100       -63496.863     -63509.594
           0.050       0.100       -63480.839     -63509.594
           0.020       0.100       -63462.807     -63509.594
           0.010       0.000       -63450.783     -63509.594

Information Criteria

    Akaike (AIC)

        Mean                            127496.428
        Std Dev                             85.561
        Number of successful computations       10

             Proportions                   Percentiles
        Expected    Observed         Expected       Observed
           0.990       1.000       127297.389     127316.274
           0.980       0.900       127320.713     127316.274
           0.950       0.900       127355.690     127316.274
           0.900       0.900       127386.774     127316.274
           0.800       0.800       127424.421     127316.274
           0.700       0.800       127451.560     127471.432
           0.500       0.400       127496.428     127491.381
           0.300       0.300       127541.296     127530.468
           0.200       0.200       127568.436     127552.427
           0.100       0.100       127606.083     127594.023
           0.050       0.000       127637.167     127594.023
           0.020       0.000       127672.144     127594.023
           0.010       0.000       127695.468     127594.023

    Bayesian (BIC)

        Mean                            127724.478
        Std Dev                             85.561
        Number of successful computations       10

             Proportions                   Percentiles
        Expected    Observed         Expected       Observed
           0.990       1.000       127525.439     127544.323
           0.980       0.900       127548.762     127544.323
           0.950       0.900       127583.739     127544.323
           0.900       0.900       127614.824     127544.323
           0.800       0.800       127652.470     127544.323
           0.700       0.800       127679.610     127699.482
           0.500       0.400       127724.478     127719.431
           0.300       0.300       127769.346     127758.518
           0.200       0.200       127796.486     127780.476
           0.100       0.100       127834.133     127822.073
           0.050       0.000       127865.217     127822.073
           0.020       0.000       127900.194     127822.073
           0.010       0.000       127923.518     127822.073

    Sample-Size Adjusted BIC (n* = (n + 2) / 24)

        Mean                            127610.085
        Std Dev                             85.561
        Number of successful computations       10

             Proportions                   Percentiles
        Expected    Observed         Expected       Observed
           0.990       1.000       127411.046     127429.930
           0.980       0.900       127434.370     127429.930
           0.950       0.900       127469.347     127429.930
           0.900       0.900       127500.431     127429.930
           0.800       0.800       127538.078     127429.930
           0.700       0.800       127565.217     127585.089
           0.500       0.400       127610.085     127605.038
           0.300       0.300       127654.953     127644.125
           0.200       0.200       127682.093     127666.084
           0.100       0.100       127719.740     127707.680
           0.050       0.000       127750.824     127707.680
           0.020       0.000       127785.801     127707.680
           0.010       0.000       127809.125     127707.680

Chi-Square Test of Model Fit

        Degrees of freedom                      20

        Mean                               268.218
        Std Dev                              6.360
        Number of successful computations       10

             Proportions                   Percentiles
        Expected    Observed         Expected       Observed
           0.990       1.000            8.260        255.659
           0.980       1.000            9.237        255.659
           0.950       1.000           10.851        255.659
           0.900       1.000           12.443        255.659
           0.800       1.000           14.578        255.659
           0.700       1.000           16.266        263.813
           0.500       1.000           19.337        267.246
           0.300       1.000           22.775        269.910
           0.200       1.000           25.038        273.981
           0.100       1.000           28.412        275.394
           0.050       1.000           31.410        275.394
           0.020       1.000           35.020        275.394
           0.010       1.000           37.566        275.394

RMSEA (Root Mean Square Error Of Approximation)

        Mean                                 0.055
        Std Dev                              0.001
        Number of successful computations       10

             Proportions                   Percentiles
        Expected    Observed         Expected       Observed
           0.990       1.000            0.053          0.053
           0.980       1.000            0.053          0.053
           0.950       0.900            0.053          0.053
           0.900       0.900            0.054          0.053
           0.800       0.800            0.054          0.053
           0.700       0.700            0.054          0.054
           0.500       0.400            0.055          0.054
           0.300       0.300            0.055          0.055
           0.200       0.300            0.055          0.055
           0.100       0.100            0.055          0.055
           0.050       0.000            0.056          0.055
           0.020       0.000            0.056          0.055
           0.010       0.000            0.056          0.055

CFI/TLI

    CFI

        Mean                                 0.781
        Std Dev                              0.006
        Number of successful computations       10

             Proportions                   Percentiles
        Expected    Observed         Expected       Observed
           0.990       1.000            0.768          0.771
           0.980       1.000            0.769          0.771
           0.950       0.900            0.772          0.771
           0.900       0.900            0.774          0.771
           0.800       0.800            0.776          0.771
           0.700       0.600            0.778          0.777
           0.500       0.500            0.781          0.780
           0.300       0.200            0.784          0.782
           0.200       0.200            0.785          0.783
           0.100       0.100            0.788          0.787
           0.050       0.100            0.790          0.787
           0.020       0.000            0.792          0.787
           0.010       0.000            0.794          0.787

    TLI

        Mean                                 0.737
        Std Dev                              0.007
        Number of successful computations       10

             Proportions                   Percentiles
        Expected    Observed         Expected       Observed
           0.990       1.000            0.721          0.726
           0.980       1.000            0.723          0.726
           0.950       0.900            0.726          0.726
           0.900       0.900            0.728          0.726
           0.800       0.800            0.731          0.726
           0.700       0.600            0.733          0.733
           0.500       0.500            0.737          0.736
           0.300       0.200            0.740          0.739
           0.200       0.200            0.742          0.739
           0.100       0.100            0.745          0.744
           0.050       0.100            0.748          0.744
           0.020       0.000            0.751          0.744
           0.010       0.000            0.752          0.744

SRMR (Standardized Root Mean Square Residual)

        Mean                                 0.037
        Std Dev                              0.001
        Number of successful computations       10

             Proportions                   Percentiles
        Expected    Observed         Expected       Observed
           0.990       1.000            0.036          0.036
           0.980       1.000            0.036          0.036
           0.950       1.000            0.036          0.036
           0.900       0.900            0.037          0.036
           0.800       0.600            0.037          0.036
           0.700       0.600            0.037          0.037
           0.500       0.500            0.037          0.037
           0.300       0.500            0.038          0.038
           0.200       0.200            0.038          0.038
           0.100       0.100            0.038          0.038
           0.050       0.000            0.038          0.038
           0.020       0.000            0.039          0.038
           0.010       0.000            0.039          0.038


MODEL RESULTS

                                                    Two-Tailed   Rate of
                    Estimate       S.E.  Est./S.E.    P-Value    Missing

 FCFMLRTY ON
    FLSCHOOL           1.355      0.105     12.904      0.000      0.079
    NOBULLY            0.222      0.090      2.475      0.013      0.112
    FLFAMILY           0.236      0.102      2.306      0.021      0.058

 FLCONFIN ON
    FLSCHOOL           0.158      0.019      8.132      0.000      0.082
    NOBULLY            0.060      0.016      3.856      0.000      0.070
    FLFAMILY           0.104      0.019      5.584      0.000      0.052

 FLIT     ON
    FLSCHOOL          -7.617      2.061     -3.695      0.000      0.355
    NOBULLY            1.523      1.686      0.903      0.366      0.343
    FLFAMILY          -7.905      1.765     -4.480      0.000      0.192
    FCFMLRTY           3.753      0.357     10.512      0.000      0.302
    FLCONFIN          11.722      2.074      5.653      0.000      0.416
    MALE               0.399      3.039      0.131      0.895      0.137
    IMMI1GEN         -39.842     18.709     -2.130      0.033      0.337
    IMMI2GEN         -25.292      5.547     -4.560      0.000      0.209
    ESCS              23.033      2.016     11.427      0.000      0.230

 FLSCHOOL WITH
    NOBULLY           -0.075      0.016     -4.787      0.000      0.109
    FLFAMILY           0.190      0.016     11.856      0.000      0.040

 NOBULLY  WITH
    FLFAMILY          -0.048      0.018     -2.656      0.008      0.174

 FCFMLRTY WITH
    FLCONFIN           0.896      0.081     11.022      0.000      0.076

 ESCS     WITH
    FLFAMILY           0.040      0.013      2.988      0.003      0.089
    FLSCHOOL           0.012      0.013      0.926      0.354      0.091
    NOBULLY            0.017      0.014      1.189      0.234      0.144

 Means
    FLSCHOOL           0.064      0.015      4.319      0.000      0.063
    NOBULLY           -0.088      0.018     -4.936      0.000      0.129
    FLFAMILY          -0.140      0.016     -8.803      0.000      0.049
    ESCS               0.072      0.014      5.153      0.000      0.061

 Intercepts
    FLIT             516.925      3.429    150.768      0.000      0.223
    FCFMLRTY           7.595      0.084     90.573      0.000      0.019
    FLCONFIN           0.195      0.016     12.437      0.000      0.108

 Variances
    FLSCHOOL           0.752      0.019     38.661      0.000      0.025
    NOBULLY            1.005      0.024     42.747      0.000      0.051
    FLFAMILY           0.868      0.024     36.179      0.000      0.100
    ESCS               0.637      0.015     41.573      0.000      0.126

 Residual Variances
    FLIT            6613.984    196.757     33.615      0.000      0.299
    FCFMLRTY          23.655      0.469     50.484      0.000      0.065
    FLCONFIN           0.777      0.023     34.172      0.000      0.104


STANDARDIZED MODEL RESULTS


STDYX Standardization

                                                    Two-Tailed   Rate of
                    Estimate       S.E.  Est./S.E.    P-Value    Missing

 FCFMLRTY ON
    FLSCHOOL           0.234      0.018     12.867      0.000      0.074
    NOBULLY            0.044      0.018      2.472      0.013      0.112
    FLFAMILY           0.044      0.019      2.307      0.021      0.058

 FLCONFIN ON
    FLSCHOOL           0.152      0.018      8.222      0.000      0.075
    NOBULLY            0.067      0.017      3.873      0.000      0.063
    FLFAMILY           0.108      0.019      5.615      0.000      0.048

 FLIT     ON
    FLSCHOOL          -0.076      0.021     -3.686      0.000      0.367
    NOBULLY            0.018      0.019      0.903      0.367      0.341
    FLFAMILY          -0.085      0.019     -4.473      0.000      0.192
    FCFMLRTY           0.217      0.020     10.702      0.000      0.321
    FLCONFIN           0.122      0.022      5.648      0.000      0.427
    MALE               0.002      0.017      0.132      0.895      0.137
    IMMI1GEN          -0.041      0.020     -2.067      0.039      0.350
    IMMI2GEN          -0.082      0.018     -4.535      0.000      0.210
    ESCS               0.211      0.018     11.715      0.000      0.211

 FLSCHOOL WITH
    NOBULLY           -0.086      0.018     -4.864      0.000      0.112
    FLFAMILY           0.236      0.018     12.811      0.000      0.052

 NOBULLY  WITH
    FLFAMILY          -0.052      0.019     -2.675      0.007      0.178

 FCFMLRTY WITH
    FLCONFIN           0.209      0.018     11.340      0.000      0.069

 ESCS     WITH
    FLFAMILY           0.054      0.018      3.002      0.003      0.093
    FLSCHOOL           0.017      0.018      0.927      0.354      0.090
    NOBULLY            0.022      0.018      1.191      0.234      0.144

 Means
    FLSCHOOL           0.074      0.017      4.329      0.000      0.063
    NOBULLY           -0.088      0.017     -5.052      0.000      0.138
    FLFAMILY          -0.151      0.018     -8.605      0.000      0.048
    ESCS               0.090      0.018      5.056      0.000      0.064

 Intercepts
    FLIT               5.940      0.091     65.219      0.000      0.139
    FCFMLRTY           1.513      0.022     67.485      0.000      0.057
    FLCONFIN           0.216      0.018     12.069      0.000      0.128

 Variances
    FLSCHOOL           1.000      0.000  *********      0.000      0.000
    NOBULLY            1.000      0.000  *********      0.000      0.000
    FLFAMILY           1.000      0.000  *********      0.000      0.000
    ESCS               1.000      0.000  *********      0.000      0.000

 Residual Variances
    FLIT               0.873      0.012     72.677      0.000      0.331
    FCFMLRTY           0.938      0.009    106.902      0.000      0.087
    FLCONFIN           0.956      0.008    118.920      0.000      0.078


R-SQUARE

    Observed                                        Two-Tailed   Rate of
    Variable        Estimate       S.E.  Est./S.E.    P-Value    Missing

    FLIT               0.127      0.012     10.537      0.000      0.331
    FCFMLRTY           0.062      0.009      7.021      0.000      0.087
    FLCONFIN           0.044      0.008      5.520      0.000      0.079


QUALITY OF NUMERICAL RESULTS

     Average Condition Number for the Information Matrix      0.354E-05
       (ratio of smallest to largest eigenvalue)


TOTAL, TOTAL INDIRECT, SPECIFIC INDIRECT, AND DIRECT EFFECTS


                                                    Two-Tailed   Rate of
                    Estimate       S.E.  Est./S.E.    P-Value    Missing

Effects from FLSCHOOL to FLIT

  Total               -0.683      2.031     -0.336      0.737      0.299
  Total indirect       6.933      0.715      9.691      0.000      0.192

  Specific indirect 1
    FLIT
    FCFMLRTY
    FLSCHOOL           5.085      0.594      8.566      0.000      0.153

  Specific indirect 2
    FLIT
    FLCONFIN
    FLSCHOOL           1.848      0.382      4.840      0.000      0.264

  Direct
    FLIT
    FLSCHOOL          -7.617      2.061     -3.695      0.000      0.355


Effects from NOBULLY to FLIT

  Total                3.067      1.726      1.776      0.076      0.320
  Total indirect       1.543      0.424      3.643      0.000      0.124

  Specific indirect 1
    FLIT
    FCFMLRTY
    NOBULLY            0.835      0.349      2.391      0.017      0.143

  Specific indirect 2
    FLIT
    FLCONFIN
    NOBULLY            0.708      0.220      3.219      0.001      0.145

  Direct
    FLIT
    NOBULLY            1.523      1.686      0.903      0.366      0.343


Effects from FLFAMILY to FLIT

  Total               -5.800      1.824     -3.179      0.001      0.198
  Total indirect       2.105      0.520      4.048      0.000      0.068

  Specific indirect 1
    FLIT
    FCFMLRTY
    FLFAMILY           0.885      0.395      2.243      0.025      0.069

  Specific indirect 2
    FLIT
    FLCONFIN
    FLFAMILY           1.220      0.295      4.128      0.000      0.168

  Direct
    FLIT
    FLFAMILY          -7.905      1.765     -4.480      0.000      0.192



STANDARDIZED TOTAL, TOTAL INDIRECT, SPECIFIC INDIRECT, AND DIRECT EFFECTS


STDYX Standardization

                                                    Two-Tailed   Rate of
                    Estimate       S.E.  Est./S.E.    P-Value    Missing

Effects from FLSCHOOL to FLIT

  Total               -0.007      0.020     -0.338      0.736      0.300
  Total indirect       0.069      0.007      9.566      0.000      0.207

  Specific indirect 1
    FLIT
    FCFMLRTY
    FLSCHOOL           0.051      0.006      8.518      0.000      0.161

  Specific indirect 2
    FLIT
    FLCONFIN
    FLSCHOOL           0.018      0.004      4.808      0.000      0.270

  Direct
    FLIT
    FLSCHOOL          -0.076      0.021     -3.686      0.000      0.367


Effects from NOBULLY to FLIT

  Total                0.035      0.020      1.776      0.076      0.318
  Total indirect       0.018      0.005      3.641      0.000      0.125

  Specific indirect 1
    FLIT
    FCFMLRTY
    NOBULLY            0.010      0.004      2.398      0.017      0.140

  Specific indirect 2
    FLIT
    FLCONFIN
    NOBULLY            0.008      0.003      3.202      0.001      0.152

  Direct
    FLIT
    NOBULLY            0.018      0.019      0.903      0.367      0.341


Effects from FLFAMILY to FLIT

  Total               -0.062      0.020     -3.175      0.001      0.198
  Total indirect       0.023      0.006      4.048      0.000      0.069

  Specific indirect 1
    FLIT
    FCFMLRTY
    FLFAMILY           0.009      0.004      2.244      0.025      0.069

  Specific indirect 2
    FLIT
    FLCONFIN
    FLFAMILY           0.013      0.003      4.125      0.000      0.169

  Direct
    FLIT
    FLFAMILY          -0.085      0.019     -4.473      0.000      0.192




TECHNICAL 1 OUTPUT


     PARAMETER SPECIFICATION


           NU
              FLIT          FCFMLRTY      FLCONFIN      FLSCHOOL      NOBULLY
              ________      ________      ________      ________      ________
                  0             0             0             0             0


           NU
              FLFAMILY      ESCS          MALE          IMMI1GEN      IMMI2GEN
              ________      ________      ________      ________      ________
                  0             0             0             0             0


           LAMBDA
              FLIT          FCFMLRTY      FLCONFIN      FLSCHOOL      NOBULLY
              ________      ________      ________      ________      ________
 FLIT               0             0             0             0             0
 FCFMLRTY           0             0             0             0             0
 FLCONFIN           0             0             0             0             0
 FLSCHOOL           0             0             0             0             0
 NOBULLY            0             0             0             0             0
 FLFAMILY           0             0             0             0             0
 ESCS               0             0             0             0             0
 MALE               0             0             0             0             0
 IMMI1GEN           0             0             0             0             0
 IMMI2GEN           0             0             0             0             0


           LAMBDA
              FLFAMILY      ESCS          MALE          IMMI1GEN      IMMI2GEN
              ________      ________      ________      ________      ________
 FLIT               0             0             0             0             0
 FCFMLRTY           0             0             0             0             0
 FLCONFIN           0             0             0             0             0
 FLSCHOOL           0             0             0             0             0
 NOBULLY            0             0             0             0             0
 FLFAMILY           0             0             0             0             0
 ESCS               0             0             0             0             0
 MALE               0             0             0             0             0
 IMMI1GEN           0             0             0             0             0
 IMMI2GEN           0             0             0             0             0


           THETA
              FLIT          FCFMLRTY      FLCONFIN      FLSCHOOL      NOBULLY
              ________      ________      ________      ________      ________
 FLIT               0
 FCFMLRTY           0             0
 FLCONFIN           0             0             0
 FLSCHOOL           0             0             0             0
 NOBULLY            0             0             0             0             0
 FLFAMILY           0             0             0             0             0
 ESCS               0             0             0             0             0
 MALE               0             0             0             0             0
 IMMI1GEN           0             0             0             0             0
 IMMI2GEN           0             0             0             0             0


           THETA
              FLFAMILY      ESCS          MALE          IMMI1GEN      IMMI2GEN
              ________      ________      ________      ________      ________
 FLFAMILY           0
 ESCS               0             0
 MALE               0             0             0
 IMMI1GEN           0             0             0             0
 IMMI2GEN           0             0             0             0             0


           ALPHA
              FLIT          FCFMLRTY      FLCONFIN      FLSCHOOL      NOBULLY
              ________      ________      ________      ________      ________
                  1             2             3             4             5


           ALPHA
              FLFAMILY      ESCS          MALE          IMMI1GEN      IMMI2GEN
              ________      ________      ________      ________      ________
                  6             7             0             0             0


           BETA
              FLIT          FCFMLRTY      FLCONFIN      FLSCHOOL      NOBULLY
              ________      ________      ________      ________      ________
 FLIT               0             8             9            10            11
 FCFMLRTY           0             0             0            17            18
 FLCONFIN           0             0             0            20            21
 FLSCHOOL           0             0             0             0             0
 NOBULLY            0             0             0             0             0
 FLFAMILY           0             0             0             0             0
 ESCS               0             0             0             0             0
 MALE               0             0             0             0             0
 IMMI1GEN           0             0             0             0             0
 IMMI2GEN           0             0             0             0             0


           BETA
              FLFAMILY      ESCS          MALE          IMMI1GEN      IMMI2GEN
              ________      ________      ________      ________      ________
 FLIT              12            13            14            15            16
 FCFMLRTY          19             0             0             0             0
 FLCONFIN          22             0             0             0             0
 FLSCHOOL           0             0             0             0             0
 NOBULLY            0             0             0             0             0
 FLFAMILY           0             0             0             0             0
 ESCS               0             0             0             0             0
 MALE               0             0             0             0             0
 IMMI1GEN           0             0             0             0             0
 IMMI2GEN           0             0             0             0             0


           PSI
              FLIT          FCFMLRTY      FLCONFIN      FLSCHOOL      NOBULLY
              ________      ________      ________      ________      ________
 FLIT              23
 FCFMLRTY           0            24
 FLCONFIN           0            25            26
 FLSCHOOL           0             0             0            27
 NOBULLY            0             0             0            28            29
 FLFAMILY           0             0             0            30            31
 ESCS               0             0             0            33            34
 MALE               0             0             0             0             0
 IMMI1GEN           0             0             0             0             0
 IMMI2GEN           0             0             0             0             0


           PSI
              FLFAMILY      ESCS          MALE          IMMI1GEN      IMMI2GEN
              ________      ________      ________      ________      ________
 FLFAMILY          32
 ESCS              35            36
 MALE               0             0             0
 IMMI1GEN           0             0             0             0
 IMMI2GEN           0             0             0             0             0


     STARTING VALUES


           NU
              FLIT          FCFMLRTY      FLCONFIN      FLSCHOOL      NOBULLY
              ________      ________      ________      ________      ________
                0.000         0.000         0.000         0.000         0.000


           NU
              FLFAMILY      ESCS          MALE          IMMI1GEN      IMMI2GEN
              ________      ________      ________      ________      ________
                0.000         0.000         0.000         0.000         0.000


           LAMBDA
              FLIT          FCFMLRTY      FLCONFIN      FLSCHOOL      NOBULLY
              ________      ________      ________      ________      ________
 FLIT           1.000         0.000         0.000         0.000         0.000
 FCFMLRTY       0.000         1.000         0.000         0.000         0.000
 FLCONFIN       0.000         0.000         1.000         0.000         0.000
 FLSCHOOL       0.000         0.000         0.000         1.000         0.000
 NOBULLY        0.000         0.000         0.000         0.000         1.000
 FLFAMILY       0.000         0.000         0.000         0.000         0.000
 ESCS           0.000         0.000         0.000         0.000         0.000
 MALE           0.000         0.000         0.000         0.000         0.000
 IMMI1GEN       0.000         0.000         0.000         0.000         0.000
 IMMI2GEN       0.000         0.000         0.000         0.000         0.000


           LAMBDA
              FLFAMILY      ESCS          MALE          IMMI1GEN      IMMI2GEN
              ________      ________      ________      ________      ________
 FLIT           0.000         0.000         0.000         0.000         0.000
 FCFMLRTY       0.000         0.000         0.000         0.000         0.000
 FLCONFIN       0.000         0.000         0.000         0.000         0.000
 FLSCHOOL       0.000         0.000         0.000         0.000         0.000
 NOBULLY        0.000         0.000         0.000         0.000         0.000
 FLFAMILY       1.000         0.000         0.000         0.000         0.000
 ESCS           0.000         1.000         0.000         0.000         0.000
 MALE           0.000         0.000         1.000         0.000         0.000
 IMMI1GEN       0.000         0.000         0.000         1.000         0.000
 IMMI2GEN       0.000         0.000         0.000         0.000         1.000


           THETA
              FLIT          FCFMLRTY      FLCONFIN      FLSCHOOL      NOBULLY
              ________      ________      ________      ________      ________
 FLIT           0.000
 FCFMLRTY       0.000         0.000
 FLCONFIN       0.000         0.000         0.000
 FLSCHOOL       0.000         0.000         0.000         0.000
 NOBULLY        0.000         0.000         0.000         0.000         0.000
 FLFAMILY       0.000         0.000         0.000         0.000         0.000
 ESCS           0.000         0.000         0.000         0.000         0.000
 MALE           0.000         0.000         0.000         0.000         0.000
 IMMI1GEN       0.000         0.000         0.000         0.000         0.000
 IMMI2GEN       0.000         0.000         0.000         0.000         0.000


           THETA
              FLFAMILY      ESCS          MALE          IMMI1GEN      IMMI2GEN
              ________      ________      ________      ________      ________
 FLFAMILY       0.000
 ESCS           0.000         0.000
 MALE           0.000         0.000         0.000
 IMMI1GEN       0.000         0.000         0.000         0.000
 IMMI2GEN       0.000         0.000         0.000         0.000         0.000


           ALPHA
              FLIT          FCFMLRTY      FLCONFIN      FLSCHOOL      NOBULLY
              ________      ________      ________      ________      ________
              547.613         7.616         0.177         0.064        -0.095


           ALPHA
              FLFAMILY      ESCS          MALE          IMMI1GEN      IMMI2GEN
              ________      ________      ________      ________      ________
               -0.142         0.066         0.502         0.007         0.088


           BETA
              FLIT          FCFMLRTY      FLCONFIN      FLSCHOOL      NOBULLY
              ________      ________      ________      ________      ________
 FLIT           0.000         0.000         0.000         0.000         0.000
 FCFMLRTY       0.000         0.000         0.000         0.000         0.000
 FLCONFIN       0.000         0.000         0.000         0.000         0.000
 FLSCHOOL       0.000         0.000         0.000         0.000         0.000
 NOBULLY        0.000         0.000         0.000         0.000         0.000
 FLFAMILY       0.000         0.000         0.000         0.000         0.000
 ESCS           0.000         0.000         0.000         0.000         0.000
 MALE           0.000         0.000         0.000         0.000         0.000
 IMMI1GEN       0.000         0.000         0.000         0.000         0.000
 IMMI2GEN       0.000         0.000         0.000         0.000         0.000


           BETA
              FLFAMILY      ESCS          MALE          IMMI1GEN      IMMI2GEN
              ________      ________      ________      ________      ________
 FLIT           0.000         0.000         0.000         0.000         0.000
 FCFMLRTY       0.000         0.000         0.000         0.000         0.000
 FLCONFIN       0.000         0.000         0.000         0.000         0.000
 FLSCHOOL       0.000         0.000         0.000         0.000         0.000
 NOBULLY        0.000         0.000         0.000         0.000         0.000
 FLFAMILY       0.000         0.000         0.000         0.000         0.000
 ESCS           0.000         0.000         0.000         0.000         0.000
 MALE           0.000         0.000         0.000         0.000         0.000
 IMMI1GEN       0.000         0.000         0.000         0.000         0.000
 IMMI2GEN       0.000         0.000         0.000         0.000         0.000


           PSI
              FLIT          FCFMLRTY      FLCONFIN      FLSCHOOL      NOBULLY
              ________      ________      ________      ________      ________
 FLIT        3856.969
 FCFMLRTY       0.000        12.590
 FLCONFIN       0.000         0.000         0.414
 FLSCHOOL       0.000         0.000         0.000         0.377
 NOBULLY        0.000         0.000         0.000         0.000         0.499
 FLFAMILY       0.000         0.000         0.000         0.000         0.000
 ESCS           0.000         0.000         0.000         0.000         0.000
 MALE           0.000         0.000         0.000         0.000         0.000
 IMMI1GEN       0.000         0.000         0.000         0.000         0.000
 IMMI2GEN       0.000         0.000         0.000         0.000         0.000


           PSI
              FLFAMILY      ESCS          MALE          IMMI1GEN      IMMI2GEN
              ________      ________      ________      ________      ________
 FLFAMILY       0.435
 ESCS           0.000         0.321
 MALE           0.000         0.000         0.250
 IMMI1GEN       0.000         0.000         0.000         0.007
 IMMI2GEN       0.000         0.000         0.006        -0.001         0.080


     Beginning Time:  19:19:00
        Ending Time:  19:19:36
       Elapsed Time:  00:00:36



MUTHEN & MUTHEN
3463 Stoner Ave.
Los Angeles, CA  90066

Tel: (310) 391-9971
Fax: (310) 391-8971
Web: www.StatModel.com
Support: Support@StatModel.com

Copyright (c) 1998-2019 Muthen & Muthen
