Mplus VERSION 8.5 (Linux)
MUTHEN & MUTHEN
03/11/2021   6:03 PM

INPUT INSTRUCTIONS


  TITLE:
      One-level 268

  DATA:
      file = "~/implist.dat";

      type = imputation;

  VARIABLE:
      names =
          FKI CNTRYID CNTSCHID W_STU
          MATH READ FLIT                      ! PISA achievement variables
          MALE IMMI1GEN IMMI2GEN ESCS         ! Demographic info
          FCFMLRTY FLCONFIN                   ! Affect
          FLSCHOOL                            !   Lat var "Academic"
          NOBULLY                             !   Lat var "Safety"
          FLFAMILY                            !   Lat var "Community"
          W_SCH STRATIO                       ! School character
          EDUSHORT                            !   Lat var "inst. env."
          ;

      useobs = CNTRYID eq 268;          ! Pull out one country at a time

      usevar =
          FLIT                                ! PISA achievement variables
          FLSCHOOL                            !   Lat var "Academic"
          NOBULLY                             !   Lat var "Safety"
          FLFAMILY                            !   Lat var "Community"
          FCFMLRTY FLCONFIN                   ! Affect
          MALE IMMI1GEN IMMI2GEN ESCS         ! Demographic info
          ;

      weight = W_STU;                         ! Student weight


  ANALYSIS:
      processors = 8;

      estimator = MLR;


  MODEL:

      ! Indirect pathways (1st half): school climate vars onto mediators
          ! Onto mediator FAMILIARITY
      FCFMLRTY on FLSCHOOL FLFAMILY NOBULLY ESCS IMMI2GEN MALE;
          ! Onto mediator CONFIDENCE
      FLCONFIN on FLSCHOOL FLFAMILY NOBULLY ESCS IMMI2GEN MALE;

      ! Total effect
      FLIT on
          ! Indirect pathways (2nd half): affective vars onto financial literacy
          FCFMLRTY FLCONFIN
          ! Direct pathways: school climate vars onto financial literacy
          FLSCHOOL FLFAMILY NOBULLY
          ! Dmographic vars
          ESCS IMMI1GEN
          ;

      ! Covariances
          ! Between school climate vars
      FLSCHOOL with FLFAMILY;
      FLFAMILY with NOBULLY;
      FLSCHOOL with NOBULLY;
          ! Between mediators
      FCFMLRTY with FLCONFIN;

          ! SES with school climate vars
      ESCS with FLSCHOOL FLFAMILY;
          ! SES with demographic vars
      ESCS with IMMI1GEN IMMI2GEN;

  MODEL INDIRECT:
  ! Indirect effects
      FLIT ind FLSCHOOL;
      FLIT ind FLFAMILY;
      FLIT ind NOBULLY;

      FLIT ind ESCS;
      FLIT ind IMMI2GEN;
      FLIT ind MALE;


  OUTPUT:
      stdyx                                   ! Fully standardised solution
      ;



INPUT READING TERMINATED NORMALLY




One-level 268

SUMMARY OF ANALYSIS

Number of groups                                                 1
Average number of observations                                4320

Number of replications
    Requested                                                   10
    Completed                                                   10

Number of dependent variables                                    3
Number of independent variables                                  7
Number of continuous latent variables                            0

Observed dependent variables

  Continuous
   FLIT        FCFMLRTY    FLCONFIN

Observed independent variables
   FLSCHOOL    NOBULLY     FLFAMILY    MALE        IMMI1GEN    IMMI2GEN
   ESCS

Variables with special functions

  Weight variable       W_STU

Estimator                                                      MLR
Information matrix                                        OBSERVED
Maximum number of iterations                                  1000
Convergence criterion                                    0.500D-04
Maximum number of steepest descent iterations                   20

Input data file(s)
  Multiple data files from
    ~/implist.dat

Input data format  FREE


SAMPLE STATISTICS

NOTE:  These are average results over 10 data sets.


     SAMPLE STATISTICS


           Means
              FLIT          FCFMLRTY      FLCONFIN      FLSCHOOL      NOBULLY
              ________      ________      ________      ________      ________
              403.039         5.815        -0.075        -0.164         0.153


           Means
              FLFAMILY      IMMI1GEN      IMMI2GEN      ESCS          MALE
              ________      ________      ________      ________      ________
                0.026         0.009         0.006        -0.408         0.523


           Covariances
              FLIT          FCFMLRTY      FLCONFIN      FLSCHOOL      NOBULLY
              ________      ________      ________      ________      ________
 FLIT        8579.316
 FCFMLRTY     120.888        28.393
 FLCONFIN       9.319         0.599         1.142
 FLSCHOOL     -10.501         0.937         0.071         0.994
 NOBULLY       14.733         0.398        -0.005        -0.071         1.043
 FLFAMILY       5.171         0.792         0.128         0.199        -0.006
 IMMI1GEN      -0.670        -0.005        -0.001         0.000        -0.005
 IMMI2GEN      -0.450        -0.010         0.000         0.000        -0.001
 ESCS          27.347         0.694         0.050         0.019         0.032
 MALE          -2.973        -0.079         0.016         0.054        -0.057


           Covariances
              FLFAMILY      IMMI1GEN      IMMI2GEN      ESCS          MALE
              ________      ________      ________      ________      ________
 FLFAMILY       1.336
 IMMI1GEN       0.001         0.009
 IMMI2GEN      -0.001         0.000         0.006
 ESCS           0.051        -0.002        -0.001         0.874
 MALE          -0.011         0.001         0.001         0.011         0.249


           Correlations
              FLIT          FCFMLRTY      FLCONFIN      FLSCHOOL      NOBULLY
              ________      ________      ________      ________      ________
 FLIT           1.000
 FCFMLRTY       0.245         1.000
 FLCONFIN       0.094         0.105         1.000
 FLSCHOOL      -0.114         0.176         0.067         1.000
 NOBULLY        0.156         0.073        -0.005        -0.070         1.000
 FLFAMILY       0.048         0.129         0.104         0.173        -0.005
 IMMI1GEN      -0.078        -0.011        -0.007         0.002        -0.057
 IMMI2GEN      -0.063        -0.025         0.000         0.001        -0.009
 ESCS           0.316         0.139         0.050         0.020         0.033
 MALE          -0.064        -0.030         0.029         0.109        -0.112


           Correlations
              FLFAMILY      IMMI1GEN      IMMI2GEN      ESCS          MALE
              ________      ________      ________      ________      ________
 FLFAMILY       1.000
 IMMI1GEN       0.008         1.000
 IMMI2GEN      -0.010        -0.001         1.000
 ESCS           0.047        -0.022        -0.010         1.000
 MALE          -0.019         0.028         0.025         0.024         1.000


MODEL FIT INFORMATION

Number of Free Parameters                       53

Loglikelihood

    H0 Value

        Mean                            -60575.947
        Std Dev                             96.530
        Number of successful computations       10

             Proportions                   Percentiles
        Expected    Observed         Expected       Observed
           0.990       1.000       -60800.504     -60706.247
           0.980       1.000       -60774.190     -60706.247
           0.950       1.000       -60734.729     -60706.247
           0.900       0.900       -60699.659     -60706.247
           0.800       0.900       -60657.186     -60706.247
           0.700       0.700       -60626.567     -60629.468
           0.500       0.400       -60575.947     -60621.490
           0.300       0.200       -60525.326     -60542.227
           0.200       0.100       -60494.707     -60529.968
           0.100       0.100       -60452.234     -60514.720
           0.050       0.100       -60417.164     -60514.720
           0.020       0.100       -60377.703     -60514.720
           0.010       0.100       -60351.389     -60514.720

    H1 Value

        Mean                            -60506.422
        Std Dev                             98.585
        Number of successful computations       10

             Proportions                   Percentiles
        Expected    Observed         Expected       Observed
           0.990       1.000       -60735.760     -60642.259
           0.980       1.000       -60708.886     -60642.259
           0.950       1.000       -60668.584     -60642.259
           0.900       0.900       -60632.768     -60642.259
           0.800       0.900       -60589.391     -60642.259
           0.700       0.700       -60558.120     -60570.294
           0.500       0.400       -60506.422     -60548.683
           0.300       0.200       -60454.724     -60469.624
           0.200       0.100       -60423.453     -60456.167
           0.100       0.100       -60380.075     -60437.514
           0.050       0.100       -60344.259     -60437.514
           0.020       0.100       -60303.958     -60437.514
           0.010       0.100       -60277.083     -60437.514

Information Criteria

    Akaike (AIC)

        Mean                            121257.893
        Std Dev                            193.060
        Number of successful computations       10

             Proportions                   Percentiles
        Expected    Observed         Expected       Observed
           0.990       0.900       120808.778     120782.825
           0.980       0.900       120861.406     120782.825
           0.950       0.900       120940.329     120782.825
           0.900       0.900       121010.468     120782.825
           0.800       0.900       121095.414     120782.825
           0.700       0.800       121156.653     121165.936
           0.500       0.600       121257.893     121329.182
           0.300       0.300       121359.134     121354.881
           0.200       0.100       121420.373     121364.936
           0.100       0.100       121505.319     121387.805
           0.050       0.000       121575.458     121387.805
           0.020       0.000       121654.381     121387.805
           0.010       0.000       121707.009     121387.805

    Bayesian (BIC)

        Mean                            121595.557
        Std Dev                            193.060
        Number of successful computations       10

             Proportions                   Percentiles
        Expected    Observed         Expected       Observed
           0.990       0.900       121146.441     121120.489
           0.980       0.900       121199.070     121120.489
           0.950       0.900       121277.992     121120.489
           0.900       0.900       121348.131     121120.489
           0.800       0.900       121433.078     121120.489
           0.700       0.800       121494.316     121503.600
           0.500       0.600       121595.557     121666.845
           0.300       0.300       121696.798     121692.545
           0.200       0.100       121758.036     121702.599
           0.100       0.100       121842.983     121725.469
           0.050       0.000       121913.121     121725.469
           0.020       0.000       121992.044     121725.469
           0.010       0.000       122044.672     121725.469

    Sample-Size Adjusted BIC (n* = (n + 2) / 24)

        Mean                            121427.145
        Std Dev                            193.060
        Number of successful computations       10

             Proportions                   Percentiles
        Expected    Observed         Expected       Observed
           0.990       0.900       120978.029     120952.077
           0.980       0.900       121030.657     120952.077
           0.950       0.900       121109.580     120952.077
           0.900       0.900       121179.719     120952.077
           0.800       0.900       121264.665     120952.077
           0.700       0.800       121325.904     121335.187
           0.500       0.600       121427.145     121498.433
           0.300       0.300       121528.385     121524.132
           0.200       0.100       121589.624     121534.187
           0.100       0.100       121674.570     121557.056
           0.050       0.000       121744.709     121557.056
           0.020       0.000       121823.632     121557.056
           0.010       0.000       121876.260     121557.056

Chi-Square Test of Model Fit

        Degrees of freedom                      10

        Mean                               122.448
        Std Dev                              8.836
        Number of successful computations       10

             Proportions                   Percentiles
        Expected    Observed         Expected       Observed
           0.990       1.000            2.558        104.708
           0.980       1.000            3.059        104.708
           0.950       1.000            3.940        104.708
           0.900       1.000            4.865        104.708
           0.800       1.000            6.179        104.708
           0.700       1.000            7.267        115.915
           0.500       1.000            9.342        125.268
           0.300       1.000           11.781        127.321
           0.200       1.000           13.442        129.135
           0.100       1.000           15.987        129.650
           0.050       1.000           18.307        129.650
           0.020       1.000           21.161        129.650
           0.010       1.000           23.209        129.650

RMSEA (Root Mean Square Error Of Approximation)

        Mean                                 0.051
        Std Dev                              0.002
        Number of successful computations       10

        Cumulative Distribution Function
           Value    Function Value
           0.990       1.000
           0.980       1.000
           0.950       1.000
           0.900       1.000
           0.800       1.000
           0.700       1.000
           0.500       1.000
           0.300       1.000
           0.200       1.000
           0.100       1.000
           0.050       0.300
           0.020       0.000
           0.010       0.000

CFI/TLI

    CFI

        Mean                                 0.898
        Std Dev                              0.010
        Number of successful computations       10

        Cumulative Distribution Function
           Value    Function Value
           0.990       1.000
           0.980       1.000
           0.950       1.000
           0.900       0.600
           0.800       0.000
           0.700       0.000
           0.500       0.000
           0.300       0.000
           0.200       0.000
           0.100       0.000
           0.050       0.000
           0.020       0.000
           0.010       0.000

    TLI

        Mean                                 0.755
        Std Dev                              0.024
        Number of successful computations       10

        Cumulative Distribution Function
           Value    Function Value
           0.990       1.000
           0.980       1.000
           0.950       1.000
           0.900       1.000
           0.800       1.000
           0.700       0.000
           0.500       0.000
           0.300       0.000
           0.200       0.000
           0.100       0.000
           0.050       0.000
           0.020       0.000
           0.010       0.000

SRMR (Standardized Root Mean Square Residual)

        Mean                                 0.023
        Std Dev                              0.001
        Number of successful computations       10

        Cumulative Distribution Function
           Value    Function Value
           0.990       1.000
           0.980       1.000
           0.950       1.000
           0.900       1.000
           0.800       1.000
           0.700       1.000
           0.500       1.000
           0.300       1.000
           0.200       1.000
           0.100       1.000
           0.050       1.000
           0.020       0.000
           0.010       0.000


MODEL RESULTS

                                                    Two-Tailed   Rate of
                    Estimate       S.E.  Est./S.E.    P-Value    Missing

 FCFMLRTY ON
    FLSCHOOL           0.895      0.100      8.921      0.000      0.221
    FLFAMILY           0.429      0.085      5.056      0.000      0.220
    NOBULLY            0.399      0.093      4.300      0.000      0.142
    ESCS               0.739      0.094      7.834      0.000      0.094
    IMMI2GEN          -1.488      1.459     -1.020      0.308      0.609
    MALE              -0.427      0.180     -2.373      0.018      0.159

 FLCONFIN ON
    FLSCHOOL           0.050      0.022      2.255      0.024      0.289
    FLFAMILY           0.087      0.018      4.788      0.000      0.186
    NOBULLY            0.000      0.020      0.024      0.981      0.299
    ESCS               0.051      0.022      2.355      0.019      0.224
    IMMI2GEN           0.014      0.288      0.050      0.960      0.503
    MALE               0.054      0.039      1.375      0.169      0.218

 FLIT     ON
    FCFMLRTY           3.721      0.308     12.087      0.000      0.256
    FLCONFIN           5.631      1.694      3.324      0.001      0.491
    FLSCHOOL         -14.694      1.487     -9.883      0.000      0.168
    FLFAMILY           2.348      1.326      1.771      0.077      0.269
    NOBULLY           10.583      1.630      6.492      0.000      0.333
    ESCS              27.685      1.736     15.947      0.000      0.256
    IMMI1GEN         -61.746     20.690     -2.984      0.003      0.373

 FLSCHOOL WITH
    FLFAMILY           0.199      0.021      9.272      0.000      0.123
    NOBULLY           -0.071      0.019     -3.764      0.000      0.237
    ESCS               0.019      0.016      1.193      0.233      0.088

 FLFAMILY WITH
    NOBULLY           -0.006      0.020     -0.295      0.768      0.133
    ESCS               0.051      0.019      2.655      0.008      0.149

 FCFMLRTY WITH
    FLCONFIN           0.451      0.097      4.658      0.000      0.105

 ESCS     WITH
    IMMI1GEN          -0.002      0.002     -1.029      0.303      0.157
    IMMI2GEN          -0.001      0.002     -0.423      0.673      0.483
    NOBULLY            0.032      0.016      1.931      0.053      0.096

 IMMI1GEN WITH
    FLSCHOOL           0.000      0.002      0.110      0.912      0.237
    NOBULLY           -0.005      0.003     -2.168      0.030      0.299
    FLFAMILY           0.001      0.002      0.448      0.654      0.288

 IMMI2GEN WITH
    FLSCHOOL           0.000      0.001      0.062      0.951      0.311
    NOBULLY           -0.001      0.002     -0.442      0.658      0.556
    FLFAMILY          -0.001      0.002     -0.538      0.590      0.530
    IMMI1GEN           0.000      0.000     -0.032      0.975      0.478

 Means
    FLSCHOOL          -0.164      0.018     -9.313      0.000      0.192
    NOBULLY            0.153      0.019      8.192      0.000      0.261
    FLFAMILY           0.026      0.020      1.311      0.190      0.120
    IMMI1GEN           0.009      0.002      5.505      0.000      0.122
    IMMI2GEN           0.006      0.001      4.080      0.000      0.333
    ESCS              -0.408      0.015    -26.586      0.000      0.021

 Intercepts
    FLIT             389.579      2.524    154.376      0.000      0.248
    FCFMLRTY           6.422      0.132     48.587      0.000      0.113
    FLCONFIN          -0.076      0.030     -2.556      0.011      0.205

 Variances
    FLSCHOOL           0.994      0.021     46.400      0.000      0.045
    NOBULLY            1.043      0.034     31.112      0.000      0.149
    FLFAMILY           1.336      0.031     43.634      0.000      0.180
    IMMI1GEN           0.009      0.001      6.178      0.000      0.017
    IMMI2GEN           0.006      0.001      5.940      0.000      0.083
    ESCS               0.874      0.019     47.159      0.000      0.026

 Residual Variances
    FLIT            6951.472    229.587     30.278      0.000      0.578
    FCFMLRTY          26.484      0.567     46.731      0.000      0.156
    FLCONFIN           1.124      0.028     39.567      0.000      0.136


STANDARDIZED MODEL RESULTS


STDYX Standardization

                                                    Two-Tailed   Rate of
                    Estimate       S.E.  Est./S.E.    P-Value    Missing

 FCFMLRTY ON
    FLSCHOOL           0.167      0.019      8.956      0.000      0.242
    FLFAMILY           0.093      0.018      5.051      0.000      0.221
    NOBULLY            0.077      0.018      4.292      0.000      0.151
    ESCS               0.130      0.016      7.870      0.000      0.094
    IMMI2GEN          -0.021      0.021     -1.022      0.307      0.606
    MALE              -0.040      0.017     -2.365      0.018      0.160

 FLCONFIN ON
    FLSCHOOL           0.047      0.021      2.257      0.024      0.288
    FLFAMILY           0.094      0.020      4.783      0.000      0.194
    NOBULLY            0.000      0.019      0.024      0.981      0.299
    ESCS               0.045      0.019      2.354      0.019      0.226
    IMMI2GEN           0.001      0.021      0.053      0.957      0.501
    MALE               0.025      0.018      1.375      0.169      0.218

 FLIT     ON
    FCFMLRTY           0.214      0.017     12.803      0.000      0.243
    FLCONFIN           0.065      0.020      3.289      0.001      0.507
    FLSCHOOL          -0.158      0.016     -9.788      0.000      0.207
    FLFAMILY           0.029      0.017      1.771      0.077      0.271
    NOBULLY            0.117      0.018      6.365      0.000      0.367
    ESCS               0.279      0.016     17.373      0.000      0.192
    IMMI1GEN          -0.062      0.021     -2.904      0.004      0.352

 FLSCHOOL WITH
    FLFAMILY           0.173      0.018      9.539      0.000      0.140
    NOBULLY           -0.070      0.019     -3.775      0.000      0.245
    ESCS               0.020      0.017      1.194      0.232      0.089

 FLFAMILY WITH
    NOBULLY           -0.005      0.017     -0.295      0.768      0.134
    ESCS               0.047      0.018      2.659      0.008      0.153

 FCFMLRTY WITH
    FLCONFIN           0.083      0.018      4.657      0.000      0.117

 ESCS     WITH
    IMMI1GEN          -0.022      0.021     -1.043      0.297      0.161
    IMMI2GEN          -0.009      0.023     -0.418      0.676      0.474
    NOBULLY            0.033      0.017      1.932      0.053      0.098

 IMMI1GEN WITH
    FLSCHOOL           0.002      0.020      0.111      0.912      0.237
    NOBULLY           -0.057      0.024     -2.332      0.020      0.329
    FLFAMILY           0.008      0.017      0.449      0.654      0.291

 IMMI2GEN WITH
    FLSCHOOL           0.001      0.016      0.060      0.952      0.308
    NOBULLY           -0.009      0.021     -0.452      0.651      0.562
    FLFAMILY          -0.010      0.019     -0.543      0.587      0.527
    IMMI1GEN           0.000      0.024     -0.020      0.984      0.462

 Means
    FLSCHOOL          -0.164      0.018     -9.087      0.000      0.190
    NOBULLY            0.150      0.020      7.523      0.000      0.241
    FLFAMILY           0.022      0.017      1.313      0.189      0.118
    IMMI1GEN           0.097      0.011      8.533      0.000      0.262
    IMMI2GEN           0.077      0.016      4.907      0.000      0.511
    ESCS              -0.436      0.017    -26.158      0.000      0.028

 Intercepts
    FLIT               4.208      0.070     60.350      0.000      0.470
    FCFMLRTY           1.205      0.025     48.391      0.000      0.140
    FLCONFIN          -0.071      0.028     -2.558      0.011      0.207

 Variances
    FLSCHOOL           1.000      0.000  *********      0.000      0.000
    NOBULLY            1.000      0.000  *********      0.000      0.000
    FLFAMILY           1.000      0.000  *********      0.000      0.000
    IMMI1GEN           1.000      0.000  *********      0.000      0.000
    IMMI2GEN           1.000      0.000  *********      0.000      0.000
    ESCS               1.000      0.000  *********      0.000      0.000

 Residual Variances
    FLIT               0.811      0.013     63.123      0.000      0.244
    FCFMLRTY           0.932      0.009    105.958      0.000      0.081
    FLCONFIN           0.984      0.005    202.563      0.000      0.137


R-SQUARE

    Observed                                        Two-Tailed   Rate of
    Variable        Estimate       S.E.  Est./S.E.    P-Value    Missing

    FLIT               0.189      0.013     14.747      0.000      0.244
    FCFMLRTY           0.068      0.009      7.735      0.000      0.081
    FLCONFIN           0.016      0.005      3.333      0.001      0.138


QUALITY OF NUMERICAL RESULTS

     Average Condition Number for the Information Matrix      0.113E-07
       (ratio of smallest to largest eigenvalue)


TOTAL, TOTAL INDIRECT, SPECIFIC INDIRECT, AND DIRECT EFFECTS


                                                    Two-Tailed   Rate of
                    Estimate       S.E.  Est./S.E.    P-Value    Missing

Effects from FLSCHOOL to FLIT

  Total              -11.088      1.552     -7.145      0.000      0.230
  Total indirect       3.607      0.494      7.301      0.000      0.218

  Specific indirect 1
    FLIT
    FCFMLRTY
    FLSCHOOL           3.329      0.468      7.106      0.000      0.213

  Specific indirect 2
    FLIT
    FLCONFIN
    FLSCHOOL           0.278      0.145      1.912      0.056      0.244

  Direct
    FLIT
    FLSCHOOL         -14.694      1.487     -9.883      0.000      0.168


Effects from FLFAMILY to FLIT

  Total                4.434      1.314      3.374      0.001      0.242
  Total indirect       2.086      0.385      5.413      0.000      0.220

  Specific indirect 1
    FLIT
    FCFMLRTY
    FLFAMILY           1.595      0.343      4.655      0.000      0.235

  Specific indirect 2
    FLIT
    FLCONFIN
    FLFAMILY           0.491      0.178      2.750      0.006      0.387

  Direct
    FLIT
    FLFAMILY           2.348      1.326      1.771      0.077      0.269


Effects from NOBULLY to FLIT

  Total               12.070      1.667      7.240      0.000      0.353
  Total indirect       1.487      0.382      3.893      0.000      0.133

  Specific indirect 1
    FLIT
    FCFMLRTY
    NOBULLY            1.485      0.359      4.140      0.000      0.114

  Specific indirect 2
    FLIT
    FLCONFIN
    NOBULLY            0.003      0.113      0.024      0.981      0.288

  Direct
    FLIT
    NOBULLY           10.583      1.630      6.492      0.000      0.333


Effects from ESCS to FLIT

  Total               30.724      1.775     17.308      0.000      0.267
  Total indirect       3.039      0.437      6.956      0.000      0.137

  Specific indirect 1
    FLIT
    FCFMLRTY
    ESCS               2.753      0.416      6.624      0.000      0.165

  Specific indirect 2
    FLIT
    FLCONFIN
    ESCS               0.286      0.149      1.920      0.055      0.305

  Direct
    FLIT
    ESCS              27.685      1.736     15.947      0.000      0.256


Effects from IMMI2GEN to FLIT

  Total               -5.554      6.256     -0.888      0.375      0.627
  Total indirect      -5.554      6.256     -0.888      0.375      0.627

  Specific indirect 1
    FLIT
    FCFMLRTY
    IMMI2GEN          -5.627      5.598     -1.005      0.315      0.624

  Specific indirect 2
    FLIT
    FLCONFIN
    IMMI2GEN           0.073      1.558      0.047      0.963      0.430


Effects from MALE to FLIT

  Total               -1.299      0.754     -1.722      0.085      0.197
  Total indirect      -1.299      0.754     -1.722      0.085      0.197

  Specific indirect 1
    FLIT
    FCFMLRTY
    MALE              -1.592      0.707     -2.252      0.024      0.202

  Specific indirect 2
    FLIT
    FLCONFIN
    MALE               0.294      0.227      1.291      0.197      0.205



STANDARDIZED TOTAL, TOTAL INDIRECT, SPECIFIC INDIRECT, AND DIRECT EFFECTS


STDYX Standardization

                                                    Two-Tailed   Rate of
                    Estimate       S.E.  Est./S.E.    P-Value    Missing

Effects from FLSCHOOL to FLIT

  Total               -0.119      0.017     -7.070      0.000      0.257
  Total indirect       0.039      0.005      7.404      0.000      0.218

  Specific indirect 1
    FLIT
    FCFMLRTY
    FLSCHOOL           0.036      0.005      7.204      0.000      0.210

  Specific indirect 2
    FLIT
    FLCONFIN
    FLSCHOOL           0.003      0.002      1.912      0.056      0.246

  Direct
    FLIT
    FLSCHOOL          -0.158      0.016     -9.788      0.000      0.207


Effects from FLFAMILY to FLIT

  Total                0.055      0.016      3.362      0.001      0.251
  Total indirect       0.026      0.005      5.392      0.000      0.234

  Specific indirect 1
    FLIT
    FCFMLRTY
    FLFAMILY           0.020      0.004      4.659      0.000      0.240

  Specific indirect 2
    FLIT
    FLCONFIN
    FLFAMILY           0.006      0.002      2.736      0.006      0.396

  Direct
    FLIT
    FLFAMILY           0.029      0.017      1.771      0.077      0.271


Effects from NOBULLY to FLIT

  Total                0.133      0.019      7.080      0.000      0.397
  Total indirect       0.016      0.004      3.887      0.000      0.152

  Specific indirect 1
    FLIT
    FCFMLRTY
    NOBULLY            0.016      0.004      4.132      0.000      0.133

  Specific indirect 2
    FLIT
    FLCONFIN
    NOBULLY            0.000      0.001      0.024      0.981      0.290

  Direct
    FLIT
    NOBULLY            0.117      0.018      6.365      0.000      0.367


Effects from ESCS to FLIT

  Total                0.310      0.016     19.072      0.000      0.206
  Total indirect       0.031      0.004      6.997      0.000      0.149

  Specific indirect 1
    FLIT
    FCFMLRTY
    ESCS               0.028      0.004      6.737      0.000      0.155

  Specific indirect 2
    FLIT
    FLCONFIN
    ESCS               0.003      0.002      1.906      0.057      0.318

  Direct
    FLIT
    ESCS               0.279      0.016     17.373      0.000      0.192


Effects from IMMI2GEN to FLIT

  Total               -0.005      0.005     -0.895      0.371      0.620
  Total indirect      -0.005      0.005     -0.895      0.371      0.620

  Specific indirect 1
    FLIT
    FCFMLRTY
    IMMI2GEN          -0.005      0.005     -1.012      0.311      0.615

  Specific indirect 2
    FLIT
    FLCONFIN
    IMMI2GEN           0.000      0.001      0.053      0.958      0.421


Effects from MALE to FLIT

  Total               -0.007      0.004     -1.731      0.084      0.187
  Total indirect      -0.007      0.004     -1.731      0.084      0.187

  Specific indirect 1
    FLIT
    FCFMLRTY
    MALE              -0.009      0.004     -2.265      0.024      0.194

  Specific indirect 2
    FLIT
    FLCONFIN
    MALE               0.002      0.001      1.286      0.199      0.212




TECHNICAL 1 OUTPUT


     PARAMETER SPECIFICATION


           NU
              FLIT          FCFMLRTY      FLCONFIN      FLSCHOOL      NOBULLY
              ________      ________      ________      ________      ________
                  0             0             0             0             0


           NU
              FLFAMILY      IMMI1GEN      IMMI2GEN      ESCS          MALE
              ________      ________      ________      ________      ________
                  0             0             0             0             0


           LAMBDA
              FLIT          FCFMLRTY      FLCONFIN      FLSCHOOL      NOBULLY
              ________      ________      ________      ________      ________
 FLIT               0             0             0             0             0
 FCFMLRTY           0             0             0             0             0
 FLCONFIN           0             0             0             0             0
 FLSCHOOL           0             0             0             0             0
 NOBULLY            0             0             0             0             0
 FLFAMILY           0             0             0             0             0
 IMMI1GEN           0             0             0             0             0
 IMMI2GEN           0             0             0             0             0
 ESCS               0             0             0             0             0
 MALE               0             0             0             0             0


           LAMBDA
              FLFAMILY      IMMI1GEN      IMMI2GEN      ESCS          MALE
              ________      ________      ________      ________      ________
 FLIT               0             0             0             0             0
 FCFMLRTY           0             0             0             0             0
 FLCONFIN           0             0             0             0             0
 FLSCHOOL           0             0             0             0             0
 NOBULLY            0             0             0             0             0
 FLFAMILY           0             0             0             0             0
 IMMI1GEN           0             0             0             0             0
 IMMI2GEN           0             0             0             0             0
 ESCS               0             0             0             0             0
 MALE               0             0             0             0             0


           THETA
              FLIT          FCFMLRTY      FLCONFIN      FLSCHOOL      NOBULLY
              ________      ________      ________      ________      ________
 FLIT               0
 FCFMLRTY           0             0
 FLCONFIN           0             0             0
 FLSCHOOL           0             0             0             0
 NOBULLY            0             0             0             0             0
 FLFAMILY           0             0             0             0             0
 IMMI1GEN           0             0             0             0             0
 IMMI2GEN           0             0             0             0             0
 ESCS               0             0             0             0             0
 MALE               0             0             0             0             0


           THETA
              FLFAMILY      IMMI1GEN      IMMI2GEN      ESCS          MALE
              ________      ________      ________      ________      ________
 FLFAMILY           0
 IMMI1GEN           0             0
 IMMI2GEN           0             0             0
 ESCS               0             0             0             0
 MALE               0             0             0             0             0


           ALPHA
              FLIT          FCFMLRTY      FLCONFIN      FLSCHOOL      NOBULLY
              ________      ________      ________      ________      ________
                  1             2             3             4             5


           ALPHA
              FLFAMILY      IMMI1GEN      IMMI2GEN      ESCS          MALE
              ________      ________      ________      ________      ________
                  6             7             8             9             0


           BETA
              FLIT          FCFMLRTY      FLCONFIN      FLSCHOOL      NOBULLY
              ________      ________      ________      ________      ________
 FLIT               0            10            11            12            13
 FCFMLRTY           0             0             0            17            18
 FLCONFIN           0             0             0            23            24
 FLSCHOOL           0             0             0             0             0
 NOBULLY            0             0             0             0             0
 FLFAMILY           0             0             0             0             0
 IMMI1GEN           0             0             0             0             0
 IMMI2GEN           0             0             0             0             0
 ESCS               0             0             0             0             0
 MALE               0             0             0             0             0


           BETA
              FLFAMILY      IMMI1GEN      IMMI2GEN      ESCS          MALE
              ________      ________      ________      ________      ________
 FLIT              14            15             0            16             0
 FCFMLRTY          19             0            20            21            22
 FLCONFIN          25             0            26            27            28
 FLSCHOOL           0             0             0             0             0
 NOBULLY            0             0             0             0             0
 FLFAMILY           0             0             0             0             0
 IMMI1GEN           0             0             0             0             0
 IMMI2GEN           0             0             0             0             0
 ESCS               0             0             0             0             0
 MALE               0             0             0             0             0


           PSI
              FLIT          FCFMLRTY      FLCONFIN      FLSCHOOL      NOBULLY
              ________      ________      ________      ________      ________
 FLIT              29
 FCFMLRTY           0            30
 FLCONFIN           0            31            32
 FLSCHOOL           0             0             0            33
 NOBULLY            0             0             0            34            35
 FLFAMILY           0             0             0            36            37
 IMMI1GEN           0             0             0            39            40
 IMMI2GEN           0             0             0            43            44
 ESCS               0             0             0            48            49
 MALE               0             0             0             0             0


           PSI
              FLFAMILY      IMMI1GEN      IMMI2GEN      ESCS          MALE
              ________      ________      ________      ________      ________
 FLFAMILY          38
 IMMI1GEN          41            42
 IMMI2GEN          45            46            47
 ESCS              50            51            52            53
 MALE               0             0             0             0             0


     STARTING VALUES


           NU
              FLIT          FCFMLRTY      FLCONFIN      FLSCHOOL      NOBULLY
              ________      ________      ________      ________      ________
                0.000         0.000         0.000         0.000         0.000


           NU
              FLFAMILY      IMMI1GEN      IMMI2GEN      ESCS          MALE
              ________      ________      ________      ________      ________
                0.000         0.000         0.000         0.000         0.000


           LAMBDA
              FLIT          FCFMLRTY      FLCONFIN      FLSCHOOL      NOBULLY
              ________      ________      ________      ________      ________
 FLIT           1.000         0.000         0.000         0.000         0.000
 FCFMLRTY       0.000         1.000         0.000         0.000         0.000
 FLCONFIN       0.000         0.000         1.000         0.000         0.000
 FLSCHOOL       0.000         0.000         0.000         1.000         0.000
 NOBULLY        0.000         0.000         0.000         0.000         1.000
 FLFAMILY       0.000         0.000         0.000         0.000         0.000
 IMMI1GEN       0.000         0.000         0.000         0.000         0.000
 IMMI2GEN       0.000         0.000         0.000         0.000         0.000
 ESCS           0.000         0.000         0.000         0.000         0.000
 MALE           0.000         0.000         0.000         0.000         0.000


           LAMBDA
              FLFAMILY      IMMI1GEN      IMMI2GEN      ESCS          MALE
              ________      ________      ________      ________      ________
 FLIT           0.000         0.000         0.000         0.000         0.000
 FCFMLRTY       0.000         0.000         0.000         0.000         0.000
 FLCONFIN       0.000         0.000         0.000         0.000         0.000
 FLSCHOOL       0.000         0.000         0.000         0.000         0.000
 NOBULLY        0.000         0.000         0.000         0.000         0.000
 FLFAMILY       1.000         0.000         0.000         0.000         0.000
 IMMI1GEN       0.000         1.000         0.000         0.000         0.000
 IMMI2GEN       0.000         0.000         1.000         0.000         0.000
 ESCS           0.000         0.000         0.000         1.000         0.000
 MALE           0.000         0.000         0.000         0.000         1.000


           THETA
              FLIT          FCFMLRTY      FLCONFIN      FLSCHOOL      NOBULLY
              ________      ________      ________      ________      ________
 FLIT           0.000
 FCFMLRTY       0.000         0.000
 FLCONFIN       0.000         0.000         0.000
 FLSCHOOL       0.000         0.000         0.000         0.000
 NOBULLY        0.000         0.000         0.000         0.000         0.000
 FLFAMILY       0.000         0.000         0.000         0.000         0.000
 IMMI1GEN       0.000         0.000         0.000         0.000         0.000
 IMMI2GEN       0.000         0.000         0.000         0.000         0.000
 ESCS           0.000         0.000         0.000         0.000         0.000
 MALE           0.000         0.000         0.000         0.000         0.000


           THETA
              FLFAMILY      IMMI1GEN      IMMI2GEN      ESCS          MALE
              ________      ________      ________      ________      ________
 FLFAMILY       0.000
 IMMI1GEN       0.000         0.000
 IMMI2GEN       0.000         0.000         0.000
 ESCS           0.000         0.000         0.000         0.000
 MALE           0.000         0.000         0.000         0.000         0.000


           ALPHA
              FLIT          FCFMLRTY      FLCONFIN      FLSCHOOL      NOBULLY
              ________      ________      ________      ________      ________
              403.220         5.819        -0.069        -0.158         0.141


           ALPHA
              FLFAMILY      IMMI1GEN      IMMI2GEN      ESCS          MALE
              ________      ________      ________      ________      ________
                0.021         0.009         0.007        -0.406         0.523


           BETA
              FLIT          FCFMLRTY      FLCONFIN      FLSCHOOL      NOBULLY
              ________      ________      ________      ________      ________
 FLIT           0.000         0.000         0.000         0.000         0.000
 FCFMLRTY       0.000         0.000         0.000         0.000         0.000
 FLCONFIN       0.000         0.000         0.000         0.000         0.000
 FLSCHOOL       0.000         0.000         0.000         0.000         0.000
 NOBULLY        0.000         0.000         0.000         0.000         0.000
 FLFAMILY       0.000         0.000         0.000         0.000         0.000
 IMMI1GEN       0.000         0.000         0.000         0.000         0.000
 IMMI2GEN       0.000         0.000         0.000         0.000         0.000
 ESCS           0.000         0.000         0.000         0.000         0.000
 MALE           0.000         0.000         0.000         0.000         0.000


           BETA
              FLFAMILY      IMMI1GEN      IMMI2GEN      ESCS          MALE
              ________      ________      ________      ________      ________
 FLIT           0.000         0.000         0.000         0.000         0.000
 FCFMLRTY       0.000         0.000         0.000         0.000         0.000
 FLCONFIN       0.000         0.000         0.000         0.000         0.000
 FLSCHOOL       0.000         0.000         0.000         0.000         0.000
 NOBULLY        0.000         0.000         0.000         0.000         0.000
 FLFAMILY       0.000         0.000         0.000         0.000         0.000
 IMMI1GEN       0.000         0.000         0.000         0.000         0.000
 IMMI2GEN       0.000         0.000         0.000         0.000         0.000
 ESCS           0.000         0.000         0.000         0.000         0.000
 MALE           0.000         0.000         0.000         0.000         0.000


           PSI
              FLIT          FCFMLRTY      FLCONFIN      FLSCHOOL      NOBULLY
              ________      ________      ________      ________      ________
 FLIT        4304.463
 FCFMLRTY       0.000        14.113
 FLCONFIN       0.000         0.000         0.580
 FLSCHOOL       0.000         0.000         0.000         0.496
 NOBULLY        0.000         0.000         0.000         0.000         0.521
 FLFAMILY       0.000         0.000         0.000         0.000         0.000
 IMMI1GEN       0.000         0.000         0.000         0.000         0.000
 IMMI2GEN       0.000         0.000         0.000         0.000         0.000
 ESCS           0.000         0.000         0.000         0.000         0.000
 MALE           0.000         0.000         0.000         0.000         0.000


           PSI
              FLFAMILY      IMMI1GEN      IMMI2GEN      ESCS          MALE
              ________      ________      ________      ________      ________
 FLFAMILY       0.665
 IMMI1GEN       0.000         0.004
 IMMI2GEN       0.000         0.000         0.003
 ESCS           0.000         0.000         0.000         0.438
 MALE           0.000         0.000         0.000         0.000         0.249


     Beginning Time:  18:03:51
        Ending Time:  18:04:18
       Elapsed Time:  00:00:27



MUTHEN & MUTHEN
3463 Stoner Ave.
Los Angeles, CA  90066

Tel: (310) 391-9971
Fax: (310) 391-8971
Web: www.StatModel.com
Support: Support@StatModel.com

Copyright (c) 1998-2020 Muthen & Muthen
