Mplus VERSION 8.3
MUTHEN & MUTHEN
03/04/2021   6:13 PM

INPUT INSTRUCTIONS


  TITLE:
      Null model 360

  DATA:
      file = "C:\Users\tctan\implist.dat";

      type = imputation;

  VARIABLE:
      names =
          FKI CNTRYID CNTSCHID W_STU
          MATH READ FLIT                      ! PISA achievement variables
          MALE IMMI1GEN IMMI2GEN ESCS         ! Demographic info
          FCFMLRTY FLCONFIN                   ! Affect
          FLSCHOOL                            !   Lat var "Academic"
          NOBULLY                             !   Lat var "Safety"
          FLFAMILY                            !   Lat var "Community"
          W_SCH STRATIO                       ! School character
          EDUSHORT                            !   Lat var "inst. env."
          ;

      useobs = CNTRYID eq 360;          ! Pull out one country at a time

      usevar =
          FLIT                                ! Financial literacy outcome
          ;

      weight = W_STU;                         ! Student weight
      wtscale = cluster;                      ! Scale L1 weight to cluster size
      bweight = W_SCH;                        ! School weight
      bwtscale = sample;                      ! Scale L2 weight to sample

      cluster = CNTSCHID;                     ! Cluster by school ID


  ANALYSIS:
      processors = 4;

      type = twolevel;


  MODEL:

  %Within%                                    ! === L1: Student-level ===
      FLIT;

  %Between%                                   ! === L2: School-level ===
      FLIT;


  OUTPUT:
      stdyx                                   ! Fully standardised solution
      mod(all)                                ! Mod indices (all)
      ;



*** WARNING in MODEL command
  Variable is uncorrelated with all other variables: FLIT
*** WARNING in MODEL command
  At least one variable is uncorrelated with all other variables in the model.
  Check that this is what is intended.
*** WARNING in OUTPUT command
  MODINDICES option is not available for multiple imputation.
  Request for MODINDICES is ignored.
   3 WARNING(S) FOUND IN THE INPUT INSTRUCTIONS




Null model 360

SUMMARY OF ANALYSIS

Number of groups                                                 1
Average number of observations                                7132

Number of replications
    Requested                                                   10
    Completed                                                   10

Number of dependent variables                                    1
Number of independent variables                                  0
Number of continuous latent variables                            0

Observed dependent variables

  Continuous
   FLIT

Variables with special functions

  Cluster variable      CNTSCHID
  Weight variable (cluster-size scaling)
    W_STU
  Between weight variable (sample-size scaling)
    W_SCH

Estimator                                                      MLR
Information matrix                                        OBSERVED
Maximum number of iterations                                   100
Convergence criterion                                    0.100D-05
Maximum number of EM iterations                                500
Convergence criteria for the EM algorithm
  Loglikelihood change                                   0.100D-02
  Relative loglikelihood change                          0.100D-05
  Derivative                                             0.100D-03
Minimum variance                                         0.100D-03
Maximum number of steepest descent iterations                   20
Maximum number of iterations for H1                           2000
Convergence criterion for H1                             0.100D-03
Optimization algorithm                                         EMA

Input data file(s)
  Multiple data files from
    C:\Users\tctan\implist.dat
Input data format  FREE


SUMMARY OF DATA FOR THE FIRST DATA SET

     Number of clusters                        395

     Average cluster size       18.056

     Estimated Intraclass Correlations for the Y Variables

                Intraclass
     Variable  Correlation

     FLIT         0.463



SAMPLE STATISTICS

NOTE:  The sample statistics for within and between refer to the
       maximum-likelihood estimated within and between covariance
       matrices, respectively.

NOTE:  These are average results over 10 data sets.


     ESTIMATED SAMPLE STATISTICS FOR WITHIN


           Means
              FLIT
              ________
                0.000


           Covariances
              FLIT
              ________
 FLIT        3648.082


           Correlations
              FLIT
              ________
 FLIT           1.000


     ESTIMATED SAMPLE STATISTICS FOR BETWEEN


           Means
              FLIT
              ________
              389.387


           Covariances
              FLIT
              ________
 FLIT        2955.141


           Correlations
              FLIT
              ________
 FLIT           1.000




MODEL FIT INFORMATION

Number of Free Parameters                        3

Loglikelihood

    H0 Value

        Mean                            -39876.156
        Std Dev                             75.987
        Number of successful computations       10

             Proportions                   Percentiles
        Expected    Observed         Expected       Observed
           0.990       1.000       -40052.925     -40003.549
           0.980       1.000       -40032.211     -40003.549
           0.950       0.900       -40001.147     -40003.549
           0.900       0.900       -39973.541     -40003.549
           0.800       0.700       -39940.107     -40003.549
           0.700       0.700       -39916.004     -39971.726
           0.500       0.700       -39876.156     -39864.359
           0.300       0.300       -39836.308     -39844.370
           0.200       0.200       -39812.205     -39827.905
           0.100       0.100       -39778.771     -39779.919
           0.050       0.000       -39751.165     -39779.919
           0.020       0.000       -39720.101     -39779.919
           0.010       0.000       -39699.387     -39779.919

    H1 Value

        Mean                            -39876.097
        Std Dev                             75.986
        Number of successful computations       10

             Proportions                   Percentiles
        Expected    Observed         Expected       Observed
           0.990       1.000       -40052.862     -40003.436
           0.980       1.000       -40032.149     -40003.436
           0.950       0.900       -40001.086     -40003.436
           0.900       0.900       -39973.480     -40003.436
           0.800       0.700       -39940.046     -40003.436
           0.700       0.700       -39915.944     -39971.725
           0.500       0.700       -39876.097     -39864.192
           0.300       0.300       -39836.250     -39844.365
           0.200       0.200       -39812.147     -39827.900
           0.100       0.100       -39778.714     -39779.906
           0.050       0.000       -39751.108     -39779.906
           0.020       0.000       -39720.045     -39779.906
           0.010       0.000       -39699.331     -39779.906

Information Criteria

    Akaike (AIC)

        Mean                             79758.312
        Std Dev                            151.974
        Number of successful computations       10

             Proportions                   Percentiles
        Expected    Observed         Expected       Observed
           0.990       1.000        79404.774      79563.300
           0.980       1.000        79446.202      79563.300
           0.950       1.000        79508.329      79563.300
           0.900       0.900        79563.541      79563.300
           0.800       0.800        79630.410      79563.300
           0.700       0.700        79678.616      79661.810
           0.500       0.300        79758.312      79712.468
           0.300       0.300        79838.007      79734.779
           0.200       0.300        79886.214      79949.452
           0.100       0.100        79953.082      79952.915
           0.050       0.100        80008.295      79952.915
           0.020       0.000        80070.422      79952.915
           0.010       0.000        80111.850      79952.915

    Bayesian (BIC)

        Mean                             79778.929
        Std Dev                            151.974
        Number of successful computations       10

             Proportions                   Percentiles
        Expected    Observed         Expected       Observed
           0.990       1.000        79425.391      79583.917
           0.980       1.000        79466.819      79583.917
           0.950       1.000        79528.946      79583.917
           0.900       0.900        79584.158      79583.917
           0.800       0.800        79651.027      79583.917
           0.700       0.700        79699.233      79682.427
           0.500       0.300        79778.929      79733.085
           0.300       0.300        79858.624      79755.396
           0.200       0.300        79906.831      79970.069
           0.100       0.100        79973.699      79973.532
           0.050       0.100        80028.912      79973.532
           0.020       0.000        80091.039      79973.532
           0.010       0.000        80132.467      79973.532

    Sample-Size Adjusted BIC (n* = (n + 2) / 24)

        Mean                             79769.396
        Std Dev                            151.974
        Number of successful computations       10

             Proportions                   Percentiles
        Expected    Observed         Expected       Observed
           0.990       1.000        79415.857      79574.384
           0.980       1.000        79457.286      79574.384
           0.950       1.000        79519.413      79574.384
           0.900       0.900        79574.625      79574.384
           0.800       0.800        79641.494      79574.384
           0.700       0.700        79689.700      79672.894
           0.500       0.300        79769.396      79723.552
           0.300       0.300        79849.091      79745.863
           0.200       0.300        79897.297      79960.536
           0.100       0.100        79964.166      79963.999
           0.050       0.100        80019.378      79963.999
           0.020       0.000        80081.505      79963.999
           0.010       0.000        80122.934      79963.999

Chi-Square Test of Model Fit

        Degrees of freedom                       0

        Mean                                 0.118
        Std Dev                              0.138
        Number of successful computations       10

             Proportions                   Percentiles
        Expected    Observed         Expected       Observed
           0.990       1.000            0.000          0.001
           0.980       1.000            0.000          0.001
           0.950       1.000            0.000          0.001
           0.900       1.000            0.000          0.001
           0.800       1.000            0.000          0.001
           0.700       1.000            0.000          0.010
           0.500       1.000            0.000          0.024
           0.300       1.000            0.000          0.176
           0.200       1.000            0.000          0.226
           0.100       1.000            0.000          0.334
           0.050       1.000            0.000          0.334
           0.020       1.000            0.000          0.334
           0.010       1.000            0.000          0.334

RMSEA (Root Mean Square Error Of Approximation)

        Mean                                 0.000
        Std Dev                              0.000
        Number of successful computations       10

             Proportions                   Percentiles
        Expected    Observed         Expected       Observed
           0.990       0.000            0.000          0.000
           0.980       0.000            0.000          0.000
           0.950       0.000            0.000          0.000
           0.900       0.000            0.000          0.000
           0.800       0.000            0.000          0.000
           0.700       0.000            0.000          0.000
           0.500       0.000            0.000          0.000
           0.300       0.000            0.000          0.000
           0.200       0.000            0.000          0.000
           0.100       0.000            0.000          0.000
           0.050       0.000            0.000          0.000
           0.020       0.000            0.000          0.000
           0.010       0.000            0.000          0.000

CFI/TLI

    CFI

        Mean                                 0.000
        Std Dev                              0.000
        Number of successful computations       10

             Proportions                   Percentiles
        Expected    Observed         Expected       Observed
           0.990       0.000            0.000          0.000
           0.980       0.000            0.000          0.000
           0.950       0.000            0.000          0.000
           0.900       0.000            0.000          0.000
           0.800       0.000            0.000          0.000
           0.700       0.000            0.000          0.000
           0.500       0.000            0.000          0.000
           0.300       0.000            0.000          0.000
           0.200       0.000            0.000          0.000
           0.100       0.000            0.000          0.000
           0.050       0.000            0.000          0.000
           0.020       0.000            0.000          0.000
           0.010       0.000            0.000          0.000

    TLI

        Mean                                 1.000
        Std Dev                              0.000
        Number of successful computations       10

             Proportions                   Percentiles
        Expected    Observed         Expected       Observed
           0.990       0.000            1.000          1.000
           0.980       0.000            1.000          1.000
           0.950       0.000            1.000          1.000
           0.900       0.000            1.000          1.000
           0.800       0.000            1.000          1.000
           0.700       0.000            1.000          1.000
           0.500       0.000            1.000          1.000
           0.300       0.000            1.000          1.000
           0.200       0.000            1.000          1.000
           0.100       0.000            1.000          1.000
           0.050       0.000            1.000          1.000
           0.020       0.000            1.000          1.000
           0.010       0.000            1.000          1.000

SRMR (Standardized Root Mean Square Residual) for the WITHIN level

        Mean                                 0.003
        Std Dev                              0.002
        Number of successful computations       10

             Proportions                   Percentiles
        Expected    Observed         Expected       Observed
           0.990       1.000           -0.002          0.000
           0.980       1.000           -0.002          0.000
           0.950       1.000           -0.001          0.000
           0.900       0.900            0.000          0.000
           0.800       0.800            0.001          0.000
           0.700       0.500            0.002          0.001
           0.500       0.300            0.003          0.002
           0.300       0.300            0.004          0.003
           0.200       0.300            0.005          0.006
           0.100       0.300            0.006          0.006
           0.050       0.000            0.006          0.006
           0.020       0.000            0.007          0.006
           0.010       0.000            0.008          0.006

SRMR (Standardized Root Mean Square Residual) for the BETWEEN level

        Mean                                 0.015
        Std Dev                              0.015
        Number of successful computations       10

             Proportions                   Percentiles
        Expected    Observed         Expected       Observed
           0.990       1.000           -0.020          0.002
           0.980       1.000           -0.015          0.002
           0.950       1.000           -0.009          0.002
           0.900       1.000           -0.004          0.002
           0.800       0.700            0.003          0.002
           0.700       0.400            0.007          0.002
           0.500       0.400            0.015          0.004
           0.300       0.400            0.023          0.031
           0.200       0.400            0.028          0.032
           0.100       0.100            0.035          0.034
           0.050       0.000            0.040          0.034
           0.020       0.000            0.046          0.034
           0.010       0.000            0.050          0.034



MODEL RESULTS

                                                    Two-Tailed   Rate of
                    Estimate       S.E.  Est./S.E.    P-Value    Missing

Within Level

 Variances
    FLIT            3654.267    167.925     21.761      0.000      0.238

Between Level

 Means
    FLIT             389.401      4.362     89.268      0.000      0.043

 Variances
    FLIT            2913.980    320.586      9.090      0.000      0.028


STANDARDIZED MODEL RESULTS


STDYX Standardization

                                                    Two-Tailed   Rate of
                    Estimate       S.E.  Est./S.E.    P-Value    Missing

Within Level

 Variances
    FLIT               1.000      0.000  *********      0.000      0.000

Between Level

 Means
    FLIT               7.214      0.375     19.232      0.000      0.040

 Variances
    FLIT               1.000      0.000  *********      0.000      0.000


R-SQUARE

Within Level

Between Level


QUALITY OF NUMERICAL RESULTS

     Average Condition Number for the Information Matrix      0.656E-02
       (ratio of smallest to largest eigenvalue)


TECHNICAL 1 OUTPUT


     PARAMETER SPECIFICATION FOR WITHIN


           NU
              FLIT
              ________
                    0


           LAMBDA
              FLIT
              ________
 FLIT               0


           THETA
              FLIT
              ________
 FLIT               0


           ALPHA
              FLIT
              ________
                    0


           BETA
              FLIT
              ________
 FLIT               0


           PSI
              FLIT
              ________
 FLIT               1


     PARAMETER SPECIFICATION FOR BETWEEN


           NU
              FLIT
              ________
                    0


           LAMBDA
              FLIT
              ________
 FLIT               0


           THETA
              FLIT
              ________
 FLIT               0


           ALPHA
              FLIT
              ________
                    2


           BETA
              FLIT
              ________
 FLIT               0


           PSI
              FLIT
              ________
 FLIT               3


     STARTING VALUES FOR WITHIN


           NU
              FLIT
              ________
                0.000


           LAMBDA
              FLIT
              ________
 FLIT           1.000


           THETA
              FLIT
              ________
 FLIT           0.000


           ALPHA
              FLIT
              ________
                0.000


           BETA
              FLIT
              ________
 FLIT           0.000


           PSI
              FLIT
              ________
 FLIT        3799.592


     STARTING VALUES FOR BETWEEN


           NU
              FLIT
              ________
                0.000


           LAMBDA
              FLIT
              ________
 FLIT           1.000


           THETA
              FLIT
              ________
 FLIT           0.000


           ALPHA
              FLIT
              ________
              412.830


           BETA
              FLIT
              ________
 FLIT           0.000


           PSI
              FLIT
              ________
 FLIT        3799.592


     Beginning Time:  18:13:09
        Ending Time:  18:14:13
       Elapsed Time:  00:01:04



MUTHEN & MUTHEN
3463 Stoner Ave.
Los Angeles, CA  90066

Tel: (310) 391-9971
Fax: (310) 391-8971
Web: www.StatModel.com
Support: Support@StatModel.com

Copyright (c) 1998-2019 Muthen & Muthen
