Mplus VERSION 8.3
MUTHEN & MUTHEN
01/22/2021   3:29 PM

INPUT INSTRUCTIONS


  TITLE:
      Null model 528

  DATA:
      file = "C:\Users\tctan\implist.dat";

      type = imputation;

  VARIABLE:
      names =
          FKI CNTRYID CNTSCHID CNTSTUID W_STU
          MATH READ FLIT                      ! PISA achievement variables
          MALE IMMI1GEN IMMI2GEN ESCS         ! Demographic info
          FCFMLRTY FLCONFIN                   ! Affect
          FLSCHOOL                            !   Lat var "Academic"
          NOBULLY                             !   Lat var "Safety"
          FLFAMILY                            !   Lat var "Community"
          W_SCH STRATIO                       ! School character
          EDUSHORT                            !   Lat var "inst. env."
          ;

      useobs = CNTRYID eq 528;          ! Pull out one country at a time

      usevar =
          FLIT                                ! Financial literacy outcome
          ;

      missing = all (-99);

      weight = W_STU;                         ! Student weight
      wtscale = cluster;                      ! Scale L1 weight to cluster size
      bweight = W_SCH;                        ! School weight
      bwtscale = sample;                      ! Scale L2 weight to sample

      cluster = CNTSCHID;                     ! Cluster by school ID


  ANALYSIS:
      processors = 4;

      type = twolevel;


  MODEL:

  %Within%                                    ! === L1: Student-level ===
      FLIT;

  %Between%                                   ! === L2: School-level ===
      FLIT;


  OUTPUT:
      stdyx;                                  ! Fully standardised solution



*** WARNING in MODEL command
  Variable is uncorrelated with all other variables: FLIT
*** WARNING in MODEL command
  At least one variable is uncorrelated with all other variables in the model.
  Check that this is what is intended.
   2 WARNING(S) FOUND IN THE INPUT INSTRUCTIONS




Null model 528

SUMMARY OF ANALYSIS

Number of groups                                                 1
Average number of observations                                3042

Number of replications
    Requested                                                   10
    Completed                                                   10

Number of dependent variables                                    1
Number of independent variables                                  0
Number of continuous latent variables                            0

Observed dependent variables

  Continuous
   FLIT

Variables with special functions

  Cluster variable      CNTSCHID
  Weight variable (cluster-size scaling)
    W_STU
  Between weight variable (sample-size scaling)
    W_SCH

Estimator                                                      MLR
Information matrix                                        OBSERVED
Maximum number of iterations                                   100
Convergence criterion                                    0.100D-05
Maximum number of EM iterations                                500
Convergence criteria for the EM algorithm
  Loglikelihood change                                   0.100D-02
  Relative loglikelihood change                          0.100D-05
  Derivative                                             0.100D-03
Minimum variance                                         0.100D-03
Maximum number of steepest descent iterations                   20
Maximum number of iterations for H1                           2000
Convergence criterion for H1                             0.100D-03
Optimization algorithm                                         EMA

Input data file(s)
  Multiple data files from
    C:\Users\tctan\implist.dat
Input data format  FREE


SUMMARY OF DATA FOR THE FIRST DATA SET

     Number of missing data patterns             1
     Number of clusters                        151

     Average cluster size       20.146

     Estimated Intraclass Correlations for the Y Variables

                Intraclass
     Variable  Correlation

     FLIT         0.495



SUMMARY OF MISSING DATA PATTERNS FOR THE FIRST DATA SET


     MISSING DATA PATTERNS (x = not missing)

           1
 FLIT      x


     MISSING DATA PATTERN FREQUENCIES

    Pattern   Frequency
          1        3042


COVARIANCE COVERAGE OF DATA FOR THE FIRST DATA SET

Minimum covariance coverage value   0.100


     PROPORTION OF DATA PRESENT


           Covariance Coverage
              FLIT
              ________
 FLIT           1.000


SAMPLE STATISTICS

NOTE:  The sample statistics for within and between refer to the
       maximum-likelihood estimated within and between covariance
       matrices, respectively.

NOTE:  These are average results over 10 data sets.


     ESTIMATED SAMPLE STATISTICS FOR WITHIN


           Means
              FLIT
              ________
                0.000


           Covariances
              FLIT
              ________
 FLIT        5772.787


           Correlations
              FLIT
              ________
 FLIT           1.000


     ESTIMATED SAMPLE STATISTICS FOR BETWEEN


           Means
              FLIT
              ________
              547.765


           Covariances
              FLIT
              ________
 FLIT        5725.789


           Correlations
              FLIT
              ________
 FLIT           1.000




MODEL FIT INFORMATION

Number of Free Parameters                        3

Loglikelihood

    H0 Value

        Mean                            -17708.753
        Std Dev                             35.719
        Number of successful computations       10

             Proportions                   Percentiles
        Expected    Observed         Expected       Observed
           0.990       1.000       -17791.847     -17768.821
           0.980       1.000       -17782.110     -17768.821
           0.950       0.900       -17767.508     -17768.821
           0.900       0.800       -17754.531     -17768.821
           0.800       0.800       -17738.814     -17768.821
           0.700       0.700       -17727.484     -17731.913
           0.500       0.500       -17708.753     -17717.130
           0.300       0.300       -17690.022     -17690.862
           0.200       0.100       -17678.692     -17684.511
           0.100       0.100       -17662.975     -17683.341
           0.050       0.100       -17649.998     -17683.341
           0.020       0.000       -17635.396     -17683.341
           0.010       0.000       -17625.659     -17683.341

    H1 Value

        Mean                            -17708.709
        Std Dev                             35.724
        Number of successful computations       10

             Proportions                   Percentiles
        Expected    Observed         Expected       Observed
           0.990       1.000       -17791.813     -17768.801
           0.980       1.000       -17782.075     -17768.801
           0.950       0.900       -17767.471     -17768.801
           0.900       0.800       -17754.492     -17768.801
           0.800       0.800       -17738.774     -17768.801
           0.700       0.700       -17727.442     -17731.895
           0.500       0.500       -17708.709     -17717.119
           0.300       0.300       -17689.975     -17690.857
           0.200       0.100       -17678.644     -17684.376
           0.100       0.100       -17662.925     -17683.339
           0.050       0.100       -17649.947     -17683.339
           0.020       0.000       -17635.343     -17683.339
           0.010       0.000       -17625.605     -17683.339

Information Criteria

    Akaike (AIC)

        Mean                             35423.506
        Std Dev                             71.439
        Number of successful computations       10

             Proportions                   Percentiles
        Expected    Observed         Expected       Observed
           0.990       1.000        35257.319      35288.991
           0.980       1.000        35276.793      35288.991
           0.950       0.900        35305.997      35288.991
           0.900       0.900        35331.950      35288.991
           0.800       0.900        35363.383      35288.991
           0.700       0.700        35386.044      35375.021
           0.500       0.500        35423.506      35397.110
           0.300       0.300        35460.969      35442.426
           0.200       0.200        35483.629      35469.826
           0.100       0.200        35515.062      35517.382
           0.050       0.100        35541.016      35517.382
           0.020       0.000        35570.220      35517.382
           0.010       0.000        35589.694      35517.382

    Bayesian (BIC)

        Mean                             35441.567
        Std Dev                             71.439
        Number of successful computations       10

             Proportions                   Percentiles
        Expected    Observed         Expected       Observed
           0.990       1.000        35275.379      35307.052
           0.980       1.000        35294.854      35307.052
           0.950       0.900        35324.058      35307.052
           0.900       0.900        35350.011      35307.052
           0.800       0.900        35381.444      35307.052
           0.700       0.700        35404.105      35393.082
           0.500       0.500        35441.567      35415.171
           0.300       0.300        35479.029      35460.487
           0.200       0.200        35501.690      35487.886
           0.100       0.200        35533.123      35535.443
           0.050       0.100        35559.076      35535.443
           0.020       0.000        35588.281      35535.443
           0.010       0.000        35607.755      35535.443

    Sample-Size Adjusted BIC (n* = (n + 2) / 24)

        Mean                             35432.035
        Std Dev                             71.439
        Number of successful computations       10

             Proportions                   Percentiles
        Expected    Observed         Expected       Observed
           0.990       1.000        35265.847      35297.520
           0.980       1.000        35285.321      35297.520
           0.950       0.900        35314.525      35297.520
           0.900       0.900        35340.479      35297.520
           0.800       0.900        35371.912      35297.520
           0.700       0.700        35394.572      35383.550
           0.500       0.500        35432.035      35405.639
           0.300       0.300        35469.497      35450.954
           0.200       0.200        35492.158      35478.354
           0.100       0.200        35523.591      35525.911
           0.050       0.100        35549.544      35525.911
           0.020       0.000        35578.748      35525.911
           0.010       0.000        35598.223      35525.911

Chi-Square Test of Model Fit

        Degrees of freedom                       0

        Mean                                 0.088
        Std Dev                              0.094
        Number of successful computations       10

             Proportions                   Percentiles
        Expected    Observed         Expected       Observed
           0.990       1.000            0.000          0.004
           0.980       1.000            0.000          0.004
           0.950       1.000            0.000          0.004
           0.900       1.000            0.000          0.004
           0.800       1.000            0.000          0.004
           0.700       1.000            0.000          0.022
           0.500       1.000            0.000          0.035
           0.300       1.000            0.000          0.085
           0.200       1.000            0.000          0.153
           0.100       1.000            0.000          0.244
           0.050       1.000            0.000          0.244
           0.020       1.000            0.000          0.244
           0.010       1.000            0.000          0.244

RMSEA (Root Mean Square Error Of Approximation)

        Mean                                 0.000
        Std Dev                              0.000
        Number of successful computations       10

             Proportions                   Percentiles
        Expected    Observed         Expected       Observed
           0.990       0.000            0.000          0.000
           0.980       0.000            0.000          0.000
           0.950       0.000            0.000          0.000
           0.900       0.000            0.000          0.000
           0.800       0.000            0.000          0.000
           0.700       0.000            0.000          0.000
           0.500       0.000            0.000          0.000
           0.300       0.000            0.000          0.000
           0.200       0.000            0.000          0.000
           0.100       0.000            0.000          0.000
           0.050       0.000            0.000          0.000
           0.020       0.000            0.000          0.000
           0.010       0.000            0.000          0.000

CFI/TLI

    CFI

        Mean                                 0.000
        Std Dev                              0.000
        Number of successful computations       10

             Proportions                   Percentiles
        Expected    Observed         Expected       Observed
           0.990       0.000            0.000          0.000
           0.980       0.000            0.000          0.000
           0.950       0.000            0.000          0.000
           0.900       0.000            0.000          0.000
           0.800       0.000            0.000          0.000
           0.700       0.000            0.000          0.000
           0.500       0.000            0.000          0.000
           0.300       0.000            0.000          0.000
           0.200       0.000            0.000          0.000
           0.100       0.000            0.000          0.000
           0.050       0.000            0.000          0.000
           0.020       0.000            0.000          0.000
           0.010       0.000            0.000          0.000

    TLI

        Mean                                 1.000
        Std Dev                              0.000
        Number of successful computations       10

             Proportions                   Percentiles
        Expected    Observed         Expected       Observed
           0.990       0.000            1.000          1.000
           0.980       0.000            1.000          1.000
           0.950       0.000            1.000          1.000
           0.900       0.000            1.000          1.000
           0.800       0.000            1.000          1.000
           0.700       0.000            1.000          1.000
           0.500       0.000            1.000          1.000
           0.300       0.000            1.000          1.000
           0.200       0.000            1.000          1.000
           0.100       0.000            1.000          1.000
           0.050       0.000            1.000          1.000
           0.020       0.000            1.000          1.000
           0.010       0.000            1.000          1.000

SRMR (Standardized Root Mean Square Residual) for the WITHIN level

        Mean                                 0.005
        Std Dev                              0.003
        Number of successful computations       10

             Proportions                   Percentiles
        Expected    Observed         Expected       Observed
           0.990       1.000           -0.002          0.001
           0.980       1.000           -0.001          0.001
           0.950       1.000            0.000          0.001
           0.900       1.000            0.001          0.001
           0.800       0.700            0.002          0.001
           0.700       0.700            0.003          0.002
           0.500       0.500            0.005          0.004
           0.300       0.200            0.006          0.005
           0.200       0.100            0.007          0.006
           0.100       0.100            0.008          0.007
           0.050       0.100            0.009          0.007
           0.020       0.100            0.011          0.007
           0.010       0.100            0.011          0.007

SRMR (Standardized Root Mean Square Residual) for the BETWEEN level

        Mean                                 0.022
        Std Dev                              0.023
        Number of successful computations       10

             Proportions                   Percentiles
        Expected    Observed         Expected       Observed
           0.990       1.000           -0.033          0.002
           0.980       1.000           -0.026          0.002
           0.950       1.000           -0.017          0.002
           0.900       1.000           -0.008          0.002
           0.800       0.900            0.002          0.002
           0.700       0.400            0.009          0.004
           0.500       0.400            0.022          0.005
           0.300       0.300            0.034          0.031
           0.200       0.200            0.041          0.039
           0.100       0.200            0.052          0.055
           0.050       0.100            0.060          0.055
           0.020       0.000            0.070          0.055
           0.010       0.000            0.076          0.055



MODEL RESULTS

                                                    Two-Tailed   Rate of
                    Estimate       S.E.  Est./S.E.    P-Value    Missing

Within Level

 Variances
    FLIT            5746.682    222.077     25.877      0.000      0.459

Between Level

 Means
    FLIT             547.762      6.632     82.591      0.000      0.037

 Variances
    FLIT            5640.818    411.026     13.724      0.000      0.033


STANDARDIZED MODEL RESULTS


STDYX Standardization

                                                    Two-Tailed   Rate of
                    Estimate       S.E.  Est./S.E.    P-Value    Missing

Within Level

 Variances
    FLIT               1.000      0.000  *********      0.000      0.000

Between Level

 Means
    FLIT               7.294      0.288     25.330      0.000      0.035

 Variances
    FLIT               1.000      0.000  *********      0.000      0.000


R-SQUARE

Within Level

Between Level


QUALITY OF NUMERICAL RESULTS

     Average Condition Number for the Information Matrix      0.286E-02
       (ratio of smallest to largest eigenvalue)


TECHNICAL 1 OUTPUT


     PARAMETER SPECIFICATION FOR WITHIN


           NU
              FLIT
              ________
                    0


           THETA
              FLIT
              ________
 FLIT               1


     PARAMETER SPECIFICATION FOR BETWEEN


           NU
              FLIT
              ________
                    2


           THETA
              FLIT
              ________
 FLIT               3


     STARTING VALUES FOR WITHIN


           NU
              FLIT
              ________
                0.000


           THETA
              FLIT
              ________
 FLIT        5578.212


     STARTING VALUES FOR BETWEEN


           NU
              FLIT
              ________
              558.316


           THETA
              FLIT
              ________
 FLIT        5578.212


     Beginning Time:  15:29:35
        Ending Time:  15:30:12
       Elapsed Time:  00:00:37



MUTHEN & MUTHEN
3463 Stoner Ave.
Los Angeles, CA  90066

Tel: (310) 391-9971
Fax: (310) 391-8971
Web: www.StatModel.com
Support: Support@StatModel.com

Copyright (c) 1998-2019 Muthen & Muthen
