Mplus VERSION 8.5 (Linux)
MUTHEN & MUTHEN
03/11/2021   6:02 PM

INPUT INSTRUCTIONS


  TITLE:
      Null model 440

  DATA:
      file = "~/implist.dat";

      type = imputation;

  VARIABLE:
      names =
          FKI CNTRYID CNTSCHID W_STU
          MATH READ FLIT                      ! PISA achievement variables
          MALE IMMI1GEN IMMI2GEN ESCS         ! Demographic info
          FCFMLRTY FLCONFIN                   ! Affect
          FLSCHOOL                            !   Lat var "Academic"
          NOBULLY                             !   Lat var "Safety"
          FLFAMILY                            !   Lat var "Community"
          W_SCH STRATIO                       ! School character
          EDUSHORT                            !   Lat var "inst. env."
          ;

      useobs = CNTRYID eq 440;          ! Pull out one country at a time

      usevar =
          FLIT                                ! Financial literacy outcome
          ;

      weight = W_STU;                         ! Student weight
      wtscale = cluster;                      ! Scale L1 weight to cluster size
      bweight = W_SCH;                        ! School weight
      bwtscale = sample;                      ! Scale L2 weight to sample

      cluster = CNTSCHID;                     ! Cluster by school ID


  ANALYSIS:
      processors = 8;

      type = twolevel;


  MODEL:

  %Within%                                    ! === L1: Student-level ===
      FLIT;

  %Between%                                   ! === L2: School-level ===
      FLIT;


  OUTPUT:
      stdyx                                   ! Fully standardised solution
      ;



*** WARNING in MODEL command
  Variable is uncorrelated with all other variables: FLIT
*** WARNING in MODEL command
  At least one variable is uncorrelated with all other variables in the model.
  Check that this is what is intended.
   2 WARNING(S) FOUND IN THE INPUT INSTRUCTIONS




Null model 440

SUMMARY OF ANALYSIS

Number of groups                                                 1
Average number of observations                                4075

Number of replications
    Requested                                                   10
    Completed                                                   10

Number of dependent variables                                    1
Number of independent variables                                  0
Number of continuous latent variables                            0

Observed dependent variables

  Continuous
   FLIT

Variables with special functions

  Cluster variable      CNTSCHID
  Weight variable (cluster-size scaling)
    W_STU
  Between weight variable (sample-size scaling)
    W_SCH

Estimator                                                      MLR
Information matrix                                        OBSERVED
Maximum number of iterations                                   100
Convergence criterion                                    0.100D-05
Maximum number of EM iterations                                500
Convergence criteria for the EM algorithm
  Loglikelihood change                                   0.100D-02
  Relative loglikelihood change                          0.100D-05
  Derivative                                             0.100D-03
Minimum variance                                         0.100D-03
Maximum number of steepest descent iterations                   20
Maximum number of iterations for H1                           2000
Convergence criterion for H1                             0.100D-03
Optimization algorithm                                         EMA

Input data file(s)
  Multiple data files from
    ~/implist.dat
Input data format  FREE


SUMMARY OF DATA FOR THE FIRST DATA SET

     Number of clusters                        349

     Average cluster size       11.676

     Estimated Intraclass Correlations for the Y Variables

                Intraclass
     Variable  Correlation

     FLIT         0.280



SAMPLE STATISTICS

NOTE:  The sample statistics for within and between refer to the
       maximum-likelihood estimated within and between covariance
       matrices, respectively.

NOTE:  These are average results over 10 data sets.


     ESTIMATED SAMPLE STATISTICS FOR WITHIN


           Means
              FLIT
              ________
                0.000


           Covariances
              FLIT
              ________
 FLIT        5565.162


           Correlations
              FLIT
              ________
 FLIT           1.000


     ESTIMATED SAMPLE STATISTICS FOR BETWEEN


           Means
              FLIT
              ________
              502.072


           Covariances
              FLIT
              ________
 FLIT        2097.860


           Correlations
              FLIT
              ________
 FLIT           1.000




MODEL FIT INFORMATION

Number of Free Parameters                        3

Loglikelihood

    H0 Value

        Mean                            -23605.428
        Std Dev                             36.398
        Number of successful computations       10

             Proportions                   Percentiles
        Expected    Observed         Expected       Observed
           0.990       1.000       -23690.101     -23664.715
           0.980       1.000       -23680.179     -23664.715
           0.950       1.000       -23665.300     -23664.715
           0.900       0.900       -23652.076     -23664.715
           0.800       0.900       -23636.061     -23664.715
           0.700       0.700       -23624.516     -23626.840
           0.500       0.400       -23605.428     -23611.513
           0.300       0.200       -23586.341     -23602.795
           0.200       0.200       -23574.796     -23600.925
           0.100       0.200       -23558.781     -23552.576
           0.050       0.100       -23545.557     -23552.576
           0.020       0.000       -23530.678     -23552.576
           0.010       0.000       -23520.756     -23552.576

    H1 Value

        Mean                            -23605.323
        Std Dev                             36.388
        Number of successful computations       10

             Proportions                   Percentiles
        Expected    Observed         Expected       Observed
           0.990       1.000       -23689.972     -23664.647
           0.980       1.000       -23680.052     -23664.647
           0.950       1.000       -23665.177     -23664.647
           0.900       0.900       -23651.957     -23664.647
           0.800       0.900       -23635.947     -23664.647
           0.700       0.600       -23624.405     -23626.839
           0.500       0.400       -23605.323     -23611.442
           0.300       0.200       -23586.241     -23602.512
           0.200       0.200       -23574.699     -23600.856
           0.100       0.200       -23558.688     -23552.459
           0.050       0.100       -23545.469     -23552.459
           0.020       0.000       -23530.593     -23552.459
           0.010       0.000       -23520.674     -23552.459

Information Criteria

    Akaike (AIC)

        Mean                             47216.857
        Std Dev                             72.796
        Number of successful computations       10

             Proportions                   Percentiles
        Expected    Observed         Expected       Observed
           0.990       1.000        47047.512      47069.146
           0.980       1.000        47067.356      47069.146
           0.950       0.900        47097.115      47069.146
           0.900       0.800        47123.562      47069.146
           0.800       0.800        47155.592      47069.146
           0.700       0.800        47178.683      47207.850
           0.500       0.600        47216.857      47224.534
           0.300       0.300        47255.031      47254.863
           0.200       0.100        47278.122      47259.679
           0.100       0.100        47310.152      47265.300
           0.050       0.000        47336.599      47265.300
           0.020       0.000        47366.358      47265.300
           0.010       0.000        47386.202      47265.300

    Bayesian (BIC)

        Mean                             47235.795
        Std Dev                             72.796
        Number of successful computations       10

             Proportions                   Percentiles
        Expected    Observed         Expected       Observed
           0.990       1.000        47066.449      47088.084
           0.980       1.000        47086.294      47088.084
           0.950       0.900        47116.053      47088.084
           0.900       0.800        47142.499      47088.084
           0.800       0.800        47174.530      47088.084
           0.700       0.800        47197.621      47226.788
           0.500       0.600        47235.795      47243.472
           0.300       0.300        47273.969      47273.801
           0.200       0.100        47297.060      47278.617
           0.100       0.100        47329.090      47284.238
           0.050       0.000        47355.537      47284.238
           0.020       0.000        47385.296      47284.238
           0.010       0.000        47405.140      47284.238

    Sample-Size Adjusted BIC (n* = (n + 2) / 24)

        Mean                             47226.262
        Std Dev                             72.796
        Number of successful computations       10

             Proportions                   Percentiles
        Expected    Observed         Expected       Observed
           0.990       1.000        47056.917      47078.551
           0.980       1.000        47076.761      47078.551
           0.950       0.900        47106.520      47078.551
           0.900       0.800        47132.967      47078.551
           0.800       0.800        47164.997      47078.551
           0.700       0.800        47188.088      47217.255
           0.500       0.600        47226.262      47233.939
           0.300       0.300        47264.436      47264.268
           0.200       0.100        47287.527      47269.084
           0.100       0.100        47319.558      47274.706
           0.050       0.000        47346.004      47274.706
           0.020       0.000        47375.763      47274.706
           0.010       0.000        47395.608      47274.706

Chi-Square Test of Model Fit

        Degrees of freedom                       0

        Mean                                 0.211
        Std Dev                              0.197
        Number of successful computations       10

             Proportions                   Percentiles
        Expected    Observed         Expected       Observed
           0.990       1.000            0.000          0.001
           0.980       1.000            0.000          0.001
           0.950       1.000            0.000          0.001
           0.900       1.000            0.000          0.001
           0.800       1.000            0.000          0.001
           0.700       1.000            0.000          0.002
           0.500       1.000            0.000          0.137
           0.300       1.000            0.000          0.234
           0.200       1.000            0.000          0.411
           0.100       1.000            0.000          0.480
           0.050       1.000            0.000          0.480
           0.020       1.000            0.000          0.480
           0.010       1.000            0.000          0.480

RMSEA (Root Mean Square Error Of Approximation)

        Mean                                 0.000
        Std Dev                              0.000
        Number of successful computations       10

        Cumulative Distribution Function
           Value    Function Value
           0.990       1.000
           0.980       1.000
           0.950       1.000
           0.900       1.000
           0.800       1.000
           0.700       1.000
           0.500       1.000
           0.300       1.000
           0.200       1.000
           0.100       1.000
           0.050       1.000
           0.020       1.000
           0.010       1.000

CFI/TLI

    CFI

        Mean                                 0.000
        Std Dev                              0.000
        Number of successful computations       10

        Cumulative Distribution Function
           Value    Function Value
           0.990       1.000
           0.980       1.000
           0.950       1.000
           0.900       1.000
           0.800       1.000
           0.700       1.000
           0.500       1.000
           0.300       1.000
           0.200       1.000
           0.100       1.000
           0.050       1.000
           0.020       1.000
           0.010       1.000

    TLI

        Mean                                 1.000
        Std Dev                              0.000
        Number of successful computations       10

        Cumulative Distribution Function
           Value    Function Value
           0.990       0.000
           0.980       0.000
           0.950       0.000
           0.900       0.000
           0.800       0.000
           0.700       0.000
           0.500       0.000
           0.300       0.000
           0.200       0.000
           0.100       0.000
           0.050       0.000
           0.020       0.000
           0.010       0.000

SRMR (Standardized Root Mean Square Residual) for the WITHIN level

        Mean                                 0.004
        Std Dev                              0.004
        Number of successful computations       10

        Cumulative Distribution Function
           Value    Function Value
           0.990       1.000
           0.980       1.000
           0.950       1.000
           0.900       1.000
           0.800       1.000
           0.700       1.000
           0.500       1.000
           0.300       1.000
           0.200       1.000
           0.100       1.000
           0.050       1.000
           0.020       1.000
           0.010       0.900

SRMR (Standardized Root Mean Square Residual) for the BETWEEN level

        Mean                                 0.028
        Std Dev                              0.020
        Number of successful computations       10

        Cumulative Distribution Function
           Value    Function Value
           0.990       1.000
           0.980       1.000
           0.950       1.000
           0.900       1.000
           0.800       1.000
           0.700       1.000
           0.500       1.000
           0.300       1.000
           0.200       1.000
           0.100       1.000
           0.050       0.900
           0.020       0.400
           0.010       0.300



MODEL RESULTS

                                                    Two-Tailed   Rate of
                    Estimate       S.E.  Est./S.E.    P-Value    Missing

Within Level

 Variances
    FLIT            5585.841    194.599     28.704      0.000      0.385

Between Level

 Means
    FLIT             502.158      3.223    155.781      0.000      0.036

 Variances
    FLIT            2028.092    263.302      7.703      0.000      0.143


STANDARDIZED MODEL RESULTS


STDYX Standardization

                                                    Two-Tailed   Rate of
                    Estimate       S.E.  Est./S.E.    P-Value    Missing

Within Level

 Variances
    FLIT               1.000      0.000  *********      0.000      0.000

Between Level

 Means
    FLIT              11.158      0.712     15.668      0.000      0.141

 Variances
    FLIT               1.000      0.000  *********      0.000      0.000


R-SQUARE

Within Level

Between Level


QUALITY OF NUMERICAL RESULTS

     Average Condition Number for the Information Matrix      0.321E-02
       (ratio of smallest to largest eigenvalue)


TECHNICAL 1 OUTPUT


     PARAMETER SPECIFICATION FOR WITHIN


           NU
              FLIT
              ________
                    0


           THETA
              FLIT
              ________
 FLIT               1


     PARAMETER SPECIFICATION FOR BETWEEN


           NU
              FLIT
              ________
                    2


           THETA
              FLIT
              ________
 FLIT               3


     STARTING VALUES FOR WITHIN


           NU
              FLIT
              ________
                0.000


           THETA
              FLIT
              ________
 FLIT        3907.600


     STARTING VALUES FOR BETWEEN


           NU
              FLIT
              ________
              495.915


           THETA
              FLIT
              ________
 FLIT        3907.600


     Beginning Time:  18:02:13
        Ending Time:  18:02:37
       Elapsed Time:  00:00:24



MUTHEN & MUTHEN
3463 Stoner Ave.
Los Angeles, CA  90066

Tel: (310) 391-9971
Fax: (310) 391-8971
Web: www.StatModel.com
Support: Support@StatModel.com

Copyright (c) 1998-2020 Muthen & Muthen
