Mplus VERSION 8.5
MUTHEN & MUTHEN
03/17/2021   4:10 PM

INPUT INSTRUCTIONS


  TITLE:
      Null model for all countries

  DATA:
      file = "C:/Users/Admin/implist.dat";

      type = imputation;

  VARIABLE:
      names =
          FKI CNTRYID CNTSCHID W_STU
          MATH READ FLIT                      ! PISA achievement variables
          MALE IMMI1GEN IMMI2GEN ESCS         ! Demographic info
          FCFMLRTY FLCONFIN                   ! Affect
          FLSCHOOL                            !   Lat var "Academic"
          NOBULLY                             !   Lat var "Safety"
          FLFAMILY                            !   Lat var "Community"
          W_SCH STRATIO                       ! School character
          EDUSHORT                            !   Lat var "inst. env."
          ;

      usevar =
          FLIT                                ! Financial literacy outcome
          ;

      weight = W_STU;                         ! Student weight
      wtscale = cluster;                      ! Scale L1 weight to cluster size
      bweight = W_SCH;                        ! School weight
      bwtscale = sample;                      ! Scale L2 weight to sample

      cluster = CNTSCHID;                     ! Cluster label: school ID


  ANALYSIS:
      processors = 16;

      type = twolevel;


  MODEL:

  %Within%                                    ! === L1: Student-level ===
      FLIT;

  %Between%                                   ! === L2: School-level ===
      FLIT;


  OUTPUT:
      stdyx;                                  ! Fully standardised solution



*** WARNING in MODEL command
  Variable is uncorrelated with all other variables: FLIT
*** WARNING in MODEL command
  At least one variable is uncorrelated with all other variables in the model.
  Check that this is what is intended.
   2 WARNING(S) FOUND IN THE INPUT INSTRUCTIONS




Null model for all countries

SUMMARY OF ANALYSIS

Number of groups                                                 1
Average number of observations                              107162

Number of replications
    Requested                                                   10
    Completed                                                   10

Number of dependent variables                                    1
Number of independent variables                                  0
Number of continuous latent variables                            0

Observed dependent variables

  Continuous
   FLIT

Variables with special functions

  Cluster variable      CNTSCHID
  Weight variable (cluster-size scaling)
    W_STU
  Between weight variable (sample-size scaling)
    W_SCH

Estimator                                                      MLR
Information matrix                                        OBSERVED
Maximum number of iterations                                   100
Convergence criterion                                    0.100D-05
Maximum number of EM iterations                                500
Convergence criteria for the EM algorithm
  Loglikelihood change                                   0.100D-02
  Relative loglikelihood change                          0.100D-05
  Derivative                                             0.100D-03
Minimum variance                                         0.100D-03
Maximum number of steepest descent iterations                   20
Maximum number of iterations for H1                           2000
Convergence criterion for H1                             0.100D-03
Optimization algorithm                                         EMA

Input data file(s)
  Multiple data files from
    C:/Users/Admin/implist.dat
Input data format  FREE


SUMMARY OF DATA FOR THE FIRST DATA SET

     Number of clusters                       6631

     Average cluster size       16.161

     Estimated Intraclass Correlations for the Y Variables

                Intraclass
     Variable  Correlation

     FLIT         0.466



SAMPLE STATISTICS

NOTE:  The sample statistics for within and between refer to the
       maximum-likelihood estimated within and between covariance
       matrices, respectively.

NOTE:  These are average results over 10 data sets.


     ESTIMATED SAMPLE STATISTICS FOR WITHIN


           Means
              FLIT
              ________
                0.000


           Covariances
              FLIT
              ________
 FLIT        6126.299


           Correlations
              FLIT
              ________
 FLIT           1.000


     ESTIMATED SAMPLE STATISTICS FOR BETWEEN


           Means
              FLIT
              ________
              454.145


           Covariances
              FLIT
              ________
 FLIT        5276.365


           Correlations
              FLIT
              ________
 FLIT           1.000




MODEL FIT INFORMATION

Number of Free Parameters                        3

Loglikelihood

    H0 Value

        Mean                           -626989.232
        Std Dev                            546.382
        Number of successful computations       10

             Proportions                   Percentiles
        Expected    Observed         Expected       Observed
           0.990       1.000      -628260.281    -627653.055
           0.980       1.000      -628111.337    -627653.055
           0.950       1.000      -627887.976    -627653.055
           0.900       1.000      -627689.476    -627653.055
           0.800       0.700      -627449.067    -627653.055
           0.700       0.600      -627275.755    -627556.328
           0.500       0.500      -626989.232    -627107.222
           0.300       0.300      -626702.709    -626771.909
           0.200       0.100      -626529.397    -626619.315
           0.100       0.100      -626288.989    -626598.895
           0.050       0.100      -626090.488    -626598.895
           0.020       0.100      -625867.127    -626598.895
           0.010       0.000      -625718.183    -626598.895

    H1 Value

        Mean                           -626988.136
        Std Dev                            545.914
        Number of successful computations       10

             Proportions                   Percentiles
        Expected    Observed         Expected       Observed
           0.990       1.000      -628258.096    -627651.438
           0.980       1.000      -628109.279    -627651.438
           0.950       1.000      -627886.110    -627651.438
           0.900       1.000      -627687.779    -627651.438
           0.800       0.700      -627447.577    -627651.438
           0.700       0.600      -627274.413    -627553.451
           0.500       0.500      -626988.136    -627106.708
           0.300       0.300      -626701.858    -626771.144
           0.200       0.100      -626528.694    -626618.108
           0.100       0.100      -626288.492    -626597.716
           0.050       0.100      -626090.162    -626597.716
           0.020       0.100      -625866.992    -626597.716
           0.010       0.000      -625718.176    -626597.716

Information Criteria

    Akaike (AIC)

        Mean                           1253984.464
        Std Dev                           1092.764
        Number of successful computations       10

             Proportions                   Percentiles
        Expected    Observed         Expected       Observed
           0.990       1.000      1251442.367    1251672.719
           0.980       0.900      1251740.254    1251672.719
           0.950       0.900      1252186.976    1251672.719
           0.900       0.900      1252583.978    1251672.719
           0.800       0.900      1253064.794    1251672.719
           0.700       0.700      1253411.419    1253244.630
           0.500       0.500      1253984.464    1253664.227
           0.300       0.400      1254557.510    1254568.982
           0.200       0.300      1254904.135    1255118.655
           0.100       0.000      1255384.951    1255289.269
           0.050       0.000      1255781.952    1255289.269
           0.020       0.000      1256228.675    1255289.269
           0.010       0.000      1256526.562    1255289.269

    Bayesian (BIC)

        Mean                           1254013.211
        Std Dev                           1092.764
        Number of successful computations       10

             Proportions                   Percentiles
        Expected    Observed         Expected       Observed
           0.990       1.000      1251471.113    1251701.466
           0.980       0.900      1251769.001    1251701.466
           0.950       0.900      1252215.723    1251701.466
           0.900       0.900      1252612.724    1251701.466
           0.800       0.900      1253093.540    1251701.466
           0.700       0.700      1253440.165    1253273.376
           0.500       0.500      1254013.211    1253692.973
           0.300       0.400      1254586.256    1254597.728
           0.200       0.300      1254932.881    1255147.402
           0.100       0.000      1255413.697    1255318.016
           0.050       0.000      1255810.699    1255318.016
           0.020       0.000      1256257.421    1255318.016
           0.010       0.000      1256555.308    1255318.016

    Sample-Size Adjusted BIC (n* = (n + 2) / 24)

        Mean                           1254003.677
        Std Dev                           1092.764
        Number of successful computations       10

             Proportions                   Percentiles
        Expected    Observed         Expected       Observed
           0.990       1.000      1251461.579    1251691.931
           0.980       0.900      1251759.466    1251691.931
           0.950       0.900      1252206.188    1251691.931
           0.900       0.900      1252603.190    1251691.931
           0.800       0.900      1253084.006    1251691.931
           0.700       0.700      1253430.631    1253263.842
           0.500       0.500      1254003.677    1253683.439
           0.300       0.400      1254576.722    1254588.194
           0.200       0.300      1254923.347    1255137.867
           0.100       0.000      1255404.163    1255308.482
           0.050       0.000      1255801.165    1255308.482
           0.020       0.000      1256247.887    1255308.482
           0.010       0.000      1256545.774    1255308.482

Chi-Square Test of Model Fit

        Degrees of freedom                       0

        Mean                                 2.193
        Std Dev                              1.468
        Number of successful computations       10

             Proportions                   Percentiles
        Expected    Observed         Expected       Observed
           0.990       1.000            0.000          0.204
           0.980       1.000            0.000          0.204
           0.950       1.000            0.000          0.204
           0.900       1.000            0.000          0.204
           0.800       1.000            0.000          0.204
           0.700       1.000            0.000          1.231
           0.500       1.000            0.000          1.530
           0.300       1.000            0.000          2.414
           0.200       1.000            0.000          2.806
           0.100       1.000            0.000          3.234
           0.050       1.000            0.000          3.234
           0.020       1.000            0.000          3.234
           0.010       1.000            0.000          3.234

RMSEA (Root Mean Square Error Of Approximation)

        Mean                                 0.000
        Std Dev                              0.000
        Number of successful computations       10

        Cumulative Distribution Function
           Value    Function Value
           0.990       1.000
           0.980       1.000
           0.950       1.000
           0.900       1.000
           0.800       1.000
           0.700       1.000
           0.500       1.000
           0.300       1.000
           0.200       1.000
           0.100       1.000
           0.050       1.000
           0.020       1.000
           0.010       1.000

CFI/TLI

    CFI

        Mean                                 0.000
        Std Dev                              0.000
        Number of successful computations       10

        Cumulative Distribution Function
           Value    Function Value
           0.990       1.000
           0.980       1.000
           0.950       1.000
           0.900       1.000
           0.800       1.000
           0.700       1.000
           0.500       1.000
           0.300       1.000
           0.200       1.000
           0.100       1.000
           0.050       1.000
           0.020       1.000
           0.010       1.000

    TLI

        Mean                                 1.000
        Std Dev                              0.000
        Number of successful computations       10

        Cumulative Distribution Function
           Value    Function Value
           0.990       0.000
           0.980       0.000
           0.950       0.000
           0.900       0.000
           0.800       0.000
           0.700       0.000
           0.500       0.000
           0.300       0.000
           0.200       0.000
           0.100       0.000
           0.050       0.000
           0.020       0.000
           0.010       0.000

SRMR (Standardized Root Mean Square Residual) for the WITHIN level

        Mean                                 0.005
        Std Dev                              0.003
        Number of successful computations       10

        Cumulative Distribution Function
           Value    Function Value
           0.990       1.000
           0.980       1.000
           0.950       1.000
           0.900       1.000
           0.800       1.000
           0.700       1.000
           0.500       1.000
           0.300       1.000
           0.200       1.000
           0.100       1.000
           0.050       1.000
           0.020       1.000
           0.010       0.900

SRMR (Standardized Root Mean Square Residual) for the BETWEEN level

        Mean                                 0.011
        Std Dev                              0.005
        Number of successful computations       10

        Cumulative Distribution Function
           Value    Function Value
           0.990       1.000
           0.980       1.000
           0.950       1.000
           0.900       1.000
           0.800       1.000
           0.700       1.000
           0.500       1.000
           0.300       1.000
           0.200       1.000
           0.100       1.000
           0.050       1.000
           0.020       0.900
           0.010       0.500



MODEL RESULTS

                                                    Two-Tailed   Rate of
                    Estimate       S.E.  Est./S.E.    P-Value    Missing

Within Level

 Variances
    FLIT            6121.904    131.192     46.664      0.000      0.126

Between Level

 Means
    FLIT             454.154      2.690    168.860      0.000      0.018

 Variances
    FLIT            5240.477    202.004     25.942      0.000      0.000


STANDARDIZED MODEL RESULTS


STDYX Standardization

                                                    Two-Tailed   Rate of
                    Estimate       S.E.  Est./S.E.    P-Value    Missing

Within Level

 Variances
    FLIT               1.000      0.000  *********      0.000      0.000

Between Level

 Means
    FLIT               6.274      0.135     46.413      0.000      0.001

 Variances
    FLIT               1.000      0.000  *********      0.000      0.000


R-SQUARE

Within Level

Between Level


QUALITY OF NUMERICAL RESULTS

     Average Condition Number for the Information Matrix      0.419E-02
       (ratio of smallest to largest eigenvalue)


TECHNICAL 1 OUTPUT


     PARAMETER SPECIFICATION FOR WITHIN


           NU
              FLIT
              ________
                    0


           THETA
              FLIT
              ________
 FLIT               1


     PARAMETER SPECIFICATION FOR BETWEEN


           NU
              FLIT
              ________
                    2


           THETA
              FLIT
              ________
 FLIT               3


     STARTING VALUES FOR WITHIN


           NU
              FLIT
              ________
                0.000


           THETA
              FLIT
              ________
 FLIT        5174.403


     STARTING VALUES FOR BETWEEN


           NU
              FLIT
              ________
              477.910


           THETA
              FLIT
              ________
 FLIT        5174.403


DIAGRAM INFORMATION

  Mplus diagrams are currently not available for multilevel analysis.
  No diagram output was produced.


     Beginning Time:  16:10:44
        Ending Time:  16:12:40
       Elapsed Time:  00:01:56



MUTHEN & MUTHEN
3463 Stoner Ave.
Los Angeles, CA  90066

Tel: (310) 391-9971
Fax: (310) 391-8971
Web: www.StatModel.com
Support: Support@StatModel.com

Copyright (c) 1998-2020 Muthen & Muthen
