Mplus VERSION 8.5 (Linux)
MUTHEN & MUTHEN
03/11/2021   6:02 PM

INPUT INSTRUCTIONS


  TITLE:
      Null model 124

  DATA:
      file = "~/implist.dat";

      type = imputation;

  VARIABLE:
      names =
          FKI CNTRYID CNTSCHID W_STU
          MATH READ FLIT                      ! PISA achievement variables
          MALE IMMI1GEN IMMI2GEN ESCS         ! Demographic info
          FCFMLRTY FLCONFIN                   ! Affect
          FLSCHOOL                            !   Lat var "Academic"
          NOBULLY                             !   Lat var "Safety"
          FLFAMILY                            !   Lat var "Community"
          W_SCH STRATIO                       ! School character
          EDUSHORT                            !   Lat var "inst. env."
          ;

      useobs = CNTRYID eq 124;          ! Pull out one country at a time

      usevar =
          FLIT                                ! Financial literacy outcome
          ;

      weight = W_STU;                         ! Student weight
      wtscale = cluster;                      ! Scale L1 weight to cluster size
      bweight = W_SCH;                        ! School weight
      bwtscale = sample;                      ! Scale L2 weight to sample

      cluster = CNTSCHID;                     ! Cluster by school ID


  ANALYSIS:
      processors = 8;

      type = twolevel;


  MODEL:

  %Within%                                    ! === L1: Student-level ===
      FLIT;

  %Between%                                   ! === L2: School-level ===
      FLIT;


  OUTPUT:
      stdyx                                   ! Fully standardised solution
      ;



*** WARNING in MODEL command
  Variable is uncorrelated with all other variables: FLIT
*** WARNING in MODEL command
  At least one variable is uncorrelated with all other variables in the model.
  Check that this is what is intended.
   2 WARNING(S) FOUND IN THE INPUT INSTRUCTIONS




Null model 124

SUMMARY OF ANALYSIS

Number of groups                                                 1
Average number of observations                                7762

Number of replications
    Requested                                                   10
    Completed                                                   10

Number of dependent variables                                    1
Number of independent variables                                  0
Number of continuous latent variables                            0

Observed dependent variables

  Continuous
   FLIT

Variables with special functions

  Cluster variable      CNTSCHID
  Weight variable (cluster-size scaling)
    W_STU
  Between weight variable (sample-size scaling)
    W_SCH

Estimator                                                      MLR
Information matrix                                        OBSERVED
Maximum number of iterations                                   100
Convergence criterion                                    0.100D-05
Maximum number of EM iterations                                500
Convergence criteria for the EM algorithm
  Loglikelihood change                                   0.100D-02
  Relative loglikelihood change                          0.100D-05
  Derivative                                             0.100D-03
Minimum variance                                         0.100D-03
Maximum number of steepest descent iterations                   20
Maximum number of iterations for H1                           2000
Convergence criterion for H1                             0.100D-03
Optimization algorithm                                         EMA

Input data file(s)
  Multiple data files from
    ~/implist.dat
Input data format  FREE


SUMMARY OF DATA FOR THE FIRST DATA SET

     Number of clusters                        492

     Average cluster size       15.776

     Estimated Intraclass Correlations for the Y Variables

                Intraclass
     Variable  Correlation

     FLIT         0.126



SAMPLE STATISTICS

NOTE:  The sample statistics for within and between refer to the
       maximum-likelihood estimated within and between covariance
       matrices, respectively.

NOTE:  These are average results over 10 data sets.


     ESTIMATED SAMPLE STATISTICS FOR WITHIN


           Means
              FLIT
              ________
                0.000


           Covariances
              FLIT
              ________
 FLIT        7981.664


           Correlations
              FLIT
              ________
 FLIT           1.000


     ESTIMATED SAMPLE STATISTICS FOR BETWEEN


           Means
              FLIT
              ________
              532.210


           Covariances
              FLIT
              ________
 FLIT        1104.512


           Correlations
              FLIT
              ________
 FLIT           1.000




MODEL FIT INFORMATION

Number of Free Parameters                        3

Loglikelihood

    H0 Value

        Mean                            -46148.450
        Std Dev                             65.331
        Number of successful computations       10

             Proportions                   Percentiles
        Expected    Observed         Expected       Observed
           0.990       1.000       -46300.430     -46261.141
           0.980       1.000       -46282.621     -46261.141
           0.950       0.900       -46255.914     -46261.141
           0.900       0.900       -46232.179     -46261.141
           0.800       0.700       -46203.433     -46261.141
           0.700       0.600       -46182.710     -46205.404
           0.500       0.600       -46148.450     -46146.346
           0.300       0.500       -46114.191     -46087.810
           0.200       0.400       -46093.468     -46087.703
           0.100       0.000       -46064.722     -46087.166
           0.050       0.000       -46040.987     -46087.166
           0.020       0.000       -46014.280     -46087.166
           0.010       0.000       -45996.471     -46087.166

    H1 Value

        Mean                            -46148.353
        Std Dev                             65.405
        Number of successful computations       10

             Proportions                   Percentiles
        Expected    Observed         Expected       Observed
           0.990       1.000       -46300.504     -46261.132
           0.980       1.000       -46282.675     -46261.132
           0.950       0.900       -46255.937     -46261.132
           0.900       0.900       -46232.176     -46261.132
           0.800       0.700       -46203.398     -46261.132
           0.700       0.600       -46182.651     -46205.404
           0.500       0.600       -46148.353     -46146.189
           0.300       0.500       -46114.055     -46087.701
           0.200       0.400       -46093.308     -46087.333
           0.100       0.000       -46064.530     -46087.049
           0.050       0.000       -46040.769     -46087.049
           0.020       0.000       -46014.031     -46087.049
           0.010       0.000       -45996.202     -46087.049

Information Criteria

    Akaike (AIC)

        Mean                             92302.901
        Std Dev                            130.662
        Number of successful computations       10

             Proportions                   Percentiles
        Expected    Observed         Expected       Observed
           0.990       1.000        91998.942      92153.877
           0.980       1.000        92034.560      92153.877
           0.950       1.000        92087.975      92153.877
           0.900       1.000        92135.444      92153.877
           0.800       0.600        92192.936      92153.877
           0.700       0.500        92234.382      92181.406
           0.500       0.400        92302.901      92224.325
           0.300       0.400        92371.420      92411.666
           0.200       0.300        92412.866      92416.809
           0.100       0.100        92470.358      92452.001
           0.050       0.100        92517.827      92452.001
           0.020       0.000        92571.242      92452.001
           0.010       0.000        92606.860      92452.001

    Bayesian (BIC)

        Mean                             92323.772
        Std Dev                            130.662
        Number of successful computations       10

             Proportions                   Percentiles
        Expected    Observed         Expected       Observed
           0.990       1.000        92019.813      92174.748
           0.980       1.000        92055.431      92174.748
           0.950       1.000        92108.846      92174.748
           0.900       1.000        92156.315      92174.748
           0.800       0.600        92213.807      92174.748
           0.700       0.500        92255.253      92202.277
           0.500       0.400        92323.772      92245.196
           0.300       0.400        92392.291      92432.537
           0.200       0.300        92433.737      92437.680
           0.100       0.100        92491.229      92472.872
           0.050       0.100        92538.698      92472.872
           0.020       0.000        92592.113      92472.872
           0.010       0.000        92627.731      92472.872

    Sample-Size Adjusted BIC (n* = (n + 2) / 24)

        Mean                             92314.239
        Std Dev                            130.662
        Number of successful computations       10

             Proportions                   Percentiles
        Expected    Observed         Expected       Observed
           0.990       1.000        92010.279      92165.214
           0.980       1.000        92045.898      92165.214
           0.950       1.000        92099.312      92165.214
           0.900       1.000        92146.782      92165.214
           0.800       0.600        92204.273      92165.214
           0.700       0.500        92245.719      92192.744
           0.500       0.400        92314.239      92235.663
           0.300       0.400        92382.758      92423.004
           0.200       0.300        92424.204      92428.146
           0.100       0.100        92481.695      92463.339
           0.050       0.100        92529.165      92463.339
           0.020       0.000        92582.579      92463.339
           0.010       0.000        92618.198      92463.339

Chi-Square Test of Model Fit

        Degrees of freedom                       0

        Mean                                 0.195
        Std Dev                              0.221
        Number of successful computations       10

             Proportions                   Percentiles
        Expected    Observed         Expected       Observed
           0.990       1.000            0.000          0.002
           0.980       1.000            0.000          0.002
           0.950       1.000            0.000          0.002
           0.900       1.000            0.000          0.002
           0.800       1.000            0.000          0.002
           0.700       1.000            0.000          0.018
           0.500       1.000            0.000          0.047
           0.300       1.000            0.000          0.234
           0.200       1.000            0.000          0.313
           0.100       1.000            0.000          0.344
           0.050       1.000            0.000          0.344
           0.020       1.000            0.000          0.344
           0.010       1.000            0.000          0.344

RMSEA (Root Mean Square Error Of Approximation)

        Mean                                 0.000
        Std Dev                              0.000
        Number of successful computations       10

        Cumulative Distribution Function
           Value    Function Value
           0.990       1.000
           0.980       1.000
           0.950       1.000
           0.900       1.000
           0.800       1.000
           0.700       1.000
           0.500       1.000
           0.300       1.000
           0.200       1.000
           0.100       1.000
           0.050       1.000
           0.020       1.000
           0.010       1.000

CFI/TLI

    CFI

        Mean                                 0.000
        Std Dev                              0.000
        Number of successful computations       10

        Cumulative Distribution Function
           Value    Function Value
           0.990       1.000
           0.980       1.000
           0.950       1.000
           0.900       1.000
           0.800       1.000
           0.700       1.000
           0.500       1.000
           0.300       1.000
           0.200       1.000
           0.100       1.000
           0.050       1.000
           0.020       1.000
           0.010       1.000

    TLI

        Mean                                 1.000
        Std Dev                              0.000
        Number of successful computations       10

        Cumulative Distribution Function
           Value    Function Value
           0.990       0.000
           0.980       0.000
           0.950       0.000
           0.900       0.000
           0.800       0.000
           0.700       0.000
           0.500       0.000
           0.300       0.000
           0.200       0.000
           0.100       0.000
           0.050       0.000
           0.020       0.000
           0.010       0.000

SRMR (Standardized Root Mean Square Residual) for the WITHIN level

        Mean                                 0.004
        Std Dev                              0.004
        Number of successful computations       10

        Cumulative Distribution Function
           Value    Function Value
           0.990       1.000
           0.980       1.000
           0.950       1.000
           0.900       1.000
           0.800       1.000
           0.700       1.000
           0.500       1.000
           0.300       1.000
           0.200       1.000
           0.100       1.000
           0.050       1.000
           0.020       1.000
           0.010       1.000

SRMR (Standardized Root Mean Square Residual) for the BETWEEN level

        Mean                                 0.017
        Std Dev                              0.012
        Number of successful computations       10

        Cumulative Distribution Function
           Value    Function Value
           0.990       1.000
           0.980       1.000
           0.950       1.000
           0.900       1.000
           0.800       1.000
           0.700       1.000
           0.500       1.000
           0.300       1.000
           0.200       1.000
           0.100       1.000
           0.050       1.000
           0.020       0.800
           0.010       0.300



MODEL RESULTS

                                                    Two-Tailed   Rate of
                    Estimate       S.E.  Est./S.E.    P-Value    Missing

Within Level

 Variances
    FLIT            7997.771    255.695     31.279      0.000      0.267

Between Level

 Means
    FLIT             532.214      3.035    175.332      0.000      0.219

 Variances
    FLIT            1098.204    143.416      7.657      0.000      0.039


STANDARDIZED MODEL RESULTS


STDYX Standardization

                                                    Two-Tailed   Rate of
                    Estimate       S.E.  Est./S.E.    P-Value    Missing

Within Level

 Variances
    FLIT               1.000      0.000  *********      0.000      0.000

Between Level

 Means
    FLIT              16.063      1.025     15.672      0.000      0.035

 Variances
    FLIT               1.000      0.000  *********      0.000      0.000


R-SQUARE

Within Level

Between Level


QUALITY OF NUMERICAL RESULTS

     Average Condition Number for the Information Matrix      0.108E-02
       (ratio of smallest to largest eigenvalue)


TECHNICAL 1 OUTPUT


     PARAMETER SPECIFICATION FOR WITHIN


           NU
              FLIT
              ________
                    0


           THETA
              FLIT
              ________
 FLIT               1


     PARAMETER SPECIFICATION FOR BETWEEN


           NU
              FLIT
              ________
                    2


           THETA
              FLIT
              ________
 FLIT               3


     STARTING VALUES FOR WITHIN


           NU
              FLIT
              ________
                0.000


           THETA
              FLIT
              ________
 FLIT        4547.770


     STARTING VALUES FOR BETWEEN


           NU
              FLIT
              ________
              514.196


           THETA
              FLIT
              ________
 FLIT        4547.770


     Beginning Time:  18:02:13
        Ending Time:  18:02:37
       Elapsed Time:  00:00:24



MUTHEN & MUTHEN
3463 Stoner Ave.
Los Angeles, CA  90066

Tel: (310) 391-9971
Fax: (310) 391-8971
Web: www.StatModel.com
Support: Support@StatModel.com

Copyright (c) 1998-2020 Muthen & Muthen
