Mplus VERSION 8.3
MUTHEN & MUTHEN
12/17/2020   3:57 PM

INPUT INSTRUCTIONS

  TITLE:
      M3: Financial literacy 3-level


  DATA:
      file = "C:\Users\Admin\implist.dat";

      type = imputation;


  VARIABLE:
      names =
          FKI CNTRYID CNTSCHID CNTSTUID W_STU
          MATH READ FLIT              ! PISA achievement variables
          MALE IMMI1GEN IMMI2GEN ESCS ! Demographic info
          FCFMLRTY FLCONFIN           ! Affect
          PERFEED TEACHINT FLSCHOOL   ! Lat var "Academic"
          BELONG NOBULLY              ! Lat var "Safety"
          FLFAMILY                    ! Lat var "Community"
          W_SCH STRATIO               ! School character
          EDUSHTG STAFFSHT            ! School resource shortage
          ;

      usev =
          FLIT                        ! Regressant
          FLSCHOOL                    !   "Academic"
          NOBULLY                     !   "Safety"
          FLFAMILY                    !   "Community" (Financial socialisation)
          EDUSHTG STRATIO             !   "Institutional environment"
          FCFMLRTY FLCONFIN           ! L1 mediators
          MALE IMMI1GEN IMMI2GEN ESCS ! L1 control vars
          FKI                         ! L3 predictor
          ;

      ! L3 label = country; L2 label = school
      cluster = CNTRYID CNTSCHID;

      ! Vars that ONLY appear in L1
      within =
          FCFMLRTY FLCONFIN
          MALE IMMI1GEN IMMI2GEN ESCS
          ;
      ! vars that ONLY appear in L2 and L3
      between = (CNTSCHID) EDUSHTG STRATIO (CNTRYID) FKI;

      missing = all (-99);

      weight = W_STU;

      b2weight = W_SCH;


  ANALYSIS:
      process = 16;

      type = threelevel;


  MODEL:

  %Within% ! L1: Student-level

      ! Indirect pathways: school climate vars onto mediators
          ! Onto mediator FAMILIARITY
      FCFMLRTY on FLSCHOOL NOBULLY FLFAMILY;
          ! Onto mediator CONFIDENCE
      FLCONFIN on FLSCHOOL NOBULLY FLFAMILY;

      ! Covariances between school climate vars
      FLSCHOOL with NOBULLY;
      FLSCHOOL with FLFAMILY;
      NOBULLY with FLFAMILY;
      ! Covariance between mediators
      FCFMLRTY with FLCONFIN;

      ! Total effect
      FLIT on
          FLSCHOOL NOBULLY FLFAMILY  ! Input variables
          FCFMLRTY FLCONFIN               ! Mediators
          MALE IMMI1GEN IMMI2GEN ESCS     ! Control: demographic
          ;

  %Between CNTSCHID% ! L2: School-level (Structured model)

      FLIT on
          FLSCHOOL NOBULLY FLFAMILY EDUSHTG    ! School climate variables
          STRATIO                             ! Control: Student-teacher ratio
          ;

      FLSCHOOL with NOBULLY;
      NOBULLY with FLFAMILY;
      FLFAMILY with EDUSHTG;

      FLSCHOOL with FLFAMILY;
      NOBULLY with EDUSHTG;

      FLSCHOOL with EDUSHTG;

  %Between CNTRYID%
      FLIT on
          FKI
          ;

  OUTPUT:
      sampstat stdyx;



INPUT READING TERMINATED NORMALLY




M3: Financial literacy 3-level

SUMMARY OF ANALYSIS

Number of groups                                                 1
Average number of observations                               83135

Number of replications
    Requested                                                   10
    Completed                                                   10

Number of dependent variables                                    3
Number of independent variables                                 10
Number of continuous latent variables                            0

Observed dependent variables

  Continuous
   FLIT        FCFMLRTY    FLCONFIN

Observed independent variables
   FLSCHOOL    NOBULLY     FLFAMILY    EDUSHTG     STRATIO     MALE
   IMMI1GEN    IMMI2GEN    ESCS        FKI

Variables with special functions

  Cluster variables     CNTRYID   CNTSCHID
  Weight variable (cluster-size scaling)
    W_STU
  Between weight variable for level 2 (sample-size scaling)
    W_SCH

  Within variables
   FCFMLRTY    FLCONFIN    MALE        IMMI1GEN    IMMI2GEN    ESCS

  Level 2 between variables
   EDUSHTG     STRATIO

  Level 3 between variables
   FKI


Estimator                                                      MLR
Information matrix                                        OBSERVED
Maximum number of iterations                                   100
Convergence criterion                                    0.100D-05
Maximum number of EM iterations                                500
Convergence criteria for the EM algorithm
  Loglikelihood change                                   0.100D-02
  Relative loglikelihood change                          0.100D-05
  Derivative                                             0.100D-03
Minimum variance                                         0.100D-03
Maximum number of steepest descent iterations                   20
Maximum number of iterations for H1                           2000
Convergence criterion for H1                             0.100D-02
Optimization algorithm                                         EMA

Input data file(s)
  Multiple data files from
    C:\Users\Admin\implist.dat
Input data format  FREE


SUMMARY OF DATA FOR THE FIRST DATA SET

     Number of missing data patterns            52
     Number of CNTSCHID clusters              5321
     Number of CNTRYID clusters                 19

     Average cluster size for CNTSCHID level       15.624

     Estimated Intraclass Correlations for the Y Variables for CNTSCHID level

                Intraclass              Intraclass              Intraclass
     Variable  Correlation   Variable  Correlation   Variable  Correlation

     FLIT         0.179      FLSCHOOL     0.051      NOBULLY      0.029
     FLFAMILY     0.013

     Average cluster size for CNTRYID level     4375.526

     Estimated Intraclass Correlations for the Y Variables for CNTRYID level

                Intraclass              Intraclass              Intraclass
     Variable  Correlation   Variable  Correlation   Variable  Correlation

     FLIT         0.150      FLSCHOOL     0.048      NOBULLY      0.035
     FLFAMILY     0.036


SUMMARY OF MISSING DATA PATTERNS FOR THE FIRST DATA SET


     MISSING DATA PATTERNS (x = not missing)

           1  2  3  4  5  6  7  8  9 10 11 12 13 14 15 16 17 18 19 20
 FLIT      x  x  x  x  x  x  x  x  x  x  x  x  x  x  x  x  x  x  x  x
 FCFMLRTY  x  x  x  x  x        x  x  x  x  x  x  x     x  x  x  x
 FLCONFIN  x  x  x                          x  x     x  x  x  x  x
 FLSCHOOL  x  x  x     x        x  x     x              x  x     x
 NOBULLY   x              x     x  x        x  x  x  x  x        x  x
 FLFAMILY  x  x  x     x           x           x              x  x  x
 EDUSHTG   x  x     x  x  x  x  x  x     x  x  x  x  x  x  x  x     x
 STRATIO   x  x  x  x  x  x  x  x  x  x  x  x  x  x  x  x  x  x  x  x
 MALE      x  x  x  x  x  x  x  x  x  x  x  x  x  x  x  x  x  x  x  x
 IMMI1GEN  x  x  x  x  x  x  x  x  x  x  x  x  x  x  x  x  x  x  x  x
 IMMI2GEN  x  x  x  x  x  x  x  x  x  x  x  x  x  x  x  x  x  x  x  x
 ESCS      x  x  x  x  x  x  x  x  x  x  x  x  x  x  x  x  x  x  x  x
 FKI       x  x  x  x  x  x  x  x  x  x  x  x  x  x  x  x  x  x  x  x

          21 22 23 24 25 26 27 28 29 30 31 32 33 34 35 36 37 38 39 40
 FLIT      x  x  x  x  x  x  x  x  x  x  x  x  x  x  x  x  x  x  x  x
 FCFMLRTY  x  x  x  x  x  x  x              x     x
 FLCONFIN     x        x        x  x  x                 x  x
 FLSCHOOL        x  x  x  x        x        x  x           x  x  x  x
 NOBULLY   x              x  x  x  x        x                    x  x
 FLFAMILY  x        x           x  x  x     x  x  x  x     x     x
 EDUSHTG   x  x                 x  x  x        x  x  x  x  x  x  x  x
 STRATIO   x  x  x  x  x  x  x  x  x  x  x  x  x  x  x  x  x  x  x  x
 MALE      x  x  x  x  x  x  x  x  x  x  x  x  x  x  x  x  x  x  x  x
 IMMI1GEN  x  x  x  x  x  x  x  x  x  x  x  x  x  x  x  x  x  x  x  x
 IMMI2GEN  x  x  x  x  x  x  x  x  x  x  x  x  x  x  x  x  x  x  x  x
 ESCS      x  x  x  x  x  x  x  x  x  x  x  x  x  x  x  x  x  x  x  x
 FKI       x  x  x  x  x  x  x  x  x  x  x  x  x  x  x  x  x  x  x  x

          41 42 43 44 45 46 47 48 49 50 51 52
 FLIT      x  x  x  x  x  x  x  x  x  x  x  x
 FCFMLRTY        x     x  x  x  x     x  x
 FLCONFIN  x  x  x     x  x  x        x
 FLSCHOOL  x  x        x           x
 NOBULLY      x  x  x  x  x        x     x
 FLFAMILY        x              x     x  x  x
 EDUSHTG   x  x
 STRATIO   x  x  x  x  x  x  x  x  x  x  x  x
 MALE      x  x  x  x  x  x  x  x  x  x  x  x
 IMMI1GEN  x  x  x  x  x  x  x  x  x  x  x  x
 IMMI2GEN  x  x  x  x  x  x  x  x  x  x  x  x
 ESCS      x  x  x  x  x  x  x  x  x  x  x  x
 FKI       x  x  x  x  x  x  x  x  x  x  x  x


     MISSING DATA PATTERN FREQUENCIES

    Pattern   Frequency     Pattern   Frequency     Pattern   Frequency
          1       59429          19         652          37          74
          2        9670          20          54          38         106
          3          89          21         131          39          74
          4        1578          22         113          40          39
          5        2827          23          11          41          32
          6        1204          24          39          42          20
          7        1747          25           6          43           2
          8         377          26           5          44           8
          9        1612          27           9          45           5
         10          22          28          42          46           5
         11         865          29         176          47           1
         12         113          30          37          48           1
         13         210          31          18          49           1
         14         690          32          15          50           2
         15          36          33          75          51           2
         16         296          34         167          52           1
         17         181          35          92
         18         125          36          49


COVARIANCE COVERAGE OF DATA FOR THE FIRST DATA SET

Minimum covariance coverage value   0.100


     PROPORTION OF DATA PRESENT


           Covariance Coverage
              FLIT          FCFMLRTY      FLCONFIN      FLSCHOOL      NOBULLY
              ________      ________      ________      ________      ________
 FLIT           1.000
 FCFMLRTY       0.953         0.953
 FLCONFIN       0.858         0.853         0.858
 FLSCHOOL       0.922         0.915         0.850         0.922
 NOBULLY        0.784         0.764         0.734         0.754         0.784
 FLFAMILY       0.909         0.902         0.848         0.899         0.751
 EDUSHTG        0.989         0.943         0.849         0.912         0.776
 STRATIO        1.000         0.953         0.858         0.922         0.784
 MALE           1.000         0.953         0.858         0.922         0.784
 IMMI1GEN       1.000         0.953         0.858         0.922         0.784
 IMMI2GEN       1.000         0.953         0.858         0.922         0.784
 ESCS           1.000         0.953         0.858         0.922         0.784
 FKI            1.000         0.953         0.858         0.922         0.784


           Covariance Coverage
              FLFAMILY      EDUSHTG       STRATIO       MALE          IMMI1GEN
              ________      ________      ________      ________      ________
 FLFAMILY       0.909
 EDUSHTG        0.900         0.989
 STRATIO        0.909         0.989         1.000
 MALE           0.909         0.989         1.000         1.000
 IMMI1GEN       0.909         0.989         1.000         1.000         1.000
 IMMI2GEN       0.909         0.989         1.000         1.000         1.000
 ESCS           0.909         0.989         1.000         1.000         1.000
 FKI            0.909         0.989         1.000         1.000         1.000


           Covariance Coverage
              IMMI2GEN      ESCS          FKI
              ________      ________      ________
 IMMI2GEN       1.000
 ESCS           1.000         1.000
 FKI            1.000         1.000         1.000


SAMPLE STATISTICS

NOTE:  The sample statistics for within and between refer to the
       maximum-likelihood estimated within and between covariance
       matrices, respectively.

NOTE:  These are average results over 10 data sets.


     ESTIMATED SAMPLE STATISTICS FOR WITHIN


           Means
              FLIT          FCFMLRTY      FLCONFIN      FLSCHOOL      NOBULLY
              ________      ________      ________      ________      ________
                0.000         7.024        -0.090         0.000         0.000


           Means
              FLFAMILY      EDUSHTG       STRATIO       MALE          IMMI1GEN
              ________      ________      ________      ________      ________
                0.000         0.000         0.000         0.496         0.019


           Means
              IMMI2GEN      ESCS          FKI
              ________      ________      ________
                0.036        -0.281         0.000


           Covariances
              FLIT          FCFMLRTY      FLCONFIN      FLSCHOOL      NOBULLY
              ________      ________      ________      ________      ________
 FLIT        6295.379
 FCFMLRTY     101.086        29.249
 FLCONFIN      11.480         1.453         1.037
 FLSCHOOL       0.589         1.583         0.189         0.904
 NOBULLY       -6.504        -0.208         0.006         0.047         0.994
 FLFAMILY       3.918         1.027         0.201         0.226         0.032
 EDUSHTG        0.000         0.000         0.000         0.000         0.000
 STRATIO        0.000         0.000         0.000         0.000         0.000
 MALE           1.213         0.054         0.066         0.024         0.051
 IMMI1GEN      -0.525        -0.005        -0.001         0.001         0.003
 IMMI2GEN      -0.339         0.003         0.001         0.002         0.000
 ESCS          21.496         1.184         0.134         0.071        -0.010
 FKI            0.000         0.000         0.000         0.000         0.000


           Covariances
              FLFAMILY      EDUSHTG       STRATIO       MALE          IMMI1GEN
              ________      ________      ________      ________      ________
 FLFAMILY       1.059
 EDUSHTG        0.000         0.000
 STRATIO        0.000         0.000         0.000
 MALE          -0.023         0.000         0.000         0.250
 IMMI1GEN      -0.001         0.000         0.000         0.000         0.019
 IMMI2GEN       0.002         0.000         0.000         0.000        -0.001
 ESCS           0.108         0.000         0.000         0.010        -0.005
 FKI            0.000         0.000         0.000         0.000         0.000


           Covariances
              IMMI2GEN      ESCS          FKI
              ________      ________      ________
 IMMI2GEN       0.034
 ESCS          -0.001         1.170
 FKI            0.000         0.000         0.000


           Correlations
              FLIT          FCFMLRTY      FLCONFIN      FLSCHOOL      NOBULLY
              ________      ________      ________      ________      ________
 FLIT           1.000
 FCFMLRTY       0.236         1.000
 FLCONFIN       0.142         0.264         1.000
 FLSCHOOL       0.008         0.308         0.195         1.000
 NOBULLY       -0.082        -0.039         0.006         0.050         1.000
 FLFAMILY       0.048         0.185         0.192         0.231         0.031
 EDUSHTG      999.000       999.000       999.000       999.000       999.000
 STRATIO      999.000       999.000       999.000       999.000       999.000
 MALE           0.031         0.020         0.129         0.051         0.102
 IMMI1GEN      -0.049        -0.007        -0.004         0.007         0.023
 IMMI2GEN      -0.023         0.003         0.004         0.011         0.002
 ESCS           0.250         0.202         0.122         0.069        -0.009
 FKI          999.000       999.000       999.000       999.000       999.000


           Correlations
              FLFAMILY      EDUSHTG       STRATIO       MALE          IMMI1GEN
              ________      ________      ________      ________      ________
 FLFAMILY       1.000
 EDUSHTG      999.000       999.000
 STRATIO      999.000       999.000       999.000
 MALE          -0.045       999.000       999.000         1.000
 IMMI1GEN      -0.008       999.000       999.000         0.000         1.000
 IMMI2GEN       0.009       999.000       999.000         0.004        -0.027
 ESCS           0.097       999.000       999.000         0.018        -0.033
 FKI          999.000       999.000       999.000       999.000       999.000


           Correlations
              IMMI2GEN      ESCS          FKI
              ________      ________      ________
 IMMI2GEN       1.000
 ESCS          -0.003         1.000
 FKI          999.000       999.000       999.000


     ESTIMATED SAMPLE STATISTICS FOR BETWEEN CNTSCHID


           Means
              FLIT          FCFMLRTY      FLCONFIN      FLSCHOOL      NOBULLY
              ________      ________      ________      ________      ________
                0.000         0.000         0.000         0.000         0.000


           Means
              FLFAMILY      EDUSHTG       STRATIO       MALE          IMMI1GEN
              ________      ________      ________      ________      ________
                0.000         0.180        14.640         0.000         0.000


           Means
              IMMI2GEN      ESCS          FKI
              ________      ________      ________
                0.000         0.000         0.000


           Covariances
              FLIT          FCFMLRTY      FLCONFIN      FLSCHOOL      NOBULLY
              ________      ________      ________      ________      ________
 FLIT        1688.540
 FCFMLRTY       0.000         0.000
 FLCONFIN       0.000         0.000         0.000
 FLSCHOOL      -4.466         0.000         0.000         0.051
 NOBULLY       -3.619         0.000         0.000         0.015         0.031
 FLFAMILY      -0.442         0.000         0.000         0.006        -0.003
 EDUSHTG       -9.547         0.000         0.000         0.014         0.009
 STRATIO       18.071         0.000         0.000        -0.166        -0.183
 MALE           0.000         0.000         0.000         0.000         0.000
 IMMI1GEN       0.000         0.000         0.000         0.000         0.000
 IMMI2GEN       0.000         0.000         0.000         0.000         0.000
 ESCS           0.000         0.000         0.000         0.000         0.000
 FKI            0.000         0.000         0.000         0.000         0.000


           Covariances
              FLFAMILY      EDUSHTG       STRATIO       MALE          IMMI1GEN
              ________      ________      ________      ________      ________
 FLFAMILY       0.014
 EDUSHTG        0.000         1.077
 STRATIO       -0.053        -0.310       100.684
 MALE           0.000         0.000         0.000         0.000
 IMMI1GEN       0.000         0.000         0.000         0.000         0.000
 IMMI2GEN       0.000         0.000         0.000         0.000         0.000
 ESCS           0.000         0.000         0.000         0.000         0.000
 FKI            0.000         0.000         0.000         0.000         0.000


           Covariances
              IMMI2GEN      ESCS          FKI
              ________      ________      ________
 IMMI2GEN       0.000
 ESCS           0.000         0.000
 FKI            0.000         0.000         0.000


           Correlations
              FLIT          FCFMLRTY      FLCONFIN      FLSCHOOL      NOBULLY
              ________      ________      ________      ________      ________
 FLIT           1.000
 FCFMLRTY       0.000         0.000
 FLCONFIN       0.000         0.000         0.000
 FLSCHOOL      -0.480         0.000         0.000         1.000
 NOBULLY       -0.504         0.000         0.000         0.371         1.000
 FLFAMILY      -0.091         0.000         0.000         0.226        -0.147
 EDUSHTG       -0.224         0.000         0.000         0.059         0.048
 STRATIO        0.044         0.000         0.000        -0.073        -0.104
 MALE           0.000         0.000         0.000         0.000         0.000
 IMMI1GEN       0.000         0.000         0.000         0.000         0.000
 IMMI2GEN       0.000         0.000         0.000         0.000         0.000
 ESCS           0.000         0.000         0.000         0.000         0.000
 FKI          999.000         0.000         0.000       999.000       999.000


           Correlations
              FLFAMILY      EDUSHTG       STRATIO       MALE          IMMI1GEN
              ________      ________      ________      ________      ________
 FLFAMILY       1.000
 EDUSHTG        0.000         1.000
 STRATIO       -0.044        -0.030         1.000
 MALE           0.000         0.000         0.000         0.000
 IMMI1GEN       0.000         0.000         0.000         0.000         0.000
 IMMI2GEN       0.000         0.000         0.000         0.000         0.000
 ESCS           0.000         0.000         0.000         0.000         0.000
 FKI          999.000       999.000       999.000         0.000         0.000


           Correlations
              IMMI2GEN      ESCS          FKI
              ________      ________      ________
 IMMI2GEN       0.000
 ESCS           0.000         0.000
 FKI            0.000         0.000       999.000


     ESTIMATED SAMPLE STATISTICS FOR BETWEEN CNTRYID


           Means
              FLIT          FCFMLRTY      FLCONFIN      FLSCHOOL      NOBULLY
              ________      ________      ________      ________      ________
              479.267         0.000         0.000        -0.013         0.032


           Means
              FLFAMILY      EDUSHTG       STRATIO       MALE          IMMI1GEN
              ________      ________      ________      ________      ________
                0.060         0.000         0.000         0.000         0.000


           Means
              IMMI2GEN      ESCS          FKI
              ________      ________      ________
                0.000         0.000         0.553


           Covariances
              FLIT          FCFMLRTY      FLCONFIN      FLSCHOOL      NOBULLY
              ________      ________      ________      ________      ________
 FLIT        1394.214
 FCFMLRTY       0.000         0.000
 FLCONFIN       0.000         0.000         0.000
 FLSCHOOL      -0.760         0.000         0.000         0.048
 NOBULLY       -1.431         0.000         0.000         0.022         0.038
 FLFAMILY      -5.461         0.000         0.000        -0.005         0.009
 EDUSHTG        0.000         0.000         0.000         0.000         0.000
 STRATIO        0.000         0.000         0.000         0.000         0.000
 MALE           0.000         0.000         0.000         0.000         0.000
 IMMI1GEN       0.000         0.000         0.000         0.000         0.000
 IMMI2GEN       0.000         0.000         0.000         0.000         0.000
 ESCS           0.000         0.000         0.000         0.000         0.000
 FKI            5.623         0.000         0.000        -0.017        -0.017


           Covariances
              FLFAMILY      EDUSHTG       STRATIO       MALE          IMMI1GEN
              ________      ________      ________      ________      ________
 FLFAMILY       0.040
 EDUSHTG        0.000         0.000
 STRATIO        0.000         0.000         0.000
 MALE           0.000         0.000         0.000         0.000
 IMMI1GEN       0.000         0.000         0.000         0.000         0.000
 IMMI2GEN       0.000         0.000         0.000         0.000         0.000
 ESCS           0.000         0.000         0.000         0.000         0.000
 FKI           -0.025         0.000         0.000         0.000         0.000


           Covariances
              IMMI2GEN      ESCS          FKI
              ________      ________      ________
 IMMI2GEN       0.000
 ESCS           0.000         0.000
 FKI            0.000         0.000         0.046


           Correlations
              FLIT          FCFMLRTY      FLCONFIN      FLSCHOOL      NOBULLY
              ________      ________      ________      ________      ________
 FLIT           1.000
 FCFMLRTY       0.000         0.000
 FLCONFIN       0.000         0.000         0.000
 FLSCHOOL      -0.093         0.000         0.000         1.000
 NOBULLY       -0.198         0.000         0.000         0.528         1.000
 FLFAMILY      -0.728         0.000         0.000        -0.110         0.231
 EDUSHTG      999.000         0.000         0.000       999.000       999.000
 STRATIO      999.000         0.000         0.000       999.000       999.000
 MALE           0.000         0.000         0.000         0.000         0.000
 IMMI1GEN       0.000         0.000         0.000         0.000         0.000
 IMMI2GEN       0.000         0.000         0.000         0.000         0.000
 ESCS           0.000         0.000         0.000         0.000         0.000
 FKI            0.704         0.000         0.000        -0.357        -0.418


           Correlations
              FLFAMILY      EDUSHTG       STRATIO       MALE          IMMI1GEN
              ________      ________      ________      ________      ________
 FLFAMILY       1.000
 EDUSHTG      999.000       999.000
 STRATIO      999.000       999.000       999.000
 MALE           0.000         0.000         0.000         0.000
 IMMI1GEN       0.000         0.000         0.000         0.000         0.000
 IMMI2GEN       0.000         0.000         0.000         0.000         0.000
 ESCS           0.000         0.000         0.000         0.000         0.000
 FKI           -0.571       999.000       999.000         0.000         0.000


           Correlations
              IMMI2GEN      ESCS          FKI
              ________      ________      ________
 IMMI2GEN       0.000
 ESCS           0.000         0.000
 FKI            0.000         0.000         1.000




MODEL FIT INFORMATION

Number of Free Parameters                       53

Loglikelihood

    H0 Value

        Mean                          -1270961.798
        Std Dev                            204.448
        Number of successful computations       10

             Proportions                   Percentiles
        Expected    Observed         Expected       Observed
           0.990       1.000     -1271437.405   -1271263.491
           0.980       1.000     -1271381.673   -1271263.491
           0.950       1.000     -1271298.095   -1271263.491
           0.900       0.900     -1271223.819   -1271263.491
           0.800       0.700     -1271133.862   -1271263.491
           0.700       0.600     -1271069.011   -1271149.818
           0.500       0.500     -1270961.798   -1270986.933
           0.300       0.200     -1270854.586   -1270857.032
           0.200       0.200     -1270789.735   -1270856.845
           0.100       0.200     -1270699.778   -1270651.650
           0.050       0.000     -1270625.502   -1270651.650
           0.020       0.000     -1270541.924   -1270651.650
           0.010       0.000     -1270486.192   -1270651.650

    H1 Value

        Mean                          -1267458.986
        Std Dev                            204.145
        Number of successful computations       10

             Proportions                   Percentiles
        Expected    Observed         Expected       Observed
           0.990       1.000     -1267933.888   -1267760.257
           0.980       1.000     -1267878.238   -1267760.257
           0.950       1.000     -1267794.784   -1267760.257
           0.900       0.900     -1267720.618   -1267760.257
           0.800       0.700     -1267630.794   -1267760.257
           0.700       0.600     -1267566.040   -1267647.618
           0.500       0.500     -1267458.986   -1267485.457
           0.300       0.200     -1267351.933   -1267353.326
           0.200       0.200     -1267287.178   -1267352.959
           0.100       0.200     -1267197.355   -1267148.601
           0.050       0.000     -1267123.189   -1267148.601
           0.020       0.000     -1267039.735   -1267148.601
           0.010       0.000     -1266984.085   -1267148.601

Information Criteria

    Akaike (AIC)

        Mean                           2542029.597
        Std Dev                            408.896
        Number of successful computations       10

             Proportions                   Percentiles
        Expected    Observed         Expected       Observed
           0.990       1.000      2541078.383    2541395.814
           0.980       1.000      2541189.848    2541395.814
           0.950       1.000      2541357.005    2541395.814
           0.900       0.800      2541505.556    2541395.814
           0.800       0.800      2541685.471    2541395.814
           0.700       0.800      2541815.172    2541819.689
           0.500       0.500      2542029.597    2541932.661
           0.300       0.400      2542244.022    2542346.244
           0.200       0.300      2542373.723    2542405.635
           0.100       0.100      2542553.637    2542453.714
           0.050       0.000      2542702.189    2542453.714
           0.020       0.000      2542869.346    2542453.714
           0.010       0.000      2542980.811    2542453.714

    Bayesian (BIC)

        Mean                           2542529.921
        Std Dev                            408.896
        Number of successful computations       10

             Proportions                   Percentiles
        Expected    Observed         Expected       Observed
           0.990       1.000      2541578.708    2541896.139
           0.980       1.000      2541690.173    2541896.139
           0.950       1.000      2541857.329    2541896.139
           0.900       0.800      2542005.881    2541896.139
           0.800       0.800      2542185.795    2541896.139
           0.700       0.800      2542315.496    2542320.014
           0.500       0.500      2542529.921    2542432.986
           0.300       0.400      2542744.346    2542846.568
           0.200       0.300      2542874.048    2542905.960
           0.100       0.100      2543053.962    2542954.038
           0.050       0.000      2543202.513    2542954.038
           0.020       0.000      2543369.670    2542954.038
           0.010       0.000      2543481.135    2542954.038

    Sample-Size Adjusted BIC (n* = (n + 2) / 24)

        Mean                           2542361.486
        Std Dev                            408.896
        Number of successful computations       10

             Proportions                   Percentiles
        Expected    Observed         Expected       Observed
           0.990       1.000      2541410.272    2541727.703
           0.980       1.000      2541521.737    2541727.703
           0.950       1.000      2541688.893    2541727.703
           0.900       0.800      2541837.445    2541727.703
           0.800       0.800      2542017.359    2541727.703
           0.700       0.800      2542147.061    2542151.578
           0.500       0.500      2542361.486    2542264.550
           0.300       0.400      2542575.910    2542678.132
           0.200       0.300      2542705.612    2542737.524
           0.100       0.100      2542885.526    2542785.603
           0.050       0.000      2543034.078    2542785.603
           0.020       0.000      2543201.234    2542785.603
           0.010       0.000      2543312.699    2542785.603

Chi-Square Test of Model Fit

        Degrees of freedom                      33

        Mean                              1467.468
        Std Dev                              1.754
        Number of successful computations       10

             Proportions                   Percentiles
        Expected    Observed         Expected       Observed
           0.990       1.000           17.074       1464.444
           0.980       1.000           18.527       1464.444
           0.950       1.000           20.867       1464.444
           0.900       1.000           23.110       1464.444
           0.800       1.000           26.042       1464.444
           0.700       1.000           28.307       1466.735
           0.500       1.000           32.336       1467.123
           0.300       1.000           36.731       1468.098
           0.200       1.000           39.572       1469.004
           0.100       1.000           43.745       1469.763
           0.050       1.000           47.400       1469.763
           0.020       1.000           51.743       1469.763
           0.010       1.000           54.776       1469.763

RMSEA (Root Mean Square Error Of Approximation)

        Mean                                 0.023
        Std Dev                              0.000
        Number of successful computations       10

             Proportions                   Percentiles
        Expected    Observed         Expected       Observed
           0.990       1.000            0.023          0.023
           0.980       1.000            0.023          0.023
           0.950       0.900            0.023          0.023
           0.900       0.800            0.023          0.023
           0.800       0.800            0.023          0.023
           0.700       0.800            0.023          0.023
           0.500       0.500            0.023          0.023
           0.300       0.300            0.023          0.023
           0.200       0.300            0.023          0.023
           0.100       0.200            0.023          0.023
           0.050       0.000            0.023          0.023
           0.020       0.000            0.023          0.023
           0.010       0.000            0.023          0.023

CFI/TLI

    CFI

        Mean                                 0.742
        Std Dev                              0.003
        Number of successful computations       10

             Proportions                   Percentiles
        Expected    Observed         Expected       Observed
           0.990       1.000            0.735          0.737
           0.980       1.000            0.736          0.737
           0.950       1.000            0.737          0.737
           0.900       0.800            0.738          0.737
           0.800       0.800            0.740          0.737
           0.700       0.800            0.741          0.741
           0.500       0.400            0.742          0.742
           0.300       0.300            0.744          0.743
           0.200       0.300            0.745          0.746
           0.100       0.100            0.746          0.746
           0.050       0.000            0.747          0.746
           0.020       0.000            0.748          0.746
           0.010       0.000            0.749          0.746

    TLI

        Mean                                 0.500
        Std Dev                              0.006
        Number of successful computations       10

             Proportions                   Percentiles
        Expected    Observed         Expected       Observed
           0.990       1.000            0.487          0.491
           0.980       1.000            0.488          0.491
           0.950       1.000            0.490          0.491
           0.900       0.800            0.493          0.491
           0.800       0.800            0.495          0.491
           0.700       0.800            0.497          0.497
           0.500       0.400            0.500          0.499
           0.300       0.300            0.503          0.502
           0.200       0.300            0.505          0.507
           0.100       0.100            0.507          0.507
           0.050       0.000            0.509          0.507
           0.020       0.000            0.511          0.507
           0.010       0.000            0.513          0.507

SRMR (Standardized Root Mean Square Residual) for the WITHIN level

        Mean                                 0.048
        Std Dev                              0.000
        Number of successful computations       10

             Proportions                   Percentiles
        Expected    Observed         Expected       Observed
           0.990       0.900            0.048          0.048
           0.980       0.900            0.048          0.048
           0.950       0.900            0.048          0.048
           0.900       0.900            0.048          0.048
           0.800       0.900            0.048          0.048
           0.700       0.700            0.048          0.048
           0.500       0.600            0.048          0.048
           0.300       0.400            0.048          0.048
           0.200       0.200            0.048          0.048
           0.100       0.000            0.048          0.048
           0.050       0.000            0.048          0.048
           0.020       0.000            0.048          0.048
           0.010       0.000            0.048          0.048

SRMR (Standardized Root Mean Square Residual) for the BETWEEN level 2

        Mean                                 0.065
        Std Dev                              0.000
        Number of successful computations       10

             Proportions                   Percentiles
        Expected    Observed         Expected       Observed
           0.990       1.000            0.065          0.065
           0.980       1.000            0.065          0.065
           0.950       1.000            0.065          0.065
           0.900       0.900            0.065          0.065
           0.800       0.700            0.065          0.065
           0.700       0.700            0.065          0.065
           0.500       0.600            0.065          0.065
           0.300       0.300            0.066          0.065
           0.200       0.200            0.066          0.066
           0.100       0.100            0.066          0.066
           0.050       0.100            0.066          0.066
           0.020       0.000            0.066          0.066
           0.010       0.000            0.066          0.066

SRMR (Standardized Root Mean Square Residual) for the BETWEEN level 3

        Mean                                 0.288
        Std Dev                              0.001
        Number of successful computations       10

             Proportions                   Percentiles
        Expected    Observed         Expected       Observed
           0.990       1.000            0.287          0.287
           0.980       0.900            0.287          0.287
           0.950       0.900            0.287          0.287
           0.900       0.900            0.287          0.287
           0.800       0.900            0.287          0.287
           0.700       0.700            0.288          0.288
           0.500       0.500            0.288          0.288
           0.300       0.300            0.288          0.288
           0.200       0.200            0.288          0.288
           0.100       0.100            0.289          0.289
           0.050       0.000            0.289          0.289
           0.020       0.000            0.289          0.289
           0.010       0.000            0.289          0.289



MODEL RESULTS

                                                    Two-Tailed   Rate of
                    Estimate       S.E.  Est./S.E.    P-Value    Missing

Within Level

 FCFMLRTY   ON
    FLSCHOOL           1.618      0.092     17.580      0.000      0.000
    NOBULLY           -0.300      0.033     -8.998      0.000      0.001
    FLFAMILY           0.605      0.050     12.211      0.000      0.000

 FLCONFIN   ON
    FLSCHOOL           0.173      0.009     19.535      0.000      0.000
    NOBULLY           -0.005      0.009     -0.593      0.553      0.000
    FLFAMILY           0.151      0.008     19.217      0.000      0.000

 FLIT       ON
    FLSCHOOL          -6.466      1.093     -5.913      0.000      0.035
    NOBULLY           -5.567      0.664     -8.389      0.000      0.211
    FLFAMILY          -0.297      1.019     -0.291      0.771      0.049
    FCFMLRTY           2.841      0.226     12.558      0.000      0.032
    FLCONFIN           6.208      0.785      7.911      0.000      0.127
    MALE               3.906      1.863      2.097      0.036      0.056
    IMMI1GEN         -22.637      8.748     -2.588      0.010      0.018
    IMMI2GEN          -9.894      4.100     -2.413      0.016      0.088
    ESCS              15.196      1.749      8.686      0.000      0.010

 FLSCHOOL WITH
    NOBULLY            0.048      0.009      5.442      0.000      0.000
    FLFAMILY           0.225      0.014     16.608      0.000      0.000

 NOBULLY  WITH
    FLFAMILY           0.034      0.007      4.517      0.000      0.000

 FCFMLRTY WITH
    FLCONFIN           1.031      0.075     13.752      0.000      0.000

 Intercepts
    FCFMLRTY           7.038      0.264     26.646      0.000      0.000
    FLCONFIN          -0.089      0.051     -1.737      0.082      0.000

 Variances
    FLSCHOOL           0.905      0.026     35.115      0.000      0.000
    NOBULLY            0.993      0.039     25.290      0.000      0.000
    FLFAMILY           1.055      0.041     25.609      0.000      0.000

 Residual Variances
    FLIT            5561.268    228.973     24.288      0.000      0.017
    FCFMLRTY          26.008      0.999     26.027      0.000      0.000
    FLCONFIN           0.975      0.032     30.343      0.000      0.000

Between CNTSCHID Level

 FLIT       ON
    FLSCHOOL         -59.579      9.542     -6.244      0.000      0.024
    NOBULLY          -85.148     14.861     -5.730      0.000      0.029
    FLFAMILY           3.846     19.320      0.199      0.842      0.023
    EDUSHTG           -7.228      1.692     -4.272      0.000      0.010
    STRATIO            0.038      0.323      0.118      0.906      0.001

 FLSCHOOL WITH
    NOBULLY            0.016      0.004      3.937      0.000      0.000
    FLFAMILY           0.003      0.003      1.103      0.270      0.000
    EDUSHTG            0.014      0.007      2.091      0.036      0.000

 NOBULLY  WITH
    FLFAMILY          -0.006      0.002     -2.720      0.007      0.001
    EDUSHTG            0.011      0.009      1.250      0.211      0.001

 FLFAMILY WITH
    EDUSHTG           -0.008      0.008     -0.983      0.325      0.000

 Means
    EDUSHTG            0.180      0.072      2.507      0.012      0.000

 Variances
    FLSCHOOL           0.052      0.009      5.991      0.000      0.000
    NOBULLY            0.033      0.004      7.934      0.000      0.001
    FLFAMILY           0.014      0.002      6.437      0.000      0.000
    EDUSHTG            1.077      0.097     11.149      0.000      0.000

 Residual Variances
    FLIT            1017.910    146.491      6.949      0.000      0.006

Between CNTRYID Level

 FLIT       ON
    FKI              121.169     18.590      6.518      0.000      0.003

 Means
    FLSCHOOL          -0.012      0.055     -0.211      0.833      0.000
    NOBULLY            0.031      0.045      0.690      0.490      0.000
    FLFAMILY           0.062      0.035      1.780      0.075      0.000

 Intercepts
    FLIT             396.595     14.337     27.662      0.000      0.002

 Variances
    FLSCHOOL           0.047      0.017      2.825      0.005      0.000
    NOBULLY            0.036      0.009      3.964      0.000      0.000
    FLFAMILY           0.035      0.010      3.539      0.000      0.000

 Residual Variances
    FLIT             700.012    210.644      3.323      0.001      0.003


STANDARDIZED MODEL RESULTS


STDYX Standardization

                                                    Two-Tailed   Rate of
                    Estimate       S.E.  Est./S.E.    P-Value    Missing

Within Level

 FCFMLRTY   ON
    FLSCHOOL           0.285      0.018     15.615      0.000      0.000
    NOBULLY           -0.055      0.006     -9.806      0.000      0.001
    FLFAMILY           0.115      0.010     11.000      0.000      0.000

 FLCONFIN   ON
    FLSCHOOL           0.161      0.008     20.079      0.000      0.000
    NOBULLY           -0.005      0.009     -0.596      0.551      0.000
    FLFAMILY           0.153      0.008     18.420      0.000      0.000

 FLIT       ON
    FLSCHOOL          -0.078      0.014     -5.497      0.000      0.031
    NOBULLY           -0.071      0.008     -8.415      0.000      0.220
    FLFAMILY          -0.004      0.013     -0.293      0.770      0.050
    FCFMLRTY           0.195      0.014     14.364      0.000      0.039
    FLCONFIN           0.080      0.010      7.763      0.000      0.129
    MALE               0.025      0.012      2.065      0.039      0.053
    IMMI1GEN          -0.039      0.015     -2.584      0.010      0.018
    IMMI2GEN          -0.023      0.010     -2.424      0.015      0.090
    ESCS               0.209      0.020     10.559      0.000      0.013

 FLSCHOOL WITH
    NOBULLY            0.051      0.009      5.775      0.000      0.000
    FLFAMILY           0.230      0.013     17.879      0.000      0.000

 NOBULLY  WITH
    FLFAMILY           0.033      0.007      4.745      0.000      0.000

 FCFMLRTY WITH
    FLCONFIN           0.205      0.014     15.136      0.000      0.000

 Intercepts
    FCFMLRTY           1.302      0.051     25.418      0.000      0.000
    FLCONFIN          -0.087      0.050     -1.755      0.079      0.000

 Variances
    FLSCHOOL           1.000      0.000  *********      0.000      0.000
    NOBULLY            1.000      0.000  *********      0.000      0.000
    FLFAMILY           1.000      0.000  *********      0.000      0.000

 Residual Variances
    FLIT               0.899      0.009     96.209      0.000      0.021
    FCFMLRTY           0.890      0.010     87.064      0.000      0.000
    FLCONFIN           0.940      0.005    183.614      0.000      0.000

Between CNTSCHID Level

 FLIT       ON
    FLSCHOOL          -0.330      0.058     -5.668      0.000      0.019
    NOBULLY           -0.378      0.055     -6.838      0.000      0.036
    FLFAMILY           0.011      0.056      0.199      0.842      0.023
    EDUSHTG           -0.182      0.044     -4.133      0.000      0.010
    STRATIO            0.009      0.079      0.118      0.906      0.001

 FLSCHOOL WITH
    NOBULLY            0.388      0.056      6.896      0.000      0.001
    FLFAMILY           0.112      0.107      1.042      0.297      0.000
    EDUSHTG            0.060      0.029      2.074      0.038      0.000

 NOBULLY  WITH
    FLFAMILY          -0.257      0.089     -2.896      0.004      0.001
    EDUSHTG            0.057      0.045      1.270      0.204      0.001

 FLFAMILY WITH
    EDUSHTG           -0.064      0.062     -1.018      0.309      0.000

 Means
    EDUSHTG            0.174      0.066      2.639      0.008      0.000

 Variances
    FLSCHOOL           1.000      0.000  *********      0.000      0.000
    NOBULLY            1.000      0.000  *********      0.000      0.000
    FLFAMILY           1.000      0.000  *********      0.000      0.000
    EDUSHTG            1.000      0.000    999.000    999.000      0.000

 Residual Variances
    FLIT               0.601      0.045     13.271      0.000      0.022

Between CNTRYID Level

 FLIT       ON
    FKI                0.700      0.089      7.833      0.000      0.002

 Means
    FLSCHOOL          -0.053      0.258     -0.206      0.836      0.000
    NOBULLY            0.163      0.234      0.696      0.487      0.000
    FLFAMILY           0.333      0.201      1.654      0.098      0.000

 Intercepts
    FLIT              10.706      1.766      6.063      0.000      0.001

 Variances
    FLSCHOOL           1.000      0.000  *********      0.000      0.000
    NOBULLY            1.000      0.000  *********      0.000      0.000
    FLFAMILY           1.000      0.000  *********      0.000      0.000

 Residual Variances
    FLIT               0.510      0.125      4.077      0.000      0.002


R-SQUARE

Within Level

    Observed                                        Two-Tailed   Rate of
    Variable        Estimate       S.E.  Est./S.E.    P-Value    Missing

    FLIT               0.101      0.009     10.760      0.000      0.021
    FCFMLRTY           0.110      0.010     10.806      0.000      0.000
    FLCONFIN           0.060      0.005     11.818      0.000      0.000

Between CNTSCHID Level

    Observed                                        Two-Tailed   Rate of
    Variable        Estimate       S.E.  Est./S.E.    P-Value    Missing

    FLIT               0.399      0.045      8.821      0.000      0.022

Between CNTRYID Level

    Observed                                        Two-Tailed   Rate of
    Variable        Estimate       S.E.  Est./S.E.    P-Value    Missing

    FLIT               0.490      0.125      3.917      0.000      0.002


QUALITY OF NUMERICAL RESULTS

     Average Condition Number for the Information Matrix     -0.443E-16
       (ratio of smallest to largest eigenvalue)


TECHNICAL 1 OUTPUT


     PARAMETER SPECIFICATION FOR WITHIN


           NU
              FLIT          FCFMLRTY      FLCONFIN      FLSCHOOL      NOBULLY
              ________      ________      ________      ________      ________
                    0             0             0             0             0


           NU
              FLFAMILY      MALE          IMMI1GEN      IMMI2GEN      ESCS
              ________      ________      ________      ________      ________
                    0             0             0             0             0


           LAMBDA
              FLIT          FCFMLRTY      FLCONFIN      FLSCHOOL      NOBULLY
              ________      ________      ________      ________      ________
 FLIT               0             0             0             0             0
 FCFMLRTY           0             0             0             0             0
 FLCONFIN           0             0             0             0             0
 FLSCHOOL           0             0             0             0             0
 NOBULLY            0             0             0             0             0
 FLFAMILY           0             0             0             0             0
 MALE               0             0             0             0             0
 IMMI1GEN           0             0             0             0             0
 IMMI2GEN           0             0             0             0             0
 ESCS               0             0             0             0             0


           LAMBDA
              FLFAMILY      MALE          IMMI1GEN      IMMI2GEN      ESCS
              ________      ________      ________      ________      ________
 FLIT               0             0             0             0             0
 FCFMLRTY           0             0             0             0             0
 FLCONFIN           0             0             0             0             0
 FLSCHOOL           0             0             0             0             0
 NOBULLY            0             0             0             0             0
 FLFAMILY           0             0             0             0             0
 MALE               0             0             0             0             0
 IMMI1GEN           0             0             0             0             0
 IMMI2GEN           0             0             0             0             0
 ESCS               0             0             0             0             0


           THETA
              FLIT          FCFMLRTY      FLCONFIN      FLSCHOOL      NOBULLY
              ________      ________      ________      ________      ________
 FLIT               0
 FCFMLRTY           0             0
 FLCONFIN           0             0             0
 FLSCHOOL           0             0             0             0
 NOBULLY            0             0             0             0             0
 FLFAMILY           0             0             0             0             0
 MALE               0             0             0             0             0
 IMMI1GEN           0             0             0             0             0
 IMMI2GEN           0             0             0             0             0
 ESCS               0             0             0             0             0


           THETA
              FLFAMILY      MALE          IMMI1GEN      IMMI2GEN      ESCS
              ________      ________      ________      ________      ________
 FLFAMILY           0
 MALE               0             0
 IMMI1GEN           0             0             0
 IMMI2GEN           0             0             0             0
 ESCS               0             0             0             0             0


           ALPHA
              FLIT          FCFMLRTY      FLCONFIN      FLSCHOOL      NOBULLY
              ________      ________      ________      ________      ________
                    0             1             2             0             0


           ALPHA
              FLFAMILY      MALE          IMMI1GEN      IMMI2GEN      ESCS
              ________      ________      ________      ________      ________
                    0             0             0             0             0


           BETA
              FLIT          FCFMLRTY      FLCONFIN      FLSCHOOL      NOBULLY
              ________      ________      ________      ________      ________
 FLIT               0             3             4             5             6
 FCFMLRTY           0             0             0            12            13
 FLCONFIN           0             0             0            15            16
 FLSCHOOL           0             0             0             0             0
 NOBULLY            0             0             0             0             0
 FLFAMILY           0             0             0             0             0
 MALE               0             0             0             0             0
 IMMI1GEN           0             0             0             0             0
 IMMI2GEN           0             0             0             0             0
 ESCS               0             0             0             0             0


           BETA
              FLFAMILY      MALE          IMMI1GEN      IMMI2GEN      ESCS
              ________      ________      ________      ________      ________
 FLIT               7             8             9            10            11
 FCFMLRTY          14             0             0             0             0
 FLCONFIN          17             0             0             0             0
 FLSCHOOL           0             0             0             0             0
 NOBULLY            0             0             0             0             0
 FLFAMILY           0             0             0             0             0
 MALE               0             0             0             0             0
 IMMI1GEN           0             0             0             0             0
 IMMI2GEN           0             0             0             0             0
 ESCS               0             0             0             0             0


           PSI
              FLIT          FCFMLRTY      FLCONFIN      FLSCHOOL      NOBULLY
              ________      ________      ________      ________      ________
 FLIT              18
 FCFMLRTY           0            19
 FLCONFIN           0            20            21
 FLSCHOOL           0             0             0            22
 NOBULLY            0             0             0            23            24
 FLFAMILY           0             0             0            25            26
 MALE               0             0             0             0             0
 IMMI1GEN           0             0             0             0             0
 IMMI2GEN           0             0             0             0             0
 ESCS               0             0             0             0             0


           PSI
              FLFAMILY      MALE          IMMI1GEN      IMMI2GEN      ESCS
              ________      ________      ________      ________      ________
 FLFAMILY          27
 MALE               0             0
 IMMI1GEN           0             0             0
 IMMI2GEN           0             0             0             0
 ESCS               0             0             0             0             0


     PARAMETER SPECIFICATION FOR BETWEEN CNTSCHID


           NU
              FLIT          FLSCHOOL      NOBULLY       FLFAMILY      EDUSHTG
              ________      ________      ________      ________      ________
                    0             0             0             0             0


           NU
              STRATIO
              ________
                    0


           LAMBDA
              FLIT          FLSCHOOL      NOBULLY       FLFAMILY      EDUSHTG
              ________      ________      ________      ________      ________
 FLIT               0             0             0             0             0
 FLSCHOOL           0             0             0             0             0
 NOBULLY            0             0             0             0             0
 FLFAMILY           0             0             0             0             0
 EDUSHTG            0             0             0             0             0
 STRATIO            0             0             0             0             0


           LAMBDA
              STRATIO
              ________
 FLIT               0
 FLSCHOOL           0
 NOBULLY            0
 FLFAMILY           0
 EDUSHTG            0
 STRATIO            0


           THETA
              FLIT          FLSCHOOL      NOBULLY       FLFAMILY      EDUSHTG
              ________      ________      ________      ________      ________
 FLIT               0
 FLSCHOOL           0             0
 NOBULLY            0             0             0
 FLFAMILY           0             0             0             0
 EDUSHTG            0             0             0             0             0
 STRATIO            0             0             0             0             0


           THETA
              STRATIO
              ________
 STRATIO            0


           ALPHA
              FLIT          FLSCHOOL      NOBULLY       FLFAMILY      EDUSHTG
              ________      ________      ________      ________      ________
                    0             0             0             0            28


           ALPHA
              STRATIO
              ________
                    0


           BETA
              FLIT          FLSCHOOL      NOBULLY       FLFAMILY      EDUSHTG
              ________      ________      ________      ________      ________
 FLIT               0            29            30            31            32
 FLSCHOOL           0             0             0             0             0
 NOBULLY            0             0             0             0             0
 FLFAMILY           0             0             0             0             0
 EDUSHTG            0             0             0             0             0
 STRATIO            0             0             0             0             0


           BETA
              STRATIO
              ________
 FLIT              33
 FLSCHOOL           0
 NOBULLY            0
 FLFAMILY           0
 EDUSHTG            0
 STRATIO            0


           PSI
              FLIT          FLSCHOOL      NOBULLY       FLFAMILY      EDUSHTG
              ________      ________      ________      ________      ________
 FLIT              34
 FLSCHOOL           0            35
 NOBULLY            0            36            37
 FLFAMILY           0            38            39            40
 EDUSHTG            0            41            42            43            44
 STRATIO            0             0             0             0             0


           PSI
              STRATIO
              ________
 STRATIO            0


     PARAMETER SPECIFICATION FOR BETWEEN CNTRYID


           NU
              FLIT          FLSCHOOL      NOBULLY       FLFAMILY      FKI
              ________      ________      ________      ________      ________
                    0             0             0             0             0


           LAMBDA
              FLIT          FLSCHOOL      NOBULLY       FLFAMILY      FKI
              ________      ________      ________      ________      ________
 FLIT               0             0             0             0             0
 FLSCHOOL           0             0             0             0             0
 NOBULLY            0             0             0             0             0
 FLFAMILY           0             0             0             0             0
 FKI                0             0             0             0             0


           THETA
              FLIT          FLSCHOOL      NOBULLY       FLFAMILY      FKI
              ________      ________      ________      ________      ________
 FLIT               0
 FLSCHOOL           0             0
 NOBULLY            0             0             0
 FLFAMILY           0             0             0             0
 FKI                0             0             0             0             0


           ALPHA
              FLIT          FLSCHOOL      NOBULLY       FLFAMILY      FKI
              ________      ________      ________      ________      ________
                   45            46            47            48             0


           BETA
              FLIT          FLSCHOOL      NOBULLY       FLFAMILY      FKI
              ________      ________      ________      ________      ________
 FLIT               0             0             0             0            49
 FLSCHOOL           0             0             0             0             0
 NOBULLY            0             0             0             0             0
 FLFAMILY           0             0             0             0             0
 FKI                0             0             0             0             0


           PSI
              FLIT          FLSCHOOL      NOBULLY       FLFAMILY      FKI
              ________      ________      ________      ________      ________
 FLIT              50
 FLSCHOOL           0            51
 NOBULLY            0             0            52
 FLFAMILY           0             0             0            53
 FKI                0             0             0             0             0


     STARTING VALUES FOR WITHIN


           NU
              FLIT          FCFMLRTY      FLCONFIN      FLSCHOOL      NOBULLY
              ________      ________      ________      ________      ________
                0.000         0.000         0.000         0.000         0.000


           NU
              FLFAMILY      MALE          IMMI1GEN      IMMI2GEN      ESCS
              ________      ________      ________      ________      ________
                0.000         0.000         0.000         0.000         0.000


           LAMBDA
              FLIT          FCFMLRTY      FLCONFIN      FLSCHOOL      NOBULLY
              ________      ________      ________      ________      ________
 FLIT           1.000         0.000         0.000         0.000         0.000
 FCFMLRTY       0.000         1.000         0.000         0.000         0.000
 FLCONFIN       0.000         0.000         1.000         0.000         0.000
 FLSCHOOL       0.000         0.000         0.000         1.000         0.000
 NOBULLY        0.000         0.000         0.000         0.000         1.000
 FLFAMILY       0.000         0.000         0.000         0.000         0.000
 MALE           0.000         0.000         0.000         0.000         0.000
 IMMI1GEN       0.000         0.000         0.000         0.000         0.000
 IMMI2GEN       0.000         0.000         0.000         0.000         0.000
 ESCS           0.000         0.000         0.000         0.000         0.000


           LAMBDA
              FLFAMILY      MALE          IMMI1GEN      IMMI2GEN      ESCS
              ________      ________      ________      ________      ________
 FLIT           0.000         0.000         0.000         0.000         0.000
 FCFMLRTY       0.000         0.000         0.000         0.000         0.000
 FLCONFIN       0.000         0.000         0.000         0.000         0.000
 FLSCHOOL       0.000         0.000         0.000         0.000         0.000
 NOBULLY        0.000         0.000         0.000         0.000         0.000
 FLFAMILY       1.000         0.000         0.000         0.000         0.000
 MALE           0.000         1.000         0.000         0.000         0.000
 IMMI1GEN       0.000         0.000         1.000         0.000         0.000
 IMMI2GEN       0.000         0.000         0.000         1.000         0.000
 ESCS           0.000         0.000         0.000         0.000         1.000


           THETA
              FLIT          FCFMLRTY      FLCONFIN      FLSCHOOL      NOBULLY
              ________      ________      ________      ________      ________
 FLIT           0.000
 FCFMLRTY       0.000         0.000
 FLCONFIN       0.000         0.000         0.000
 FLSCHOOL       0.000         0.000         0.000         0.000
 NOBULLY        0.000         0.000         0.000         0.000         0.000
 FLFAMILY       0.000         0.000         0.000         0.000         0.000
 MALE           0.000         0.000         0.000         0.000         0.000
 IMMI1GEN       0.000         0.000         0.000         0.000         0.000
 IMMI2GEN       0.000         0.000         0.000         0.000         0.000
 ESCS           0.000         0.000         0.000         0.000         0.000


           THETA
              FLFAMILY      MALE          IMMI1GEN      IMMI2GEN      ESCS
              ________      ________      ________      ________      ________
 FLFAMILY       0.000
 MALE           0.000         0.000
 IMMI1GEN       0.000         0.000         0.000
 IMMI2GEN       0.000         0.000         0.000         0.000
 ESCS           0.000         0.000         0.000         0.000         0.000


           ALPHA
              FLIT          FCFMLRTY      FLCONFIN      FLSCHOOL      NOBULLY
              ________      ________      ________      ________      ________
                0.000         7.049        -0.083         0.000         0.000


           ALPHA
              FLFAMILY      MALE          IMMI1GEN      IMMI2GEN      ESCS
              ________      ________      ________      ________      ________
                0.000         0.000         0.000         0.000         0.000


           BETA
              FLIT          FCFMLRTY      FLCONFIN      FLSCHOOL      NOBULLY
              ________      ________      ________      ________      ________
 FLIT           0.000         0.000         0.000         0.000         0.000
 FCFMLRTY       0.000         0.000         0.000         0.000         0.000
 FLCONFIN       0.000         0.000         0.000         0.000         0.000
 FLSCHOOL       0.000         0.000         0.000         0.000         0.000
 NOBULLY        0.000         0.000         0.000         0.000         0.000
 FLFAMILY       0.000         0.000         0.000         0.000         0.000
 MALE           0.000         0.000         0.000         0.000         0.000
 IMMI1GEN       0.000         0.000         0.000         0.000         0.000
 IMMI2GEN       0.000         0.000         0.000         0.000         0.000
 ESCS           0.000         0.000         0.000         0.000         0.000


           BETA
              FLFAMILY      MALE          IMMI1GEN      IMMI2GEN      ESCS
              ________      ________      ________      ________      ________
 FLIT           0.000         0.000         0.000         0.000         0.000
 FCFMLRTY       0.000         0.000         0.000         0.000         0.000
 FLCONFIN       0.000         0.000         0.000         0.000         0.000
 FLSCHOOL       0.000         0.000         0.000         0.000         0.000
 NOBULLY        0.000         0.000         0.000         0.000         0.000
 FLFAMILY       0.000         0.000         0.000         0.000         0.000
 MALE           0.000         0.000         0.000         0.000         0.000
 IMMI1GEN       0.000         0.000         0.000         0.000         0.000
 IMMI2GEN       0.000         0.000         0.000         0.000         0.000
 ESCS           0.000         0.000         0.000         0.000         0.000


           PSI
              FLIT          FCFMLRTY      FLCONFIN      FLSCHOOL      NOBULLY
              ________      ________      ________      ________      ________
 FLIT        5172.940
 FCFMLRTY       0.000        14.727
 FLCONFIN       0.000         0.000         0.518
 FLSCHOOL       0.000         0.000         0.000         0.510
 NOBULLY        0.000         0.000         0.000         0.000         0.538
 FLFAMILY       0.000         0.000         0.000         0.000         0.000
 MALE           0.000         0.000         0.000         0.000         0.000
 IMMI1GEN       0.000         0.000         0.000         0.000         0.000
 IMMI2GEN       0.000         0.000         0.000         0.000         0.000
 ESCS           0.000         0.000         0.000         0.000         0.000


           PSI
              FLFAMILY      MALE          IMMI1GEN      IMMI2GEN      ESCS
              ________      ________      ________      ________      ________
 FLFAMILY       0.541
 MALE           0.000         0.125
 IMMI1GEN       0.000         0.000         0.010
 IMMI2GEN       0.000         0.000         0.000         0.017
 ESCS           0.000         0.000         0.000         0.000         0.594


     STARTING VALUES FOR BETWEEN CNTSCHID


           NU
              FLIT          FLSCHOOL      NOBULLY       FLFAMILY      EDUSHTG
              ________      ________      ________      ________      ________
                0.000         0.000         0.000         0.000         0.000


           NU
              STRATIO
              ________
                0.000


           LAMBDA
              FLIT          FLSCHOOL      NOBULLY       FLFAMILY      EDUSHTG
              ________      ________      ________      ________      ________
 FLIT           1.000         0.000         0.000         0.000         0.000
 FLSCHOOL       0.000         1.000         0.000         0.000         0.000
 NOBULLY        0.000         0.000         1.000         0.000         0.000
 FLFAMILY       0.000         0.000         0.000         1.000         0.000
 EDUSHTG        0.000         0.000         0.000         0.000         1.000
 STRATIO        0.000         0.000         0.000         0.000         0.000


           LAMBDA
              STRATIO
              ________
 FLIT           0.000
 FLSCHOOL       0.000
 NOBULLY        0.000
 FLFAMILY       0.000
 EDUSHTG        0.000
 STRATIO        1.000


           THETA
              FLIT          FLSCHOOL      NOBULLY       FLFAMILY      EDUSHTG
              ________      ________      ________      ________      ________
 FLIT           0.000
 FLSCHOOL       0.000         0.000
 NOBULLY        0.000         0.000         0.000
 FLFAMILY       0.000         0.000         0.000         0.000
 EDUSHTG        0.000         0.000         0.000         0.000         0.000
 STRATIO        0.000         0.000         0.000         0.000         0.000


           THETA
              STRATIO
              ________
 STRATIO        0.000


           ALPHA
              FLIT          FLSCHOOL      NOBULLY       FLFAMILY      EDUSHTG
              ________      ________      ________      ________      ________
                0.000         0.000         0.000         0.000         0.117


           ALPHA
              STRATIO
              ________
                0.000


           BETA
              FLIT          FLSCHOOL      NOBULLY       FLFAMILY      EDUSHTG
              ________      ________      ________      ________      ________
 FLIT           0.000         0.000         0.000         0.000         0.000
 FLSCHOOL       0.000         0.000         0.000         0.000         0.000
 NOBULLY        0.000         0.000         0.000         0.000         0.000
 FLFAMILY       0.000         0.000         0.000         0.000         0.000
 EDUSHTG        0.000         0.000         0.000         0.000         0.000
 STRATIO        0.000         0.000         0.000         0.000         0.000


           BETA
              STRATIO
              ________
 FLIT           0.000
 FLSCHOOL       0.000
 NOBULLY        0.000
 FLFAMILY       0.000
 EDUSHTG        0.000
 STRATIO        0.000


           PSI
              FLIT          FLSCHOOL      NOBULLY       FLFAMILY      EDUSHTG
              ________      ________      ________      ________      ________
 FLIT        5172.940
 FLSCHOOL       0.000         0.510
 NOBULLY        0.000         0.000         0.538
 FLFAMILY       0.000         0.000         0.000         0.541
 EDUSHTG        0.000         0.000         0.000         0.000         0.518
 STRATIO        0.000         0.000         0.000         0.000         0.000


           PSI
              STRATIO
              ________
 STRATIO       47.892


     STARTING VALUES FOR BETWEEN CNTRYID


           NU
              FLIT          FLSCHOOL      NOBULLY       FLFAMILY      FKI
              ________      ________      ________      ________      ________
                0.000         0.000         0.000         0.000         0.000


           LAMBDA
              FLIT          FLSCHOOL      NOBULLY       FLFAMILY      FKI
              ________      ________      ________      ________      ________
 FLIT           1.000         0.000         0.000         0.000         0.000
 FLSCHOOL       0.000         1.000         0.000         0.000         0.000
 NOBULLY        0.000         0.000         1.000         0.000         0.000
 FLFAMILY       0.000         0.000         0.000         1.000         0.000
 FKI            0.000         0.000         0.000         0.000         1.000


           THETA
              FLIT          FLSCHOOL      NOBULLY       FLFAMILY      FKI
              ________      ________      ________      ________      ________
 FLIT           0.000
 FLSCHOOL       0.000         0.000
 NOBULLY        0.000         0.000         0.000
 FLFAMILY       0.000         0.000         0.000         0.000
 FKI            0.000         0.000         0.000         0.000         0.000


           ALPHA
              FLIT          FLSCHOOL      NOBULLY       FLFAMILY      FKI
              ________      ________      ________      ________      ________
              478.070        -0.012         0.020         0.067         0.000


           BETA
              FLIT          FLSCHOOL      NOBULLY       FLFAMILY      FKI
              ________      ________      ________      ________      ________
 FLIT           0.000         0.000         0.000         0.000         0.000
 FLSCHOOL       0.000         0.000         0.000         0.000         0.000
 NOBULLY        0.000         0.000         0.000         0.000         0.000
 FLFAMILY       0.000         0.000         0.000         0.000         0.000
 FKI            0.000         0.000         0.000         0.000         0.000


           PSI
              FLIT          FLSCHOOL      NOBULLY       FLFAMILY      FKI
              ________      ________      ________      ________      ________
 FLIT        5172.940
 FLSCHOOL       0.000         0.510
 NOBULLY        0.000         0.000         0.538
 FLFAMILY       0.000         0.000         0.000         0.541
 FKI            0.000         0.000         0.000         0.000         0.024


DIAGRAM INFORMATION

  Mplus diagrams are currently not available for multilevel analysis.
  No diagram output was produced.


     Beginning Time:  15:57:46
        Ending Time:  18:16:53
       Elapsed Time:  02:19:07



MUTHEN & MUTHEN
3463 Stoner Ave.
Los Angeles, CA  90066

Tel: (310) 391-9971
Fax: (310) 391-8971
Web: www.StatModel.com
Support: Support@StatModel.com

Copyright (c) 1998-2019 Muthen & Muthen
