Mplus VERSION 8.3
MUTHEN & MUTHEN
03/06/2021   9:06 PM

INPUT INSTRUCTIONS

  TITLE:
      Three-level model


  DATA:
      file = "C:\Users\tctan\implist.dat";

      type = imputation;


  VARIABLE:
      names =
          FKI CNTRYID CNTSCHID W_STU
          MATH READ FLIT                      ! PISA achievement variables
          MALE IMMI1GEN IMMI2GEN ESCS         ! Demographic info
          FCFMLRTY FLCONFIN                   ! Affect
          FLSCHOOL                            !   Lat var "Academic"
          NOBULLY                             !   Lat var "Safety"
          FLFAMILY                            !   Lat var "Community"
          W_SCH STRATIO                       ! School character
          EDUSHORT                            !   Lat var "inst. env."
          ;

      usev =
          FLIT                                ! Financial literacy outcome
          FLSCHOOL                            !   "Academic"
          NOBULLY                             !   "Safety"
          FLFAMILY                            !   "Community" (Financial socialisation)
          EDUSHORT STRATIO                    !   "Institutional environment"
          FCFMLRTY FLCONFIN                   ! L1 mediators
          MALE IMMI1GEN IMMI2GEN ESCS         ! L1 control vars
          FKI                                 ! L3 predictor
          ;

      cluster =
          CNTRYID                             ! L3: country
          CNTSCHID                            ! L2: school
          ;

      ! Vars that ONLY appear in L1
      within =
          FCFMLRTY FLCONFIN                   ! Affective vars
          MALE IMMI1GEN IMMI2GEN ESCS         ! L1 control vars
          ;

      ! Vars that ONLY appear in L2 and L3
      between =
          (CNTRYID) FKI                       ! L3: country
          (CNTSCHID) EDUSHORT STRATIO         ! L2: school
          ;

      weight = W_STU;                         ! Student weight
      b2weight = W_SCH;                       ! School weight


  ANALYSIS:
      processors = 4;

      type = threelevel;


  MODEL:

  %Within%                                    ! === L1: Student-level ===

      ! First of all, save the variances of X and Y vars
      ! These parameters are necessary for the MODEL CONSTRAINT section
      FLSCHOOL (var_A);
      FLFAMILY (var_C);
      NOBULLY (var_S);
      ESCS (var_E);
      IMMI2GEN (var_I);
      Male (var_M);
      FLIT (var_Y);

      ! Indirect pathways (1st half): school climate vars onto mediators
          ! Onto mediator FAMILIARITY
      FCFMLRTY on FLSCHOOL (gamma11);
      FCFMLRTY on FLFAMILY (gamma21);
      FCFMLRTY on NOBULLY (gamma31);

      FCFMLRTY on ESCS (gamma41);
      FCFMLRTY on IMMI2GEN (gamma61);
      FCFMLRTY on MALE (gamma71);

          ! Onto mediator CONFIDENCE
      FLCONFIN on FLSCHOOL (gamma12);
      FLCONFIN on FLFAMILY (gamma22);
      FLCONFIN on NOBULLY (gamma32);

      FLCONFIN on ESCS (gamma42);
      FLCONFIN on IMMI2GEN (gamma62);
      FLCONFIN on MALE (gamma72);

      ! Total effect
          ! Indirect pathways (2nd half): affective vars onto financial literacy
      FLIT on FCFMLRTY (beta1);
      FLIT on FLCONFIN (beta2);
          ! Direct pathways: school climate vars onto financial literacy
      FLIT on FLSCHOOL (gamma1);
      FLIT on FLFAMILY (gamma2);
      FLIT on NOBULLY (gamma3);
          ! Direct pathways: demographic vars onto financial literacy
      FLIT on ESCS (gamma4);
      FLIT on IMMI1GEN;

      ! Covariances
          ! Between school climate vars
      FLSCHOOL with FLFAMILY;
      FLFAMILY with NOBULLY;
      FLSCHOOL with NOBULLY;

          ! Between mediators
      FCFMLRTY with FLCONFIN;

          ! ESCS with school climate vars
      ESCS with FLSCHOOL FLFAMILY;
          ! ESCS with demographic vars
      ESCS with IMMI1GEN IMMI2GEN;

  %Between CNTSCHID%                          ! === L2: School-level ===

      ! School climate vars
      FLIT on
          FLSCHOOL FLFAMILY NOBULLY EDUSHORT
          STRATIO
          ;

      ! Covariances
      FLSCHOOL with FLFAMILY;
      FLFAMILY with NOBULLY;
      NOBULLY with EDUSHORT;

      FLSCHOOL with NOBULLY;
      FLFAMILY with EDUSHORT;

      FLSCHOOL with EDUSHORT;

  %Between CNTRYID%                           ! === L3: Country-level ===

      FLIT on FKI;


  ! Since MODEL INDIRECT is not available for 3-level models,
  ! I have to calculate indirect effects manually:
  MODEL CONSTRAINT:

      ! Effect from ACADEMIC to FLIT
      new(total_A
              direct_A
              indire_A
                  ind_A_FM
                  ind_A_CF
      );
          total_A = (gamma1 + gamma11*beta1 + gamma12*beta2)*sqrt(var_A)/sqrt(var_Y);
          direct_A = gamma1*sqrt(var_A)/sqrt(var_Y);
          indire_A = (gamma11*beta1 + gamma12*beta2)*sqrt(var_A)/sqrt(var_Y);
          ind_A_FM = (gamma11*beta1)*sqrt(var_A)/sqrt(var_Y);
          ind_A_CF = (gamma12*beta2)*sqrt(var_A)/sqrt(var_Y);

      ! Effect from COMMUNITY to FLIT
      new(total_C
              direct_C
              indire_C
                  ind_C_FM
                  ind_C_CF
      );
          total_C = (gamma2 + gamma21*beta1 + gamma22*beta2)*sqrt(var_C)/sqrt(var_Y);
          direct_C = gamma2*sqrt(var_C)/sqrt(var_Y);
          indire_C = (gamma21*beta1 + gamma22*beta2)*sqrt(var_C)/sqrt(var_Y);
          ind_C_FM = (gamma21*beta1)*sqrt(var_C)/sqrt(var_Y);
          ind_C_CF = (gamma22*beta2)*sqrt(var_C)/sqrt(var_Y);

      ! Effect from SAFETY to FLIT
      new(total_S
              direct_S
              indire_S
                  ind_S_FM
                  ind_S_CF
      );
          total_S = (gamma3 + gamma31*beta1 + gamma32*beta2)*sqrt(var_S)/sqrt(var_Y);
          direct_S = gamma3*sqrt(var_S)/sqrt(var_Y);
          indire_S = (gamma31*beta1 + gamma32*beta2)*sqrt(var_S)/sqrt(var_Y);
          ind_S_FM = (gamma31*beta1)*sqrt(var_S)/sqrt(var_Y);
          ind_S_CF = (gamma32*beta2)*sqrt(var_S)/sqrt(var_Y);

      ! Effect from ESCS to FLIT
      new(total_E
              direct_E
              indire_E
                  ind_E_FM
                  ind_E_CF
      );
          total_E = (gamma4 + gamma41*beta1 + gamma42*beta2)*sqrt(var_E)/sqrt(var_Y);
          direct_E = gamma4*sqrt(var_E)/sqrt(var_Y);
          indire_E = (gamma41*beta1 + gamma42*beta2)*sqrt(var_E)/sqrt(var_Y);
          ind_E_FM = (gamma41*beta1)*sqrt(var_E)/sqrt(var_Y);
          ind_E_CF = (gamma42*beta2)*sqrt(var_E)/sqrt(var_Y);

      ! Effect from IMMI2GEN to FLIT
      new(indire_I
              ind_I_FM
              ind_I_CF
      );
          indire_I = (gamma61*beta1 + gamma62*beta2)*sqrt(var_I)/sqrt(var_Y);
          ind_I_FM = (gamma61*beta1)*sqrt(var_I)/sqrt(var_Y);
          ind_I_CF = (gamma62*beta2)*sqrt(var_I)/sqrt(var_Y);

      ! Effect from MALE to FLIT
      new(indire_M
              ind_M_FM
              ind_M_CF
      );
          indire_M = (gamma71*beta1 + gamma72*beta2)*sqrt(var_M)/sqrt(var_Y);
          ind_M_FM = (gamma71*beta1)*sqrt(var_M)/sqrt(var_Y);
          ind_M_CF = (gamma72*beta2)*sqrt(var_M)/sqrt(var_Y);


  OUTPUT:
      stdyx;



INPUT READING TERMINATED NORMALLY




Three-level model

SUMMARY OF ANALYSIS

Number of groups                                                 1
Average number of observations                              107162

Number of replications
    Requested                                                   10
    Completed                                                    8

Number of dependent variables                                    3
Number of independent variables                                 10
Number of continuous latent variables                            0

Observed dependent variables

  Continuous
   FLIT        FCFMLRTY    FLCONFIN

Observed independent variables
   FLSCHOOL    NOBULLY     FLFAMILY    EDUSHORT    STRATIO     MALE
   IMMI1GEN    IMMI2GEN    ESCS        FKI

Variables with special functions

  Cluster variables     CNTRYID   CNTSCHID
  Weight variable (cluster-size scaling)
    W_STU
  Between weight variable for level 2 (sample-size scaling)
    W_SCH

  Within variables
   FCFMLRTY    FLCONFIN    MALE        IMMI1GEN    IMMI2GEN    ESCS

  Level 2 between variables
   EDUSHORT    STRATIO

  Level 3 between variables
   FKI


Estimator                                                      MLR
Information matrix                                        OBSERVED
Maximum number of iterations                                   100
Convergence criterion                                    0.100D-05
Maximum number of EM iterations                                500
Convergence criteria for the EM algorithm
  Loglikelihood change                                   0.100D-02
  Relative loglikelihood change                          0.100D-05
  Derivative                                             0.100D-03
Minimum variance                                         0.100D-03
Maximum number of steepest descent iterations                   20
Maximum number of iterations for H1                           2000
Convergence criterion for H1                             0.100D-02
Optimization algorithm                                         EMA

Input data file(s)
  Multiple data files from
    C:\Users\tctan\implist.dat
Input data format  FREE


SUMMARY OF DATA FOR THE FIRST DATA SET

     Number of CNTSCHID clusters              6631
     Number of CNTRYID clusters                 20

     Average cluster size for CNTSCHID level       16.161

     Estimated Intraclass Correlations for the Y Variables for CNTSCHID level

                Intraclass              Intraclass              Intraclass
     Variable  Correlation   Variable  Correlation   Variable  Correlation

     FLIT         0.179      FLSCHOOL     0.041      NOBULLY      0.018
     FLFAMILY     0.011

     Average cluster size for CNTRYID level     5358.100

     Estimated Intraclass Correlations for the Y Variables for CNTRYID level

                Intraclass              Intraclass              Intraclass
     Variable  Correlation   Variable  Correlation   Variable  Correlation

     FLIT         0.154      FLSCHOOL     0.039      NOBULLY      0.023
     FLFAMILY     0.027


SAMPLE STATISTICS

NOTE:  The sample statistics for within and between refer to the
       maximum-likelihood estimated within and between covariance
       matrices, respectively.

NOTE:  These are average results over 10 data sets.


     ESTIMATED SAMPLE STATISTICS FOR WITHIN


           Means
              FLIT          FCFMLRTY      FLCONFIN      FLSCHOOL      NOBULLY
              ________      ________      ________      ________      ________
                0.000         7.118        -0.064         0.000         0.000


           Means
              FLFAMILY      EDUSHORT      MALE          IMMI1GEN      IMMI2GEN
              ________      ________      ________      ________      ________
                0.000         0.000         0.501         0.030         0.050


           Means
              ESCS          STRATIO       FKI
              ________      ________      ________
               -0.225         0.000         0.000


           Covariances
              FLIT          FCFMLRTY      FLCONFIN      FLSCHOOL      NOBULLY
              ________      ________      ________      ________      ________
 FLIT        6386.972
 FCFMLRTY      97.021        29.668
 FLCONFIN       9.177         1.242         1.034
 FLSCHOOL       0.221         1.464         0.167         0.951
 NOBULLY        5.114         0.163        -0.005        -0.036         1.054
 FLFAMILY       2.868         0.901         0.171         0.204        -0.024
 EDUSHORT       0.000         0.000         0.000         0.000         0.000
 MALE           1.058         0.068         0.058         0.024        -0.039
 IMMI1GEN      -0.428         0.007         0.000         0.003        -0.002
 IMMI2GEN      -0.207         0.010         0.001         0.002         0.000
 ESCS          20.416         1.124         0.109         0.064         0.008
 STRATIO        0.000         0.000         0.000         0.000         0.000
 FKI            0.000         0.000         0.000         0.000         0.000


           Covariances
              FLFAMILY      EDUSHORT      MALE          IMMI1GEN      IMMI2GEN
              ________      ________      ________      ________      ________
 FLFAMILY       1.072
 EDUSHORT       0.000         0.000
 MALE          -0.020         0.000         0.250
 IMMI1GEN       0.001         0.000         0.000         0.029
 IMMI2GEN       0.002         0.000         0.001        -0.001         0.048
 ESCS           0.093         0.000         0.010         0.003         0.008
 STRATIO        0.000         0.000         0.000         0.000         0.000
 FKI            0.000         0.000         0.000         0.000         0.000


           Covariances
              ESCS          STRATIO       FKI
              ________      ________      ________
 ESCS           1.175
 STRATIO        0.000         0.000
 FKI            0.000         0.000         0.000


           Correlations
              FLIT          FCFMLRTY      FLCONFIN      FLSCHOOL      NOBULLY
              ________      ________      ________      ________      ________
 FLIT           1.000
 FCFMLRTY       0.223         1.000
 FLCONFIN       0.113         0.224         1.000
 FLSCHOOL       0.003         0.276         0.169         1.000
 NOBULLY        0.062         0.029        -0.005        -0.036         1.000
 FLFAMILY       0.035         0.160         0.163         0.202        -0.023
 EDUSHORT     999.000       999.000       999.000       999.000       999.000
 MALE           0.026         0.025         0.114         0.049        -0.076
 IMMI1GEN      -0.031         0.007         0.001         0.017        -0.012
 IMMI2GEN      -0.012         0.009         0.004         0.011         0.000
 ESCS           0.236         0.190         0.099         0.060         0.007
 STRATIO      999.000       999.000       999.000       999.000       999.000
 FKI          999.000       999.000       999.000       999.000       999.000


           Correlations
              FLFAMILY      EDUSHORT      MALE          IMMI1GEN      IMMI2GEN
              ________      ________      ________      ________      ________
 FLFAMILY       1.000
 EDUSHORT     999.000       999.000
 MALE          -0.039       999.000         1.000
 IMMI1GEN       0.006       999.000         0.000         1.000
 IMMI2GEN       0.009       999.000         0.005        -0.039         1.000
 ESCS           0.083       999.000         0.018         0.016         0.033
 STRATIO      999.000       999.000       999.000       999.000       999.000
 FKI          999.000       999.000       999.000       999.000       999.000


           Correlations
              ESCS          STRATIO       FKI
              ________      ________      ________
 ESCS           1.000
 STRATIO      999.000       999.000
 FKI          999.000       999.000       999.000


     ESTIMATED SAMPLE STATISTICS FOR BETWEEN CNTSCHID


           Means
              FLIT          FCFMLRTY      FLCONFIN      FLSCHOOL      NOBULLY
              ________      ________      ________      ________      ________
                0.000         0.000         0.000         0.000         0.000


           Means
              FLFAMILY      EDUSHORT      MALE          IMMI1GEN      IMMI2GEN
              ________      ________      ________      ________      ________
                0.000         0.136         0.000         0.000         0.000


           Means
              ESCS          STRATIO       FKI
              ________      ________      ________
                0.000        14.635         0.000


           Covariances
              FLIT          FCFMLRTY      FLCONFIN      FLSCHOOL      NOBULLY
              ________      ________      ________      ________      ________
 FLIT        1725.716
 FCFMLRTY       0.000         0.000
 FLCONFIN       0.000         0.000         0.000
 FLSCHOOL      -3.932         0.000         0.000         0.044
 NOBULLY        2.624         0.000         0.000        -0.008         0.020
 FLFAMILY      -0.242         0.000         0.000         0.005         0.001
 EDUSHORT      -9.258         0.000         0.000         0.014        -0.009
 MALE           0.000         0.000         0.000         0.000         0.000
 IMMI1GEN       0.000         0.000         0.000         0.000         0.000
 IMMI2GEN       0.000         0.000         0.000         0.000         0.000
 ESCS           0.000         0.000         0.000         0.000         0.000
 STRATIO        8.461         0.000         0.000        -0.113         0.098
 FKI            0.000         0.000         0.000         0.000         0.000


           Covariances
              FLFAMILY      EDUSHORT      MALE          IMMI1GEN      IMMI2GEN
              ________      ________      ________      ________      ________
 FLFAMILY       0.013
 EDUSHORT       0.000         1.113
 MALE           0.000         0.000         0.000
 IMMI1GEN       0.000         0.000         0.000         0.000
 IMMI2GEN       0.000         0.000         0.000         0.000         0.000
 ESCS           0.000         0.000         0.000         0.000         0.000
 STRATIO       -0.045        -0.243         0.000         0.000         0.000
 FKI            0.000         0.000         0.000         0.000         0.000


           Covariances
              ESCS          STRATIO       FKI
              ________      ________      ________
 ESCS           0.000
 STRATIO        0.000        98.627
 FKI            0.000         0.000         0.000


           Correlations
              FLIT          FCFMLRTY      FLCONFIN      FLSCHOOL      NOBULLY
              ________      ________      ________      ________      ________
 FLIT           1.000
 FCFMLRTY       0.000         0.000
 FLCONFIN       0.000         0.000         0.000
 FLSCHOOL      -0.453         0.000         0.000         1.000
 NOBULLY        0.452         0.000         0.000        -0.283         1.000
 FLFAMILY      -0.052         0.000         0.000         0.220         0.080
 EDUSHORT      -0.211         0.000         0.000         0.064        -0.058
 MALE           0.000         0.000         0.000         0.000         0.000
 IMMI1GEN       0.000         0.000         0.000         0.000         0.000
 IMMI2GEN       0.000         0.000         0.000         0.000         0.000
 ESCS           0.000         0.000         0.000         0.000         0.000
 STRATIO        0.021         0.000         0.000        -0.054         0.071
 FKI          999.000         0.000         0.000       999.000       999.000


           Correlations
              FLFAMILY      EDUSHORT      MALE          IMMI1GEN      IMMI2GEN
              ________      ________      ________      ________      ________
 FLFAMILY       1.000
 EDUSHORT       0.001         1.000
 MALE           0.000         0.000         0.000
 IMMI1GEN       0.000         0.000         0.000         0.000
 IMMI2GEN       0.000         0.000         0.000         0.000         0.000
 ESCS           0.000         0.000         0.000         0.000         0.000
 STRATIO       -0.040        -0.023         0.000         0.000         0.000
 FKI          999.000       999.000         0.000         0.000         0.000


           Correlations
              ESCS          STRATIO       FKI
              ________      ________      ________
 ESCS           0.000
 STRATIO        0.000         1.000
 FKI            0.000       999.000       999.000


     ESTIMATED SAMPLE STATISTICS FOR BETWEEN CNTRYID


           Means
              FLIT          FCFMLRTY      FLCONFIN      FLSCHOOL      NOBULLY
              ________      ________      ________      ________      ________
              480.520         0.000         0.000         0.012        -0.043


           Means
              FLFAMILY      EDUSHORT      MALE          IMMI1GEN      IMMI2GEN
              ________      ________      ________      ________      ________
                0.061         0.000         0.000         0.000         0.000


           Means
              ESCS          STRATIO       FKI
              ________      ________      ________
                0.000         0.000         0.561


           Covariances
              FLIT          FCFMLRTY      FLCONFIN      FLSCHOOL      NOBULLY
              ________      ________      ________      ________      ________
 FLIT        1459.747
 FCFMLRTY       0.000         0.000
 FLCONFIN       0.000         0.000         0.000
 FLSCHOOL      -0.485         0.000         0.000         0.040
 NOBULLY        0.783         0.000         0.000        -0.018         0.025
 FLFAMILY      -4.769         0.000         0.000        -0.003        -0.006
 EDUSHORT       0.000         0.000         0.000         0.000         0.000
 MALE           0.000         0.000         0.000         0.000         0.000
 IMMI1GEN       0.000         0.000         0.000         0.000         0.000
 IMMI2GEN       0.000         0.000         0.000         0.000         0.000
 ESCS           0.000         0.000         0.000         0.000         0.000
 STRATIO        0.000         0.000         0.000         0.000         0.000
 FKI            5.758         0.000         0.000        -0.013         0.011


           Covariances
              FLFAMILY      EDUSHORT      MALE          IMMI1GEN      IMMI2GEN
              ________      ________      ________      ________      ________
 FLFAMILY       0.029
 EDUSHORT       0.000         0.000
 MALE           0.000         0.000         0.000
 IMMI1GEN       0.000         0.000         0.000         0.000
 IMMI2GEN       0.000         0.000         0.000         0.000         0.000
 ESCS           0.000         0.000         0.000         0.000         0.000
 STRATIO        0.000         0.000         0.000         0.000         0.000
 FKI           -0.020         0.000         0.000         0.000         0.000


           Covariances
              ESCS          STRATIO       FKI
              ________      ________      ________
 ESCS           0.000
 STRATIO        0.000         0.000
 FKI            0.000         0.000         0.045


           Correlations
              FLIT          FCFMLRTY      FLCONFIN      FLSCHOOL      NOBULLY
              ________      ________      ________      ________      ________
 FLIT           1.000
 FCFMLRTY       0.000         0.000
 FLCONFIN       0.000         0.000         0.000
 FLSCHOOL      -0.064         0.000         0.000         1.000
 NOBULLY        0.130         0.000         0.000        -0.566         1.000
 FLFAMILY      -0.729         0.000         0.000        -0.097        -0.214
 EDUSHORT     999.000         0.000         0.000       999.000       999.000
 MALE           0.000         0.000         0.000         0.000         0.000
 IMMI1GEN       0.000         0.000         0.000         0.000         0.000
 IMMI2GEN       0.000         0.000         0.000         0.000         0.000
 ESCS           0.000         0.000         0.000         0.000         0.000
 STRATIO      999.000         0.000         0.000       999.000       999.000
 FKI            0.713         0.000         0.000        -0.305         0.341


           Correlations
              FLFAMILY      EDUSHORT      MALE          IMMI1GEN      IMMI2GEN
              ________      ________      ________      ________      ________
 FLFAMILY       1.000
 EDUSHORT     999.000       999.000
 MALE           0.000         0.000         0.000
 IMMI1GEN       0.000         0.000         0.000         0.000
 IMMI2GEN       0.000         0.000         0.000         0.000         0.000
 ESCS           0.000         0.000         0.000         0.000         0.000
 STRATIO      999.000       999.000         0.000         0.000         0.000
 FKI           -0.563       999.000         0.000         0.000         0.000


           Correlations
              ESCS          STRATIO       FKI
              ________      ________      ________
 ESCS           0.000
 STRATIO        0.000       999.000
 FKI            0.000       999.000         1.000




MODEL FIT INFORMATION

Number of Free Parameters                       69

Loglikelihood

    H0 Value

        Mean                          -1977796.404
        Std Dev                            475.671
        Number of successful computations        8

             Proportions                   Percentiles
        Expected    Observed         Expected       Observed
           0.990       1.000     -1978902.959   -1978333.859
           0.980       1.000     -1978773.291   -1978333.859
           0.950       1.000     -1978578.836   -1978333.859
           0.900       1.000     -1978406.025   -1978333.859
           0.800       0.750     -1978196.729   -1978333.859
           0.700       0.750     -1978045.846   -1978319.791
           0.500       0.375     -1977796.404   -1977944.195
           0.300       0.125     -1977546.962   -1977798.389
           0.200       0.125     -1977396.080   -1977692.404
           0.100       0.125     -1977186.784   -1977558.995
           0.050       0.125     -1977013.973   -1977558.995
           0.020       0.125     -1976819.518   -1977558.995
           0.010       0.000     -1976689.850   -1977558.995

    H1 Value

        Mean                          -1976953.527
        Std Dev                            479.764
        Number of successful computations        8

             Proportions                   Percentiles
        Expected    Observed         Expected       Observed
           0.990       1.000     -1978069.602   -1977530.914
           0.980       1.000     -1977938.818   -1977530.914
           0.950       1.000     -1977742.690   -1977530.914
           0.900       1.000     -1977568.392   -1977530.914
           0.800       0.750     -1977357.296   -1977530.914
           0.700       0.750     -1977205.115   -1977488.474
           0.500       0.500     -1976953.527   -1977070.422
           0.300       0.250     -1976701.939   -1976943.075
           0.200       0.125     -1976549.757   -1976859.549
           0.100       0.125     -1976338.661   -1976682.933
           0.050       0.125     -1976164.363   -1976682.933
           0.020       0.125     -1975968.236   -1976682.933
           0.010       0.000     -1975837.452   -1976682.933

Information Criteria

    Akaike (AIC)

        Mean                           3955730.809
        Std Dev                            951.343
        Number of successful computations        8

             Proportions                   Percentiles
        Expected    Observed         Expected       Observed
           0.990       1.000      3953517.701    3953612.179
           0.980       0.875      3953777.037    3953612.179
           0.950       0.875      3954165.946    3953612.179
           0.900       0.875      3954511.568    3953612.179
           0.800       0.875      3954930.159    3953612.179
           0.700       0.875      3955231.925    3955255.989
           0.500       0.625      3955730.809    3955734.779
           0.300       0.250      3956229.693    3956026.391
           0.200       0.250      3956531.459    3956111.028
           0.100       0.000      3956950.050    3956777.581
           0.050       0.000      3957295.672    3956777.581
           0.020       0.000      3957684.581    3956777.581
           0.010       0.000      3957943.917    3956777.581

    Bayesian (BIC)

        Mean                           3956400.167
        Std Dev                            951.343
        Number of successful computations        8

             Proportions                   Percentiles
        Expected    Observed         Expected       Observed
           0.990       1.000      3954187.059    3954281.538
           0.980       0.875      3954446.395    3954281.538
           0.950       0.875      3954835.304    3954281.538
           0.900       0.875      3955180.927    3954281.538
           0.800       0.875      3955599.518    3954281.538
           0.700       0.875      3955901.283    3955925.348
           0.500       0.625      3956400.167    3956404.137
           0.300       0.250      3956899.051    3956695.749
           0.200       0.250      3957200.817    3956780.386
           0.100       0.000      3957619.408    3957446.940
           0.050       0.000      3957965.031    3957446.940
           0.020       0.000      3958353.940    3957446.940
           0.010       0.000      3958613.276    3957446.940

    Sample-Size Adjusted BIC (n* = (n + 2) / 24)

        Mean                           3956180.883
        Std Dev                            951.343
        Number of successful computations        8

             Proportions                   Percentiles
        Expected    Observed         Expected       Observed
           0.990       1.000      3953967.775    3954062.253
           0.980       0.875      3954227.111    3954062.253
           0.950       0.875      3954616.020    3954062.253
           0.900       0.875      3954961.642    3954062.253
           0.800       0.875      3955380.233    3954062.253
           0.700       0.875      3955681.999    3955706.063
           0.500       0.625      3956180.883    3956184.853
           0.300       0.250      3956679.767    3956476.465
           0.200       0.250      3956981.533    3956561.101
           0.100       0.000      3957400.123    3957227.655
           0.050       0.000      3957745.746    3957227.655
           0.020       0.000      3958134.655    3957227.655
           0.010       0.000      3958393.991    3957227.655

Chi-Square Test of Model Fit

        Degrees of freedom                      31

        Mean                               413.240
        Std Dev                              7.025
        Number of successful computations        8

             Proportions                   Percentiles
        Expected    Observed         Expected       Observed
           0.990       1.000           15.655        397.546
           0.980       1.000           17.042        397.546
           0.950       1.000           19.281        397.546
           0.900       1.000           21.434        397.546
           0.800       1.000           24.255        397.546
           0.700       1.000           26.440        410.035
           0.500       1.000           30.336        413.353
           0.300       1.000           34.598        416.847
           0.200       1.000           37.359        417.909
           0.100       1.000           41.422        418.299
           0.050       1.000           44.985        418.299
           0.020       1.000           49.226        418.299
           0.010       1.000           52.191        418.299

RMSEA (Root Mean Square Error Of Approximation)

        Mean                                 0.011
        Std Dev                              0.000
        Number of successful computations        8

             Proportions                   Percentiles
        Expected    Observed         Expected       Observed
           0.990       1.000            0.010          0.011
           0.980       0.875            0.011          0.011
           0.950       0.875            0.011          0.011
           0.900       0.875            0.011          0.011
           0.800       0.875            0.011          0.011
           0.700       0.875            0.011          0.011
           0.500       0.625            0.011          0.011
           0.300       0.375            0.011          0.011
           0.200       0.125            0.011          0.011
           0.100       0.000            0.011          0.011
           0.050       0.000            0.011          0.011
           0.020       0.000            0.011          0.011
           0.010       0.000            0.011          0.011

CFI/TLI

    CFI

        Mean                                 0.999
        Std Dev                              0.000
        Number of successful computations        8

             Proportions                   Percentiles
        Expected    Observed         Expected       Observed
           0.990       1.000            0.999          0.999
           0.980       1.000            0.999          0.999
           0.950       1.000            0.999          0.999
           0.900       1.000            0.999          0.999
           0.800       0.875            0.999          0.999
           0.700       0.625            0.999          0.999
           0.500       0.500            0.999          0.999
           0.300       0.125            0.999          0.999
           0.200       0.125            0.999          0.999
           0.100       0.125            0.999          0.999
           0.050       0.125            0.999          0.999
           0.020       0.125            0.999          0.999
           0.010       0.000            0.999          0.999

    TLI

        Mean                                 0.998
        Std Dev                              0.000
        Number of successful computations        8

             Proportions                   Percentiles
        Expected    Observed         Expected       Observed
           0.990       1.000            0.998          0.998
           0.980       1.000            0.998          0.998
           0.950       1.000            0.998          0.998
           0.900       1.000            0.998          0.998
           0.800       0.875            0.998          0.998
           0.700       0.625            0.998          0.998
           0.500       0.500            0.998          0.998
           0.300       0.125            0.998          0.998
           0.200       0.125            0.998          0.998
           0.100       0.125            0.998          0.998
           0.050       0.125            0.998          0.998
           0.020       0.125            0.998          0.998
           0.010       0.000            0.998          0.998

SRMR (Standardized Root Mean Square Residual) for the WITHIN level

        Mean                                 0.015
        Std Dev                              0.000
        Number of successful computations        8

             Proportions                   Percentiles
        Expected    Observed         Expected       Observed
           0.990       1.000            0.014          0.014
           0.980       1.000            0.014          0.014
           0.950       0.875            0.014          0.014
           0.900       0.875            0.014          0.014
           0.800       0.875            0.015          0.014
           0.700       0.750            0.015          0.015
           0.500       0.500            0.015          0.015
           0.300       0.250            0.015          0.015
           0.200       0.250            0.015          0.015
           0.100       0.250            0.015          0.015
           0.050       0.000            0.015          0.015
           0.020       0.000            0.015          0.015
           0.010       0.000            0.015          0.015

SRMR (Standardized Root Mean Square Residual) for the BETWEEN level 2

        Mean                                 0.034
        Std Dev                              0.002
        Number of successful computations        8

             Proportions                   Percentiles
        Expected    Observed         Expected       Observed
           0.990       1.000            0.029          0.031
           0.980       1.000            0.030          0.031
           0.950       1.000            0.030          0.031
           0.900       1.000            0.031          0.031
           0.800       0.875            0.032          0.031
           0.700       0.500            0.033          0.032
           0.500       0.500            0.034          0.032
           0.300       0.250            0.035          0.034
           0.200       0.125            0.035          0.034
           0.100       0.125            0.036          0.035
           0.050       0.125            0.037          0.035
           0.020       0.125            0.037          0.035
           0.010       0.000            0.038          0.035

SRMR (Standardized Root Mean Square Residual) for the BETWEEN level 3

        Mean                                 0.252
        Std Dev                              0.002
        Number of successful computations        8

             Proportions                   Percentiles
        Expected    Observed         Expected       Observed
           0.990       1.000            0.246          0.248
           0.980       1.000            0.247          0.248
           0.950       1.000            0.248          0.248
           0.900       0.875            0.249          0.248
           0.800       0.750            0.250          0.248
           0.700       0.750            0.251          0.249
           0.500       0.375            0.252          0.252
           0.300       0.250            0.253          0.252
           0.200       0.250            0.254          0.253
           0.100       0.125            0.255          0.254
           0.050       0.125            0.255          0.254
           0.020       0.000            0.256          0.254
           0.010       0.000            0.257          0.254



MODEL RESULTS

                    Estimate

Within Level

 FCFMLRTY   ON
    FLSCHOOL           1.378
    FLFAMILY           0.511
    NOBULLY            0.208
    ESCS               0.843
    IMMI2GEN           0.005
    MALE               0.186

 FLCONFIN   ON
    FLSCHOOL           0.137
    FLFAMILY           0.131
    NOBULLY            0.010
    ESCS               0.074
    IMMI2GEN          -0.003
    MALE               0.228

 FLIT       ON
    FCFMLRTY           2.786
    FLCONFIN           4.944
    FLSCHOOL          -5.502
    FLFAMILY          -0.566
    NOBULLY            3.978
    ESCS              14.777
    IMMI1GEN         -14.553

 FLSCHOOL WITH
    FLFAMILY           0.204
    NOBULLY           -0.037
    ESCS               0.062

 FLFAMILY WITH
    NOBULLY           -0.026
    ESCS               0.090

 FCFMLRTY WITH
    FLCONFIN           0.823

 ESCS     WITH
    IMMI1GEN           0.003
    IMMI2GEN           0.008

 Means
    MALE               0.501
    IMMI1GEN           0.030
    IMMI2GEN           0.050
    ESCS              -0.225

 Intercepts
    FCFMLRTY           7.213
    FLCONFIN          -0.161

 Variances
    FLSCHOOL           0.951
    NOBULLY            1.053
    FLFAMILY           1.072
    MALE               0.250
    IMMI1GEN           0.029
    IMMI2GEN           0.048
    ESCS               1.175

 Residual Variances
    FLIT            5750.831
    FCFMLRTY          26.207
    FLCONFIN           0.968

Between CNTSCHID Level

 FLIT       ON
    FLSCHOOL         -64.497
    FLFAMILY          -4.098
    NOBULLY          106.534
    EDUSHORT          -6.420
    STRATIO            0.000

 FLSCHOOL WITH
    FLFAMILY           0.005
    NOBULLY           -0.010
    EDUSHORT           0.015

 FLFAMILY WITH
    NOBULLY            0.002
    EDUSHORT           0.000

 NOBULLY  WITH
    EDUSHORT          -0.011

 Means
    EDUSHORT           0.135

 Variances
    FLSCHOOL           0.045
    NOBULLY            0.021
    FLFAMILY           0.013
    EDUSHORT           1.113

 Residual Variances
    FLIT            1093.783

Between CNTRYID Level

 FLIT       ON
    FKI              125.787

 Means
    FLSCHOOL           0.012
    NOBULLY           -0.043
    FLFAMILY           0.061

 Intercepts
    FLIT             395.070

 Variances
    FLSCHOOL           0.039
    NOBULLY            0.025
    FLFAMILY           0.029

 Residual Variances
    FLIT             713.747

New/Additional Parameters
    TOTAL_A           -0.013
    DIRECT_A          -0.071
    INDIRE_A           0.058
    IND_A_FM           0.049
    IND_A_CF           0.009
    TOTAL_C            0.021
    DIRECT_C          -0.008
    INDIRE_C           0.028
    IND_C_FM           0.019
    IND_C_CF           0.009
    TOTAL_S            0.062
    DIRECT_S           0.054
    INDIRE_S           0.009
    IND_S_FM           0.008
    IND_S_CF           0.001
    TOTAL_E            0.250
    DIRECT_E           0.211
    INDIRE_E           0.039
    IND_E_FM           0.034
    IND_E_CF           0.005
    INDIRE_I           0.000
    IND_I_FM           0.000
    IND_I_CF           0.000
    INDIRE_M           0.011
    IND_M_FM           0.003
    IND_M_CF           0.007


STANDARDIZED MODEL RESULTS


STDYX Standardization

                                                    Two-Tailed   Rate of
                    Estimate       S.E.  Est./S.E.    P-Value    Missing

Within Level

 FCFMLRTY   ON
    FLSCHOOL           0.247      0.017     14.409      0.000      0.013
    FLFAMILY           0.097      0.009     10.810      0.000      0.068
    NOBULLY            0.039      0.005      8.472      0.000      0.138
    ESCS               0.168      0.018      9.249      0.000      0.015
    IMMI2GEN           0.000      0.008      0.025      0.980      0.017
    MALE               0.017      0.010      1.730      0.084      0.008

 FLCONFIN   ON
    FLSCHOOL           0.132      0.009     14.259      0.000      0.019
    FLFAMILY           0.134      0.007     20.527      0.000      0.083
    NOBULLY            0.010      0.007      1.418      0.156      0.056
    ESCS               0.079      0.021      3.759      0.000      0.004
    IMMI2GEN          -0.001      0.008     -0.071      0.944      0.051
    MALE               0.112      0.011     10.306      0.000      0.055

 FLIT       ON
    FCFMLRTY           0.190      0.012     15.322      0.000      0.062
    FLCONFIN           0.063      0.010      6.423      0.000      0.083
    FLSCHOOL          -0.067      0.013     -5.082      0.000      0.019
    FLFAMILY          -0.007      0.011     -0.677      0.498      0.021
    NOBULLY            0.051      0.006      7.918      0.000      0.177
    ESCS               0.200      0.016     12.354      0.000      0.026
    IMMI1GEN          -0.031      0.010     -3.180      0.001      0.098

 FLSCHOOL WITH
    FLFAMILY           0.202      0.011     18.187      0.000      0.040
    NOBULLY           -0.037      0.007     -5.460      0.000      0.033
    ESCS               0.059      0.014      4.305      0.000      0.014

 FLFAMILY WITH
    NOBULLY           -0.025      0.006     -3.914      0.000      0.141
    ESCS               0.080      0.011      7.268      0.000      0.015

 FCFMLRTY WITH
    FLCONFIN           0.163      0.010     16.064      0.000      0.049

 ESCS     WITH
    IMMI1GEN           0.016      0.041      0.386      0.700      0.000
    IMMI2GEN           0.033      0.040      0.830      0.407      0.000

 Means
    MALE               1.001      0.005    204.695      0.000      0.000
    IMMI1GEN           0.176      0.032      5.541      0.000      0.000
    IMMI2GEN           0.230      0.037      6.280      0.000      0.001
    ESCS              -0.207      0.109     -1.906      0.057      0.000

 Intercepts
    FCFMLRTY           1.324      0.037     36.057      0.000      0.002
    FLCONFIN          -0.158      0.045     -3.534      0.000      0.004

 Variances
    FLSCHOOL           1.000      0.000  *********      0.000      0.000
    NOBULLY            1.000      0.000  *********      0.000      0.000
    FLFAMILY           1.000      0.000  *********      0.000      0.000
    MALE               1.000      0.000  *********      0.000      0.000
    IMMI1GEN           1.000      0.000    999.000    999.000      0.000
    IMMI2GEN           1.000      0.000  *********      0.000      0.000
    ESCS               1.000      0.000  *********      0.000      0.000

 Residual Variances
    FLIT               0.900      0.010     93.674      0.000      0.021
    FCFMLRTY           0.883      0.011     81.814      0.000      0.016
    FLCONFIN           0.936      0.007    132.713      0.000      0.027

Between CNTSCHID Level

 FLIT       ON
    FLSCHOOL          -0.328      0.054     -6.130      0.000      0.142
    FLFAMILY          -0.011      0.061     -0.184      0.854      0.108
    NOBULLY            0.372      0.050      7.433      0.000      0.182
    EDUSHORT          -0.163      0.037     -4.395      0.000      0.070
    STRATIO            0.000      0.057     -0.002      0.998      0.019

 FLSCHOOL WITH
    FLFAMILY           0.191      0.095      2.010      0.044      0.053
    NOBULLY           -0.312      0.075     -4.152      0.000      0.015
    EDUSHORT           0.068      0.021      3.292      0.001      0.085

 FLFAMILY WITH
    NOBULLY            0.119      0.091      1.304      0.192      0.131
    EDUSHORT          -0.003      0.049     -0.069      0.945      0.162

 NOBULLY  WITH
    EDUSHORT          -0.070      0.045     -1.538      0.124      0.194

 Means
    EDUSHORT           0.128      0.078      1.653      0.098      0.001

 Variances
    FLSCHOOL           1.000      0.000  *********      0.000      0.000
    NOBULLY            1.000      0.000  *********      0.000      0.000
    FLFAMILY           1.000      0.000  *********      0.000      0.000
    EDUSHORT           1.000      0.000  *********      0.000      0.000

 Residual Variances
    FLIT               0.635      0.042     15.168      0.000      0.069

Between CNTRYID Level

 FLIT       ON
    FKI                0.705      0.089      7.952      0.000      0.001

 Means
    FLSCHOOL           0.063      0.247      0.255      0.799      0.000
    NOBULLY           -0.272      0.227     -1.198      0.231      0.003
    FLFAMILY           0.360      0.204      1.766      0.077      0.001

 Intercepts
    FLIT              10.482      1.686      6.217      0.000      0.003

 Variances
    FLSCHOOL           1.000      0.000  *********      0.000      0.000
    NOBULLY            1.000      0.000  *********      0.000      0.000
    FLFAMILY           1.000      0.000  *********      0.000      0.000

 Residual Variances
    FLIT               0.502      0.125      4.014      0.000      0.001


R-SQUARE

Within Level

    Observed                                        Two-Tailed   Rate of
    Variable        Estimate       S.E.  Est./S.E.    P-Value    Missing

    FLIT               0.100      0.010     10.464      0.000      0.021
    FCFMLRTY           0.117      0.011     10.788      0.000      0.016
    FLCONFIN           0.064      0.007      9.063      0.000      0.027

Between CNTSCHID Level

    Observed                                        Two-Tailed   Rate of
    Variable        Estimate       S.E.  Est./S.E.    P-Value    Missing

    FLIT               0.365      0.042      8.727      0.000      0.069

Between CNTRYID Level

    Observed                                        Two-Tailed   Rate of
    Variable        Estimate       S.E.  Est./S.E.    P-Value    Missing

    FLIT               0.498      0.125      3.976      0.000      0.001


QUALITY OF NUMERICAL RESULTS

     Average Condition Number for the Information Matrix      0.113E-08
       (ratio of smallest to largest eigenvalue)


MODEL COMMAND WITH FINAL ESTIMATES USED AS STARTING VALUES

     %WITHIN%

     fcfmlrty ON flschool*1.37756 (gamma11);
     fcfmlrty ON flfamily*0.51133 (gamma21);
     fcfmlrty ON nobully*0.20826 (gamma31);
     fcfmlrty ON escs*0.84312 (gamma41);
     fcfmlrty ON immi2gen*0.00496 (gamma61);
     fcfmlrty ON male*0.18554 (gamma71);
     flconfin ON flschool*0.13722 (gamma12);
     flconfin ON flfamily*0.13136 (gamma22);
     flconfin ON nobully*0.01026 (gamma32);
     flconfin ON escs*0.07377 (gamma42);
     flconfin ON immi2gen*-0.00270 (gamma62);
     flconfin ON male*0.22813 (gamma72);
     flit ON fcfmlrty*2.78570 (beta1);
     flit ON flconfin*4.94413 (beta2);
     flit ON flschool*-5.50219 (gamma1);
     flit ON flfamily*-0.56636 (gamma2);
     flit ON nobully*3.97771 (gamma3);
     flit ON escs*14.77746 (gamma4);
     flit ON immi1gen*-14.55266;

     flschool WITH flfamily*0.20368;
     flschool WITH nobully*-0.03655;
     flschool WITH escs*0.06186;
     flfamily WITH nobully*-0.02615;
     flfamily WITH escs*0.09016;
     fcfmlrty WITH flconfin*0.82312;
     escs WITH immi1gen*0.00297;
     escs WITH immi2gen*0.00783;

     [ fcfmlrty*7.21278 ];
     [ flconfin*-0.16109 ];
     [ male*0.50054 ];
     [ immi1gen*0.03022 ];
     [ immi2gen*0.05017 ];
     [ escs*-0.22476 ];

     flit*5750.83057 (var_y);
     fcfmlrty*26.20710;
     flconfin*0.96779;
     flschool*0.95060 (var_a);
     nobully*1.05272 (var_s);
     flfamily*1.07173 (var_c);
     male*0.25000 (var_m);
     immi1gen*0.02938;
     immi2gen*0.04765 (var_i);
     escs*1.17484 (var_e);

     %BETWEEN CNTSCHID%

     flit ON flschool*-64.49714;
     flit ON flfamily*-4.09753;
     flit ON nobully*106.53386;
     flit ON edushort*-6.42015;
     flit ON stratio*-0.00044;

     flschool WITH flfamily*0.00456;
     flschool WITH nobully*-0.00956;
     flschool WITH edushort*0.01524;
     flfamily WITH nobully*0.00196;
     flfamily WITH edushort*-0.00040;
     nobully WITH edushort*-0.01064;

     [ edushort*0.13547 ];

     flit*1093.78345;
     flschool*0.04468;
     nobully*0.02097;
     flfamily*0.01291;
     edushort*1.11292;

     %BETWEEN CNTRYID%

     flit ON fki*125.78651;

     [ flit*395.07013 ];
     [ flschool*0.01237 ];
     [ nobully*-0.04271 ];
     [ flfamily*0.06081 ];

     flit*713.74652;
     flschool*0.03878;
     nobully*0.02463;
     flfamily*0.02860;

     ! NEW statements in MODEL CONSTRAINT
     NEW(total_a*-0.01268);
     NEW(direct_a*-0.07074);
     NEW(indire_a*0.05806);
     NEW(ind_a_fm*0.04934);
     NEW(ind_a_cf*0.00872);
     NEW(total_c*0.02058);
     NEW(direct_c*-0.00773);
     NEW(indire_c*0.02831);
     NEW(ind_c_fm*0.01944);
     NEW(ind_c_cf*0.00887);
     NEW(total_s*0.06236);
     NEW(direct_s*0.05382);
     NEW(indire_s*0.00854);
     NEW(ind_s_fm*0.00785);
     NEW(ind_s_cf*0.00069);
     NEW(total_e*0.25000);
     NEW(direct_e*0.21121);
     NEW(indire_e*0.03878);
     NEW(ind_e_fm*0.03357);
     NEW(ind_e_cf*0.00521);
     NEW(indire_i*0.00000);
     NEW(ind_i_fm*0.00004);
     NEW(ind_i_cf*-0.00004);
     NEW(indire_m*0.01085);
     NEW(ind_m_fm*0.00341);
     NEW(ind_m_cf*0.00744);




TECHNICAL 1 OUTPUT


     PARAMETER SPECIFICATION FOR WITHIN


           NU
              FLIT          FCFMLRTY      FLCONFIN      FLSCHOOL      NOBULLY
              ________      ________      ________      ________      ________
                    0             0             0             0             0


           NU
              FLFAMILY      MALE          IMMI1GEN      IMMI2GEN      ESCS
              ________      ________      ________      ________      ________
                    0             0             0             0             0


           LAMBDA
              FLIT          FCFMLRTY      FLCONFIN      FLSCHOOL      NOBULLY
              ________      ________      ________      ________      ________
 FLIT               0             0             0             0             0
 FCFMLRTY           0             0             0             0             0
 FLCONFIN           0             0             0             0             0
 FLSCHOOL           0             0             0             0             0
 NOBULLY            0             0             0             0             0
 FLFAMILY           0             0             0             0             0
 MALE               0             0             0             0             0
 IMMI1GEN           0             0             0             0             0
 IMMI2GEN           0             0             0             0             0
 ESCS               0             0             0             0             0


           LAMBDA
              FLFAMILY      MALE          IMMI1GEN      IMMI2GEN      ESCS
              ________      ________      ________      ________      ________
 FLIT               0             0             0             0             0
 FCFMLRTY           0             0             0             0             0
 FLCONFIN           0             0             0             0             0
 FLSCHOOL           0             0             0             0             0
 NOBULLY            0             0             0             0             0
 FLFAMILY           0             0             0             0             0
 MALE               0             0             0             0             0
 IMMI1GEN           0             0             0             0             0
 IMMI2GEN           0             0             0             0             0
 ESCS               0             0             0             0             0


           THETA
              FLIT          FCFMLRTY      FLCONFIN      FLSCHOOL      NOBULLY
              ________      ________      ________      ________      ________
 FLIT               0
 FCFMLRTY           0             0
 FLCONFIN           0             0             0
 FLSCHOOL           0             0             0             0
 NOBULLY            0             0             0             0             0
 FLFAMILY           0             0             0             0             0
 MALE               0             0             0             0             0
 IMMI1GEN           0             0             0             0             0
 IMMI2GEN           0             0             0             0             0
 ESCS               0             0             0             0             0


           THETA
              FLFAMILY      MALE          IMMI1GEN      IMMI2GEN      ESCS
              ________      ________      ________      ________      ________
 FLFAMILY           0
 MALE               0             0
 IMMI1GEN           0             0             0
 IMMI2GEN           0             0             0             0
 ESCS               0             0             0             0             0


           ALPHA
              FLIT          FCFMLRTY      FLCONFIN      FLSCHOOL      NOBULLY
              ________      ________      ________      ________      ________
                    0             1             2             0             0


           ALPHA
              FLFAMILY      MALE          IMMI1GEN      IMMI2GEN      ESCS
              ________      ________      ________      ________      ________
                    0             3             4             5             6


           BETA
              FLIT          FCFMLRTY      FLCONFIN      FLSCHOOL      NOBULLY
              ________      ________      ________      ________      ________
 FLIT               0             7             8             9            10
 FCFMLRTY           0             0             0            14            15
 FLCONFIN           0             0             0            20            21
 FLSCHOOL           0             0             0             0             0
 NOBULLY            0             0             0             0             0
 FLFAMILY           0             0             0             0             0
 MALE               0             0             0             0             0
 IMMI1GEN           0             0             0             0             0
 IMMI2GEN           0             0             0             0             0
 ESCS               0             0             0             0             0


           BETA
              FLFAMILY      MALE          IMMI1GEN      IMMI2GEN      ESCS
              ________      ________      ________      ________      ________
 FLIT              11             0            12             0            13
 FCFMLRTY          16            17             0            18            19
 FLCONFIN          22            23             0            24            25
 FLSCHOOL           0             0             0             0             0
 NOBULLY            0             0             0             0             0
 FLFAMILY           0             0             0             0             0
 MALE               0             0             0             0             0
 IMMI1GEN           0             0             0             0             0
 IMMI2GEN           0             0             0             0             0
 ESCS               0             0             0             0             0


           PSI
              FLIT          FCFMLRTY      FLCONFIN      FLSCHOOL      NOBULLY
              ________      ________      ________      ________      ________
 FLIT              26
 FCFMLRTY           0            27
 FLCONFIN           0            28            29
 FLSCHOOL           0             0             0            30
 NOBULLY            0             0             0            31            32
 FLFAMILY           0             0             0            33            34
 MALE               0             0             0             0             0
 IMMI1GEN           0             0             0             0             0
 IMMI2GEN           0             0             0             0             0
 ESCS               0             0             0            39             0


           PSI
              FLFAMILY      MALE          IMMI1GEN      IMMI2GEN      ESCS
              ________      ________      ________      ________      ________
 FLFAMILY          35
 MALE               0            36
 IMMI1GEN           0             0            37
 IMMI2GEN           0             0             0            38
 ESCS              40             0            41            42            43


     PARAMETER SPECIFICATION FOR BETWEEN CNTSCHID


           NU
              FLIT          FLSCHOOL      NOBULLY       FLFAMILY      EDUSHORT
              ________      ________      ________      ________      ________
                    0             0             0             0             0


           NU
              STRATIO
              ________
                    0


           LAMBDA
              FLIT          FLSCHOOL      NOBULLY       FLFAMILY      EDUSHORT
              ________      ________      ________      ________      ________
 FLIT               0             0             0             0             0
 FLSCHOOL           0             0             0             0             0
 NOBULLY            0             0             0             0             0
 FLFAMILY           0             0             0             0             0
 EDUSHORT           0             0             0             0             0
 STRATIO            0             0             0             0             0


           LAMBDA
              STRATIO
              ________
 FLIT               0
 FLSCHOOL           0
 NOBULLY            0
 FLFAMILY           0
 EDUSHORT           0
 STRATIO            0


           THETA
              FLIT          FLSCHOOL      NOBULLY       FLFAMILY      EDUSHORT
              ________      ________      ________      ________      ________
 FLIT               0
 FLSCHOOL           0             0
 NOBULLY            0             0             0
 FLFAMILY           0             0             0             0
 EDUSHORT           0             0             0             0             0
 STRATIO            0             0             0             0             0


           THETA
              STRATIO
              ________
 STRATIO            0


           ALPHA
              FLIT          FLSCHOOL      NOBULLY       FLFAMILY      EDUSHORT
              ________      ________      ________      ________      ________
                    0             0             0             0            44


           ALPHA
              STRATIO
              ________
                    0


           BETA
              FLIT          FLSCHOOL      NOBULLY       FLFAMILY      EDUSHORT
              ________      ________      ________      ________      ________
 FLIT               0            45            46            47            48
 FLSCHOOL           0             0             0             0             0
 NOBULLY            0             0             0             0             0
 FLFAMILY           0             0             0             0             0
 EDUSHORT           0             0             0             0             0
 STRATIO            0             0             0             0             0


           BETA
              STRATIO
              ________
 FLIT              49
 FLSCHOOL           0
 NOBULLY            0
 FLFAMILY           0
 EDUSHORT           0
 STRATIO            0


           PSI
              FLIT          FLSCHOOL      NOBULLY       FLFAMILY      EDUSHORT
              ________      ________      ________      ________      ________
 FLIT              50
 FLSCHOOL           0            51
 NOBULLY            0            52            53
 FLFAMILY           0            54            55            56
 EDUSHORT           0            57            58            59            60
 STRATIO            0             0             0             0             0


           PSI
              STRATIO
              ________
 STRATIO            0


     PARAMETER SPECIFICATION FOR BETWEEN CNTRYID


           NU
              FLIT          FLSCHOOL      NOBULLY       FLFAMILY      FKI
              ________      ________      ________      ________      ________
                    0             0             0             0             0


           LAMBDA
              FLIT          FLSCHOOL      NOBULLY       FLFAMILY      FKI
              ________      ________      ________      ________      ________
 FLIT               0             0             0             0             0
 FLSCHOOL           0             0             0             0             0
 NOBULLY            0             0             0             0             0
 FLFAMILY           0             0             0             0             0
 FKI                0             0             0             0             0


           THETA
              FLIT          FLSCHOOL      NOBULLY       FLFAMILY      FKI
              ________      ________      ________      ________      ________
 FLIT               0
 FLSCHOOL           0             0
 NOBULLY            0             0             0
 FLFAMILY           0             0             0             0
 FKI                0             0             0             0             0


           ALPHA
              FLIT          FLSCHOOL      NOBULLY       FLFAMILY      FKI
              ________      ________      ________      ________      ________
                   61            62            63            64             0


           BETA
              FLIT          FLSCHOOL      NOBULLY       FLFAMILY      FKI
              ________      ________      ________      ________      ________
 FLIT               0             0             0             0            65
 FLSCHOOL           0             0             0             0             0
 NOBULLY            0             0             0             0             0
 FLFAMILY           0             0             0             0             0
 FKI                0             0             0             0             0


           PSI
              FLIT          FLSCHOOL      NOBULLY       FLFAMILY      FKI
              ________      ________      ________      ________      ________
 FLIT              66
 FLSCHOOL           0            67
 NOBULLY            0             0            68
 FLFAMILY           0             0             0            69
 FKI                0             0             0             0             0


     PARAMETER SPECIFICATION FOR THE ADDITIONAL PARAMETERS


           NEW/ADDITIONAL PARAMETERS
              TOTAL_A       DIRECT_A      INDIRE_A      IND_A_FM      IND_A_CF
              ________      ________      ________      ________      ________
                   70            71            72            73            74


           NEW/ADDITIONAL PARAMETERS
              TOTAL_C       DIRECT_C      INDIRE_C      IND_C_FM      IND_C_CF
              ________      ________      ________      ________      ________
                   75            76            77            78            79


           NEW/ADDITIONAL PARAMETERS
              TOTAL_S       DIRECT_S      INDIRE_S      IND_S_FM      IND_S_CF
              ________      ________      ________      ________      ________
                   80            81            82            83            84


           NEW/ADDITIONAL PARAMETERS
              TOTAL_E       DIRECT_E      INDIRE_E      IND_E_FM      IND_E_CF
              ________      ________      ________      ________      ________
                   85            86            87            88            89


           NEW/ADDITIONAL PARAMETERS
              INDIRE_I      IND_I_FM      IND_I_CF      INDIRE_M      IND_M_FM
              ________      ________      ________      ________      ________
                   90            91            92            93            94


           NEW/ADDITIONAL PARAMETERS
              IND_M_CF
              ________
                   95


     STARTING VALUES FOR WITHIN


           NU
              FLIT          FCFMLRTY      FLCONFIN      FLSCHOOL      NOBULLY
              ________      ________      ________      ________      ________
                0.000         0.000         0.000         0.000         0.000


           NU
              FLFAMILY      MALE          IMMI1GEN      IMMI2GEN      ESCS
              ________      ________      ________      ________      ________
                0.000         0.000         0.000         0.000         0.000


           LAMBDA
              FLIT          FCFMLRTY      FLCONFIN      FLSCHOOL      NOBULLY
              ________      ________      ________      ________      ________
 FLIT           1.000         0.000         0.000         0.000         0.000
 FCFMLRTY       0.000         1.000         0.000         0.000         0.000
 FLCONFIN       0.000         0.000         1.000         0.000         0.000
 FLSCHOOL       0.000         0.000         0.000         1.000         0.000
 NOBULLY        0.000         0.000         0.000         0.000         1.000
 FLFAMILY       0.000         0.000         0.000         0.000         0.000
 MALE           0.000         0.000         0.000         0.000         0.000
 IMMI1GEN       0.000         0.000         0.000         0.000         0.000
 IMMI2GEN       0.000         0.000         0.000         0.000         0.000
 ESCS           0.000         0.000         0.000         0.000         0.000


           LAMBDA
              FLFAMILY      MALE          IMMI1GEN      IMMI2GEN      ESCS
              ________      ________      ________      ________      ________
 FLIT           0.000         0.000         0.000         0.000         0.000
 FCFMLRTY       0.000         0.000         0.000         0.000         0.000
 FLCONFIN       0.000         0.000         0.000         0.000         0.000
 FLSCHOOL       0.000         0.000         0.000         0.000         0.000
 NOBULLY        0.000         0.000         0.000         0.000         0.000
 FLFAMILY       1.000         0.000         0.000         0.000         0.000
 MALE           0.000         1.000         0.000         0.000         0.000
 IMMI1GEN       0.000         0.000         1.000         0.000         0.000
 IMMI2GEN       0.000         0.000         0.000         1.000         0.000
 ESCS           0.000         0.000         0.000         0.000         1.000


           THETA
              FLIT          FCFMLRTY      FLCONFIN      FLSCHOOL      NOBULLY
              ________      ________      ________      ________      ________
 FLIT           0.000
 FCFMLRTY       0.000         0.000
 FLCONFIN       0.000         0.000         0.000
 FLSCHOOL       0.000         0.000         0.000         0.000
 NOBULLY        0.000         0.000         0.000         0.000         0.000
 FLFAMILY       0.000         0.000         0.000         0.000         0.000
 MALE           0.000         0.000         0.000         0.000         0.000
 IMMI1GEN       0.000         0.000         0.000         0.000         0.000
 IMMI2GEN       0.000         0.000         0.000         0.000         0.000
 ESCS           0.000         0.000         0.000         0.000         0.000


           THETA
              FLFAMILY      MALE          IMMI1GEN      IMMI2GEN      ESCS
              ________      ________      ________      ________      ________
 FLFAMILY       0.000
 MALE           0.000         0.000
 IMMI1GEN       0.000         0.000         0.000
 IMMI2GEN       0.000         0.000         0.000         0.000
 ESCS           0.000         0.000         0.000         0.000         0.000


           ALPHA
              FLIT          FCFMLRTY      FLCONFIN      FLSCHOOL      NOBULLY
              ________      ________      ________      ________      ________
                0.000         7.043        -0.073         0.000         0.000


           ALPHA
              FLFAMILY      MALE          IMMI1GEN      IMMI2GEN      ESCS
              ________      ________      ________      ________      ________
                0.000         0.504         0.030         0.043        -0.243


           BETA
              FLIT          FCFMLRTY      FLCONFIN      FLSCHOOL      NOBULLY
              ________      ________      ________      ________      ________
 FLIT           0.000         0.000         0.000         0.000         0.000
 FCFMLRTY       0.000         0.000         0.000         0.000         0.000
 FLCONFIN       0.000         0.000         0.000         0.000         0.000
 FLSCHOOL       0.000         0.000         0.000         0.000         0.000
 NOBULLY        0.000         0.000         0.000         0.000         0.000
 FLFAMILY       0.000         0.000         0.000         0.000         0.000
 MALE           0.000         0.000         0.000         0.000         0.000
 IMMI1GEN       0.000         0.000         0.000         0.000         0.000
 IMMI2GEN       0.000         0.000         0.000         0.000         0.000
 ESCS           0.000         0.000         0.000         0.000         0.000


           BETA
              FLFAMILY      MALE          IMMI1GEN      IMMI2GEN      ESCS
              ________      ________      ________      ________      ________
 FLIT           0.000         0.000         0.000         0.000         0.000
 FCFMLRTY       0.000         0.000         0.000         0.000         0.000
 FLCONFIN       0.000         0.000         0.000         0.000         0.000
 FLSCHOOL       0.000         0.000         0.000         0.000         0.000
 NOBULLY        0.000         0.000         0.000         0.000         0.000
 FLFAMILY       0.000         0.000         0.000         0.000         0.000
 MALE           0.000         0.000         0.000         0.000         0.000
 IMMI1GEN       0.000         0.000         0.000         0.000         0.000
 IMMI2GEN       0.000         0.000         0.000         0.000         0.000
 ESCS           0.000         0.000         0.000         0.000         0.000


           PSI
              FLIT          FCFMLRTY      FLCONFIN      FLSCHOOL      NOBULLY
              ________      ________      ________      ________      ________
 FLIT        5174.403
 FCFMLRTY       0.000        14.846
 FLCONFIN       0.000         0.000         0.517
 FLSCHOOL       0.000         0.000         0.000         0.520
 NOBULLY        0.000         0.000         0.000         0.000         0.556
 FLFAMILY       0.000         0.000         0.000         0.000         0.000
 MALE           0.000         0.000         0.000         0.000         0.000
 IMMI1GEN       0.000         0.000         0.000         0.000         0.000
 IMMI2GEN       0.000         0.000         0.000         0.000         0.000
 ESCS           0.000         0.000         0.000         0.000         0.000


           PSI
              FLFAMILY      MALE          IMMI1GEN      IMMI2GEN      ESCS
              ________      ________      ________      ________      ________
 FLFAMILY       0.546
 MALE           0.000         0.125
 IMMI1GEN       0.000         0.000         0.014
 IMMI2GEN       0.000         0.000         0.000         0.020
 ESCS           0.000         0.000         0.000         0.000         0.592


     STARTING VALUES FOR BETWEEN CNTSCHID


           NU
              FLIT          FLSCHOOL      NOBULLY       FLFAMILY      EDUSHORT
              ________      ________      ________      ________      ________
                0.000         0.000         0.000         0.000         0.000


           NU
              STRATIO
              ________
                0.000


           LAMBDA
              FLIT          FLSCHOOL      NOBULLY       FLFAMILY      EDUSHORT
              ________      ________      ________      ________      ________
 FLIT           1.000         0.000         0.000         0.000         0.000
 FLSCHOOL       0.000         1.000         0.000         0.000         0.000
 NOBULLY        0.000         0.000         1.000         0.000         0.000
 FLFAMILY       0.000         0.000         0.000         1.000         0.000
 EDUSHORT       0.000         0.000         0.000         0.000         1.000
 STRATIO        0.000         0.000         0.000         0.000         0.000


           LAMBDA
              STRATIO
              ________
 FLIT           0.000
 FLSCHOOL       0.000
 NOBULLY        0.000
 FLFAMILY       0.000
 EDUSHORT       0.000
 STRATIO        1.000


           THETA
              FLIT          FLSCHOOL      NOBULLY       FLFAMILY      EDUSHORT
              ________      ________      ________      ________      ________
 FLIT           0.000
 FLSCHOOL       0.000         0.000
 NOBULLY        0.000         0.000         0.000
 FLFAMILY       0.000         0.000         0.000         0.000
 EDUSHORT       0.000         0.000         0.000         0.000         0.000
 STRATIO        0.000         0.000         0.000         0.000         0.000


           THETA
              STRATIO
              ________
 STRATIO        0.000


           ALPHA
              FLIT          FLSCHOOL      NOBULLY       FLFAMILY      EDUSHORT
              ________      ________      ________      ________      ________
                0.000         0.000         0.000         0.000         0.091


           ALPHA
              STRATIO
              ________
                0.000


           BETA
              FLIT          FLSCHOOL      NOBULLY       FLFAMILY      EDUSHORT
              ________      ________      ________      ________      ________
 FLIT           0.000         0.000         0.000         0.000         0.000
 FLSCHOOL       0.000         0.000         0.000         0.000         0.000
 NOBULLY        0.000         0.000         0.000         0.000         0.000
 FLFAMILY       0.000         0.000         0.000         0.000         0.000
 EDUSHORT       0.000         0.000         0.000         0.000         0.000
 STRATIO        0.000         0.000         0.000         0.000         0.000


           BETA
              STRATIO
              ________
 FLIT           0.000
 FLSCHOOL       0.000
 NOBULLY        0.000
 FLFAMILY       0.000
 EDUSHORT       0.000
 STRATIO        0.000


           PSI
              FLIT          FLSCHOOL      NOBULLY       FLFAMILY      EDUSHORT
              ________      ________      ________      ________      ________
 FLIT        5174.403
 FLSCHOOL       0.000         0.520
 NOBULLY        0.000         0.000         0.556
 FLFAMILY       0.000         0.000         0.000         0.546
 EDUSHORT       0.000         0.000         0.000         0.000         0.528
 STRATIO        0.000         0.000         0.000         0.000         0.000


           PSI
              STRATIO
              ________
 STRATIO       49.149


     STARTING VALUES FOR BETWEEN CNTRYID


           NU
              FLIT          FLSCHOOL      NOBULLY       FLFAMILY      FKI
              ________      ________      ________      ________      ________
                0.000         0.000         0.000         0.000         0.000


           LAMBDA
              FLIT          FLSCHOOL      NOBULLY       FLFAMILY      FKI
              ________      ________      ________      ________      ________
 FLIT           1.000         0.000         0.000         0.000         0.000
 FLSCHOOL       0.000         1.000         0.000         0.000         0.000
 NOBULLY        0.000         0.000         1.000         0.000         0.000
 FLFAMILY       0.000         0.000         0.000         1.000         0.000
 FKI            0.000         0.000         0.000         0.000         1.000


           THETA
              FLIT          FLSCHOOL      NOBULLY       FLFAMILY      FKI
              ________      ________      ________      ________      ________
 FLIT           0.000
 FLSCHOOL       0.000         0.000
 NOBULLY        0.000         0.000         0.000
 FLFAMILY       0.000         0.000         0.000         0.000
 FKI            0.000         0.000         0.000         0.000         0.000


           ALPHA
              FLIT          FLSCHOOL      NOBULLY       FLFAMILY      FKI
              ________      ________      ________      ________      ________
              477.910         0.019        -0.060         0.062         0.000


           BETA
              FLIT          FLSCHOOL      NOBULLY       FLFAMILY      FKI
              ________      ________      ________      ________      ________
 FLIT           0.000         0.000         0.000         0.000         0.000
 FLSCHOOL       0.000         0.000         0.000         0.000         0.000
 NOBULLY        0.000         0.000         0.000         0.000         0.000
 FLFAMILY       0.000         0.000         0.000         0.000         0.000
 FKI            0.000         0.000         0.000         0.000         0.000


           PSI
              FLIT          FLSCHOOL      NOBULLY       FLFAMILY      FKI
              ________      ________      ________      ________      ________
 FLIT        5174.403
 FLSCHOOL       0.000         0.520
 NOBULLY        0.000         0.000         0.556
 FLFAMILY       0.000         0.000         0.000         0.546
 FKI            0.000         0.000         0.000         0.000         0.025


     STARTING VALUES FOR THE ADDITIONAL PARAMETERS


           NEW/ADDITIONAL PARAMETERS
              TOTAL_A       DIRECT_A      INDIRE_A      IND_A_FM      IND_A_CF
              ________      ________      ________      ________      ________
                0.500         0.500         0.500         0.500         0.500


           NEW/ADDITIONAL PARAMETERS
              TOTAL_C       DIRECT_C      INDIRE_C      IND_C_FM      IND_C_CF
              ________      ________      ________      ________      ________
                0.500         0.500         0.500         0.500         0.500


           NEW/ADDITIONAL PARAMETERS
              TOTAL_S       DIRECT_S      INDIRE_S      IND_S_FM      IND_S_CF
              ________      ________      ________      ________      ________
                0.500         0.500         0.500         0.500         0.500


           NEW/ADDITIONAL PARAMETERS
              TOTAL_E       DIRECT_E      INDIRE_E      IND_E_FM      IND_E_CF
              ________      ________      ________      ________      ________
                0.500         0.500         0.500         0.500         0.500


           NEW/ADDITIONAL PARAMETERS
              INDIRE_I      IND_I_FM      IND_I_CF      INDIRE_M      IND_M_FM
              ________      ________      ________      ________      ________
                0.500         0.500         0.500         0.500         0.500


           NEW/ADDITIONAL PARAMETERS
              IND_M_CF
              ________
                0.500


THE FOLLOWING DATA SET(S) DID NOT RESULT IN A COMPLETED REPLICATION:

  C:\Users\tctan\finlit4.dat
  C:\Users\tctan\finlit10.dat


TECHNICAL 9 OUTPUT


Errors for replication with data file C:\Users\tctan\finlit1.dat:

     THE STANDARD ERRORS OF THE MODEL PARAMETER ESTIMATES MAY NOT BE
     TRUSTWORTHY FOR SOME PARAMETERS DUE TO A NON-POSITIVE DEFINITE
     FIRST-ORDER DERIVATIVE PRODUCT MATRIX.  THIS MAY BE DUE TO THE STARTING
     VALUES BUT MAY ALSO BE AN INDICATION OF MODEL NONIDENTIFICATION.  THE
     CONDITION NUMBER IS      -0.361D-16.  PROBLEM INVOLVING THE FOLLOWING PARAMETER:
     Parameter 21, %WITHIN%: FLCONFIN ON NOBULLY (equality/label)

     THE NONIDENTIFICATION IS MOST LIKELY DUE TO HAVING MORE PARAMETERS THAN THE
     NUMBER OF LEVEL 3 CLUSTERS. REDUCE THE NUMBER OF PARAMETERS.


THE MODEL ESTIMATION TERMINATED NORMALLY

Errors for replication with data file C:\Users\tctan\finlit2.dat:

     THE STANDARD ERRORS OF THE MODEL PARAMETER ESTIMATES MAY NOT BE
     TRUSTWORTHY FOR SOME PARAMETERS DUE TO A NON-POSITIVE DEFINITE
     FIRST-ORDER DERIVATIVE PRODUCT MATRIX.  THIS MAY BE DUE TO THE STARTING
     VALUES BUT MAY ALSO BE AN INDICATION OF MODEL NONIDENTIFICATION.  THE
     CONDITION NUMBER IS      -0.230D-17.  PROBLEM INVOLVING THE FOLLOWING PARAMETER:
     Parameter 21, %WITHIN%: FLCONFIN ON NOBULLY (equality/label)

     THE NONIDENTIFICATION IS MOST LIKELY DUE TO HAVING MORE PARAMETERS THAN THE
     NUMBER OF LEVEL 3 CLUSTERS. REDUCE THE NUMBER OF PARAMETERS.


THE MODEL ESTIMATION TERMINATED NORMALLY

Errors for replication with data file C:\Users\tctan\finlit3.dat:

     THE STANDARD ERRORS OF THE MODEL PARAMETER ESTIMATES MAY NOT BE
     TRUSTWORTHY FOR SOME PARAMETERS DUE TO A NON-POSITIVE DEFINITE
     FIRST-ORDER DERIVATIVE PRODUCT MATRIX.  THIS MAY BE DUE TO THE STARTING
     VALUES BUT MAY ALSO BE AN INDICATION OF MODEL NONIDENTIFICATION.  THE
     CONDITION NUMBER IS      -0.302D-16.  PROBLEM INVOLVING THE FOLLOWING PARAMETER:
     Parameter 21, %WITHIN%: FLCONFIN ON NOBULLY (equality/label)

     THE NONIDENTIFICATION IS MOST LIKELY DUE TO HAVING MORE PARAMETERS THAN THE
     NUMBER OF LEVEL 3 CLUSTERS. REDUCE THE NUMBER OF PARAMETERS.


THE MODEL ESTIMATION TERMINATED NORMALLY

Errors for replication with data file C:\Users\tctan\finlit4.dat:

     THE MODEL ESTIMATION DID NOT TERMINATE NORMALLY DUE TO AN ILL-CONDITIONED
     FISHER INFORMATION MATRIX.  CHANGE YOUR MODEL AND/OR STARTING VALUES.

     THE MODEL ESTIMATION DID NOT TERMINATE NORMALLY DUE TO A NON-POSITIVE
     DEFINITE FISHER INFORMATION MATRIX.  THIS MAY BE DUE TO THE STARTING VALUES
     BUT MAY ALSO BE AN INDICATION OF MODEL NONIDENTIFICATION.  THE CONDITION
     NUMBER IS       0.713D-10.

     THE STANDARD ERRORS OF THE MODEL PARAMETER ESTIMATES COULD NOT BE
     COMPUTED.  THIS IS OFTEN DUE TO THE STARTING VALUES BUT MAY ALSO BE
     AN INDICATION OF MODEL NONIDENTIFICATION.  CHANGE YOUR MODEL AND/OR
     STARTING VALUES.  PROBLEM INVOLVING THE FOLLOWING PARAMETER:
     Parameter 47, %BETWEEN CNTSCHID%: FLIT ON FLFAMILY


Errors for replication with data file C:\Users\tctan\finlit5.dat:

     THE STANDARD ERRORS OF THE MODEL PARAMETER ESTIMATES MAY NOT BE
     TRUSTWORTHY FOR SOME PARAMETERS DUE TO A NON-POSITIVE DEFINITE
     FIRST-ORDER DERIVATIVE PRODUCT MATRIX.  THIS MAY BE DUE TO THE STARTING
     VALUES BUT MAY ALSO BE AN INDICATION OF MODEL NONIDENTIFICATION.  THE
     CONDITION NUMBER IS      -0.989D-18.  PROBLEM INVOLVING THE FOLLOWING PARAMETER:
     Parameter 21, %WITHIN%: FLCONFIN ON NOBULLY (equality/label)

     THE NONIDENTIFICATION IS MOST LIKELY DUE TO HAVING MORE PARAMETERS THAN THE
     NUMBER OF LEVEL 3 CLUSTERS. REDUCE THE NUMBER OF PARAMETERS.


THE MODEL ESTIMATION TERMINATED NORMALLY

Errors for replication with data file C:\Users\tctan\finlit6.dat:

     THE STANDARD ERRORS OF THE MODEL PARAMETER ESTIMATES MAY NOT BE
     TRUSTWORTHY FOR SOME PARAMETERS DUE TO A NON-POSITIVE DEFINITE
     FIRST-ORDER DERIVATIVE PRODUCT MATRIX.  THIS MAY BE DUE TO THE STARTING
     VALUES BUT MAY ALSO BE AN INDICATION OF MODEL NONIDENTIFICATION.  THE
     CONDITION NUMBER IS      -0.183D-16.  PROBLEM INVOLVING THE FOLLOWING PARAMETER:
     Parameter 21, %WITHIN%: FLCONFIN ON NOBULLY (equality/label)

     THE NONIDENTIFICATION IS MOST LIKELY DUE TO HAVING MORE PARAMETERS THAN THE
     NUMBER OF LEVEL 3 CLUSTERS. REDUCE THE NUMBER OF PARAMETERS.


THE MODEL ESTIMATION TERMINATED NORMALLY

Errors for replication with data file C:\Users\tctan\finlit7.dat:

     THE STANDARD ERRORS OF THE MODEL PARAMETER ESTIMATES MAY NOT BE
     TRUSTWORTHY FOR SOME PARAMETERS DUE TO A NON-POSITIVE DEFINITE
     FIRST-ORDER DERIVATIVE PRODUCT MATRIX.  THIS MAY BE DUE TO THE STARTING
     VALUES BUT MAY ALSO BE AN INDICATION OF MODEL NONIDENTIFICATION.  THE
     CONDITION NUMBER IS      -0.444D-16.  PROBLEM INVOLVING THE FOLLOWING PARAMETER:
     Parameter 21, %WITHIN%: FLCONFIN ON NOBULLY (equality/label)

     THE NONIDENTIFICATION IS MOST LIKELY DUE TO HAVING MORE PARAMETERS THAN THE
     NUMBER OF LEVEL 3 CLUSTERS. REDUCE THE NUMBER OF PARAMETERS.


THE MODEL ESTIMATION TERMINATED NORMALLY

Errors for replication with data file C:\Users\tctan\finlit8.dat:

     THE STANDARD ERRORS OF THE MODEL PARAMETER ESTIMATES MAY NOT BE
     TRUSTWORTHY FOR SOME PARAMETERS DUE TO A NON-POSITIVE DEFINITE
     FIRST-ORDER DERIVATIVE PRODUCT MATRIX.  THIS MAY BE DUE TO THE STARTING
     VALUES BUT MAY ALSO BE AN INDICATION OF MODEL NONIDENTIFICATION.  THE
     CONDITION NUMBER IS      -0.464D-16.  PROBLEM INVOLVING THE FOLLOWING PARAMETER:
     Parameter 21, %WITHIN%: FLCONFIN ON NOBULLY (equality/label)

     THE NONIDENTIFICATION IS MOST LIKELY DUE TO HAVING MORE PARAMETERS THAN THE
     NUMBER OF LEVEL 3 CLUSTERS. REDUCE THE NUMBER OF PARAMETERS.


THE MODEL ESTIMATION TERMINATED NORMALLY

Errors for replication with data file C:\Users\tctan\finlit9.dat:

     THE STANDARD ERRORS OF THE MODEL PARAMETER ESTIMATES MAY NOT BE
     TRUSTWORTHY FOR SOME PARAMETERS DUE TO A NON-POSITIVE DEFINITE
     FIRST-ORDER DERIVATIVE PRODUCT MATRIX.  THIS MAY BE DUE TO THE STARTING
     VALUES BUT MAY ALSO BE AN INDICATION OF MODEL NONIDENTIFICATION.  THE
     CONDITION NUMBER IS      -0.230D-16.  PROBLEM INVOLVING THE FOLLOWING PARAMETER:
     Parameter 21, %WITHIN%: FLCONFIN ON NOBULLY (equality/label)

     THE NONIDENTIFICATION IS MOST LIKELY DUE TO HAVING MORE PARAMETERS THAN THE
     NUMBER OF LEVEL 3 CLUSTERS. REDUCE THE NUMBER OF PARAMETERS.


THE MODEL ESTIMATION TERMINATED NORMALLY

Errors for replication with data file C:\Users\tctan\finlit10.dat:

     THE MODEL ESTIMATION DID NOT TERMINATE NORMALLY DUE TO AN ILL-CONDITIONED
     FISHER INFORMATION MATRIX.  CHANGE YOUR MODEL AND/OR STARTING VALUES.

     THE MODEL ESTIMATION DID NOT TERMINATE NORMALLY DUE TO A NON-POSITIVE
     DEFINITE FISHER INFORMATION MATRIX.  THIS MAY BE DUE TO THE STARTING VALUES
     BUT MAY ALSO BE AN INDICATION OF MODEL NONIDENTIFICATION.  THE CONDITION
     NUMBER IS       0.747D-10.

     THE STANDARD ERRORS OF THE MODEL PARAMETER ESTIMATES COULD NOT BE
     COMPUTED.  THIS IS OFTEN DUE TO THE STARTING VALUES BUT MAY ALSO BE
     AN INDICATION OF MODEL NONIDENTIFICATION.  CHANGE YOUR MODEL AND/OR
     STARTING VALUES.  PROBLEM INVOLVING THE FOLLOWING PARAMETER:
     Parameter 47, %BETWEEN CNTSCHID%: FLIT ON FLFAMILY



     Beginning Time:  21:06:42
        Ending Time:  21:57:13
       Elapsed Time:  00:50:31



MUTHEN & MUTHEN
3463 Stoner Ave.
Los Angeles, CA  90066

Tel: (310) 391-9971
Fax: (310) 391-8971
Web: www.StatModel.com
Support: Support@StatModel.com

Copyright (c) 1998-2019 Muthen & Muthen
